<!DOCTYPE html>
<html>
<!-- Jinja template for reports of individual builds

  Copyright 2016 Kareem Khazem. All Rights Reserved.
  Licensed under the Apache License, Version 2.0 (the "License");
  you may not use this file except in compliance with the License.
  You may obtain a copy of the License at

 		 http://www.apache.org/licenses/LICENSE-2.0

  Unless required by applicable law or agreed to in writing, software
  distributed under the License is distributed on an "AS IS" BASIS,
  WITHOUT WARRANTIES OR CONDITIONS OF ANY KIND, either express or
  implied.
  See the License for the specific language governing permissions and
  limitations under the License.
-->
  <head>
    <meta charset="UTF-8">
    <title>vanilla/netwatch</title>
    <link href='https://fonts.googleapis.com/css?family=Roboto:400,900'
          rel='stylesheet' type='text/css'>
    <link
    href='https://fonts.googleapis.com/css?family=Source+Code+Pro:400,700'
          rel='stylesheet' type='text/css'>
    <link href="../style.css" type="text/css" rel="stylesheet">
  </head>
  <body>
    <h1>Build of netwatch
        with <a href="../index.html">vanilla</a>
        toolchain</h1>
    <p>The build took 00h 00m 51s and was
    SUCCESSFUL.
    
    
    </p>
    
    
    
    <h2>List of Errors</h2>
    <ul>
      
      <li>missing_header
        <ul>
          
          <li><a href="#225">configure:1243:28: fatal error: netinet/ip_tcp.h: No such file or directory</a></li>
          
          <li><a href="#235">configure:1323:28: fatal error: netinet/ip_udp.h: No such file or directory</a></li>
          
          <li><a href="#247">configure:1443:28: fatal error: netinet/socket.h: No such file or directory</a></li>
          
          <li><a href="#263">configure:1563:28: fatal error: ncurses/curses.h: No such file or directory</a></li>
          
          <li><a href="#277">configure:1763:27: fatal error: sys/if_packet.h: No such file or directory</a></li>
          
        </ul>
      </li>
      
    </ul>
    
    <h2>Log</h2>
    
      <div class="block">
        <div class="info">
          <code>Found permanent source directory in /sources/netwatch</code>
        </div>
        
      </div>
      <br />
    
      <div class="block">
        <div class="info">
          <code>Removed vanilla repositories from pacman.conf and added:</code>
        </div>
        
          <div class="output">
            
            <a class="navhash" href="#1">#</a>
						
              <code id="1">[tuscan]</code><br />
						
            
            <a class="navhash" href="#2">#</a>
						
              <code id="2">Server = file:///var/cache/pacman/pkg/</code><br />
						
            
          </div>
        
      </div>
      <br />
    
      <div class="block">
        <div class="command">
          <code><span class="prompt">CMD: </span>pacman -Syy --noconfirm</code>
        </div>
        
          <div class="output">
            
            <a class="navhash" href="#3">#</a>
						
              <code id="3">:: Synchronizing package databases...</code><br />
						
            
            <a class="navhash" href="#4">#</a>
						
              <code id="4">downloading tuscan.db...</code><br />
						
            
          </div>
        
      </div>
      <br />
    
      <div class="block">
        <div class="command">
          <code><span class="prompt">CMD: </span>sudo -u tuscan  bear makepkg --noextract --syncdeps --skipinteg --skippgpcheck --skipchecksums --noconfirm --nocolor --log --noprogressbar --nocheck</code>
        </div>
        
          <div class="output">
            
            <a class="navhash" href="#5">#</a>
						
              <code id="5">==> Making package: netwatch 1.3.1_2-1 (Tue Jun 14 07:30:03 UTC 2016)</code><br />
						
            
            <a class="navhash" href="#6">#</a>
						
              <code id="6">==> Checking runtime dependencies...</code><br />
						
            
            <a class="navhash" href="#7">#</a>
						
              <code id="7">==> Checking buildtime dependencies...</code><br />
						
            
            <a class="navhash" href="#8">#</a>
						
              <code id="8">==> WARNING: Using existing $srcdir/ tree</code><br />
						
            
            <a class="navhash" href="#9">#</a>
						
              <code id="9">==> Starting build()...</code><br />
						
            
            <a class="navhash" href="#10">#</a>
						
              <code id="10">creating cache ./config.cache</code><br />
						
            
            <a class="navhash" href="#11">#</a>
						
              <code id="11">checking for gcc... gcc</code><br />
						
            
            <a class="navhash" href="#12">#</a>
						
              <code id="12">checking whether the C compiler (gcc  ) works... yes</code><br />
						
            
            <a class="navhash" href="#13">#</a>
						
              <code id="13">checking whether the C compiler (gcc  ) is a cross-compiler... no</code><br />
						
            
            <a class="navhash" href="#14">#</a>
						
              <code id="14">checking whether we are using GNU C... yes</code><br />
						
            
            <a class="navhash" href="#15">#</a>
						
              <code id="15">checking whether gcc -O2 accepts -g... yes</code><br />
						
            
            <a class="navhash" href="#16">#</a>
						
              <code id="16">checking for mvchgat in -lncurses... yes</code><br />
						
            
            <a class="navhash" href="#17">#</a>
						
              <code id="17">checking for pthread_create in -lpthread... yes</code><br />
						
            
            <a class="navhash" href="#18">#</a>
						
              <code id="18">checking how to run the C preprocessor... gcc -O2 -E</code><br />
						
            
            <a class="navhash" href="#19">#</a>
						
              <code id="19">checking for ANSI C header files... yes</code><br />
						
            
            <a class="navhash" href="#20">#</a>
						
              <code id="20">checking for sys/wait.h that is POSIX.1 compatible... yes</code><br />
						
            
            <a class="navhash" href="#21">#</a>
						
              <code id="21">checking for fcntl.h... yes</code><br />
						
            
            <a class="navhash" href="#22">#</a>
						
              <code id="22">checking for strings.h... yes</code><br />
						
            
            <a class="navhash" href="#23">#</a>
						
              <code id="23">checking for sys/ioctl.h... yes</code><br />
						
            
            <a class="navhash" href="#24">#</a>
						
              <code id="24">checking for sys/time.h... yes</code><br />
						
            
            <a class="navhash" href="#25">#</a>
						
              <code id="25">checking for unistd.h... yes</code><br />
						
            
            <a class="navhash" href="#26">#</a>
						
              <code id="26">checking for netinet/ip_icmp.h... yes</code><br />
						
            
            <a class="navhash" href="#27">#</a>
						
              <code id="27">checking for netinet/ip.h... yes</code><br />
						
            
            <a class="navhash" href="#28">#</a>
						
              <code id="28">checking for netinet/tcp.h... yes</code><br />
						
            
            <a class="navhash" href="#29">#</a>
						
              <code id="29">checking for netinet/ip_tcp.h... no</code><br />
						
            
            <a class="navhash" href="#30">#</a>
						
              <code id="30">checking for netinet/udp.h... yes</code><br />
						
            
            <a class="navhash" href="#31">#</a>
						
              <code id="31">checking for netinet/ip_udp.h... no</code><br />
						
            
            <a class="navhash" href="#32">#</a>
						
              <code id="32">checking for netinet/if_ether.h... yes</code><br />
						
            
            <a class="navhash" href="#33">#</a>
						
              <code id="33">checking for netinet/in.h... yes</code><br />
						
            
            <a class="navhash" href="#34">#</a>
						
              <code id="34">checking for netinet/socket.h... no</code><br />
						
            
            <a class="navhash" href="#35">#</a>
						
              <code id="35">checking for net/if.h... yes</code><br />
						
            
            <a class="navhash" href="#36">#</a>
						
              <code id="36">checking for net/if_ppp.h... yes</code><br />
						
            
            <a class="navhash" href="#37">#</a>
						
              <code id="37">checking for netinet/if_ether.h... (cached) yes</code><br />
						
            
            <a class="navhash" href="#38">#</a>
						
              <code id="38">checking for netinet/in.h... (cached) yes</code><br />
						
            
            <a class="navhash" href="#39">#</a>
						
              <code id="39">checking for ncurses.h... yes</code><br />
						
            
            <a class="navhash" href="#40">#</a>
						
              <code id="40">checking for ncurses/curses.h... no</code><br />
						
            
            <a class="navhash" href="#41">#</a>
						
              <code id="41">checking for ncurses.h... (cached) yes</code><br />
						
            
            <a class="navhash" href="#42">#</a>
						
              <code id="42">checking for pthread.h... yes</code><br />
						
            
            <a class="navhash" href="#43">#</a>
						
              <code id="43">checking for ncurses/curses.h... (cached) no</code><br />
						
            
            <a class="navhash" href="#44">#</a>
						
              <code id="44">checking for curses.h... yes</code><br />
						
            
            <a class="navhash" href="#45">#</a>
						
              <code id="45">checking for sys/if_packet.h... no</code><br />
						
            
            <a class="navhash" href="#46">#</a>
						
              <code id="46">checking for linux/if_packet.h... yes</code><br />
						
            
            <a class="navhash" href="#47">#</a>
						
              <code id="47">checking for net/if_packet.h... yes</code><br />
						
            
            <a class="navhash" href="#48">#</a>
						
              <code id="48">checking for pid_t... yes</code><br />
						
            
            <a class="navhash" href="#49">#</a>
						
              <code id="49">checking whether time.h and sys/time.h may both be included... yes</code><br />
						
            
            <a class="navhash" href="#50">#</a>
						
              <code id="50">checking whether gcc -O2 needs -traditional... no</code><br />
						
            
            <a class="navhash" href="#51">#</a>
						
              <code id="51">checking for 8-bit clean memcmp... yes</code><br />
						
            
            <a class="navhash" href="#52">#</a>
						
              <code id="52">checking return type of signal handlers... void</code><br />
						
            
            <a class="navhash" href="#53">#</a>
						
              <code id="53">checking for select... yes</code><br />
						
            
            <a class="navhash" href="#54">#</a>
						
              <code id="54">checking for socket... yes</code><br />
						
            
            <a class="navhash" href="#55">#</a>
						
              <code id="55">checking for strstr... yes</code><br />
						
            
            <a class="navhash" href="#56">#</a>
						
              <code id="56">checking for uname... yes</code><br />
						
            
            <a class="navhash" href="#57">#</a>
						
              <code id="57">updating cache ./config.cache</code><br />
						
            
            <a class="navhash" href="#58">#</a>
						
              <code id="58">creating ./config.status</code><br />
						
            
            <a class="navhash" href="#59">#</a>
						
              <code id="59">creating Makefile</code><br />
						
            
            <a class="navhash" href="#60">#</a>
						
              <code id="60">creating Make.common</code><br />
						
            
            <a class="navhash" href="#61">#</a>
						
              <code id="61">creating config.h</code><br />
						
            
            <a class="navhash" href="#62">#</a>
						
              <code id="62">gcc  -c  curs.c</code><br />
						
            
            <a class="navhash" href="#63">#</a>
						
              <code id="63">gcc  -c  dispdata.c</code><br />
						
            
            <a class="navhash" href="#64">#</a>
						
              <code id="64">gcc -g -c services.c</code><br />
						
            
            <a class="navhash" href="#65">#</a>
						
              <code id="65">dispdata.c: In function 'dispdata':</code><br />
						
            
            <a class="navhash" href="#66">#</a>
						
              <code id="66">dispdata.c:616:2: warning: implicit declaration of function 'setuphelp' [-Wimplicit-function-declaration]</code><br />
						
            
            <a class="navhash" href="#67">#</a>
						
              <code id="67">  setuphelp();</code><br />
						
            
            <a class="navhash" href="#68">#</a>
						
              <code id="68">  ^</code><br />
						
            
            <a class="navhash" href="#69">#</a>
						
              <code id="69">dispdata.c:657:2: warning: implicit declaration of function 'dokeyin' [-Wimplicit-function-declaration]</code><br />
						
            
            <a class="navhash" href="#70">#</a>
						
              <code id="70">  dokeyin ('l');</code><br />
						
            
            <a class="navhash" href="#71">#</a>
						
              <code id="71">  ^</code><br />
						
            
            <a class="navhash" href="#72">#</a>
						
              <code id="72">dispdata.c:740:7: warning: implicit declaration of function 'uthread_wait' [-Wimplicit-function-declaration]</code><br />
						
            
            <a class="navhash" href="#73">#</a>
						
              <code id="73">       uthread_wait(1000);</code><br />
						
            
            <a class="navhash" href="#74">#</a>
						
              <code id="74">       ^</code><br />
						
            
            <a class="navhash" href="#75">#</a>
						
              <code id="75">gcc -DVERSION='"1.3.1"' -DRELEASE='"2"'  -c netwatch.c</code><br />
						
            
            <a class="navhash" href="#76">#</a>
						
              <code id="76">netwatch.c: In function 'do_fifo':</code><br />
						
            
            <a class="navhash" href="#77">#</a>
						
              <code id="77">netwatch.c:675:4: warning: implicit declaration of function 'dokeyin' [-Wimplicit-function-declaration]</code><br />
						
            
            <a class="navhash" href="#78">#</a>
						
              <code id="78">    dokeyin (keycomm[i]);</code><br />
						
            
            <a class="navhash" href="#79">#</a>
						
              <code id="79">    ^</code><br />
						
            
            <a class="navhash" href="#80">#</a>
						
              <code id="80">netwatch.c: In function 'intrhandle':</code><br />
						
            
            <a class="navhash" href="#81">#</a>
						
              <code id="81">netwatch.c:1168:5: warning: implicit declaration of function 'gh' [-Wimplicit-function-declaration]</code><br />
						
            
            <a class="navhash" href="#82">#</a>
						
              <code id="82">     gh (3);</code><br />
						
            
            <a class="navhash" href="#83">#</a>
						
              <code id="83">     ^</code><br />
						
            
            <a class="navhash" href="#84">#</a>
						
              <code id="84">netwatch.c: In function 'all_netins':</code><br />
						
            
            <a class="navhash" href="#85">#</a>
						
              <code id="85">netwatch.c:1885:12: warning: implicit declaration of function 'doeth' [-Wimplicit-function-declaration]</code><br />
						
            
            <a class="navhash" href="#86">#</a>
						
              <code id="86">     while (doeth()>=0)</code><br />
						
            
            <a class="navhash" href="#87">#</a>
						
              <code id="87">            ^</code><br />
						
            
            <a class="navhash" href="#88">#</a>
						
              <code id="88">netwatch.c: In function 'fixstr':</code><br />
						
            
            <a class="navhash" href="#89">#</a>
						
              <code id="89">netwatch.c:2655:9: warning: implicit declaration of function 'isalnum' [-Wimplicit-function-declaration]</code><br />
						
            
            <a class="navhash" href="#90">#</a>
						
              <code id="90">     if (isalnum (*s) || isspace (*s) || ispunct (*s))</code><br />
						
            
            <a class="navhash" href="#91">#</a>
						
              <code id="91">         ^</code><br />
						
            
            <a class="navhash" href="#92">#</a>
						
              <code id="92">netwatch.c:2655:25: warning: implicit declaration of function 'isspace' [-Wimplicit-function-declaration]</code><br />
						
            
            <a class="navhash" href="#93">#</a>
						
              <code id="93">     if (isalnum (*s) || isspace (*s) || ispunct (*s))</code><br />
						
            
            <a class="navhash" href="#94">#</a>
						
              <code id="94">                         ^</code><br />
						
            
            <a class="navhash" href="#95">#</a>
						
              <code id="95">netwatch.c:2655:41: warning: implicit declaration of function 'ispunct' [-Wimplicit-function-declaration]</code><br />
						
            
            <a class="navhash" href="#96">#</a>
						
              <code id="96">     if (isalnum (*s) || isspace (*s) || ispunct (*s))</code><br />
						
            
            <a class="navhash" href="#97">#</a>
						
              <code id="97">                                         ^</code><br />
						
            
            <a class="navhash" href="#98">#</a>
						
              <code id="98">netwatch.c: In function 'dokeyin':</code><br />
						
            
            <a class="navhash" href="#99">#</a>
						
              <code id="99">netwatch.c:3973:9: warning: implicit declaration of function 'isdigit' [-Wimplicit-function-declaration]</code><br />
						
            
            <a class="navhash" href="#100">#</a>
						
              <code id="100">     if (isdigit (in_char))</code><br />
						
            
            <a class="navhash" href="#101">#</a>
						
              <code id="101">         ^</code><br />
						
            
            <a class="navhash" href="#102">#</a>
						
              <code id="102">gcc  -c  processinetrc.c</code><br />
						
            
            <a class="navhash" href="#103">#</a>
						
              <code id="103">gcc  -c  gh.c</code><br />
						
            
            <a class="navhash" href="#104">#</a>
						
              <code id="104">gcc  -c  warning.c</code><br />
						
            
            <a class="navhash" href="#105">#</a>
						
              <code id="105">warning.c: In function 'warning':</code><br />
						
            
            <a class="navhash" href="#106">#</a>
						
              <code id="106">warning.c:40:7: warning: implicit declaration of function 'time' [-Wimplicit-function-declaration]</code><br />
						
            
            <a class="navhash" href="#107">#</a>
						
              <code id="107">  dt = time(0);</code><br />
						
            
            <a class="navhash" href="#108">#</a>
						
              <code id="108">       ^</code><br />
						
            
            <a class="navhash" href="#109">#</a>
						
              <code id="109">warning.c:47:12: warning: implicit declaration of function 'ctime' [-Wimplicit-function-declaration]</code><br />
						
            
            <a class="navhash" href="#110">#</a>
						
              <code id="110">    version,ctime(&dt));</code><br />
						
            
            <a class="navhash" href="#111">#</a>
						
              <code id="111">            ^</code><br />
						
            
            <a class="navhash" href="#112">#</a>
						
              <code id="112">warning.c:61:4: warning: implicit declaration of function 'system' [-Wimplicit-function-declaration]</code><br />
						
            
            <a class="navhash" href="#113">#</a>
						
              <code id="113">    system(command);</code><br />
						
            
            <a class="navhash" href="#114">#</a>
						
              <code id="114">    ^</code><br />
						
            
            <a class="navhash" href="#115">#</a>
						
              <code id="115">warning.c:63:3: warning: implicit declaration of function 'unlink' [-Wimplicit-function-declaration]</code><br />
						
            
            <a class="navhash" href="#116">#</a>
						
              <code id="116">   unlink(tmpname);</code><br />
						
            
            <a class="navhash" href="#117">#</a>
						
              <code id="117">   ^</code><br />
						
            
            <a class="navhash" href="#118">#</a>
						
              <code id="118">gcc  -c  semaphore.c</code><br />
						
            
            <a class="navhash" href="#119">#</a>
						
              <code id="119">gcc  -c  netresolv.c</code><br />
						
            
            <a class="navhash" href="#120">#</a>
						
              <code id="120">gcc -o netresolv  netresolv.o </code><br />
						
            
            <a class="navhash" href="#121">#</a>
						
              <code id="121">gcc -DVERSION='"1.3.1"' -DRELEASE='"2"' -o netwatch  curs.o dispdata.o services.o netwatch.o processinetrc.o gh.o warning.o semaphore.o -lpthread -lncurses </code><br />
						
            
            <a class="navhash" href="#122">#</a>
						
              <code id="122">==> Entering fakeroot environment...</code><br />
						
            
            <a class="navhash" href="#123">#</a>
						
              <code id="123">==> Starting package()...</code><br />
						
            
            <a class="navhash" href="#124">#</a>
						
              <code id="124">==> Tidying install...</code><br />
						
            
            <a class="navhash" href="#125">#</a>
						
              <code id="125">  -> Removing doc files...</code><br />
						
            
            <a class="navhash" href="#126">#</a>
						
              <code id="126">  -> Purging unwanted files...</code><br />
						
            
            <a class="navhash" href="#127">#</a>
						
              <code id="127">  -> Compressing man and info pages...</code><br />
						
            
            <a class="navhash" href="#128">#</a>
						
              <code id="128">==> Checking for packaging issue...</code><br />
						
            
            <a class="navhash" href="#129">#</a>
						
              <code id="129">==> Creating package "netwatch"...</code><br />
						
            
            <a class="navhash" href="#130">#</a>
						
              <code id="130">  -> Generating .PKGINFO file...</code><br />
						
            
            <a class="navhash" href="#131">#</a>
						
              <code id="131">  -> Generating .BUILDINFO file...</code><br />
						
            
            <a class="navhash" href="#132">#</a>
						
              <code id="132">error: invalid option '--noprogressbar'</code><br />
						
            
            <a class="navhash" href="#133">#</a>
						
              <code id="133">  -> Generating .MTREE file...</code><br />
						
            
            <a class="navhash" href="#134">#</a>
						
              <code id="134">  -> Compressing package...</code><br />
						
            
            <a class="navhash" href="#135">#</a>
						
              <code id="135">==> Leaving fakeroot environment.</code><br />
						
            
            <a class="navhash" href="#136">#</a>
						
              <code id="136">==> Finished making: netwatch 1.3.1_2-1 (Tue Jun 14 07:30:10 UTC 2016)</code><br />
						
            
          </div>
        
      </div>
      <br />
    
      <div class="block">
        <div class="command">
          <code><span class="prompt">CMD: </span>pacman --query --file netwatch-1.3.1_2-1-x86_64.pkg.tar.xz</code>
        </div>
        
          <div class="output">
            
            <a class="navhash" href="#137">#</a>
						
              <code id="137">netwatch 1.3.1_2-1</code><br />
						
            
          </div>
        
      </div>
      <br />
    
      <div class="block">
        <div class="info">
          <code>Creating hybrid package for 'netwatch'</code>
        </div>
        
      </div>
      <br />
    
      <div class="block">
        <div class="info">
          <code>Trying to find vanilla package 'netwatch'...</code>
        </div>
        
      </div>
      <br />
    
      <div class="block">
        <div class="command">
          <code><span class="prompt">CMD: </span>pacman --query --file /mirror/community/os/x86_64/netwatch-1.3.1_2-1-x86_64.pkg.tar.xz</code>
        </div>
        
          <div class="output">
            
            <a class="navhash" href="#138">#</a>
						
              <code id="138">netwatch 1.3.1_2-1</code><br />
						
            
          </div>
        
      </div>
      <br />
    
      <div class="block">
        <div class="info">
          <code>Package file has the following structure:</code>
        </div>
        
          <div class="output">
            
            <a class="navhash" href="#139">#</a>
						
              <code id="139">/.PKGINFO</code><br />
						
            
            <a class="navhash" href="#140">#</a>
						
              <code id="140">/.BUILDINFO</code><br />
						
            
            <a class="navhash" href="#141">#</a>
						
              <code id="141">/.MTREE</code><br />
						
            
            <a class="navhash" href="#142">#</a>
						
              <code id="142">/usr/bin/netwatch</code><br />
						
            
            <a class="navhash" href="#143">#</a>
						
              <code id="143">/usr/bin/netresolv</code><br />
						
            
            <a class="navhash" href="#144">#</a>
						
              <code id="144">/usr/share/man/man1/netwatch.1.gz</code><br />
						
            
          </div>
        
      </div>
      <br />
    
      <div class="block">
        <div class="info">
          <code>Generating .MTREE</code>
        </div>
        
      </div>
      <br />
    
      <div class="block">
        <div class="command">
          <code><span class="prompt">CMD: </span>bsdtar -czf .MTREE --format=mtree --options=!all,use-set,type,uid,mode,time,size,md5,sha256,link .PKGINFO .BUILDINFO usr</code>
        </div>
        
      </div>
      <br />
    
      <div class="block">
        <div class="info">
          <code>Tar-ing up files</code>
        </div>
        
      </div>
      <br />
    
      <div class="block">
        <div class="command">
          <code><span class="prompt">CMD: </span>bsdtar -cf - .PKGINFO .BUILDINFO usr .MTREE</code>
        </div>
        
      </div>
      <br />
    
      <div class="block">
        <div class="command">
          <code><span class="prompt">CMD: </span>xz -c -z</code>
        </div>
        
      </div>
      <br />
    
      <div class="block">
        <div class="info">
          <code>Successfully ran bsdtar -cf - .PKGINFO .BUILDINFO usr .MTREE | xz -c -z</code>
        </div>
        
      </div>
      <br />
    
      <div class="block">
        <div class="command">
          <code><span class="prompt">CMD: </span>bsdtar -tqf netwatch.pkg.tar.xz .PKGINFO</code>
        </div>
        
          <div class="output">
            
            <a class="navhash" href="#145">#</a>
						
              <code id="145">.PKGINFO</code><br />
						
            
          </div>
        
      </div>
      <br />
    
      <div class="block">
        <div class="info">
          <code>Created package at path /var/cache/pacman/pkg/netwatch.pkg.tar.xz</code>
        </div>
        
      </div>
      <br />
    
      <div class="block">
        <div class="info">
          <code>Attempting to access local repository, attempt 1</code>
        </div>
        
      </div>
      <br />
    
      <div class="block">
        <div class="command">
          <code><span class="prompt">CMD: </span>repo-add /var/cache/pacman/pkg/tuscan.db.tar /var/cache/pacman/pkg/netwatch.pkg.tar.xz</code>
        </div>
        
          <div class="output">
            
            <a class="navhash" href="#146">#</a>
						
              <code id="146">==> ERROR: Failed to acquire lockfile: /var/cache/pacman/pkg/tuscan.db.tar.lck.</code><br />
						
            
            <a class="navhash" href="#147">#</a>
						
              <code id="147">==> ERROR: Held by process 430</code><br />
						
            
          </div>
        
      </div>
      <br />
    
      <div class="block">
        <div class="info">
          <code>Attempting to access local repository, attempt 2</code>
        </div>
        
      </div>
      <br />
    
      <div class="block">
        <div class="command">
          <code><span class="prompt">CMD: </span>repo-add /var/cache/pacman/pkg/tuscan.db.tar /var/cache/pacman/pkg/netwatch.pkg.tar.xz</code>
        </div>
        
          <div class="output">
            
            <a class="navhash" href="#148">#</a>
						
              <code id="148">==> ERROR: Failed to acquire lockfile: /var/cache/pacman/pkg/tuscan.db.tar.lck.</code><br />
						
            
            <a class="navhash" href="#149">#</a>
						
              <code id="149">==> ERROR: Held by process 430</code><br />
						
            
          </div>
        
      </div>
      <br />
    
      <div class="block">
        <div class="info">
          <code>Attempting to access local repository, attempt 3</code>
        </div>
        
      </div>
      <br />
    
      <div class="block">
        <div class="command">
          <code><span class="prompt">CMD: </span>repo-add /var/cache/pacman/pkg/tuscan.db.tar /var/cache/pacman/pkg/netwatch.pkg.tar.xz</code>
        </div>
        
          <div class="output">
            
            <a class="navhash" href="#150">#</a>
						
              <code id="150">==> ERROR: Failed to acquire lockfile: /var/cache/pacman/pkg/tuscan.db.tar.lck.</code><br />
						
            
            <a class="navhash" href="#151">#</a>
						
              <code id="151">==> ERROR: Held by process 430</code><br />
						
            
          </div>
        
      </div>
      <br />
    
      <div class="block">
        <div class="info">
          <code>Attempting to access local repository, attempt 4</code>
        </div>
        
      </div>
      <br />
    
      <div class="block">
        <div class="command">
          <code><span class="prompt">CMD: </span>repo-add /var/cache/pacman/pkg/tuscan.db.tar /var/cache/pacman/pkg/netwatch.pkg.tar.xz</code>
        </div>
        
          <div class="output">
            
            <a class="navhash" href="#152">#</a>
						
              <code id="152">==> ERROR: Failed to acquire lockfile: /var/cache/pacman/pkg/tuscan.db.tar.lck.</code><br />
						
            
            <a class="navhash" href="#153">#</a>
						
              <code id="153">==> ERROR: Held by process 430</code><br />
						
            
          </div>
        
      </div>
      <br />
    
      <div class="block">
        <div class="info">
          <code>Attempting to access local repository, attempt 5</code>
        </div>
        
      </div>
      <br />
    
      <div class="block">
        <div class="command">
          <code><span class="prompt">CMD: </span>repo-add /var/cache/pacman/pkg/tuscan.db.tar /var/cache/pacman/pkg/netwatch.pkg.tar.xz</code>
        </div>
        
          <div class="output">
            
            <a class="navhash" href="#154">#</a>
						
              <code id="154">==> ERROR: Failed to acquire lockfile: /var/cache/pacman/pkg/tuscan.db.tar.lck.</code><br />
						
            
            <a class="navhash" href="#155">#</a>
						
              <code id="155">==> ERROR: Held by process 430</code><br />
						
            
          </div>
        
      </div>
      <br />
    
      <div class="block">
        <div class="info">
          <code>Attempting to access local repository, attempt 6</code>
        </div>
        
      </div>
      <br />
    
      <div class="block">
        <div class="command">
          <code><span class="prompt">CMD: </span>repo-add /var/cache/pacman/pkg/tuscan.db.tar /var/cache/pacman/pkg/netwatch.pkg.tar.xz</code>
        </div>
        
          <div class="output">
            
            <a class="navhash" href="#156">#</a>
						
              <code id="156">==> ERROR: Failed to acquire lockfile: /var/cache/pacman/pkg/tuscan.db.tar.lck.</code><br />
						
            
            <a class="navhash" href="#157">#</a>
						
              <code id="157">==> ERROR: Held by process 430</code><br />
						
            
          </div>
        
      </div>
      <br />
    
      <div class="block">
        <div class="info">
          <code>Attempting to access local repository, attempt 7</code>
        </div>
        
      </div>
      <br />
    
      <div class="block">
        <div class="command">
          <code><span class="prompt">CMD: </span>repo-add /var/cache/pacman/pkg/tuscan.db.tar /var/cache/pacman/pkg/netwatch.pkg.tar.xz</code>
        </div>
        
          <div class="output">
            
            <a class="navhash" href="#158">#</a>
						
              <code id="158">==> ERROR: Failed to acquire lockfile: /var/cache/pacman/pkg/tuscan.db.tar.lck.</code><br />
						
            
            <a class="navhash" href="#159">#</a>
						
              <code id="159">==> ERROR: Held by process 430</code><br />
						
            
          </div>
        
      </div>
      <br />
    
      <div class="block">
        <div class="info">
          <code>Attempting to access local repository, attempt 8</code>
        </div>
        
      </div>
      <br />
    
      <div class="block">
        <div class="command">
          <code><span class="prompt">CMD: </span>repo-add /var/cache/pacman/pkg/tuscan.db.tar /var/cache/pacman/pkg/netwatch.pkg.tar.xz</code>
        </div>
        
          <div class="output">
            
            <a class="navhash" href="#160">#</a>
						
              <code id="160">==> ERROR: Failed to acquire lockfile: /var/cache/pacman/pkg/tuscan.db.tar.lck.</code><br />
						
            
            <a class="navhash" href="#161">#</a>
						
              <code id="161">==> ERROR: Held by process 430</code><br />
						
            
          </div>
        
      </div>
      <br />
    
      <div class="block">
        <div class="info">
          <code>Attempting to access local repository, attempt 9</code>
        </div>
        
      </div>
      <br />
    
      <div class="block">
        <div class="command">
          <code><span class="prompt">CMD: </span>repo-add /var/cache/pacman/pkg/tuscan.db.tar /var/cache/pacman/pkg/netwatch.pkg.tar.xz</code>
        </div>
        
          <div class="output">
            
            <a class="navhash" href="#162">#</a>
						
              <code id="162">==> ERROR: Failed to acquire lockfile: /var/cache/pacman/pkg/tuscan.db.tar.lck.</code><br />
						
            
            <a class="navhash" href="#163">#</a>
						
              <code id="163">==> ERROR: Held by process 907</code><br />
						
            
          </div>
        
      </div>
      <br />
    
      <div class="block">
        <div class="info">
          <code>Attempting to access local repository, attempt 10</code>
        </div>
        
      </div>
      <br />
    
      <div class="block">
        <div class="command">
          <code><span class="prompt">CMD: </span>repo-add /var/cache/pacman/pkg/tuscan.db.tar /var/cache/pacman/pkg/netwatch.pkg.tar.xz</code>
        </div>
        
          <div class="output">
            
            <a class="navhash" href="#164">#</a>
						
              <code id="164">==> ERROR: Failed to acquire lockfile: /var/cache/pacman/pkg/tuscan.db.tar.lck.</code><br />
						
            
            <a class="navhash" href="#165">#</a>
						
              <code id="165">==> ERROR: Held by process 907</code><br />
						
            
          </div>
        
      </div>
      <br />
    
      <div class="block">
        <div class="info">
          <code>Attempting to access local repository, attempt 11</code>
        </div>
        
      </div>
      <br />
    
      <div class="block">
        <div class="command">
          <code><span class="prompt">CMD: </span>repo-add /var/cache/pacman/pkg/tuscan.db.tar /var/cache/pacman/pkg/netwatch.pkg.tar.xz</code>
        </div>
        
          <div class="output">
            
            <a class="navhash" href="#166">#</a>
						
              <code id="166">==> Extracting database to a temporary location...</code><br />
						
            
            <a class="navhash" href="#167">#</a>
						
              <code id="167">==> Extracting database to a temporary location...</code><br />
						
            
            <a class="navhash" href="#168">#</a>
						
              <code id="168">==> Adding package '/var/cache/pacman/pkg/netwatch.pkg.tar.xz'</code><br />
						
            
            <a class="navhash" href="#169">#</a>
						
              <code id="169">  -> Computing checksums...</code><br />
						
            
            <a class="navhash" href="#170">#</a>
						
              <code id="170">  -> Creating 'desc' db entry...</code><br />
						
            
            <a class="navhash" href="#171">#</a>
						
              <code id="171">  -> Creating 'files' db entry...</code><br />
						
            
            <a class="navhash" href="#172">#</a>
						
              <code id="172">==> Creating updated database file '/var/cache/pacman/pkg/tuscan.db.tar'</code><br />
						
            
          </div>
        
      </div>
      <br />
    
      <div class="block">
        <div class="info">
          <code>Printing config.logs</code>
        </div>
        
      </div>
      <br />
    
      <div class="block">
        <div class="command">
          <code><span class="prompt">CMD: </span>Config logfile '/tmp/netwatch/src/netwatch-1.3.1-2/config.log'</code>
        </div>
        
          <div class="output">
            
            <a class="navhash" href="#173">#</a>
						
              <code id="173">This file contains any messages produced by compilers while</code><br />
						
            
            <a class="navhash" href="#174">#</a>
						
              <code id="174">running configure, to aid debugging if configure makes a mistake.</code><br />
						
            
            <a class="navhash" href="#175">#</a>
						
              <code id="175"></code><br />
						
            
            <a class="navhash" href="#176">#</a>
						
              <code id="176">configure:529: checking for gcc</code><br />
						
            
            <a class="navhash" href="#177">#</a>
						
              <code id="177">configure:642: checking whether the C compiler (gcc  ) works</code><br />
						
            
            <a class="navhash" href="#178">#</a>
						
              <code id="178">configure:658: gcc -O2 -o conftest    conftest.c  1>&5</code><br />
						
            
            <a class="navhash" href="#179">#</a>
						
              <code id="179">configure:655:1: warning: return type defaults to 'int' [-Wimplicit-int]</code><br />
						
            
            <a class="navhash" href="#180">#</a>
						
              <code id="180">main(){return(0);}</code><br />
						
            
            <a class="navhash" href="#181">#</a>
						
              <code id="181">^</code><br />
						
            
            <a class="navhash" href="#182">#</a>
						
              <code id="182">configure:684: checking whether the C compiler (gcc  ) is a cross-compiler</code><br />
						
            
            <a class="navhash" href="#183">#</a>
						
              <code id="183">configure:689: checking whether we are using GNU C</code><br />
						
            
            <a class="navhash" href="#184">#</a>
						
              <code id="184">configure:698: gcc -O2 -E conftest.c</code><br />
						
            
            <a class="navhash" href="#185">#</a>
						
              <code id="185">configure:717: checking whether gcc -O2 accepts -g</code><br />
						
            
            <a class="navhash" href="#186">#</a>
						
              <code id="186">configure:753: checking for mvchgat in -lncurses</code><br />
						
            
            <a class="navhash" href="#187">#</a>
						
              <code id="187">configure:772: gcc -O2 -o conftest    conftest.c -lncurses   1>&5</code><br />
						
            
            <a class="navhash" href="#188">#</a>
						
              <code id="188">configure:800: checking for pthread_create in -lpthread</code><br />
						
            
            <a class="navhash" href="#189">#</a>
						
              <code id="189">configure:819: gcc -O2 -o conftest    conftest.c -lpthread  -lncurses  1>&5</code><br />
						
            
            <a class="navhash" href="#190">#</a>
						
              <code id="190">configure:848: checking how to run the C preprocessor</code><br />
						
            
            <a class="navhash" href="#191">#</a>
						
              <code id="191">configure:869: gcc -O2 -E  conftest.c >/dev/null 2>conftest.out</code><br />
						
            
            <a class="navhash" href="#192">#</a>
						
              <code id="192">configure:928: checking for ANSI C header files</code><br />
						
            
            <a class="navhash" href="#193">#</a>
						
              <code id="193">configure:941: gcc -O2 -E  conftest.c >/dev/null 2>conftest.out</code><br />
						
            
            <a class="navhash" href="#194">#</a>
						
              <code id="194">configure:1008: gcc -O2 -o conftest    conftest.c -lpthread -lncurses  1>&5</code><br />
						
            
            <a class="navhash" href="#195">#</a>
						
              <code id="195">configure: In function 'main':</code><br />
						
            
            <a class="navhash" href="#196">#</a>
						
              <code id="196">configure:1003:67: warning: implicit declaration of function 'exit' [-Wimplicit-function-declaration]</code><br />
						
            
            <a class="navhash" href="#197">#</a>
						
              <code id="197">if (XOR (islower (i), ISLOWER (i)) || toupper (i) != TOUPPER (i)) exit(2);</code><br />
						
            
            <a class="navhash" href="#198">#</a>
						
              <code id="198">^</code><br />
						
            
            <a class="navhash" href="#199">#</a>
						
              <code id="199">configure:1003:67: warning: incompatible implicit declaration of built-in function 'exit'</code><br />
						
            
            <a class="navhash" href="#200">#</a>
						
              <code id="200">configure:1003:67: note: include '<stdlib.h>' or provide a declaration of 'exit'</code><br />
						
            
            <a class="navhash" href="#201">#</a>
						
              <code id="201">configure:1004:1: warning: incompatible implicit declaration of built-in function 'exit'</code><br />
						
            
            <a class="navhash" href="#202">#</a>
						
              <code id="202">exit (0); }</code><br />
						
            
            <a class="navhash" href="#203">#</a>
						
              <code id="203">^</code><br />
						
            
            <a class="navhash" href="#204">#</a>
						
              <code id="204">configure:1004:1: note: include '<stdlib.h>' or provide a declaration of 'exit'</code><br />
						
            
            <a class="navhash" href="#205">#</a>
						
              <code id="205">configure:1032: checking for sys/wait.h that is POSIX.1 compatible</code><br />
						
            
            <a class="navhash" href="#206">#</a>
						
              <code id="206">configure:1053: gcc -O2 -c   conftest.c 1>&5</code><br />
						
            
            <a class="navhash" href="#207">#</a>
						
              <code id="207">configure:1077: checking for fcntl.h</code><br />
						
            
            <a class="navhash" href="#208">#</a>
						
              <code id="208">configure:1087: gcc -O2 -E  conftest.c >/dev/null 2>conftest.out</code><br />
						
            
            <a class="navhash" href="#209">#</a>
						
              <code id="209">configure:1077: checking for strings.h</code><br />
						
            
            <a class="navhash" href="#210">#</a>
						
              <code id="210">configure:1087: gcc -O2 -E  conftest.c >/dev/null 2>conftest.out</code><br />
						
            
            <a class="navhash" href="#211">#</a>
						
              <code id="211">configure:1077: checking for sys/ioctl.h</code><br />
						
            
            <a class="navhash" href="#212">#</a>
						
              <code id="212">configure:1087: gcc -O2 -E  conftest.c >/dev/null 2>conftest.out</code><br />
						
            
            <a class="navhash" href="#213">#</a>
						
              <code id="213">configure:1077: checking for sys/time.h</code><br />
						
            
            <a class="navhash" href="#214">#</a>
						
              <code id="214">configure:1087: gcc -O2 -E  conftest.c >/dev/null 2>conftest.out</code><br />
						
            
            <a class="navhash" href="#215">#</a>
						
              <code id="215">configure:1077: checking for unistd.h</code><br />
						
            
            <a class="navhash" href="#216">#</a>
						
              <code id="216">configure:1087: gcc -O2 -E  conftest.c >/dev/null 2>conftest.out</code><br />
						
            
            <a class="navhash" href="#217">#</a>
						
              <code id="217">configure:1117: checking for netinet/ip_icmp.h</code><br />
						
            
            <a class="navhash" href="#218">#</a>
						
              <code id="218">configure:1127: gcc -O2 -E  conftest.c >/dev/null 2>conftest.out</code><br />
						
            
            <a class="navhash" href="#219">#</a>
						
              <code id="219">configure:1157: checking for netinet/ip.h</code><br />
						
            
            <a class="navhash" href="#220">#</a>
						
              <code id="220">configure:1167: gcc -O2 -E  conftest.c >/dev/null 2>conftest.out</code><br />
						
            
            <a class="navhash" href="#221">#</a>
						
              <code id="221">configure:1197: checking for netinet/tcp.h</code><br />
						
            
            <a class="navhash" href="#222">#</a>
						
              <code id="222">configure:1207: gcc -O2 -E  conftest.c >/dev/null 2>conftest.out</code><br />
						
            
            <a class="navhash" href="#223">#</a>
						
              <code id="223">configure:1237: checking for netinet/ip_tcp.h</code><br />
						
            
            <a class="navhash" href="#224">#</a>
						
              <code id="224">configure:1247: gcc -O2 -E  conftest.c >/dev/null 2>conftest.out</code><br />
						
            
            <a class="navhash" href="#225">#</a>
						<span class="error">
              <code id="225">configure:1243:28: fatal error: netinet/ip_tcp.h: No such file or directory</code><br />
						</span>
            
            <a class="navhash" href="#226">#</a>
						
              <code id="226">compilation terminated.</code><br />
						
            
            <a class="navhash" href="#227">#</a>
						
              <code id="227">configure: failed program was:</code><br />
						
            
            <a class="navhash" href="#228">#</a>
						
              <code id="228">#line 1242 "configure"</code><br />
						
            
            <a class="navhash" href="#229">#</a>
						
              <code id="229">#include "confdefs.h"</code><br />
						
            
            <a class="navhash" href="#230">#</a>
						
              <code id="230">#include <netinet/ip_tcp.h></code><br />
						
            
            <a class="navhash" href="#231">#</a>
						
              <code id="231">configure:1277: checking for netinet/udp.h</code><br />
						
            
            <a class="navhash" href="#232">#</a>
						
              <code id="232">configure:1287: gcc -O2 -E  conftest.c >/dev/null 2>conftest.out</code><br />
						
            
            <a class="navhash" href="#233">#</a>
						
              <code id="233">configure:1317: checking for netinet/ip_udp.h</code><br />
						
            
            <a class="navhash" href="#234">#</a>
						
              <code id="234">configure:1327: gcc -O2 -E  conftest.c >/dev/null 2>conftest.out</code><br />
						
            
            <a class="navhash" href="#235">#</a>
						<span class="error">
              <code id="235">configure:1323:28: fatal error: netinet/ip_udp.h: No such file or directory</code><br />
						</span>
            
            <a class="navhash" href="#236">#</a>
						
              <code id="236">compilation terminated.</code><br />
						
            
            <a class="navhash" href="#237">#</a>
						
              <code id="237">configure: failed program was:</code><br />
						
            
            <a class="navhash" href="#238">#</a>
						
              <code id="238">#line 1322 "configure"</code><br />
						
            
            <a class="navhash" href="#239">#</a>
						
              <code id="239">#include "confdefs.h"</code><br />
						
            
            <a class="navhash" href="#240">#</a>
						
              <code id="240">#include <netinet/ip_udp.h></code><br />
						
            
            <a class="navhash" href="#241">#</a>
						
              <code id="241">configure:1357: checking for netinet/if_ether.h</code><br />
						
            
            <a class="navhash" href="#242">#</a>
						
              <code id="242">configure:1367: gcc -O2 -E  conftest.c >/dev/null 2>conftest.out</code><br />
						
            
            <a class="navhash" href="#243">#</a>
						
              <code id="243">configure:1397: checking for netinet/in.h</code><br />
						
            
            <a class="navhash" href="#244">#</a>
						
              <code id="244">configure:1407: gcc -O2 -E  conftest.c >/dev/null 2>conftest.out</code><br />
						
            
            <a class="navhash" href="#245">#</a>
						
              <code id="245">configure:1437: checking for netinet/socket.h</code><br />
						
            
            <a class="navhash" href="#246">#</a>
						
              <code id="246">configure:1447: gcc -O2 -E  conftest.c >/dev/null 2>conftest.out</code><br />
						
            
            <a class="navhash" href="#247">#</a>
						<span class="error">
              <code id="247">configure:1443:28: fatal error: netinet/socket.h: No such file or directory</code><br />
						</span>
            
            <a class="navhash" href="#248">#</a>
						
              <code id="248">compilation terminated.</code><br />
						
            
            <a class="navhash" href="#249">#</a>
						
              <code id="249">configure: failed program was:</code><br />
						
            
            <a class="navhash" href="#250">#</a>
						
              <code id="250">#line 1442 "configure"</code><br />
						
            
            <a class="navhash" href="#251">#</a>
						
              <code id="251">#include "confdefs.h"</code><br />
						
            
            <a class="navhash" href="#252">#</a>
						
              <code id="252">#include <netinet/socket.h></code><br />
						
            
            <a class="navhash" href="#253">#</a>
						
              <code id="253">configure:1477: checking for net/if.h</code><br />
						
            
            <a class="navhash" href="#254">#</a>
						
              <code id="254">configure:1487: gcc -O2 -E  conftest.c >/dev/null 2>conftest.out</code><br />
						
            
            <a class="navhash" href="#255">#</a>
						
              <code id="255">configure:1517: checking for net/if_ppp.h</code><br />
						
            
            <a class="navhash" href="#256">#</a>
						
              <code id="256">configure:1527: gcc -O2 -E  conftest.c >/dev/null 2>conftest.out</code><br />
						
            
            <a class="navhash" href="#257">#</a>
						
              <code id="257">configure:1557: checking for netinet/if_ether.h</code><br />
						
            
            <a class="navhash" href="#258">#</a>
						
              <code id="258">configure:1557: checking for netinet/in.h</code><br />
						
            
            <a class="navhash" href="#259">#</a>
						
              <code id="259">configure:1557: checking for ncurses.h</code><br />
						
            
            <a class="navhash" href="#260">#</a>
						
              <code id="260">configure:1567: gcc -O2 -E  conftest.c >/dev/null 2>conftest.out</code><br />
						
            
            <a class="navhash" href="#261">#</a>
						
              <code id="261">configure:1557: checking for ncurses/curses.h</code><br />
						
            
            <a class="navhash" href="#262">#</a>
						
              <code id="262">configure:1567: gcc -O2 -E  conftest.c >/dev/null 2>conftest.out</code><br />
						
            
            <a class="navhash" href="#263">#</a>
						<span class="error">
              <code id="263">configure:1563:28: fatal error: ncurses/curses.h: No such file or directory</code><br />
						</span>
            
            <a class="navhash" href="#264">#</a>
						
              <code id="264">compilation terminated.</code><br />
						
            
            <a class="navhash" href="#265">#</a>
						
              <code id="265">configure: failed program was:</code><br />
						
            
            <a class="navhash" href="#266">#</a>
						
              <code id="266">#line 1562 "configure"</code><br />
						
            
            <a class="navhash" href="#267">#</a>
						
              <code id="267">#include "confdefs.h"</code><br />
						
            
            <a class="navhash" href="#268">#</a>
						
              <code id="268">#include <ncurses/curses.h></code><br />
						
            
            <a class="navhash" href="#269">#</a>
						
              <code id="269">configure:1597: checking for ncurses.h</code><br />
						
            
            <a class="navhash" href="#270">#</a>
						
              <code id="270">configure:1637: checking for pthread.h</code><br />
						
            
            <a class="navhash" href="#271">#</a>
						
              <code id="271">configure:1647: gcc -O2 -E  conftest.c >/dev/null 2>conftest.out</code><br />
						
            
            <a class="navhash" href="#272">#</a>
						
              <code id="272">configure:1677: checking for ncurses/curses.h</code><br />
						
            
            <a class="navhash" href="#273">#</a>
						
              <code id="273">configure:1717: checking for curses.h</code><br />
						
            
            <a class="navhash" href="#274">#</a>
						
              <code id="274">configure:1727: gcc -O2 -E  conftest.c >/dev/null 2>conftest.out</code><br />
						
            
            <a class="navhash" href="#275">#</a>
						
              <code id="275">configure:1757: checking for sys/if_packet.h</code><br />
						
            
            <a class="navhash" href="#276">#</a>
						
              <code id="276">configure:1767: gcc -O2 -E  conftest.c >/dev/null 2>conftest.out</code><br />
						
            
            <a class="navhash" href="#277">#</a>
						<span class="error">
              <code id="277">configure:1763:27: fatal error: sys/if_packet.h: No such file or directory</code><br />
						</span>
            
            <a class="navhash" href="#278">#</a>
						
              <code id="278">compilation terminated.</code><br />
						
            
            <a class="navhash" href="#279">#</a>
						
              <code id="279">configure: failed program was:</code><br />
						
            
            <a class="navhash" href="#280">#</a>
						
              <code id="280">#line 1762 "configure"</code><br />
						
            
            <a class="navhash" href="#281">#</a>
						
              <code id="281">#include "confdefs.h"</code><br />
						
            
            <a class="navhash" href="#282">#</a>
						
              <code id="282">#include <sys/if_packet.h></code><br />
						
            
            <a class="navhash" href="#283">#</a>
						
              <code id="283">configure:1797: checking for linux/if_packet.h</code><br />
						
            
            <a class="navhash" href="#284">#</a>
						
              <code id="284">configure:1807: gcc -O2 -E  conftest.c >/dev/null 2>conftest.out</code><br />
						
            
            <a class="navhash" href="#285">#</a>
						
              <code id="285">configure:1837: checking for net/if_packet.h</code><br />
						
            
            <a class="navhash" href="#286">#</a>
						
              <code id="286">configure:1847: gcc -O2 -E  conftest.c >/dev/null 2>conftest.out</code><br />
						
            
            <a class="navhash" href="#287">#</a>
						
              <code id="287">configure:2428: checking for pid_t</code><br />
						
            
            <a class="navhash" href="#288">#</a>
						
              <code id="288">configure:2461: checking whether time.h and sys/time.h may both be included</code><br />
						
            
            <a class="navhash" href="#289">#</a>
						
              <code id="289">configure:2475: gcc -O2 -c   conftest.c 1>&5</code><br />
						
            
            <a class="navhash" href="#290">#</a>
						
              <code id="290">configure:2498: checking whether gcc -O2 needs -traditional</code><br />
						
            
            <a class="navhash" href="#291">#</a>
						
              <code id="291">configure:2544: checking for 8-bit clean memcmp</code><br />
						
            
            <a class="navhash" href="#292">#</a>
						
              <code id="292">configure:2562: gcc -O2 -o conftest    conftest.c -lpthread -lncurses  1>&5</code><br />
						
            
            <a class="navhash" href="#293">#</a>
						
              <code id="293">configure:2554:1: warning: return type defaults to 'int' [-Wimplicit-int]</code><br />
						
            
            <a class="navhash" href="#294">#</a>
						
              <code id="294">main()</code><br />
						
            
            <a class="navhash" href="#295">#</a>
						
              <code id="295">^</code><br />
						
            
            <a class="navhash" href="#296">#</a>
						
              <code id="296">configure: In function 'main':</code><br />
						
            
            <a class="navhash" href="#297">#</a>
						
              <code id="297">configure:2557:3: warning: implicit declaration of function 'exit' [-Wimplicit-function-declaration]</code><br />
						
            
            <a class="navhash" href="#298">#</a>
						
              <code id="298">exit(memcmp(&c0, &c2, 1) < 0 && memcmp(&c1, &c2, 1) < 0 ? 0 : 1);</code><br />
						
            
            <a class="navhash" href="#299">#</a>
						
              <code id="299">^</code><br />
						
            
            <a class="navhash" href="#300">#</a>
						
              <code id="300">configure:2557:3: warning: incompatible implicit declaration of built-in function 'exit'</code><br />
						
            
            <a class="navhash" href="#301">#</a>
						
              <code id="301">configure:2557:3: note: include '<stdlib.h>' or provide a declaration of 'exit'</code><br />
						
            
            <a class="navhash" href="#302">#</a>
						
              <code id="302">configure:2557:8: warning: implicit declaration of function 'memcmp' [-Wimplicit-function-declaration]</code><br />
						
            
            <a class="navhash" href="#303">#</a>
						
              <code id="303">exit(memcmp(&c0, &c2, 1) < 0 && memcmp(&c1, &c2, 1) < 0 ? 0 : 1);</code><br />
						
            
            <a class="navhash" href="#304">#</a>
						
              <code id="304">^</code><br />
						
            
            <a class="navhash" href="#305">#</a>
						
              <code id="305">configure:2580: checking return type of signal handlers</code><br />
						
            
            <a class="navhash" href="#306">#</a>
						
              <code id="306">configure:2602: gcc -O2 -c   conftest.c 1>&5</code><br />
						
            
            <a class="navhash" href="#307">#</a>
						
              <code id="307">configure:2623: checking for select</code><br />
						
            
            <a class="navhash" href="#308">#</a>
						
              <code id="308">configure:2651: gcc -O2 -o conftest    conftest.c -lpthread -lncurses  1>&5</code><br />
						
            
            <a class="navhash" href="#309">#</a>
						
              <code id="309">configure:2623: checking for socket</code><br />
						
            
            <a class="navhash" href="#310">#</a>
						
              <code id="310">configure:2651: gcc -O2 -o conftest    conftest.c -lpthread -lncurses  1>&5</code><br />
						
            
            <a class="navhash" href="#311">#</a>
						
              <code id="311">configure:2623: checking for strstr</code><br />
						
            
            <a class="navhash" href="#312">#</a>
						
              <code id="312">configure:2651: gcc -O2 -o conftest    conftest.c -lpthread -lncurses  1>&5</code><br />
						
            
            <a class="navhash" href="#313">#</a>
						
              <code id="313">configure:2635:6: warning: conflicting types for built-in function 'strstr'</code><br />
						
            
            <a class="navhash" href="#314">#</a>
						
              <code id="314">char $ac_func();</code><br />
						
            
            <a class="navhash" href="#315">#</a>
						
              <code id="315">^</code><br />
						
            
            <a class="navhash" href="#316">#</a>
						
              <code id="316">configure:2623: checking for uname</code><br />
						
            
            <a class="navhash" href="#317">#</a>
						
              <code id="317">configure:2651: gcc -O2 -o conftest    conftest.c -lpthread -lncurses  1>&5</code><br />
						
            
          </div>
        
      </div>
      <br />
    
  </body>
</html>