<!DOCTYPE html>
<html>
<!-- Jinja template for reports of individual builds

  Copyright 2016 Kareem Khazem. All Rights Reserved.
  Licensed under the Apache License, Version 2.0 (the "License");
  you may not use this file except in compliance with the License.
  You may obtain a copy of the License at

 		 http://www.apache.org/licenses/LICENSE-2.0

  Unless required by applicable law or agreed to in writing, software
  distributed under the License is distributed on an "AS IS" BASIS,
  WITHOUT WARRANTIES OR CONDITIONS OF ANY KIND, either express or
  implied.
  See the License for the specific language governing permissions and
  limitations under the License.
-->
  <head>
    <meta charset="UTF-8">
    <title>vanilla/toolame</title>
    <link href='https://fonts.googleapis.com/css?family=Roboto:400,900'
          rel='stylesheet' type='text/css'>
    <link
    href='https://fonts.googleapis.com/css?family=Source+Code+Pro:400,700'
          rel='stylesheet' type='text/css'>
    <link href="../style.css" type="text/css" rel="stylesheet">
  </head>
  <body>
    <h1>Build of toolame
        with <a href="../index.html">vanilla</a>
        toolchain</h1>
    <p>The build took 00h 00m 25s and was
    NOT successful.
    
    </p>
    
    
    
    <h2>Log</h2>
    
      <div class="block">
        <div class="info">
          <code>Removed vanilla repositories from pacman.conf and added:</code>
        </div>
        
          <div class="output">
            
            <a class="navhash" href="#1">#</a>
						
              <code id="1">[tuscan]</code><br />
						
            
            <a class="navhash" href="#2">#</a>
						
              <code id="2">Server = file:///var/cache/pacman/pkg/</code><br />
						
            
          </div>
        
      </div>
      <br />
    
      <div class="block">
        <div class="command">
          <code><span class="prompt">CMD: </span>pacman -Syy --noconfirm</code>
        </div>
        
          <div class="output">
            
            <a class="navhash" href="#3">#</a>
						
              <code id="3">:: Synchronizing package databases...</code><br />
						
            
            <a class="navhash" href="#4">#</a>
						
              <code id="4">downloading tuscan.db...</code><br />
						
            
          </div>
        
      </div>
      <br />
    
      <div class="block">
        <div class="command">
          <code><span class="prompt">CMD: </span>sudo -u tuscan  bear makepkg --noextract --syncdeps --skipinteg --skippgpcheck --skipchecksums --noconfirm --nocolor --log --noprogressbar --nocheck</code>
        </div>
        
          <div class="output">
            
            <a class="navhash" href="#5">#</a>
						
              <code id="5">==> Making package: toolame 02l-10 (Mon Jun 27 06:39:51 UTC 2016)</code><br />
						
            
            <a class="navhash" href="#6">#</a>
						
              <code id="6">==> Checking runtime dependencies...</code><br />
						
            
            <a class="navhash" href="#7">#</a>
						
              <code id="7">==> Checking buildtime dependencies...</code><br />
						
            
            <a class="navhash" href="#8">#</a>
						
              <code id="8">==> WARNING: Using existing $srcdir/ tree</code><br />
						
            
            <a class="navhash" href="#9">#</a>
						
              <code id="9">==> Starting build()...</code><br />
						
            
            <a class="navhash" href="#10">#</a>
						
              <code id="10">patching file Makefile</code><br />
						
            
            <a class="navhash" href="#11">#</a>
						
              <code id="11">patching file audio_read.c</code><br />
						
            
            <a class="navhash" href="#12">#</a>
						
              <code id="12">patching file fft.c</code><br />
						
            
            <a class="navhash" href="#13">#</a>
						
              <code id="13">cc -O2 -DNDEBUG -DINLINE=inline -march=x86-64 -pipe  -Wall -DNEWENCODE -DNEWATAN -c common.c -o common.o</code><br />
						
            
            <a class="navhash" href="#14">#</a>
						
              <code id="14">cc -O2 -DNDEBUG -DINLINE=inline -march=x86-64 -pipe  -Wall -DNEWENCODE -DNEWATAN -c encode.c -o encode.o</code><br />
						
            
            <a class="navhash" href="#15">#</a>
						
              <code id="15">In file included from common.c:13:0:</code><br />
						
            
            <a class="navhash" href="#16">#</a>
						
              <code id="16">encode_new.h:6:15: warning: inline function 'mod' declared but never defined</code><br />
						
            
            <a class="navhash" href="#17">#</a>
						
              <code id="17"> INLINE double mod (double a);</code><br />
						
            
            <a class="navhash" href="#18">#</a>
						
              <code id="18">               ^~~</code><br />
						
            
            <a class="navhash" href="#19">#</a>
						
              <code id="19">encode.c: In function 'main_bit_allocation':</code><br />
						
            
            <a class="navhash" href="#20">#</a>
						
              <code id="20">encode.c:508:23: warning: variable 'lay' set but not used [-Wunused-but-set-variable]</code><br />
						
            
            <a class="navhash" href="#21">#</a>
						
              <code id="21">   int mode, mode_ext, lay;</code><br />
						
            
            <a class="navhash" href="#22">#</a>
						
              <code id="22">                       ^~~</code><br />
						
            
            <a class="navhash" href="#23">#</a>
						
              <code id="23">encode.c:507:7: warning: variable 'noisy_sbs' set but not used [-Wunused-but-set-variable]</code><br />
						
            
            <a class="navhash" href="#24">#</a>
						
              <code id="24">   int noisy_sbs;</code><br />
						
            
            <a class="navhash" href="#25">#</a>
						
              <code id="25">       ^~~~~~~~~</code><br />
						
            
            <a class="navhash" href="#26">#</a>
						
              <code id="26">In file included from encode.c:6:0:</code><br />
						
            
            <a class="navhash" href="#27">#</a>
						
              <code id="27">encode.c: At top level:</code><br />
						
            
            <a class="navhash" href="#28">#</a>
						
              <code id="28">bitstream.h:12:13: warning: inline function 'putbits' declared but never defined</code><br />
						
            
            <a class="navhash" href="#29">#</a>
						
              <code id="29"> INLINE void putbits (Bit_stream_struc *, unsigned int, int);</code><br />
						
            
            <a class="navhash" href="#30">#</a>
						
              <code id="30">             ^~~~~~~</code><br />
						
            
            <a class="navhash" href="#31">#</a>
						
              <code id="31">cc -O2 -DNDEBUG -DINLINE=inline -march=x86-64 -pipe  -Wall -DNEWENCODE -DNEWATAN -c ieeefloat.c -o ieeefloat.o</code><br />
						
            
            <a class="navhash" href="#32">#</a>
						
              <code id="32">cc -O2 -DNDEBUG -DINLINE=inline -march=x86-64 -pipe  -Wall -DNEWENCODE -DNEWATAN -c toolame.c -o toolame.o</code><br />
						
            
            <a class="navhash" href="#33">#</a>
						
              <code id="33">toolame.c: In function 'main':</code><br />
						
            
            <a class="navhash" href="#34">#</a>
						
              <code id="34">toolame.c:99:7: warning: variable 'win_que' set but not used [-Wunused-but-set-variable]</code><br />
						
            
            <a class="navhash" href="#35">#</a>
						
              <code id="35">   IN *win_que;</code><br />
						
            
            <a class="navhash" href="#36">#</a>
						
              <code id="36">       ^~~~~~~</code><br />
						
            
            <a class="navhash" href="#37">#</a>
						
              <code id="37">In file included from toolame.c:21:0:</code><br />
						
            
            <a class="navhash" href="#38">#</a>
						
              <code id="38">toolame.c: At top level:</code><br />
						
            
            <a class="navhash" href="#39">#</a>
						
              <code id="39">encode_new.h:6:15: warning: inline function 'mod' declared but never defined</code><br />
						
            
            <a class="navhash" href="#40">#</a>
						
              <code id="40"> INLINE double mod (double a);</code><br />
						
            
            <a class="navhash" href="#41">#</a>
						
              <code id="41">               ^~~</code><br />
						
            
            <a class="navhash" href="#42">#</a>
						
              <code id="42">In file included from toolame.c:17:0:</code><br />
						
            
            <a class="navhash" href="#43">#</a>
						
              <code id="43">psycho_4.h:8:14: warning: inline function 'psycho_4_sin' declared but never defined</code><br />
						
            
            <a class="navhash" href="#44">#</a>
						
              <code id="44"> INLINE FLOAT psycho_4_sin(FLOAT phi);</code><br />
						
            
            <a class="navhash" href="#45">#</a>
						
              <code id="45">              ^~~~~~~~~~~~</code><br />
						
            
            <a class="navhash" href="#46">#</a>
						
              <code id="46">psycho_4.h:7:14: warning: inline function 'psycho_4_cos' declared but never defined</code><br />
						
            
            <a class="navhash" href="#47">#</a>
						
              <code id="47"> INLINE FLOAT psycho_4_cos(FLOAT phi);</code><br />
						
            
            <a class="navhash" href="#48">#</a>
						
              <code id="48">              ^~~~~~~~~~~~</code><br />
						
            
            <a class="navhash" href="#49">#</a>
						
              <code id="49">In file included from toolame.c:9:0:</code><br />
						
            
            <a class="navhash" href="#50">#</a>
						
              <code id="50">bitstream.h:12:13: warning: inline function 'putbits' declared but never defined</code><br />
						
            
            <a class="navhash" href="#51">#</a>
						
              <code id="51"> INLINE void putbits (Bit_stream_struc *, unsigned int, int);</code><br />
						
            
            <a class="navhash" href="#52">#</a>
						
              <code id="52">             ^~~~~~~</code><br />
						
            
            <a class="navhash" href="#53">#</a>
						
              <code id="53">cc -O2 -DNDEBUG -DINLINE=inline -march=x86-64 -pipe  -Wall -DNEWENCODE -DNEWATAN -c portableio.c -o portableio.o</code><br />
						
            
            <a class="navhash" href="#54">#</a>
						
              <code id="54">cc -O2 -DNDEBUG -DINLINE=inline -march=x86-64 -pipe  -Wall -DNEWENCODE -DNEWATAN -c psycho_n1.c -o psycho_n1.o</code><br />
						
            
            <a class="navhash" href="#55">#</a>
						
              <code id="55">cc -O2 -DNDEBUG -DINLINE=inline -march=x86-64 -pipe  -Wall -DNEWENCODE -DNEWATAN -c psycho_0.c -o psycho_0.o</code><br />
						
            
            <a class="navhash" href="#56">#</a>
						
              <code id="56">cc -O2 -DNDEBUG -DINLINE=inline -march=x86-64 -pipe  -Wall -DNEWENCODE -DNEWATAN -c psycho_1.c -o psycho_1.o</code><br />
						
            
            <a class="navhash" href="#57">#</a>
						
              <code id="57">In file included from psycho_1.c:6:0:</code><br />
						
            
            <a class="navhash" href="#58">#</a>
						
              <code id="58">fft.h:9:14: warning: inline function 'atan_table' declared but never defined</code><br />
						
            
            <a class="navhash" href="#59">#</a>
						
              <code id="59"> INLINE FLOAT atan_table(FLOAT y, FLOAT x);</code><br />
						
            
            <a class="navhash" href="#60">#</a>
						
              <code id="60">              ^~~~~~~~~~</code><br />
						
            
            <a class="navhash" href="#61">#</a>
						
              <code id="61">cc -O2 -DNDEBUG -DINLINE=inline -march=x86-64 -pipe  -Wall -DNEWENCODE -DNEWATAN -c psycho_2.c -o psycho_2.o</code><br />
						
            
            <a class="navhash" href="#62">#</a>
						
              <code id="62">In file included from psycho_2.c:8:0:</code><br />
						
            
            <a class="navhash" href="#63">#</a>
						
              <code id="63">fft.h:9:14: warning: inline function 'atan_table' declared but never defined</code><br />
						
            
            <a class="navhash" href="#64">#</a>
						
              <code id="64"> INLINE FLOAT atan_table(FLOAT y, FLOAT x);</code><br />
						
            
            <a class="navhash" href="#65">#</a>
						
              <code id="65">              ^~~~~~~~~~</code><br />
						
            
            <a class="navhash" href="#66">#</a>
						
              <code id="66">cc -O2 -DNDEBUG -DINLINE=inline -march=x86-64 -pipe  -Wall -DNEWENCODE -DNEWATAN -c psycho_3.c -o psycho_3.o</code><br />
						
            
            <a class="navhash" href="#67">#</a>
						
              <code id="67">cc -O2 -DNDEBUG -DINLINE=inline -march=x86-64 -pipe  -Wall -DNEWENCODE -DNEWATAN -c psycho_4.c -o psycho_4.o</code><br />
						
            
            <a class="navhash" href="#68">#</a>
						
              <code id="68">psycho_3.c: In function 'psycho_3':</code><br />
						
            
            <a class="navhash" href="#69">#</a>
						
              <code id="69">psycho_3.c:75:7: warning: unused variable 'sblimit' [-Wunused-variable]</code><br />
						
            
            <a class="navhash" href="#70">#</a>
						
              <code id="70">   int sblimit = frame->sblimit;</code><br />
						
            
            <a class="navhash" href="#71">#</a>
						
              <code id="71">       ^~~~~~~</code><br />
						
            
            <a class="navhash" href="#72">#</a>
						
              <code id="72">psycho_3.c: At top level:</code><br />
						
            
            <a class="navhash" href="#73">#</a>
						
              <code id="73">psycho_3.c:68:15: warning: 'dbtable' is static but used in inline function 'psycho_3_add_db' which is not static</code><br />
						
            
            <a class="navhash" href="#74">#</a>
						
              <code id="74">   return (b + dbtable[-idiff]);</code><br />
						
            
            <a class="navhash" href="#75">#</a>
						
              <code id="75">               ^~~~~~~</code><br />
						
            
            <a class="navhash" href="#76">#</a>
						
              <code id="76">psycho_3.c:65:17: warning: 'dbtable' is static but used in inline function 'psycho_3_add_db' which is not static</code><br />
						
            
            <a class="navhash" href="#77">#</a>
						
              <code id="77">     return (a + dbtable[idiff]);</code><br />
						
            
            <a class="navhash" href="#78">#</a>
						
              <code id="78">                 ^~~~~~~</code><br />
						
            
            <a class="navhash" href="#79">#</a>
						
              <code id="79">In file included from psycho_3.c:9:0:</code><br />
						
            
            <a class="navhash" href="#80">#</a>
						
              <code id="80">fft.h:9:14: warning: inline function 'atan_table' declared but never defined</code><br />
						
            
            <a class="navhash" href="#81">#</a>
						
              <code id="81"> INLINE FLOAT atan_table(FLOAT y, FLOAT x);</code><br />
						
            
            <a class="navhash" href="#82">#</a>
						
              <code id="82">              ^~~~~~~~~~</code><br />
						
            
            <a class="navhash" href="#83">#</a>
						
              <code id="83">psycho_4.c:120:17: warning: 'sin_table' is static but used in inline function 'psycho_4_sin' which is not static</code><br />
						
            
            <a class="navhash" href="#84">#</a>
						
              <code id="84">   return(sign * sin_table[index]);</code><br />
						
            
            <a class="navhash" href="#85">#</a>
						
              <code id="85">                 ^~~~~~~~~</code><br />
						
            
            <a class="navhash" href="#86">#</a>
						
              <code id="86">psycho_4.c:119:24: warning: 'sin_table' is static but used in inline function 'psycho_4_sin' which is not static</code><br />
						
            
            <a class="navhash" href="#87">#</a>
						
              <code id="87">     return(-1 * sign * sin_table[index]);</code><br />
						
            
            <a class="navhash" href="#88">#</a>
						
              <code id="88">                        ^~~~~~~~~</code><br />
						
            
            <a class="navhash" href="#89">#</a>
						
              <code id="89">psycho_4.c:106:17: warning: 'cos_table' is static but used in inline function 'psycho_4_cos' which is not static</code><br />
						
            
            <a class="navhash" href="#90">#</a>
						
              <code id="90">   return(sign * cos_table[index]);</code><br />
						
            
            <a class="navhash" href="#91">#</a>
						
              <code id="91">                 ^~~~~~~~~</code><br />
						
            
            <a class="navhash" href="#92">#</a>
						
              <code id="92">In file included from psycho_4.c:9:0:</code><br />
						
            
            <a class="navhash" href="#93">#</a>
						
              <code id="93">fft.h:9:14: warning: inline function 'atan_table' declared but never defined</code><br />
						
            
            <a class="navhash" href="#94">#</a>
						
              <code id="94"> INLINE FLOAT atan_table(FLOAT y, FLOAT x);</code><br />
						
            
            <a class="navhash" href="#95">#</a>
						
              <code id="95">              ^~~~~~~~~~</code><br />
						
            
            <a class="navhash" href="#96">#</a>
						
              <code id="96">cc -O2 -DNDEBUG -DINLINE=inline -march=x86-64 -pipe  -Wall -DNEWENCODE -DNEWATAN -c fft.c -o fft.o</code><br />
						
            
            <a class="navhash" href="#97">#</a>
						
              <code id="97">fft.c:1208:10: warning: 'atan_t' is static but used in inline function 'atan_table' which is not static</code><br />
						
            
            <a class="navhash" href="#98">#</a>
						
              <code id="98">   return(atan_t[index]);</code><br />
						
            
            <a class="navhash" href="#99">#</a>
						
              <code id="99">          ^~~~~~</code><br />
						
            
            <a class="navhash" href="#100">#</a>
						
              <code id="100">fft.c:1206:13: warning: 'atan_t' is static but used in inline function 'atan_table' which is not static</code><br />
						
            
            <a class="navhash" href="#101">#</a>
						
              <code id="101">     return( atan_t[index] - PI );</code><br />
						
            
            <a class="navhash" href="#102">#</a>
						
              <code id="102">             ^~~~~~</code><br />
						
            
            <a class="navhash" href="#103">#</a>
						
              <code id="103">fft.c:1203:14: warning: 'atan_t' is static but used in inline function 'atan_table' which is not static</code><br />
						
            
            <a class="navhash" href="#104">#</a>
						
              <code id="104">     return( -atan_t[index] );</code><br />
						
            
            <a class="navhash" href="#105">#</a>
						
              <code id="105">              ^~~~~~</code><br />
						
            
            <a class="navhash" href="#106">#</a>
						
              <code id="106">fft.c:1200:18: warning: 'atan_t' is static but used in inline function 'atan_table' which is not static</code><br />
						
            
            <a class="navhash" href="#107">#</a>
						
              <code id="107">     return( PI - atan_t[index] );</code><br />
						
            
            <a class="navhash" href="#108">#</a>
						
              <code id="108">                  ^~~~~~</code><br />
						
            
            <a class="navhash" href="#109">#</a>
						
              <code id="109">cc -O2 -DNDEBUG -DINLINE=inline -march=x86-64 -pipe  -Wall -DNEWENCODE -DNEWATAN -c subband.c -o subband.o</code><br />
						
            
            <a class="navhash" href="#110">#</a>
						
              <code id="110">In file included from subband.c:7:0:</code><br />
						
            
            <a class="navhash" href="#111">#</a>
						
              <code id="111">bitstream.h:12:13: warning: inline function 'putbits' declared but never defined</code><br />
						
            
            <a class="navhash" href="#112">#</a>
						
              <code id="112"> INLINE void putbits (Bit_stream_struc *, unsigned int, int);</code><br />
						
            
            <a class="navhash" href="#113">#</a>
						
              <code id="113">             ^~~~~~~</code><br />
						
            
            <a class="navhash" href="#114">#</a>
						
              <code id="114">cc -O2 -DNDEBUG -DINLINE=inline -march=x86-64 -pipe  -Wall -DNEWENCODE -DNEWATAN -c audio_read.c -o audio_read.o</code><br />
						
            
            <a class="navhash" href="#115">#</a>
						
              <code id="115">audio_read.c: In function 'parse_input_file':</code><br />
						
            
            <a class="navhash" href="#116">#</a>
						
              <code id="116">audio_read.c:332:7: warning: dereferencing type-punned pointer will break strict-aliasing rules [-Wstrict-aliasing]</code><br />
						
            
            <a class="navhash" href="#117">#</a>
						
              <code id="117">       samplerate = *(unsigned long *) (&wave_header_buffer[24]);</code><br />
						
            
            <a class="navhash" href="#118">#</a>
						
              <code id="118">       ^~~~~~~~~~</code><br />
						
            
            <a class="navhash" href="#119">#</a>
						
              <code id="119">audio_read.c:264:7: warning: variable 'wave_header_16bit' set but not used [-Wunused-but-set-variable]</code><br />
						
            
            <a class="navhash" href="#120">#</a>
						
              <code id="120">   int wave_header_16bit = -1;</code><br />
						
            
            <a class="navhash" href="#121">#</a>
						
              <code id="121">       ^~~~~~~~~~~~~~~~~</code><br />
						
            
            <a class="navhash" href="#122">#</a>
						
              <code id="122">audio_read.c:262:7: warning: variable 'wave_header_read' set but not used [-Wunused-but-set-variable]</code><br />
						
            
            <a class="navhash" href="#123">#</a>
						
              <code id="123">   int wave_header_read = 0;</code><br />
						
            
            <a class="navhash" href="#124">#</a>
						
              <code id="124">       ^~~~~~~~~~~~~~~~</code><br />
						
            
            <a class="navhash" href="#125">#</a>
						
              <code id="125">cc -O2 -DNDEBUG -DINLINE=inline -march=x86-64 -pipe  -Wall -DNEWENCODE -DNEWATAN -c bitstream.c -o bitstream.o</code><br />
						
            
            <a class="navhash" href="#126">#</a>
						
              <code id="126">cc -O2 -DNDEBUG -DINLINE=inline -march=x86-64 -pipe  -Wall -DNEWENCODE -DNEWATAN -c mem.c -o mem.o</code><br />
						
            
            <a class="navhash" href="#127">#</a>
						
              <code id="127">cc -O2 -DNDEBUG -DINLINE=inline -march=x86-64 -pipe  -Wall -DNEWENCODE -DNEWATAN -c crc.c -o crc.o</code><br />
						
            
            <a class="navhash" href="#128">#</a>
						
              <code id="128">cc -O2 -DNDEBUG -DINLINE=inline -march=x86-64 -pipe  -Wall -DNEWENCODE -DNEWATAN -c tables.c -o tables.o</code><br />
						
            
            <a class="navhash" href="#129">#</a>
						
              <code id="129">tables.c: In function 'pick_table':</code><br />
						
            
            <a class="navhash" href="#130">#</a>
						
              <code id="130">tables.c:21:14: warning: variable 'lay' set but not used [-Wunused-but-set-variable]</code><br />
						
            
            <a class="navhash" href="#131">#</a>
						
              <code id="131">   int table, lay, ws, bsp, br_per_ch, sfrq;</code><br />
						
            
            <a class="navhash" href="#132">#</a>
						
              <code id="132">              ^~~</code><br />
						
            
            <a class="navhash" href="#133">#</a>
						
              <code id="133">cc -O2 -DNDEBUG -DINLINE=inline -march=x86-64 -pipe  -Wall -DNEWENCODE -DNEWATAN -c availbits.c -o availbits.o</code><br />
						
            
            <a class="navhash" href="#134">#</a>
						
              <code id="134">cc -O2 -DNDEBUG -DINLINE=inline -march=x86-64 -pipe  -Wall -DNEWENCODE -DNEWATAN -c ath.c -o ath.o</code><br />
						
            
            <a class="navhash" href="#135">#</a>
						
              <code id="135">cc -O2 -DNDEBUG -DINLINE=inline -march=x86-64 -pipe  -Wall -DNEWENCODE -DNEWATAN -c encode_new.c -o encode_new.o</code><br />
						
            
            <a class="navhash" href="#136">#</a>
						
              <code id="136">encode_new.c: In function 'main_bit_allocation_new':</code><br />
						
            
            <a class="navhash" href="#137">#</a>
						
              <code id="137">encode_new.c:739:23: warning: variable 'lay' set but not used [-Wunused-but-set-variable]</code><br />
						
            
            <a class="navhash" href="#138">#</a>
						
              <code id="138">   int mode, mode_ext, lay;</code><br />
						
            
            <a class="navhash" href="#139">#</a>
						
              <code id="139">                       ^~~</code><br />
						
            
            <a class="navhash" href="#140">#</a>
						
              <code id="140">encode_new.c:738:7: warning: variable 'noisy_sbs' set but not used [-Wunused-but-set-variable]</code><br />
						
            
            <a class="navhash" href="#141">#</a>
						
              <code id="141">   int noisy_sbs;</code><br />
						
            
            <a class="navhash" href="#142">#</a>
						
              <code id="142">       ^~~~~~~~~</code><br />
						
            
            <a class="navhash" href="#143">#</a>
						
              <code id="143">In file included from encode_new.c:6:0:</code><br />
						
            
            <a class="navhash" href="#144">#</a>
						
              <code id="144">encode_new.c: At top level:</code><br />
						
            
            <a class="navhash" href="#145">#</a>
						
              <code id="145">bitstream.h:12:13: warning: inline function 'putbits' declared but never defined</code><br />
						
            
            <a class="navhash" href="#146">#</a>
						
              <code id="146"> INLINE void putbits (Bit_stream_struc *, unsigned int, int);</code><br />
						
            
            <a class="navhash" href="#147">#</a>
						
              <code id="147">             ^~~~~~~</code><br />
						
            
            <a class="navhash" href="#148">#</a>
						
              <code id="148">cc -o toolame common.o encode.o ieeefloat.o toolame.o portableio.o psycho_n1.o psycho_0.o psycho_1.o psycho_2.o psycho_3.o psycho_4.o fft.o subband.o audio_read.o bitstream.o mem.o crc.o tables.o availbits.o ath.o encode_new.o -lm</code><br />
						
            
            <a class="navhash" href="#149">#</a>
						
              <code id="149">toolame.o: In function `main':</code><br />
						
            
            <a class="navhash" href="#150">#</a>
						
              <code id="150">toolame.c:(.text.startup+0xc3b): undefined reference to `putbits'</code><br />
						
            
            <a class="navhash" href="#151">#</a>
						
              <code id="151">toolame.c:(.text.startup+0xca9): undefined reference to `putbits'</code><br />
						
            
            <a class="navhash" href="#152">#</a>
						
              <code id="152">toolame.c:(.text.startup+0xcbf): undefined reference to `putbits'</code><br />
						
            
            <a class="navhash" href="#153">#</a>
						
              <code id="153">toolame.c:(.text.startup+0xd01): undefined reference to `putbits'</code><br />
						
            
            <a class="navhash" href="#154">#</a>
						
              <code id="154">encode.o: In function `encode_info':</code><br />
						
            
            <a class="navhash" href="#155">#</a>
						
              <code id="155">encode.c:(.text+0x1a): undefined reference to `putbits'</code><br />
						
            
            <a class="navhash" href="#156">#</a>
						
              <code id="156">encode.o:encode.c:(.text+0x3a): more undefined references to `putbits' follow</code><br />
						
            
            <a class="navhash" href="#157">#</a>
						
              <code id="157">collect2: error: ld returned 1 exit status</code><br />
						
            
            <a class="navhash" href="#158">#</a>
						
              <code id="158">make: *** [Makefile:75: toolame] Error 1</code><br />
						
            
            <a class="navhash" href="#159">#</a>
						
              <code id="159">==> ERROR: A failure occurred in build().</code><br />
						
            
            <a class="navhash" href="#160">#</a>
						
              <code id="160">    Aborting...</code><br />
						
            
          </div>
        
      </div>
      <br />
    
      <div class="block">
        <div class="info">
          <code>Printing config.logs</code>
        </div>
        
      </div>
      <br />
    
  </body>
</html>