<!DOCTYPE html>
<html>
<!-- Jinja template for reports of individual builds

  Copyright 2016 Kareem Khazem. All Rights Reserved.
  Licensed under the Apache License, Version 2.0 (the "License");
  you may not use this file except in compliance with the License.
  You may obtain a copy of the License at

 		 http://www.apache.org/licenses/LICENSE-2.0

  Unless required by applicable law or agreed to in writing, software
  distributed under the License is distributed on an "AS IS" BASIS,
  WITHOUT WARRANTIES OR CONDITIONS OF ANY KIND, either express or
  implied.
  See the License for the specific language governing permissions and
  limitations under the License.
-->
  <head>
    <meta charset="UTF-8">
    <title>android/curseofwar</title>
    <link href='https://fonts.googleapis.com/css?family=Roboto:400,900'
          rel='stylesheet' type='text/css'>
    <link
    href='https://fonts.googleapis.com/css?family=Source+Code+Pro:400,700'
          rel='stylesheet' type='text/css'>
    <link href="../style.css" type="text/css" rel="stylesheet">
  </head>
  <body>
    <h1>Build of curseofwar
        with <a href="../index.html">android</a>
        toolchain</h1>
    <p>The build took 00h 00m 54s and was
    NOT successful.</p>
    <p>
    The program in this build is written in the following languages,
    according to <a
    href="http://www.dwheeler.com/sloccount/">sloccount</a>:
    </p>
    <table>
      <tr><th>SLOC</th><th>Language</th></tr>
      
      <tr><td class="loc"><code>3,305</code></td>
          <td class="lang">ansic</td></tr>
      <tr><td class="loc"><code>91</code></td>
          <td class="lang">makefile</td></tr>
      <tr><td><code>3,396</code></td>
          <td><em>total</em></td></tr>
    </table>
    <p>
      The process tree of the build process is <a
      href="curseofwar-tree.html">here</a>.
    </p>
    
    
    
    
    
    <h2>List of Errors</h2>
    <ul>
      
      <li>unknown_type
        <ul>
          
          <li><a href="#172">network.h:38:1: error: unknown type name 'in_port_t'</a></li>
          
          <li><a href="#212">network.c:31:1: error: unknown type name 'in_port_t'</a></li>
          
          <li><a href="#239">network.c:40:16: error: unknown type name 'uint8_t'</a></li>
          
          <li><a href="#242">network.c:40:35: error: unknown type name 'uint8_t'</a></li>
          
        </ul>
      </li>
      
    </ul>
    
    
    <h2>Log</h2>
    <p>
    To avoid scrolling, you may jump to the <a
    href="#473">last line</a> of the
    invocation of <code>makepkg</code> that was used to build this
    package.
    </p>
    
    
      <div class="block">
        <div class="info">
          <code>Removed vanilla repositories from pacman.conf and added:</code>
        </div>
        
          <div class="output">
            
            <a class="navhash" href="#1">#</a>
						
              <code id="1">[tuscan]</code><br />
						
            
            <a class="navhash" href="#2">#</a>
						
              <code id="2">Server = file:///var/cache/pacman/pkg/</code><br />
						
            
          </div>
        
      </div>
      <br />
    
      <div class="block">
        <div class="command">
          <code><span class="prompt">CMD: </span>pacman -Syy --noconfirm</code>
        </div>
        
          <div class="output">
            
            <a class="navhash" href="#3">#</a>
						
              <code id="3">:: Synchronizing package databases...</code><br />
						
            
            <a class="navhash" href="#4">#</a>
						
              <code id="4">downloading tuscan.db...</code><br />
						
            
          </div>
        
      </div>
      <br />
    
      <div class="block">
        <div class="info">
          <code>Copied permanent toolchain into container-local sysroot</code>
        </div>
        
          <div class="output">
            
            <a class="navhash" href="#5">#</a>
						
              <code id="5">/toolchain_root/arm-linux-androideabi  -->  /sysroot/arm-linux-androideabi</code><br />
						
            
            <a class="navhash" href="#6">#</a>
						
              <code id="6">/toolchain_root/COPYING3.LIB  -->  /sysroot/COPYING3.LIB</code><br />
						
            
            <a class="navhash" href="#7">#</a>
						
              <code id="7">/toolchain_root/sysroot  -->  /sysroot/sysroot</code><br />
						
            
            <a class="navhash" href="#8">#</a>
						
              <code id="8">/toolchain_root/COPYING.RUNTIME  -->  /sysroot/COPYING.RUNTIME</code><br />
						
            
            <a class="navhash" href="#9">#</a>
						
              <code id="9">/toolchain_root/lib  -->  /sysroot/lib</code><br />
						
            
            <a class="navhash" href="#10">#</a>
						
              <code id="10">/toolchain_root/SOURCES  -->  /sysroot/SOURCES</code><br />
						
            
            <a class="navhash" href="#11">#</a>
						
              <code id="11">/toolchain_root/lib64  -->  /sysroot/lib64</code><br />
						
            
            <a class="navhash" href="#12">#</a>
						
              <code id="12">/toolchain_root/share  -->  /sysroot/share</code><br />
						
            
            <a class="navhash" href="#13">#</a>
						
              <code id="13">/toolchain_root/bin  -->  /sysroot/bin</code><br />
						
            
            <a class="navhash" href="#14">#</a>
						
              <code id="14">/toolchain_root/COPYING  -->  /sysroot/COPYING</code><br />
						
            
            <a class="navhash" href="#15">#</a>
						
              <code id="15">/toolchain_root/COPYING3  -->  /sysroot/COPYING3</code><br />
						
            
            <a class="navhash" href="#16">#</a>
						
              <code id="16">/toolchain_root/COPYING.LIB  -->  /sysroot/COPYING.LIB</code><br />
						
            
            <a class="navhash" href="#17">#</a>
						
              <code id="17">/toolchain_root/include  -->  /sysroot/include</code><br />
						
            
            <a class="navhash" href="#18">#</a>
						
              <code id="18">/toolchain_root/libexec  -->  /sysroot/libexec</code><br />
						
            
          </div>
        
      </div>
      <br />
    
      <div class="block">
        <div class="command">
          <code><span class="prompt">CMD: </span>sudo -u tuscan PATH=/sysroot/bin:/sysroot/libexec/gcc/arm-linux-androideabi/4.8:/usr/local/sbin:/usr/local/bin:/usr/sbin:/usr/bin:/sbin:/bin CC=arm-linux-androideabi-gcc CXX=arm-linux-androideabi-g++ red makepkg --noextract --syncdeps --skipinteg --skippgpcheck --skipchecksums --noconfirm --nocolor --log --noprogressbar --nocheck</code>
        </div>
        
          <div class="output">
            
            <a class="navhash" href="#19">#</a>
						
              <code id="19">==> Making package: curseofwar 1.2.0-2 (Tue Apr  4 20:53:09 UTC 2017)</code><br />
						
            
            <a class="navhash" href="#20">#</a>
						
              <code id="20">==> Checking runtime dependencies...</code><br />
						
            
            <a class="navhash" href="#21">#</a>
						
              <code id="21">==> Checking buildtime dependencies...</code><br />
						
            
            <a class="navhash" href="#22">#</a>
						
              <code id="22">==> WARNING: Using existing $srcdir/ tree</code><br />
						
            
            <a class="navhash" href="#23">#</a>
						
              <code id="23">==> Starting build()...</code><br />
						
            
            <a class="navhash" href="#24">#</a>
						
              <code id="24">make: Entering directory '/tmp/curseofwar/src/curseofwar-1.2.0'</code><br />
						
            
            <a class="navhash" href="#25">#</a>
						
              <code id="25">gcc  -DVERSION="\"1.2.0\""  -Wall -O2 -c grid.c</code><br />
						
            
            <a class="navhash" href="#26">#</a>
						
              <code id="26">gcc  -DVERSION="\"1.2.0\""  -Wall -O2 -c state.c</code><br />
						
            
            <a class="navhash" href="#27">#</a>
						
              <code id="27">gcc  -DVERSION="\"1.2.0\""  -Wall -O2 -c king.c</code><br />
						
            
            <a class="navhash" href="#28">#</a>
						
              <code id="28">gcc  -DVERSION="\"1.2.0\""  -Wall -O2 -c network.c</code><br />
						
            
            <a class="navhash" href="#29">#</a>
						
              <code id="29">cc1: error: no include path in which to search for stdc-predef.h</code><br />
						
            
            <a class="navhash" href="#30">#</a>
						
              <code id="30">In file included from state.h:24:0,</code><br />
						
            
            <a class="navhash" href="#31">#</a>
						
              <code id="31">                 from state.c:20:</code><br />
						
            
            <a class="navhash" href="#32">#</a>
						
              <code id="32">grid.h:23:20: error: no include path in which to search for stdlib.h</code><br />
						
            
            <a class="navhash" href="#33">#</a>
						
              <code id="33"> #include <stdlib.h></code><br />
						
            
            <a class="navhash" href="#34">#</a>
						
              <code id="34">                    ^</code><br />
						
            
            <a class="navhash" href="#35">#</a>
						
              <code id="35">grid.h:24:19: error: no include path in which to search for stdio.h</code><br />
						
            
            <a class="navhash" href="#36">#</a>
						
              <code id="36"> #include <stdio.h></code><br />
						
            
            <a class="navhash" href="#37">#</a>
						
              <code id="37">                   ^</code><br />
						
            
            <a class="navhash" href="#38">#</a>
						
              <code id="38">grid.h:25:18: error: no include path in which to search for math.h</code><br />
						
            
            <a class="navhash" href="#39">#</a>
						
              <code id="39"> #include <math.h></code><br />
						
            
            <a class="navhash" href="#40">#</a>
						
              <code id="40">                  ^</code><br />
						
            
            <a class="navhash" href="#41">#</a>
						
              <code id="41">state.c:21:19: error: no include path in which to search for stdio.h</code><br />
						
            
            <a class="navhash" href="#42">#</a>
						
              <code id="42"> #include <stdio.h></code><br />
						
            
            <a class="navhash" href="#43">#</a>
						
              <code id="43">                   ^</code><br />
						
            
            <a class="navhash" href="#44">#</a>
						
              <code id="44">state.c:22:18: error: no include path in which to search for math.h</code><br />
						
            
            <a class="navhash" href="#45">#</a>
						
              <code id="45"> #include <math.h></code><br />
						
            
            <a class="navhash" href="#46">#</a>
						
              <code id="46">                  ^</code><br />
						
            
            <a class="navhash" href="#47">#</a>
						
              <code id="47">state.c: In function 'state_init':</code><br />
						
            
            <a class="navhash" href="#48">#</a>
						
              <code id="48">state.c:56:3: warning: implicit declaration of function 'rand' [-Wimplicit-function-declaration]</code><br />
						
            
            <a class="navhash" href="#49">#</a>
						
              <code id="49">   s->time = (1850 + rand()%100) * 360 + rand()%360;</code><br />
						
            
            <a class="navhash" href="#50">#</a>
						
              <code id="50">   ^</code><br />
						
            
            <a class="navhash" href="#51">#</a>
						
              <code id="51">state.c:101:3: warning: implicit declaration of function 'srand' [-Wimplicit-function-declaration]</code><br />
						
            
            <a class="navhash" href="#52">#</a>
						
              <code id="52">   srand(s->map_seed);</code><br />
						
            
            <a class="navhash" href="#53">#</a>
						
              <code id="53">   ^</code><br />
						
            
            <a class="navhash" href="#54">#</a>
						
              <code id="54">state.c: In function 'rnd_round':</code><br />
						
            
            <a class="navhash" href="#55">#</a>
						
              <code id="55">state.c:224:31: error: 'RAND_MAX' undeclared (first use in this function)</code><br />
						
            
            <a class="navhash" href="#56">#</a>
						
              <code id="56">   if ( (float)rand() / (float)RAND_MAX < (x - i) ) i++;</code><br />
						
            
            <a class="navhash" href="#57">#</a>
						
              <code id="57">                               ^</code><br />
						
            
            <a class="navhash" href="#58">#</a>
						
              <code id="58">state.c:224:31: note: each undeclared identifier is reported only once for each function it appears in</code><br />
						
            
            <a class="navhash" href="#59">#</a>
						
              <code id="59">cc1: error: no include path in which to search for stdc-predef.h</code><br />
						
            
            <a class="navhash" href="#60">#</a>
						
              <code id="60">In file included from grid.c:20:0:</code><br />
						
            
            <a class="navhash" href="#61">#</a>
						
              <code id="61">grid.h:23:20: error: no include path in which to search for stdlib.h</code><br />
						
            
            <a class="navhash" href="#62">#</a>
						
              <code id="62"> #include <stdlib.h></code><br />
						
            
            <a class="navhash" href="#63">#</a>
						
              <code id="63">                    ^</code><br />
						
            
            <a class="navhash" href="#64">#</a>
						
              <code id="64">grid.h:24:19: error: no include path in which to search for stdio.h</code><br />
						
            
            <a class="navhash" href="#65">#</a>
						
              <code id="65"> #include <stdio.h></code><br />
						
            
            <a class="navhash" href="#66">#</a>
						
              <code id="66">                   ^</code><br />
						
            
            <a class="navhash" href="#67">#</a>
						
              <code id="67">grid.h:25:18: error: no include path in which to search for math.h</code><br />
						
            
            <a class="navhash" href="#68">#</a>
						
              <code id="68"> #include <math.h></code><br />
						
            
            <a class="navhash" href="#69">#</a>
						
              <code id="69">                  ^</code><br />
						
            
            <a class="navhash" href="#70">#</a>
						
              <code id="70">grid.c: In function 'grid_init':</code><br />
						
            
            <a class="navhash" href="#71">#</a>
						
              <code id="71">grid.c:56:7: warning: implicit declaration of function 'rand' [-Wimplicit-function-declaration]</code><br />
						
            
            <a class="navhash" href="#72">#</a>
						
              <code id="72">       int x = rand() % 20;</code><br />
						
            
            <a class="navhash" href="#73">#</a>
						
              <code id="73">       ^</code><br />
						
            
            <a class="navhash" href="#74">#</a>
						
              <code id="74">cc1: error: no include path in which to search for stdc-predef.h</code><br />
						
            
            <a class="navhash" href="#75">#</a>
						
              <code id="75">In file included from king.h:23:0,</code><br />
						
            
            <a class="navhash" href="#76">#</a>
						
              <code id="76">                 from king.c:20:</code><br />
						
            
            <a class="navhash" href="#77">#</a>
						
              <code id="77">grid.h:23:20: error: no include path in which to search for stdlib.h</code><br />
						
            
            <a class="navhash" href="#78">#</a>
						
              <code id="78"> #include <stdlib.h></code><br />
						
            
            <a class="navhash" href="#79">#</a>
						
              <code id="79">                    ^</code><br />
						
            
            <a class="navhash" href="#80">#</a>
						
              <code id="80">grid.h:24:19: error: no include path in which to search for stdio.h</code><br />
						
            
            <a class="navhash" href="#81">#</a>
						
              <code id="81"> #include <stdio.h></code><br />
						
            
            <a class="navhash" href="#82">#</a>
						
              <code id="82">                   ^</code><br />
						
            
            <a class="navhash" href="#83">#</a>
						
              <code id="83">grid.h:25:18: error: no include path in which to search for math.h</code><br />
						
            
            <a class="navhash" href="#84">#</a>
						
              <code id="84"> #include <math.h></code><br />
						
            
            <a class="navhash" href="#85">#</a>
						
              <code id="85">                  ^</code><br />
						
            
            <a class="navhash" href="#86">#</a>
						
              <code id="86">king.c:21:18: error: no include path in which to search for math.h</code><br />
						
            
            <a class="navhash" href="#87">#</a>
						
              <code id="87"> #include <math.h></code><br />
						
            
            <a class="navhash" href="#88">#</a>
						
              <code id="88">                  ^</code><br />
						
            
            <a class="navhash" href="#89">#</a>
						
              <code id="89">make: *** [Makefile:76: state.o] Error 1</code><br />
						
            
            <a class="navhash" href="#90">#</a>
						
              <code id="90">make: *** Waiting for unfinished jobs....</code><br />
						
            
            <a class="navhash" href="#91">#</a>
						
              <code id="91">grid.c: In function 'eval_locations':</code><br />
						
            
            <a class="navhash" href="#92">#</a>
						
              <code id="92">grid.c:278:11: warning: implicit declaration of function 'exp' [-Wimplicit-function-declaration]</code><br />
						
            
            <a class="navhash" href="#93">#</a>
						
              <code id="93">           result[single_owner] += (int) ( 100.0 * (MAX_WIDTH + MAX_HEIGHT) * exp(-10.0 * (float)max_dist*min_dist / (MAX_WIDTH*MAX_HEIGHT)) );</code><br />
						
            
            <a class="navhash" href="#94">#</a>
						
              <code id="94">           ^</code><br />
						
            
            <a class="navhash" href="#95">#</a>
						
              <code id="95">grid.c:278:78: warning: incompatible implicit declaration of built-in function 'exp' [enabled by default]</code><br />
						
            
            <a class="navhash" href="#96">#</a>
						
              <code id="96">           result[single_owner] += (int) ( 100.0 * (MAX_WIDTH + MAX_HEIGHT) * exp(-10.0 * (float)max_dist*min_dist / (MAX_WIDTH*MAX_HEIGHT)) );</code><br />
						
            
            <a class="navhash" href="#97">#</a>
						
              <code id="97">                                                                              ^</code><br />
						
            
            <a class="navhash" href="#98">#</a>
						
              <code id="98">king.c: In function 'king_evaluate_map':</code><br />
						
            
            <a class="navhash" href="#99">#</a>
						
              <code id="99">king.c:115:11: warning: implicit declaration of function 'rand' [-Wimplicit-function-declaration]</code><br />
						
            
            <a class="navhash" href="#100">#</a>
						
              <code id="100">           x = x + rand()%7 - 3;</code><br />
						
            
            <a class="navhash" href="#101">#</a>
						
              <code id="101">           ^</code><br />
						
            
            <a class="navhash" href="#102">#</a>
						
              <code id="102">grid.c: In function 'conflict':</code><br />
						
            
            <a class="navhash" href="#103">#</a>
						
              <code id="103">king.c: In function 'action_aggr_greedy':</code><br />
						
            
            <a class="navhash" href="#104">#</a>
						
              <code id="104">king.c:212:7: warning: implicit declaration of function 'pow' [-Wimplicit-function-declaration]</code><br />
						
            
            <a class="navhash" href="#105">#</a>
						
              <code id="105">       float v = (float) k->value[i][j] * (2.0*enemy - army) * pow(army, 0.5); </code><br />
						
            
            <a class="navhash" href="#106">#</a>
						
              <code id="106">       ^</code><br />
						
            
            <a class="navhash" href="#107">#</a>
						
              <code id="107">grid.c:388:7: warning: implicit declaration of function 'pow' [-Wimplicit-function-declaration]</code><br />
						
            
            <a class="navhash" href="#108">#</a>
						
              <code id="108">       var += pow((float)eval_result[i] - avg, 2);</code><br />
						
            
            <a class="navhash" href="#109">#</a>
						
              <code id="109">       ^</code><br />
						
            
            <a class="navhash" href="#110">#</a>
						
              <code id="110">king.c:212:63: warning: incompatible implicit declaration of built-in function 'pow' [enabled by default]</code><br />
						
            
            <a class="navhash" href="#111">#</a>
						
              <code id="111">       float v = (float) k->value[i][j] * (2.0*enemy - army) * pow(army, 0.5); </code><br />
						
            
            <a class="navhash" href="#112">#</a>
						
              <code id="112">                                                               ^</code><br />
						
            
            <a class="navhash" href="#113">#</a>
						
              <code id="113">grid.c:388:14: warning: incompatible implicit declaration of built-in function 'pow' [enabled by default]</code><br />
						
            
            <a class="navhash" href="#114">#</a>
						
              <code id="114">       var += pow((float)eval_result[i] - avg, 2);</code><br />
						
            
            <a class="navhash" href="#115">#</a>
						
              <code id="115">              ^</code><br />
						
            
            <a class="navhash" href="#116">#</a>
						
              <code id="116">grid.c:391:5: warning: implicit declaration of function 'sqrt' [-Wimplicit-function-declaration]</code><br />
						
            
            <a class="navhash" href="#117">#</a>
						
              <code id="117">     float diff = sqrt(var);</code><br />
						
            
            <a class="navhash" href="#118">#</a>
						
              <code id="118">     ^</code><br />
						
            
            <a class="navhash" href="#119">#</a>
						
              <code id="119">grid.c:391:18: warning: incompatible implicit declaration of built-in function 'sqrt' [enabled by default]</code><br />
						
            
            <a class="navhash" href="#120">#</a>
						
              <code id="120">     float diff = sqrt(var);</code><br />
						
            
            <a class="navhash" href="#121">#</a>
						
              <code id="121">                  ^</code><br />
						
            
            <a class="navhash" href="#122">#</a>
						
              <code id="122">king.c: In function 'action_one_greedy':</code><br />
						
            
            <a class="navhash" href="#123">#</a>
						
              <code id="123">king.c:237:63: warning: incompatible implicit declaration of built-in function 'pow' [enabled by default]</code><br />
						
            
            <a class="navhash" href="#124">#</a>
						
              <code id="124">       float v = (float) k->value[i][j] * (5.0*enemy - army) * pow(army, 0.5); </code><br />
						
            
            <a class="navhash" href="#125">#</a>
						
              <code id="125">                                                               ^</code><br />
						
            
            <a class="navhash" href="#126">#</a>
						
              <code id="126">grid.c:403:3: warning: implicit declaration of function 'malloc' [-Wimplicit-function-declaration]</code><br />
						
            
            <a class="navhash" href="#127">#</a>
						
              <code id="127">   int *sh_players_comp = (int*)malloc(sizeof(int)*players_num);</code><br />
						
            
            <a class="navhash" href="#128">#</a>
						
              <code id="128">   ^</code><br />
						
            
            <a class="navhash" href="#129">#</a>
						
              <code id="129">king.c: In function 'action_persistent_greedy':</code><br />
						
            
            <a class="navhash" href="#130">#</a>
						
              <code id="130">grid.c:403:32: warning: incompatible implicit declaration of built-in function 'malloc' [enabled by default]</code><br />
						
            
            <a class="navhash" href="#131">#</a>
						
              <code id="131">   int *sh_players_comp = (int*)malloc(sizeof(int)*players_num);</code><br />
						
            
            <a class="navhash" href="#132">#</a>
						
              <code id="132">                                ^</code><br />
						
            
            <a class="navhash" href="#133">#</a>
						
              <code id="133">king.c:258:64: warning: incompatible implicit declaration of built-in function 'pow' [enabled by default]</code><br />
						
            
            <a class="navhash" href="#134">#</a>
						
              <code id="134">       float v1 = (float) k->value[i][j] * (2.5*enemy - army) * pow(army, 0.7); </code><br />
						
            
            <a class="navhash" href="#135">#</a>
						
              <code id="135">                                                                ^</code><br />
						
            
            <a class="navhash" href="#136">#</a>
						
              <code id="136">king.c: In function 'action_opportunist':</code><br />
						
            
            <a class="navhash" href="#137">#</a>
						
              <code id="137">king.c:291:71: warning: incompatible implicit declaration of built-in function 'pow' [enabled by default]</code><br />
						
            
            <a class="navhash" href="#138">#</a>
						
              <code id="138">       float v = (float) k->value[i][j] * (MAX_POP - (enemy - army)) * pow(army, 0.5); </code><br />
						
            
            <a class="navhash" href="#139">#</a>
						
              <code id="139">                                                                       ^</code><br />
						
            
            <a class="navhash" href="#140">#</a>
						
              <code id="140">grid.c:451:3: warning: implicit declaration of function 'free' [-Wimplicit-function-declaration]</code><br />
						
            
            <a class="navhash" href="#141">#</a>
						
              <code id="141">   free(sh_players);</code><br />
						
            
            <a class="navhash" href="#142">#</a>
						
              <code id="142">   ^</code><br />
						
            
            <a class="navhash" href="#143">#</a>
						
              <code id="143">grid.c:451:3: warning: incompatible implicit declaration of built-in function 'free' [enabled by default]</code><br />
						
            
            <a class="navhash" href="#144">#</a>
						
              <code id="144">cc1: error: no include path in which to search for stdc-predef.h</code><br />
						
            
            <a class="navhash" href="#145">#</a>
						
              <code id="145">In file included from network.c:21:0:</code><br />
						
            
            <a class="navhash" href="#146">#</a>
						
              <code id="146">network.h:24:23: error: no include path in which to search for sys/types.h</code><br />
						
            
            <a class="navhash" href="#147">#</a>
						
              <code id="147"> #include <sys/types.h></code><br />
						
            
            <a class="navhash" href="#148">#</a>
						
              <code id="148">                       ^</code><br />
						
            
            <a class="navhash" href="#149">#</a>
						
              <code id="149">network.h:25:24: error: no include path in which to search for sys/socket.h</code><br />
						
            
            <a class="navhash" href="#150">#</a>
						
              <code id="150"> #include <sys/socket.h></code><br />
						
            
            <a class="navhash" href="#151">#</a>
						
              <code id="151">                        ^</code><br />
						
            
            <a class="navhash" href="#152">#</a>
						
              <code id="152">network.h:26:19: error: no include path in which to search for netdb.h</code><br />
						
            
            <a class="navhash" href="#153">#</a>
						
              <code id="153"> #include <netdb.h></code><br />
						
            
            <a class="navhash" href="#154">#</a>
						
              <code id="154">                   ^</code><br />
						
            
            <a class="navhash" href="#155">#</a>
						
              <code id="155">network.h:27:19: error: no include path in which to search for stdio.h</code><br />
						
            
            <a class="navhash" href="#156">#</a>
						
              <code id="156"> #include <stdio.h></code><br />
						
            
            <a class="navhash" href="#157">#</a>
						
              <code id="157">                   ^</code><br />
						
            
            <a class="navhash" href="#158">#</a>
						
              <code id="158">network.h:28:20: error: no include path in which to search for stdlib.h</code><br />
						
            
            <a class="navhash" href="#159">#</a>
						
              <code id="159"> #include <stdlib.h></code><br />
						
            
            <a class="navhash" href="#160">#</a>
						
              <code id="160">                    ^</code><br />
						
            
            <a class="navhash" href="#161">#</a>
						
              <code id="161">network.h:29:20: error: no include path in which to search for unistd.h</code><br />
						
            
            <a class="navhash" href="#162">#</a>
						
              <code id="162"> #include <unistd.h></code><br />
						
            
            <a class="navhash" href="#163">#</a>
						
              <code id="163">                    ^</code><br />
						
            
            <a class="navhash" href="#164">#</a>
						
              <code id="164">network.h:30:20: error: no include path in which to search for string.h</code><br />
						
            
            <a class="navhash" href="#165">#</a>
						
              <code id="165"> #include <string.h></code><br />
						
            
            <a class="navhash" href="#166">#</a>
						
              <code id="166">                    ^</code><br />
						
            
            <a class="navhash" href="#167">#</a>
						
              <code id="167">network.h:35:26: warning: 'struct sockaddr' declared inside parameter list [enabled by default]</code><br />
						
            
            <a class="navhash" href="#168">#</a>
						
              <code id="168"> void *get_in_addr(struct sockaddr *sa);</code><br />
						
            
            <a class="navhash" href="#169">#</a>
						
              <code id="169">                          ^</code><br />
						
            
            <a class="navhash" href="#170">#</a>
						
              <code id="170">network.h:35:26: warning: its scope is only this definition or declaration, which is probably not what you want [enabled by default]</code><br />
						
            
            <a class="navhash" href="#171">#</a>
						
              <code id="171">king.c: In function 'action_noble':</code><br />
						
            
            <a class="navhash" href="#172">#</a>
						<span class="error">
              <code id="172">network.h:38:1: error: unknown type name 'in_port_t'</code><br />
						</span>
            
            <a class="navhash" href="#173">#</a>
						
              <code id="173"> in_port_t get_in_port(struct sockaddr *sa);</code><br />
						
            
            <a class="navhash" href="#174">#</a>
						
              <code id="174"> ^</code><br />
						
            
            <a class="navhash" href="#175">#</a>
						
              <code id="175">network.h:38:30: warning: 'struct sockaddr' declared inside parameter list [enabled by default]</code><br />
						
            
            <a class="navhash" href="#176">#</a>
						
              <code id="176"> in_port_t get_in_port(struct sockaddr *sa);</code><br />
						
            
            <a class="navhash" href="#177">#</a>
						
              <code id="177">                              ^</code><br />
						
            
            <a class="navhash" href="#178">#</a>
						
              <code id="178">king.c:349:71: warning: incompatible implicit declaration of built-in function 'pow' [enabled by default]</code><br />
						
            
            <a class="navhash" href="#179">#</a>
						
              <code id="179">       float v = (float) k->value[i][j] * (MAX_POP - (enemy - army)) * pow(army, 0.5); </code><br />
						
            
            <a class="navhash" href="#180">#</a>
						
              <code id="180">                                                                       ^</code><br />
						
            
            <a class="navhash" href="#181">#</a>
						
              <code id="181">network.h:42:52: warning: 'struct sockaddr_storage' declared inside parameter list [enabled by default]</code><br />
						
            
            <a class="navhash" href="#182">#</a>
						
              <code id="182"> int sa_match (struct sockaddr_storage *sa1, struct sockaddr_storage *sa2);</code><br />
						
            
            <a class="navhash" href="#183">#</a>
						
              <code id="183">                                                    ^</code><br />
						
            
            <a class="navhash" href="#184">#</a>
						
              <code id="184">network.h:45:45: warning: 'struct addrinfo' declared inside parameter list [enabled by default]</code><br />
						
            
            <a class="navhash" href="#185">#</a>
						
              <code id="185"> int client_init_session(int*, char*, struct addrinfo *p_addr, char*, char*);</code><br />
						
            
            <a class="navhash" href="#186">#</a>
						
              <code id="186">                                             ^</code><br />
						
            
            <a class="navhash" href="#187">#</a>
						
              <code id="187">network.c:23:26: warning: 'struct sockaddr' declared inside parameter list [enabled by default]</code><br />
						
            
            <a class="navhash" href="#188">#</a>
						
              <code id="188"> void *get_in_addr(struct sockaddr *sa) {</code><br />
						
            
            <a class="navhash" href="#189">#</a>
						
              <code id="189">                          ^</code><br />
						
            
            <a class="navhash" href="#190">#</a>
						
              <code id="190">network.c:23:7: error: conflicting types for 'get_in_addr'</code><br />
						
            
            <a class="navhash" href="#191">#</a>
						
              <code id="191"> void *get_in_addr(struct sockaddr *sa) {</code><br />
						
            
            <a class="navhash" href="#192">#</a>
						
              <code id="192">       ^</code><br />
						
            
            <a class="navhash" href="#193">#</a>
						
              <code id="193">In file included from network.c:21:0:</code><br />
						
            
            <a class="navhash" href="#194">#</a>
						
              <code id="194">network.h:35:7: note: previous declaration of 'get_in_addr' was here</code><br />
						
            
            <a class="navhash" href="#195">#</a>
						
              <code id="195"> void *get_in_addr(struct sockaddr *sa);</code><br />
						
            
            <a class="navhash" href="#196">#</a>
						
              <code id="196">       ^</code><br />
						
            
            <a class="navhash" href="#197">#</a>
						
              <code id="197">network.c: In function 'get_in_addr':</code><br />
						
            
            <a class="navhash" href="#198">#</a>
						
              <code id="198">network.c:24:9: error: dereferencing pointer to incomplete type</code><br />
						
            
            <a class="navhash" href="#199">#</a>
						
              <code id="199">   if (sa->sa_family == AF_INET) {</code><br />
						
            
            <a class="navhash" href="#200">#</a>
						
              <code id="200">         ^</code><br />
						
            
            <a class="navhash" href="#201">#</a>
						
              <code id="201">network.c:24:24: error: 'AF_INET' undeclared (first use in this function)</code><br />
						
            
            <a class="navhash" href="#202">#</a>
						
              <code id="202">   if (sa->sa_family == AF_INET) {</code><br />
						
            
            <a class="navhash" href="#203">#</a>
						
              <code id="203">                        ^</code><br />
						
            
            <a class="navhash" href="#204">#</a>
						
              <code id="204">network.c:24:24: note: each undeclared identifier is reported only once for each function it appears in</code><br />
						
            
            <a class="navhash" href="#205">#</a>
						
              <code id="205">network.c:25:39: error: dereferencing pointer to incomplete type</code><br />
						
            
            <a class="navhash" href="#206">#</a>
						
              <code id="206">     return &(((struct sockaddr_in*)sa)->sin_addr);</code><br />
						
            
            <a class="navhash" href="#207">#</a>
						
              <code id="207">                                       ^</code><br />
						
            
            <a class="navhash" href="#208">#</a>
						
              <code id="208">network.c:27:38: error: dereferencing pointer to incomplete type</code><br />
						
            
            <a class="navhash" href="#209">#</a>
						
              <code id="209">   return &(((struct sockaddr_in6*)sa)->sin6_addr);</code><br />
						
            
            <a class="navhash" href="#210">#</a>
						
              <code id="210">                                      ^</code><br />
						
            
            <a class="navhash" href="#211">#</a>
						
              <code id="211">network.c: At top level:</code><br />
						
            
            <a class="navhash" href="#212">#</a>
						<span class="error">
              <code id="212">network.c:31:1: error: unknown type name 'in_port_t'</code><br />
						</span>
            
            <a class="navhash" href="#213">#</a>
						
              <code id="213"> in_port_t get_in_port(struct sockaddr *sa) {</code><br />
						
            
            <a class="navhash" href="#214">#</a>
						
              <code id="214"> ^</code><br />
						
            
            <a class="navhash" href="#215">#</a>
						
              <code id="215">network.c:31:30: warning: 'struct sockaddr' declared inside parameter list [enabled by default]</code><br />
						
            
            <a class="navhash" href="#216">#</a>
						
              <code id="216"> in_port_t get_in_port(struct sockaddr *sa) {</code><br />
						
            
            <a class="navhash" href="#217">#</a>
						
              <code id="217">                              ^</code><br />
						
            
            <a class="navhash" href="#218">#</a>
						
              <code id="218">network.c:31:11: error: conflicting types for 'get_in_port'</code><br />
						
            
            <a class="navhash" href="#219">#</a>
						
              <code id="219"> in_port_t get_in_port(struct sockaddr *sa) {</code><br />
						
            
            <a class="navhash" href="#220">#</a>
						
              <code id="220">           ^</code><br />
						
            
            <a class="navhash" href="#221">#</a>
						
              <code id="221">In file included from network.c:21:0:</code><br />
						
            
            <a class="navhash" href="#222">#</a>
						
              <code id="222">network.h:38:11: note: previous declaration of 'get_in_port' was here</code><br />
						
            
            <a class="navhash" href="#223">#</a>
						
              <code id="223"> in_port_t get_in_port(struct sockaddr *sa);</code><br />
						
            
            <a class="navhash" href="#224">#</a>
						
              <code id="224">           ^</code><br />
						
            
            <a class="navhash" href="#225">#</a>
						
              <code id="225">network.c: In function 'get_in_port':</code><br />
						
            
            <a class="navhash" href="#226">#</a>
						
              <code id="226">network.c:32:9: error: dereferencing pointer to incomplete type</code><br />
						
            
            <a class="navhash" href="#227">#</a>
						
              <code id="227">   if (sa->sa_family == AF_INET) {</code><br />
						
            
            <a class="navhash" href="#228">#</a>
						
              <code id="228">         ^</code><br />
						
            
            <a class="navhash" href="#229">#</a>
						
              <code id="229">network.c:32:24: error: 'AF_INET' undeclared (first use in this function)</code><br />
						
            
            <a class="navhash" href="#230">#</a>
						
              <code id="230">   if (sa->sa_family == AF_INET) {</code><br />
						
            
            <a class="navhash" href="#231">#</a>
						
              <code id="231">                        ^</code><br />
						
            
            <a class="navhash" href="#232">#</a>
						
              <code id="232">network.c:33:38: error: dereferencing pointer to incomplete type</code><br />
						
            
            <a class="navhash" href="#233">#</a>
						
              <code id="233">     return (((struct sockaddr_in*)sa)->sin_port);</code><br />
						
            
            <a class="navhash" href="#234">#</a>
						
              <code id="234">                                      ^</code><br />
						
            
            <a class="navhash" href="#235">#</a>
						
              <code id="235">network.c:35:37: error: dereferencing pointer to incomplete type</code><br />
						
            
            <a class="navhash" href="#236">#</a>
						
              <code id="236">   return (((struct sockaddr_in6*)sa)->sin6_port);</code><br />
						
            
            <a class="navhash" href="#237">#</a>
						
              <code id="237">                                     ^</code><br />
						
            
            <a class="navhash" href="#238">#</a>
						
              <code id="238">network.c: At top level:</code><br />
						
            
            <a class="navhash" href="#239">#</a>
						<span class="error">
              <code id="239">network.c:40:16: error: unknown type name 'uint8_t'</code><br />
						</span>
            
            <a class="navhash" href="#240">#</a>
						
              <code id="240"> int eq_6_addr (uint8_t s1[SIZE6], uint8_t s2[SIZE6]) {</code><br />
						
            
            <a class="navhash" href="#241">#</a>
						
              <code id="241">                ^</code><br />
						
            
            <a class="navhash" href="#242">#</a>
						<span class="error">
              <code id="242">network.c:40:35: error: unknown type name 'uint8_t'</code><br />
						</span>
            
            <a class="navhash" href="#243">#</a>
						
              <code id="243"> int eq_6_addr (uint8_t s1[SIZE6], uint8_t s2[SIZE6]) {</code><br />
						
            
            <a class="navhash" href="#244">#</a>
						
              <code id="244">                                   ^</code><br />
						
            
            <a class="navhash" href="#245">#</a>
						
              <code id="245">grid.c: In function 'remove_flags_with_prob':</code><br />
						
            
            <a class="navhash" href="#246">#</a>
						
              <code id="246">network.c:49:52: warning: 'struct sockaddr_storage' declared inside parameter list [enabled by default]</code><br />
						
            
            <a class="navhash" href="#247">#</a>
						
              <code id="247"> int sa_match (struct sockaddr_storage *sa1, struct sockaddr_storage *sa2) {</code><br />
						
            
            <a class="navhash" href="#248">#</a>
						
              <code id="248">                                                    ^</code><br />
						
            
            <a class="navhash" href="#249">#</a>
						
              <code id="249">network.c:49:5: error: conflicting types for 'sa_match'</code><br />
						
            
            <a class="navhash" href="#250">#</a>
						
              <code id="250"> int sa_match (struct sockaddr_storage *sa1, struct sockaddr_storage *sa2) {</code><br />
						
            
            <a class="navhash" href="#251">#</a>
						
              <code id="251">     ^</code><br />
						
            
            <a class="navhash" href="#252">#</a>
						
              <code id="252">In file included from network.c:21:0:</code><br />
						
            
            <a class="navhash" href="#253">#</a>
						
              <code id="253">network.h:42:5: note: previous declaration of 'sa_match' was here</code><br />
						
            
            <a class="navhash" href="#254">#</a>
						
              <code id="254"> int sa_match (struct sockaddr_storage *sa1, struct sockaddr_storage *sa2);</code><br />
						
            
            <a class="navhash" href="#255">#</a>
						
              <code id="255">     ^</code><br />
						
            
            <a class="navhash" href="#256">#</a>
						
              <code id="256">network.c: In function 'sa_match':</code><br />
						
            
            <a class="navhash" href="#257">#</a>
						
              <code id="257">grid.c:568:45: error: 'RAND_MAX' undeclared (first use in this function)</code><br />
						
            
            <a class="navhash" href="#258">#</a>
						
              <code id="258">       if (fg->flag[i][j] && (float)rand() / RAND_MAX <= prob) { </code><br />
						
            
            <a class="navhash" href="#259">#</a>
						
              <code id="259">                                             ^</code><br />
						
            
            <a class="navhash" href="#260">#</a>
						
              <code id="260">network.c:54:11: error: dereferencing pointer to incomplete type</code><br />
						
            
            <a class="navhash" href="#261">#</a>
						
              <code id="261">       ( s1->sa_family == AF_INET && s2->sa_family == AF_INET &&</code><br />
						
            
            <a class="navhash" href="#262">#</a>
						
              <code id="262">           ^</code><br />
						
            
            <a class="navhash" href="#263">#</a>
						
              <code id="263">grid.c:568:45: note: each undeclared identifier is reported only once for each function it appears in</code><br />
						
            
            <a class="navhash" href="#264">#</a>
						
              <code id="264">network.c:54:26: error: 'AF_INET' undeclared (first use in this function)</code><br />
						
            
            <a class="navhash" href="#265">#</a>
						
              <code id="265">       ( s1->sa_family == AF_INET && s2->sa_family == AF_INET &&</code><br />
						
            
            <a class="navhash" href="#266">#</a>
						
              <code id="266">                          ^</code><br />
						
            
            <a class="navhash" href="#267">#</a>
						
              <code id="267">network.c:54:39: error: dereferencing pointer to incomplete type</code><br />
						
            
            <a class="navhash" href="#268">#</a>
						
              <code id="268">       ( s1->sa_family == AF_INET && s2->sa_family == AF_INET &&</code><br />
						
            
            <a class="navhash" href="#269">#</a>
						
              <code id="269">                                       ^</code><br />
						
            
            <a class="navhash" href="#270">#</a>
						
              <code id="270">network.c:55:34: error: dereferencing pointer to incomplete type</code><br />
						
            
            <a class="navhash" href="#271">#</a>
						
              <code id="271">         ((struct sockaddr_in*)s1)->sin_addr.s_addr == ((struct sockaddr_in*)s2)->sin_addr.s_addr ) </code><br />
						
            
            <a class="navhash" href="#272">#</a>
						
              <code id="272">                                  ^</code><br />
						
            
            <a class="navhash" href="#273">#</a>
						
              <code id="273">network.c:55:80: error: dereferencing pointer to incomplete type</code><br />
						
            
            <a class="navhash" href="#274">#</a>
						
              <code id="274">         ((struct sockaddr_in*)s1)->sin_addr.s_addr == ((struct sockaddr_in*)s2)->sin_addr.s_addr ) </code><br />
						
            
            <a class="navhash" href="#275">#</a>
						
              <code id="275">                                                                                ^</code><br />
						
            
            <a class="navhash" href="#276">#</a>
						
              <code id="276">network.c:58:11: error: dereferencing pointer to incomplete type</code><br />
						
            
            <a class="navhash" href="#277">#</a>
						
              <code id="277">       ( s1->sa_family == AF_INET6 && s2->sa_family == AF_INET6 &&</code><br />
						
            
            <a class="navhash" href="#278">#</a>
						
              <code id="278">           ^</code><br />
						
            
            <a class="navhash" href="#279">#</a>
						
              <code id="279">network.c:58:26: error: 'AF_INET6' undeclared (first use in this function)</code><br />
						
            
            <a class="navhash" href="#280">#</a>
						
              <code id="280">       ( s1->sa_family == AF_INET6 && s2->sa_family == AF_INET6 &&</code><br />
						
            
            <a class="navhash" href="#281">#</a>
						
              <code id="281">                          ^</code><br />
						
            
            <a class="navhash" href="#282">#</a>
						
              <code id="282">network.c:58:40: error: dereferencing pointer to incomplete type</code><br />
						
            
            <a class="navhash" href="#283">#</a>
						
              <code id="283">       ( s1->sa_family == AF_INET6 && s2->sa_family == AF_INET6 &&</code><br />
						
            
            <a class="navhash" href="#284">#</a>
						
              <code id="284">                                        ^</code><br />
						
            
            <a class="navhash" href="#285">#</a>
						
              <code id="285">network.c:59:9: warning: implicit declaration of function 'eq_6_addr' [-Wimplicit-function-declaration]</code><br />
						
            
            <a class="navhash" href="#286">#</a>
						
              <code id="286">         eq_6_addr (</code><br />
						
            
            <a class="navhash" href="#287">#</a>
						
              <code id="287">         ^</code><br />
						
            
            <a class="navhash" href="#288">#</a>
						
              <code id="288">network.c:60:37: error: dereferencing pointer to incomplete type</code><br />
						
            
            <a class="navhash" href="#289">#</a>
						
              <code id="289">           ((struct sockaddr_in6*)s1)->sin6_addr.s6_addr, </code><br />
						
            
            <a class="navhash" href="#290">#</a>
						
              <code id="290">                                     ^</code><br />
						
            
            <a class="navhash" href="#291">#</a>
						
              <code id="291">network.c:61:37: error: dereferencing pointer to incomplete type</code><br />
						
            
            <a class="navhash" href="#292">#</a>
						
              <code id="292">           ((struct sockaddr_in6*)s2)->sin6_addr.s6_addr ) )</code><br />
						
            
            <a class="navhash" href="#293">#</a>
						
              <code id="293">                                     ^</code><br />
						
            
            <a class="navhash" href="#294">#</a>
						
              <code id="294">network.c:64:5: warning: passing argument 1 of 'get_in_port' from incompatible pointer type [enabled by default]</code><br />
						
            
            <a class="navhash" href="#295">#</a>
						
              <code id="295">     ( get_in_port(s1) == get_in_port(s2) );</code><br />
						
            
            <a class="navhash" href="#296">#</a>
						
              <code id="296">     ^</code><br />
						
            
            <a class="navhash" href="#297">#</a>
						
              <code id="297">network.c:31:11: note: expected 'struct sockaddr *' but argument is of type 'struct sockaddr *'</code><br />
						
            
            <a class="navhash" href="#298">#</a>
						
              <code id="298"> in_port_t get_in_port(struct sockaddr *sa) {</code><br />
						
            
            <a class="navhash" href="#299">#</a>
						
              <code id="299">           ^</code><br />
						
            
            <a class="navhash" href="#300">#</a>
						
              <code id="300">network.c:64:5: warning: passing argument 1 of 'get_in_port' from incompatible pointer type [enabled by default]</code><br />
						
            
            <a class="navhash" href="#301">#</a>
						
              <code id="301">     ( get_in_port(s1) == get_in_port(s2) );</code><br />
						
            
            <a class="navhash" href="#302">#</a>
						
              <code id="302">     ^</code><br />
						
            
            <a class="navhash" href="#303">#</a>
						
              <code id="303">network.c:31:11: note: expected 'struct sockaddr *' but argument is of type 'struct sockaddr *'</code><br />
						
            
            <a class="navhash" href="#304">#</a>
						
              <code id="304"> in_port_t get_in_port(struct sockaddr *sa) {</code><br />
						
            
            <a class="navhash" href="#305">#</a>
						
              <code id="305">           ^</code><br />
						
            
            <a class="navhash" href="#306">#</a>
						
              <code id="306">network.c: In function 'server_init':</code><br />
						
            
            <a class="navhash" href="#307">#</a>
						
              <code id="307">network.c:70:19: error: storage size of 'hints' isn't known</code><br />
						
            
            <a class="navhash" href="#308">#</a>
						
              <code id="308">   struct addrinfo hints;</code><br />
						
            
            <a class="navhash" href="#309">#</a>
						
              <code id="309">                   ^</code><br />
						
            
            <a class="navhash" href="#310">#</a>
						
              <code id="310">network.c:74:3: warning: implicit declaration of function 'memset' [-Wimplicit-function-declaration]</code><br />
						
            
            <a class="navhash" href="#311">#</a>
						
              <code id="311">   memset(&hints, 0, sizeof(struct addrinfo));</code><br />
						
            
            <a class="navhash" href="#312">#</a>
						
              <code id="312">   ^</code><br />
						
            
            <a class="navhash" href="#313">#</a>
						
              <code id="313">network.c:74:3: warning: incompatible implicit declaration of built-in function 'memset' [enabled by default]</code><br />
						
            
            <a class="navhash" href="#314">#</a>
						
              <code id="314">network.c:74:28: error: invalid application of 'sizeof' to incomplete type 'struct addrinfo'</code><br />
						
            
            <a class="navhash" href="#315">#</a>
						
              <code id="315">   memset(&hints, 0, sizeof(struct addrinfo));</code><br />
						
            
            <a class="navhash" href="#316">#</a>
						
              <code id="316">                            ^</code><br />
						
            
            <a class="navhash" href="#317">#</a>
						
              <code id="317">network.c:75:21: error: 'AF_UNSPEC' undeclared (first use in this function)</code><br />
						
            
            <a class="navhash" href="#318">#</a>
						
              <code id="318">   hints.ai_family = AF_UNSPEC;    /* Allow IPv4 or IPv6 */</code><br />
						
            
            <a class="navhash" href="#319">#</a>
						
              <code id="319">                     ^</code><br />
						
            
            <a class="navhash" href="#320">#</a>
						
              <code id="320">network.c:76:23: error: 'SOCK_DGRAM' undeclared (first use in this function)</code><br />
						
            
            <a class="navhash" href="#321">#</a>
						
              <code id="321">   hints.ai_socktype = SOCK_DGRAM; /* Datagram socket */</code><br />
						
            
            <a class="navhash" href="#322">#</a>
						
              <code id="322">                       ^</code><br />
						
            
            <a class="navhash" href="#323">#</a>
						
              <code id="323">network.c:77:20: error: 'AI_PASSIVE' undeclared (first use in this function)</code><br />
						
            
            <a class="navhash" href="#324">#</a>
						
              <code id="324">   hints.ai_flags = AI_PASSIVE;    /* For wildcard IP address */</code><br />
						
            
            <a class="navhash" href="#325">#</a>
						
              <code id="325">                    ^</code><br />
						
            
            <a class="navhash" href="#326">#</a>
						
              <code id="326">network.c:79:24: error: 'NULL' undeclared (first use in this function)</code><br />
						
            
            <a class="navhash" href="#327">#</a>
						
              <code id="327">   hints.ai_canonname = NULL;</code><br />
						
            
            <a class="navhash" href="#328">#</a>
						
              <code id="328">                        ^</code><br />
						
            
            <a class="navhash" href="#329">#</a>
						
              <code id="329">network.c:83:3: warning: implicit declaration of function 'getaddrinfo' [-Wimplicit-function-declaration]</code><br />
						
            
            <a class="navhash" href="#330">#</a>
						
              <code id="330">   s = getaddrinfo(NULL, str_port, &hints, &result);</code><br />
						
            
            <a class="navhash" href="#331">#</a>
						
              <code id="331">   ^</code><br />
						
            
            <a class="navhash" href="#332">#</a>
						
              <code id="332">network.c:85:5: warning: implicit declaration of function 'fprintf' [-Wimplicit-function-declaration]</code><br />
						
            
            <a class="navhash" href="#333">#</a>
						
              <code id="333">     fprintf(stderr, "getaddrinfo: %s\n", gai_strerror(s));</code><br />
						
            
            <a class="navhash" href="#334">#</a>
						
              <code id="334">     ^</code><br />
						
            
            <a class="navhash" href="#335">#</a>
						
              <code id="335">network.c:85:5: warning: incompatible implicit declaration of built-in function 'fprintf' [enabled by default]</code><br />
						
            
            <a class="navhash" href="#336">#</a>
						
              <code id="336">network.c:85:13: error: 'stderr' undeclared (first use in this function)</code><br />
						
            
            <a class="navhash" href="#337">#</a>
						
              <code id="337">     fprintf(stderr, "getaddrinfo: %s\n", gai_strerror(s));</code><br />
						
            
            <a class="navhash" href="#338">#</a>
						
              <code id="338">             ^</code><br />
						
            
            <a class="navhash" href="#339">#</a>
						
              <code id="339">network.c:85:5: warning: implicit declaration of function 'gai_strerror' [-Wimplicit-function-declaration]</code><br />
						
            
            <a class="navhash" href="#340">#</a>
						
              <code id="340">     fprintf(stderr, "getaddrinfo: %s\n", gai_strerror(s));</code><br />
						
            
            <a class="navhash" href="#341">#</a>
						
              <code id="341">     ^</code><br />
						
            
            <a class="navhash" href="#342">#</a>
						
              <code id="342">network.c:94:40: error: dereferencing pointer to incomplete type</code><br />
						
            
            <a class="navhash" href="#343">#</a>
						
              <code id="343">   for (rp = result; rp != NULL; rp = rp->ai_next) {</code><br />
						
            
            <a class="navhash" href="#344">#</a>
						
              <code id="344">                                        ^</code><br />
						
            
            <a class="navhash" href="#345">#</a>
						
              <code id="345">network.c:95:5: warning: implicit declaration of function 'socket' [-Wimplicit-function-declaration]</code><br />
						
            
            <a class="navhash" href="#346">#</a>
						
              <code id="346">     *p_sfd = socket(rp->ai_family, rp->ai_socktype,</code><br />
						
            
            <a class="navhash" href="#347">#</a>
						
              <code id="347">     ^</code><br />
						
            
            <a class="navhash" href="#348">#</a>
						
              <code id="348">network.c:95:23: error: dereferencing pointer to incomplete type</code><br />
						
            
            <a class="navhash" href="#349">#</a>
						
              <code id="349">     *p_sfd = socket(rp->ai_family, rp->ai_socktype,</code><br />
						
            
            <a class="navhash" href="#350">#</a>
						
              <code id="350">                       ^</code><br />
						
            
            <a class="navhash" href="#351">#</a>
						
              <code id="351">network.c:95:38: error: dereferencing pointer to incomplete type</code><br />
						
            
            <a class="navhash" href="#352">#</a>
						
              <code id="352">     *p_sfd = socket(rp->ai_family, rp->ai_socktype,</code><br />
						
            
            <a class="navhash" href="#353">#</a>
						
              <code id="353">                                      ^</code><br />
						
            
            <a class="navhash" href="#354">#</a>
						
              <code id="354">network.c:96:7: error: dereferencing pointer to incomplete type</code><br />
						
            
            <a class="navhash" href="#355">#</a>
						
              <code id="355">     rp->ai_protocol);</code><br />
						
            
            <a class="navhash" href="#356">#</a>
						
              <code id="356">       ^</code><br />
						
            
            <a class="navhash" href="#357">#</a>
						
              <code id="357">network.c:100:5: warning: implicit declaration of function 'bind' [-Wimplicit-function-declaration]</code><br />
						
            
            <a class="navhash" href="#358">#</a>
						
              <code id="358">     if (bind(*p_sfd, rp->ai_addr, rp->ai_addrlen) == 0)</code><br />
						
            
            <a class="navhash" href="#359">#</a>
						
              <code id="359">     ^</code><br />
						
            
            <a class="navhash" href="#360">#</a>
						
              <code id="360">network.c:100:24: error: dereferencing pointer to incomplete type</code><br />
						
            
            <a class="navhash" href="#361">#</a>
						
              <code id="361">     if (bind(*p_sfd, rp->ai_addr, rp->ai_addrlen) == 0)</code><br />
						
            
            <a class="navhash" href="#362">#</a>
						
              <code id="362">                        ^</code><br />
						
            
            <a class="navhash" href="#363">#</a>
						
              <code id="363">network.c:100:37: error: dereferencing pointer to incomplete type</code><br />
						
            
            <a class="navhash" href="#364">#</a>
						
              <code id="364">     if (bind(*p_sfd, rp->ai_addr, rp->ai_addrlen) == 0)</code><br />
						
            
            <a class="navhash" href="#365">#</a>
						
              <code id="365">                                     ^</code><br />
						
            
            <a class="navhash" href="#366">#</a>
						
              <code id="366">network.c:103:5: warning: implicit declaration of function 'close' [-Wimplicit-function-declaration]</code><br />
						
            
            <a class="navhash" href="#367">#</a>
						
              <code id="367">     close(*p_sfd);</code><br />
						
            
            <a class="navhash" href="#368">#</a>
						
              <code id="368">     ^</code><br />
						
            
            <a class="navhash" href="#369">#</a>
						
              <code id="369">network.c:107:5: warning: incompatible implicit declaration of built-in function 'fprintf' [enabled by default]</code><br />
						
            
            <a class="navhash" href="#370">#</a>
						
              <code id="370">     fprintf(stderr, "Could not bind\n");</code><br />
						
            
            <a class="navhash" href="#371">#</a>
						
              <code id="371">     ^</code><br />
						
            
            <a class="navhash" href="#372">#</a>
						
              <code id="372">network.c:111:3: warning: implicit declaration of function 'freeaddrinfo' [-Wimplicit-function-declaration]</code><br />
						
            
            <a class="navhash" href="#373">#</a>
						
              <code id="373">   freeaddrinfo(result);           /* No longer needed */</code><br />
						
            
            <a class="navhash" href="#374">#</a>
						
              <code id="374">   ^</code><br />
						
            
            <a class="navhash" href="#375">#</a>
						
              <code id="375">network.c:70:19: warning: unused variable 'hints' [-Wunused-variable]</code><br />
						
            
            <a class="navhash" href="#376">#</a>
						
              <code id="376">   struct addrinfo hints;</code><br />
						
            
            <a class="navhash" href="#377">#</a>
						
              <code id="377">                   ^</code><br />
						
            
            <a class="navhash" href="#378">#</a>
						
              <code id="378">network.c: At top level:</code><br />
						
            
            <a class="navhash" href="#379">#</a>
						
              <code id="379">network.c:116:64: warning: 'struct addrinfo' declared inside parameter list [enabled by default]</code><br />
						
            
            <a class="navhash" href="#380">#</a>
						
              <code id="380"> int client_init_session (int *p_sfd, char* str_my_port, struct addrinfo *srv, char *str_server_addr, char *str_server_port) { </code><br />
						
            
            <a class="navhash" href="#381">#</a>
						
              <code id="381">                                                                ^</code><br />
						
            
            <a class="navhash" href="#382">#</a>
						
              <code id="382">network.c:116:5: error: conflicting types for 'client_init_session'</code><br />
						
            
            <a class="navhash" href="#383">#</a>
						
              <code id="383"> int client_init_session (int *p_sfd, char* str_my_port, struct addrinfo *srv, char *str_server_addr, char *str_server_port) { </code><br />
						
            
            <a class="navhash" href="#384">#</a>
						
              <code id="384">     ^</code><br />
						
            
            <a class="navhash" href="#385">#</a>
						
              <code id="385">In file included from network.c:21:0:</code><br />
						
            
            <a class="navhash" href="#386">#</a>
						
              <code id="386">network.h:45:5: note: previous declaration of 'client_init_session' was here</code><br />
						
            
            <a class="navhash" href="#387">#</a>
						
              <code id="387"> int client_init_session(int*, char*, struct addrinfo *p_addr, char*, char*);</code><br />
						
            
            <a class="navhash" href="#388">#</a>
						
              <code id="388">     ^</code><br />
						
            
            <a class="navhash" href="#389">#</a>
						
              <code id="389">network.c: In function 'client_init_session':</code><br />
						
            
            <a class="navhash" href="#390">#</a>
						
              <code id="390">network.c:117:19: error: storage size of 'hints' isn't known</code><br />
						
            
            <a class="navhash" href="#391">#</a>
						
              <code id="391">   struct addrinfo hints;</code><br />
						
            
            <a class="navhash" href="#392">#</a>
						
              <code id="392">                   ^</code><br />
						
            
            <a class="navhash" href="#393">#</a>
						
              <code id="393">network.c:121:3: warning: incompatible implicit declaration of built-in function 'memset' [enabled by default]</code><br />
						
            
            <a class="navhash" href="#394">#</a>
						
              <code id="394">   memset(&hints, 0, sizeof(struct addrinfo));</code><br />
						
            
            <a class="navhash" href="#395">#</a>
						
              <code id="395">   ^</code><br />
						
            
            <a class="navhash" href="#396">#</a>
						
              <code id="396">network.c:121:28: error: invalid application of 'sizeof' to incomplete type 'struct addrinfo'</code><br />
						
            
            <a class="navhash" href="#397">#</a>
						
              <code id="397">   memset(&hints, 0, sizeof(struct addrinfo));</code><br />
						
            
            <a class="navhash" href="#398">#</a>
						
              <code id="398">                            ^</code><br />
						
            
            <a class="navhash" href="#399">#</a>
						
              <code id="399">network.c:122:21: error: 'AF_UNSPEC' undeclared (first use in this function)</code><br />
						
            
            <a class="navhash" href="#400">#</a>
						
              <code id="400">   hints.ai_family = AF_UNSPEC;    /* Allow IPv4 or IPv6 */</code><br />
						
            
            <a class="navhash" href="#401">#</a>
						
              <code id="401">                     ^</code><br />
						
            
            <a class="navhash" href="#402">#</a>
						
              <code id="402">network.c:123:23: error: 'SOCK_DGRAM' undeclared (first use in this function)</code><br />
						
            
            <a class="navhash" href="#403">#</a>
						
              <code id="403">   hints.ai_socktype = SOCK_DGRAM; /* Datagram socket */</code><br />
						
            
            <a class="navhash" href="#404">#</a>
						
              <code id="404">                       ^</code><br />
						
            
            <a class="navhash" href="#405">#</a>
						
              <code id="405">network.c:124:20: error: 'AI_PASSIVE' undeclared (first use in this function)</code><br />
						
            
            <a class="navhash" href="#406">#</a>
						
              <code id="406">   hints.ai_flags = AI_PASSIVE;    /* For wildcard IP address */</code><br />
						
            
            <a class="navhash" href="#407">#</a>
						
              <code id="407">                    ^</code><br />
						
            
            <a class="navhash" href="#408">#</a>
						
              <code id="408">network.c:126:24: error: 'NULL' undeclared (first use in this function)</code><br />
						
            
            <a class="navhash" href="#409">#</a>
						
              <code id="409">   hints.ai_canonname = NULL;</code><br />
						
            
            <a class="navhash" href="#410">#</a>
						
              <code id="410">                        ^</code><br />
						
            
            <a class="navhash" href="#411">#</a>
						
              <code id="411">network.c:132:5: warning: incompatible implicit declaration of built-in function 'fprintf' [enabled by default]</code><br />
						
            
            <a class="navhash" href="#412">#</a>
						
              <code id="412">     fprintf(stderr, "getaddrinfo: %s\n", gai_strerror(s));</code><br />
						
            
            <a class="navhash" href="#413">#</a>
						
              <code id="413">     ^</code><br />
						
            
            <a class="navhash" href="#414">#</a>
						
              <code id="414">network.c:132:13: error: 'stderr' undeclared (first use in this function)</code><br />
						
            
            <a class="navhash" href="#415">#</a>
						
              <code id="415">     fprintf(stderr, "getaddrinfo: %s\n", gai_strerror(s));</code><br />
						
            
            <a class="navhash" href="#416">#</a>
						
              <code id="416">             ^</code><br />
						
            
            <a class="navhash" href="#417">#</a>
						
              <code id="417">network.c:141:40: error: dereferencing pointer to incomplete type</code><br />
						
            
            <a class="navhash" href="#418">#</a>
						
              <code id="418">   for (rp = result; rp != NULL; rp = rp->ai_next) {</code><br />
						
            
            <a class="navhash" href="#419">#</a>
						
              <code id="419">                                        ^</code><br />
						
            
            <a class="navhash" href="#420">#</a>
						
              <code id="420">network.c:142:23: error: dereferencing pointer to incomplete type</code><br />
						
            
            <a class="navhash" href="#421">#</a>
						
              <code id="421">     *p_sfd = socket(rp->ai_family, rp->ai_socktype,</code><br />
						
            
            <a class="navhash" href="#422">#</a>
						
              <code id="422">                       ^</code><br />
						
            
            <a class="navhash" href="#423">#</a>
						
              <code id="423">network.c:142:38: error: dereferencing pointer to incomplete type</code><br />
						
            
            <a class="navhash" href="#424">#</a>
						
              <code id="424">     *p_sfd = socket(rp->ai_family, rp->ai_socktype,</code><br />
						
            
            <a class="navhash" href="#425">#</a>
						
              <code id="425">                                      ^</code><br />
						
            
            <a class="navhash" href="#426">#</a>
						
              <code id="426">network.c:143:7: error: dereferencing pointer to incomplete type</code><br />
						
            
            <a class="navhash" href="#427">#</a>
						
              <code id="427">     rp->ai_protocol);</code><br />
						
            
            <a class="navhash" href="#428">#</a>
						
              <code id="428">       ^</code><br />
						
            
            <a class="navhash" href="#429">#</a>
						
              <code id="429">network.c:147:24: error: dereferencing pointer to incomplete type</code><br />
						
            
            <a class="navhash" href="#430">#</a>
						
              <code id="430">     if (bind(*p_sfd, rp->ai_addr, rp->ai_addrlen) == 0)</code><br />
						
            
            <a class="navhash" href="#431">#</a>
						
              <code id="431">                        ^</code><br />
						
            
            <a class="navhash" href="#432">#</a>
						
              <code id="432">network.c:147:37: error: dereferencing pointer to incomplete type</code><br />
						
            
            <a class="navhash" href="#433">#</a>
						
              <code id="433">     if (bind(*p_sfd, rp->ai_addr, rp->ai_addrlen) == 0)</code><br />
						
            
            <a class="navhash" href="#434">#</a>
						
              <code id="434">                                     ^</code><br />
						
            
            <a class="navhash" href="#435">#</a>
						
              <code id="435">network.c:154:5: warning: incompatible implicit declaration of built-in function 'fprintf' [enabled by default]</code><br />
						
            
            <a class="navhash" href="#436">#</a>
						
              <code id="436">     fprintf(stderr, "Could not bind\n");</code><br />
						
            
            <a class="navhash" href="#437">#</a>
						
              <code id="437">     ^</code><br />
						
            
            <a class="navhash" href="#438">#</a>
						
              <code id="438">network.c:164:28: error: invalid application of 'sizeof' to incomplete type 'struct addrinfo'</code><br />
						
            
            <a class="navhash" href="#439">#</a>
						
              <code id="439">   memset(&hints, 0, sizeof(struct addrinfo));</code><br />
						
            
            <a class="navhash" href="#440">#</a>
						
              <code id="440">                            ^</code><br />
						
            
            <a class="navhash" href="#441">#</a>
						
              <code id="441">network.c:172:5: warning: incompatible implicit declaration of built-in function 'fprintf' [enabled by default]</code><br />
						
            
            <a class="navhash" href="#442">#</a>
						
              <code id="442">     fprintf(stderr, "getaddrinfo: %s\n", gai_strerror(s));</code><br />
						
            
            <a class="navhash" href="#443">#</a>
						
              <code id="443">     ^</code><br />
						
            
            <a class="navhash" href="#444">#</a>
						
              <code id="444">network.c:185:5: warning: incompatible implicit declaration of built-in function 'fprintf' [enabled by default]</code><br />
						
            
            <a class="navhash" href="#445">#</a>
						
              <code id="445">     fprintf(stderr, "Could not connect\n");</code><br />
						
            
            <a class="navhash" href="#446">#</a>
						
              <code id="446">     ^</code><br />
						
            
            <a class="navhash" href="#447">#</a>
						
              <code id="447">network.c:188:3: error: dereferencing pointer to incomplete type</code><br />
						
            
            <a class="navhash" href="#448">#</a>
						
              <code id="448">   *srv = *rp;</code><br />
						
            
            <a class="navhash" href="#449">#</a>
						
              <code id="449">   ^</code><br />
						
            
            <a class="navhash" href="#450">#</a>
						
              <code id="450">network.c:188:10: error: dereferencing pointer to incomplete type</code><br />
						
            
            <a class="navhash" href="#451">#</a>
						
              <code id="451">   *srv = *rp;</code><br />
						
            
            <a class="navhash" href="#452">#</a>
						
              <code id="452">          ^</code><br />
						
            
            <a class="navhash" href="#453">#</a>
						
              <code id="453">network.c:117:19: warning: unused variable 'hints' [-Wunused-variable]</code><br />
						
            
            <a class="navhash" href="#454">#</a>
						
              <code id="454">   struct addrinfo hints;</code><br />
						
            
            <a class="navhash" href="#455">#</a>
						
              <code id="455">                   ^</code><br />
						
            
            <a class="navhash" href="#456">#</a>
						
              <code id="456">network.c: In function 'get_in_addr':</code><br />
						
            
            <a class="navhash" href="#457">#</a>
						
              <code id="457">network.c:28:1: warning: control reaches end of non-void function [-Wreturn-type]</code><br />
						
            
            <a class="navhash" href="#458">#</a>
						
              <code id="458"> }</code><br />
						
            
            <a class="navhash" href="#459">#</a>
						
              <code id="459"> ^</code><br />
						
            
            <a class="navhash" href="#460">#</a>
						
              <code id="460">network.c: In function 'get_in_port':</code><br />
						
            
            <a class="navhash" href="#461">#</a>
						
              <code id="461">network.c:36:1: warning: control reaches end of non-void function [-Wreturn-type]</code><br />
						
            
            <a class="navhash" href="#462">#</a>
						
              <code id="462"> }</code><br />
						
            
            <a class="navhash" href="#463">#</a>
						
              <code id="463"> ^</code><br />
						
            
            <a class="navhash" href="#464">#</a>
						
              <code id="464">network.c: In function 'sa_match':</code><br />
						
            
            <a class="navhash" href="#465">#</a>
						
              <code id="465">network.c:65:1: warning: control reaches end of non-void function [-Wreturn-type]</code><br />
						
            
            <a class="navhash" href="#466">#</a>
						
              <code id="466"> }</code><br />
						
            
            <a class="navhash" href="#467">#</a>
						
              <code id="467"> ^</code><br />
						
            
            <a class="navhash" href="#468">#</a>
						
              <code id="468">make: *** [Makefile:76: network.o] Error 1</code><br />
						
            
            <a class="navhash" href="#469">#</a>
						
              <code id="469">make: *** [Makefile:76: king.o] Error 1</code><br />
						
            
            <a class="navhash" href="#470">#</a>
						
              <code id="470">make: *** [Makefile:76: grid.o] Error 1</code><br />
						
            
            <a class="navhash" href="#471">#</a>
						
              <code id="471">make: Leaving directory '/tmp/curseofwar/src/curseofwar-1.2.0'</code><br />
						
            
            <a class="navhash" href="#472">#</a>
						
              <code id="472">==> ERROR: A failure occurred in build().</code><br />
						
            
            <a class="navhash" href="#473">#</a>
						
              <code id="473">    Aborting...</code><br />
						
            
          </div>
        
      </div>
      <br />
    
  </body>
</html>