<!DOCTYPE html>
<html>
<!-- Jinja template for reports of individual builds

  Copyright 2016 Kareem Khazem. All Rights Reserved.
  Licensed under the Apache License, Version 2.0 (the "License");
  you may not use this file except in compliance with the License.
  You may obtain a copy of the License at

 		 http://www.apache.org/licenses/LICENSE-2.0

  Unless required by applicable law or agreed to in writing, software
  distributed under the License is distributed on an "AS IS" BASIS,
  WITHOUT WARRANTIES OR CONDITIONS OF ANY KIND, either express or
  implied.
  See the License for the specific language governing permissions and
  limitations under the License.
-->
  <head>
    <meta charset="UTF-8">
    <title>android/cutter</title>
    <link href='https://fonts.googleapis.com/css?family=Roboto:400,900'
          rel='stylesheet' type='text/css'>
    <link
    href='https://fonts.googleapis.com/css?family=Source+Code+Pro:400,700'
          rel='stylesheet' type='text/css'>
    <link href="../style.css" type="text/css" rel="stylesheet">
  </head>
  <body>
    <h1>Build of cutter
        with <a href="../index.html">android</a>
        toolchain</h1>
    <p>The build took 00h 00m 40s and was
    NOT successful.</p>
    <p>
    The program in this build is written in the following languages,
    according to <a
    href="http://www.dwheeler.com/sloccount/">sloccount</a>:
    </p>
    <table>
      <tr><th>SLOC</th><th>Language</th></tr>
      
      <tr><td class="loc"><code>526</code></td>
          <td class="lang">ansic</td></tr>
      <tr><td class="loc"><code>4</code></td>
          <td class="lang">makefile</td></tr>
      <tr><td><code>530</code></td>
          <td><em>total</em></td></tr>
    </table>
    <p>
      The process tree of the build process is <a
      href="cutter-tree.html">here</a>.
    </p>
    
    
    
    
    
    <h2>List of Errors</h2>
    <ul>
      
      <li>unknown_type
        <ul>
          
          <li><a href="#110">cutter.c:111:16: error: unknown type name 'in_addr_t'</a></li>
          
          <li><a href="#113">cutter.c:111:42: error: unknown type name 'in_addr_t'</a></li>
          
          <li><a href="#116">cutter.c:168:12: error: unknown type name 'in_addr_t'</a></li>
          
          <li><a href="#120">cutter.c:205:2: error: unknown type name 'u_short'</a></li>
          
          <li><a href="#123">cutter.c:206:2: error: unknown type name 'u_short'</a></li>
          
          <li><a href="#159">cutter.c:245:13: error: unknown type name 'in_addr_t'</a></li>
          
          <li><a href="#162">cutter.c:260:2: error: unknown type name 'u_short'</a></li>
          
          <li><a href="#165">cutter.c:262:2: error: unknown type name 'u_short'</a></li>
          
          <li><a href="#168">cutter.c:464:11: error: unknown type name 'in_addr_t'</a></li>
          
          <li><a href="#171">cutter.c:464:47: error: unknown type name 'in_addr_t'</a></li>
          
          <li><a href="#214">cutter.c:560:20: error: unknown type name 'in_addr_t'</a></li>
          
          <li><a href="#217">cutter.c:560:46: error: unknown type name 'in_addr_t'</a></li>
          
          <li><a href="#221">cutter.c:659:2: error: unknown type name 'FILE'</a></li>
          
          <li><a href="#224">cutter.c:661:2: error: unknown type name 'in_addr_t'</a></li>
          
          <li><a href="#227">cutter.c:663:2: error: unknown type name 'in_addr_t'</a></li>
          
        </ul>
      </li>
      
      <li>parse_error
        <ul>
          
          <li><a href="#130">cutter.c:216:14: error: expected expression before ')' token</a></li>
          
          <li><a href="#133">cutter.c:216:38: error: expected expression before ')' token</a></li>
          
        </ul>
      </li>
      
    </ul>
    
    
    <h2>Log</h2>
    <p>
    To avoid scrolling, you may jump to the <a
    href="#268">last line</a> of the
    invocation of <code>makepkg</code> that was used to build this
    package.
    </p>
    
    
      <div class="block">
        <div class="info">
          <code>Removed vanilla repositories from pacman.conf and added:</code>
        </div>
        
          <div class="output">
            
            <a class="navhash" href="#1">#</a>
						
              <code id="1">[tuscan]</code><br />
						
            
            <a class="navhash" href="#2">#</a>
						
              <code id="2">Server = file:///var/cache/pacman/pkg/</code><br />
						
            
          </div>
        
      </div>
      <br />
    
      <div class="block">
        <div class="command">
          <code><span class="prompt">CMD: </span>pacman -Syy --noconfirm</code>
        </div>
        
          <div class="output">
            
            <a class="navhash" href="#3">#</a>
						
              <code id="3">:: Synchronizing package databases...</code><br />
						
            
            <a class="navhash" href="#4">#</a>
						
              <code id="4">downloading tuscan.db...</code><br />
						
            
          </div>
        
      </div>
      <br />
    
      <div class="block">
        <div class="info">
          <code>Copied permanent toolchain into container-local sysroot</code>
        </div>
        
          <div class="output">
            
            <a class="navhash" href="#5">#</a>
						
              <code id="5">/toolchain_root/arm-linux-androideabi  -->  /sysroot/arm-linux-androideabi</code><br />
						
            
            <a class="navhash" href="#6">#</a>
						
              <code id="6">/toolchain_root/COPYING3.LIB  -->  /sysroot/COPYING3.LIB</code><br />
						
            
            <a class="navhash" href="#7">#</a>
						
              <code id="7">/toolchain_root/sysroot  -->  /sysroot/sysroot</code><br />
						
            
            <a class="navhash" href="#8">#</a>
						
              <code id="8">/toolchain_root/COPYING.RUNTIME  -->  /sysroot/COPYING.RUNTIME</code><br />
						
            
            <a class="navhash" href="#9">#</a>
						
              <code id="9">/toolchain_root/lib  -->  /sysroot/lib</code><br />
						
            
            <a class="navhash" href="#10">#</a>
						
              <code id="10">/toolchain_root/SOURCES  -->  /sysroot/SOURCES</code><br />
						
            
            <a class="navhash" href="#11">#</a>
						
              <code id="11">/toolchain_root/lib64  -->  /sysroot/lib64</code><br />
						
            
            <a class="navhash" href="#12">#</a>
						
              <code id="12">/toolchain_root/share  -->  /sysroot/share</code><br />
						
            
            <a class="navhash" href="#13">#</a>
						
              <code id="13">/toolchain_root/bin  -->  /sysroot/bin</code><br />
						
            
            <a class="navhash" href="#14">#</a>
						
              <code id="14">/toolchain_root/COPYING  -->  /sysroot/COPYING</code><br />
						
            
            <a class="navhash" href="#15">#</a>
						
              <code id="15">/toolchain_root/COPYING3  -->  /sysroot/COPYING3</code><br />
						
            
            <a class="navhash" href="#16">#</a>
						
              <code id="16">/toolchain_root/COPYING.LIB  -->  /sysroot/COPYING.LIB</code><br />
						
            
            <a class="navhash" href="#17">#</a>
						
              <code id="17">/toolchain_root/include  -->  /sysroot/include</code><br />
						
            
            <a class="navhash" href="#18">#</a>
						
              <code id="18">/toolchain_root/libexec  -->  /sysroot/libexec</code><br />
						
            
          </div>
        
      </div>
      <br />
    
      <div class="block">
        <div class="command">
          <code><span class="prompt">CMD: </span>sudo -u tuscan PATH=/sysroot/bin:/sysroot/libexec/gcc/arm-linux-androideabi/4.8:/usr/local/sbin:/usr/local/bin:/usr/sbin:/usr/bin:/sbin:/bin CC=arm-linux-androideabi-gcc CXX=arm-linux-androideabi-g++ red makepkg --noextract --syncdeps --skipinteg --skippgpcheck --skipchecksums --noconfirm --nocolor --log --noprogressbar --nocheck</code>
        </div>
        
          <div class="output">
            
            <a class="navhash" href="#19">#</a>
						
              <code id="19">==> Making package: cutter 1.04-1 (Tue Apr  4 19:51:01 UTC 2017)</code><br />
						
            
            <a class="navhash" href="#20">#</a>
						
              <code id="20">==> Checking runtime dependencies...</code><br />
						
            
            <a class="navhash" href="#21">#</a>
						
              <code id="21">==> Checking buildtime dependencies...</code><br />
						
            
            <a class="navhash" href="#22">#</a>
						
              <code id="22">==> WARNING: Using existing $srcdir/ tree</code><br />
						
            
            <a class="navhash" href="#23">#</a>
						
              <code id="23">==> Starting build()...</code><br />
						
            
            <a class="navhash" href="#24">#</a>
						
              <code id="24">cc cutter.c -o cutter</code><br />
						
            
            <a class="navhash" href="#25">#</a>
						
              <code id="25">cc1: error: no include path in which to search for stdc-predef.h</code><br />
						
            
            <a class="navhash" href="#26">#</a>
						
              <code id="26">cutter.c:35:20: error: no include path in which to search for string.h</code><br />
						
            
            <a class="navhash" href="#27">#</a>
						
              <code id="27"> #include <string.h></code><br />
						
            
            <a class="navhash" href="#28">#</a>
						
              <code id="28">                    ^</code><br />
						
            
            <a class="navhash" href="#29">#</a>
						
              <code id="29">cutter.c:36:19: error: no include path in which to search for stdio.h</code><br />
						
            
            <a class="navhash" href="#30">#</a>
						
              <code id="30"> #include <stdio.h></code><br />
						
            
            <a class="navhash" href="#31">#</a>
						
              <code id="31">                   ^</code><br />
						
            
            <a class="navhash" href="#32">#</a>
						
              <code id="32">cutter.c:37:20: error: no include path in which to search for unistd.h</code><br />
						
            
            <a class="navhash" href="#33">#</a>
						
              <code id="33"> #include <unistd.h></code><br />
						
            
            <a class="navhash" href="#34">#</a>
						
              <code id="34">                    ^</code><br />
						
            
            <a class="navhash" href="#35">#</a>
						
              <code id="35">cutter.c:38:20: error: no include path in which to search for stdlib.h</code><br />
						
            
            <a class="navhash" href="#36">#</a>
						
              <code id="36"> #include <stdlib.h></code><br />
						
            
            <a class="navhash" href="#37">#</a>
						
              <code id="37">                    ^</code><br />
						
            
            <a class="navhash" href="#38">#</a>
						
              <code id="38">cutter.c:39:23: error: no include path in which to search for sys/types.h</code><br />
						
            
            <a class="navhash" href="#39">#</a>
						
              <code id="39"> #include <sys/types.h></code><br />
						
            
            <a class="navhash" href="#40">#</a>
						
              <code id="40">                       ^</code><br />
						
            
            <a class="navhash" href="#41">#</a>
						
              <code id="41">cutter.c:40:24: error: no include path in which to search for sys/socket.h</code><br />
						
            
            <a class="navhash" href="#42">#</a>
						
              <code id="42"> #include <sys/socket.h></code><br />
						
            
            <a class="navhash" href="#43">#</a>
						
              <code id="43">                        ^</code><br />
						
            
            <a class="navhash" href="#44">#</a>
						
              <code id="44">cutter.c:41:24: error: no include path in which to search for netinet/in.h</code><br />
						
            
            <a class="navhash" href="#45">#</a>
						
              <code id="45"> #include <netinet/in.h></code><br />
						
            
            <a class="navhash" href="#46">#</a>
						
              <code id="46">                        ^</code><br />
						
            
            <a class="navhash" href="#47">#</a>
						
              <code id="47">cutter.c:42:23: error: no include path in which to search for arpa/inet.h</code><br />
						
            
            <a class="navhash" href="#48">#</a>
						
              <code id="48"> #include <arpa/inet.h></code><br />
						
            
            <a class="navhash" href="#49">#</a>
						
              <code id="49">                       ^</code><br />
						
            
            <a class="navhash" href="#50">#</a>
						
              <code id="50">cutter.c:43:19: error: no include path in which to search for netdb.h</code><br />
						
            
            <a class="navhash" href="#51">#</a>
						
              <code id="51"> #include <netdb.h></code><br />
						
            
            <a class="navhash" href="#52">#</a>
						
              <code id="52">                   ^</code><br />
						
            
            <a class="navhash" href="#53">#</a>
						
              <code id="53">cutter.c:44:26: error: no include path in which to search for linux/socket.h</code><br />
						
            
            <a class="navhash" href="#54">#</a>
						
              <code id="54"> #include <linux/socket.h></code><br />
						
            
            <a class="navhash" href="#55">#</a>
						
              <code id="55">                          ^</code><br />
						
            
            <a class="navhash" href="#56">#</a>
						
              <code id="56">cutter.c:45:22: error: no include path in which to search for linux/ip.h</code><br />
						
            
            <a class="navhash" href="#57">#</a>
						
              <code id="57"> #include <linux/ip.h></code><br />
						
            
            <a class="navhash" href="#58">#</a>
						
              <code id="58">                      ^</code><br />
						
            
            <a class="navhash" href="#59">#</a>
						
              <code id="59">cutter.c:46:23: error: no include path in which to search for linux/tcp.h</code><br />
						
            
            <a class="navhash" href="#60">#</a>
						
              <code id="60"> #include <linux/tcp.h></code><br />
						
            
            <a class="navhash" href="#61">#</a>
						
              <code id="61">                       ^</code><br />
						
            
            <a class="navhash" href="#62">#</a>
						
              <code id="62">cutter.c:47:28: error: no include path in which to search for linux/if_ether.h</code><br />
						
            
            <a class="navhash" href="#63">#</a>
						
              <code id="63"> #include <linux/if_ether.h></code><br />
						
            
            <a class="navhash" href="#64">#</a>
						
              <code id="64">                            ^</code><br />
						
            
            <a class="navhash" href="#65">#</a>
						
              <code id="65">cutter.c:48:19: error: no include path in which to search for fcntl.h</code><br />
						
            
            <a class="navhash" href="#66">#</a>
						
              <code id="66"> #include <fcntl.h></code><br />
						
            
            <a class="navhash" href="#67">#</a>
						
              <code id="67">                   ^</code><br />
						
            
            <a class="navhash" href="#68">#</a>
						
              <code id="68">cutter.c:49:30: error: no include path in which to search for netpacket/packet.h</code><br />
						
            
            <a class="navhash" href="#69">#</a>
						
              <code id="69"> #include <netpacket/packet.h></code><br />
						
            
            <a class="navhash" href="#70">#</a>
						
              <code id="70">                              ^</code><br />
						
            
            <a class="navhash" href="#71">#</a>
						
              <code id="71">cutter.c:50:53: error: no include path in which to search for net/ethernet.h</code><br />
						
            
            <a class="navhash" href="#72">#</a>
						
              <code id="72"> #include <net/ethernet.h>     /* the L2 protocols */</code><br />
						
            
            <a class="navhash" href="#73">#</a>
						
              <code id="73">                                                     ^</code><br />
						
            
            <a class="navhash" href="#74">#</a>
						
              <code id="74">cutter.c:51:27: error: no include path in which to search for linux/sockios.h</code><br />
						
            
            <a class="navhash" href="#75">#</a>
						
              <code id="75"> #include <linux/sockios.h></code><br />
						
            
            <a class="navhash" href="#76">#</a>
						
              <code id="76">                           ^</code><br />
						
            
            <a class="navhash" href="#77">#</a>
						
              <code id="77">cutter.c:52:23: error: no include path in which to search for sys/ioctl.h</code><br />
						
            
            <a class="navhash" href="#78">#</a>
						
              <code id="78"> #include <sys/ioctl.h></code><br />
						
            
            <a class="navhash" href="#79">#</a>
						
              <code id="79">                       ^</code><br />
						
            
            <a class="navhash" href="#80">#</a>
						
              <code id="80">cutter.c:53:24: error: no include path in which to search for netinet/in.h</code><br />
						
            
            <a class="navhash" href="#81">#</a>
						
              <code id="81"> #include <netinet/in.h></code><br />
						
            
            <a class="navhash" href="#82">#</a>
						
              <code id="82">                        ^</code><br />
						
            
            <a class="navhash" href="#83">#</a>
						
              <code id="83">cutter.c:54:23: error: no include path in which to search for arpa/inet.h</code><br />
						
            
            <a class="navhash" href="#84">#</a>
						
              <code id="84"> #include <arpa/inet.h></code><br />
						
            
            <a class="navhash" href="#85">#</a>
						
              <code id="85">                       ^</code><br />
						
            
            <a class="navhash" href="#86">#</a>
						
              <code id="86">cutter.c:55:20: error: no include path in which to search for net/if.h</code><br />
						
            
            <a class="navhash" href="#87">#</a>
						
              <code id="87"> #include <net/if.h></code><br />
						
            
            <a class="navhash" href="#88">#</a>
						
              <code id="88">                    ^</code><br />
						
            
            <a class="navhash" href="#89">#</a>
						
              <code id="89">cutter.c:56:19: error: no include path in which to search for errno.h</code><br />
						
            
            <a class="navhash" href="#90">#</a>
						
              <code id="90"> #include <errno.h></code><br />
						
            
            <a class="navhash" href="#91">#</a>
						
              <code id="91">                   ^</code><br />
						
            
            <a class="navhash" href="#92">#</a>
						
              <code id="92">cutter.c:74:15: error: field 'ip' has incomplete type</code><br />
						
            
            <a class="navhash" href="#93">#</a>
						
              <code id="93">  struct iphdr ip;</code><br />
						
            
            <a class="navhash" href="#94">#</a>
						
              <code id="94">               ^</code><br />
						
            
            <a class="navhash" href="#95">#</a>
						
              <code id="95">cutter.c:75:16: error: field 'tcp' has incomplete type</code><br />
						
            
            <a class="navhash" href="#96">#</a>
						
              <code id="96">  struct tcphdr tcp;</code><br />
						
            
            <a class="navhash" href="#97">#</a>
						
              <code id="97">                ^</code><br />
						
            
            <a class="navhash" href="#98">#</a>
						
              <code id="98">cutter.c:80:15: error: field 'ip' has incomplete type</code><br />
						
            
            <a class="navhash" href="#99">#</a>
						
              <code id="99">  struct iphdr ip;</code><br />
						
            
            <a class="navhash" href="#100">#</a>
						
              <code id="100">               ^</code><br />
						
            
            <a class="navhash" href="#101">#</a>
						
              <code id="101">cutter.c:81:16: error: field 'tcp' has incomplete type</code><br />
						
            
            <a class="navhash" href="#102">#</a>
						
              <code id="102">  struct tcphdr tcp;</code><br />
						
            
            <a class="navhash" href="#103">#</a>
						
              <code id="103">                ^</code><br />
						
            
            <a class="navhash" href="#104">#</a>
						
              <code id="104">cutter.c:90:16: error: field 'tcp' has incomplete type</code><br />
						
            
            <a class="navhash" href="#105">#</a>
						
              <code id="105">  struct tcphdr tcp;</code><br />
						
            
            <a class="navhash" href="#106">#</a>
						
              <code id="106">                ^</code><br />
						
            
            <a class="navhash" href="#107">#</a>
						
              <code id="107">cutter.c:93:14: error: array type has incomplete element type</code><br />
						
            
            <a class="navhash" href="#108">#</a>
						
              <code id="108"> struct ifreq ifreq[32];</code><br />
						
            
            <a class="navhash" href="#109">#</a>
						
              <code id="109">              ^</code><br />
						
            
            <a class="navhash" href="#110">#</a>
						<span class="error">
              <code id="110">cutter.c:111:16: error: unknown type name 'in_addr_t'</code><br />
						</span>
            
            <a class="navhash" href="#111">#</a>
						
              <code id="111"> int getnexthop(in_addr_t ip, char *intf, in_addr_t *gateway)</code><br />
						
            
            <a class="navhash" href="#112">#</a>
						
              <code id="112">                ^</code><br />
						
            
            <a class="navhash" href="#113">#</a>
						<span class="error">
              <code id="113">cutter.c:111:42: error: unknown type name 'in_addr_t'</code><br />
						</span>
            
            <a class="navhash" href="#114">#</a>
						
              <code id="114"> int getnexthop(in_addr_t ip, char *intf, in_addr_t *gateway)</code><br />
						
            
            <a class="navhash" href="#115">#</a>
						
              <code id="115">                                          ^</code><br />
						
            
            <a class="navhash" href="#116">#</a>
						<span class="error">
              <code id="116">cutter.c:168:12: error: unknown type name 'in_addr_t'</code><br />
						</span>
            
            <a class="navhash" href="#117">#</a>
						
              <code id="117"> int getmac(in_addr_t ip, uchar *mac)</code><br />
						
            
            <a class="navhash" href="#118">#</a>
						
              <code id="118">            ^</code><br />
						
            
            <a class="navhash" href="#119">#</a>
						
              <code id="119">cutter.c: In function 'in_cksum':</code><br />
						
            
            <a class="navhash" href="#120">#</a>
						<span class="error">
              <code id="120">cutter.c:205:2: error: unknown type name 'u_short'</code><br />
						</span>
            
            <a class="navhash" href="#121">#</a>
						
              <code id="121">  u_short   oddbyte;</code><br />
						
            
            <a class="navhash" href="#122">#</a>
						
              <code id="122">  ^</code><br />
						
            
            <a class="navhash" href="#123">#</a>
						<span class="error">
              <code id="123">cutter.c:206:2: error: unknown type name 'u_short'</code><br />
						</span>
            
            <a class="navhash" href="#124">#</a>
						
              <code id="124">  register u_short answer;  // assumes u_short == 16 bits</code><br />
						
            
            <a class="navhash" href="#125">#</a>
						
              <code id="125">  ^</code><br />
						
            
            <a class="navhash" href="#126">#</a>
						
              <code id="126">cutter.c:216:6: error: 'u_char' undeclared (first use in this function)</code><br />
						
            
            <a class="navhash" href="#127">#</a>
						
              <code id="127">   *((u_char *) &oddbyte) = *(u_char *)ptr; // one byte only</code><br />
						
            
            <a class="navhash" href="#128">#</a>
						
              <code id="128">      ^</code><br />
						
            
            <a class="navhash" href="#129">#</a>
						
              <code id="129">cutter.c:216:6: note: each undeclared identifier is reported only once for each function it appears in</code><br />
						
            
            <a class="navhash" href="#130">#</a>
						<span class="error">
              <code id="130">cutter.c:216:14: error: expected expression before ')' token</code><br />
						</span>
            
            <a class="navhash" href="#131">#</a>
						
              <code id="131">   *((u_char *) &oddbyte) = *(u_char *)ptr; // one byte only</code><br />
						
            
            <a class="navhash" href="#132">#</a>
						
              <code id="132">              ^</code><br />
						
            
            <a class="navhash" href="#133">#</a>
						<span class="error">
              <code id="133">cutter.c:216:38: error: expected expression before ')' token</code><br />
						</span>
            
            <a class="navhash" href="#134">#</a>
						
              <code id="134">   *((u_char *) &oddbyte) = *(u_char *)ptr; // one byte only</code><br />
						
            
            <a class="navhash" href="#135">#</a>
						
              <code id="135">                                      ^</code><br />
						
            
            <a class="navhash" href="#136">#</a>
						
              <code id="136">cutter.c: In function 'getifconfig':</code><br />
						
            
            <a class="navhash" href="#137">#</a>
						
              <code id="137">cutter.c:231:25: error: 'PF_PACKET' undeclared (first use in this function)</code><br />
						
            
            <a class="navhash" href="#138">#</a>
						
              <code id="138">  if ((raw_sock = socket(PF_PACKET, SOCK_DGRAM, htons(ETH_P_IP))) == -1) {</code><br />
						
            
            <a class="navhash" href="#139">#</a>
						
              <code id="139">                         ^</code><br />
						
            
            <a class="navhash" href="#140">#</a>
						
              <code id="140">cutter.c:231:36: error: 'SOCK_DGRAM' undeclared (first use in this function)</code><br />
						
            
            <a class="navhash" href="#141">#</a>
						
              <code id="141">  if ((raw_sock = socket(PF_PACKET, SOCK_DGRAM, htons(ETH_P_IP))) == -1) {</code><br />
						
            
            <a class="navhash" href="#142">#</a>
						
              <code id="142">                                    ^</code><br />
						
            
            <a class="navhash" href="#143">#</a>
						
              <code id="143">cutter.c:231:54: error: 'ETH_P_IP' undeclared (first use in this function)</code><br />
						
            
            <a class="navhash" href="#144">#</a>
						
              <code id="144">  if ((raw_sock = socket(PF_PACKET, SOCK_DGRAM, htons(ETH_P_IP))) == -1) {</code><br />
						
            
            <a class="navhash" href="#145">#</a>
						
              <code id="145">                                                      ^</code><br />
						
            
            <a class="navhash" href="#146">#</a>
						
              <code id="146">cutter.c:235:2: warning: incompatible implicit declaration of built-in function 'memset' [enabled by default]</code><br />
						
            
            <a class="navhash" href="#147">#</a>
						
              <code id="147">  memset(ifreq, 0, sizeof(ifreq));</code><br />
						
            
            <a class="navhash" href="#148">#</a>
						
              <code id="148">  ^</code><br />
						
            
            <a class="navhash" href="#149">#</a>
						
              <code id="149">cutter.c:236:2: error: invalid use of undefined type 'struct ifconf'</code><br />
						
            
            <a class="navhash" href="#150">#</a>
						
              <code id="150">  ifconf.ifc_len = sizeof(ifreq);</code><br />
						
            
            <a class="navhash" href="#151">#</a>
						
              <code id="151">  ^</code><br />
						
            
            <a class="navhash" href="#152">#</a>
						
              <code id="152">cutter.c:237:2: error: invalid use of undefined type 'struct ifconf'</code><br />
						
            
            <a class="navhash" href="#153">#</a>
						
              <code id="153">  ifconf.ifc_req = ifreq;</code><br />
						
            
            <a class="navhash" href="#154">#</a>
						
              <code id="154">  ^</code><br />
						
            
            <a class="navhash" href="#155">#</a>
						
              <code id="155">cutter.c:239:24: error: 'SIOCGIFCONF' undeclared (first use in this function)</code><br />
						
            
            <a class="navhash" href="#156">#</a>
						
              <code id="156">  rtn = ioctl(raw_sock, SIOCGIFCONF, &ifconf);</code><br />
						
            
            <a class="navhash" href="#157">#</a>
						
              <code id="157">                        ^</code><br />
						
            
            <a class="navhash" href="#158">#</a>
						
              <code id="158">cutter.c: At top level:</code><br />
						
            
            <a class="navhash" href="#159">#</a>
						<span class="error">
              <code id="159">cutter.c:245:13: error: unknown type name 'in_addr_t'</code><br />
						</span>
            
            <a class="navhash" href="#160">#</a>
						
              <code id="160"> int localip(in_addr_t ip)</code><br />
						
            
            <a class="navhash" href="#161">#</a>
						
              <code id="161">             ^</code><br />
						
            
            <a class="navhash" href="#162">#</a>
						<span class="error">
              <code id="162">cutter.c:260:2: error: unknown type name 'u_short'</code><br />
						</span>
            
            <a class="navhash" href="#163">#</a>
						
              <code id="163">  u_short fromport,</code><br />
						
            
            <a class="navhash" href="#164">#</a>
						
              <code id="164">  ^</code><br />
						
            
            <a class="navhash" href="#165">#</a>
						<span class="error">
              <code id="165">cutter.c:262:2: error: unknown type name 'u_short'</code><br />
						</span>
            
            <a class="navhash" href="#166">#</a>
						
              <code id="166">  u_short toport</code><br />
						
            
            <a class="navhash" href="#167">#</a>
						
              <code id="167">  ^</code><br />
						
            
            <a class="navhash" href="#168">#</a>
						<span class="error">
              <code id="168">cutter.c:464:11: error: unknown type name 'in_addr_t'</code><br />
						</span>
            
            <a class="navhash" href="#169">#</a>
						
              <code id="169"> int match(in_addr_t match_ip, int match_port, in_addr_t found_ip, int found_port)</code><br />
						
            
            <a class="navhash" href="#170">#</a>
						
              <code id="170">           ^</code><br />
						
            
            <a class="navhash" href="#171">#</a>
						<span class="error">
              <code id="171">cutter.c:464:47: error: unknown type name 'in_addr_t'</code><br />
						</span>
            
            <a class="navhash" href="#172">#</a>
						
              <code id="172"> int match(in_addr_t match_ip, int match_port, in_addr_t found_ip, int found_port)</code><br />
						
            
            <a class="navhash" href="#173">#</a>
						
              <code id="173">                                               ^</code><br />
						
            
            <a class="navhash" href="#174">#</a>
						
              <code id="174">cutter.c: In function 'get_str_field':</code><br />
						
            
            <a class="navhash" href="#175">#</a>
						
              <code id="175">cutter.c:477:16: warning: incompatible implicit declaration of built-in function 'strstr' [enabled by default]</code><br />
						
            
            <a class="navhash" href="#176">#</a>
						
              <code id="176">  char *found = strstr(*p, key);</code><br />
						
            
            <a class="navhash" href="#177">#</a>
						
              <code id="177">                ^</code><br />
						
            
            <a class="navhash" href="#178">#</a>
						
              <code id="178">cutter.c:480:2: warning: incompatible implicit declaration of built-in function 'memset' [enabled by default]</code><br />
						
            
            <a class="navhash" href="#179">#</a>
						
              <code id="179">  memset(out, 0, outlen);</code><br />
						
            
            <a class="navhash" href="#180">#</a>
						
              <code id="180">  ^</code><br />
						
            
            <a class="navhash" href="#181">#</a>
						
              <code id="181">cutter.c:481:15: error: 'NULL' undeclared (first use in this function)</code><br />
						
            
            <a class="navhash" href="#182">#</a>
						
              <code id="182">  if (found == NULL) return FALSE;</code><br />
						
            
            <a class="navhash" href="#183">#</a>
						
              <code id="183">               ^</code><br />
						
            
            <a class="navhash" href="#184">#</a>
						
              <code id="184">cutter.c:482:11: warning: incompatible implicit declaration of built-in function 'strlen' [enabled by default]</code><br />
						
            
            <a class="navhash" href="#185">#</a>
						
              <code id="185">  found += strlen(key);</code><br />
						
            
            <a class="navhash" href="#186">#</a>
						
              <code id="186">           ^</code><br />
						
            
            <a class="navhash" href="#187">#</a>
						
              <code id="187">cutter.c: At top level:</code><br />
						
            
            <a class="navhash" href="#188">#</a>
						
              <code id="188">cutter.c:508:36: error: 'NULL' undeclared here (not in a function)</code><br />
						
            
            <a class="navhash" href="#189">#</a>
						
              <code id="189"> struct connection_s *connections = NULL;</code><br />
						
            
            <a class="navhash" href="#190">#</a>
						
              <code id="190">                                    ^</code><br />
						
            
            <a class="navhash" href="#191">#</a>
						
              <code id="191">cutter.c: In function 'add_to_connection_list':</code><br />
						
            
            <a class="navhash" href="#192">#</a>
						
              <code id="192">cutter.c:519:8: warning: incompatible implicit declaration of built-in function 'malloc' [enabled by default]</code><br />
						
            
            <a class="navhash" href="#193">#</a>
						
              <code id="193">  *cp = malloc(sizeof(struct connection_s));</code><br />
						
            
            <a class="navhash" href="#194">#</a>
						
              <code id="194">        ^</code><br />
						
            
            <a class="navhash" href="#195">#</a>
						
              <code id="195">cutter.c:521:3: warning: incompatible implicit declaration of built-in function 'fprintf' [enabled by default]</code><br />
						
            
            <a class="navhash" href="#196">#</a>
						
              <code id="196">   fprintf(stderr, "Out of memory\n");</code><br />
						
            
            <a class="navhash" href="#197">#</a>
						
              <code id="197">   ^</code><br />
						
            
            <a class="navhash" href="#198">#</a>
						
              <code id="198">cutter.c:521:11: error: 'stderr' undeclared (first use in this function)</code><br />
						
            
            <a class="navhash" href="#199">#</a>
						
              <code id="199">   fprintf(stderr, "Out of memory\n");</code><br />
						
            
            <a class="navhash" href="#200">#</a>
						
              <code id="200">           ^</code><br />
						
            
            <a class="navhash" href="#201">#</a>
						
              <code id="201">cutter.c:522:3: warning: incompatible implicit declaration of built-in function 'exit' [enabled by default]</code><br />
						
            
            <a class="navhash" href="#202">#</a>
						
              <code id="202">   exit(EXIT_FAILURE);</code><br />
						
            
            <a class="navhash" href="#203">#</a>
						
              <code id="203">   ^</code><br />
						
            
            <a class="navhash" href="#204">#</a>
						
              <code id="204">cutter.c:525:14: warning: incompatible implicit declaration of built-in function 'strdup' [enabled by default]</code><br />
						
            
            <a class="navhash" href="#205">#</a>
						
              <code id="205">  (*cp)->a1 = strdup(a1);</code><br />
						
            
            <a class="navhash" href="#206">#</a>
						
              <code id="206">              ^</code><br />
						
            
            <a class="navhash" href="#207">#</a>
						
              <code id="207">cutter.c:532:3: warning: incompatible implicit declaration of built-in function 'fprintf' [enabled by default]</code><br />
						
            
            <a class="navhash" href="#208">#</a>
						
              <code id="208">   fprintf(stderr, "Out of memory\n");</code><br />
						
            
            <a class="navhash" href="#209">#</a>
						
              <code id="209">   ^</code><br />
						
            
            <a class="navhash" href="#210">#</a>
						
              <code id="210">cutter.c:533:3: warning: incompatible implicit declaration of built-in function 'exit' [enabled by default]</code><br />
						
            
            <a class="navhash" href="#211">#</a>
						
              <code id="211">   exit(EXIT_FAILURE);</code><br />
						
            
            <a class="navhash" href="#212">#</a>
						
              <code id="212">   ^</code><br />
						
            
            <a class="navhash" href="#213">#</a>
						
              <code id="213">cutter.c: At top level:</code><br />
						
            
            <a class="navhash" href="#214">#</a>
						<span class="error">
              <code id="214">cutter.c:560:20: error: unknown type name 'in_addr_t'</code><br />
						</span>
            
            <a class="navhash" href="#215">#</a>
						
              <code id="215"> int scan_conntrack(in_addr_t ip1, int port1, in_addr_t ip2, int port2)</code><br />
						
            
            <a class="navhash" href="#216">#</a>
						
              <code id="216">                    ^</code><br />
						
            
            <a class="navhash" href="#217">#</a>
						<span class="error">
              <code id="217">cutter.c:560:46: error: unknown type name 'in_addr_t'</code><br />
						</span>
            
            <a class="navhash" href="#218">#</a>
						
              <code id="218"> int scan_conntrack(in_addr_t ip1, int port1, in_addr_t ip2, int port2)</code><br />
						
            
            <a class="navhash" href="#219">#</a>
						
              <code id="219">                                              ^</code><br />
						
            
            <a class="navhash" href="#220">#</a>
						
              <code id="220">cutter.c: In function 'main':</code><br />
						
            
            <a class="navhash" href="#221">#</a>
						<span class="error">
              <code id="221">cutter.c:659:2: error: unknown type name 'FILE'</code><br />
						</span>
            
            <a class="navhash" href="#222">#</a>
						
              <code id="222">  FILE *id = NULL;</code><br />
						
            
            <a class="navhash" href="#223">#</a>
						
              <code id="223">  ^</code><br />
						
            
            <a class="navhash" href="#224">#</a>
						<span class="error">
              <code id="224">cutter.c:661:2: error: unknown type name 'in_addr_t'</code><br />
						</span>
            
            <a class="navhash" href="#225">#</a>
						
              <code id="225">  in_addr_t ip1 = argc > 1 ? inet_addr(argv[1]) : 0;</code><br />
						
            
            <a class="navhash" href="#226">#</a>
						
              <code id="226">  ^</code><br />
						
            
            <a class="navhash" href="#227">#</a>
						<span class="error">
              <code id="227">cutter.c:663:2: error: unknown type name 'in_addr_t'</code><br />
						</span>
            
            <a class="navhash" href="#228">#</a>
						
              <code id="228">  in_addr_t ip2 = argc > 3 ? inet_addr(argv[3]) : 0;</code><br />
						
            
            <a class="navhash" href="#229">#</a>
						
              <code id="229">  ^</code><br />
						
            
            <a class="navhash" href="#230">#</a>
						
              <code id="230">cutter.c:667:3: warning: incompatible implicit declaration of built-in function 'fprintf' [enabled by default]</code><br />
						
            
            <a class="navhash" href="#231">#</a>
						
              <code id="231">   fprintf(stderr, "\ncutter - TCP/IPv4 connection cutter for linux firewalls\n\n");</code><br />
						
            
            <a class="navhash" href="#232">#</a>
						
              <code id="232">   ^</code><br />
						
            
            <a class="navhash" href="#233">#</a>
						
              <code id="233">cutter.c:667:11: error: 'stderr' undeclared (first use in this function)</code><br />
						
            
            <a class="navhash" href="#234">#</a>
						
              <code id="234">   fprintf(stderr, "\ncutter - TCP/IPv4 connection cutter for linux firewalls\n\n");</code><br />
						
            
            <a class="navhash" href="#235">#</a>
						
              <code id="235">           ^</code><br />
						
            
            <a class="navhash" href="#236">#</a>
						
              <code id="236">cutter.c:671:3: warning: incompatible implicit declaration of built-in function 'exit' [enabled by default]</code><br />
						
            
            <a class="navhash" href="#237">#</a>
						
              <code id="237">   exit(EXIT_FAILURE);</code><br />
						
            
            <a class="navhash" href="#238">#</a>
						
              <code id="238">   ^</code><br />
						
            
            <a class="navhash" href="#239">#</a>
						
              <code id="239">cutter.c:675:3: warning: incompatible implicit declaration of built-in function 'fprintf' [enabled by default]</code><br />
						
            
            <a class="navhash" href="#240">#</a>
						
              <code id="240">   fprintf(stderr, "Refused: cutter must be run by 'root'\n");</code><br />
						
            
            <a class="navhash" href="#241">#</a>
						
              <code id="241">   ^</code><br />
						
            
            <a class="navhash" href="#242">#</a>
						
              <code id="242">cutter.c:676:3: warning: incompatible implicit declaration of built-in function 'exit' [enabled by default]</code><br />
						
            
            <a class="navhash" href="#243">#</a>
						
              <code id="243">   exit(EXIT_FAILURE);</code><br />
						
            
            <a class="navhash" href="#244">#</a>
						
              <code id="244">   ^</code><br />
						
            
            <a class="navhash" href="#245">#</a>
						
              <code id="245">cutter.c:679:5: warning: assignment makes pointer from integer without a cast [enabled by default]</code><br />
						
            
            <a class="navhash" href="#246">#</a>
						
              <code id="246">  id = fopen("/proc/sys/net/ipv4/ip_forward", "r");</code><br />
						
            
            <a class="navhash" href="#247">#</a>
						
              <code id="247">     ^</code><br />
						
            
            <a class="navhash" href="#248">#</a>
						
              <code id="248">cutter.c:682:3: warning: incompatible implicit declaration of built-in function 'exit' [enabled by default]</code><br />
						
            
            <a class="navhash" href="#249">#</a>
						
              <code id="249">   exit(EXIT_FAILURE);</code><br />
						
            
            <a class="navhash" href="#250">#</a>
						
              <code id="250">   ^</code><br />
						
            
            <a class="navhash" href="#251">#</a>
						
              <code id="251">cutter.c:684:2: warning: incompatible implicit declaration of built-in function 'memset' [enabled by default]</code><br />
						
            
            <a class="navhash" href="#252">#</a>
						
              <code id="252">  memset(buff, 0, sizeof(buff));</code><br />
						
            
            <a class="navhash" href="#253">#</a>
						
              <code id="253">  ^</code><br />
						
            
            <a class="navhash" href="#254">#</a>
						
              <code id="254">cutter.c:687:3: warning: incompatible implicit declaration of built-in function 'fprintf' [enabled by default]</code><br />
						
            
            <a class="navhash" href="#255">#</a>
						
              <code id="255">   fprintf(stderr, "This does not appear to be a firewall or router (ipv4 forwarding is disabled)\n");</code><br />
						
            
            <a class="navhash" href="#256">#</a>
						
              <code id="256">   ^</code><br />
						
            
            <a class="navhash" href="#257">#</a>
						
              <code id="257">cutter.c:688:3: warning: incompatible implicit declaration of built-in function 'exit' [enabled by default]</code><br />
						
            
            <a class="navhash" href="#258">#</a>
						
              <code id="258">   exit(EXIT_FAILURE);</code><br />
						
            
            <a class="navhash" href="#259">#</a>
						
              <code id="259">   ^</code><br />
						
            
            <a class="navhash" href="#260">#</a>
						
              <code id="260">cutter.c:693:3: warning: incompatible implicit declaration of built-in function 'fprintf' [enabled by default]</code><br />
						
            
            <a class="navhash" href="#261">#</a>
						
              <code id="261">   fprintf(stderr, "Invalid IP address\n");</code><br />
						
            
            <a class="navhash" href="#262">#</a>
						
              <code id="262">   ^</code><br />
						
            
            <a class="navhash" href="#263">#</a>
						
              <code id="263">cutter.c:694:3: warning: incompatible implicit declaration of built-in function 'exit' [enabled by default]</code><br />
						
            
            <a class="navhash" href="#264">#</a>
						
              <code id="264">   exit(EXIT_FAILURE);</code><br />
						
            
            <a class="navhash" href="#265">#</a>
						
              <code id="265">   ^</code><br />
						
            
            <a class="navhash" href="#266">#</a>
						
              <code id="266">make: *** [Makefile:2: cutter] Error 1</code><br />
						
            
            <a class="navhash" href="#267">#</a>
						
              <code id="267">==> ERROR: A failure occurred in build().</code><br />
						
            
            <a class="navhash" href="#268">#</a>
						
              <code id="268">    Aborting...</code><br />
						
            
          </div>
        
      </div>
      <br />
    
  </body>
</html>