<!DOCTYPE html>
<html>
<!-- Jinja template for reports of individual builds

  Copyright 2016 Kareem Khazem. All Rights Reserved.
  Licensed under the Apache License, Version 2.0 (the "License");
  you may not use this file except in compliance with the License.
  You may obtain a copy of the License at

 		 http://www.apache.org/licenses/LICENSE-2.0

  Unless required by applicable law or agreed to in writing, software
  distributed under the License is distributed on an "AS IS" BASIS,
  WITHOUT WARRANTIES OR CONDITIONS OF ANY KIND, either express or
  implied.
  See the License for the specific language governing permissions and
  limitations under the License.
-->
  <head>
    <meta charset="UTF-8">
    <title>android/datemath</title>
    <link href='https://fonts.googleapis.com/css?family=Roboto:400,900'
          rel='stylesheet' type='text/css'>
    <link
    href='https://fonts.googleapis.com/css?family=Source+Code+Pro:400,700'
          rel='stylesheet' type='text/css'>
    <link href="../style.css" type="text/css" rel="stylesheet">
  </head>
  <body>
    <h1>Build of datemath
        with <a href="../index.html">android</a>
        toolchain</h1>
    <p>The build took 00h 01m 04s and was
    NOT successful.</p>
    <p>
    The program in this build is written in the following languages,
    according to <a
    href="http://www.dwheeler.com/sloccount/">sloccount</a>:
    </p>
    <table>
      <tr><th>SLOC</th><th>Language</th></tr>
      
      <tr><td class="loc"><code>440</code></td>
          <td class="lang">ansic</td></tr>
      <tr><td class="loc"><code>241</code></td>
          <td class="lang">lex</td></tr>
      <tr><td class="loc"><code>181</code></td>
          <td class="lang">yacc</td></tr>
      <tr><td class="loc"><code>21</code></td>
          <td class="lang">makefile</td></tr>
      <tr><td><code>883</code></td>
          <td><em>total</em></td></tr>
    </table>
    <p>
      The process tree of the build process is <a
      href="datemath-tree.html">here</a>.
    </p>
    
    
    
    
    
    <h2>List of Errors</h2>
    <ul>
      
      <li>flex_error
        <ul>
          
          <li><a href="#184">flex: error writing output file <stdout></a></li>
          
        </ul>
      </li>
      
      <li>unknown_type
        <ul>
          
          <li><a href="#144">util.c:109:1: error: unknown type name 'va_list'</a></li>
          
        </ul>
      </li>
      
    </ul>
    
    
    <h2>Log</h2>
    <p>
    To avoid scrolling, you may jump to the <a
    href="#189">last line</a> of the
    invocation of <code>makepkg</code> that was used to build this
    package.
    </p>
    
    
      <div class="block">
        <div class="info">
          <code>Removed vanilla repositories from pacman.conf and added:</code>
        </div>
        
          <div class="output">
            
            <a class="navhash" href="#1">#</a>
						
              <code id="1">[tuscan]</code><br />
						
            
            <a class="navhash" href="#2">#</a>
						
              <code id="2">Server = file:///var/cache/pacman/pkg/</code><br />
						
            
          </div>
        
      </div>
      <br />
    
      <div class="block">
        <div class="command">
          <code><span class="prompt">CMD: </span>pacman -Syy --noconfirm</code>
        </div>
        
          <div class="output">
            
            <a class="navhash" href="#3">#</a>
						
              <code id="3">:: Synchronizing package databases...</code><br />
						
            
            <a class="navhash" href="#4">#</a>
						
              <code id="4">downloading tuscan.db...</code><br />
						
            
          </div>
        
      </div>
      <br />
    
      <div class="block">
        <div class="info">
          <code>Copied permanent toolchain into container-local sysroot</code>
        </div>
        
          <div class="output">
            
            <a class="navhash" href="#5">#</a>
						
              <code id="5">/toolchain_root/arm-linux-androideabi  -->  /sysroot/arm-linux-androideabi</code><br />
						
            
            <a class="navhash" href="#6">#</a>
						
              <code id="6">/toolchain_root/COPYING3.LIB  -->  /sysroot/COPYING3.LIB</code><br />
						
            
            <a class="navhash" href="#7">#</a>
						
              <code id="7">/toolchain_root/sysroot  -->  /sysroot/sysroot</code><br />
						
            
            <a class="navhash" href="#8">#</a>
						
              <code id="8">/toolchain_root/COPYING.RUNTIME  -->  /sysroot/COPYING.RUNTIME</code><br />
						
            
            <a class="navhash" href="#9">#</a>
						
              <code id="9">/toolchain_root/lib  -->  /sysroot/lib</code><br />
						
            
            <a class="navhash" href="#10">#</a>
						
              <code id="10">/toolchain_root/SOURCES  -->  /sysroot/SOURCES</code><br />
						
            
            <a class="navhash" href="#11">#</a>
						
              <code id="11">/toolchain_root/lib64  -->  /sysroot/lib64</code><br />
						
            
            <a class="navhash" href="#12">#</a>
						
              <code id="12">/toolchain_root/share  -->  /sysroot/share</code><br />
						
            
            <a class="navhash" href="#13">#</a>
						
              <code id="13">/toolchain_root/bin  -->  /sysroot/bin</code><br />
						
            
            <a class="navhash" href="#14">#</a>
						
              <code id="14">/toolchain_root/COPYING  -->  /sysroot/COPYING</code><br />
						
            
            <a class="navhash" href="#15">#</a>
						
              <code id="15">/toolchain_root/COPYING3  -->  /sysroot/COPYING3</code><br />
						
            
            <a class="navhash" href="#16">#</a>
						
              <code id="16">/toolchain_root/COPYING.LIB  -->  /sysroot/COPYING.LIB</code><br />
						
            
            <a class="navhash" href="#17">#</a>
						
              <code id="17">/toolchain_root/include  -->  /sysroot/include</code><br />
						
            
            <a class="navhash" href="#18">#</a>
						
              <code id="18">/toolchain_root/libexec  -->  /sysroot/libexec</code><br />
						
            
          </div>
        
      </div>
      <br />
    
      <div class="block">
        <div class="command">
          <code><span class="prompt">CMD: </span>sudo -u tuscan PATH=/sysroot/bin:/sysroot/libexec/gcc/arm-linux-androideabi/4.8:/usr/local/sbin:/usr/local/bin:/usr/sbin:/usr/bin:/sbin:/bin CC=arm-linux-androideabi-gcc CXX=arm-linux-androideabi-g++ red makepkg --noextract --syncdeps --skipinteg --skippgpcheck --skipchecksums --noconfirm --nocolor --log --noprogressbar --nocheck</code>
        </div>
        
          <div class="output">
            
            <a class="navhash" href="#19">#</a>
						
              <code id="19">==> Making package: datemath 2.0.10-5 (Tue Apr  4 19:39:37 UTC 2017)</code><br />
						
            
            <a class="navhash" href="#20">#</a>
						
              <code id="20">==> Checking runtime dependencies...</code><br />
						
            
            <a class="navhash" href="#21">#</a>
						
              <code id="21">==> Checking buildtime dependencies...</code><br />
						
            
            <a class="navhash" href="#22">#</a>
						
              <code id="22">==> WARNING: Using existing $srcdir/ tree</code><br />
						
            
            <a class="navhash" href="#23">#</a>
						
              <code id="23">==> Starting build()...</code><br />
						
            
            <a class="navhash" href="#24">#</a>
						
              <code id="24">File ./util.c is read-only; trying to patch anyway</code><br />
						
            
            <a class="navhash" href="#25">#</a>
						
              <code id="25">patching file ./util.c</code><br />
						
            
            <a class="navhash" href="#26">#</a>
						
              <code id="26">gcc -W -Wall -pedantic   -c -o datemath.o datemath.c</code><br />
						
            
            <a class="navhash" href="#27">#</a>
						
              <code id="27">bison --defines --output=gram.c gram.y</code><br />
						
            
            <a class="navhash" href="#28">#</a>
						
              <code id="28">gcc -W -Wall -pedantic   -c -o util.o util.c</code><br />
						
            
            <a class="navhash" href="#29">#</a>
						
              <code id="29">flex  -t lex.l > lex.c</code><br />
						
            
            <a class="navhash" href="#30">#</a>
						
              <code id="30">cc1: error: no include path in which to search for stdc-predef.h</code><br />
						
            
            <a class="navhash" href="#31">#</a>
						
              <code id="31">datemath.c:110:19: error: no include path in which to search for stdio.h</code><br />
						
            
            <a class="navhash" href="#32">#</a>
						
              <code id="32"> #include <stdio.h></code><br />
						
            
            <a class="navhash" href="#33">#</a>
						
              <code id="33">                   ^</code><br />
						
            
            <a class="navhash" href="#34">#</a>
						
              <code id="34">datemath.c:111:20: error: no include path in which to search for stdlib.h</code><br />
						
            
            <a class="navhash" href="#35">#</a>
						
              <code id="35"> #include <stdlib.h></code><br />
						
            
            <a class="navhash" href="#36">#</a>
						
              <code id="36">                    ^</code><br />
						
            
            <a class="navhash" href="#37">#</a>
						
              <code id="37">datemath.c:112:20: error: no include path in which to search for unistd.h</code><br />
						
            
            <a class="navhash" href="#38">#</a>
						
              <code id="38"> #include <unistd.h></code><br />
						
            
            <a class="navhash" href="#39">#</a>
						
              <code id="39">                    ^</code><br />
						
            
            <a class="navhash" href="#40">#</a>
						
              <code id="40">datemath.c:113:20: error: no include path in which to search for string.h</code><br />
						
            
            <a class="navhash" href="#41">#</a>
						
              <code id="41"> #include <string.h></code><br />
						
            
            <a class="navhash" href="#42">#</a>
						
              <code id="42">                    ^</code><br />
						
            
            <a class="navhash" href="#43">#</a>
						
              <code id="43">datemath.c:114:20: error: no include path in which to search for malloc.h</code><br />
						
            
            <a class="navhash" href="#44">#</a>
						
              <code id="44"> #include <malloc.h></code><br />
						
            
            <a class="navhash" href="#45">#</a>
						
              <code id="45">                    ^</code><br />
						
            
            <a class="navhash" href="#46">#</a>
						
              <code id="46">datemath.c:120:24: error: 'NULL' undeclared here (not in a function)</code><br />
						
            
            <a class="navhash" href="#47">#</a>
						
              <code id="47"> const char *ProgName = NULL;</code><br />
						
            
            <a class="navhash" href="#48">#</a>
						
              <code id="48">                        ^</code><br />
						
            
            <a class="navhash" href="#49">#</a>
						
              <code id="49">datemath.c: In function 'main':</code><br />
						
            
            <a class="navhash" href="#50">#</a>
						
              <code id="50">datemath.c:135:2: warning: implicit declaration of function 'setbuf' [-Wimplicit-function-declaration]</code><br />
						
            
            <a class="navhash" href="#51">#</a>
						
              <code id="51">  setbuf(stdout, (char *)0);</code><br />
						
            
            <a class="navhash" href="#52">#</a>
						
              <code id="52">  ^</code><br />
						
            
            <a class="navhash" href="#53">#</a>
						
              <code id="53">datemath.c:135:9: error: 'stdout' undeclared (first use in this function)</code><br />
						
            
            <a class="navhash" href="#54">#</a>
						
              <code id="54">  setbuf(stdout, (char *)0);</code><br />
						
            
            <a class="navhash" href="#55">#</a>
						
              <code id="55">         ^</code><br />
						
            
            <a class="navhash" href="#56">#</a>
						
              <code id="56">datemath.c:135:9: note: each undeclared identifier is reported only once for each function it appears in</code><br />
						
            
            <a class="navhash" href="#57">#</a>
						
              <code id="57">datemath.c:137:2: warning: implicit declaration of function 'getopt' [-Wimplicit-function-declaration]</code><br />
						
            
            <a class="navhash" href="#58">#</a>
						
              <code id="58">  while ( (c = getopt(argc, argv, "VL9:24C")) != EOF )</code><br />
						
            
            <a class="navhash" href="#59">#</a>
						
              <code id="59">  ^</code><br />
						
            
            <a class="navhash" href="#60">#</a>
						
              <code id="60">datemath.c:137:49: error: 'EOF' undeclared (first use in this function)</code><br />
						
            
            <a class="navhash" href="#61">#</a>
						
              <code id="61">  while ( (c = getopt(argc, argv, "VL9:24C")) != EOF )</code><br />
						
            
            <a class="navhash" href="#62">#</a>
						
              <code id="62">                                                 ^</code><br />
						
            
            <a class="navhash" href="#63">#</a>
						
              <code id="63">datemath.c:157:4: warning: implicit declaration of function 'atoi' [-Wimplicit-function-declaration]</code><br />
						
            
            <a class="navhash" href="#64">#</a>
						
              <code id="64">    century19_year = atoi(optarg);</code><br />
						
            
            <a class="navhash" href="#65">#</a>
						
              <code id="65">    ^</code><br />
						
            
            <a class="navhash" href="#66">#</a>
						
              <code id="66">datemath.c:157:26: error: 'optarg' undeclared (first use in this function)</code><br />
						
            
            <a class="navhash" href="#67">#</a>
						
              <code id="67">    century19_year = atoi(optarg);</code><br />
						
            
            <a class="navhash" href="#68">#</a>
						
              <code id="68">                          ^</code><br />
						
            
            <a class="navhash" href="#69">#</a>
						
              <code id="69">datemath.c:165:4: warning: implicit declaration of function 'fprintf' [-Wimplicit-function-declaration]</code><br />
						
            
            <a class="navhash" href="#70">#</a>
						
              <code id="70">    fprintf(stderr, "%s\n", Version);</code><br />
						
            
            <a class="navhash" href="#71">#</a>
						
              <code id="71">    ^</code><br />
						
            
            <a class="navhash" href="#72">#</a>
						
              <code id="72">datemath.c:165:4: warning: incompatible implicit declaration of built-in function 'fprintf' [enabled by default]</code><br />
						
            
            <a class="navhash" href="#73">#</a>
						
              <code id="73">datemath.c:165:12: error: 'stderr' undeclared (first use in this function)</code><br />
						
            
            <a class="navhash" href="#74">#</a>
						
              <code id="74">    fprintf(stderr, "%s\n", Version);</code><br />
						
            
            <a class="navhash" href="#75">#</a>
						
              <code id="75">            ^</code><br />
						
            
            <a class="navhash" href="#76">#</a>
						
              <code id="76">datemath.c:166:4: warning: implicit declaration of function 'exit' [-Wimplicit-function-declaration]</code><br />
						
            
            <a class="navhash" href="#77">#</a>
						
              <code id="77">    exit(EXIT_SUCCESS);</code><br />
						
            
            <a class="navhash" href="#78">#</a>
						
              <code id="78">    ^</code><br />
						
            
            <a class="navhash" href="#79">#</a>
						
              <code id="79">datemath.c:166:4: warning: incompatible implicit declaration of built-in function 'exit' [enabled by default]</code><br />
						
            
            <a class="navhash" href="#80">#</a>
						
              <code id="80">datemath.c:178:11: error: 'optind' undeclared (first use in this function)</code><br />
						
            
            <a class="navhash" href="#81">#</a>
						
              <code id="81">  for (i = optind; i < argc; i++ )</code><br />
						
            
            <a class="navhash" href="#82">#</a>
						
              <code id="82">           ^</code><br />
						
            
            <a class="navhash" href="#83">#</a>
						
              <code id="83">datemath.c:180:3: warning: implicit declaration of function 'strlen' [-Wimplicit-function-declaration]</code><br />
						
            
            <a class="navhash" href="#84">#</a>
						
              <code id="84">   len += strlen(argv[i]) + 1;</code><br />
						
            
            <a class="navhash" href="#85">#</a>
						
              <code id="85">   ^</code><br />
						
            
            <a class="navhash" href="#86">#</a>
						
              <code id="86">datemath.c:180:10: warning: incompatible implicit declaration of built-in function 'strlen' [enabled by default]</code><br />
						
            
            <a class="navhash" href="#87">#</a>
						
              <code id="87">   len += strlen(argv[i]) + 1;</code><br />
						
            
            <a class="navhash" href="#88">#</a>
						
              <code id="88">          ^</code><br />
						
            
            <a class="navhash" href="#89">#</a>
						
              <code id="89">datemath.c:185:3: warning: incompatible implicit declaration of built-in function 'fprintf' [enabled by default]</code><br />
						
            
            <a class="navhash" href="#90">#</a>
						
              <code id="90">   fprintf(stderr, "ERROR: missing datemath expression\n");</code><br />
						
            
            <a class="navhash" href="#91">#</a>
						
              <code id="91">   ^</code><br />
						
            
            <a class="navhash" href="#92">#</a>
						
              <code id="92">datemath.c:192:2: warning: implicit declaration of function 'malloc' [-Wimplicit-function-declaration]</code><br />
						
            
            <a class="navhash" href="#93">#</a>
						
              <code id="93">  if ( (exprbuf = malloc(len)) == 0 )</code><br />
						
            
            <a class="navhash" href="#94">#</a>
						
              <code id="94">  ^</code><br />
						
            
            <a class="navhash" href="#95">#</a>
						
              <code id="95">datemath.c:192:18: warning: incompatible implicit declaration of built-in function 'malloc' [enabled by default]</code><br />
						
            
            <a class="navhash" href="#96">#</a>
						
              <code id="96">  if ( (exprbuf = malloc(len)) == 0 )</code><br />
						
            
            <a class="navhash" href="#97">#</a>
						
              <code id="97">                  ^</code><br />
						
            
            <a class="navhash" href="#98">#</a>
						
              <code id="98">datemath.c:197:3: warning: implicit declaration of function 'strcat' [-Wimplicit-function-declaration]</code><br />
						
            
            <a class="navhash" href="#99">#</a>
						
              <code id="99">   strcat(exprbuf, argv[optind++]);</code><br />
						
            
            <a class="navhash" href="#100">#</a>
						
              <code id="100">   ^</code><br />
						
            
            <a class="navhash" href="#101">#</a>
						
              <code id="101">datemath.c:197:3: warning: incompatible implicit declaration of built-in function 'strcat' [enabled by default]</code><br />
						
            
            <a class="navhash" href="#102">#</a>
						
              <code id="102">datemath.c:208:4: warning: implicit declaration of function 'printf' [-Wimplicit-function-declaration]</code><br />
						
            
            <a class="navhash" href="#103">#</a>
						
              <code id="103">    printf("got token %d [%s]\n", tok, yytext);</code><br />
						
            
            <a class="navhash" href="#104">#</a>
						
              <code id="104">    ^</code><br />
						
            
            <a class="navhash" href="#105">#</a>
						
              <code id="105">datemath.c:208:4: warning: incompatible implicit declaration of built-in function 'printf' [enabled by default]</code><br />
						
            
            <a class="navhash" href="#106">#</a>
						
              <code id="106">datemath.c:210:3: warning: incompatible implicit declaration of built-in function 'exit' [enabled by default]</code><br />
						
            
            <a class="navhash" href="#107">#</a>
						
              <code id="107">   exit(EXIT_SUCCESS);</code><br />
						
            
            <a class="navhash" href="#108">#</a>
						
              <code id="108">   ^</code><br />
						
            
            <a class="navhash" href="#109">#</a>
						
              <code id="109">datemath.c:215:3: warning: incompatible implicit declaration of built-in function 'exit' [enabled by default]</code><br />
						
            
            <a class="navhash" href="#110">#</a>
						
              <code id="110">   exit( yyparse() == 0 ? EXIT_SUCCESS : EXIT_FAILURE);</code><br />
						
            
            <a class="navhash" href="#111">#</a>
						
              <code id="111">   ^</code><br />
						
            
            <a class="navhash" href="#112">#</a>
						
              <code id="112">datemath.c: In function 'usage':</code><br />
						
            
            <a class="navhash" href="#113">#</a>
						
              <code id="113">datemath.c:246:2: warning: incompatible implicit declaration of built-in function 'fprintf' [enabled by default]</code><br />
						
            
            <a class="navhash" href="#114">#</a>
						
              <code id="114">  fprintf(stderr, "%s\n\n", Version);</code><br />
						
            
            <a class="navhash" href="#115">#</a>
						
              <code id="115">  ^</code><br />
						
            
            <a class="navhash" href="#116">#</a>
						
              <code id="116">datemath.c:246:10: error: 'stderr' undeclared (first use in this function)</code><br />
						
            
            <a class="navhash" href="#117">#</a>
						
              <code id="117">  fprintf(stderr, "%s\n\n", Version);</code><br />
						
            
            <a class="navhash" href="#118">#</a>
						
              <code id="118">          ^</code><br />
						
            
            <a class="navhash" href="#119">#</a>
						
              <code id="119">datemath.c:254:2: warning: incompatible implicit declaration of built-in function 'exit' [enabled by default]</code><br />
						
            
            <a class="navhash" href="#120">#</a>
						
              <code id="120">  exit(EXIT_FAILURE);</code><br />
						
            
            <a class="navhash" href="#121">#</a>
						
              <code id="121">  ^</code><br />
						
            
            <a class="navhash" href="#122">#</a>
						
              <code id="122">make: *** [<builtin>: datemath.o] Error 1</code><br />
						
            
            <a class="navhash" href="#123">#</a>
						
              <code id="123">make: *** Waiting for unfinished jobs....</code><br />
						
            
            <a class="navhash" href="#124">#</a>
						
              <code id="124">cc1: error: no include path in which to search for stdc-predef.h</code><br />
						
            
            <a class="navhash" href="#125">#</a>
						
              <code id="125">util.c:12:19: error: no include path in which to search for stdio.h</code><br />
						
            
            <a class="navhash" href="#126">#</a>
						
              <code id="126"> #include <stdio.h></code><br />
						
            
            <a class="navhash" href="#127">#</a>
						
              <code id="127">                   ^</code><br />
						
            
            <a class="navhash" href="#128">#</a>
						
              <code id="128">util.c:13:20: error: no include path in which to search for assert.h</code><br />
						
            
            <a class="navhash" href="#129">#</a>
						
              <code id="129"> #include <assert.h></code><br />
						
            
            <a class="navhash" href="#130">#</a>
						
              <code id="130">                    ^</code><br />
						
            
            <a class="navhash" href="#131">#</a>
						
              <code id="131">util.c:14:20: error: no include path in which to search for stdarg.h</code><br />
						
            
            <a class="navhash" href="#132">#</a>
						
              <code id="132"> #include <stdarg.h></code><br />
						
            
            <a class="navhash" href="#133">#</a>
						
              <code id="133">                    ^</code><br />
						
            
            <a class="navhash" href="#134">#</a>
						
              <code id="134">util.c:15:20: error: no include path in which to search for stdlib.h</code><br />
						
            
            <a class="navhash" href="#135">#</a>
						
              <code id="135"> #include <stdlib.h></code><br />
						
            
            <a class="navhash" href="#136">#</a>
						
              <code id="136">                    ^</code><br />
						
            
            <a class="navhash" href="#137">#</a>
						
              <code id="137">util.c:16:20: error: no include path in which to search for string.h</code><br />
						
            
            <a class="navhash" href="#138">#</a>
						
              <code id="138"> #include <string.h></code><br />
						
            
            <a class="navhash" href="#139">#</a>
						
              <code id="139">                    ^</code><br />
						
            
            <a class="navhash" href="#140">#</a>
						
              <code id="140">util.c:17:19: error: no include path in which to search for ctype.h</code><br />
						
            
            <a class="navhash" href="#141">#</a>
						
              <code id="141"> #include <ctype.h></code><br />
						
            
            <a class="navhash" href="#142">#</a>
						
              <code id="142">                   ^</code><br />
						
            
            <a class="navhash" href="#143">#</a>
						
              <code id="143">util.c: In function 'die':</code><br />
						
            
            <a class="navhash" href="#144">#</a>
						<span class="error">
              <code id="144">util.c:109:1: error: unknown type name 'va_list'</code><br />
						</span>
            
            <a class="navhash" href="#145">#</a>
						
              <code id="145"> va_list args;</code><br />
						
            
            <a class="navhash" href="#146">#</a>
						
              <code id="146"> ^</code><br />
						
            
            <a class="navhash" href="#147">#</a>
						
              <code id="147">util.c:111:2: warning: implicit declaration of function 'va_start' [-Wimplicit-function-declaration]</code><br />
						
            
            <a class="navhash" href="#148">#</a>
						
              <code id="148">  va_start(args, format);</code><br />
						
            
            <a class="navhash" href="#149">#</a>
						
              <code id="149">  ^</code><br />
						
            
            <a class="navhash" href="#150">#</a>
						
              <code id="150">util.c:114:3: warning: implicit declaration of function 'fprintf' [-Wimplicit-function-declaration]</code><br />
						
            
            <a class="navhash" href="#151">#</a>
						
              <code id="151">   (void)fprintf(stderr, "%s: ", ProgName);</code><br />
						
            
            <a class="navhash" href="#152">#</a>
						
              <code id="152">   ^</code><br />
						
            
            <a class="navhash" href="#153">#</a>
						
              <code id="153">util.c:114:9: warning: incompatible implicit declaration of built-in function 'fprintf' [enabled by default]</code><br />
						
            
            <a class="navhash" href="#154">#</a>
						
              <code id="154">   (void)fprintf(stderr, "%s: ", ProgName);</code><br />
						
            
            <a class="navhash" href="#155">#</a>
						
              <code id="155">         ^</code><br />
						
            
            <a class="navhash" href="#156">#</a>
						
              <code id="156">util.c:114:17: error: 'stderr' undeclared (first use in this function)</code><br />
						
            
            <a class="navhash" href="#157">#</a>
						
              <code id="157">   (void)fprintf(stderr, "%s: ", ProgName);</code><br />
						
            
            <a class="navhash" href="#158">#</a>
						
              <code id="158">                 ^</code><br />
						
            
            <a class="navhash" href="#159">#</a>
						
              <code id="159">util.c:114:17: note: each undeclared identifier is reported only once for each function it appears in</code><br />
						
            
            <a class="navhash" href="#160">#</a>
						
              <code id="160">util.c:116:2: warning: implicit declaration of function 'vfprintf' [-Wimplicit-function-declaration]</code><br />
						
            
            <a class="navhash" href="#161">#</a>
						
              <code id="161">  vfprintf(stderr, format, args);</code><br />
						
            
            <a class="navhash" href="#162">#</a>
						
              <code id="162">  ^</code><br />
						
            
            <a class="navhash" href="#163">#</a>
						
              <code id="163">util.c:117:2: warning: implicit declaration of function 'fputc' [-Wimplicit-function-declaration]</code><br />
						
            
            <a class="navhash" href="#164">#</a>
						
              <code id="164">  fputc('\n', stderr);</code><br />
						
            
            <a class="navhash" href="#165">#</a>
						
              <code id="165">  ^</code><br />
						
            
            <a class="navhash" href="#166">#</a>
						
              <code id="166">util.c:119:2: warning: implicit declaration of function 'va_end' [-Wimplicit-function-declaration]</code><br />
						
            
            <a class="navhash" href="#167">#</a>
						
              <code id="167">  va_end(args);</code><br />
						
            
            <a class="navhash" href="#168">#</a>
						
              <code id="168">  ^</code><br />
						
            
            <a class="navhash" href="#169">#</a>
						
              <code id="169">util.c:121:2: warning: implicit declaration of function 'exit' [-Wimplicit-function-declaration]</code><br />
						
            
            <a class="navhash" href="#170">#</a>
						
              <code id="170">  exit(EXIT_FAILURE);</code><br />
						
            
            <a class="navhash" href="#171">#</a>
						
              <code id="171">  ^</code><br />
						
            
            <a class="navhash" href="#172">#</a>
						
              <code id="172">util.c:121:2: warning: incompatible implicit declaration of built-in function 'exit' [enabled by default]</code><br />
						
            
            <a class="navhash" href="#173">#</a>
						
              <code id="173">util.c: In function 'strlower':</code><br />
						
            
            <a class="navhash" href="#174">#</a>
						
              <code id="174">util.c:194:2: warning: implicit declaration of function 'assert' [-Wimplicit-function-declaration]</code><br />
						
            
            <a class="navhash" href="#175">#</a>
						
              <code id="175">  assert(s != 0);</code><br />
						
            
            <a class="navhash" href="#176">#</a>
						
              <code id="176">  ^</code><br />
						
            
            <a class="navhash" href="#177">#</a>
						
              <code id="177">util.c:198:3: warning: implicit declaration of function 'isupper' [-Wimplicit-function-declaration]</code><br />
						
            
            <a class="navhash" href="#178">#</a>
						
              <code id="178">   if (isupper(*s))</code><br />
						
            
            <a class="navhash" href="#179">#</a>
						
              <code id="179">   ^</code><br />
						
            
            <a class="navhash" href="#180">#</a>
						
              <code id="180">util.c:199:4: warning: implicit declaration of function 'tolower' [-Wimplicit-function-declaration]</code><br />
						
            
            <a class="navhash" href="#181">#</a>
						
              <code id="181">    *s = tolower(*s);</code><br />
						
            
            <a class="navhash" href="#182">#</a>
						
              <code id="182">    ^</code><br />
						
            
            <a class="navhash" href="#183">#</a>
						
              <code id="183">make: *** [<builtin>: util.o] Error 1</code><br />
						
            
            <a class="navhash" href="#184">#</a>
						<span class="error">
              <code id="184">flex: error writing output file <stdout></code><br />
						</span>
            
            <a class="navhash" href="#185">#</a>
						
              <code id="185">make: *** [<builtin>: lex.c] Error 1</code><br />
						
            
            <a class="navhash" href="#186">#</a>
						
              <code id="186">make: *** [Makefile:34: gram.c] Segmentation fault (core dumped)</code><br />
						
            
            <a class="navhash" href="#187">#</a>
						
              <code id="187">rm lex.c</code><br />
						
            
            <a class="navhash" href="#188">#</a>
						
              <code id="188">==> ERROR: A failure occurred in build().</code><br />
						
            
            <a class="navhash" href="#189">#</a>
						
              <code id="189">    Aborting...</code><br />
						
            
          </div>
        
      </div>
      <br />
    
  </body>
</html>