<!DOCTYPE html>
<html>
<!-- Jinja template for reports of individual builds

  Copyright 2016 Kareem Khazem. All Rights Reserved.
  Licensed under the Apache License, Version 2.0 (the "License");
  you may not use this file except in compliance with the License.
  You may obtain a copy of the License at

 		 http://www.apache.org/licenses/LICENSE-2.0

  Unless required by applicable law or agreed to in writing, software
  distributed under the License is distributed on an "AS IS" BASIS,
  WITHOUT WARRANTIES OR CONDITIONS OF ANY KIND, either express or
  implied.
  See the License for the specific language governing permissions and
  limitations under the License.
-->
  <head>
    <meta charset="UTF-8">
    <title>android/ecm-tools</title>
    <link href='https://fonts.googleapis.com/css?family=Roboto:400,900'
          rel='stylesheet' type='text/css'>
    <link
    href='https://fonts.googleapis.com/css?family=Source+Code+Pro:400,700'
          rel='stylesheet' type='text/css'>
    <link href="../style.css" type="text/css" rel="stylesheet">
  </head>
  <body>
    <h1>Build of ecm-tools
        with <a href="../index.html">android</a>
        toolchain</h1>
    <p>The build took 00h 00m 52s and was
    NOT successful.</p>
    <p>
    The program in this build is written in the following languages,
    according to <a
    href="http://www.dwheeler.com/sloccount/">sloccount</a>:
    </p>
    <table>
      <tr><th>SLOC</th><th>Language</th></tr>
      
      <tr><td class="loc"><code>1,238</code></td>
          <td class="lang">ansic</td></tr>
      <tr><td class="loc"><code>261</code></td>
          <td class="lang">sh</td></tr>
      <tr><td><code>1,499</code></td>
          <td><em>total</em></td></tr>
    </table>
    <p>
      The process tree of the build process is <a
      href="ecm-tools-tree.html">here</a>.
    </p>
    
    
      <p>
      Several sub-process invocations were improper; see the process tree
      for details. Summary:
      </p>
      <ul>
        <li>hardcoded invocation:<ul>
            <li>&times;1: /usr/sbin/gcc</li>
        </ul></li>
      </ul>
    
    
    
    
    <h2>List of Errors</h2>
    <ul>
      
      <li>unknown_type
        <ul>
          
          <li><a href="#101">common.h:327:16: error: unknown type name 'FILE'</a></li>
          
          <li><a href="#104">common.h:341:29: error: unknown type name 'FILE'</a></li>
          
          <li><a href="#107">common.h:350:16: error: unknown type name 'FILE'</a></li>
          
          <li><a href="#111">common.h:528:5: error: unknown type name 'size_t'</a></li>
          
          <li><a href="#114">common.h:529:5: error: unknown type name 'size_t'</a></li>
          
          <li><a href="#121">common.h:547:21: error: unknown type name 'FILE'</a></li>
          
          <li><a href="#150">ecm.c:70:1: error: unknown type name 'uint32_t'</a></li>
          
          <li><a href="#153">ecm.c:70:1: error: unknown type name 'uint8_t'</a></li>
          
          <li><a href="#159">ecm.c:78:22: error: unknown type name 'uint8_t'</a></li>
          
          <li><a href="#162">ecm.c:78:37: error: unknown type name 'uint32_t'</a></li>
          
          <li><a href="#165">ecm.c:89:1: error: unknown type name 'uint8_t'</a></li>
          
          <li><a href="#168">ecm.c:90:1: error: unknown type name 'uint8_t'</a></li>
          
          <li><a href="#171">ecm.c:91:1: error: unknown type name 'uint32_t'</a></li>
          
          <li><a href="#175">ecm.c:94:5: error: unknown type name 'size_t'</a></li>
          
          <li><a href="#178">ecm.c:96:9: error: unknown type name 'uint32_t'</a></li>
          
          <li><a href="#181">ecm.c:97:9: error: unknown type name 'size_t'</a></li>
          
          <li><a href="#185">ecm.c:111:1: error: unknown type name 'uint32_t'</a></li>
          
          <li><a href="#188">ecm.c:112:5: error: unknown type name 'uint32_t'</a></li>
          
          <li><a href="#191">ecm.c:113:5: error: unknown type name 'uint8_t'</a></li>
          
          <li><a href="#194">ecm.c:114:5: error: unknown type name 'size_t'</a></li>
          
          <li><a href="#197">ecm.c:127:1: error: unknown type name 'int8_t'</a></li>
          
          <li><a href="#200">ecm.c:128:5: error: unknown type name 'uint8_t'</a></li>
          
          <li><a href="#203">ecm.c:129:5: error: unknown type name 'uint8_t'</a></li>
          
          <li><a href="#206">ecm.c:130:5: error: unknown type name 'size_t'</a></li>
          
          <li><a href="#209">ecm.c:131:5: error: unknown type name 'size_t'</a></li>
          
          <li><a href="#212">ecm.c:132:5: error: unknown type name 'size_t'</a></li>
          
          <li><a href="#215">ecm.c:133:5: error: unknown type name 'size_t'</a></li>
          
          <li><a href="#218">ecm.c:134:5: error: unknown type name 'uint8_t'</a></li>
          
          <li><a href="#221">ecm.c:171:5: error: unknown type name 'uint8_t'</a></li>
          
          <li><a href="#224">ecm.c:172:5: error: unknown type name 'uint8_t'</a></li>
          
          <li><a href="#227">ecm.c:173:5: error: unknown type name 'size_t'</a></li>
          
          <li><a href="#230">ecm.c:174:5: error: unknown type name 'size_t'</a></li>
          
          <li><a href="#233">ecm.c:175:5: error: unknown type name 'size_t'</a></li>
          
          <li><a href="#236">ecm.c:176:5: error: unknown type name 'size_t'</a></li>
          
          <li><a href="#239">ecm.c:177:5: error: unknown type name 'uint8_t'</a></li>
          
          <li><a href="#242">ecm.c:209:1: error: unknown type name 'int8_t'</a></li>
          
          <li><a href="#245">ecm.c:210:5: error: unknown type name 'uint8_t'</a></li>
          
          <li><a href="#248">ecm.c:211:5: error: unknown type name 'uint8_t'</a></li>
          
          <li><a href="#251">ecm.c:212:5: error: unknown type name 'uint8_t'</a></li>
          
          <li><a href="#259">ecm.c:223:5: error: unknown type name 'uint8_t'</a></li>
          
          <li><a href="#262">ecm.c:224:5: error: unknown type name 'uint8_t'</a></li>
          
          <li><a href="#265">ecm.c:225:5: error: unknown type name 'uint8_t'</a></li>
          
          <li><a href="#268">ecm.c:233:1: error: unknown type name 'uint8_t'</a></li>
          
          <li><a href="#271">ecm.c:245:1: error: unknown type name 'int8_t'</a></li>
          
          <li><a href="#274">ecm.c:245:1: error: unknown type name 'uint8_t'</a></li>
          
          <li><a href="#275">ecm.c:245:52: error: unknown type name 'size_t'</a></li>
          
          <li><a href="#278">ecm.c:325:5: error: unknown type name 'uint8_t'</a></li>
          
          <li><a href="#281">ecm.c:326:5: error: unknown type name 'int8_t'</a></li>
          
          <li><a href="#284">ecm.c:406:1: error: unknown type name 'int8_t'</a></li>
          
          <li><a href="#287">ecm.c:408:5: error: unknown type name 'FILE'</a></li>
          
          <li><a href="#290">ecm.c:409:5: error: unknown type name 'int8_t'</a></li>
          
          <li><a href="#293">ecm.c:410:5: error: unknown type name 'uint32_t'</a></li>
          
          <li><a href="#296">ecm.c:445:1: error: unknown type name 'uint8_t'</a></li>
          
          <li><a href="#315">ecm.c:484:5: error: unknown type name 'int8_t'</a></li>
          
          <li><a href="#319">ecm.c:490:5: error: unknown type name 'int8_t'</a></li>
          
          <li><a href="#323">ecm.c:496:5: error: unknown type name 'int8_t'</a></li>
          
          <li><a href="#327">ecm.c:507:1: error: unknown type name 'int8_t'</a></li>
          
          <li><a href="#330">ecm.c:508:5: error: unknown type name 'int8_t'</a></li>
          
          <li><a href="#333">ecm.c:509:5: error: unknown type name 'uint32_t'</a></li>
          
          <li><a href="#336">ecm.c:512:5: error: unknown type name 'FILE'</a></li>
          
          <li><a href="#339">ecm.c:513:5: error: unknown type name 'FILE'</a></li>
          
          <li><a href="#342">ecm.c:574:1: error: unknown type name 'int8_t'</a></li>
          
          <li><a href="#346">ecm.c:578:5: error: unknown type name 'int8_t'</a></li>
          
          <li><a href="#349">ecm.c:580:5: error: unknown type name 'FILE'</a></li>
          
          <li><a href="#355">ecm.c:581:5: error: unknown type name 'FILE'</a></li>
          
          <li><a href="#358">ecm.c:583:5: error: unknown type name 'uint8_t'</a></li>
          
          <li><a href="#361">ecm.c:584:5: error: unknown type name 'size_t'</a></li>
          
          <li><a href="#364">ecm.c:585:5: error: unknown type name 'size_t'</a></li>
          
          <li><a href="#367">ecm.c:587:5: error: unknown type name 'uint32_t'</a></li>
          
          <li><a href="#370">ecm.c:592:5: error: unknown type name 'int8_t'</a></li>
          
          <li><a href="#373">ecm.c:593:5: error: unknown type name 'uint32_t'</a></li>
          
          <li><a href="#376">ecm.c:596:5: error: unknown type name 'uint32_t'</a></li>
          
          <li><a href="#379">ecm.c:604:5: error: unknown type name 'size_t'</a></li>
          
          <li><a href="#382">ecm.c:611:5: error: unknown type name 'size_t'</a></li>
          
          <li><a href="#433">ecm.c:663:9: error: unknown type name 'int8_t'</a></li>
          
          <li><a href="#489">ecm.c:852:1: error: unknown type name 'int8_t'</a></li>
          
          <li><a href="#493">ecm.c:856:5: error: unknown type name 'int8_t'</a></li>
          
          <li><a href="#496">ecm.c:858:5: error: unknown type name 'FILE'</a></li>
          
          <li><a href="#502">ecm.c:859:5: error: unknown type name 'FILE'</a></li>
          
          <li><a href="#505">ecm.c:863:5: error: unknown type name 'uint32_t'</a></li>
          
          <li><a href="#508">ecm.c:864:5: error: unknown type name 'int8_t'</a></li>
          
          <li><a href="#511">ecm.c:865:5: error: unknown type name 'uint32_t'</a></li>
          
          <li><a href="#572">ecm.c:1028:5: error: unknown type name 'int8_t'</a></li>
          
          <li><a href="#601">ecm.c:1064:13: error: unknown type name 'size_t'</a></li>
          
        </ul>
      </li>
      
      <li>preprocessor_error
        <ul>
          
          <li><a href="#59">common.h:126:2: error: #error Unknown how to define int8_t!</a></li>
          
          <li><a href="#62">common.h:137:2: error: #error Unknown how to define uint8_t!</a></li>
          
          <li><a href="#65">common.h:148:2: error: #error Unknown how to define int16_t!</a></li>
          
          <li><a href="#68">common.h:159:2: error: #error Unknown how to define uint16_t!</a></li>
          
          <li><a href="#71">common.h:172:2: error: #error Unknown how to define int32_t!</a></li>
          
          <li><a href="#74">common.h:185:2: error: #error Unknown how to define uint32_t!</a></li>
          
          <li><a href="#77">common.h:196:2: error: #error long type must be at least 32 bits!</a></li>
          
        </ul>
      </li>
      
      <li>parse_error
        <ul>
          
          <li><a href="#446">ecm.c:691:85: error: expected ')' before 'willread'</a></li>
          
          <li><a href="#553">ecm.c:940:26: error: expected ';' before 'b'</a></li>
          
        </ul>
      </li>
      
    </ul>
    
    
    <h2>Log</h2>
    <p>
    To avoid scrolling, you may jump to the <a
    href="#626">last line</a> of the
    invocation of <code>makepkg</code> that was used to build this
    package.
    </p>
    
    
      <div class="block">
        <div class="info">
          <code>Removed vanilla repositories from pacman.conf and added:</code>
        </div>
        
          <div class="output">
            
            <a class="navhash" href="#1">#</a>
						
              <code id="1">[tuscan]</code><br />
						
            
            <a class="navhash" href="#2">#</a>
						
              <code id="2">Server = file:///var/cache/pacman/pkg/</code><br />
						
            
          </div>
        
      </div>
      <br />
    
      <div class="block">
        <div class="command">
          <code><span class="prompt">CMD: </span>pacman -Syy --noconfirm</code>
        </div>
        
          <div class="output">
            
            <a class="navhash" href="#3">#</a>
						
              <code id="3">:: Synchronizing package databases...</code><br />
						
            
            <a class="navhash" href="#4">#</a>
						
              <code id="4">downloading tuscan.db...</code><br />
						
            
          </div>
        
      </div>
      <br />
    
      <div class="block">
        <div class="info">
          <code>Copied permanent toolchain into container-local sysroot</code>
        </div>
        
          <div class="output">
            
            <a class="navhash" href="#5">#</a>
						
              <code id="5">/toolchain_root/arm-linux-androideabi  -->  /sysroot/arm-linux-androideabi</code><br />
						
            
            <a class="navhash" href="#6">#</a>
						
              <code id="6">/toolchain_root/COPYING3.LIB  -->  /sysroot/COPYING3.LIB</code><br />
						
            
            <a class="navhash" href="#7">#</a>
						
              <code id="7">/toolchain_root/sysroot  -->  /sysroot/sysroot</code><br />
						
            
            <a class="navhash" href="#8">#</a>
						
              <code id="8">/toolchain_root/COPYING.RUNTIME  -->  /sysroot/COPYING.RUNTIME</code><br />
						
            
            <a class="navhash" href="#9">#</a>
						
              <code id="9">/toolchain_root/lib  -->  /sysroot/lib</code><br />
						
            
            <a class="navhash" href="#10">#</a>
						
              <code id="10">/toolchain_root/SOURCES  -->  /sysroot/SOURCES</code><br />
						
            
            <a class="navhash" href="#11">#</a>
						
              <code id="11">/toolchain_root/lib64  -->  /sysroot/lib64</code><br />
						
            
            <a class="navhash" href="#12">#</a>
						
              <code id="12">/toolchain_root/share  -->  /sysroot/share</code><br />
						
            
            <a class="navhash" href="#13">#</a>
						
              <code id="13">/toolchain_root/bin  -->  /sysroot/bin</code><br />
						
            
            <a class="navhash" href="#14">#</a>
						
              <code id="14">/toolchain_root/COPYING  -->  /sysroot/COPYING</code><br />
						
            
            <a class="navhash" href="#15">#</a>
						
              <code id="15">/toolchain_root/COPYING3  -->  /sysroot/COPYING3</code><br />
						
            
            <a class="navhash" href="#16">#</a>
						
              <code id="16">/toolchain_root/COPYING.LIB  -->  /sysroot/COPYING.LIB</code><br />
						
            
            <a class="navhash" href="#17">#</a>
						
              <code id="17">/toolchain_root/include  -->  /sysroot/include</code><br />
						
            
            <a class="navhash" href="#18">#</a>
						
              <code id="18">/toolchain_root/libexec  -->  /sysroot/libexec</code><br />
						
            
          </div>
        
      </div>
      <br />
    
      <div class="block">
        <div class="command">
          <code><span class="prompt">CMD: </span>sudo -u tuscan PATH=/sysroot/bin:/sysroot/libexec/gcc/arm-linux-androideabi/4.8:/usr/local/sbin:/usr/local/bin:/usr/sbin:/usr/bin:/sbin:/bin CC=arm-linux-androideabi-gcc CXX=arm-linux-androideabi-g++ red makepkg --noextract --syncdeps --skipinteg --skippgpcheck --skipchecksums --noconfirm --nocolor --log --noprogressbar --nocheck</code>
        </div>
        
          <div class="output">
            
            <a class="navhash" href="#19">#</a>
						
              <code id="19">==> Making package: ecm-tools 1.03-1 (Tue Aug 23 11:34:53 UTC 2016)</code><br />
						
            
            <a class="navhash" href="#20">#</a>
						
              <code id="20">==> Checking runtime dependencies...</code><br />
						
            
            <a class="navhash" href="#21">#</a>
						
              <code id="21">==> Checking buildtime dependencies...</code><br />
						
            
            <a class="navhash" href="#22">#</a>
						
              <code id="22">==> WARNING: Using existing $srcdir/ tree</code><br />
						
            
            <a class="navhash" href="#23">#</a>
						
              <code id="23">==> Starting build()...</code><br />
						
            
            <a class="navhash" href="#24">#</a>
						
              <code id="24">cc1: error: no include path in which to search for stdc-predef.h</code><br />
						
            
            <a class="navhash" href="#25">#</a>
						
              <code id="25">In file included from ecm.c:21:0:</code><br />
						
            
            <a class="navhash" href="#26">#</a>
						
              <code id="26">common.h:42:19: error: no include path in which to search for stdio.h</code><br />
						
            
            <a class="navhash" href="#27">#</a>
						
              <code id="27"> #include <stdio.h></code><br />
						
            
            <a class="navhash" href="#28">#</a>
						
              <code id="28">                   ^</code><br />
						
            
            <a class="navhash" href="#29">#</a>
						
              <code id="29">common.h:43:20: error: no include path in which to search for stdlib.h</code><br />
						
            
            <a class="navhash" href="#30">#</a>
						
              <code id="30"> #include <stdlib.h></code><br />
						
            
            <a class="navhash" href="#31">#</a>
						
              <code id="31">                    ^</code><br />
						
            
            <a class="navhash" href="#32">#</a>
						
              <code id="32">common.h:44:20: error: no include path in which to search for string.h</code><br />
						
            
            <a class="navhash" href="#33">#</a>
						
              <code id="33"> #include <string.h></code><br />
						
            
            <a class="navhash" href="#34">#</a>
						
              <code id="34">                    ^</code><br />
						
            
            <a class="navhash" href="#35">#</a>
						
              <code id="35">common.h:45:20: error: no include path in which to search for stdarg.h</code><br />
						
            
            <a class="navhash" href="#36">#</a>
						
              <code id="36"> #include <stdarg.h></code><br />
						
            
            <a class="navhash" href="#37">#</a>
						
              <code id="37">                    ^</code><br />
						
            
            <a class="navhash" href="#38">#</a>
						
              <code id="38">common.h:46:19: error: no include path in which to search for ctype.h</code><br />
						
            
            <a class="navhash" href="#39">#</a>
						
              <code id="39"> #include <ctype.h></code><br />
						
            
            <a class="navhash" href="#40">#</a>
						
              <code id="40">                   ^</code><br />
						
            
            <a class="navhash" href="#41">#</a>
						
              <code id="41">common.h:47:19: error: no include path in which to search for errno.h</code><br />
						
            
            <a class="navhash" href="#42">#</a>
						
              <code id="42"> #include <errno.h></code><br />
						
            
            <a class="navhash" href="#43">#</a>
						
              <code id="43">                   ^</code><br />
						
            
            <a class="navhash" href="#44">#</a>
						
              <code id="44">common.h:48:18: error: no include path in which to search for time.h</code><br />
						
            
            <a class="navhash" href="#45">#</a>
						
              <code id="45"> #include <time.h></code><br />
						
            
            <a class="navhash" href="#46">#</a>
						
              <code id="46">                  ^</code><br />
						
            
            <a class="navhash" href="#47">#</a>
						
              <code id="47">common.h:49:22: error: no include path in which to search for sys/stat.h</code><br />
						
            
            <a class="navhash" href="#48">#</a>
						
              <code id="48"> #include <sys/stat.h></code><br />
						
            
            <a class="navhash" href="#49">#</a>
						
              <code id="49">                      ^</code><br />
						
            
            <a class="navhash" href="#50">#</a>
						
              <code id="50">common.h:50:23: error: no include path in which to search for sys/types.h</code><br />
						
            
            <a class="navhash" href="#51">#</a>
						
              <code id="51"> #include <sys/types.h></code><br />
						
            
            <a class="navhash" href="#52">#</a>
						
              <code id="52">                       ^</code><br />
						
            
            <a class="navhash" href="#53">#</a>
						
              <code id="53">common.h:51:20: error: no include path in which to search for limits.h</code><br />
						
            
            <a class="navhash" href="#54">#</a>
						
              <code id="54"> #include <limits.h></code><br />
						
            
            <a class="navhash" href="#55">#</a>
						
              <code id="55">                    ^</code><br />
						
            
            <a class="navhash" href="#56">#</a>
						
              <code id="56">common.h:55:20: error: no include path in which to search for unistd.h</code><br />
						
            
            <a class="navhash" href="#57">#</a>
						
              <code id="57"> #include <unistd.h></code><br />
						
            
            <a class="navhash" href="#58">#</a>
						
              <code id="58">                    ^</code><br />
						
            
            <a class="navhash" href="#59">#</a>
						<span class="error">
              <code id="59">common.h:126:2: error: #error Unknown how to define int8_t!</code><br />
						</span>
            
            <a class="navhash" href="#60">#</a>
						
              <code id="60"> #error Unknown how to define int8_t!</code><br />
						
            
            <a class="navhash" href="#61">#</a>
						
              <code id="61">  ^</code><br />
						
            
            <a class="navhash" href="#62">#</a>
						<span class="error">
              <code id="62">common.h:137:2: error: #error Unknown how to define uint8_t!</code><br />
						</span>
            
            <a class="navhash" href="#63">#</a>
						
              <code id="63"> #error Unknown how to define uint8_t!</code><br />
						
            
            <a class="navhash" href="#64">#</a>
						
              <code id="64">  ^</code><br />
						
            
            <a class="navhash" href="#65">#</a>
						<span class="error">
              <code id="65">common.h:148:2: error: #error Unknown how to define int16_t!</code><br />
						</span>
            
            <a class="navhash" href="#66">#</a>
						
              <code id="66"> #error Unknown how to define int16_t!</code><br />
						
            
            <a class="navhash" href="#67">#</a>
						
              <code id="67">  ^</code><br />
						
            
            <a class="navhash" href="#68">#</a>
						<span class="error">
              <code id="68">common.h:159:2: error: #error Unknown how to define uint16_t!</code><br />
						</span>
            
            <a class="navhash" href="#69">#</a>
						
              <code id="69"> #error Unknown how to define uint16_t!</code><br />
						
            
            <a class="navhash" href="#70">#</a>
						
              <code id="70">  ^</code><br />
						
            
            <a class="navhash" href="#71">#</a>
						<span class="error">
              <code id="71">common.h:172:2: error: #error Unknown how to define int32_t!</code><br />
						</span>
            
            <a class="navhash" href="#72">#</a>
						
              <code id="72"> #error Unknown how to define int32_t!</code><br />
						
            
            <a class="navhash" href="#73">#</a>
						
              <code id="73">  ^</code><br />
						
            
            <a class="navhash" href="#74">#</a>
						<span class="error">
              <code id="74">common.h:185:2: error: #error Unknown how to define uint32_t!</code><br />
						</span>
            
            <a class="navhash" href="#75">#</a>
						
              <code id="75"> #error Unknown how to define uint32_t!</code><br />
						
            
            <a class="navhash" href="#76">#</a>
						
              <code id="76">  ^</code><br />
						
            
            <a class="navhash" href="#77">#</a>
						<span class="error">
              <code id="77">common.h:196:2: error: #error long type must be at least 32 bits!</code><br />
						</span>
            
            <a class="navhash" href="#78">#</a>
						
              <code id="78"> #error long type must be at least 32 bits!</code><br />
						
            
            <a class="navhash" href="#79">#</a>
						
              <code id="79">  ^</code><br />
						
            
            <a class="navhash" href="#80">#</a>
						
              <code id="80">common.h: In function 'strtoofft':</code><br />
						
            
            <a class="navhash" href="#81">#</a>
						
              <code id="81">common.h:266:5: error: implicit declaration of function 'isspace' [-Werror=implicit-function-declaration]</code><br />
						
            
            <a class="navhash" href="#82">#</a>
						
              <code id="82">     } while(isspace(c));</code><br />
						
            
            <a class="navhash" href="#83">#</a>
						
              <code id="83">     ^</code><br />
						
            
            <a class="navhash" href="#84">#</a>
						
              <code id="84">common.h:291:9: error: implicit declaration of function 'isdigit' [-Werror=implicit-function-declaration]</code><br />
						
            
            <a class="navhash" href="#85">#</a>
						
              <code id="85">         if(isdigit(c)) {</code><br />
						
            
            <a class="navhash" href="#86">#</a>
						
              <code id="86">         ^</code><br />
						
            
            <a class="navhash" href="#87">#</a>
						
              <code id="87">common.h:293:9: error: implicit declaration of function 'isalpha' [-Werror=implicit-function-declaration]</code><br />
						
            
            <a class="navhash" href="#88">#</a>
						
              <code id="88">         } else if(isalpha(c)) {</code><br />
						
            
            <a class="navhash" href="#89">#</a>
						
              <code id="89">         ^</code><br />
						
            
            <a class="navhash" href="#90">#</a>
						
              <code id="90">common.h:294:13: error: implicit declaration of function 'isupper' [-Werror=implicit-function-declaration]</code><br />
						
            
            <a class="navhash" href="#91">#</a>
						
              <code id="91">             c -= isupper(c) ? 'A' - 10 : 'a' - 10;</code><br />
						
            
            <a class="navhash" href="#92">#</a>
						
              <code id="92">             ^</code><br />
						
            
            <a class="navhash" href="#93">#</a>
						
              <code id="93">common.h:314:9: error: 'errno' undeclared (first use in this function)</code><br />
						
            
            <a class="navhash" href="#94">#</a>
						
              <code id="94">         errno = ERANGE;</code><br />
						
            
            <a class="navhash" href="#95">#</a>
						
              <code id="95">         ^</code><br />
						
            
            <a class="navhash" href="#96">#</a>
						
              <code id="96">common.h:314:9: note: each undeclared identifier is reported only once for each function it appears in</code><br />
						
            
            <a class="navhash" href="#97">#</a>
						
              <code id="97">common.h:314:17: error: 'ERANGE' undeclared (first use in this function)</code><br />
						
            
            <a class="navhash" href="#98">#</a>
						
              <code id="98">         errno = ERANGE;</code><br />
						
            
            <a class="navhash" href="#99">#</a>
						
              <code id="99">                 ^</code><br />
						
            
            <a class="navhash" href="#100">#</a>
						
              <code id="100">common.h: At top level:</code><br />
						
            
            <a class="navhash" href="#101">#</a>
						<span class="error">
              <code id="101">common.h:327:16: error: unknown type name 'FILE'</code><br />
						</span>
            
            <a class="navhash" href="#102">#</a>
						
              <code id="102"> void fprinthex(FILE* f, off_t off, int min_digits) {</code><br />
						
            
            <a class="navhash" href="#103">#</a>
						
              <code id="103">                ^</code><br />
						
            
            <a class="navhash" href="#104">#</a>
						<span class="error">
              <code id="104">common.h:341:29: error: unknown type name 'FILE'</code><br />
						</span>
            
            <a class="navhash" href="#105">#</a>
						
              <code id="105"> static void fprintdec_digit(FILE* f, off_t off) {</code><br />
						
            
            <a class="navhash" href="#106">#</a>
						
              <code id="106">                             ^</code><br />
						
            
            <a class="navhash" href="#107">#</a>
						<span class="error">
              <code id="107">common.h:350:16: error: unknown type name 'FILE'</code><br />
						</span>
            
            <a class="navhash" href="#108">#</a>
						
              <code id="108"> void fprintdec(FILE* f, off_t off) {</code><br />
						
            
            <a class="navhash" href="#109">#</a>
						
              <code id="109">                ^</code><br />
						
            
            <a class="navhash" href="#110">#</a>
						
              <code id="110">common.h: In function 'normalize_argv0':</code><br />
						
            
            <a class="navhash" href="#111">#</a>
						<span class="error">
              <code id="111">common.h:528:5: error: unknown type name 'size_t'</code><br />
						</span>
            
            <a class="navhash" href="#112">#</a>
						
              <code id="112">     size_t i;</code><br />
						
            
            <a class="navhash" href="#113">#</a>
						
              <code id="113">     ^</code><br />
						
            
            <a class="navhash" href="#114">#</a>
						<span class="error">
              <code id="114">common.h:529:5: error: unknown type name 'size_t'</code><br />
						</span>
            
            <a class="navhash" href="#115">#</a>
						
              <code id="115">     size_t start = 0;</code><br />
						
            
            <a class="navhash" href="#116">#</a>
						
              <code id="116">     ^</code><br />
						
            
            <a class="navhash" href="#117">#</a>
						
              <code id="117">common.h:540:9: error: implicit declaration of function 'tolower' [-Werror=implicit-function-declaration]</code><br />
						
            
            <a class="navhash" href="#118">#</a>
						
              <code id="118">         if(c != 0) { c = tolower(c); }</code><br />
						
            
            <a class="navhash" href="#119">#</a>
						
              <code id="119">         ^</code><br />
						
            
            <a class="navhash" href="#120">#</a>
						
              <code id="120">common.h: At top level:</code><br />
						
            
            <a class="navhash" href="#121">#</a>
						<span class="error">
              <code id="121">common.h:547:21: error: unknown type name 'FILE'</code><br />
						</span>
            
            <a class="navhash" href="#122">#</a>
						
              <code id="122"> void printfileerror(FILE* f, const char* name) {</code><br />
						
            
            <a class="navhash" href="#123">#</a>
						
              <code id="123">                     ^</code><br />
						
            
            <a class="navhash" href="#124">#</a>
						
              <code id="124">In file included from ecm.c:22:0:</code><br />
						
            
            <a class="navhash" href="#125">#</a>
						
              <code id="125">banner.h: In function 'banner_ok':</code><br />
						
            
            <a class="navhash" href="#126">#</a>
						
              <code id="126">banner.h:4:5: error: implicit declaration of function 'printf' [-Werror=implicit-function-declaration]</code><br />
						
            
            <a class="navhash" href="#127">#</a>
						
              <code id="127">     printf(TITLE "\n"</code><br />
						
            
            <a class="navhash" href="#128">#</a>
						
              <code id="128">     ^</code><br />
						
            
            <a class="navhash" href="#129">#</a>
						
              <code id="129">banner.h:4:5: error: incompatible implicit declaration of built-in function 'printf' [-Werror]</code><br />
						
            
            <a class="navhash" href="#130">#</a>
						
              <code id="130">In file included from ecm.c:22:0:</code><br />
						
            
            <a class="navhash" href="#131">#</a>
						
              <code id="131">banner.h:51:22: error: 'size_t' undeclared (first use in this function)</code><br />
						
            
            <a class="navhash" href="#132">#</a>
						
              <code id="132">         (int)(sizeof(size_t) * 8),</code><br />
						
            
            <a class="navhash" href="#133">#</a>
						
              <code id="133">                      ^</code><br />
						
            
            <a class="navhash" href="#134">#</a>
						
              <code id="134">banner.h: In function 'banner_error':</code><br />
						
            
            <a class="navhash" href="#135">#</a>
						
              <code id="135">banner.h:57:5: error: incompatible implicit declaration of built-in function 'printf' [-Werror]</code><br />
						
            
            <a class="navhash" href="#136">#</a>
						
              <code id="136">     printf("Configuration error\n");</code><br />
						
            
            <a class="navhash" href="#137">#</a>
						
              <code id="137">     ^</code><br />
						
            
            <a class="navhash" href="#138">#</a>
						
              <code id="138">banner.h:58:5: error: implicit declaration of function 'exit' [-Werror=implicit-function-declaration]</code><br />
						
            
            <a class="navhash" href="#139">#</a>
						
              <code id="139">     exit(1);</code><br />
						
            
            <a class="navhash" href="#140">#</a>
						
              <code id="140">     ^</code><br />
						
            
            <a class="navhash" href="#141">#</a>
						
              <code id="141">banner.h:58:5: error: incompatible implicit declaration of built-in function 'exit' [-Werror]</code><br />
						
            
            <a class="navhash" href="#142">#</a>
						
              <code id="142">banner.h: In function 'banner':</code><br />
						
            
            <a class="navhash" href="#143">#</a>
						
              <code id="143">banner.h:62:31: error: 'size_t' undeclared (first use in this function)</code><br />
						
            
            <a class="navhash" href="#144">#</a>
						
              <code id="144">     ((sizeof(off_t) >= sizeof(size_t)) ? banner_ok : banner_error)();</code><br />
						
            
            <a class="navhash" href="#145">#</a>
						
              <code id="145">                               ^</code><br />
						
            
            <a class="navhash" href="#146">#</a>
						
              <code id="146">banner.h:67:5: error: implicit declaration of function 'atexit' [-Werror=implicit-function-declaration]</code><br />
						
            
            <a class="navhash" href="#147">#</a>
						
              <code id="147">     atexit(commandlinewarning);</code><br />
						
            
            <a class="navhash" href="#148">#</a>
						
              <code id="148">     ^</code><br />
						
            
            <a class="navhash" href="#149">#</a>
						
              <code id="149">ecm.c: At top level:</code><br />
						
            
            <a class="navhash" href="#150">#</a>
						<span class="error">
              <code id="150">ecm.c:70:1: error: unknown type name 'uint32_t'</code><br />
						</span>
            
            <a class="navhash" href="#151">#</a>
						
              <code id="151"> static uint32_t get32lsb(const uint8_t* src) {</code><br />
						
            
            <a class="navhash" href="#152">#</a>
						
              <code id="152"> ^</code><br />
						
            
            <a class="navhash" href="#153">#</a>
						<span class="error">
              <code id="153">ecm.c:70:1: error: unknown type name 'uint8_t'</code><br />
						</span>
            
            <a class="navhash" href="#154">#</a>
						
              <code id="154">ecm.c: In function 'get32lsb':</code><br />
						
            
            <a class="navhash" href="#155">#</a>
						
              <code id="155">ecm.c:72:12: error: 'uint32_t' undeclared (first use in this function)</code><br />
						
            
            <a class="navhash" href="#156">#</a>
						
              <code id="156">         (((uint32_t)(src[0])) <<  0) |</code><br />
						
            
            <a class="navhash" href="#157">#</a>
						
              <code id="157">            ^</code><br />
						
            
            <a class="navhash" href="#158">#</a>
						
              <code id="158">ecm.c: At top level:</code><br />
						
            
            <a class="navhash" href="#159">#</a>
						<span class="error">
              <code id="159">ecm.c:78:22: error: unknown type name 'uint8_t'</code><br />
						</span>
            
            <a class="navhash" href="#160">#</a>
						
              <code id="160"> static void put32lsb(uint8_t* dest, uint32_t value) {</code><br />
						
            
            <a class="navhash" href="#161">#</a>
						
              <code id="161">                      ^</code><br />
						
            
            <a class="navhash" href="#162">#</a>
						<span class="error">
              <code id="162">ecm.c:78:37: error: unknown type name 'uint32_t'</code><br />
						</span>
            
            <a class="navhash" href="#163">#</a>
						
              <code id="163"> static void put32lsb(uint8_t* dest, uint32_t value) {</code><br />
						
            
            <a class="navhash" href="#164">#</a>
						
              <code id="164">                                     ^</code><br />
						
            
            <a class="navhash" href="#165">#</a>
						<span class="error">
              <code id="165">ecm.c:89:1: error: unknown type name 'uint8_t'</code><br />
						</span>
            
            <a class="navhash" href="#166">#</a>
						
              <code id="166"> static uint8_t  ecc_f_lut[256];</code><br />
						
            
            <a class="navhash" href="#167">#</a>
						
              <code id="167"> ^</code><br />
						
            
            <a class="navhash" href="#168">#</a>
						<span class="error">
              <code id="168">ecm.c:90:1: error: unknown type name 'uint8_t'</code><br />
						</span>
            
            <a class="navhash" href="#169">#</a>
						
              <code id="169"> static uint8_t  ecc_b_lut[256];</code><br />
						
            
            <a class="navhash" href="#170">#</a>
						
              <code id="170"> ^</code><br />
						
            
            <a class="navhash" href="#171">#</a>
						<span class="error">
              <code id="171">ecm.c:91:1: error: unknown type name 'uint32_t'</code><br />
						</span>
            
            <a class="navhash" href="#172">#</a>
						
              <code id="172"> static uint32_t edc_lut  [256];</code><br />
						
            
            <a class="navhash" href="#173">#</a>
						
              <code id="173"> ^</code><br />
						
            
            <a class="navhash" href="#174">#</a>
						
              <code id="174">ecm.c: In function 'eccedc_init':</code><br />
						
            
            <a class="navhash" href="#175">#</a>
						<span class="error">
              <code id="175">ecm.c:94:5: error: unknown type name 'size_t'</code><br />
						</span>
            
            <a class="navhash" href="#176">#</a>
						
              <code id="176">     size_t i;</code><br />
						
            
            <a class="navhash" href="#177">#</a>
						
              <code id="177">     ^</code><br />
						
            
            <a class="navhash" href="#178">#</a>
						<span class="error">
              <code id="178">ecm.c:96:9: error: unknown type name 'uint32_t'</code><br />
						</span>
            
            <a class="navhash" href="#179">#</a>
						
              <code id="179">         uint32_t edc = i;</code><br />
						
            
            <a class="navhash" href="#180">#</a>
						
              <code id="180">         ^</code><br />
						
            
            <a class="navhash" href="#181">#</a>
						<span class="error">
              <code id="181">ecm.c:97:9: error: unknown type name 'size_t'</code><br />
						</span>
            
            <a class="navhash" href="#182">#</a>
						
              <code id="182">         size_t j = (i << 1) ^ (i & 0x80 ? 0x11D : 0);</code><br />
						
            
            <a class="navhash" href="#183">#</a>
						
              <code id="183">         ^</code><br />
						
            
            <a class="navhash" href="#184">#</a>
						
              <code id="184">ecm.c: At top level:</code><br />
						
            
            <a class="navhash" href="#185">#</a>
						<span class="error">
              <code id="185">ecm.c:111:1: error: unknown type name 'uint32_t'</code><br />
						</span>
            
            <a class="navhash" href="#186">#</a>
						
              <code id="186"> static uint32_t edc_compute(</code><br />
						
            
            <a class="navhash" href="#187">#</a>
						
              <code id="187"> ^</code><br />
						
            
            <a class="navhash" href="#188">#</a>
						<span class="error">
              <code id="188">ecm.c:112:5: error: unknown type name 'uint32_t'</code><br />
						</span>
            
            <a class="navhash" href="#189">#</a>
						
              <code id="189">     uint32_t edc,</code><br />
						
            
            <a class="navhash" href="#190">#</a>
						
              <code id="190">     ^</code><br />
						
            
            <a class="navhash" href="#191">#</a>
						<span class="error">
              <code id="191">ecm.c:113:5: error: unknown type name 'uint8_t'</code><br />
						</span>
            
            <a class="navhash" href="#192">#</a>
						
              <code id="192">     const uint8_t* src,</code><br />
						
            
            <a class="navhash" href="#193">#</a>
						
              <code id="193">     ^</code><br />
						
            
            <a class="navhash" href="#194">#</a>
						<span class="error">
              <code id="194">ecm.c:114:5: error: unknown type name 'size_t'</code><br />
						</span>
            
            <a class="navhash" href="#195">#</a>
						
              <code id="195">     size_t size</code><br />
						
            
            <a class="navhash" href="#196">#</a>
						
              <code id="196">     ^</code><br />
						
            
            <a class="navhash" href="#197">#</a>
						<span class="error">
              <code id="197">ecm.c:127:1: error: unknown type name 'int8_t'</code><br />
						</span>
            
            <a class="navhash" href="#198">#</a>
						
              <code id="198"> static int8_t ecc_checkpq(</code><br />
						
            
            <a class="navhash" href="#199">#</a>
						
              <code id="199"> ^</code><br />
						
            
            <a class="navhash" href="#200">#</a>
						<span class="error">
              <code id="200">ecm.c:128:5: error: unknown type name 'uint8_t'</code><br />
						</span>
            
            <a class="navhash" href="#201">#</a>
						
              <code id="201">     const uint8_t* address,</code><br />
						
            
            <a class="navhash" href="#202">#</a>
						
              <code id="202">     ^</code><br />
						
            
            <a class="navhash" href="#203">#</a>
						<span class="error">
              <code id="203">ecm.c:129:5: error: unknown type name 'uint8_t'</code><br />
						</span>
            
            <a class="navhash" href="#204">#</a>
						
              <code id="204">     const uint8_t* data,</code><br />
						
            
            <a class="navhash" href="#205">#</a>
						
              <code id="205">     ^</code><br />
						
            
            <a class="navhash" href="#206">#</a>
						<span class="error">
              <code id="206">ecm.c:130:5: error: unknown type name 'size_t'</code><br />
						</span>
            
            <a class="navhash" href="#207">#</a>
						
              <code id="207">     size_t major_count,</code><br />
						
            
            <a class="navhash" href="#208">#</a>
						
              <code id="208">     ^</code><br />
						
            
            <a class="navhash" href="#209">#</a>
						<span class="error">
              <code id="209">ecm.c:131:5: error: unknown type name 'size_t'</code><br />
						</span>
            
            <a class="navhash" href="#210">#</a>
						
              <code id="210">     size_t minor_count,</code><br />
						
            
            <a class="navhash" href="#211">#</a>
						
              <code id="211">     ^</code><br />
						
            
            <a class="navhash" href="#212">#</a>
						<span class="error">
              <code id="212">ecm.c:132:5: error: unknown type name 'size_t'</code><br />
						</span>
            
            <a class="navhash" href="#213">#</a>
						
              <code id="213">     size_t major_mult,</code><br />
						
            
            <a class="navhash" href="#214">#</a>
						
              <code id="214">     ^</code><br />
						
            
            <a class="navhash" href="#215">#</a>
						<span class="error">
              <code id="215">ecm.c:133:5: error: unknown type name 'size_t'</code><br />
						</span>
            
            <a class="navhash" href="#216">#</a>
						
              <code id="216">     size_t minor_inc,</code><br />
						
            
            <a class="navhash" href="#217">#</a>
						
              <code id="217">     ^</code><br />
						
            
            <a class="navhash" href="#218">#</a>
						<span class="error">
              <code id="218">ecm.c:134:5: error: unknown type name 'uint8_t'</code><br />
						</span>
            
            <a class="navhash" href="#219">#</a>
						
              <code id="219">     const uint8_t* ecc</code><br />
						
            
            <a class="navhash" href="#220">#</a>
						
              <code id="220">     ^</code><br />
						
            
            <a class="navhash" href="#221">#</a>
						<span class="error">
              <code id="221">ecm.c:171:5: error: unknown type name 'uint8_t'</code><br />
						</span>
            
            <a class="navhash" href="#222">#</a>
						
              <code id="222">     const uint8_t* address,</code><br />
						
            
            <a class="navhash" href="#223">#</a>
						
              <code id="223">     ^</code><br />
						
            
            <a class="navhash" href="#224">#</a>
						<span class="error">
              <code id="224">ecm.c:172:5: error: unknown type name 'uint8_t'</code><br />
						</span>
            
            <a class="navhash" href="#225">#</a>
						
              <code id="225">     const uint8_t* data,</code><br />
						
            
            <a class="navhash" href="#226">#</a>
						
              <code id="226">     ^</code><br />
						
            
            <a class="navhash" href="#227">#</a>
						<span class="error">
              <code id="227">ecm.c:173:5: error: unknown type name 'size_t'</code><br />
						</span>
            
            <a class="navhash" href="#228">#</a>
						
              <code id="228">     size_t major_count,</code><br />
						
            
            <a class="navhash" href="#229">#</a>
						
              <code id="229">     ^</code><br />
						
            
            <a class="navhash" href="#230">#</a>
						<span class="error">
              <code id="230">ecm.c:174:5: error: unknown type name 'size_t'</code><br />
						</span>
            
            <a class="navhash" href="#231">#</a>
						
              <code id="231">     size_t minor_count,</code><br />
						
            
            <a class="navhash" href="#232">#</a>
						
              <code id="232">     ^</code><br />
						
            
            <a class="navhash" href="#233">#</a>
						<span class="error">
              <code id="233">ecm.c:175:5: error: unknown type name 'size_t'</code><br />
						</span>
            
            <a class="navhash" href="#234">#</a>
						
              <code id="234">     size_t major_mult,</code><br />
						
            
            <a class="navhash" href="#235">#</a>
						
              <code id="235">     ^</code><br />
						
            
            <a class="navhash" href="#236">#</a>
						<span class="error">
              <code id="236">ecm.c:176:5: error: unknown type name 'size_t'</code><br />
						</span>
            
            <a class="navhash" href="#237">#</a>
						
              <code id="237">     size_t minor_inc,</code><br />
						
            
            <a class="navhash" href="#238">#</a>
						
              <code id="238">     ^</code><br />
						
            
            <a class="navhash" href="#239">#</a>
						<span class="error">
              <code id="239">ecm.c:177:5: error: unknown type name 'uint8_t'</code><br />
						</span>
            
            <a class="navhash" href="#240">#</a>
						
              <code id="240">     uint8_t* ecc</code><br />
						
            
            <a class="navhash" href="#241">#</a>
						
              <code id="241">     ^</code><br />
						
            
            <a class="navhash" href="#242">#</a>
						<span class="error">
              <code id="242">ecm.c:209:1: error: unknown type name 'int8_t'</code><br />
						</span>
            
            <a class="navhash" href="#243">#</a>
						
              <code id="243"> static int8_t ecc_checksector(</code><br />
						
            
            <a class="navhash" href="#244">#</a>
						
              <code id="244"> ^</code><br />
						
            
            <a class="navhash" href="#245">#</a>
						<span class="error">
              <code id="245">ecm.c:210:5: error: unknown type name 'uint8_t'</code><br />
						</span>
            
            <a class="navhash" href="#246">#</a>
						
              <code id="246">     const uint8_t *address,</code><br />
						
            
            <a class="navhash" href="#247">#</a>
						
              <code id="247">     ^</code><br />
						
            
            <a class="navhash" href="#248">#</a>
						<span class="error">
              <code id="248">ecm.c:211:5: error: unknown type name 'uint8_t'</code><br />
						</span>
            
            <a class="navhash" href="#249">#</a>
						
              <code id="249">     const uint8_t *data,</code><br />
						
            
            <a class="navhash" href="#250">#</a>
						
              <code id="250">     ^</code><br />
						
            
            <a class="navhash" href="#251">#</a>
						<span class="error">
              <code id="251">ecm.c:212:5: error: unknown type name 'uint8_t'</code><br />
						</span>
            
            <a class="navhash" href="#252">#</a>
						
              <code id="252">     const uint8_t *ecc</code><br />
						
            
            <a class="navhash" href="#253">#</a>
						
              <code id="253">     ^</code><br />
						
            
            <a class="navhash" href="#254">#</a>
						
              <code id="254">ecm.c: In function 'ecc_checksector':</code><br />
						
            
            <a class="navhash" href="#255">#</a>
						
              <code id="255">ecm.c:215:9: error: implicit declaration of function 'ecc_checkpq' [-Werror=implicit-function-declaration]</code><br />
						
            
            <a class="navhash" href="#256">#</a>
						
              <code id="256">         ecc_checkpq(address, data, 86, 24,  2, 86, ecc) &&      // P</code><br />
						
            
            <a class="navhash" href="#257">#</a>
						
              <code id="257">         ^</code><br />
						
            
            <a class="navhash" href="#258">#</a>
						
              <code id="258">ecm.c: At top level:</code><br />
						
            
            <a class="navhash" href="#259">#</a>
						<span class="error">
              <code id="259">ecm.c:223:5: error: unknown type name 'uint8_t'</code><br />
						</span>
            
            <a class="navhash" href="#260">#</a>
						
              <code id="260">     const uint8_t *address,</code><br />
						
            
            <a class="navhash" href="#261">#</a>
						
              <code id="261">     ^</code><br />
						
            
            <a class="navhash" href="#262">#</a>
						<span class="error">
              <code id="262">ecm.c:224:5: error: unknown type name 'uint8_t'</code><br />
						</span>
            
            <a class="navhash" href="#263">#</a>
						
              <code id="263">     const uint8_t *data,</code><br />
						
            
            <a class="navhash" href="#264">#</a>
						
              <code id="264">     ^</code><br />
						
            
            <a class="navhash" href="#265">#</a>
						<span class="error">
              <code id="265">ecm.c:225:5: error: unknown type name 'uint8_t'</code><br />
						</span>
            
            <a class="navhash" href="#266">#</a>
						
              <code id="266">     uint8_t *ecc</code><br />
						
            
            <a class="navhash" href="#267">#</a>
						
              <code id="267">     ^</code><br />
						
            
            <a class="navhash" href="#268">#</a>
						<span class="error">
              <code id="268">ecm.c:233:1: error: unknown type name 'uint8_t'</code><br />
						</span>
            
            <a class="navhash" href="#269">#</a>
						
              <code id="269"> static const uint8_t zeroaddress[4] = {0, 0, 0, 0};</code><br />
						
            
            <a class="navhash" href="#270">#</a>
						
              <code id="270"> ^</code><br />
						
            
            <a class="navhash" href="#271">#</a>
						<span class="error">
              <code id="271">ecm.c:245:1: error: unknown type name 'int8_t'</code><br />
						</span>
            
            <a class="navhash" href="#272">#</a>
						
              <code id="272"> static int8_t detect_sector(const uint8_t* sector, size_t size_available) {</code><br />
						
            
            <a class="navhash" href="#273">#</a>
						
              <code id="273"> ^</code><br />
						
            
            <a class="navhash" href="#274">#</a>
						<span class="error">
              <code id="274">ecm.c:245:1: error: unknown type name 'uint8_t'</code><br />
						</span>
            
            <a class="navhash" href="#275">#</a>
						<span class="error">
              <code id="275">ecm.c:245:52: error: unknown type name 'size_t'</code><br />
						</span>
            
            <a class="navhash" href="#276">#</a>
						
              <code id="276"> static int8_t detect_sector(const uint8_t* sector, size_t size_available) {</code><br />
						
            
            <a class="navhash" href="#277">#</a>
						
              <code id="277">                                                    ^</code><br />
						
            
            <a class="navhash" href="#278">#</a>
						<span class="error">
              <code id="278">ecm.c:325:5: error: unknown type name 'uint8_t'</code><br />
						</span>
            
            <a class="navhash" href="#279">#</a>
						
              <code id="279">     uint8_t* sector, // must point to a full 2352-byte sector</code><br />
						
            
            <a class="navhash" href="#280">#</a>
						
              <code id="280">     ^</code><br />
						
            
            <a class="navhash" href="#281">#</a>
						<span class="error">
              <code id="281">ecm.c:326:5: error: unknown type name 'int8_t'</code><br />
						</span>
            
            <a class="navhash" href="#282">#</a>
						
              <code id="282">     int8_t type</code><br />
						
            
            <a class="navhash" href="#283">#</a>
						
              <code id="283">     ^</code><br />
						
            
            <a class="navhash" href="#284">#</a>
						<span class="error">
              <code id="284">ecm.c:406:1: error: unknown type name 'int8_t'</code><br />
						</span>
            
            <a class="navhash" href="#285">#</a>
						
              <code id="285"> static int8_t write_type_count(</code><br />
						
            
            <a class="navhash" href="#286">#</a>
						
              <code id="286"> ^</code><br />
						
            
            <a class="navhash" href="#287">#</a>
						<span class="error">
              <code id="287">ecm.c:408:5: error: unknown type name 'FILE'</code><br />
						</span>
            
            <a class="navhash" href="#288">#</a>
						
              <code id="288">     FILE *out,</code><br />
						
            
            <a class="navhash" href="#289">#</a>
						
              <code id="289">     ^</code><br />
						
            
            <a class="navhash" href="#290">#</a>
						<span class="error">
              <code id="290">ecm.c:409:5: error: unknown type name 'int8_t'</code><br />
						</span>
            
            <a class="navhash" href="#291">#</a>
						
              <code id="291">     int8_t type,</code><br />
						
            
            <a class="navhash" href="#292">#</a>
						
              <code id="292">     ^</code><br />
						
            
            <a class="navhash" href="#293">#</a>
						<span class="error">
              <code id="293">ecm.c:410:5: error: unknown type name 'uint32_t'</code><br />
						</span>
            
            <a class="navhash" href="#294">#</a>
						
              <code id="294">     uint32_t count</code><br />
						
            
            <a class="navhash" href="#295">#</a>
						
              <code id="295">     ^</code><br />
						
            
            <a class="navhash" href="#296">#</a>
						<span class="error">
              <code id="296">ecm.c:445:1: error: unknown type name 'uint8_t'</code><br />
						</span>
            
            <a class="navhash" href="#297">#</a>
						
              <code id="297"> static uint8_t sector_buffer[2352];</code><br />
						
            
            <a class="navhash" href="#298">#</a>
						
              <code id="298"> ^</code><br />
						
            
            <a class="navhash" href="#299">#</a>
						
              <code id="299">ecm.c: In function 'encode_progress':</code><br />
						
            
            <a class="navhash" href="#300">#</a>
						
              <code id="300">ecm.c:466:5: error: implicit declaration of function 'fprintf' [-Werror=implicit-function-declaration]</code><br />
						
            
            <a class="navhash" href="#301">#</a>
						
              <code id="301">     fprintf(stderr,</code><br />
						
            
            <a class="navhash" href="#302">#</a>
						
              <code id="302">     ^</code><br />
						
            
            <a class="navhash" href="#303">#</a>
						
              <code id="303">ecm.c:466:5: error: incompatible implicit declaration of built-in function 'fprintf' [-Werror]</code><br />
						
            
            <a class="navhash" href="#304">#</a>
						
              <code id="304">ecm.c:466:13: error: 'stderr' undeclared (first use in this function)</code><br />
						
            
            <a class="navhash" href="#305">#</a>
						
              <code id="305">     fprintf(stderr,</code><br />
						
            
            <a class="navhash" href="#306">#</a>
						
              <code id="306">             ^</code><br />
						
            
            <a class="navhash" href="#307">#</a>
						
              <code id="307">ecm.c: In function 'decode_progress':</code><br />
						
            
            <a class="navhash" href="#308">#</a>
						
              <code id="308">ecm.c:477:5: error: incompatible implicit declaration of built-in function 'fprintf' [-Werror]</code><br />
						
            
            <a class="navhash" href="#309">#</a>
						
              <code id="309">     fprintf(stderr,</code><br />
						
            
            <a class="navhash" href="#310">#</a>
						
              <code id="310">     ^</code><br />
						
            
            <a class="navhash" href="#311">#</a>
						
              <code id="311">ecm.c:477:13: error: 'stderr' undeclared (first use in this function)</code><br />
						
            
            <a class="navhash" href="#312">#</a>
						
              <code id="312">     fprintf(stderr,</code><br />
						
            
            <a class="navhash" href="#313">#</a>
						
              <code id="313">             ^</code><br />
						
            
            <a class="navhash" href="#314">#</a>
						
              <code id="314">ecm.c: In function 'setcounter_analyze':</code><br />
						
            
            <a class="navhash" href="#315">#</a>
						<span class="error">
              <code id="315">ecm.c:484:5: error: unknown type name 'int8_t'</code><br />
						</span>
            
            <a class="navhash" href="#316">#</a>
						
              <code id="316">     int8_t p = ((n >> 20) != (mycounter_analyze >> 20));</code><br />
						
            
            <a class="navhash" href="#317">#</a>
						
              <code id="317">     ^</code><br />
						
            
            <a class="navhash" href="#318">#</a>
						
              <code id="318">ecm.c: In function 'setcounter_encode':</code><br />
						
            
            <a class="navhash" href="#319">#</a>
						<span class="error">
              <code id="319">ecm.c:490:5: error: unknown type name 'int8_t'</code><br />
						</span>
            
            <a class="navhash" href="#320">#</a>
						
              <code id="320">     int8_t p = ((n >> 20) != (mycounter_encode >> 20));</code><br />
						
            
            <a class="navhash" href="#321">#</a>
						
              <code id="321">     ^</code><br />
						
            
            <a class="navhash" href="#322">#</a>
						
              <code id="322">ecm.c: In function 'setcounter_decode':</code><br />
						
            
            <a class="navhash" href="#323">#</a>
						<span class="error">
              <code id="323">ecm.c:496:5: error: unknown type name 'int8_t'</code><br />
						</span>
            
            <a class="navhash" href="#324">#</a>
						
              <code id="324">     int8_t p = ((n >> 20) != (mycounter_decode >> 20));</code><br />
						
            
            <a class="navhash" href="#325">#</a>
						
              <code id="325">     ^</code><br />
						
            
            <a class="navhash" href="#326">#</a>
						
              <code id="326">ecm.c: At top level:</code><br />
						
            
            <a class="navhash" href="#327">#</a>
						<span class="error">
              <code id="327">ecm.c:507:1: error: unknown type name 'int8_t'</code><br />
						</span>
            
            <a class="navhash" href="#328">#</a>
						
              <code id="328"> static int8_t write_sectors(</code><br />
						
            
            <a class="navhash" href="#329">#</a>
						
              <code id="329"> ^</code><br />
						
            
            <a class="navhash" href="#330">#</a>
						<span class="error">
              <code id="330">ecm.c:508:5: error: unknown type name 'int8_t'</code><br />
						</span>
            
            <a class="navhash" href="#331">#</a>
						
              <code id="331">     int8_t type,</code><br />
						
            
            <a class="navhash" href="#332">#</a>
						
              <code id="332">     ^</code><br />
						
            
            <a class="navhash" href="#333">#</a>
						<span class="error">
              <code id="333">ecm.c:509:5: error: unknown type name 'uint32_t'</code><br />
						</span>
            
            <a class="navhash" href="#334">#</a>
						
              <code id="334">     uint32_t count,</code><br />
						
            
            <a class="navhash" href="#335">#</a>
						
              <code id="335">     ^</code><br />
						
            
            <a class="navhash" href="#336">#</a>
						<span class="error">
              <code id="336">ecm.c:512:5: error: unknown type name 'FILE'</code><br />
						</span>
            
            <a class="navhash" href="#337">#</a>
						
              <code id="337">     FILE* in,</code><br />
						
            
            <a class="navhash" href="#338">#</a>
						
              <code id="338">     ^</code><br />
						
            
            <a class="navhash" href="#339">#</a>
						<span class="error">
              <code id="339">ecm.c:513:5: error: unknown type name 'FILE'</code><br />
						</span>
            
            <a class="navhash" href="#340">#</a>
						
              <code id="340">     FILE* out</code><br />
						
            
            <a class="navhash" href="#341">#</a>
						
              <code id="341">     ^</code><br />
						
            
            <a class="navhash" href="#342">#</a>
						<span class="error">
              <code id="342">ecm.c:574:1: error: unknown type name 'int8_t'</code><br />
						</span>
            
            <a class="navhash" href="#343">#</a>
						
              <code id="343"> static int8_t ecmify(</code><br />
						
            
            <a class="navhash" href="#344">#</a>
						
              <code id="344"> ^</code><br />
						
            
            <a class="navhash" href="#345">#</a>
						
              <code id="345">ecm.c: In function 'ecmify':</code><br />
						
            
            <a class="navhash" href="#346">#</a>
						<span class="error">
              <code id="346">ecm.c:578:5: error: unknown type name 'int8_t'</code><br />
						</span>
            
            <a class="navhash" href="#347">#</a>
						
              <code id="347">     int8_t returncode = 0;</code><br />
						
            
            <a class="navhash" href="#348">#</a>
						
              <code id="348">     ^</code><br />
						
            
            <a class="navhash" href="#349">#</a>
						<span class="error">
              <code id="349">ecm.c:580:5: error: unknown type name 'FILE'</code><br />
						</span>
            
            <a class="navhash" href="#350">#</a>
						
              <code id="350">     FILE* in  = NULL;</code><br />
						
            
            <a class="navhash" href="#351">#</a>
						
              <code id="351">     ^</code><br />
						
            
            <a class="navhash" href="#352">#</a>
						
              <code id="352">ecm.c:580:17: error: 'NULL' undeclared (first use in this function)</code><br />
						
            
            <a class="navhash" href="#353">#</a>
						
              <code id="353">     FILE* in  = NULL;</code><br />
						
            
            <a class="navhash" href="#354">#</a>
						
              <code id="354">                 ^</code><br />
						
            
            <a class="navhash" href="#355">#</a>
						<span class="error">
              <code id="355">ecm.c:581:5: error: unknown type name 'FILE'</code><br />
						</span>
            
            <a class="navhash" href="#356">#</a>
						
              <code id="356">     FILE* out = NULL;</code><br />
						
            
            <a class="navhash" href="#357">#</a>
						
              <code id="357">     ^</code><br />
						
            
            <a class="navhash" href="#358">#</a>
						<span class="error">
              <code id="358">ecm.c:583:5: error: unknown type name 'uint8_t'</code><br />
						</span>
            
            <a class="navhash" href="#359">#</a>
						
              <code id="359">     uint8_t* queue = NULL;</code><br />
						
            
            <a class="navhash" href="#360">#</a>
						
              <code id="360">     ^</code><br />
						
            
            <a class="navhash" href="#361">#</a>
						<span class="error">
              <code id="361">ecm.c:584:5: error: unknown type name 'size_t'</code><br />
						</span>
            
            <a class="navhash" href="#362">#</a>
						
              <code id="362">     size_t queue_start_ofs = 0;</code><br />
						
            
            <a class="navhash" href="#363">#</a>
						
              <code id="363">     ^</code><br />
						
            
            <a class="navhash" href="#364">#</a>
						<span class="error">
              <code id="364">ecm.c:585:5: error: unknown type name 'size_t'</code><br />
						</span>
            
            <a class="navhash" href="#365">#</a>
						
              <code id="365">     size_t queue_bytes_available = 0;</code><br />
						
            
            <a class="navhash" href="#366">#</a>
						
              <code id="366">     ^</code><br />
						
            
            <a class="navhash" href="#367">#</a>
						<span class="error">
              <code id="367">ecm.c:587:5: error: unknown type name 'uint32_t'</code><br />
						</span>
            
            <a class="navhash" href="#368">#</a>
						
              <code id="368">     uint32_t input_edc = 0;</code><br />
						
            
            <a class="navhash" href="#369">#</a>
						
              <code id="369">     ^</code><br />
						
            
            <a class="navhash" href="#370">#</a>
						<span class="error">
              <code id="370">ecm.c:592:5: error: unknown type name 'int8_t'</code><br />
						</span>
            
            <a class="navhash" href="#371">#</a>
						
              <code id="371">     int8_t   curtype = -1; // not a valid type</code><br />
						
            
            <a class="navhash" href="#372">#</a>
						
              <code id="372">     ^</code><br />
						
            
            <a class="navhash" href="#373">#</a>
						<span class="error">
              <code id="373">ecm.c:593:5: error: unknown type name 'uint32_t'</code><br />
						</span>
            
            <a class="navhash" href="#374">#</a>
						
              <code id="374">     uint32_t curtype_count = 0;</code><br />
						
            
            <a class="navhash" href="#375">#</a>
						
              <code id="375">     ^</code><br />
						
            
            <a class="navhash" href="#376">#</a>
						<span class="error">
              <code id="376">ecm.c:596:5: error: unknown type name 'uint32_t'</code><br />
						</span>
            
            <a class="navhash" href="#377">#</a>
						
              <code id="377">     uint32_t literal_skip = 0;</code><br />
						
            
            <a class="navhash" href="#378">#</a>
						
              <code id="378">     ^</code><br />
						
            
            <a class="navhash" href="#379">#</a>
						<span class="error">
              <code id="379">ecm.c:604:5: error: unknown type name 'size_t'</code><br />
						</span>
            
            <a class="navhash" href="#380">#</a>
						
              <code id="380">     static const size_t sectorsize[4] = {</code><br />
						
            
            <a class="navhash" href="#381">#</a>
						
              <code id="381">     ^</code><br />
						
            
            <a class="navhash" href="#382">#</a>
						<span class="error">
              <code id="382">ecm.c:611:5: error: unknown type name 'size_t'</code><br />
						</span>
            
            <a class="navhash" href="#383">#</a>
						
              <code id="383">     size_t queue_size = ((size_t)(-1)) - 4095;</code><br />
						
            
            <a class="navhash" href="#384">#</a>
						
              <code id="384">     ^</code><br />
						
            
            <a class="navhash" href="#385">#</a>
						
              <code id="385">ecm.c:611:27: error: 'size_t' undeclared (first use in this function)</code><br />
						
            
            <a class="navhash" href="#386">#</a>
						
              <code id="386">     size_t queue_size = ((size_t)(-1)) - 4095;</code><br />
						
            
            <a class="navhash" href="#387">#</a>
						
              <code id="387">                           ^</code><br />
						
            
            <a class="navhash" href="#388">#</a>
						
              <code id="388">ecm.c:613:30: error: expected ';' before numeric constant</code><br />
						
            
            <a class="navhash" href="#389">#</a>
						
              <code id="389">         queue_size = (size_t)0x40000lu;</code><br />
						
            
            <a class="navhash" href="#390">#</a>
						
              <code id="390">                              ^</code><br />
						
            
            <a class="navhash" href="#391">#</a>
						
              <code id="391">ecm.c:619:5: error: implicit declaration of function 'malloc' [-Werror=implicit-function-declaration]</code><br />
						
            
            <a class="navhash" href="#392">#</a>
						
              <code id="392">     queue = malloc(queue_size);</code><br />
						
            
            <a class="navhash" href="#393">#</a>
						
              <code id="393">     ^</code><br />
						
            
            <a class="navhash" href="#394">#</a>
						
              <code id="394">ecm.c:619:13: error: incompatible implicit declaration of built-in function 'malloc' [-Werror]</code><br />
						
            
            <a class="navhash" href="#395">#</a>
						
              <code id="395">     queue = malloc(queue_size);</code><br />
						
            
            <a class="navhash" href="#396">#</a>
						
              <code id="396">             ^</code><br />
						
            
            <a class="navhash" href="#397">#</a>
						
              <code id="397">ecm.c:621:9: error: incompatible implicit declaration of built-in function 'printf' [-Werror]</code><br />
						
            
            <a class="navhash" href="#398">#</a>
						
              <code id="398">         printf("Out of memory\n");</code><br />
						
            
            <a class="navhash" href="#399">#</a>
						
              <code id="399">         ^</code><br />
						
            
            <a class="navhash" href="#400">#</a>
						
              <code id="400">ecm.c:628:5: error: implicit declaration of function 'fopen' [-Werror=implicit-function-declaration]</code><br />
						
            
            <a class="navhash" href="#401">#</a>
						
              <code id="401">     out = fopen(outfilename, "rb");</code><br />
						
            
            <a class="navhash" href="#402">#</a>
						
              <code id="402">     ^</code><br />
						
            
            <a class="navhash" href="#403">#</a>
						
              <code id="403">ecm.c:628:9: error: assignment makes pointer from integer without a cast [-Werror]</code><br />
						
            
            <a class="navhash" href="#404">#</a>
						
              <code id="404">     out = fopen(outfilename, "rb");</code><br />
						
            
            <a class="navhash" href="#405">#</a>
						
              <code id="405">         ^</code><br />
						
            
            <a class="navhash" href="#406">#</a>
						
              <code id="406">ecm.c:630:9: error: incompatible implicit declaration of built-in function 'printf' [-Werror]</code><br />
						
            
            <a class="navhash" href="#407">#</a>
						
              <code id="407">         printf("Error: %s exists; refusing to overwrite\n", outfilename);</code><br />
						
            
            <a class="navhash" href="#408">#</a>
						
              <code id="408">         ^</code><br />
						
            
            <a class="navhash" href="#409">#</a>
						
              <code id="409">ecm.c:637:8: error: assignment makes pointer from integer without a cast [-Werror]</code><br />
						
            
            <a class="navhash" href="#410">#</a>
						
              <code id="410">     in = fopen(infilename, "rb");</code><br />
						
            
            <a class="navhash" href="#411">#</a>
						
              <code id="411">        ^</code><br />
						
            
            <a class="navhash" href="#412">#</a>
						
              <code id="412">ecm.c:640:9: error: assignment makes pointer from integer without a cast [-Werror]</code><br />
						
            
            <a class="navhash" href="#413">#</a>
						
              <code id="413">     out = fopen(outfilename, "wb");</code><br />
						
            
            <a class="navhash" href="#414">#</a>
						
              <code id="414">         ^</code><br />
						
            
            <a class="navhash" href="#415">#</a>
						
              <code id="415">ecm.c:643:5: error: incompatible implicit declaration of built-in function 'printf' [-Werror]</code><br />
						
            
            <a class="navhash" href="#416">#</a>
						
              <code id="416">     printf("Encoding %s to %s...\n", infilename, outfilename);</code><br />
						
            
            <a class="navhash" href="#417">#</a>
						
              <code id="417">     ^</code><br />
						
            
            <a class="navhash" href="#418">#</a>
						
              <code id="418">ecm.c:648:5: error: implicit declaration of function 'fseek' [-Werror=implicit-function-declaration]</code><br />
						
            
            <a class="navhash" href="#419">#</a>
						
              <code id="419">     if(fseeko(in, 0, SEEK_END) != 0) { goto error_in; }</code><br />
						
            
            <a class="navhash" href="#420">#</a>
						
              <code id="420">     ^</code><br />
						
            
            <a class="navhash" href="#421">#</a>
						
              <code id="421">ecm.c:648:22: error: 'SEEK_END' undeclared (first use in this function)</code><br />
						
            
            <a class="navhash" href="#422">#</a>
						
              <code id="422">     if(fseeko(in, 0, SEEK_END) != 0) { goto error_in; }</code><br />
						
            
            <a class="navhash" href="#423">#</a>
						
              <code id="423">                      ^</code><br />
						
            
            <a class="navhash" href="#424">#</a>
						
              <code id="424">ecm.c:649:5: error: implicit declaration of function 'ftell' [-Werror=implicit-function-declaration]</code><br />
						
            
            <a class="navhash" href="#425">#</a>
						
              <code id="425">     input_file_length = ftello(in);</code><br />
						
            
            <a class="navhash" href="#426">#</a>
						
              <code id="426">     ^</code><br />
						
            
            <a class="navhash" href="#427">#</a>
						
              <code id="427">ecm.c:657:5: error: implicit declaration of function 'fputc' [-Werror=implicit-function-declaration]</code><br />
						
            
            <a class="navhash" href="#428">#</a>
						
              <code id="428">     if(fputc('E' , out) == EOF) { goto error_out; }</code><br />
						
            
            <a class="navhash" href="#429">#</a>
						
              <code id="429">     ^</code><br />
						
            
            <a class="navhash" href="#430">#</a>
						
              <code id="430">ecm.c:657:28: error: 'EOF' undeclared (first use in this function)</code><br />
						
            
            <a class="navhash" href="#431">#</a>
						
              <code id="431">     if(fputc('E' , out) == EOF) { goto error_out; }</code><br />
						
            
            <a class="navhash" href="#432">#</a>
						
              <code id="432">                            ^</code><br />
						
            
            <a class="navhash" href="#433">#</a>
						<span class="error">
              <code id="433">ecm.c:663:9: error: unknown type name 'int8_t'</code><br />
						</span>
            
            <a class="navhash" href="#434">#</a>
						
              <code id="434">         int8_t detecttype;</code><br />
						
            
            <a class="navhash" href="#435">#</a>
						
              <code id="435">         ^</code><br />
						
            
            <a class="navhash" href="#436">#</a>
						
              <code id="436">ecm.c:682:17: error: implicit declaration of function 'memmove' [-Werror=implicit-function-declaration]</code><br />
						
            
            <a class="navhash" href="#437">#</a>
						
              <code id="437">                 memmove(queue, queue + queue_start_ofs, queue_bytes_available);</code><br />
						
            
            <a class="navhash" href="#438">#</a>
						
              <code id="438">                 ^</code><br />
						
            
            <a class="navhash" href="#439">#</a>
						
              <code id="439">ecm.c:682:17: error: incompatible implicit declaration of built-in function 'memmove' [-Werror]</code><br />
						
            
            <a class="navhash" href="#440">#</a>
						
              <code id="440">ecm.c:688:51: error: 'SEEK_SET' undeclared (first use in this function)</code><br />
						
            
            <a class="navhash" href="#441">#</a>
						
              <code id="441">                 if(fseeko(in, input_bytes_queued, SEEK_SET) != 0) {</code><br />
						
            
            <a class="navhash" href="#442">#</a>
						
              <code id="442">                                                   ^</code><br />
						
            
            <a class="navhash" href="#443">#</a>
						
              <code id="443">ecm.c:691:17: error: implicit declaration of function 'fread' [-Werror=implicit-function-declaration]</code><br />
						
            
            <a class="navhash" href="#444">#</a>
						
              <code id="444">                 if(fread(queue + queue_bytes_available, 1, willread, in) != (size_t)willread) {</code><br />
						
            
            <a class="navhash" href="#445">#</a>
						
              <code id="445">                 ^</code><br />
						
            
            <a class="navhash" href="#446">#</a>
						<span class="error">
              <code id="446">ecm.c:691:85: error: expected ')' before 'willread'</code><br />
						</span>
            
            <a class="navhash" href="#447">#</a>
						
              <code id="447">                 if(fread(queue + queue_bytes_available, 1, willread, in) != (size_t)willread) {</code><br />
						
            
            <a class="navhash" href="#448">#</a>
						
              <code id="448">                                                                                     ^</code><br />
						
            
            <a class="navhash" href="#449">#</a>
						
              <code id="449">ecm.c:695:17: error: implicit declaration of function 'edc_compute' [-Werror=implicit-function-declaration]</code><br />
						
            
            <a class="navhash" href="#450">#</a>
						
              <code id="450">                 input_edc = edc_compute(</code><br />
						
            
            <a class="navhash" href="#451">#</a>
						
              <code id="451">                 ^</code><br />
						
            
            <a class="navhash" href="#452">#</a>
						
              <code id="452">ecm.c:748:17: error: implicit declaration of function 'detect_sector' [-Werror=implicit-function-declaration]</code><br />
						
            
            <a class="navhash" href="#453">#</a>
						
              <code id="453">                 detecttype = detect_sector(queue + queue_start_ofs, queue_bytes_available);</code><br />
						
            
            <a class="navhash" href="#454">#</a>
						
              <code id="454">                 ^</code><br />
						
            
            <a class="navhash" href="#455">#</a>
						
              <code id="455">ecm.c:768:17: error: implicit declaration of function 'write_sectors' [-Werror=implicit-function-declaration]</code><br />
						
            
            <a class="navhash" href="#456">#</a>
						
              <code id="456">                 if(write_sectors(</code><br />
						
            
            <a class="navhash" href="#457">#</a>
						
              <code id="457">                 ^</code><br />
						
            
            <a class="navhash" href="#458">#</a>
						
              <code id="458">ecm.c:800:5: error: implicit declaration of function 'write_type_count' [-Werror=implicit-function-declaration]</code><br />
						
            
            <a class="navhash" href="#459">#</a>
						
              <code id="459">     if(write_type_count(outfilename, out, 0, 0)) { goto error; }</code><br />
						
            
            <a class="navhash" href="#460">#</a>
						
              <code id="460">     ^</code><br />
						
            
            <a class="navhash" href="#461">#</a>
						
              <code id="461">ecm.c:805:5: error: implicit declaration of function 'put32lsb' [-Werror=implicit-function-declaration]</code><br />
						
            
            <a class="navhash" href="#462">#</a>
						
              <code id="462">     put32lsb(sector_buffer, input_edc);</code><br />
						
            
            <a class="navhash" href="#463">#</a>
						
              <code id="463">     ^</code><br />
						
            
            <a class="navhash" href="#464">#</a>
						
              <code id="464">ecm.c:806:5: error: implicit declaration of function 'fwrite' [-Werror=implicit-function-declaration]</code><br />
						
            
            <a class="navhash" href="#465">#</a>
						
              <code id="465">     if(fwrite(sector_buffer, 1, 4, out) != 4) { goto error_out; }</code><br />
						
            
            <a class="navhash" href="#466">#</a>
						
              <code id="466">     ^</code><br />
						
            
            <a class="navhash" href="#467">#</a>
						
              <code id="467">ecm.c:806:8: error: incompatible implicit declaration of built-in function 'fwrite' [-Werror]</code><br />
						
            
            <a class="navhash" href="#468">#</a>
						
              <code id="468">     if(fwrite(sector_buffer, 1, 4, out) != 4) { goto error_out; }</code><br />
						
            
            <a class="navhash" href="#469">#</a>
						
              <code id="469">        ^</code><br />
						
            
            <a class="navhash" href="#470">#</a>
						
              <code id="470">ecm.c:811:5: error: implicit declaration of function 'fprintdec' [-Werror=implicit-function-declaration]</code><br />
						
            
            <a class="navhash" href="#471">#</a>
						
              <code id="471">     printf("Literal bytes........... "); fprintdec(stdout, typetally[0]); printf("\n");</code><br />
						
            
            <a class="navhash" href="#472">#</a>
						
              <code id="472">     ^</code><br />
						
            
            <a class="navhash" href="#473">#</a>
						
              <code id="473">ecm.c:811:52: error: 'stdout' undeclared (first use in this function)</code><br />
						
            
            <a class="navhash" href="#474">#</a>
						
              <code id="474">     printf("Literal bytes........... "); fprintdec(stdout, typetally[0]); printf("\n");</code><br />
						
            
            <a class="navhash" href="#475">#</a>
						
              <code id="475">                                                    ^</code><br />
						
            
            <a class="navhash" href="#476">#</a>
						
              <code id="476">ecm.c:829:5: error: implicit declaration of function 'printfileerror' [-Werror=implicit-function-declaration]</code><br />
						
            
            <a class="navhash" href="#477">#</a>
						
              <code id="477">     printfileerror(in, infilename);</code><br />
						
            
            <a class="navhash" href="#478">#</a>
						
              <code id="478">     ^</code><br />
						
            
            <a class="navhash" href="#479">#</a>
						
              <code id="479">ecm.c:841:5: error: implicit declaration of function 'free' [-Werror=implicit-function-declaration]</code><br />
						
            
            <a class="navhash" href="#480">#</a>
						
              <code id="480">     if(queue != NULL) { free(queue); }</code><br />
						
            
            <a class="navhash" href="#481">#</a>
						
              <code id="481">     ^</code><br />
						
            
            <a class="navhash" href="#482">#</a>
						
              <code id="482">ecm.c:841:25: error: incompatible implicit declaration of built-in function 'free' [-Werror]</code><br />
						
            
            <a class="navhash" href="#483">#</a>
						
              <code id="483">     if(queue != NULL) { free(queue); }</code><br />
						
            
            <a class="navhash" href="#484">#</a>
						
              <code id="484">                         ^</code><br />
						
            
            <a class="navhash" href="#485">#</a>
						
              <code id="485">ecm.c:842:5: error: implicit declaration of function 'fclose' [-Werror=implicit-function-declaration]</code><br />
						
            
            <a class="navhash" href="#486">#</a>
						
              <code id="486">     if(in    != NULL) { fclose(in ); }</code><br />
						
            
            <a class="navhash" href="#487">#</a>
						
              <code id="487">     ^</code><br />
						
            
            <a class="navhash" href="#488">#</a>
						
              <code id="488">ecm.c: At top level:</code><br />
						
            
            <a class="navhash" href="#489">#</a>
						<span class="error">
              <code id="489">ecm.c:852:1: error: unknown type name 'int8_t'</code><br />
						</span>
            
            <a class="navhash" href="#490">#</a>
						
              <code id="490"> static int8_t unecmify(</code><br />
						
            
            <a class="navhash" href="#491">#</a>
						
              <code id="491"> ^</code><br />
						
            
            <a class="navhash" href="#492">#</a>
						
              <code id="492">ecm.c: In function 'unecmify':</code><br />
						
            
            <a class="navhash" href="#493">#</a>
						<span class="error">
              <code id="493">ecm.c:856:5: error: unknown type name 'int8_t'</code><br />
						</span>
            
            <a class="navhash" href="#494">#</a>
						
              <code id="494">     int8_t returncode = 0;</code><br />
						
            
            <a class="navhash" href="#495">#</a>
						
              <code id="495">     ^</code><br />
						
            
            <a class="navhash" href="#496">#</a>
						<span class="error">
              <code id="496">ecm.c:858:5: error: unknown type name 'FILE'</code><br />
						</span>
            
            <a class="navhash" href="#497">#</a>
						
              <code id="497">     FILE* in  = NULL;</code><br />
						
            
            <a class="navhash" href="#498">#</a>
						
              <code id="498">     ^</code><br />
						
            
            <a class="navhash" href="#499">#</a>
						
              <code id="499">ecm.c:858:17: error: 'NULL' undeclared (first use in this function)</code><br />
						
            
            <a class="navhash" href="#500">#</a>
						
              <code id="500">     FILE* in  = NULL;</code><br />
						
            
            <a class="navhash" href="#501">#</a>
						
              <code id="501">                 ^</code><br />
						
            
            <a class="navhash" href="#502">#</a>
						<span class="error">
              <code id="502">ecm.c:859:5: error: unknown type name 'FILE'</code><br />
						</span>
            
            <a class="navhash" href="#503">#</a>
						
              <code id="503">     FILE* out = NULL;</code><br />
						
            
            <a class="navhash" href="#504">#</a>
						
              <code id="504">     ^</code><br />
						
            
            <a class="navhash" href="#505">#</a>
						<span class="error">
              <code id="505">ecm.c:863:5: error: unknown type name 'uint32_t'</code><br />
						</span>
            
            <a class="navhash" href="#506">#</a>
						
              <code id="506">     uint32_t output_edc = 0;</code><br />
						
            
            <a class="navhash" href="#507">#</a>
						
              <code id="507">     ^</code><br />
						
            
            <a class="navhash" href="#508">#</a>
						<span class="error">
              <code id="508">ecm.c:864:5: error: unknown type name 'int8_t'</code><br />
						</span>
            
            <a class="navhash" href="#509">#</a>
						
              <code id="509">     int8_t type;</code><br />
						
            
            <a class="navhash" href="#510">#</a>
						
              <code id="510">     ^</code><br />
						
            
            <a class="navhash" href="#511">#</a>
						<span class="error">
              <code id="511">ecm.c:865:5: error: unknown type name 'uint32_t'</code><br />
						</span>
            
            <a class="navhash" href="#512">#</a>
						
              <code id="512">     uint32_t num;</code><br />
						
            
            <a class="navhash" href="#513">#</a>
						
              <code id="513">     ^</code><br />
						
            
            <a class="navhash" href="#514">#</a>
						
              <code id="514">ecm.c:870:9: error: assignment makes pointer from integer without a cast [-Werror]</code><br />
						
            
            <a class="navhash" href="#515">#</a>
						
              <code id="515">     out = fopen(outfilename, "rb");</code><br />
						
            
            <a class="navhash" href="#516">#</a>
						
              <code id="516">         ^</code><br />
						
            
            <a class="navhash" href="#517">#</a>
						
              <code id="517">ecm.c:872:9: error: incompatible implicit declaration of built-in function 'printf' [-Werror]</code><br />
						
            
            <a class="navhash" href="#518">#</a>
						
              <code id="518">         printf("Error: %s exists; refusing to overwrite\n", outfilename);</code><br />
						
            
            <a class="navhash" href="#519">#</a>
						
              <code id="519">         ^</code><br />
						
            
            <a class="navhash" href="#520">#</a>
						
              <code id="520">ecm.c:879:8: error: assignment makes pointer from integer without a cast [-Werror]</code><br />
						
            
            <a class="navhash" href="#521">#</a>
						
              <code id="521">     in = fopen(infilename, "rb");</code><br />
						
            
            <a class="navhash" href="#522">#</a>
						
              <code id="522">        ^</code><br />
						
            
            <a class="navhash" href="#523">#</a>
						
              <code id="523">ecm.c:885:22: error: 'SEEK_END' undeclared (first use in this function)</code><br />
						
            
            <a class="navhash" href="#524">#</a>
						
              <code id="524">     if(fseeko(in, 0, SEEK_END) != 0) { goto error_in; }</code><br />
						
            
            <a class="navhash" href="#525">#</a>
						
              <code id="525">                      ^</code><br />
						
            
            <a class="navhash" href="#526">#</a>
						
              <code id="526">ecm.c:891:22: error: 'SEEK_SET' undeclared (first use in this function)</code><br />
						
            
            <a class="navhash" href="#527">#</a>
						
              <code id="527">     if(fseeko(in, 0, SEEK_SET) != 0) { goto error_in; }</code><br />
						
            
            <a class="navhash" href="#528">#</a>
						
              <code id="528">                      ^</code><br />
						
            
            <a class="navhash" href="#529">#</a>
						
              <code id="529">ecm.c:897:9: error: implicit declaration of function 'fgetc' [-Werror=implicit-function-declaration]</code><br />
						
            
            <a class="navhash" href="#530">#</a>
						
              <code id="530">         (fgetc(in) != 'E') ||</code><br />
						
            
            <a class="navhash" href="#531">#</a>
						
              <code id="531">         ^</code><br />
						
            
            <a class="navhash" href="#532">#</a>
						
              <code id="532">ecm.c:902:9: error: incompatible implicit declaration of built-in function 'printf' [-Werror]</code><br />
						
            
            <a class="navhash" href="#533">#</a>
						
              <code id="533">         printf("Header missing; does not appear to be an ECM file\n");</code><br />
						
            
            <a class="navhash" href="#534">#</a>
						
              <code id="534">         ^</code><br />
						
            
            <a class="navhash" href="#535">#</a>
						
              <code id="535">ecm.c:909:9: error: assignment makes pointer from integer without a cast [-Werror]</code><br />
						
            
            <a class="navhash" href="#536">#</a>
						
              <code id="536">     out = fopen(outfilename, "wb");</code><br />
						
            
            <a class="navhash" href="#537">#</a>
						
              <code id="537">         ^</code><br />
						
            
            <a class="navhash" href="#538">#</a>
						
              <code id="538">ecm.c:912:5: error: incompatible implicit declaration of built-in function 'printf' [-Werror]</code><br />
						
            
            <a class="navhash" href="#539">#</a>
						
              <code id="539">     printf("Decoding %s to %s...\n", infilename, outfilename);</code><br />
						
            
            <a class="navhash" href="#540">#</a>
						
              <code id="540">     ^</code><br />
						
            
            <a class="navhash" href="#541">#</a>
						
              <code id="541">ecm.c:917:17: error: 'EOF' undeclared (first use in this function)</code><br />
						
            
            <a class="navhash" href="#542">#</a>
						
              <code id="542">         if(c == EOF) { goto error_in; }</code><br />
						
            
            <a class="navhash" href="#543">#</a>
						
              <code id="543">                 ^</code><br />
						
            
            <a class="navhash" href="#544">#</a>
						
              <code id="544">ecm.c:925:19: error: 'uint32_t' undeclared (first use in this function)</code><br />
						
            
            <a class="navhash" href="#545">#</a>
						
              <code id="545">                 ((uint32_t)(c & 0x7F)) >= (((uint32_t)0x80000000LU) >> (bits-1))</code><br />
						
            
            <a class="navhash" href="#546">#</a>
						
              <code id="546">                   ^</code><br />
						
            
            <a class="navhash" href="#547">#</a>
						
              <code id="547">ecm.c:925:55: error: expected ')' before numeric constant</code><br />
						
            
            <a class="navhash" href="#548">#</a>
						
              <code id="548">                 ((uint32_t)(c & 0x7F)) >= (((uint32_t)0x80000000LU) >> (bits-1))</code><br />
						
            
            <a class="navhash" href="#549">#</a>
						
              <code id="549">                                                       ^</code><br />
						
            
            <a class="navhash" href="#550">#</a>
						
              <code id="550">ecm.c:933:16: error: comparison between signed and unsigned integer expressions [-Werror=sign-compare]</code><br />
						
            
            <a class="navhash" href="#551">#</a>
						
              <code id="551">         if(num == 0xFFFFFFFF) {</code><br />
						
            
            <a class="navhash" href="#552">#</a>
						
              <code id="552">                ^</code><br />
						
            
            <a class="navhash" href="#553">#</a>
						<span class="error">
              <code id="553">ecm.c:940:26: error: expected ';' before 'b'</code><br />
						</span>
            
            <a class="navhash" href="#554">#</a>
						
              <code id="554">                 uint32_t b = num;</code><br />
						
            
            <a class="navhash" href="#555">#</a>
						
              <code id="555">                          ^</code><br />
						
            
            <a class="navhash" href="#556">#</a>
						
              <code id="556">ecm.c:941:20: error: 'b' undeclared (first use in this function)</code><br />
						
            
            <a class="navhash" href="#557">#</a>
						
              <code id="557">                 if(b > sizeof(sector_buffer)) { b = sizeof(sector_buffer); }</code><br />
						
            
            <a class="navhash" href="#558">#</a>
						
              <code id="558">                    ^</code><br />
						
            
            <a class="navhash" href="#559">#</a>
						
              <code id="559">ecm.c:946:20: error: incompatible implicit declaration of built-in function 'fwrite' [-Werror]</code><br />
						
            
            <a class="navhash" href="#560">#</a>
						
              <code id="560">                 if(fwrite(sector_buffer, 1, b, out) != b) {</code><br />
						
            
            <a class="navhash" href="#561">#</a>
						
              <code id="561">                    ^</code><br />
						
            
            <a class="navhash" href="#562">#</a>
						
              <code id="562">ecm.c:958:21: error: implicit declaration of function 'reconstruct_sector' [-Werror=implicit-function-declaration]</code><br />
						
            
            <a class="navhash" href="#563">#</a>
						
              <code id="563">                     reconstruct_sector(sector_buffer, 1);</code><br />
						
            
            <a class="navhash" href="#564">#</a>
						
              <code id="564">                     ^</code><br />
						
            
            <a class="navhash" href="#565">#</a>
						
              <code id="565">ecm.c:960:24: error: incompatible implicit declaration of built-in function 'fwrite' [-Werror]</code><br />
						
            
            <a class="navhash" href="#566">#</a>
						
              <code id="566">                     if(fwrite(sector_buffer, 1, 2352, out) != 2352) { goto error_out; }</code><br />
						
            
            <a class="navhash" href="#567">#</a>
						
              <code id="567">                        ^</code><br />
						
            
            <a class="navhash" href="#568">#</a>
						
              <code id="568">ecm.c:985:15: error: 'stdout' undeclared (first use in this function)</code><br />
						
            
            <a class="navhash" href="#569">#</a>
						
              <code id="569">     fprintdec(stdout, ftello(in));</code><br />
						
            
            <a class="navhash" href="#570">#</a>
						
              <code id="570">               ^</code><br />
						
            
            <a class="navhash" href="#571">#</a>
						
              <code id="571">ecm.c: In function 'main':</code><br />
						
            
            <a class="navhash" href="#572">#</a>
						<span class="error">
              <code id="572">ecm.c:1028:5: error: unknown type name 'int8_t'</code><br />
						</span>
            
            <a class="navhash" href="#573">#</a>
						
              <code id="573">     int8_t encode = 0;</code><br />
						
            
            <a class="navhash" href="#574">#</a>
						
              <code id="574">     ^</code><br />
						
            
            <a class="navhash" href="#575">#</a>
						
              <code id="575">ecm.c:1029:25: error: 'NULL' undeclared (first use in this function)</code><br />
						
            
            <a class="navhash" href="#576">#</a>
						
              <code id="576">     char* infilename  = NULL;</code><br />
						
            
            <a class="navhash" href="#577">#</a>
						
              <code id="577">                         ^</code><br />
						
            
            <a class="navhash" href="#578">#</a>
						
              <code id="578">ecm.c:1044:9: error: implicit declaration of function 'strcmp' [-Werror=implicit-function-declaration]</code><br />
						
            
            <a class="navhash" href="#579">#</a>
						
              <code id="579">         encode = (strcmp(argv[0], "ecm2bin") != 0);</code><br />
						
            
            <a class="navhash" href="#580">#</a>
						
              <code id="580">         ^</code><br />
						
            
            <a class="navhash" href="#581">#</a>
						
              <code id="581">ecm.c:1047:24: error: incompatible implicit declaration of built-in function 'malloc' [-Werror]</code><br />
						
            
            <a class="navhash" href="#582">#</a>
						
              <code id="582">         tempfilename = malloc(strlen(infilename) + 7);</code><br />
						
            
            <a class="navhash" href="#583">#</a>
						
              <code id="583">                        ^</code><br />
						
            
            <a class="navhash" href="#584">#</a>
						
              <code id="584">ecm.c:1047:9: error: implicit declaration of function 'strlen' [-Werror=implicit-function-declaration]</code><br />
						
            
            <a class="navhash" href="#585">#</a>
						
              <code id="585">         tempfilename = malloc(strlen(infilename) + 7);</code><br />
						
            
            <a class="navhash" href="#586">#</a>
						
              <code id="586">         ^</code><br />
						
            
            <a class="navhash" href="#587">#</a>
						
              <code id="587">ecm.c:1047:31: error: incompatible implicit declaration of built-in function 'strlen' [-Werror]</code><br />
						
            
            <a class="navhash" href="#588">#</a>
						
              <code id="588">         tempfilename = malloc(strlen(infilename) + 7);</code><br />
						
            
            <a class="navhash" href="#589">#</a>
						
              <code id="589">                               ^</code><br />
						
            
            <a class="navhash" href="#590">#</a>
						
              <code id="590">ecm.c:1049:13: error: incompatible implicit declaration of built-in function 'printf' [-Werror]</code><br />
						
            
            <a class="navhash" href="#591">#</a>
						
              <code id="591">             printf("Out of memory\n");</code><br />
						
            
            <a class="navhash" href="#592">#</a>
						
              <code id="592">             ^</code><br />
						
            
            <a class="navhash" href="#593">#</a>
						
              <code id="593">ecm.c:1053:9: error: implicit declaration of function 'strcpy' [-Werror=implicit-function-declaration]</code><br />
						
            
            <a class="navhash" href="#594">#</a>
						
              <code id="594">         strcpy(tempfilename, infilename);</code><br />
						
            
            <a class="navhash" href="#595">#</a>
						
              <code id="595">         ^</code><br />
						
            
            <a class="navhash" href="#596">#</a>
						
              <code id="596">ecm.c:1053:9: error: incompatible implicit declaration of built-in function 'strcpy' [-Werror]</code><br />
						
            
            <a class="navhash" href="#597">#</a>
						
              <code id="597">ecm.c:1059:13: error: implicit declaration of function 'strcat' [-Werror=implicit-function-declaration]</code><br />
						
            
            <a class="navhash" href="#598">#</a>
						
              <code id="598">             strcat(tempfilename, ".ecm");</code><br />
						
            
            <a class="navhash" href="#599">#</a>
						
              <code id="599">             ^</code><br />
						
            
            <a class="navhash" href="#600">#</a>
						
              <code id="600">ecm.c:1059:13: error: incompatible implicit declaration of built-in function 'strcat' [-Werror]</code><br />
						
            
            <a class="navhash" href="#601">#</a>
						<span class="error">
              <code id="601">ecm.c:1064:13: error: unknown type name 'size_t'</code><br />
						</span>
            
            <a class="navhash" href="#602">#</a>
						
              <code id="602">             size_t l = strlen(tempfilename);</code><br />
						
            
            <a class="navhash" href="#603">#</a>
						
              <code id="603">             ^</code><br />
						
            
            <a class="navhash" href="#604">#</a>
						
              <code id="604">ecm.c:1077:17: error: incompatible implicit declaration of built-in function 'strcat' [-Werror]</code><br />
						
            
            <a class="navhash" href="#605">#</a>
						
              <code id="605">                 strcat(tempfilename, ".unecm");</code><br />
						
            
            <a class="navhash" href="#606">#</a>
						
              <code id="606">                 ^</code><br />
						
            
            <a class="navhash" href="#607">#</a>
						
              <code id="607">ecm.c:1119:5: error: incompatible implicit declaration of built-in function 'printf' [-Werror]</code><br />
						
            
            <a class="navhash" href="#608">#</a>
						
              <code id="608">     printf(</code><br />
						
            
            <a class="navhash" href="#609">#</a>
						
              <code id="609">     ^</code><br />
						
            
            <a class="navhash" href="#610">#</a>
						
              <code id="610">ecm.c:1136:24: error: incompatible implicit declaration of built-in function 'free' [-Werror]</code><br />
						
            
            <a class="navhash" href="#611">#</a>
						
              <code id="611">     if(tempfilename) { free(tempfilename); }</code><br />
						
            
            <a class="navhash" href="#612">#</a>
						
              <code id="612">                        ^</code><br />
						
            
            <a class="navhash" href="#613">#</a>
						
              <code id="613">ecm.c: At top level:</code><br />
						
            
            <a class="navhash" href="#614">#</a>
						
              <code id="614">ecm.c:209:15: error: 'ecc_checksector' defined but not used [-Werror=unused-function]</code><br />
						
            
            <a class="navhash" href="#615">#</a>
						
              <code id="615"> static int8_t ecc_checksector(</code><br />
						
            
            <a class="navhash" href="#616">#</a>
						
              <code id="616">               ^</code><br />
						
            
            <a class="navhash" href="#617">#</a>
						
              <code id="617">ecm.c:489:13: error: 'setcounter_encode' defined but not used [-Werror=unused-function]</code><br />
						
            
            <a class="navhash" href="#618">#</a>
						
              <code id="618"> static void setcounter_encode(off_t n) {</code><br />
						
            
            <a class="navhash" href="#619">#</a>
						
              <code id="619">             ^</code><br />
						
            
            <a class="navhash" href="#620">#</a>
						
              <code id="620">ecm.c: In function 'get32lsb':</code><br />
						
            
            <a class="navhash" href="#621">#</a>
						
              <code id="621">ecm.c:76:1: error: control reaches end of non-void function [-Werror=return-type]</code><br />
						
            
            <a class="navhash" href="#622">#</a>
						
              <code id="622"> }</code><br />
						
            
            <a class="navhash" href="#623">#</a>
						
              <code id="623"> ^</code><br />
						
            
            <a class="navhash" href="#624">#</a>
						
              <code id="624">cc1: all warnings being treated as errors</code><br />
						
            
            <a class="navhash" href="#625">#</a>
						
              <code id="625">==> ERROR: A failure occurred in build().</code><br />
						
            
            <a class="navhash" href="#626">#</a>
						
              <code id="626">    Aborting...</code><br />
						
            
          </div>
        
      </div>
      <br />
    
  </body>
</html>