<!DOCTYPE html>
<html>
<!-- Jinja template for reports of individual builds

  Copyright 2016 Kareem Khazem. All Rights Reserved.
  Licensed under the Apache License, Version 2.0 (the "License");
  you may not use this file except in compliance with the License.
  You may obtain a copy of the License at

 		 http://www.apache.org/licenses/LICENSE-2.0

  Unless required by applicable law or agreed to in writing, software
  distributed under the License is distributed on an "AS IS" BASIS,
  WITHOUT WARRANTIES OR CONDITIONS OF ANY KIND, either express or
  implied.
  See the License for the specific language governing permissions and
  limitations under the License.
-->
  <head>
    <meta charset="UTF-8">
    <title>android/ed</title>
    <link href='https://fonts.googleapis.com/css?family=Roboto:400,900'
          rel='stylesheet' type='text/css'>
    <link
    href='https://fonts.googleapis.com/css?family=Source+Code+Pro:400,700'
          rel='stylesheet' type='text/css'>
    <link href="../style.css" type="text/css" rel="stylesheet">
  </head>
  <body>
    <h1>Build of ed
        with <a href="../index.html">android</a>
        toolchain</h1>
    <p>The build took 00h 01m 09s and was
    NOT successful.</p>
    <p>
    The program in this build is written in the following languages,
    according to <a
    href="http://www.dwheeler.com/sloccount/">sloccount</a>:
    </p>
    <table>
      <tr><th>SLOC</th><th>Language</th></tr>
      
      <tr><td class="loc"><code>2,538</code></td>
          <td class="lang">ansic</td></tr>
      <tr><td class="loc"><code>226</code></td>
          <td class="lang">sh</td></tr>
      <tr><td class="loc"><code>120</code></td>
          <td class="lang">makefile</td></tr>
      <tr><td><code>2,884</code></td>
          <td><em>total</em></td></tr>
    </table>
    <p>
      The process tree of the build process is <a
      href="ed-tree.html">here</a>.
    </p>
    
    
    
    
    
    <h2>List of Errors</h2>
    <ul>
      
      <li>unknown_type
        <ul>
          
          <li><a href="#176">io.c:172:39: error: unknown type name 'FILE'</a></li>
          
          <li><a href="#179">io.c:207:26: error: unknown type name 'FILE'</a></li>
          
          <li><a href="#183">io.c:251:3: error: unknown type name 'FILE'</a></li>
          
          <li><a href="#186">buffer.c:39:1: error: unknown type name 'FILE'</a></li>
          
          <li><a href="#209">io.c:278:27: error: unknown type name 'FILE'</a></li>
          
          <li><a href="#217">io.c:309:3: error: unknown type name 'FILE'</a></li>
          
        </ul>
      </li>
      
    </ul>
    
    
    <h2>Log</h2>
    <p>
    To avoid scrolling, you may jump to the <a
    href="#306">last line</a> of the
    invocation of <code>makepkg</code> that was used to build this
    package.
    </p>
    
    
      <div class="block">
        <div class="info">
          <code>Removed vanilla repositories from pacman.conf and added:</code>
        </div>
        
          <div class="output">
            
            <a class="navhash" href="#1">#</a>
						
              <code id="1">[tuscan]</code><br />
						
            
            <a class="navhash" href="#2">#</a>
						
              <code id="2">Server = file:///var/cache/pacman/pkg/</code><br />
						
            
          </div>
        
      </div>
      <br />
    
      <div class="block">
        <div class="command">
          <code><span class="prompt">CMD: </span>pacman -Syy --noconfirm</code>
        </div>
        
          <div class="output">
            
            <a class="navhash" href="#3">#</a>
						
              <code id="3">:: Synchronizing package databases...</code><br />
						
            
            <a class="navhash" href="#4">#</a>
						
              <code id="4">downloading tuscan.db...</code><br />
						
            
          </div>
        
      </div>
      <br />
    
      <div class="block">
        <div class="info">
          <code>Copied permanent toolchain into container-local sysroot</code>
        </div>
        
          <div class="output">
            
            <a class="navhash" href="#5">#</a>
						
              <code id="5">/toolchain_root/arm-linux-androideabi  -->  /sysroot/arm-linux-androideabi</code><br />
						
            
            <a class="navhash" href="#6">#</a>
						
              <code id="6">/toolchain_root/COPYING3.LIB  -->  /sysroot/COPYING3.LIB</code><br />
						
            
            <a class="navhash" href="#7">#</a>
						
              <code id="7">/toolchain_root/sysroot  -->  /sysroot/sysroot</code><br />
						
            
            <a class="navhash" href="#8">#</a>
						
              <code id="8">/toolchain_root/COPYING.RUNTIME  -->  /sysroot/COPYING.RUNTIME</code><br />
						
            
            <a class="navhash" href="#9">#</a>
						
              <code id="9">/toolchain_root/lib  -->  /sysroot/lib</code><br />
						
            
            <a class="navhash" href="#10">#</a>
						
              <code id="10">/toolchain_root/SOURCES  -->  /sysroot/SOURCES</code><br />
						
            
            <a class="navhash" href="#11">#</a>
						
              <code id="11">/toolchain_root/lib64  -->  /sysroot/lib64</code><br />
						
            
            <a class="navhash" href="#12">#</a>
						
              <code id="12">/toolchain_root/share  -->  /sysroot/share</code><br />
						
            
            <a class="navhash" href="#13">#</a>
						
              <code id="13">/toolchain_root/bin  -->  /sysroot/bin</code><br />
						
            
            <a class="navhash" href="#14">#</a>
						
              <code id="14">/toolchain_root/COPYING  -->  /sysroot/COPYING</code><br />
						
            
            <a class="navhash" href="#15">#</a>
						
              <code id="15">/toolchain_root/COPYING3  -->  /sysroot/COPYING3</code><br />
						
            
            <a class="navhash" href="#16">#</a>
						
              <code id="16">/toolchain_root/COPYING.LIB  -->  /sysroot/COPYING.LIB</code><br />
						
            
            <a class="navhash" href="#17">#</a>
						
              <code id="17">/toolchain_root/include  -->  /sysroot/include</code><br />
						
            
            <a class="navhash" href="#18">#</a>
						
              <code id="18">/toolchain_root/libexec  -->  /sysroot/libexec</code><br />
						
            
          </div>
        
      </div>
      <br />
    
      <div class="block">
        <div class="command">
          <code><span class="prompt">CMD: </span>sudo -u tuscan PATH=/sysroot/bin:/sysroot/libexec/gcc/arm-linux-androideabi/4.8:/usr/local/sbin:/usr/local/bin:/usr/sbin:/usr/bin:/sbin:/bin CC=arm-linux-androideabi-gcc CXX=arm-linux-androideabi-g++ red makepkg --noextract --syncdeps --skipinteg --skippgpcheck --skipchecksums --noconfirm --nocolor --log --noprogressbar --nocheck</code>
        </div>
        
          <div class="output">
            
            <a class="navhash" href="#19">#</a>
						
              <code id="19">==> Making package: ed 1.13-2 (Tue Apr  4 21:10:53 UTC 2017)</code><br />
						
            
            <a class="navhash" href="#20">#</a>
						
              <code id="20">==> Checking runtime dependencies...</code><br />
						
            
            <a class="navhash" href="#21">#</a>
						
              <code id="21">==> Checking buildtime dependencies...</code><br />
						
            
            <a class="navhash" href="#22">#</a>
						
              <code id="22">==> WARNING: Using existing $srcdir/ tree</code><br />
						
            
            <a class="navhash" href="#23">#</a>
						
              <code id="23">==> Starting build()...</code><br />
						
            
            <a class="navhash" href="#24">#</a>
						
              <code id="24">configure: WARNING: unrecognized option: '--build=x86_64-unknown-linux'</code><br />
						
            
            <a class="navhash" href="#25">#</a>
						
              <code id="25">configure: WARNING: unrecognized option: '--host=arm-linux-androideabi'</code><br />
						
            
            <a class="navhash" href="#26">#</a>
						
              <code id="26"></code><br />
						
            
            <a class="navhash" href="#27">#</a>
						
              <code id="27">creating config.status</code><br />
						
            
            <a class="navhash" href="#28">#</a>
						
              <code id="28">creating Makefile</code><br />
						
            
            <a class="navhash" href="#29">#</a>
						
              <code id="29">VPATH = .</code><br />
						
            
            <a class="navhash" href="#30">#</a>
						
              <code id="30">prefix = </code><br />
						
            
            <a class="navhash" href="#31">#</a>
						
              <code id="31">exec_prefix = $(prefix)</code><br />
						
            
            <a class="navhash" href="#32">#</a>
						
              <code id="32">bindir = /usr/bin</code><br />
						
            
            <a class="navhash" href="#33">#</a>
						
              <code id="33">datarootdir = $(prefix)/share</code><br />
						
            
            <a class="navhash" href="#34">#</a>
						
              <code id="34">infodir = /usr/share/info</code><br />
						
            
            <a class="navhash" href="#35">#</a>
						
              <code id="35">mandir = /usr/share/man</code><br />
						
            
            <a class="navhash" href="#36">#</a>
						
              <code id="36">program_prefix = </code><br />
						
            
            <a class="navhash" href="#37">#</a>
						
              <code id="37">CC = gcc</code><br />
						
            
            <a class="navhash" href="#38">#</a>
						
              <code id="38">CPPFLAGS = </code><br />
						
            
            <a class="navhash" href="#39">#</a>
						
              <code id="39">CFLAGS = </code><br />
						
            
            <a class="navhash" href="#40">#</a>
						
              <code id="40">LDFLAGS = </code><br />
						
            
            <a class="navhash" href="#41">#</a>
						
              <code id="41">OK. Now you can run make.</code><br />
						
            
            <a class="navhash" href="#42">#</a>
						
              <code id="42">gcc   -c -o buffer.o buffer.c</code><br />
						
            
            <a class="navhash" href="#43">#</a>
						
              <code id="43">gcc   -c -o carg_parser.o carg_parser.c</code><br />
						
            
            <a class="navhash" href="#44">#</a>
						
              <code id="44">gcc   -c -o global.o global.c</code><br />
						
            
            <a class="navhash" href="#45">#</a>
						
              <code id="45">gcc   -c -o io.o io.c</code><br />
						
            
            <a class="navhash" href="#46">#</a>
						
              <code id="46">cc1: error: no include path in which to search for stdc-predef.h</code><br />
						
            
            <a class="navhash" href="#47">#</a>
						
              <code id="47">carg_parser.c:20:20: error: no include path in which to search for stdlib.h</code><br />
						
            
            <a class="navhash" href="#48">#</a>
						
              <code id="48"> #include <stdlib.h></code><br />
						
            
            <a class="navhash" href="#49">#</a>
						
              <code id="49">                    ^</code><br />
						
            
            <a class="navhash" href="#50">#</a>
						
              <code id="50">carg_parser.c:21:20: error: no include path in which to search for string.h</code><br />
						
            
            <a class="navhash" href="#51">#</a>
						
              <code id="51"> #include <string.h></code><br />
						
            
            <a class="navhash" href="#52">#</a>
						
              <code id="52">                    ^</code><br />
						
            
            <a class="navhash" href="#53">#</a>
						
              <code id="53">cc1: error: no include path in which to search for stdc-predef.h</code><br />
						
            
            <a class="navhash" href="#54">#</a>
						
              <code id="54">global.c:20:19: error: no include path in which to search for errno.h</code><br />
						
            
            <a class="navhash" href="#55">#</a>
						
              <code id="55"> #include <errno.h></code><br />
						
            
            <a class="navhash" href="#56">#</a>
						
              <code id="56">                   ^</code><br />
						
            
            <a class="navhash" href="#57">#</a>
						
              <code id="57">global.c:21:19: error: no include path in which to search for stdio.h</code><br />
						
            
            <a class="navhash" href="#58">#</a>
						
              <code id="58"> #include <stdio.h></code><br />
						
            
            <a class="navhash" href="#59">#</a>
						
              <code id="59">                   ^</code><br />
						
            
            <a class="navhash" href="#60">#</a>
						
              <code id="60">global.c:22:20: error: no include path in which to search for stdlib.h</code><br />
						
            
            <a class="navhash" href="#61">#</a>
						
              <code id="61"> #include <stdlib.h></code><br />
						
            
            <a class="navhash" href="#62">#</a>
						
              <code id="62">                    ^</code><br />
						
            
            <a class="navhash" href="#63">#</a>
						
              <code id="63">global.c:23:20: error: no include path in which to search for string.h</code><br />
						
            
            <a class="navhash" href="#64">#</a>
						
              <code id="64"> #include <string.h></code><br />
						
            
            <a class="navhash" href="#65">#</a>
						
              <code id="65">                    ^</code><br />
						
            
            <a class="navhash" href="#66">#</a>
						
              <code id="66">carg_parser.c: In function 'ap_resize_buffer':</code><br />
						
            
            <a class="navhash" href="#67">#</a>
						
              <code id="67">carg_parser.c:29:19: warning: incompatible implicit declaration of built-in function 'realloc' [enabled by default]</code><br />
						
            
            <a class="navhash" href="#68">#</a>
						
              <code id="68">   if( buf ) buf = realloc( buf, min_size );</code><br />
						
            
            <a class="navhash" href="#69">#</a>
						
              <code id="69">                   ^</code><br />
						
            
            <a class="navhash" href="#70">#</a>
						
              <code id="70">carg_parser.c:30:14: warning: incompatible implicit declaration of built-in function 'malloc' [enabled by default]</code><br />
						
            
            <a class="navhash" href="#71">#</a>
						
              <code id="71">   else buf = malloc( min_size );</code><br />
						
            
            <a class="navhash" href="#72">#</a>
						
              <code id="72">              ^</code><br />
						
            
            <a class="navhash" href="#73">#</a>
						
              <code id="73">carg_parser.c: In function 'push_back_record':</code><br />
						
            
            <a class="navhash" href="#74">#</a>
						
              <code id="74">carg_parser.c:38:19: warning: incompatible implicit declaration of built-in function 'strlen' [enabled by default]</code><br />
						
            
            <a class="navhash" href="#75">#</a>
						
              <code id="75">   const int len = strlen( argument );</code><br />
						
            
            <a class="navhash" href="#76">#</a>
						
              <code id="76">                   ^</code><br />
						
            
            <a class="navhash" href="#77">#</a>
						
              <code id="77">carg_parser.c:50:3: warning: incompatible implicit declaration of built-in function 'strncpy' [enabled by default]</code><br />
						
            
            <a class="navhash" href="#78">#</a>
						
              <code id="78">   strncpy( p->argument, argument, len + 1 );</code><br />
						
            
            <a class="navhash" href="#79">#</a>
						
              <code id="79">   ^</code><br />
						
            
            <a class="navhash" href="#80">#</a>
						
              <code id="80">carg_parser.c: In function 'add_error':</code><br />
						
            
            <a class="navhash" href="#81">#</a>
						
              <code id="81">carg_parser.c:58:19: warning: incompatible implicit declaration of built-in function 'strlen' [enabled by default]</code><br />
						
            
            <a class="navhash" href="#82">#</a>
						
              <code id="82">   const int len = strlen( msg );</code><br />
						
            
            <a class="navhash" href="#83">#</a>
						
              <code id="83">                   ^</code><br />
						
            
            <a class="navhash" href="#84">#</a>
						
              <code id="84">carg_parser.c:62:3: warning: incompatible implicit declaration of built-in function 'strncpy' [enabled by default]</code><br />
						
            
            <a class="navhash" href="#85">#</a>
						
              <code id="85">   strncpy( ap->error + ap->error_size, msg, len + 1 );</code><br />
						
            
            <a class="navhash" href="#86">#</a>
						
              <code id="86">   ^</code><br />
						
            
            <a class="navhash" href="#87">#</a>
						
              <code id="87">carg_parser.c: In function 'free_data':</code><br />
						
            
            <a class="navhash" href="#88">#</a>
						
              <code id="88">carg_parser.c:71:40: warning: incompatible implicit declaration of built-in function 'free' [enabled by default]</code><br />
						
            
            <a class="navhash" href="#89">#</a>
						
              <code id="89">   for( i = 0; i < ap->data_size; ++i ) free( ap->data[i].argument );</code><br />
						
            
            <a class="navhash" href="#90">#</a>
						
              <code id="90">                                        ^</code><br />
						
            
            <a class="navhash" href="#91">#</a>
						
              <code id="91">global.c: In function 'clear_active_list':</code><br />
						
            
            <a class="navhash" href="#92">#</a>
						
              <code id="92">global.c:39:21: warning: incompatible implicit declaration of built-in function 'free' [enabled by default]</code><br />
						
            
            <a class="navhash" href="#93">#</a>
						
              <code id="93">   if( active_list ) free( active_list );</code><br />
						
            
            <a class="navhash" href="#94">#</a>
						
              <code id="94">                     ^</code><br />
						
            
            <a class="navhash" href="#95">#</a>
						
              <code id="95">carg_parser.c: In function 'parse_long_option':</code><br />
						
            
            <a class="navhash" href="#96">#</a>
						
              <code id="96">carg_parser.c:92:11: warning: incompatible implicit declaration of built-in function 'strlen' [enabled by default]</code><br />
						
            
            <a class="navhash" href="#97">#</a>
						
              <code id="97">       if( strlen( options[i].name ) == len ) /* Exact match found */</code><br />
						
            
            <a class="navhash" href="#98">#</a>
						
              <code id="98">           ^</code><br />
						
            
            <a class="navhash" href="#99">#</a>
						
              <code id="99">global.c: In function 'set_active_node':</code><br />
						
            
            <a class="navhash" href="#100">#</a>
						
              <code id="100">global.c:62:23: error: 'errno' undeclared (first use in this function)</code><br />
						
            
            <a class="navhash" href="#101">#</a>
						
              <code id="101">     show_strerror( 0, errno );</code><br />
						
            
            <a class="navhash" href="#102">#</a>
						
              <code id="102">                       ^</code><br />
						
            
            <a class="navhash" href="#103">#</a>
						
              <code id="103">global.c:62:23: note: each undeclared identifier is reported only once for each function it appears in</code><br />
						
            
            <a class="navhash" href="#104">#</a>
						
              <code id="104">carg_parser.c: In function 'ap_init':</code><br />
						
            
            <a class="navhash" href="#105">#</a>
						
              <code id="105">carg_parser.c:252:21: warning: incompatible implicit declaration of built-in function 'free' [enabled by default]</code><br />
						
            
            <a class="navhash" href="#106">#</a>
						
              <code id="106">   if( non_options ) free( non_options );</code><br />
						
            
            <a class="navhash" href="#107">#</a>
						
              <code id="107">                     ^</code><br />
						
            
            <a class="navhash" href="#108">#</a>
						
              <code id="108">carg_parser.c: In function 'ap_free':</code><br />
						
            
            <a class="navhash" href="#109">#</a>
						
              <code id="109">carg_parser.c:260:21: warning: incompatible implicit declaration of built-in function 'free' [enabled by default]</code><br />
						
            
            <a class="navhash" href="#110">#</a>
						
              <code id="110">   if( ap->error ) { free( ap->error ); ap->error = 0; }</code><br />
						
            
            <a class="navhash" href="#111">#</a>
						
              <code id="111">                     ^</code><br />
						
            
            <a class="navhash" href="#112">#</a>
						
              <code id="112">make: *** [Makefile:54: global.o] Error 1</code><br />
						
            
            <a class="navhash" href="#113">#</a>
						
              <code id="113">make: *** Waiting for unfinished jobs....</code><br />
						
            
            <a class="navhash" href="#114">#</a>
						
              <code id="114">make: *** [Makefile:54: carg_parser.o] Error 1</code><br />
						
            
            <a class="navhash" href="#115">#</a>
						
              <code id="115">cc1: error: no include path in which to search for stdc-predef.h</code><br />
						
            
            <a class="navhash" href="#116">#</a>
						
              <code id="116">io.c:20:19: error: no include path in which to search for errno.h</code><br />
						
            
            <a class="navhash" href="#117">#</a>
						
              <code id="117"> #include <errno.h></code><br />
						
            
            <a class="navhash" href="#118">#</a>
						
              <code id="118">                   ^</code><br />
						
            
            <a class="navhash" href="#119">#</a>
						
              <code id="119">io.c:21:19: error: no include path in which to search for stdio.h</code><br />
						
            
            <a class="navhash" href="#120">#</a>
						
              <code id="120"> #include <stdio.h></code><br />
						
            
            <a class="navhash" href="#121">#</a>
						
              <code id="121">                   ^</code><br />
						
            
            <a class="navhash" href="#122">#</a>
						
              <code id="122">io.c:22:20: error: no include path in which to search for string.h</code><br />
						
            
            <a class="navhash" href="#123">#</a>
						
              <code id="123"> #include <string.h></code><br />
						
            
            <a class="navhash" href="#124">#</a>
						
              <code id="124">                    ^</code><br />
						
            
            <a class="navhash" href="#125">#</a>
						
              <code id="125">io.c: In function 'put_tty_line':</code><br />
						
            
            <a class="navhash" href="#126">#</a>
						
              <code id="126">io.c:34:24: warning: incompatible implicit declaration of built-in function 'printf' [enabled by default]</code><br />
						
            
            <a class="navhash" href="#127">#</a>
						
              <code id="127">   if( gflags & GNP ) { printf( "%d\t", current_addr() ); col = 8; }</code><br />
						
            
            <a class="navhash" href="#128">#</a>
						
              <code id="128">                        ^</code><br />
						
            
            <a class="navhash" href="#129">#</a>
						
              <code id="129">io.c:41:64: error: 'stdout' undeclared (first use in this function)</code><br />
						
            
            <a class="navhash" href="#130">#</a>
						
              <code id="130">       if( ++col > window_columns() ) { col = 1; fputs( "\\\n", stdout ); }</code><br />
						
            
            <a class="navhash" href="#131">#</a>
						
              <code id="131">                                                                ^</code><br />
						
            
            <a class="navhash" href="#132">#</a>
						
              <code id="132">io.c:41:64: note: each undeclared identifier is reported only once for each function it appears in</code><br />
						
            
            <a class="navhash" href="#133">#</a>
						
              <code id="133">io.c:45:26: warning: incompatible implicit declaration of built-in function 'strchr' [enabled by default]</code><br />
						
            
            <a class="navhash" href="#134">#</a>
						
              <code id="134">         char * const p = strchr( escapes, ch );</code><br />
						
            
            <a class="navhash" href="#135">#</a>
						
              <code id="135">                          ^</code><br />
						
            
            <a class="navhash" href="#136">#</a>
						
              <code id="136">cc1: error: no include path in which to search for stdc-predef.h</code><br />
						
            
            <a class="navhash" href="#137">#</a>
						
              <code id="137">io.c: In function 'get_extended_line':</code><br />
						
            
            <a class="navhash" href="#138">#</a>
						
              <code id="138">io.c:104:3: warning: incompatible implicit declaration of built-in function 'memcpy' [enabled by default]</code><br />
						
            
            <a class="navhash" href="#139">#</a>
						
              <code id="139">   memcpy( buf, *ibufpp, len );</code><br />
						
            
            <a class="navhash" href="#140">#</a>
						
              <code id="140">   ^</code><br />
						
            
            <a class="navhash" href="#141">#</a>
						
              <code id="141">buffer.c:20:19: error: no include path in which to search for errno.h</code><br />
						
            
            <a class="navhash" href="#142">#</a>
						
              <code id="142"> #include <errno.h></code><br />
						
            
            <a class="navhash" href="#143">#</a>
						
              <code id="143">                   ^</code><br />
						
            
            <a class="navhash" href="#144">#</a>
						
              <code id="144">buffer.c:21:20: error: no include path in which to search for limits.h</code><br />
						
            
            <a class="navhash" href="#145">#</a>
						
              <code id="145"> #include <limits.h></code><br />
						
            
            <a class="navhash" href="#146">#</a>
						
              <code id="146">                    ^</code><br />
						
            
            <a class="navhash" href="#147">#</a>
						
              <code id="147">buffer.c:22:19: error: no include path in which to search for stdio.h</code><br />
						
            
            <a class="navhash" href="#148">#</a>
						
              <code id="148"> #include <stdio.h></code><br />
						
            
            <a class="navhash" href="#149">#</a>
						
              <code id="149">                   ^</code><br />
						
            
            <a class="navhash" href="#150">#</a>
						
              <code id="150">buffer.c:23:20: error: no include path in which to search for stdlib.h</code><br />
						
            
            <a class="navhash" href="#151">#</a>
						
              <code id="151"> #include <stdlib.h></code><br />
						
            
            <a class="navhash" href="#152">#</a>
						
              <code id="152">                    ^</code><br />
						
            
            <a class="navhash" href="#153">#</a>
						
              <code id="153">buffer.c:24:20: error: no include path in which to search for string.h</code><br />
						
            
            <a class="navhash" href="#154">#</a>
						
              <code id="154"> #include <string.h></code><br />
						
            
            <a class="navhash" href="#155">#</a>
						
              <code id="155">                    ^</code><br />
						
            
            <a class="navhash" href="#156">#</a>
						
              <code id="156">buffer.c:25:20: error: no include path in which to search for unistd.h</code><br />
						
            
            <a class="navhash" href="#157">#</a>
						
              <code id="157"> #include <unistd.h></code><br />
						
            
            <a class="navhash" href="#158">#</a>
						
              <code id="158">                    ^</code><br />
						
            
            <a class="navhash" href="#159">#</a>
						
              <code id="159">buffer.c:26:22: error: no include path in which to search for sys/file.h</code><br />
						
            
            <a class="navhash" href="#160">#</a>
						
              <code id="160"> #include <sys/file.h></code><br />
						
            
            <a class="navhash" href="#161">#</a>
						
              <code id="161">                      ^</code><br />
						
            
            <a class="navhash" href="#162">#</a>
						
              <code id="162">buffer.c:27:22: error: no include path in which to search for sys/stat.h</code><br />
						
            
            <a class="navhash" href="#163">#</a>
						
              <code id="163"> #include <sys/stat.h></code><br />
						
            
            <a class="navhash" href="#164">#</a>
						
              <code id="164">                      ^</code><br />
						
            
            <a class="navhash" href="#165">#</a>
						
              <code id="165">io.c: In function 'get_tty_line':</code><br />
						
            
            <a class="navhash" href="#166">#</a>
						
              <code id="166">io.c:143:14: error: 'EOF' undeclared (first use in this function)</code><br />
						
            
            <a class="navhash" href="#167">#</a>
						
              <code id="167">     if( c == EOF )</code><br />
						
            
            <a class="navhash" href="#168">#</a>
						
              <code id="168">              ^</code><br />
						
            
            <a class="navhash" href="#169">#</a>
						
              <code id="169">io.c:145:19: error: 'stdin' undeclared (first use in this function)</code><br />
						
            
            <a class="navhash" href="#170">#</a>
						
              <code id="170">       if( ferror( stdin ) )</code><br />
						
            
            <a class="navhash" href="#171">#</a>
						
              <code id="171">                   ^</code><br />
						
            
            <a class="navhash" href="#172">#</a>
						
              <code id="172">io.c:147:33: error: 'errno' undeclared (first use in this function)</code><br />
						
            
            <a class="navhash" href="#173">#</a>
						
              <code id="173">         show_strerror( "stdin", errno );</code><br />
						
            
            <a class="navhash" href="#174">#</a>
						
              <code id="174">                                 ^</code><br />
						
            
            <a class="navhash" href="#175">#</a>
						
              <code id="175">io.c: At top level:</code><br />
						
            
            <a class="navhash" href="#176">#</a>
						<span class="error">
              <code id="176">io.c:172:39: error: unknown type name 'FILE'</code><br />
						</span>
            
            <a class="navhash" href="#177">#</a>
						
              <code id="177"> static const char * read_stream_line( FILE * const fp, int * const sizep,</code><br />
						
            
            <a class="navhash" href="#178">#</a>
						
              <code id="178">                                       ^</code><br />
						
            
            <a class="navhash" href="#179">#</a>
						<span class="error">
              <code id="179">io.c:207:26: error: unknown type name 'FILE'</code><br />
						</span>
            
            <a class="navhash" href="#180">#</a>
						
              <code id="180"> static long read_stream( FILE * const fp, const int addr )</code><br />
						
            
            <a class="navhash" href="#181">#</a>
						
              <code id="181">                          ^</code><br />
						
            
            <a class="navhash" href="#182">#</a>
						
              <code id="182">io.c: In function 'read_file':</code><br />
						
            
            <a class="navhash" href="#183">#</a>
						<span class="error">
              <code id="183">io.c:251:3: error: unknown type name 'FILE'</code><br />
						</span>
            
            <a class="navhash" href="#184">#</a>
						
              <code id="184">   FILE * fp;</code><br />
						
            
            <a class="navhash" href="#185">#</a>
						
              <code id="185">   ^</code><br />
						
            
            <a class="navhash" href="#186">#</a>
						<span class="error">
              <code id="186">buffer.c:39:1: error: unknown type name 'FILE'</code><br />
						</span>
            
            <a class="navhash" href="#187">#</a>
						
              <code id="187"> static FILE * sfp = 0;  /* scratch file pointer */</code><br />
						
            
            <a class="navhash" href="#188">#</a>
						
              <code id="188"> ^</code><br />
						
            
            <a class="navhash" href="#189">#</a>
						
              <code id="189">io.c:255:29: warning: assignment makes pointer from integer without a cast [enabled by default]</code><br />
						
            
            <a class="navhash" href="#190">#</a>
						
              <code id="190">   if( *filename == '!' ) fp = popen( filename + 1, "r" );</code><br />
						
            
            <a class="navhash" href="#191">#</a>
						
              <code id="191">                             ^</code><br />
						
            
            <a class="navhash" href="#192">#</a>
						
              <code id="192">io.c:256:11: warning: assignment makes pointer from integer without a cast [enabled by default]</code><br />
						
            
            <a class="navhash" href="#193">#</a>
						
              <code id="193">   else fp = fopen( strip_escapes( filename ), "r" );</code><br />
						
            
            <a class="navhash" href="#194">#</a>
						
              <code id="194">           ^</code><br />
						
            
            <a class="navhash" href="#195">#</a>
						
              <code id="195">io.c:259:30: error: 'errno' undeclared (first use in this function)</code><br />
						
            
            <a class="navhash" href="#196">#</a>
						
              <code id="196">     show_strerror( filename, errno );</code><br />
						
            
            <a class="navhash" href="#197">#</a>
						
              <code id="197">                              ^</code><br />
						
            
            <a class="navhash" href="#198">#</a>
						
              <code id="198">io.c:272:21: warning: incompatible implicit declaration of built-in function 'fprintf' [enabled by default]</code><br />
						
            
            <a class="navhash" href="#199">#</a>
						
              <code id="199">   if( !scripted() ) fprintf( stderr, "%lu\n", size );</code><br />
						
            
            <a class="navhash" href="#200">#</a>
						
              <code id="200">                     ^</code><br />
						
            
            <a class="navhash" href="#201">#</a>
						
              <code id="201">io.c:272:30: error: 'stderr' undeclared (first use in this function)</code><br />
						
            
            <a class="navhash" href="#202">#</a>
						
              <code id="202">   if( !scripted() ) fprintf( stderr, "%lu\n", size );</code><br />
						
            
            <a class="navhash" href="#203">#</a>
						
              <code id="203">                              ^</code><br />
						
            
            <a class="navhash" href="#204">#</a>
						
              <code id="204">buffer.c: In function 'dup_line_node':</code><br />
						
            
            <a class="navhash" href="#205">#</a>
						
              <code id="205">buffer.c:95:33: warning: incompatible implicit declaration of built-in function 'malloc' [enabled by default]</code><br />
						
            
            <a class="navhash" href="#206">#</a>
						
              <code id="206">   line_t * const p = (line_t *) malloc( sizeof (line_t) );</code><br />
						
            
            <a class="navhash" href="#207">#</a>
						
              <code id="207">                                 ^</code><br />
						
            
            <a class="navhash" href="#208">#</a>
						
              <code id="208">io.c: At top level:</code><br />
						
            
            <a class="navhash" href="#209">#</a>
						<span class="error">
              <code id="209">io.c:278:27: error: unknown type name 'FILE'</code><br />
						</span>
            
            <a class="navhash" href="#210">#</a>
						
              <code id="210"> static long write_stream( FILE * const fp, int from, const int to )</code><br />
						
            
            <a class="navhash" href="#211">#</a>
						
              <code id="211">                           ^</code><br />
						
            
            <a class="navhash" href="#212">#</a>
						
              <code id="212">buffer.c:98:23: error: 'errno' undeclared (first use in this function)</code><br />
						
            
            <a class="navhash" href="#213">#</a>
						
              <code id="213">     show_strerror( 0, errno );</code><br />
						
            
            <a class="navhash" href="#214">#</a>
						
              <code id="214">                       ^</code><br />
						
            
            <a class="navhash" href="#215">#</a>
						
              <code id="215">buffer.c:98:23: note: each undeclared identifier is reported only once for each function it appears in</code><br />
						
            
            <a class="navhash" href="#216">#</a>
						
              <code id="216">io.c: In function 'write_file':</code><br />
						
            
            <a class="navhash" href="#217">#</a>
						<span class="error">
              <code id="217">io.c:309:3: error: unknown type name 'FILE'</code><br />
						</span>
            
            <a class="navhash" href="#218">#</a>
						
              <code id="218">   FILE * fp;</code><br />
						
            
            <a class="navhash" href="#219">#</a>
						
              <code id="219">   ^</code><br />
						
            
            <a class="navhash" href="#220">#</a>
						
              <code id="220">io.c:313:29: warning: assignment makes pointer from integer without a cast [enabled by default]</code><br />
						
            
            <a class="navhash" href="#221">#</a>
						
              <code id="221">   if( *filename == '!' ) fp = popen( filename + 1, "w" );</code><br />
						
            
            <a class="navhash" href="#222">#</a>
						
              <code id="222">                             ^</code><br />
						
            
            <a class="navhash" href="#223">#</a>
						
              <code id="223">buffer.c: In function 'append_lines':</code><br />
						
            
            <a class="navhash" href="#224">#</a>
						
              <code id="224">buffer.c:124:21: error: 'stdin' undeclared (first use in this function)</code><br />
						
            
            <a class="navhash" href="#225">#</a>
						
              <code id="225">         { clearerr( stdin ); return ( size == 0 ); }</code><br />
						
            
            <a class="navhash" href="#226">#</a>
						
              <code id="226">                     ^</code><br />
						
            
            <a class="navhash" href="#227">#</a>
						
              <code id="227">io.c:314:11: warning: assignment makes pointer from integer without a cast [enabled by default]</code><br />
						
            
            <a class="navhash" href="#228">#</a>
						
              <code id="228">   else fp = fopen( strip_escapes( filename ), mode );</code><br />
						
            
            <a class="navhash" href="#229">#</a>
						
              <code id="229">           ^</code><br />
						
            
            <a class="navhash" href="#230">#</a>
						
              <code id="230">io.c:317:30: error: 'errno' undeclared (first use in this function)</code><br />
						
            
            <a class="navhash" href="#231">#</a>
						
              <code id="231">     show_strerror( filename, errno );</code><br />
						
            
            <a class="navhash" href="#232">#</a>
						
              <code id="232">                              ^</code><br />
						
            
            <a class="navhash" href="#233">#</a>
						
              <code id="233">io.c:330:21: warning: incompatible implicit declaration of built-in function 'fprintf' [enabled by default]</code><br />
						
            
            <a class="navhash" href="#234">#</a>
						
              <code id="234">   if( !scripted() ) fprintf( stderr, "%lu\n", size );</code><br />
						
            
            <a class="navhash" href="#235">#</a>
						
              <code id="235">                     ^</code><br />
						
            
            <a class="navhash" href="#236">#</a>
						
              <code id="236">buffer.c: In function 'clear_yank_buffer':</code><br />
						
            
            <a class="navhash" href="#237">#</a>
						
              <code id="237">io.c:330:30: error: 'stderr' undeclared (first use in this function)</code><br />
						
            
            <a class="navhash" href="#238">#</a>
						
              <code id="238">   if( !scripted() ) fprintf( stderr, "%lu\n", size );</code><br />
						
            
            <a class="navhash" href="#239">#</a>
						
              <code id="239">                              ^</code><br />
						
            
            <a class="navhash" href="#240">#</a>
						
              <code id="240">buffer.c:157:5: warning: incompatible implicit declaration of built-in function 'free' [enabled by default]</code><br />
						
            
            <a class="navhash" href="#241">#</a>
						
              <code id="241">     free( lp );</code><br />
						
            
            <a class="navhash" href="#242">#</a>
						
              <code id="242">     ^</code><br />
						
            
            <a class="navhash" href="#243">#</a>
						
              <code id="243">buffer.c: In function 'close_sbuf':</code><br />
						
            
            <a class="navhash" href="#244">#</a>
						
              <code id="244">buffer.c:173:25: error: 'errno' undeclared (first use in this function)</code><br />
						
            
            <a class="navhash" href="#245">#</a>
						
              <code id="245">       show_strerror( 0, errno );</code><br />
						
            
            <a class="navhash" href="#246">#</a>
						
              <code id="246">                         ^</code><br />
						
            
            <a class="navhash" href="#247">#</a>
						
              <code id="247">buffer.c: In function 'get_sbuf_line':</code><br />
						
            
            <a class="navhash" href="#248">#</a>
						
              <code id="248">buffer.c:266:28: error: 'SEEK_SET' undeclared (first use in this function)</code><br />
						
            
            <a class="navhash" href="#249">#</a>
						
              <code id="249">     if( fseek( sfp, sfpos, SEEK_SET ) != 0 )</code><br />
						
            
            <a class="navhash" href="#250">#</a>
						
              <code id="250">                            ^</code><br />
						
            
            <a class="navhash" href="#251">#</a>
						
              <code id="251">buffer.c:268:25: error: 'errno' undeclared (first use in this function)</code><br />
						
            
            <a class="navhash" href="#252">#</a>
						
              <code id="252">       show_strerror( 0, errno );</code><br />
						
            
            <a class="navhash" href="#253">#</a>
						
              <code id="253">                         ^</code><br />
						
            
            <a class="navhash" href="#254">#</a>
						
              <code id="254">buffer.c: In function 'init_buffers':</code><br />
						
            
            <a class="navhash" href="#255">#</a>
						
              <code id="255">buffer.c:296:12: error: 'stdin' undeclared (first use in this function)</code><br />
						
            
            <a class="navhash" href="#256">#</a>
						
              <code id="256">   setvbuf( stdin, 0, _IONBF, 0 );</code><br />
						
            
            <a class="navhash" href="#257">#</a>
						
              <code id="257">            ^</code><br />
						
            
            <a class="navhash" href="#258">#</a>
						
              <code id="258">buffer.c:296:22: error: '_IONBF' undeclared (first use in this function)</code><br />
						
            
            <a class="navhash" href="#259">#</a>
						
              <code id="259">   setvbuf( stdin, 0, _IONBF, 0 );</code><br />
						
            
            <a class="navhash" href="#260">#</a>
						
              <code id="260">                      ^</code><br />
						
            
            <a class="navhash" href="#261">#</a>
						
              <code id="261">buffer.c: In function 'join_lines':</code><br />
						
            
            <a class="navhash" href="#262">#</a>
						
              <code id="262">buffer.c:317:5: warning: incompatible implicit declaration of built-in function 'memcpy' [enabled by default]</code><br />
						
            
            <a class="navhash" href="#263">#</a>
						
              <code id="263">     memcpy( buf + size, s, bp->len );</code><br />
						
            
            <a class="navhash" href="#264">#</a>
						
              <code id="264">     ^</code><br />
						
            
            <a class="navhash" href="#265">#</a>
						
              <code id="265">buffer.c: In function 'open_sbuf':</code><br />
						
            
            <a class="navhash" href="#266">#</a>
						
              <code id="266">buffer.c:385:7: warning: assignment makes pointer from integer without a cast [enabled by default]</code><br />
						
            
            <a class="navhash" href="#267">#</a>
						
              <code id="267">   sfp = tmpfile();</code><br />
						
            
            <a class="navhash" href="#268">#</a>
						
              <code id="268">       ^</code><br />
						
            
            <a class="navhash" href="#269">#</a>
						
              <code id="269">buffer.c:388:23: error: 'errno' undeclared (first use in this function)</code><br />
						
            
            <a class="navhash" href="#270">#</a>
						
              <code id="270">     show_strerror( 0, errno );</code><br />
						
            
            <a class="navhash" href="#271">#</a>
						
              <code id="271">                       ^</code><br />
						
            
            <a class="navhash" href="#272">#</a>
						
              <code id="272">buffer.c: In function 'path_max':</code><br />
						
            
            <a class="navhash" href="#273">#</a>
						
              <code id="273">buffer.c:400:3: error: 'errno' undeclared (first use in this function)</code><br />
						
            
            <a class="navhash" href="#274">#</a>
						
              <code id="274">   errno = 0;</code><br />
						
            
            <a class="navhash" href="#275">#</a>
						
              <code id="275">   ^</code><br />
						
            
            <a class="navhash" href="#276">#</a>
						
              <code id="276">buffer.c:401:32: error: '_PC_PATH_MAX' undeclared (first use in this function)</code><br />
						
            
            <a class="navhash" href="#277">#</a>
						
              <code id="277">   result = pathconf( filename, _PC_PATH_MAX );</code><br />
						
            
            <a class="navhash" href="#278">#</a>
						
              <code id="278">                                ^</code><br />
						
            
            <a class="navhash" href="#279">#</a>
						
              <code id="279">buffer.c: In function 'put_sbuf_line':</code><br />
						
            
            <a class="navhash" href="#280">#</a>
						
              <code id="280">buffer.c:442:41: warning: incompatible implicit declaration of built-in function 'memchr' [enabled by default]</code><br />
						
            
            <a class="navhash" href="#281">#</a>
						
              <code id="281">   const char * const p = (const char *) memchr( buf, '\n', size );</code><br />
						
            
            <a class="navhash" href="#282">#</a>
						
              <code id="282">                                         ^</code><br />
						
            
            <a class="navhash" href="#283">#</a>
						
              <code id="283">buffer.c:451:25: error: 'SEEK_END' undeclared (first use in this function)</code><br />
						
            
            <a class="navhash" href="#284">#</a>
						
              <code id="284">     if( fseek( sfp, 0L, SEEK_END ) != 0 )</code><br />
						
            
            <a class="navhash" href="#285">#</a>
						
              <code id="285">                         ^</code><br />
						
            
            <a class="navhash" href="#286">#</a>
						
              <code id="286">buffer.c:453:25: error: 'errno' undeclared (first use in this function)</code><br />
						
            
            <a class="navhash" href="#287">#</a>
						
              <code id="287">       show_strerror( 0, errno );</code><br />
						
            
            <a class="navhash" href="#288">#</a>
						
              <code id="288">                         ^</code><br />
						
            
            <a class="navhash" href="#289">#</a>
						
              <code id="289">buffer.c:460:12: warning: incompatible implicit declaration of built-in function 'fwrite' [enabled by default]</code><br />
						
            
            <a class="navhash" href="#290">#</a>
						
              <code id="290">   if( (int)fwrite( buf, 1, len, sfp ) != len ) /* assert: interrupts disabled */</code><br />
						
            
            <a class="navhash" href="#291">#</a>
						
              <code id="291">            ^</code><br />
						
            
            <a class="navhash" href="#292">#</a>
						
              <code id="292">make: *** [Makefile:54: io.o] Error 1</code><br />
						
            
            <a class="navhash" href="#293">#</a>
						
              <code id="293">buffer.c: In function 'clear_undo_stack':</code><br />
						
            
            <a class="navhash" href="#294">#</a>
						
              <code id="294">buffer.c:545:9: warning: incompatible implicit declaration of built-in function 'free' [enabled by default]</code><br />
						
            
            <a class="navhash" href="#295">#</a>
						
              <code id="295">         free( bp );</code><br />
						
            
            <a class="navhash" href="#296">#</a>
						
              <code id="296">         ^</code><br />
						
            
            <a class="navhash" href="#297">#</a>
						
              <code id="297">buffer.c: In function 'push_undo_atom':</code><br />
						
            
            <a class="navhash" href="#298">#</a>
						
              <code id="298">buffer.c:570:23: error: 'errno' undeclared (first use in this function)</code><br />
						
            
            <a class="navhash" href="#299">#</a>
						
              <code id="299">     show_strerror( 0, errno );</code><br />
						
            
            <a class="navhash" href="#300">#</a>
						
              <code id="300">                       ^</code><br />
						
            
            <a class="navhash" href="#301">#</a>
						
              <code id="301">buffer.c:575:7: warning: incompatible implicit declaration of built-in function 'free' [enabled by default]</code><br />
						
            
            <a class="navhash" href="#302">#</a>
						
              <code id="302">       free( ustack );</code><br />
						
            
            <a class="navhash" href="#303">#</a>
						
              <code id="303">       ^</code><br />
						
            
            <a class="navhash" href="#304">#</a>
						
              <code id="304">make: *** [Makefile:54: buffer.o] Error 1</code><br />
						
            
            <a class="navhash" href="#305">#</a>
						
              <code id="305">==> ERROR: A failure occurred in build().</code><br />
						
            
            <a class="navhash" href="#306">#</a>
						
              <code id="306">    Aborting...</code><br />
						
            
          </div>
        
      </div>
      <br />
    
  </body>
</html>