<!DOCTYPE html>
<html>
<!-- Jinja template for reports of individual builds

  Copyright 2016 Kareem Khazem. All Rights Reserved.
  Licensed under the Apache License, Version 2.0 (the "License");
  you may not use this file except in compliance with the License.
  You may obtain a copy of the License at

 		 http://www.apache.org/licenses/LICENSE-2.0

  Unless required by applicable law or agreed to in writing, software
  distributed under the License is distributed on an "AS IS" BASIS,
  WITHOUT WARRANTIES OR CONDITIONS OF ANY KIND, either express or
  implied.
  See the License for the specific language governing permissions and
  limitations under the License.
-->
  <head>
    <meta charset="UTF-8">
    <title>android/foremost</title>
    <link href='https://fonts.googleapis.com/css?family=Roboto:400,900'
          rel='stylesheet' type='text/css'>
    <link
    href='https://fonts.googleapis.com/css?family=Source+Code+Pro:400,700'
          rel='stylesheet' type='text/css'>
    <link href="../style.css" type="text/css" rel="stylesheet">
  </head>
  <body>
    <h1>Build of foremost
        with <a href="../index.html">android</a>
        toolchain</h1>
    <p>The build took 00h 01m 10s and was
    NOT successful.</p>
    <p>
    The program in this build is written in the following languages,
    according to <a
    href="http://www.dwheeler.com/sloccount/">sloccount</a>:
    </p>
    <table>
      <tr><th>SLOC</th><th>Language</th></tr>
      
      <tr><td class="loc"><code>5,319</code></td>
          <td class="lang">ansic</td></tr>
      <tr><td class="loc"><code>99</code></td>
          <td class="lang">makefile</td></tr>
      <tr><td><code>5,418</code></td>
          <td><em>total</em></td></tr>
    </table>
    <p>
      The process tree of the build process is <a
      href="foremost-tree.html">here</a>.
    </p>
    
    
    
    
    
    <h2>List of Errors</h2>
    <ul>
      
      <li>unknown_type
        <ul>
          
          <li><a href="#84">main.h:122:12: error: unknown type name 'FILE'</a></li>
          
          <li><a href="#87">main.h:122:26: error: unknown type name 'off_t'</a></li>
          
          <li><a href="#90">main.h:123:1: error: unknown type name 'off_t'</a></li>
          
          <li><a href="#93">main.h:123:14: error: unknown type name 'FILE'</a></li>
          
          <li><a href="#99">main.h:298:3: error: unknown type name 'off_t'</a></li>
          
          <li><a href="#102">main.h:305:3: error: unknown type name 'FILE'</a></li>
          
          <li><a href="#105">main.h:320:5: error: unknown type name 'size_t'</a></li>
          
          <li><a href="#111">main.h:330:5: error: unknown type name 'size_t'</a></li>
          
          <li><a href="#114">main.h:334:5: error: unknown type name 'size_t'</a></li>
          
          <li><a href="#117">main.h:351:3: error: unknown type name 'off_t'</a></li>
          
          <li><a href="#120">main.h:355:3: error: unknown type name 'off_t'</a></li>
          
          <li><a href="#123">main.h:356:3: error: unknown type name 'off_t'</a></li>
          
          <li><a href="#126">main.h:365:3: error: unknown type name 'FILE'</a></li>
          
          <li><a href="#129">main.h:393:27: error: unknown type name 'off_t'</a></li>
          
          <li><a href="#132">main.h:394:26: error: unknown type name 'off_t'</a></li>
          
          <li><a href="#135">main.h:404:43: error: unknown type name 'size_t'</a></li>
          
          <li><a href="#138">main.h:404:72: error: unknown type name 'size_t'</a></li>
          
          <li><a href="#141">main.h:432:1: error: unknown type name 'off_t'</a></li>
          
          <li><a href="#144">main.h:432:22: error: unknown type name 'FILE'</a></li>
          
          <li><a href="#147">main.h:433:22: error: unknown type name 'off_t'</a></li>
          
          <li><a href="#150">main.h:437:51: error: unknown type name 'size_t'</a></li>
          
          <li><a href="#153">main.h:451:46: error: unknown type name 'va_list'</a></li>
          
          <li><a href="#156">main.h:457:49: error: unknown type name 'size_t'</a></li>
          
          <li><a href="#159">main.h:457:92: error: unknown type name 'size_t'</a></li>
          
          <li><a href="#162">main.h:458:2: error: unknown type name 'size_t'</a></li>
          
          <li><a href="#165">main.h:459:55: error: unknown type name 'size_t'</a></li>
          
          <li><a href="#168">main.h:459:98: error: unknown type name 'size_t'</a></li>
          
          <li><a href="#171">main.h:460:2: error: unknown type name 'size_t'</a></li>
          
          <li><a href="#238">main.c:229:2: error: unknown type name 'FILE'</a></li>
          
          <li><a href="#250">main.c:233:2: error: unknown type name 'DIR'</a></li>
          
          <li><a href="#364">main.h:122:12: error: unknown type name 'FILE'</a></li>
          
          <li><a href="#367">main.h:122:26: error: unknown type name 'off_t'</a></li>
          
          <li><a href="#370">main.h:123:1: error: unknown type name 'off_t'</a></li>
          
          <li><a href="#373">main.h:123:14: error: unknown type name 'FILE'</a></li>
          
          <li><a href="#379">main.h:298:3: error: unknown type name 'off_t'</a></li>
          
          <li><a href="#382">main.h:305:3: error: unknown type name 'FILE'</a></li>
          
          <li><a href="#385">main.h:320:5: error: unknown type name 'size_t'</a></li>
          
          <li><a href="#391">main.h:330:5: error: unknown type name 'size_t'</a></li>
          
          <li><a href="#394">main.h:334:5: error: unknown type name 'size_t'</a></li>
          
          <li><a href="#399">main.h:351:3: error: unknown type name 'off_t'</a></li>
          
          <li><a href="#402">main.h:355:3: error: unknown type name 'off_t'</a></li>
          
          <li><a href="#405">main.h:356:3: error: unknown type name 'off_t'</a></li>
          
          <li><a href="#408">main.h:365:3: error: unknown type name 'FILE'</a></li>
          
          <li><a href="#411">main.h:393:27: error: unknown type name 'off_t'</a></li>
          
          <li><a href="#415">main.h:394:26: error: unknown type name 'off_t'</a></li>
          
          <li><a href="#418">main.h:404:43: error: unknown type name 'size_t'</a></li>
          
          <li><a href="#421">main.h:404:72: error: unknown type name 'size_t'</a></li>
          
          <li><a href="#461">main.h:432:1: error: unknown type name 'off_t'</a></li>
          
          <li><a href="#476">main.h:432:22: error: unknown type name 'FILE'</a></li>
          
          <li><a href="#482">main.h:433:22: error: unknown type name 'off_t'</a></li>
          
          <li><a href="#488">main.h:122:12: error: unknown type name 'FILE'</a></li>
          
          <li><a href="#491">main.h:122:26: error: unknown type name 'off_t'</a></li>
          
          <li><a href="#494">main.h:437:51: error: unknown type name 'size_t'</a></li>
          
          <li><a href="#497">main.h:123:1: error: unknown type name 'off_t'</a></li>
          
          <li><a href="#500">main.h:123:14: error: unknown type name 'FILE'</a></li>
          
          <li><a href="#506">main.h:451:46: error: unknown type name 'va_list'</a></li>
          
          <li><a href="#509">main.h:298:3: error: unknown type name 'off_t'</a></li>
          
          <li><a href="#513">main.h:457:49: error: unknown type name 'size_t'</a></li>
          
          <li><a href="#516">main.h:305:3: error: unknown type name 'FILE'</a></li>
          
          <li><a href="#519">main.h:457:92: error: unknown type name 'size_t'</a></li>
          
          <li><a href="#522">main.h:458:2: error: unknown type name 'size_t'</a></li>
          
          <li><a href="#525">main.h:320:5: error: unknown type name 'size_t'</a></li>
          
          <li><a href="#528">main.h:459:55: error: unknown type name 'size_t'</a></li>
          
          <li><a href="#541">main.h:459:98: error: unknown type name 'size_t'</a></li>
          
          <li><a href="#553">main.h:330:5: error: unknown type name 'size_t'</a></li>
          
          <li><a href="#565">main.h:460:2: error: unknown type name 'size_t'</a></li>
          
          <li><a href="#568">main.h:334:5: error: unknown type name 'size_t'</a></li>
          
          <li><a href="#599">main.h:351:3: error: unknown type name 'off_t'</a></li>
          
          <li><a href="#608">main.h:355:3: error: unknown type name 'off_t'</a></li>
          
          <li><a href="#614">main.h:122:12: error: unknown type name 'FILE'</a></li>
          
          <li><a href="#617">main.h:356:3: error: unknown type name 'off_t'</a></li>
          
          <li><a href="#620">main.h:122:26: error: unknown type name 'off_t'</a></li>
          
          <li><a href="#627">main.h:365:3: error: unknown type name 'FILE'</a></li>
          
          <li><a href="#630">main.h:123:1: error: unknown type name 'off_t'</a></li>
          
          <li><a href="#633">main.h:123:14: error: unknown type name 'FILE'</a></li>
          
          <li><a href="#645">main.h:393:27: error: unknown type name 'off_t'</a></li>
          
          <li><a href="#651">main.h:394:26: error: unknown type name 'off_t'</a></li>
          
          <li><a href="#655">main.h:298:3: error: unknown type name 'off_t'</a></li>
          
          <li><a href="#662">main.h:404:43: error: unknown type name 'size_t'</a></li>
          
          <li><a href="#665">main.h:305:3: error: unknown type name 'FILE'</a></li>
          
          <li><a href="#668">main.h:404:72: error: unknown type name 'size_t'</a></li>
          
          <li><a href="#672">main.h:320:5: error: unknown type name 'size_t'</a></li>
          
          <li><a href="#682">main.h:432:1: error: unknown type name 'off_t'</a></li>
          
          <li><a href="#685">main.h:330:5: error: unknown type name 'size_t'</a></li>
          
          <li><a href="#688">main.h:432:22: error: unknown type name 'FILE'</a></li>
          
          <li><a href="#692">main.h:334:5: error: unknown type name 'size_t'</a></li>
          
          <li><a href="#695">main.h:433:22: error: unknown type name 'off_t'</a></li>
          
          <li><a href="#704">main.h:437:51: error: unknown type name 'size_t'</a></li>
          
          <li><a href="#710">main.h:351:3: error: unknown type name 'off_t'</a></li>
          
          <li><a href="#716">main.h:355:3: error: unknown type name 'off_t'</a></li>
          
          <li><a href="#720">main.h:451:46: error: unknown type name 'va_list'</a></li>
          
          <li><a href="#723">main.h:356:3: error: unknown type name 'off_t'</a></li>
          
          <li><a href="#729">main.h:365:3: error: unknown type name 'FILE'</a></li>
          
          <li><a href="#732">main.h:457:49: error: unknown type name 'size_t'</a></li>
          
          <li><a href="#741">main.h:457:92: error: unknown type name 'size_t'</a></li>
          
          <li><a href="#747">main.h:458:2: error: unknown type name 'size_t'</a></li>
          
          <li><a href="#750">main.h:393:27: error: unknown type name 'off_t'</a></li>
          
          <li><a href="#756">main.h:394:26: error: unknown type name 'off_t'</a></li>
          
          <li><a href="#759">main.h:459:55: error: unknown type name 'size_t'</a></li>
          
          <li><a href="#763">state.c:111:26: error: unknown type name 'off_t'</a></li>
          
          <li><a href="#766">main.h:459:98: error: unknown type name 'size_t'</a></li>
          
          <li><a href="#769">state.c:116:27: error: unknown type name 'off_t'</a></li>
          
          <li><a href="#772">main.h:404:43: error: unknown type name 'size_t'</a></li>
          
          <li><a href="#775">main.h:460:2: error: unknown type name 'size_t'</a></li>
          
          <li><a href="#778">main.h:404:72: error: unknown type name 'size_t'</a></li>
          
          <li><a href="#788">main.h:432:1: error: unknown type name 'off_t'</a></li>
          
          <li><a href="#792">main.h:432:22: error: unknown type name 'FILE'</a></li>
          
          <li><a href="#799">main.h:433:22: error: unknown type name 'off_t'</a></li>
          
          <li><a href="#805">main.h:437:51: error: unknown type name 'size_t'</a></li>
          
          <li><a href="#809">helpers.c:57:22: error: unknown type name 'off_t'</a></li>
          
          <li><a href="#819">helpers.c:83:2: error: unknown type name 'time_t'</a></li>
          
          <li><a href="#826">main.h:451:46: error: unknown type name 'va_list'</a></li>
          
          <li><a href="#839">main.h:457:49: error: unknown type name 'size_t'</a></li>
          
          <li><a href="#845">main.h:457:92: error: unknown type name 'size_t'</a></li>
          
          <li><a href="#853">main.h:458:2: error: unknown type name 'size_t'</a></li>
          
          <li><a href="#859">main.h:459:55: error: unknown type name 'size_t'</a></li>
          
          <li><a href="#869">main.h:459:98: error: unknown type name 'size_t'</a></li>
          
          <li><a href="#873">main.h:460:2: error: unknown type name 'size_t'</a></li>
          
          <li><a href="#878">state.c:187:2: error: unknown type name 'va_list'</a></li>
          
          <li><a href="#881">helpers.c:118:1: error: unknown type name 'off_t'</a></li>
          
          <li><a href="#884">helpers.c:118:22: error: unknown type name 'FILE'</a></li>
          
          <li><a href="#966">helpers.c:381:52: error: unknown type name 'size_t'</a></li>
          
          <li><a href="#1111">config.c:275:2: error: unknown type name 'FILE'</a></li>
          
          <li><a href="#1123">config.c:277:2: error: unknown type name 'off_t'</a></li>
          
          <li><a href="#1165">state.c:744:43: error: unknown type name 'size_t'</a></li>
          
          <li><a href="#1168">state.c:744:72: error: unknown type name 'size_t'</a></li>
          
        </ul>
      </li>
      
    </ul>
    
    
    <h2>Log</h2>
    <p>
    To avoid scrolling, you may jump to the <a
    href="#1175">last line</a> of the
    invocation of <code>makepkg</code> that was used to build this
    package.
    </p>
    
    
      <div class="block">
        <div class="info">
          <code>Removed vanilla repositories from pacman.conf and added:</code>
        </div>
        
          <div class="output">
            
            <a class="navhash" href="#1">#</a>
						
              <code id="1">[tuscan]</code><br />
						
            
            <a class="navhash" href="#2">#</a>
						
              <code id="2">Server = file:///var/cache/pacman/pkg/</code><br />
						
            
          </div>
        
      </div>
      <br />
    
      <div class="block">
        <div class="command">
          <code><span class="prompt">CMD: </span>pacman -Syy --noconfirm</code>
        </div>
        
          <div class="output">
            
            <a class="navhash" href="#3">#</a>
						
              <code id="3">:: Synchronizing package databases...</code><br />
						
            
            <a class="navhash" href="#4">#</a>
						
              <code id="4">downloading tuscan.db...</code><br />
						
            
          </div>
        
      </div>
      <br />
    
      <div class="block">
        <div class="info">
          <code>Copied permanent toolchain into container-local sysroot</code>
        </div>
        
          <div class="output">
            
            <a class="navhash" href="#5">#</a>
						
              <code id="5">/toolchain_root/arm-linux-androideabi  -->  /sysroot/arm-linux-androideabi</code><br />
						
            
            <a class="navhash" href="#6">#</a>
						
              <code id="6">/toolchain_root/COPYING3.LIB  -->  /sysroot/COPYING3.LIB</code><br />
						
            
            <a class="navhash" href="#7">#</a>
						
              <code id="7">/toolchain_root/sysroot  -->  /sysroot/sysroot</code><br />
						
            
            <a class="navhash" href="#8">#</a>
						
              <code id="8">/toolchain_root/COPYING.RUNTIME  -->  /sysroot/COPYING.RUNTIME</code><br />
						
            
            <a class="navhash" href="#9">#</a>
						
              <code id="9">/toolchain_root/lib  -->  /sysroot/lib</code><br />
						
            
            <a class="navhash" href="#10">#</a>
						
              <code id="10">/toolchain_root/SOURCES  -->  /sysroot/SOURCES</code><br />
						
            
            <a class="navhash" href="#11">#</a>
						
              <code id="11">/toolchain_root/lib64  -->  /sysroot/lib64</code><br />
						
            
            <a class="navhash" href="#12">#</a>
						
              <code id="12">/toolchain_root/share  -->  /sysroot/share</code><br />
						
            
            <a class="navhash" href="#13">#</a>
						
              <code id="13">/toolchain_root/bin  -->  /sysroot/bin</code><br />
						
            
            <a class="navhash" href="#14">#</a>
						
              <code id="14">/toolchain_root/COPYING  -->  /sysroot/COPYING</code><br />
						
            
            <a class="navhash" href="#15">#</a>
						
              <code id="15">/toolchain_root/COPYING3  -->  /sysroot/COPYING3</code><br />
						
            
            <a class="navhash" href="#16">#</a>
						
              <code id="16">/toolchain_root/COPYING.LIB  -->  /sysroot/COPYING.LIB</code><br />
						
            
            <a class="navhash" href="#17">#</a>
						
              <code id="17">/toolchain_root/include  -->  /sysroot/include</code><br />
						
            
            <a class="navhash" href="#18">#</a>
						
              <code id="18">/toolchain_root/libexec  -->  /sysroot/libexec</code><br />
						
            
          </div>
        
      </div>
      <br />
    
      <div class="block">
        <div class="command">
          <code><span class="prompt">CMD: </span>sudo -u tuscan PATH=/sysroot/bin:/sysroot/libexec/gcc/arm-linux-androideabi/4.8:/usr/local/sbin:/usr/local/bin:/usr/sbin:/usr/bin:/sbin:/bin CC=arm-linux-androideabi-gcc CXX=arm-linux-androideabi-g++ red makepkg --noextract --syncdeps --skipinteg --skippgpcheck --skipchecksums --noconfirm --nocolor --log --noprogressbar --nocheck</code>
        </div>
        
          <div class="output">
            
            <a class="navhash" href="#19">#</a>
						
              <code id="19">==> Making package: foremost 1.5.7-3 (Tue Apr  4 19:45:55 UTC 2017)</code><br />
						
            
            <a class="navhash" href="#20">#</a>
						
              <code id="20">==> Checking runtime dependencies...</code><br />
						
            
            <a class="navhash" href="#21">#</a>
						
              <code id="21">==> Checking buildtime dependencies...</code><br />
						
            
            <a class="navhash" href="#22">#</a>
						
              <code id="22">==> WARNING: Using existing $srcdir/ tree</code><br />
						
            
            <a class="navhash" href="#23">#</a>
						
              <code id="23">==> Starting build()...</code><br />
						
            
            <a class="navhash" href="#24">#</a>
						
              <code id="24">gcc -Wall -O2 -DVERSION=\"1.5.7\" -D__UNIX -D__LINUX -DLARGEFILE64_SOURCE -D_FILE_OFFSET_BITS=64 -c main.c</code><br />
						
            
            <a class="navhash" href="#25">#</a>
						
              <code id="25">gcc -Wall -O2 -DVERSION=\"1.5.7\" -D__UNIX -D__LINUX -DLARGEFILE64_SOURCE -D_FILE_OFFSET_BITS=64 -c state.c</code><br />
						
            
            <a class="navhash" href="#26">#</a>
						
              <code id="26">gcc -Wall -O2 -DVERSION=\"1.5.7\" -D__UNIX -D__LINUX -DLARGEFILE64_SOURCE -D_FILE_OFFSET_BITS=64 -c helpers.c</code><br />
						
            
            <a class="navhash" href="#27">#</a>
						
              <code id="27">gcc -Wall -O2 -DVERSION=\"1.5.7\" -D__UNIX -D__LINUX -DLARGEFILE64_SOURCE -D_FILE_OFFSET_BITS=64 -c config.c</code><br />
						
            
            <a class="navhash" href="#28">#</a>
						
              <code id="28">cc1: error: no include path in which to search for stdc-predef.h</code><br />
						
            
            <a class="navhash" href="#29">#</a>
						
              <code id="29">In file included from main.c:17:0:</code><br />
						
            
            <a class="navhash" href="#30">#</a>
						
              <code id="30">main.h:33:19: error: no include path in which to search for stdio.h</code><br />
						
            
            <a class="navhash" href="#31">#</a>
						
              <code id="31"> #include <stdio.h></code><br />
						
            
            <a class="navhash" href="#32">#</a>
						
              <code id="32">                   ^</code><br />
						
            
            <a class="navhash" href="#33">#</a>
						
              <code id="33">main.h:34:20: error: no include path in which to search for stdlib.h</code><br />
						
            
            <a class="navhash" href="#34">#</a>
						
              <code id="34"> #include <stdlib.h></code><br />
						
            
            <a class="navhash" href="#35">#</a>
						
              <code id="35">                    ^</code><br />
						
            
            <a class="navhash" href="#36">#</a>
						
              <code id="36">main.h:35:20: error: no include path in which to search for limits.h</code><br />
						
            
            <a class="navhash" href="#37">#</a>
						
              <code id="37"> #include <limits.h></code><br />
						
            
            <a class="navhash" href="#38">#</a>
						
              <code id="38">                    ^</code><br />
						
            
            <a class="navhash" href="#39">#</a>
						
              <code id="39">main.h:36:20: error: no include path in which to search for dirent.h</code><br />
						
            
            <a class="navhash" href="#40">#</a>
						
              <code id="40"> #include <dirent.h></code><br />
						
            
            <a class="navhash" href="#41">#</a>
						
              <code id="41">                    ^</code><br />
						
            
            <a class="navhash" href="#42">#</a>
						
              <code id="42">main.h:37:19: error: no include path in which to search for errno.h</code><br />
						
            
            <a class="navhash" href="#43">#</a>
						
              <code id="43"> #include <errno.h></code><br />
						
            
            <a class="navhash" href="#44">#</a>
						
              <code id="44">                   ^</code><br />
						
            
            <a class="navhash" href="#45">#</a>
						
              <code id="45">main.h:38:20: error: no include path in which to search for string.h</code><br />
						
            
            <a class="navhash" href="#46">#</a>
						
              <code id="46"> #include <string.h></code><br />
						
            
            <a class="navhash" href="#47">#</a>
						
              <code id="47">                    ^</code><br />
						
            
            <a class="navhash" href="#48">#</a>
						
              <code id="48">main.h:39:20: error: no include path in which to search for unistd.h</code><br />
						
            
            <a class="navhash" href="#49">#</a>
						
              <code id="49"> #include <unistd.h></code><br />
						
            
            <a class="navhash" href="#50">#</a>
						
              <code id="50">                    ^</code><br />
						
            
            <a class="navhash" href="#51">#</a>
						
              <code id="51">main.h:40:18: error: no include path in which to search for time.h</code><br />
						
            
            <a class="navhash" href="#52">#</a>
						
              <code id="52"> #include <time.h></code><br />
						
            
            <a class="navhash" href="#53">#</a>
						
              <code id="53">                  ^</code><br />
						
            
            <a class="navhash" href="#54">#</a>
						
              <code id="54">main.h:41:18: error: no include path in which to search for math.h</code><br />
						
            
            <a class="navhash" href="#55">#</a>
						
              <code id="55"> #include <math.h></code><br />
						
            
            <a class="navhash" href="#56">#</a>
						
              <code id="56">                  ^</code><br />
						
            
            <a class="navhash" href="#57">#</a>
						
              <code id="57">main.h:42:19: error: no include path in which to search for ctype.h</code><br />
						
            
            <a class="navhash" href="#58">#</a>
						
              <code id="58"> #include <ctype.h></code><br />
						
            
            <a class="navhash" href="#59">#</a>
						
              <code id="59">                   ^</code><br />
						
            
            <a class="navhash" href="#60">#</a>
						
              <code id="60">main.h:43:22: error: no include path in which to search for sys/stat.h</code><br />
						
            
            <a class="navhash" href="#61">#</a>
						
              <code id="61"> #include <sys/stat.h></code><br />
						
            
            <a class="navhash" href="#62">#</a>
						
              <code id="62">                      ^</code><br />
						
            
            <a class="navhash" href="#63">#</a>
						
              <code id="63">main.h:44:23: error: no include path in which to search for sys/types.h</code><br />
						
            
            <a class="navhash" href="#64">#</a>
						
              <code id="64"> #include <sys/types.h></code><br />
						
            
            <a class="navhash" href="#65">#</a>
						
              <code id="65">                       ^</code><br />
						
            
            <a class="navhash" href="#66">#</a>
						
              <code id="66">main.h:45:20: error: no include path in which to search for signal.h</code><br />
						
            
            <a class="navhash" href="#67">#</a>
						
              <code id="67"> #include <signal.h></code><br />
						
            
            <a class="navhash" href="#68">#</a>
						
              <code id="68">                    ^</code><br />
						
            
            <a class="navhash" href="#69">#</a>
						
              <code id="69">main.h:48:20: error: no include path in which to search for stdarg.h</code><br />
						
            
            <a class="navhash" href="#70">#</a>
						
              <code id="70"> #include <stdarg.h></code><br />
						
            
            <a class="navhash" href="#71">#</a>
						
              <code id="71">                    ^</code><br />
						
            
            <a class="navhash" href="#72">#</a>
						
              <code id="72">main.h:51:23: error: no include path in which to search for sys/ioctl.h</code><br />
						
            
            <a class="navhash" href="#73">#</a>
						
              <code id="73"> #include <sys/ioctl.h></code><br />
						
            
            <a class="navhash" href="#74">#</a>
						
              <code id="74">                       ^</code><br />
						
            
            <a class="navhash" href="#75">#</a>
						
              <code id="75">main.h:52:23: error: no include path in which to search for sys/mount.h</code><br />
						
            
            <a class="navhash" href="#76">#</a>
						
              <code id="76"> #include <sys/mount.h></code><br />
						
            
            <a class="navhash" href="#77">#</a>
						
              <code id="77">                       ^</code><br />
						
            
            <a class="navhash" href="#78">#</a>
						
              <code id="78">main.h:62:20: error: no include path in which to search for endian.h</code><br />
						
            
            <a class="navhash" href="#79">#</a>
						
              <code id="79"> #include <endian.h></code><br />
						
            
            <a class="navhash" href="#80">#</a>
						
              <code id="80">                    ^</code><br />
						
            
            <a class="navhash" href="#81">#</a>
						
              <code id="81">main.h:111:20: error: no include path in which to search for libgen.h</code><br />
						
            
            <a class="navhash" href="#82">#</a>
						
              <code id="82"> #include <libgen.h></code><br />
						
            
            <a class="navhash" href="#83">#</a>
						
              <code id="83">                    ^</code><br />
						
            
            <a class="navhash" href="#84">#</a>
						<span class="error">
              <code id="84">main.h:122:12: error: unknown type name 'FILE'</code><br />
						</span>
            
            <a class="navhash" href="#85">#</a>
						
              <code id="85"> int fseeko(FILE *stream, off_t offset, int whence);</code><br />
						
            
            <a class="navhash" href="#86">#</a>
						
              <code id="86">            ^</code><br />
						
            
            <a class="navhash" href="#87">#</a>
						<span class="error">
              <code id="87">main.h:122:26: error: unknown type name 'off_t'</code><br />
						</span>
            
            <a class="navhash" href="#88">#</a>
						
              <code id="88"> int fseeko(FILE *stream, off_t offset, int whence);</code><br />
						
            
            <a class="navhash" href="#89">#</a>
						
              <code id="89">                          ^</code><br />
						
            
            <a class="navhash" href="#90">#</a>
						<span class="error">
              <code id="90">main.h:123:1: error: unknown type name 'off_t'</code><br />
						</span>
            
            <a class="navhash" href="#91">#</a>
						
              <code id="91"> off_t ftello(FILE *stream);</code><br />
						
            
            <a class="navhash" href="#92">#</a>
						
              <code id="92"> ^</code><br />
						
            
            <a class="navhash" href="#93">#</a>
						<span class="error">
              <code id="93">main.h:123:14: error: unknown type name 'FILE'</code><br />
						</span>
            
            <a class="navhash" href="#94">#</a>
						
              <code id="94"> off_t ftello(FILE *stream);</code><br />
						
            
            <a class="navhash" href="#95">#</a>
						
              <code id="95">              ^</code><br />
						
            
            <a class="navhash" href="#96">#</a>
						
              <code id="96">main.h:137:19: error: no include path in which to search for fcntl.h</code><br />
						
            
            <a class="navhash" href="#97">#</a>
						
              <code id="97"> #include <fcntl.h></code><br />
						
            
            <a class="navhash" href="#98">#</a>
						
              <code id="98">                   ^</code><br />
						
            
            <a class="navhash" href="#99">#</a>
						<span class="error">
              <code id="99">main.h:298:3: error: unknown type name 'off_t'</code><br />
						</span>
            
            <a class="navhash" href="#100">#</a>
						
              <code id="100">   off_t mode;</code><br />
						
            
            <a class="navhash" href="#101">#</a>
						
              <code id="101">   ^</code><br />
						
            
            <a class="navhash" href="#102">#</a>
						<span class="error">
              <code id="102">main.h:305:3: error: unknown type name 'FILE'</code><br />
						</span>
            
            <a class="navhash" href="#103">#</a>
						
              <code id="103">   FILE *audit_file;</code><br />
						
            
            <a class="navhash" href="#104">#</a>
						
              <code id="104">   ^</code><br />
						
            
            <a class="navhash" href="#105">#</a>
						<span class="error">
              <code id="105">main.h:320:5: error: unknown type name 'size_t'</code><br />
						</span>
            
            <a class="navhash" href="#106">#</a>
						
              <code id="106">     size_t marker_bm_table[UCHAR_MAX+1];</code><br />
						
            
            <a class="navhash" href="#107">#</a>
						
              <code id="107">     ^</code><br />
						
            
            <a class="navhash" href="#108">#</a>
						
              <code id="108">main.h:320:28: error: 'UCHAR_MAX' undeclared here (not in a function)</code><br />
						
            
            <a class="navhash" href="#109">#</a>
						
              <code id="109">     size_t marker_bm_table[UCHAR_MAX+1];</code><br />
						
            
            <a class="navhash" href="#110">#</a>
						
              <code id="110">                            ^</code><br />
						
            
            <a class="navhash" href="#111">#</a>
						<span class="error">
              <code id="111">main.h:330:5: error: unknown type name 'size_t'</code><br />
						</span>
            
            <a class="navhash" href="#112">#</a>
						
              <code id="112">     size_t header_bm_table[UCHAR_MAX+1];</code><br />
						
            
            <a class="navhash" href="#113">#</a>
						
              <code id="113">     ^</code><br />
						
            
            <a class="navhash" href="#114">#</a>
						<span class="error">
              <code id="114">main.h:334:5: error: unknown type name 'size_t'</code><br />
						</span>
            
            <a class="navhash" href="#115">#</a>
						
              <code id="115">     size_t footer_bm_table[UCHAR_MAX+1];</code><br />
						
            
            <a class="navhash" href="#116">#</a>
						
              <code id="116">     ^</code><br />
						
            
            <a class="navhash" href="#117">#</a>
						<span class="error">
              <code id="117">main.h:351:3: error: unknown type name 'off_t'</code><br />
						</span>
            
            <a class="navhash" href="#118">#</a>
						
              <code id="118">   off_t total_bytes;</code><br />
						
            
            <a class="navhash" href="#119">#</a>
						
              <code id="119">   ^</code><br />
						
            
            <a class="navhash" href="#120">#</a>
						<span class="error">
              <code id="120">main.h:355:3: error: unknown type name 'off_t'</code><br />
						</span>
            
            <a class="navhash" href="#121">#</a>
						
              <code id="121">   off_t total_megs;</code><br />
						
            
            <a class="navhash" href="#122">#</a>
						
              <code id="122">   ^</code><br />
						
            
            <a class="navhash" href="#123">#</a>
						<span class="error">
              <code id="123">main.h:356:3: error: unknown type name 'off_t'</code><br />
						</span>
            
            <a class="navhash" href="#124">#</a>
						
              <code id="124">   off_t bytes_read;</code><br />
						
            
            <a class="navhash" href="#125">#</a>
						
              <code id="125">   ^</code><br />
						
            
            <a class="navhash" href="#126">#</a>
						<span class="error">
              <code id="126">main.h:365:3: error: unknown type name 'FILE'</code><br />
						</span>
            
            <a class="navhash" href="#127">#</a>
						
              <code id="127">   FILE *handle;</code><br />
						
            
            <a class="navhash" href="#128">#</a>
						
              <code id="128">   ^</code><br />
						
            
            <a class="navhash" href="#129">#</a>
						<span class="error">
              <code id="129">main.h:393:27: error: unknown type name 'off_t'</code><br />
						</span>
            
            <a class="navhash" href="#130">#</a>
						
              <code id="130"> void set_mode(f_state *s, off_t new_mode);</code><br />
						
            
            <a class="navhash" href="#131">#</a>
						
              <code id="131">                           ^</code><br />
						
            
            <a class="navhash" href="#132">#</a>
						<span class="error">
              <code id="132">main.h:394:26: error: unknown type name 'off_t'</code><br />
						</span>
            
            <a class="navhash" href="#133">#</a>
						
              <code id="133"> int get_mode(f_state *s, off_t check_mode);</code><br />
						
            
            <a class="navhash" href="#134">#</a>
						
              <code id="134">                          ^</code><br />
						
            
            <a class="navhash" href="#135">#</a>
						<span class="error">
              <code id="135">main.h:404:43: error: unknown type name 'size_t'</code><br />
						</span>
            
            <a class="navhash" href="#136">#</a>
						
              <code id="136"> void init_bm_table(unsigned char *needle, size_t table[UCHAR_MAX + 1], size_t len, int casesensitive,int searchtype);</code><br />
						
            
            <a class="navhash" href="#137">#</a>
						
              <code id="137">                                           ^</code><br />
						
            
            <a class="navhash" href="#138">#</a>
						<span class="error">
              <code id="138">main.h:404:72: error: unknown type name 'size_t'</code><br />
						</span>
            
            <a class="navhash" href="#139">#</a>
						
              <code id="139"> void init_bm_table(unsigned char *needle, size_t table[UCHAR_MAX + 1], size_t len, int casesensitive,int searchtype);</code><br />
						
            
            <a class="navhash" href="#140">#</a>
						
              <code id="140">                                                                        ^</code><br />
						
            
            <a class="navhash" href="#141">#</a>
						<span class="error">
              <code id="141">main.h:432:1: error: unknown type name 'off_t'</code><br />
						</span>
            
            <a class="navhash" href="#142">#</a>
						
              <code id="142"> off_t find_file_size(FILE *f);</code><br />
						
            
            <a class="navhash" href="#143">#</a>
						
              <code id="143"> ^</code><br />
						
            
            <a class="navhash" href="#144">#</a>
						<span class="error">
              <code id="144">main.h:432:22: error: unknown type name 'FILE'</code><br />
						</span>
            
            <a class="navhash" href="#145">#</a>
						
              <code id="145"> off_t find_file_size(FILE *f);</code><br />
						
            
            <a class="navhash" href="#146">#</a>
						
              <code id="146">                      ^</code><br />
						
            
            <a class="navhash" href="#147">#</a>
						<span class="error">
              <code id="147">main.h:433:22: error: unknown type name 'off_t'</code><br />
						</span>
            
            <a class="navhash" href="#148">#</a>
						
              <code id="148"> char *human_readable(off_t size, char *buffer);</code><br />
						
            
            <a class="navhash" href="#149">#</a>
						
              <code id="149">                      ^</code><br />
						
            
            <a class="navhash" href="#150">#</a>
						<span class="error">
              <code id="150">main.h:437:51: error: unknown type name 'size_t'</code><br />
						</span>
            
            <a class="navhash" href="#151">#</a>
						
              <code id="151"> int memwildcardcmp(const void *s1, const void *s2,size_t n,int caseSensitive);</code><br />
						
            
            <a class="navhash" href="#152">#</a>
						
              <code id="152">                                                   ^</code><br />
						
            
            <a class="navhash" href="#153">#</a>
						<span class="error">
              <code id="153">main.h:451:46: error: unknown type name 'va_list'</code><br />
						</span>
            
            <a class="navhash" href="#154">#</a>
						
              <code id="154"> void print_message(f_state *s, char *format, va_list argp);</code><br />
						
            
            <a class="navhash" href="#155">#</a>
						
              <code id="155">                                              ^</code><br />
						
            
            <a class="navhash" href="#156">#</a>
						<span class="error">
              <code id="156">main.h:457:49: error: unknown type name 'size_t'</code><br />
						</span>
            
            <a class="navhash" href="#157">#</a>
						
              <code id="157"> unsigned char *bm_search(unsigned char *needle, size_t needle_len,unsigned char *haystack, size_t haystack_len,</code><br />
						
            
            <a class="navhash" href="#158">#</a>
						
              <code id="158">                                                 ^</code><br />
						
            
            <a class="navhash" href="#159">#</a>
						<span class="error">
              <code id="159">main.h:457:92: error: unknown type name 'size_t'</code><br />
						</span>
            
            <a class="navhash" href="#160">#</a>
						
              <code id="160"> unsigned char *bm_search(unsigned char *needle, size_t needle_len,unsigned char *haystack, size_t haystack_len,</code><br />
						
            
            <a class="navhash" href="#161">#</a>
						
              <code id="161">                                                                                            ^</code><br />
						
            
            <a class="navhash" href="#162">#</a>
						<span class="error">
              <code id="162">main.h:458:2: error: unknown type name 'size_t'</code><br />
						</span>
            
            <a class="navhash" href="#163">#</a>
						
              <code id="163">  size_t table[UCHAR_MAX + 1], int case_sen,int searchtype);</code><br />
						
            
            <a class="navhash" href="#164">#</a>
						
              <code id="164">  ^</code><br />
						
            
            <a class="navhash" href="#165">#</a>
						<span class="error">
              <code id="165">main.h:459:55: error: unknown type name 'size_t'</code><br />
						</span>
            
            <a class="navhash" href="#166">#</a>
						
              <code id="166"> unsigned char *bm_search_skipn(unsigned char *needle, size_t needle_len,unsigned char *haystack, size_t haystack_len,</code><br />
						
            
            <a class="navhash" href="#167">#</a>
						
              <code id="167">                                                       ^</code><br />
						
            
            <a class="navhash" href="#168">#</a>
						<span class="error">
              <code id="168">main.h:459:98: error: unknown type name 'size_t'</code><br />
						</span>
            
            <a class="navhash" href="#169">#</a>
						
              <code id="169"> unsigned char *bm_search_skipn(unsigned char *needle, size_t needle_len,unsigned char *haystack, size_t haystack_len,</code><br />
						
            
            <a class="navhash" href="#170">#</a>
						
              <code id="170">                                                                                                  ^</code><br />
						
            
            <a class="navhash" href="#171">#</a>
						<span class="error">
              <code id="171">main.h:460:2: error: unknown type name 'size_t'</code><br />
						</span>
            
            <a class="navhash" href="#172">#</a>
						
              <code id="172">  size_t table[UCHAR_MAX + 1], int casesensitive,int searchtype, int start_pos) ; </code><br />
						
            
            <a class="navhash" href="#173">#</a>
						
              <code id="173">  ^</code><br />
						
            
            <a class="navhash" href="#174">#</a>
						
              <code id="174">main.c: In function 'catch_alarm':</code><br />
						
            
            <a class="navhash" href="#175">#</a>
						
              <code id="175">main.c:29:2: warning: implicit declaration of function 'signal' [-Wimplicit-function-declaration]</code><br />
						
            
            <a class="navhash" href="#176">#</a>
						
              <code id="176">  signal(signum, catch_alarm);</code><br />
						
            
            <a class="navhash" href="#177">#</a>
						
              <code id="177">  ^</code><br />
						
            
            <a class="navhash" href="#178">#</a>
						
              <code id="178">main.c: In function 'register_signal_handler':</code><br />
						
            
            <a class="navhash" href="#179">#</a>
						
              <code id="179">main.c:36:13: error: 'SIGINT' undeclared (first use in this function)</code><br />
						
            
            <a class="navhash" href="#180">#</a>
						
              <code id="180">  if (signal(SIGINT, catch_alarm) == SIG_IGN)</code><br />
						
            
            <a class="navhash" href="#181">#</a>
						
              <code id="181">             ^</code><br />
						
            
            <a class="navhash" href="#182">#</a>
						
              <code id="182">main.c:36:13: note: each undeclared identifier is reported only once for each function it appears in</code><br />
						
            
            <a class="navhash" href="#183">#</a>
						
              <code id="183">main.c:36:37: error: 'SIG_IGN' undeclared (first use in this function)</code><br />
						
            
            <a class="navhash" href="#184">#</a>
						
              <code id="184">  if (signal(SIGINT, catch_alarm) == SIG_IGN)</code><br />
						
            
            <a class="navhash" href="#185">#</a>
						
              <code id="185">                                     ^</code><br />
						
            
            <a class="navhash" href="#186">#</a>
						
              <code id="186">main.c:38:13: error: 'SIGTERM' undeclared (first use in this function)</code><br />
						
            
            <a class="navhash" href="#187">#</a>
						
              <code id="187">  if (signal(SIGTERM, catch_alarm) == SIG_IGN)</code><br />
						
            
            <a class="navhash" href="#188">#</a>
						
              <code id="188">             ^</code><br />
						
            
            <a class="navhash" href="#189">#</a>
						
              <code id="189">main.c: In function 'try_msg':</code><br />
						
            
            <a class="navhash" href="#190">#</a>
						
              <code id="190">main.c:57:2: warning: implicit declaration of function 'fprintf' [-Wimplicit-function-declaration]</code><br />
						
            
            <a class="navhash" href="#191">#</a>
						
              <code id="191">  fprintf(stderr, "Try `%s -h` for more information.%s", __progname, NEWLINE);</code><br />
						
            
            <a class="navhash" href="#192">#</a>
						
              <code id="192">  ^</code><br />
						
            
            <a class="navhash" href="#193">#</a>
						
              <code id="193">main.c:57:2: warning: incompatible implicit declaration of built-in function 'fprintf' [enabled by default]</code><br />
						
            
            <a class="navhash" href="#194">#</a>
						
              <code id="194">main.c:57:10: error: 'stderr' undeclared (first use in this function)</code><br />
						
            
            <a class="navhash" href="#195">#</a>
						
              <code id="195">  fprintf(stderr, "Try `%s -h` for more information.%s", __progname, NEWLINE);</code><br />
						
            
            <a class="navhash" href="#196">#</a>
						
              <code id="196">          ^</code><br />
						
            
            <a class="navhash" href="#197">#</a>
						
              <code id="197">main.c: In function 'usage':</code><br />
						
            
            <a class="navhash" href="#198">#</a>
						
              <code id="198">main.c:64:2: warning: incompatible implicit declaration of built-in function 'fprintf' [enabled by default]</code><br />
						
            
            <a class="navhash" href="#199">#</a>
						
              <code id="199">  fprintf(stderr, "%s version %s by %s.%s", __progname, VERSION, AUTHOR, NEWLINE);</code><br />
						
            
            <a class="navhash" href="#200">#</a>
						
              <code id="200">  ^</code><br />
						
            
            <a class="navhash" href="#201">#</a>
						
              <code id="201">main.c:64:10: error: 'stderr' undeclared (first use in this function)</code><br />
						
            
            <a class="navhash" href="#202">#</a>
						
              <code id="202">  fprintf(stderr, "%s version %s by %s.%s", __progname, VERSION, AUTHOR, NEWLINE);</code><br />
						
            
            <a class="navhash" href="#203">#</a>
						
              <code id="203">          ^</code><br />
						
            
            <a class="navhash" href="#204">#</a>
						
              <code id="204">main.c: In function 'process_command_line':</code><br />
						
            
            <a class="navhash" href="#205">#</a>
						
              <code id="205">main.c:104:2: warning: implicit declaration of function 'getopt' [-Wimplicit-function-declaration]</code><br />
						
            
            <a class="navhash" href="#206">#</a>
						
              <code id="206">  while ((i = getopt(argc, argv, "o:b:c:t:s:i:k:hqmQTadvVw")) != -1)</code><br />
						
            
            <a class="navhash" href="#207">#</a>
						
              <code id="207">  ^</code><br />
						
            
            <a class="navhash" href="#208">#</a>
						
              <code id="208">main.c:110:5: warning: implicit declaration of function 'set_mode' [-Wimplicit-function-declaration]</code><br />
						
            
            <a class="navhash" href="#209">#</a>
						
              <code id="209">     set_mode(s, mode_verbose);</code><br />
						
            
            <a class="navhash" href="#210">#</a>
						
              <code id="210">     ^</code><br />
						
            
            <a class="navhash" href="#211">#</a>
						
              <code id="211">main.c:126:5: warning: implicit declaration of function 'atoi' [-Wimplicit-function-declaration]</code><br />
						
            
            <a class="navhash" href="#212">#</a>
						
              <code id="212">     set_block(s, atoi(optarg));</code><br />
						
            
            <a class="navhash" href="#213">#</a>
						
              <code id="213">     ^</code><br />
						
            
            <a class="navhash" href="#214">#</a>
						
              <code id="214">main.c:126:23: error: 'optarg' undeclared (first use in this function)</code><br />
						
            
            <a class="navhash" href="#215">#</a>
						
              <code id="215">     set_block(s, atoi(optarg));</code><br />
						
            
            <a class="navhash" href="#216">#</a>
						
              <code id="216">                       ^</code><br />
						
            
            <a class="navhash" href="#217">#</a>
						
              <code id="217">main.c:175:8: warning: implicit declaration of function 'exit' [-Wimplicit-function-declaration]</code><br />
						
            
            <a class="navhash" href="#218">#</a>
						
              <code id="218">        exit(EXIT_SUCCESS);</code><br />
						
            
            <a class="navhash" href="#219">#</a>
						
              <code id="219">        ^</code><br />
						
            
            <a class="navhash" href="#220">#</a>
						
              <code id="220">main.c:175:8: warning: incompatible implicit declaration of built-in function 'exit' [enabled by default]</code><br />
						
            
            <a class="navhash" href="#221">#</a>
						
              <code id="221">main.c:175:13: error: 'EXIT_SUCCESS' undeclared (first use in this function)</code><br />
						
            
            <a class="navhash" href="#222">#</a>
						
              <code id="222">        exit(EXIT_SUCCESS);</code><br />
						
            
            <a class="navhash" href="#223">#</a>
						
              <code id="223">             ^</code><br />
						
            
            <a class="navhash" href="#224">#</a>
						
              <code id="224">main.c:186:8: warning: incompatible implicit declaration of built-in function 'exit' [enabled by default]</code><br />
						
            
            <a class="navhash" href="#225">#</a>
						
              <code id="225">        exit(EXIT_SUCCESS);</code><br />
						
            
            <a class="navhash" href="#226">#</a>
						
              <code id="226">        ^</code><br />
						
            
            <a class="navhash" href="#227">#</a>
						
              <code id="227">main.c:201:5: warning: incompatible implicit declaration of built-in function 'exit' [enabled by default]</code><br />
						
            
            <a class="navhash" href="#228">#</a>
						
              <code id="228">     exit(EXIT_SUCCESS);</code><br />
						
            
            <a class="navhash" href="#229">#</a>
						
              <code id="229">     ^</code><br />
						
            
            <a class="navhash" href="#230">#</a>
						
              <code id="230">main.c:204:5: warning: implicit declaration of function 'printf' [-Wimplicit-function-declaration]</code><br />
						
            
            <a class="navhash" href="#231">#</a>
						
              <code id="231">     printf("%s%s", VERSION, NEWLINE);</code><br />
						
            
            <a class="navhash" href="#232">#</a>
						
              <code id="232">     ^</code><br />
						
            
            <a class="navhash" href="#233">#</a>
						
              <code id="233">main.c:204:5: warning: incompatible implicit declaration of built-in function 'printf' [enabled by default]</code><br />
						
            
            <a class="navhash" href="#234">#</a>
						
              <code id="234">main.c:214:10: error: 'EXIT_FAILURE' undeclared (first use in this function)</code><br />
						
            
            <a class="navhash" href="#235">#</a>
						
              <code id="235">     exit(EXIT_FAILURE);</code><br />
						
            
            <a class="navhash" href="#236">#</a>
						
              <code id="236">          ^</code><br />
						
            
            <a class="navhash" href="#237">#</a>
						
              <code id="237">main.c: In function 'main':</code><br />
						
            
            <a class="navhash" href="#238">#</a>
						<span class="error">
              <code id="238">main.c:229:2: error: unknown type name 'FILE'</code><br />
						</span>
            
            <a class="navhash" href="#239">#</a>
						
              <code id="239">  FILE *testFile = NULL;</code><br />
						
            
            <a class="navhash" href="#240">#</a>
						
              <code id="240">  ^</code><br />
						
            
            <a class="navhash" href="#241">#</a>
						
              <code id="241">main.c:229:19: error: 'NULL' undeclared (first use in this function)</code><br />
						
            
            <a class="navhash" href="#242">#</a>
						
              <code id="242">  FILE *testFile = NULL;</code><br />
						
            
            <a class="navhash" href="#243">#</a>
						
              <code id="243">                   ^</code><br />
						
            
            <a class="navhash" href="#244">#</a>
						
              <code id="244">main.c:230:2: warning: implicit declaration of function 'malloc' [-Wimplicit-function-declaration]</code><br />
						
            
            <a class="navhash" href="#245">#</a>
						
              <code id="245">  f_state *s = (f_state *)malloc(sizeof(f_state));</code><br />
						
            
            <a class="navhash" href="#246">#</a>
						
              <code id="246">  ^</code><br />
						
            
            <a class="navhash" href="#247">#</a>
						
              <code id="247">main.c:230:26: warning: incompatible implicit declaration of built-in function 'malloc' [enabled by default]</code><br />
						
            
            <a class="navhash" href="#248">#</a>
						
              <code id="248">  f_state *s = (f_state *)malloc(sizeof(f_state));</code><br />
						
            
            <a class="navhash" href="#249">#</a>
						
              <code id="249">                          ^</code><br />
						
            
            <a class="navhash" href="#250">#</a>
						<span class="error">
              <code id="250">main.c:233:2: error: unknown type name 'DIR'</code><br />
						</span>
            
            <a class="navhash" href="#251">#</a>
						
              <code id="251">  DIR*  dir;</code><br />
						
            
            <a class="navhash" href="#252">#</a>
						
              <code id="252">  ^</code><br />
						
            
            <a class="navhash" href="#253">#</a>
						
              <code id="253">main.c:236:2: warning: implicit declaration of function 'basename' [-Wimplicit-function-declaration]</code><br />
						
            
            <a class="navhash" href="#254">#</a>
						
              <code id="254">  __progname = basename(argv[0]);</code><br />
						
            
            <a class="navhash" href="#255">#</a>
						
              <code id="255">  ^</code><br />
						
            
            <a class="navhash" href="#256">#</a>
						
              <code id="256">main.c:236:13: warning: assignment makes pointer from integer without a cast [enabled by default]</code><br />
						
            
            <a class="navhash" href="#257">#</a>
						
              <code id="257">  __progname = basename(argv[0]);</code><br />
						
            
            <a class="navhash" href="#258">#</a>
						
              <code id="258">             ^</code><br />
						
            
            <a class="navhash" href="#259">#</a>
						
              <code id="259">main.c:259:2: warning: implicit declaration of function 'get_mode' [-Wimplicit-function-declaration]</code><br />
						
            
            <a class="navhash" href="#260">#</a>
						
              <code id="260">  if (!get_mode(s, mode_write_audit))</code><br />
						
            
            <a class="navhash" href="#261">#</a>
						
              <code id="261">  ^</code><br />
						
            
            <a class="navhash" href="#262">#</a>
						
              <code id="262">main.c:270:3: warning: implicit declaration of function 'strcmp' [-Wimplicit-function-declaration]</code><br />
						
            
            <a class="navhash" href="#263">#</a>
						
              <code id="263">   if(strcmp(*argv,"-c")==0)</code><br />
						
            
            <a class="navhash" href="#264">#</a>
						
              <code id="264">   ^</code><br />
						
            
            <a class="navhash" href="#265">#</a>
						
              <code id="265">main.c:275:3: warning: implicit declaration of function 'fopen' [-Wimplicit-function-declaration]</code><br />
						
            
            <a class="navhash" href="#266">#</a>
						
              <code id="266">   testFile = fopen(*argv, "rb");</code><br />
						
            
            <a class="navhash" href="#267">#</a>
						
              <code id="267">   ^</code><br />
						
            
            <a class="navhash" href="#268">#</a>
						
              <code id="268">main.c:275:12: warning: assignment makes pointer from integer without a cast [enabled by default]</code><br />
						
            
            <a class="navhash" href="#269">#</a>
						
              <code id="269">   testFile = fopen(*argv, "rb");</code><br />
						
            
            <a class="navhash" href="#270">#</a>
						
              <code id="270">            ^</code><br />
						
            
            <a class="navhash" href="#271">#</a>
						
              <code id="271">main.c:278:4: warning: implicit declaration of function 'fclose' [-Wimplicit-function-declaration]</code><br />
						
            
            <a class="navhash" href="#272">#</a>
						
              <code id="272">    fclose(testFile);</code><br />
						
            
            <a class="navhash" href="#273">#</a>
						
              <code id="273">    ^</code><br />
						
            
            <a class="navhash" href="#274">#</a>
						
              <code id="274">main.c:279:4: warning: implicit declaration of function 'opendir' [-Wimplicit-function-declaration]</code><br />
						
            
            <a class="navhash" href="#275">#</a>
						
              <code id="275">    dir = opendir(*argv);</code><br />
						
            
            <a class="navhash" href="#276">#</a>
						
              <code id="276">    ^</code><br />
						
            
            <a class="navhash" href="#277">#</a>
						
              <code id="277">main.c:279:8: warning: assignment makes pointer from integer without a cast [enabled by default]</code><br />
						
            
            <a class="navhash" href="#278">#</a>
						
              <code id="278">    dir = opendir(*argv);</code><br />
						
            
            <a class="navhash" href="#279">#</a>
						
              <code id="279">        ^</code><br />
						
            
            <a class="navhash" href="#280">#</a>
						
              <code id="280">main.c:281:4: warning: implicit declaration of function 'strstr' [-Wimplicit-function-declaration]</code><br />
						
            
            <a class="navhash" href="#281">#</a>
						
              <code id="281">    if(!strstr(s->config_file,*argv)!=0 && !dir)</code><br />
						
            
            <a class="navhash" href="#282">#</a>
						
              <code id="282">    ^</code><br />
						
            
            <a class="navhash" href="#283">#</a>
						
              <code id="283">main.c:281:8: warning: incompatible implicit declaration of built-in function 'strstr' [enabled by default]</code><br />
						
            
            <a class="navhash" href="#284">#</a>
						
              <code id="284">    if(!strstr(s->config_file,*argv)!=0 && !dir)</code><br />
						
            
            <a class="navhash" href="#285">#</a>
						
              <code id="285">        ^</code><br />
						
            
            <a class="navhash" href="#286">#</a>
						
              <code id="286">main.c:286:4: warning: implicit declaration of function 'closedir' [-Wimplicit-function-declaration]</code><br />
						
            
            <a class="navhash" href="#287">#</a>
						
              <code id="287">    if(dir) closedir(dir);  </code><br />
						
            
            <a class="navhash" href="#288">#</a>
						
              <code id="288">    ^</code><br />
						
            
            <a class="navhash" href="#289">#</a>
						
              <code id="289">main.c:301:12: warning: assignment makes pointer from integer without a cast [enabled by default]</code><br />
						
            
            <a class="navhash" href="#290">#</a>
						
              <code id="290">   testFile = fopen(*argv, "rb");</code><br />
						
            
            <a class="navhash" href="#291">#</a>
						
              <code id="291">            ^</code><br />
						
            
            <a class="navhash" href="#292">#</a>
						
              <code id="292">main.c:306:9: warning: assignment makes pointer from integer without a cast [enabled by default]</code><br />
						
            
            <a class="navhash" href="#293">#</a>
						
              <code id="293">     dir = opendir(*argv);</code><br />
						
            
            <a class="navhash" href="#294">#</a>
						
              <code id="294">         ^</code><br />
						
            
            <a class="navhash" href="#295">#</a>
						
              <code id="295">main.c:307:9: warning: incompatible implicit declaration of built-in function 'strstr' [enabled by default]</code><br />
						
            
            <a class="navhash" href="#296">#</a>
						
              <code id="296">     if(!strstr(s->config_file,*argv)!=0 && !dir)</code><br />
						
            
            <a class="navhash" href="#297">#</a>
						
              <code id="297">         ^</code><br />
						
            
            <a class="navhash" href="#298">#</a>
						
              <code id="298">main.c:339:2: warning: implicit declaration of function 'free' [-Wimplicit-function-declaration]</code><br />
						
            
            <a class="navhash" href="#299">#</a>
						
              <code id="299">  free(s);</code><br />
						
            
            <a class="navhash" href="#300">#</a>
						
              <code id="300">  ^</code><br />
						
            
            <a class="navhash" href="#301">#</a>
						
              <code id="301">main.c:339:2: warning: incompatible implicit declaration of built-in function 'free' [enabled by default]</code><br />
						
            
            <a class="navhash" href="#302">#</a>
						
              <code id="302">main.c:340:9: error: 'EXIT_SUCCESS' undeclared (first use in this function)</code><br />
						
            
            <a class="navhash" href="#303">#</a>
						
              <code id="303">  return EXIT_SUCCESS;</code><br />
						
            
            <a class="navhash" href="#304">#</a>
						
              <code id="304">         ^</code><br />
						
            
            <a class="navhash" href="#305">#</a>
						
              <code id="305">cc1: error: no include path in which to search for stdc-predef.h</code><br />
						
            
            <a class="navhash" href="#306">#</a>
						
              <code id="306">In file included from state.c:3:0:</code><br />
						
            
            <a class="navhash" href="#307">#</a>
						
              <code id="307">main.h:33:19: error: no include path in which to search for stdio.h</code><br />
						
            
            <a class="navhash" href="#308">#</a>
						
              <code id="308"> #include <stdio.h></code><br />
						
            
            <a class="navhash" href="#309">#</a>
						
              <code id="309">                   ^</code><br />
						
            
            <a class="navhash" href="#310">#</a>
						
              <code id="310">main.h:34:20: error: no include path in which to search for stdlib.h</code><br />
						
            
            <a class="navhash" href="#311">#</a>
						
              <code id="311"> #include <stdlib.h></code><br />
						
            
            <a class="navhash" href="#312">#</a>
						
              <code id="312">                    ^</code><br />
						
            
            <a class="navhash" href="#313">#</a>
						
              <code id="313">main.h:35:20: error: no include path in which to search for limits.h</code><br />
						
            
            <a class="navhash" href="#314">#</a>
						
              <code id="314"> #include <limits.h></code><br />
						
            
            <a class="navhash" href="#315">#</a>
						
              <code id="315">                    ^</code><br />
						
            
            <a class="navhash" href="#316">#</a>
						
              <code id="316">main.h:36:20: error: no include path in which to search for dirent.h</code><br />
						
            
            <a class="navhash" href="#317">#</a>
						
              <code id="317"> #include <dirent.h></code><br />
						
            
            <a class="navhash" href="#318">#</a>
						
              <code id="318">                    ^</code><br />
						
            
            <a class="navhash" href="#319">#</a>
						
              <code id="319">main.h:37:19: error: no include path in which to search for errno.h</code><br />
						
            
            <a class="navhash" href="#320">#</a>
						
              <code id="320"> #include <errno.h></code><br />
						
            
            <a class="navhash" href="#321">#</a>
						
              <code id="321">                   ^</code><br />
						
            
            <a class="navhash" href="#322">#</a>
						
              <code id="322">main.h:38:20: error: no include path in which to search for string.h</code><br />
						
            
            <a class="navhash" href="#323">#</a>
						
              <code id="323"> #include <string.h></code><br />
						
            
            <a class="navhash" href="#324">#</a>
						
              <code id="324">                    ^</code><br />
						
            
            <a class="navhash" href="#325">#</a>
						
              <code id="325">main.h:39:20: error: no include path in which to search for unistd.h</code><br />
						
            
            <a class="navhash" href="#326">#</a>
						
              <code id="326"> #include <unistd.h></code><br />
						
            
            <a class="navhash" href="#327">#</a>
						
              <code id="327">                    ^</code><br />
						
            
            <a class="navhash" href="#328">#</a>
						
              <code id="328">main.h:40:18: error: no include path in which to search for time.h</code><br />
						
            
            <a class="navhash" href="#329">#</a>
						
              <code id="329"> #include <time.h></code><br />
						
            
            <a class="navhash" href="#330">#</a>
						
              <code id="330">                  ^</code><br />
						
            
            <a class="navhash" href="#331">#</a>
						
              <code id="331">main.h:41:18: error: no include path in which to search for math.h</code><br />
						
            
            <a class="navhash" href="#332">#</a>
						
              <code id="332"> #include <math.h></code><br />
						
            
            <a class="navhash" href="#333">#</a>
						
              <code id="333">                  ^</code><br />
						
            
            <a class="navhash" href="#334">#</a>
						
              <code id="334">main.h:42:19: error: no include path in which to search for ctype.h</code><br />
						
            
            <a class="navhash" href="#335">#</a>
						
              <code id="335"> #include <ctype.h></code><br />
						
            
            <a class="navhash" href="#336">#</a>
						
              <code id="336">                   ^</code><br />
						
            
            <a class="navhash" href="#337">#</a>
						
              <code id="337">main.h:43:22: error: no include path in which to search for sys/stat.h</code><br />
						
            
            <a class="navhash" href="#338">#</a>
						
              <code id="338"> #include <sys/stat.h></code><br />
						
            
            <a class="navhash" href="#339">#</a>
						
              <code id="339">                      ^</code><br />
						
            
            <a class="navhash" href="#340">#</a>
						
              <code id="340">main.h:44:23: error: no include path in which to search for sys/types.h</code><br />
						
            
            <a class="navhash" href="#341">#</a>
						
              <code id="341"> #include <sys/types.h></code><br />
						
            
            <a class="navhash" href="#342">#</a>
						
              <code id="342">                       ^</code><br />
						
            
            <a class="navhash" href="#343">#</a>
						
              <code id="343">main.h:45:20: error: no include path in which to search for signal.h</code><br />
						
            
            <a class="navhash" href="#344">#</a>
						
              <code id="344"> #include <signal.h></code><br />
						
            
            <a class="navhash" href="#345">#</a>
						
              <code id="345">                    ^</code><br />
						
            
            <a class="navhash" href="#346">#</a>
						
              <code id="346">main.h:48:20: error: no include path in which to search for stdarg.h</code><br />
						
            
            <a class="navhash" href="#347">#</a>
						
              <code id="347"> #include <stdarg.h></code><br />
						
            
            <a class="navhash" href="#348">#</a>
						
              <code id="348">                    ^</code><br />
						
            
            <a class="navhash" href="#349">#</a>
						
              <code id="349">main.c:341:1: warning: control reaches end of non-void function [-Wreturn-type]</code><br />
						
            
            <a class="navhash" href="#350">#</a>
						
              <code id="350"> }</code><br />
						
            
            <a class="navhash" href="#351">#</a>
						
              <code id="351"> ^</code><br />
						
            
            <a class="navhash" href="#352">#</a>
						
              <code id="352">main.h:51:23: error: no include path in which to search for sys/ioctl.h</code><br />
						
            
            <a class="navhash" href="#353">#</a>
						
              <code id="353"> #include <sys/ioctl.h></code><br />
						
            
            <a class="navhash" href="#354">#</a>
						
              <code id="354">                       ^</code><br />
						
            
            <a class="navhash" href="#355">#</a>
						
              <code id="355">main.h:52:23: error: no include path in which to search for sys/mount.h</code><br />
						
            
            <a class="navhash" href="#356">#</a>
						
              <code id="356"> #include <sys/mount.h></code><br />
						
            
            <a class="navhash" href="#357">#</a>
						
              <code id="357">                       ^</code><br />
						
            
            <a class="navhash" href="#358">#</a>
						
              <code id="358">main.h:62:20: error: no include path in which to search for endian.h</code><br />
						
            
            <a class="navhash" href="#359">#</a>
						
              <code id="359"> #include <endian.h></code><br />
						
            
            <a class="navhash" href="#360">#</a>
						
              <code id="360">                    ^</code><br />
						
            
            <a class="navhash" href="#361">#</a>
						
              <code id="361">main.h:111:20: error: no include path in which to search for libgen.h</code><br />
						
            
            <a class="navhash" href="#362">#</a>
						
              <code id="362"> #include <libgen.h></code><br />
						
            
            <a class="navhash" href="#363">#</a>
						
              <code id="363">                    ^</code><br />
						
            
            <a class="navhash" href="#364">#</a>
						<span class="error">
              <code id="364">main.h:122:12: error: unknown type name 'FILE'</code><br />
						</span>
            
            <a class="navhash" href="#365">#</a>
						
              <code id="365"> int fseeko(FILE *stream, off_t offset, int whence);</code><br />
						
            
            <a class="navhash" href="#366">#</a>
						
              <code id="366">            ^</code><br />
						
            
            <a class="navhash" href="#367">#</a>
						<span class="error">
              <code id="367">main.h:122:26: error: unknown type name 'off_t'</code><br />
						</span>
            
            <a class="navhash" href="#368">#</a>
						
              <code id="368"> int fseeko(FILE *stream, off_t offset, int whence);</code><br />
						
            
            <a class="navhash" href="#369">#</a>
						
              <code id="369">                          ^</code><br />
						
            
            <a class="navhash" href="#370">#</a>
						<span class="error">
              <code id="370">main.h:123:1: error: unknown type name 'off_t'</code><br />
						</span>
            
            <a class="navhash" href="#371">#</a>
						
              <code id="371"> off_t ftello(FILE *stream);</code><br />
						
            
            <a class="navhash" href="#372">#</a>
						
              <code id="372"> ^</code><br />
						
            
            <a class="navhash" href="#373">#</a>
						<span class="error">
              <code id="373">main.h:123:14: error: unknown type name 'FILE'</code><br />
						</span>
            
            <a class="navhash" href="#374">#</a>
						
              <code id="374"> off_t ftello(FILE *stream);</code><br />
						
            
            <a class="navhash" href="#375">#</a>
						
              <code id="375">              ^</code><br />
						
            
            <a class="navhash" href="#376">#</a>
						
              <code id="376">main.h:137:19: error: no include path in which to search for fcntl.h</code><br />
						
            
            <a class="navhash" href="#377">#</a>
						
              <code id="377"> #include <fcntl.h></code><br />
						
            
            <a class="navhash" href="#378">#</a>
						
              <code id="378">                   ^</code><br />
						
            
            <a class="navhash" href="#379">#</a>
						<span class="error">
              <code id="379">main.h:298:3: error: unknown type name 'off_t'</code><br />
						</span>
            
            <a class="navhash" href="#380">#</a>
						
              <code id="380">   off_t mode;</code><br />
						
            
            <a class="navhash" href="#381">#</a>
						
              <code id="381">   ^</code><br />
						
            
            <a class="navhash" href="#382">#</a>
						<span class="error">
              <code id="382">main.h:305:3: error: unknown type name 'FILE'</code><br />
						</span>
            
            <a class="navhash" href="#383">#</a>
						
              <code id="383">   FILE *audit_file;</code><br />
						
            
            <a class="navhash" href="#384">#</a>
						
              <code id="384">   ^</code><br />
						
            
            <a class="navhash" href="#385">#</a>
						<span class="error">
              <code id="385">main.h:320:5: error: unknown type name 'size_t'</code><br />
						</span>
            
            <a class="navhash" href="#386">#</a>
						
              <code id="386">     size_t marker_bm_table[UCHAR_MAX+1];</code><br />
						
            
            <a class="navhash" href="#387">#</a>
						
              <code id="387">     ^</code><br />
						
            
            <a class="navhash" href="#388">#</a>
						
              <code id="388">main.h:320:28: error: 'UCHAR_MAX' undeclared here (not in a function)</code><br />
						
            
            <a class="navhash" href="#389">#</a>
						
              <code id="389">     size_t marker_bm_table[UCHAR_MAX+1];</code><br />
						
            
            <a class="navhash" href="#390">#</a>
						
              <code id="390">                            ^</code><br />
						
            
            <a class="navhash" href="#391">#</a>
						<span class="error">
              <code id="391">main.h:330:5: error: unknown type name 'size_t'</code><br />
						</span>
            
            <a class="navhash" href="#392">#</a>
						
              <code id="392">     size_t header_bm_table[UCHAR_MAX+1];</code><br />
						
            
            <a class="navhash" href="#393">#</a>
						
              <code id="393">     ^</code><br />
						
            
            <a class="navhash" href="#394">#</a>
						<span class="error">
              <code id="394">main.h:334:5: error: unknown type name 'size_t'</code><br />
						</span>
            
            <a class="navhash" href="#395">#</a>
						
              <code id="395">     size_t footer_bm_table[UCHAR_MAX+1];</code><br />
						
            
            <a class="navhash" href="#396">#</a>
						
              <code id="396">     ^</code><br />
						
            
            <a class="navhash" href="#397">#</a>
						
              <code id="397">make: *** [Makefile:42: main.o] Error 1</code><br />
						
            
            <a class="navhash" href="#398">#</a>
						
              <code id="398">make: *** Waiting for unfinished jobs....</code><br />
						
            
            <a class="navhash" href="#399">#</a>
						<span class="error">
              <code id="399">main.h:351:3: error: unknown type name 'off_t'</code><br />
						</span>
            
            <a class="navhash" href="#400">#</a>
						
              <code id="400">   off_t total_bytes;</code><br />
						
            
            <a class="navhash" href="#401">#</a>
						
              <code id="401">   ^</code><br />
						
            
            <a class="navhash" href="#402">#</a>
						<span class="error">
              <code id="402">main.h:355:3: error: unknown type name 'off_t'</code><br />
						</span>
            
            <a class="navhash" href="#403">#</a>
						
              <code id="403">   off_t total_megs;</code><br />
						
            
            <a class="navhash" href="#404">#</a>
						
              <code id="404">   ^</code><br />
						
            
            <a class="navhash" href="#405">#</a>
						<span class="error">
              <code id="405">main.h:356:3: error: unknown type name 'off_t'</code><br />
						</span>
            
            <a class="navhash" href="#406">#</a>
						
              <code id="406">   off_t bytes_read;</code><br />
						
            
            <a class="navhash" href="#407">#</a>
						
              <code id="407">   ^</code><br />
						
            
            <a class="navhash" href="#408">#</a>
						<span class="error">
              <code id="408">main.h:365:3: error: unknown type name 'FILE'</code><br />
						</span>
            
            <a class="navhash" href="#409">#</a>
						
              <code id="409">   FILE *handle;</code><br />
						
            
            <a class="navhash" href="#410">#</a>
						
              <code id="410">   ^</code><br />
						
            
            <a class="navhash" href="#411">#</a>
						<span class="error">
              <code id="411">main.h:393:27: error: unknown type name 'off_t'</code><br />
						</span>
            
            <a class="navhash" href="#412">#</a>
						
              <code id="412"> void set_mode(f_state *s, off_t new_mode);</code><br />
						
            
            <a class="navhash" href="#413">#</a>
						
              <code id="413">                           ^</code><br />
						
            
            <a class="navhash" href="#414">#</a>
						
              <code id="414">cc1: error: no include path in which to search for stdc-predef.h</code><br />
						
            
            <a class="navhash" href="#415">#</a>
						<span class="error">
              <code id="415">main.h:394:26: error: unknown type name 'off_t'</code><br />
						</span>
            
            <a class="navhash" href="#416">#</a>
						
              <code id="416"> int get_mode(f_state *s, off_t check_mode);</code><br />
						
            
            <a class="navhash" href="#417">#</a>
						
              <code id="417">                          ^</code><br />
						
            
            <a class="navhash" href="#418">#</a>
						<span class="error">
              <code id="418">main.h:404:43: error: unknown type name 'size_t'</code><br />
						</span>
            
            <a class="navhash" href="#419">#</a>
						
              <code id="419"> void init_bm_table(unsigned char *needle, size_t table[UCHAR_MAX + 1], size_t len, int casesensitive,int searchtype);</code><br />
						
            
            <a class="navhash" href="#420">#</a>
						
              <code id="420">                                           ^</code><br />
						
            
            <a class="navhash" href="#421">#</a>
						<span class="error">
              <code id="421">main.h:404:72: error: unknown type name 'size_t'</code><br />
						</span>
            
            <a class="navhash" href="#422">#</a>
						
              <code id="422"> void init_bm_table(unsigned char *needle, size_t table[UCHAR_MAX + 1], size_t len, int casesensitive,int searchtype);</code><br />
						
            
            <a class="navhash" href="#423">#</a>
						
              <code id="423">                                                                        ^</code><br />
						
            
            <a class="navhash" href="#424">#</a>
						
              <code id="424">In file included from helpers.c:15:0:</code><br />
						
            
            <a class="navhash" href="#425">#</a>
						
              <code id="425">main.h:33:19: error: no include path in which to search for stdio.h</code><br />
						
            
            <a class="navhash" href="#426">#</a>
						
              <code id="426"> #include <stdio.h></code><br />
						
            
            <a class="navhash" href="#427">#</a>
						
              <code id="427">                   ^</code><br />
						
            
            <a class="navhash" href="#428">#</a>
						
              <code id="428">main.h:34:20: error: no include path in which to search for stdlib.h</code><br />
						
            
            <a class="navhash" href="#429">#</a>
						
              <code id="429"> #include <stdlib.h></code><br />
						
            
            <a class="navhash" href="#430">#</a>
						
              <code id="430">                    ^</code><br />
						
            
            <a class="navhash" href="#431">#</a>
						
              <code id="431">main.h:35:20: error: no include path in which to search for limits.h</code><br />
						
            
            <a class="navhash" href="#432">#</a>
						
              <code id="432"> #include <limits.h></code><br />
						
            
            <a class="navhash" href="#433">#</a>
						
              <code id="433">                    ^</code><br />
						
            
            <a class="navhash" href="#434">#</a>
						
              <code id="434">main.h:36:20: error: no include path in which to search for dirent.h</code><br />
						
            
            <a class="navhash" href="#435">#</a>
						
              <code id="435"> #include <dirent.h></code><br />
						
            
            <a class="navhash" href="#436">#</a>
						
              <code id="436">                    ^</code><br />
						
            
            <a class="navhash" href="#437">#</a>
						
              <code id="437">main.h:37:19: error: no include path in which to search for errno.h</code><br />
						
            
            <a class="navhash" href="#438">#</a>
						
              <code id="438"> #include <errno.h></code><br />
						
            
            <a class="navhash" href="#439">#</a>
						
              <code id="439">                   ^</code><br />
						
            
            <a class="navhash" href="#440">#</a>
						
              <code id="440">main.h:38:20: error: no include path in which to search for string.h</code><br />
						
            
            <a class="navhash" href="#441">#</a>
						
              <code id="441"> #include <string.h></code><br />
						
            
            <a class="navhash" href="#442">#</a>
						
              <code id="442">                    ^</code><br />
						
            
            <a class="navhash" href="#443">#</a>
						
              <code id="443">main.h:39:20: error: no include path in which to search for unistd.h</code><br />
						
            
            <a class="navhash" href="#444">#</a>
						
              <code id="444"> #include <unistd.h></code><br />
						
            
            <a class="navhash" href="#445">#</a>
						
              <code id="445">                    ^</code><br />
						
            
            <a class="navhash" href="#446">#</a>
						
              <code id="446">main.h:40:18: error: no include path in which to search for time.h</code><br />
						
            
            <a class="navhash" href="#447">#</a>
						
              <code id="447"> #include <time.h></code><br />
						
            
            <a class="navhash" href="#448">#</a>
						
              <code id="448">                  ^</code><br />
						
            
            <a class="navhash" href="#449">#</a>
						
              <code id="449">main.h:41:18: error: no include path in which to search for math.h</code><br />
						
            
            <a class="navhash" href="#450">#</a>
						
              <code id="450"> #include <math.h></code><br />
						
            
            <a class="navhash" href="#451">#</a>
						
              <code id="451">                  ^</code><br />
						
            
            <a class="navhash" href="#452">#</a>
						
              <code id="452">main.h:42:19: error: no include path in which to search for ctype.h</code><br />
						
            
            <a class="navhash" href="#453">#</a>
						
              <code id="453"> #include <ctype.h></code><br />
						
            
            <a class="navhash" href="#454">#</a>
						
              <code id="454">                   ^</code><br />
						
            
            <a class="navhash" href="#455">#</a>
						
              <code id="455">main.h:43:22: error: no include path in which to search for sys/stat.h</code><br />
						
            
            <a class="navhash" href="#456">#</a>
						
              <code id="456"> #include <sys/stat.h></code><br />
						
            
            <a class="navhash" href="#457">#</a>
						
              <code id="457">                      ^</code><br />
						
            
            <a class="navhash" href="#458">#</a>
						
              <code id="458">main.h:44:23: error: no include path in which to search for sys/types.h</code><br />
						
            
            <a class="navhash" href="#459">#</a>
						
              <code id="459"> #include <sys/types.h></code><br />
						
            
            <a class="navhash" href="#460">#</a>
						
              <code id="460">                       ^</code><br />
						
            
            <a class="navhash" href="#461">#</a>
						<span class="error">
              <code id="461">main.h:432:1: error: unknown type name 'off_t'</code><br />
						</span>
            
            <a class="navhash" href="#462">#</a>
						
              <code id="462"> off_t find_file_size(FILE *f);</code><br />
						
            
            <a class="navhash" href="#463">#</a>
						
              <code id="463"> ^</code><br />
						
            
            <a class="navhash" href="#464">#</a>
						
              <code id="464">main.h:45:20: error: no include path in which to search for signal.h</code><br />
						
            
            <a class="navhash" href="#465">#</a>
						
              <code id="465"> #include <signal.h></code><br />
						
            
            <a class="navhash" href="#466">#</a>
						
              <code id="466">                    ^</code><br />
						
            
            <a class="navhash" href="#467">#</a>
						
              <code id="467">main.h:48:20: error: no include path in which to search for stdarg.h</code><br />
						
            
            <a class="navhash" href="#468">#</a>
						
              <code id="468"> #include <stdarg.h></code><br />
						
            
            <a class="navhash" href="#469">#</a>
						
              <code id="469">                    ^</code><br />
						
            
            <a class="navhash" href="#470">#</a>
						
              <code id="470">main.h:51:23: error: no include path in which to search for sys/ioctl.h</code><br />
						
            
            <a class="navhash" href="#471">#</a>
						
              <code id="471"> #include <sys/ioctl.h></code><br />
						
            
            <a class="navhash" href="#472">#</a>
						
              <code id="472">                       ^</code><br />
						
            
            <a class="navhash" href="#473">#</a>
						
              <code id="473">main.h:52:23: error: no include path in which to search for sys/mount.h</code><br />
						
            
            <a class="navhash" href="#474">#</a>
						
              <code id="474"> #include <sys/mount.h></code><br />
						
            
            <a class="navhash" href="#475">#</a>
						
              <code id="475">                       ^</code><br />
						
            
            <a class="navhash" href="#476">#</a>
						<span class="error">
              <code id="476">main.h:432:22: error: unknown type name 'FILE'</code><br />
						</span>
            
            <a class="navhash" href="#477">#</a>
						
              <code id="477"> off_t find_file_size(FILE *f);</code><br />
						
            
            <a class="navhash" href="#478">#</a>
						
              <code id="478">                      ^</code><br />
						
            
            <a class="navhash" href="#479">#</a>
						
              <code id="479">main.h:62:20: error: no include path in which to search for endian.h</code><br />
						
            
            <a class="navhash" href="#480">#</a>
						
              <code id="480"> #include <endian.h></code><br />
						
            
            <a class="navhash" href="#481">#</a>
						
              <code id="481">                    ^</code><br />
						
            
            <a class="navhash" href="#482">#</a>
						<span class="error">
              <code id="482">main.h:433:22: error: unknown type name 'off_t'</code><br />
						</span>
            
            <a class="navhash" href="#483">#</a>
						
              <code id="483"> char *human_readable(off_t size, char *buffer);</code><br />
						
            
            <a class="navhash" href="#484">#</a>
						
              <code id="484">                      ^</code><br />
						
            
            <a class="navhash" href="#485">#</a>
						
              <code id="485">main.h:111:20: error: no include path in which to search for libgen.h</code><br />
						
            
            <a class="navhash" href="#486">#</a>
						
              <code id="486"> #include <libgen.h></code><br />
						
            
            <a class="navhash" href="#487">#</a>
						
              <code id="487">                    ^</code><br />
						
            
            <a class="navhash" href="#488">#</a>
						<span class="error">
              <code id="488">main.h:122:12: error: unknown type name 'FILE'</code><br />
						</span>
            
            <a class="navhash" href="#489">#</a>
						
              <code id="489"> int fseeko(FILE *stream, off_t offset, int whence);</code><br />
						
            
            <a class="navhash" href="#490">#</a>
						
              <code id="490">            ^</code><br />
						
            
            <a class="navhash" href="#491">#</a>
						<span class="error">
              <code id="491">main.h:122:26: error: unknown type name 'off_t'</code><br />
						</span>
            
            <a class="navhash" href="#492">#</a>
						
              <code id="492"> int fseeko(FILE *stream, off_t offset, int whence);</code><br />
						
            
            <a class="navhash" href="#493">#</a>
						
              <code id="493">                          ^</code><br />
						
            
            <a class="navhash" href="#494">#</a>
						<span class="error">
              <code id="494">main.h:437:51: error: unknown type name 'size_t'</code><br />
						</span>
            
            <a class="navhash" href="#495">#</a>
						
              <code id="495"> int memwildcardcmp(const void *s1, const void *s2,size_t n,int caseSensitive);</code><br />
						
            
            <a class="navhash" href="#496">#</a>
						
              <code id="496">                                                   ^</code><br />
						
            
            <a class="navhash" href="#497">#</a>
						<span class="error">
              <code id="497">main.h:123:1: error: unknown type name 'off_t'</code><br />
						</span>
            
            <a class="navhash" href="#498">#</a>
						
              <code id="498"> off_t ftello(FILE *stream);</code><br />
						
            
            <a class="navhash" href="#499">#</a>
						
              <code id="499"> ^</code><br />
						
            
            <a class="navhash" href="#500">#</a>
						<span class="error">
              <code id="500">main.h:123:14: error: unknown type name 'FILE'</code><br />
						</span>
            
            <a class="navhash" href="#501">#</a>
						
              <code id="501"> off_t ftello(FILE *stream);</code><br />
						
            
            <a class="navhash" href="#502">#</a>
						
              <code id="502">              ^</code><br />
						
            
            <a class="navhash" href="#503">#</a>
						
              <code id="503">main.h:137:19: error: no include path in which to search for fcntl.h</code><br />
						
            
            <a class="navhash" href="#504">#</a>
						
              <code id="504"> #include <fcntl.h></code><br />
						
            
            <a class="navhash" href="#505">#</a>
						
              <code id="505">                   ^</code><br />
						
            
            <a class="navhash" href="#506">#</a>
						<span class="error">
              <code id="506">main.h:451:46: error: unknown type name 'va_list'</code><br />
						</span>
            
            <a class="navhash" href="#507">#</a>
						
              <code id="507"> void print_message(f_state *s, char *format, va_list argp);</code><br />
						
            
            <a class="navhash" href="#508">#</a>
						
              <code id="508">                                              ^</code><br />
						
            
            <a class="navhash" href="#509">#</a>
						<span class="error">
              <code id="509">main.h:298:3: error: unknown type name 'off_t'</code><br />
						</span>
            
            <a class="navhash" href="#510">#</a>
						
              <code id="510">   off_t mode;</code><br />
						
            
            <a class="navhash" href="#511">#</a>
						
              <code id="511">   ^</code><br />
						
            
            <a class="navhash" href="#512">#</a>
						
              <code id="512">cc1: error: no include path in which to search for stdc-predef.h</code><br />
						
            
            <a class="navhash" href="#513">#</a>
						<span class="error">
              <code id="513">main.h:457:49: error: unknown type name 'size_t'</code><br />
						</span>
            
            <a class="navhash" href="#514">#</a>
						
              <code id="514"> unsigned char *bm_search(unsigned char *needle, size_t needle_len,unsigned char *haystack, size_t haystack_len,</code><br />
						
            
            <a class="navhash" href="#515">#</a>
						
              <code id="515">                                                 ^</code><br />
						
            
            <a class="navhash" href="#516">#</a>
						<span class="error">
              <code id="516">main.h:305:3: error: unknown type name 'FILE'</code><br />
						</span>
            
            <a class="navhash" href="#517">#</a>
						
              <code id="517">   FILE *audit_file;</code><br />
						
            
            <a class="navhash" href="#518">#</a>
						
              <code id="518">   ^</code><br />
						
            
            <a class="navhash" href="#519">#</a>
						<span class="error">
              <code id="519">main.h:457:92: error: unknown type name 'size_t'</code><br />
						</span>
            
            <a class="navhash" href="#520">#</a>
						
              <code id="520"> unsigned char *bm_search(unsigned char *needle, size_t needle_len,unsigned char *haystack, size_t haystack_len,</code><br />
						
            
            <a class="navhash" href="#521">#</a>
						
              <code id="521">                                                                                            ^</code><br />
						
            
            <a class="navhash" href="#522">#</a>
						<span class="error">
              <code id="522">main.h:458:2: error: unknown type name 'size_t'</code><br />
						</span>
            
            <a class="navhash" href="#523">#</a>
						
              <code id="523">  size_t table[UCHAR_MAX + 1], int case_sen,int searchtype);</code><br />
						
            
            <a class="navhash" href="#524">#</a>
						
              <code id="524">  ^</code><br />
						
            
            <a class="navhash" href="#525">#</a>
						<span class="error">
              <code id="525">main.h:320:5: error: unknown type name 'size_t'</code><br />
						</span>
            
            <a class="navhash" href="#526">#</a>
						
              <code id="526">     size_t marker_bm_table[UCHAR_MAX+1];</code><br />
						
            
            <a class="navhash" href="#527">#</a>
						
              <code id="527">     ^</code><br />
						
            
            <a class="navhash" href="#528">#</a>
						<span class="error">
              <code id="528">main.h:459:55: error: unknown type name 'size_t'</code><br />
						</span>
            
            <a class="navhash" href="#529">#</a>
						
              <code id="529"> unsigned char *bm_search_skipn(unsigned char *needle, size_t needle_len,unsigned char *haystack, size_t haystack_len,</code><br />
						
            
            <a class="navhash" href="#530">#</a>
						
              <code id="530">                                                       ^</code><br />
						
            
            <a class="navhash" href="#531">#</a>
						
              <code id="531">main.h:320:28: error: 'UCHAR_MAX' undeclared here (not in a function)</code><br />
						
            
            <a class="navhash" href="#532">#</a>
						
              <code id="532">     size_t marker_bm_table[UCHAR_MAX+1];</code><br />
						
            
            <a class="navhash" href="#533">#</a>
						
              <code id="533">                            ^</code><br />
						
            
            <a class="navhash" href="#534">#</a>
						
              <code id="534">In file included from config.c:3:0:</code><br />
						
            
            <a class="navhash" href="#535">#</a>
						
              <code id="535">main.h:33:19: error: no include path in which to search for stdio.h</code><br />
						
            
            <a class="navhash" href="#536">#</a>
						
              <code id="536"> #include <stdio.h></code><br />
						
            
            <a class="navhash" href="#537">#</a>
						
              <code id="537">                   ^</code><br />
						
            
            <a class="navhash" href="#538">#</a>
						
              <code id="538">main.h:34:20: error: no include path in which to search for stdlib.h</code><br />
						
            
            <a class="navhash" href="#539">#</a>
						
              <code id="539"> #include <stdlib.h></code><br />
						
            
            <a class="navhash" href="#540">#</a>
						
              <code id="540">                    ^</code><br />
						
            
            <a class="navhash" href="#541">#</a>
						<span class="error">
              <code id="541">main.h:459:98: error: unknown type name 'size_t'</code><br />
						</span>
            
            <a class="navhash" href="#542">#</a>
						
              <code id="542"> unsigned char *bm_search_skipn(unsigned char *needle, size_t needle_len,unsigned char *haystack, size_t haystack_len,</code><br />
						
            
            <a class="navhash" href="#543">#</a>
						
              <code id="543">                                                                                                  ^</code><br />
						
            
            <a class="navhash" href="#544">#</a>
						
              <code id="544">main.h:35:20: error: no include path in which to search for limits.h</code><br />
						
            
            <a class="navhash" href="#545">#</a>
						
              <code id="545"> #include <limits.h></code><br />
						
            
            <a class="navhash" href="#546">#</a>
						
              <code id="546">                    ^</code><br />
						
            
            <a class="navhash" href="#547">#</a>
						
              <code id="547">main.h:36:20: error: no include path in which to search for dirent.h</code><br />
						
            
            <a class="navhash" href="#548">#</a>
						
              <code id="548"> #include <dirent.h></code><br />
						
            
            <a class="navhash" href="#549">#</a>
						
              <code id="549">                    ^</code><br />
						
            
            <a class="navhash" href="#550">#</a>
						
              <code id="550">main.h:37:19: error: no include path in which to search for errno.h</code><br />
						
            
            <a class="navhash" href="#551">#</a>
						
              <code id="551"> #include <errno.h></code><br />
						
            
            <a class="navhash" href="#552">#</a>
						
              <code id="552">                   ^</code><br />
						
            
            <a class="navhash" href="#553">#</a>
						<span class="error">
              <code id="553">main.h:330:5: error: unknown type name 'size_t'</code><br />
						</span>
            
            <a class="navhash" href="#554">#</a>
						
              <code id="554">     size_t header_bm_table[UCHAR_MAX+1];</code><br />
						
            
            <a class="navhash" href="#555">#</a>
						
              <code id="555">     ^</code><br />
						
            
            <a class="navhash" href="#556">#</a>
						
              <code id="556">main.h:38:20: error: no include path in which to search for string.h</code><br />
						
            
            <a class="navhash" href="#557">#</a>
						
              <code id="557"> #include <string.h></code><br />
						
            
            <a class="navhash" href="#558">#</a>
						
              <code id="558">                    ^</code><br />
						
            
            <a class="navhash" href="#559">#</a>
						
              <code id="559">main.h:39:20: error: no include path in which to search for unistd.h</code><br />
						
            
            <a class="navhash" href="#560">#</a>
						
              <code id="560"> #include <unistd.h></code><br />
						
            
            <a class="navhash" href="#561">#</a>
						
              <code id="561">                    ^</code><br />
						
            
            <a class="navhash" href="#562">#</a>
						
              <code id="562">main.h:40:18: error: no include path in which to search for time.h</code><br />
						
            
            <a class="navhash" href="#563">#</a>
						
              <code id="563"> #include <time.h></code><br />
						
            
            <a class="navhash" href="#564">#</a>
						
              <code id="564">                  ^</code><br />
						
            
            <a class="navhash" href="#565">#</a>
						<span class="error">
              <code id="565">main.h:460:2: error: unknown type name 'size_t'</code><br />
						</span>
            
            <a class="navhash" href="#566">#</a>
						
              <code id="566">  size_t table[UCHAR_MAX + 1], int casesensitive,int searchtype, int start_pos) ; </code><br />
						
            
            <a class="navhash" href="#567">#</a>
						
              <code id="567">  ^</code><br />
						
            
            <a class="navhash" href="#568">#</a>
						<span class="error">
              <code id="568">main.h:334:5: error: unknown type name 'size_t'</code><br />
						</span>
            
            <a class="navhash" href="#569">#</a>
						
              <code id="569">     size_t footer_bm_table[UCHAR_MAX+1];</code><br />
						
            
            <a class="navhash" href="#570">#</a>
						
              <code id="570">     ^</code><br />
						
            
            <a class="navhash" href="#571">#</a>
						
              <code id="571">main.h:41:18: error: no include path in which to search for math.h</code><br />
						
            
            <a class="navhash" href="#572">#</a>
						
              <code id="572"> #include <math.h></code><br />
						
            
            <a class="navhash" href="#573">#</a>
						
              <code id="573">                  ^</code><br />
						
            
            <a class="navhash" href="#574">#</a>
						
              <code id="574">main.h:42:19: error: no include path in which to search for ctype.h</code><br />
						
            
            <a class="navhash" href="#575">#</a>
						
              <code id="575"> #include <ctype.h></code><br />
						
            
            <a class="navhash" href="#576">#</a>
						
              <code id="576">                   ^</code><br />
						
            
            <a class="navhash" href="#577">#</a>
						
              <code id="577">main.h:43:22: error: no include path in which to search for sys/stat.h</code><br />
						
            
            <a class="navhash" href="#578">#</a>
						
              <code id="578"> #include <sys/stat.h></code><br />
						
            
            <a class="navhash" href="#579">#</a>
						
              <code id="579">                      ^</code><br />
						
            
            <a class="navhash" href="#580">#</a>
						
              <code id="580">main.h:44:23: error: no include path in which to search for sys/types.h</code><br />
						
            
            <a class="navhash" href="#581">#</a>
						
              <code id="581"> #include <sys/types.h></code><br />
						
            
            <a class="navhash" href="#582">#</a>
						
              <code id="582">                       ^</code><br />
						
            
            <a class="navhash" href="#583">#</a>
						
              <code id="583">main.h:45:20: error: no include path in which to search for signal.h</code><br />
						
            
            <a class="navhash" href="#584">#</a>
						
              <code id="584"> #include <signal.h></code><br />
						
            
            <a class="navhash" href="#585">#</a>
						
              <code id="585">                    ^</code><br />
						
            
            <a class="navhash" href="#586">#</a>
						
              <code id="586">main.h:48:20: error: no include path in which to search for stdarg.h</code><br />
						
            
            <a class="navhash" href="#587">#</a>
						
              <code id="587"> #include <stdarg.h></code><br />
						
            
            <a class="navhash" href="#588">#</a>
						
              <code id="588">                    ^</code><br />
						
            
            <a class="navhash" href="#589">#</a>
						
              <code id="589">main.h:51:23: error: no include path in which to search for sys/ioctl.h</code><br />
						
            
            <a class="navhash" href="#590">#</a>
						
              <code id="590"> #include <sys/ioctl.h></code><br />
						
            
            <a class="navhash" href="#591">#</a>
						
              <code id="591">                       ^</code><br />
						
            
            <a class="navhash" href="#592">#</a>
						
              <code id="592">state.c: In function 'initialize_state':</code><br />
						
            
            <a class="navhash" href="#593">#</a>
						
              <code id="593">main.h:52:23: error: no include path in which to search for sys/mount.h</code><br />
						
            
            <a class="navhash" href="#594">#</a>
						
              <code id="594"> #include <sys/mount.h></code><br />
						
            
            <a class="navhash" href="#595">#</a>
						
              <code id="595">                       ^</code><br />
						
            
            <a class="navhash" href="#596">#</a>
						
              <code id="596">main.h:62:20: error: no include path in which to search for endian.h</code><br />
						
            
            <a class="navhash" href="#597">#</a>
						
              <code id="597"> #include <endian.h></code><br />
						
            
            <a class="navhash" href="#598">#</a>
						
              <code id="598">                    ^</code><br />
						
            
            <a class="navhash" href="#599">#</a>
						<span class="error">
              <code id="599">main.h:351:3: error: unknown type name 'off_t'</code><br />
						</span>
            
            <a class="navhash" href="#600">#</a>
						
              <code id="600">   off_t total_bytes;</code><br />
						
            
            <a class="navhash" href="#601">#</a>
						
              <code id="601">   ^</code><br />
						
            
            <a class="navhash" href="#602">#</a>
						
              <code id="602">state.c:12:2: warning: implicit declaration of function 'strdup' [-Wimplicit-function-declaration]</code><br />
						
            
            <a class="navhash" href="#603">#</a>
						
              <code id="603">  s->start_time = strdup(current_time());</code><br />
						
            
            <a class="navhash" href="#604">#</a>
						
              <code id="604">  ^</code><br />
						
            
            <a class="navhash" href="#605">#</a>
						
              <code id="605">state.c:12:18: warning: incompatible implicit declaration of built-in function 'strdup' [enabled by default]</code><br />
						
            
            <a class="navhash" href="#606">#</a>
						
              <code id="606">  s->start_time = strdup(current_time());</code><br />
						
            
            <a class="navhash" href="#607">#</a>
						
              <code id="607">                  ^</code><br />
						
            
            <a class="navhash" href="#608">#</a>
						<span class="error">
              <code id="608">main.h:355:3: error: unknown type name 'off_t'</code><br />
						</span>
            
            <a class="navhash" href="#609">#</a>
						
              <code id="609">   off_t total_megs;</code><br />
						
            
            <a class="navhash" href="#610">#</a>
						
              <code id="610">   ^</code><br />
						
            
            <a class="navhash" href="#611">#</a>
						
              <code id="611">main.h:111:20: error: no include path in which to search for libgen.h</code><br />
						
            
            <a class="navhash" href="#612">#</a>
						
              <code id="612"> #include <libgen.h></code><br />
						
            
            <a class="navhash" href="#613">#</a>
						
              <code id="613">                    ^</code><br />
						
            
            <a class="navhash" href="#614">#</a>
						<span class="error">
              <code id="614">main.h:122:12: error: unknown type name 'FILE'</code><br />
						</span>
            
            <a class="navhash" href="#615">#</a>
						
              <code id="615"> int fseeko(FILE *stream, off_t offset, int whence);</code><br />
						
            
            <a class="navhash" href="#616">#</a>
						
              <code id="616">            ^</code><br />
						
            
            <a class="navhash" href="#617">#</a>
						<span class="error">
              <code id="617">main.h:356:3: error: unknown type name 'off_t'</code><br />
						</span>
            
            <a class="navhash" href="#618">#</a>
						
              <code id="618">   off_t bytes_read;</code><br />
						
            
            <a class="navhash" href="#619">#</a>
						
              <code id="619">   ^</code><br />
						
            
            <a class="navhash" href="#620">#</a>
						<span class="error">
              <code id="620">main.h:122:26: error: unknown type name 'off_t'</code><br />
						</span>
            
            <a class="navhash" href="#621">#</a>
						
              <code id="621"> int fseeko(FILE *stream, off_t offset, int whence);</code><br />
						
            
            <a class="navhash" href="#622">#</a>
						
              <code id="622">                          ^</code><br />
						
            
            <a class="navhash" href="#623">#</a>
						
              <code id="623">state.c:16:18: error: 'NULL' undeclared (first use in this function)</code><br />
						
            
            <a class="navhash" href="#624">#</a>
						
              <code id="624">  s->input_file = NULL;</code><br />
						
            
            <a class="navhash" href="#625">#</a>
						
              <code id="625">                  ^</code><br />
						
            
            <a class="navhash" href="#626">#</a>
						
              <code id="626">state.c:16:18: note: each undeclared identifier is reported only once for each function it appears in</code><br />
						
            
            <a class="navhash" href="#627">#</a>
						<span class="error">
              <code id="627">main.h:365:3: error: unknown type name 'FILE'</code><br />
						</span>
            
            <a class="navhash" href="#628">#</a>
						
              <code id="628">   FILE *handle;</code><br />
						
            
            <a class="navhash" href="#629">#</a>
						
              <code id="629">   ^</code><br />
						
            
            <a class="navhash" href="#630">#</a>
						<span class="error">
              <code id="630">main.h:123:1: error: unknown type name 'off_t'</code><br />
						</span>
            
            <a class="navhash" href="#631">#</a>
						
              <code id="631"> off_t ftello(FILE *stream);</code><br />
						
            
            <a class="navhash" href="#632">#</a>
						
              <code id="632"> ^</code><br />
						
            
            <a class="navhash" href="#633">#</a>
						<span class="error">
              <code id="633">main.h:123:14: error: unknown type name 'FILE'</code><br />
						</span>
            
            <a class="navhash" href="#634">#</a>
						
              <code id="634"> off_t ftello(FILE *stream);</code><br />
						
            
            <a class="navhash" href="#635">#</a>
						
              <code id="635">              ^</code><br />
						
            
            <a class="navhash" href="#636">#</a>
						
              <code id="636">main.h:137:19: error: no include path in which to search for fcntl.h</code><br />
						
            
            <a class="navhash" href="#637">#</a>
						
              <code id="637"> #include <fcntl.h></code><br />
						
            
            <a class="navhash" href="#638">#</a>
						
              <code id="638">                   ^</code><br />
						
            
            <a class="navhash" href="#639">#</a>
						
              <code id="639">state.c:24:2: warning: implicit declaration of function 'malloc' [-Wimplicit-function-declaration]</code><br />
						
            
            <a class="navhash" href="#640">#</a>
						
              <code id="640">  s->invocation = (char *)malloc(sizeof(char) * MAX_STRING_LENGTH);</code><br />
						
            
            <a class="navhash" href="#641">#</a>
						
              <code id="641">  ^</code><br />
						
            
            <a class="navhash" href="#642">#</a>
						
              <code id="642">state.c:24:26: warning: incompatible implicit declaration of built-in function 'malloc' [enabled by default]</code><br />
						
            
            <a class="navhash" href="#643">#</a>
						
              <code id="643">  s->invocation = (char *)malloc(sizeof(char) * MAX_STRING_LENGTH);</code><br />
						
            
            <a class="navhash" href="#644">#</a>
						
              <code id="644">                          ^</code><br />
						
            
            <a class="navhash" href="#645">#</a>
						<span class="error">
              <code id="645">main.h:393:27: error: unknown type name 'off_t'</code><br />
						</span>
            
            <a class="navhash" href="#646">#</a>
						
              <code id="646"> void set_mode(f_state *s, off_t new_mode);</code><br />
						
            
            <a class="navhash" href="#647">#</a>
						
              <code id="647">                           ^</code><br />
						
            
            <a class="navhash" href="#648">#</a>
						
              <code id="648">state.c:32:3: warning: implicit declaration of function 'strncat' [-Wimplicit-function-declaration]</code><br />
						
            
            <a class="navhash" href="#649">#</a>
						
              <code id="649">   strncat(s->invocation, *argv_copy, MAX_STRING_LENGTH - strlen(s->invocation));</code><br />
						
            
            <a class="navhash" href="#650">#</a>
						
              <code id="650">   ^</code><br />
						
            
            <a class="navhash" href="#651">#</a>
						<span class="error">
              <code id="651">main.h:394:26: error: unknown type name 'off_t'</code><br />
						</span>
            
            <a class="navhash" href="#652">#</a>
						
              <code id="652"> int get_mode(f_state *s, off_t check_mode);</code><br />
						
            
            <a class="navhash" href="#653">#</a>
						
              <code id="653">                          ^</code><br />
						
            
            <a class="navhash" href="#654">#</a>
						
              <code id="654">state.c:32:3: warning: incompatible implicit declaration of built-in function 'strncat' [enabled by default]</code><br />
						
            
            <a class="navhash" href="#655">#</a>
						<span class="error">
              <code id="655">main.h:298:3: error: unknown type name 'off_t'</code><br />
						</span>
            
            <a class="navhash" href="#656">#</a>
						
              <code id="656">   off_t mode;</code><br />
						
            
            <a class="navhash" href="#657">#</a>
						
              <code id="657">   ^</code><br />
						
            
            <a class="navhash" href="#658">#</a>
						
              <code id="658">state.c:32:3: warning: implicit declaration of function 'strlen' [-Wimplicit-function-declaration]</code><br />
						
            
            <a class="navhash" href="#659">#</a>
						
              <code id="659">state.c:32:58: warning: incompatible implicit declaration of built-in function 'strlen' [enabled by default]</code><br />
						
            
            <a class="navhash" href="#660">#</a>
						
              <code id="660">   strncat(s->invocation, *argv_copy, MAX_STRING_LENGTH - strlen(s->invocation));</code><br />
						
            
            <a class="navhash" href="#661">#</a>
						
              <code id="661">                                                          ^</code><br />
						
            
            <a class="navhash" href="#662">#</a>
						<span class="error">
              <code id="662">main.h:404:43: error: unknown type name 'size_t'</code><br />
						</span>
            
            <a class="navhash" href="#663">#</a>
						
              <code id="663"> void init_bm_table(unsigned char *needle, size_t table[UCHAR_MAX + 1], size_t len, int casesensitive,int searchtype);</code><br />
						
            
            <a class="navhash" href="#664">#</a>
						
              <code id="664">                                           ^</code><br />
						
            
            <a class="navhash" href="#665">#</a>
						<span class="error">
              <code id="665">main.h:305:3: error: unknown type name 'FILE'</code><br />
						</span>
            
            <a class="navhash" href="#666">#</a>
						
              <code id="666">   FILE *audit_file;</code><br />
						
            
            <a class="navhash" href="#667">#</a>
						
              <code id="667">   ^</code><br />
						
            
            <a class="navhash" href="#668">#</a>
						<span class="error">
              <code id="668">main.h:404:72: error: unknown type name 'size_t'</code><br />
						</span>
            
            <a class="navhash" href="#669">#</a>
						
              <code id="669"> void init_bm_table(unsigned char *needle, size_t table[UCHAR_MAX + 1], size_t len, int casesensitive,int searchtype);</code><br />
						
            
            <a class="navhash" href="#670">#</a>
						
              <code id="670">                                                                        ^</code><br />
						
            
            <a class="navhash" href="#671">#</a>
						
              <code id="671">state.c: In function 'free_state':</code><br />
						
            
            <a class="navhash" href="#672">#</a>
						<span class="error">
              <code id="672">main.h:320:5: error: unknown type name 'size_t'</code><br />
						</span>
            
            <a class="navhash" href="#673">#</a>
						
              <code id="673">     size_t marker_bm_table[UCHAR_MAX+1];</code><br />
						
            
            <a class="navhash" href="#674">#</a>
						
              <code id="674">     ^</code><br />
						
            
            <a class="navhash" href="#675">#</a>
						
              <code id="675">state.c:43:2: warning: implicit declaration of function 'free' [-Wimplicit-function-declaration]</code><br />
						
            
            <a class="navhash" href="#676">#</a>
						
              <code id="676">  free(s->start_time);</code><br />
						
            
            <a class="navhash" href="#677">#</a>
						
              <code id="677">  ^</code><br />
						
            
            <a class="navhash" href="#678">#</a>
						
              <code id="678">state.c:43:2: warning: incompatible implicit declaration of built-in function 'free' [enabled by default]</code><br />
						
            
            <a class="navhash" href="#679">#</a>
						
              <code id="679">main.h:320:28: error: 'UCHAR_MAX' undeclared here (not in a function)</code><br />
						
            
            <a class="navhash" href="#680">#</a>
						
              <code id="680">     size_t marker_bm_table[UCHAR_MAX+1];</code><br />
						
            
            <a class="navhash" href="#681">#</a>
						
              <code id="681">                            ^</code><br />
						
            
            <a class="navhash" href="#682">#</a>
						<span class="error">
              <code id="682">main.h:432:1: error: unknown type name 'off_t'</code><br />
						</span>
            
            <a class="navhash" href="#683">#</a>
						
              <code id="683"> off_t find_file_size(FILE *f);</code><br />
						
            
            <a class="navhash" href="#684">#</a>
						
              <code id="684"> ^</code><br />
						
            
            <a class="navhash" href="#685">#</a>
						<span class="error">
              <code id="685">main.h:330:5: error: unknown type name 'size_t'</code><br />
						</span>
            
            <a class="navhash" href="#686">#</a>
						
              <code id="686">     size_t header_bm_table[UCHAR_MAX+1];</code><br />
						
            
            <a class="navhash" href="#687">#</a>
						
              <code id="687">     ^</code><br />
						
            
            <a class="navhash" href="#688">#</a>
						<span class="error">
              <code id="688">main.h:432:22: error: unknown type name 'FILE'</code><br />
						</span>
            
            <a class="navhash" href="#689">#</a>
						
              <code id="689"> off_t find_file_size(FILE *f);</code><br />
						
            
            <a class="navhash" href="#690">#</a>
						
              <code id="690">                      ^</code><br />
						
            
            <a class="navhash" href="#691">#</a>
						
              <code id="691">state.c: In function 'set_config_file':</code><br />
						
            
            <a class="navhash" href="#692">#</a>
						<span class="error">
              <code id="692">main.h:334:5: error: unknown type name 'size_t'</code><br />
						</span>
            
            <a class="navhash" href="#693">#</a>
						
              <code id="693">     size_t footer_bm_table[UCHAR_MAX+1];</code><br />
						
            
            <a class="navhash" href="#694">#</a>
						
              <code id="694">     ^</code><br />
						
            
            <a class="navhash" href="#695">#</a>
						<span class="error">
              <code id="695">main.h:433:22: error: unknown type name 'off_t'</code><br />
						</span>
            
            <a class="navhash" href="#696">#</a>
						
              <code id="696"> char *human_readable(off_t size, char *buffer);</code><br />
						
            
            <a class="navhash" href="#697">#</a>
						
              <code id="697">                      ^</code><br />
						
            
            <a class="navhash" href="#698">#</a>
						
              <code id="698">state.c:70:12: error: 'PATH_MAX' undeclared (first use in this function)</code><br />
						
            
            <a class="navhash" href="#699">#</a>
						
              <code id="699">  char temp[PATH_MAX];</code><br />
						
            
            <a class="navhash" href="#700">#</a>
						
              <code id="700">            ^</code><br />
						
            
            <a class="navhash" href="#701">#</a>
						
              <code id="701">state.c:75:2: warning: implicit declaration of function 'realpath' [-Wimplicit-function-declaration]</code><br />
						
            
            <a class="navhash" href="#702">#</a>
						
              <code id="702">  realpath(fn, temp);</code><br />
						
            
            <a class="navhash" href="#703">#</a>
						
              <code id="703">  ^</code><br />
						
            
            <a class="navhash" href="#704">#</a>
						<span class="error">
              <code id="704">main.h:437:51: error: unknown type name 'size_t'</code><br />
						</span>
            
            <a class="navhash" href="#705">#</a>
						
              <code id="705"> int memwildcardcmp(const void *s1, const void *s2,size_t n,int caseSensitive);</code><br />
						
            
            <a class="navhash" href="#706">#</a>
						
              <code id="706">                                                   ^</code><br />
						
            
            <a class="navhash" href="#707">#</a>
						
              <code id="707">state.c:78:19: warning: incompatible implicit declaration of built-in function 'strdup' [enabled by default]</code><br />
						
            
            <a class="navhash" href="#708">#</a>
						
              <code id="708">  s->config_file = strdup(temp);</code><br />
						
            
            <a class="navhash" href="#709">#</a>
						
              <code id="709">                   ^</code><br />
						
            
            <a class="navhash" href="#710">#</a>
						<span class="error">
              <code id="710">main.h:351:3: error: unknown type name 'off_t'</code><br />
						</span>
            
            <a class="navhash" href="#711">#</a>
						
              <code id="711">   off_t total_bytes;</code><br />
						
            
            <a class="navhash" href="#712">#</a>
						
              <code id="712">   ^</code><br />
						
            
            <a class="navhash" href="#713">#</a>
						
              <code id="713">state.c:70:7: warning: unused variable 'temp' [-Wunused-variable]</code><br />
						
            
            <a class="navhash" href="#714">#</a>
						
              <code id="714">  char temp[PATH_MAX];</code><br />
						
            
            <a class="navhash" href="#715">#</a>
						
              <code id="715">       ^</code><br />
						
            
            <a class="navhash" href="#716">#</a>
						<span class="error">
              <code id="716">main.h:355:3: error: unknown type name 'off_t'</code><br />
						</span>
            
            <a class="navhash" href="#717">#</a>
						
              <code id="717">   off_t total_megs;</code><br />
						
            
            <a class="navhash" href="#718">#</a>
						
              <code id="718">   ^</code><br />
						
            
            <a class="navhash" href="#719">#</a>
						
              <code id="719">state.c: In function 'set_output_directory':</code><br />
						
            
            <a class="navhash" href="#720">#</a>
						<span class="error">
              <code id="720">main.h:451:46: error: unknown type name 'va_list'</code><br />
						</span>
            
            <a class="navhash" href="#721">#</a>
						
              <code id="721"> void print_message(f_state *s, char *format, va_list argp);</code><br />
						
            
            <a class="navhash" href="#722">#</a>
						
              <code id="722">                                              ^</code><br />
						
            
            <a class="navhash" href="#723">#</a>
						<span class="error">
              <code id="723">main.h:356:3: error: unknown type name 'off_t'</code><br />
						</span>
            
            <a class="navhash" href="#724">#</a>
						
              <code id="724">   off_t bytes_read;</code><br />
						
            
            <a class="navhash" href="#725">#</a>
						
              <code id="725">   ^</code><br />
						
            
            <a class="navhash" href="#726">#</a>
						
              <code id="726">state.c:89:12: error: 'PATH_MAX' undeclared (first use in this function)</code><br />
						
            
            <a class="navhash" href="#727">#</a>
						
              <code id="727">  char temp[PATH_MAX];</code><br />
						
            
            <a class="navhash" href="#728">#</a>
						
              <code id="728">            ^</code><br />
						
            
            <a class="navhash" href="#729">#</a>
						<span class="error">
              <code id="729">main.h:365:3: error: unknown type name 'FILE'</code><br />
						</span>
            
            <a class="navhash" href="#730">#</a>
						
              <code id="730">   FILE *handle;</code><br />
						
            
            <a class="navhash" href="#731">#</a>
						
              <code id="731">   ^</code><br />
						
            
            <a class="navhash" href="#732">#</a>
						<span class="error">
              <code id="732">main.h:457:49: error: unknown type name 'size_t'</code><br />
						</span>
            
            <a class="navhash" href="#733">#</a>
						
              <code id="733"> unsigned char *bm_search(unsigned char *needle, size_t needle_len,unsigned char *haystack, size_t haystack_len,</code><br />
						
            
            <a class="navhash" href="#734">#</a>
						
              <code id="734">                                                 ^</code><br />
						
            
            <a class="navhash" href="#735">#</a>
						
              <code id="735">state.c:97:14: warning: incompatible implicit declaration of built-in function 'strlen' [enabled by default]</code><br />
						
            
            <a class="navhash" href="#736">#</a>
						
              <code id="736">  fullpathlen=strlen(temp);</code><br />
						
            
            <a class="navhash" href="#737">#</a>
						
              <code id="737">              ^</code><br />
						
            
            <a class="navhash" href="#738">#</a>
						
              <code id="738">state.c:101:25: warning: incompatible implicit declaration of built-in function 'strdup' [enabled by default]</code><br />
						
            
            <a class="navhash" href="#739">#</a>
						
              <code id="739">   s->output_directory = strdup(temp);</code><br />
						
            
            <a class="navhash" href="#740">#</a>
						
              <code id="740">                         ^</code><br />
						
            
            <a class="navhash" href="#741">#</a>
						<span class="error">
              <code id="741">main.h:457:92: error: unknown type name 'size_t'</code><br />
						</span>
            
            <a class="navhash" href="#742">#</a>
						
              <code id="742"> unsigned char *bm_search(unsigned char *needle, size_t needle_len,unsigned char *haystack, size_t haystack_len,</code><br />
						
            
            <a class="navhash" href="#743">#</a>
						
              <code id="743">                                                                                            ^</code><br />
						
            
            <a class="navhash" href="#744">#</a>
						
              <code id="744">state.c:106:25: warning: incompatible implicit declaration of built-in function 'strdup' [enabled by default]</code><br />
						
            
            <a class="navhash" href="#745">#</a>
						
              <code id="745">   s->output_directory = strdup(fn);</code><br />
						
            
            <a class="navhash" href="#746">#</a>
						
              <code id="746">                         ^</code><br />
						
            
            <a class="navhash" href="#747">#</a>
						<span class="error">
              <code id="747">main.h:458:2: error: unknown type name 'size_t'</code><br />
						</span>
            
            <a class="navhash" href="#748">#</a>
						
              <code id="748">  size_t table[UCHAR_MAX + 1], int case_sen,int searchtype);</code><br />
						
            
            <a class="navhash" href="#749">#</a>
						
              <code id="749">  ^</code><br />
						
            
            <a class="navhash" href="#750">#</a>
						<span class="error">
              <code id="750">main.h:393:27: error: unknown type name 'off_t'</code><br />
						</span>
            
            <a class="navhash" href="#751">#</a>
						
              <code id="751"> void set_mode(f_state *s, off_t new_mode);</code><br />
						
            
            <a class="navhash" href="#752">#</a>
						
              <code id="752">                           ^</code><br />
						
            
            <a class="navhash" href="#753">#</a>
						
              <code id="753">state.c:89:7: warning: unused variable 'temp' [-Wunused-variable]</code><br />
						
            
            <a class="navhash" href="#754">#</a>
						
              <code id="754">  char temp[PATH_MAX];</code><br />
						
            
            <a class="navhash" href="#755">#</a>
						
              <code id="755">       ^</code><br />
						
            
            <a class="navhash" href="#756">#</a>
						<span class="error">
              <code id="756">main.h:394:26: error: unknown type name 'off_t'</code><br />
						</span>
            
            <a class="navhash" href="#757">#</a>
						
              <code id="757"> int get_mode(f_state *s, off_t check_mode);</code><br />
						
            
            <a class="navhash" href="#758">#</a>
						
              <code id="758">                          ^</code><br />
						
            
            <a class="navhash" href="#759">#</a>
						<span class="error">
              <code id="759">main.h:459:55: error: unknown type name 'size_t'</code><br />
						</span>
            
            <a class="navhash" href="#760">#</a>
						
              <code id="760"> unsigned char *bm_search_skipn(unsigned char *needle, size_t needle_len,unsigned char *haystack, size_t haystack_len,</code><br />
						
            
            <a class="navhash" href="#761">#</a>
						
              <code id="761">                                                       ^</code><br />
						
            
            <a class="navhash" href="#762">#</a>
						
              <code id="762">state.c: At top level:</code><br />
						
            
            <a class="navhash" href="#763">#</a>
						<span class="error">
              <code id="763">state.c:111:26: error: unknown type name 'off_t'</code><br />
						</span>
            
            <a class="navhash" href="#764">#</a>
						
              <code id="764"> int get_mode(f_state *s, off_t check_mode)</code><br />
						
            
            <a class="navhash" href="#765">#</a>
						
              <code id="765">                          ^</code><br />
						
            
            <a class="navhash" href="#766">#</a>
						<span class="error">
              <code id="766">main.h:459:98: error: unknown type name 'size_t'</code><br />
						</span>
            
            <a class="navhash" href="#767">#</a>
						
              <code id="767"> unsigned char *bm_search_skipn(unsigned char *needle, size_t needle_len,unsigned char *haystack, size_t haystack_len,</code><br />
						
            
            <a class="navhash" href="#768">#</a>
						
              <code id="768">                                                                                                  ^</code><br />
						
            
            <a class="navhash" href="#769">#</a>
						<span class="error">
              <code id="769">state.c:116:27: error: unknown type name 'off_t'</code><br />
						</span>
            
            <a class="navhash" href="#770">#</a>
						
              <code id="770"> void set_mode(f_state *s, off_t new_mode)</code><br />
						
            
            <a class="navhash" href="#771">#</a>
						
              <code id="771">                           ^</code><br />
						
            
            <a class="navhash" href="#772">#</a>
						<span class="error">
              <code id="772">main.h:404:43: error: unknown type name 'size_t'</code><br />
						</span>
            
            <a class="navhash" href="#773">#</a>
						
              <code id="773"> void init_bm_table(unsigned char *needle, size_t table[UCHAR_MAX + 1], size_t len, int casesensitive,int searchtype);</code><br />
						
            
            <a class="navhash" href="#774">#</a>
						
              <code id="774">                                           ^</code><br />
						
            
            <a class="navhash" href="#775">#</a>
						<span class="error">
              <code id="775">main.h:460:2: error: unknown type name 'size_t'</code><br />
						</span>
            
            <a class="navhash" href="#776">#</a>
						
              <code id="776">  size_t table[UCHAR_MAX + 1], int casesensitive,int searchtype, int start_pos) ; </code><br />
						
            
            <a class="navhash" href="#777">#</a>
						
              <code id="777">  ^</code><br />
						
            
            <a class="navhash" href="#778">#</a>
						<span class="error">
              <code id="778">main.h:404:72: error: unknown type name 'size_t'</code><br />
						</span>
            
            <a class="navhash" href="#779">#</a>
						
              <code id="779"> void init_bm_table(unsigned char *needle, size_t table[UCHAR_MAX + 1], size_t len, int casesensitive,int searchtype);</code><br />
						
            
            <a class="navhash" href="#780">#</a>
						
              <code id="780">                                                                        ^</code><br />
						
            
            <a class="navhash" href="#781">#</a>
						
              <code id="781">helpers.c: In function 'chop':</code><br />
						
            
            <a class="navhash" href="#782">#</a>
						
              <code id="782">helpers.c:24:2: warning: implicit declaration of function 'strlen' [-Wimplicit-function-declaration]</code><br />
						
            
            <a class="navhash" href="#783">#</a>
						
              <code id="783">  unsigned int len = strlen(buf);</code><br />
						
            
            <a class="navhash" href="#784">#</a>
						
              <code id="784">  ^</code><br />
						
            
            <a class="navhash" href="#785">#</a>
						
              <code id="785">helpers.c:24:21: warning: incompatible implicit declaration of built-in function 'strlen' [enabled by default]</code><br />
						
            
            <a class="navhash" href="#786">#</a>
						
              <code id="786">  unsigned int len = strlen(buf);</code><br />
						
            
            <a class="navhash" href="#787">#</a>
						
              <code id="787">                     ^</code><br />
						
            
            <a class="navhash" href="#788">#</a>
						<span class="error">
              <code id="788">main.h:432:1: error: unknown type name 'off_t'</code><br />
						</span>
            
            <a class="navhash" href="#789">#</a>
						
              <code id="789"> off_t find_file_size(FILE *f);</code><br />
						
            
            <a class="navhash" href="#790">#</a>
						
              <code id="790"> ^</code><br />
						
            
            <a class="navhash" href="#791">#</a>
						
              <code id="791">state.c: In function 'open_audit_file':</code><br />
						
            
            <a class="navhash" href="#792">#</a>
						<span class="error">
              <code id="792">main.h:432:22: error: unknown type name 'FILE'</code><br />
						</span>
            
            <a class="navhash" href="#793">#</a>
						
              <code id="793"> off_t find_file_size(FILE *f);</code><br />
						
            
            <a class="navhash" href="#794">#</a>
						
              <code id="794">                      ^</code><br />
						
            
            <a class="navhash" href="#795">#</a>
						
              <code id="795">state.c:151:2: warning: implicit declaration of function 'snprintf' [-Wimplicit-function-declaration]</code><br />
						
            
            <a class="navhash" href="#796">#</a>
						
              <code id="796">  snprintf(fn,</code><br />
						
            
            <a class="navhash" href="#797">#</a>
						
              <code id="797">  ^</code><br />
						
            
            <a class="navhash" href="#798">#</a>
						
              <code id="798">state.c:151:2: warning: incompatible implicit declaration of built-in function 'snprintf' [enabled by default]</code><br />
						
            
            <a class="navhash" href="#799">#</a>
						<span class="error">
              <code id="799">main.h:433:22: error: unknown type name 'off_t'</code><br />
						</span>
            
            <a class="navhash" href="#800">#</a>
						
              <code id="800"> char *human_readable(off_t size, char *buffer);</code><br />
						
            
            <a class="navhash" href="#801">#</a>
						
              <code id="801">                      ^</code><br />
						
            
            <a class="navhash" href="#802">#</a>
						
              <code id="802">state.c:158:2: warning: implicit declaration of function 'fopen' [-Wimplicit-function-declaration]</code><br />
						
            
            <a class="navhash" href="#803">#</a>
						
              <code id="803">  if ((s->audit_file = fopen(fn, "w")) == NULL)</code><br />
						
            
            <a class="navhash" href="#804">#</a>
						
              <code id="804">  ^</code><br />
						
            
            <a class="navhash" href="#805">#</a>
						<span class="error">
              <code id="805">main.h:437:51: error: unknown type name 'size_t'</code><br />
						</span>
            
            <a class="navhash" href="#806">#</a>
						
              <code id="806"> int memwildcardcmp(const void *s1, const void *s2,size_t n,int caseSensitive);</code><br />
						
            
            <a class="navhash" href="#807">#</a>
						
              <code id="807">                                                   ^</code><br />
						
            
            <a class="navhash" href="#808">#</a>
						
              <code id="808">helpers.c: At top level:</code><br />
						
            
            <a class="navhash" href="#809">#</a>
						<span class="error">
              <code id="809">helpers.c:57:22: error: unknown type name 'off_t'</code><br />
						</span>
            
            <a class="navhash" href="#810">#</a>
						
              <code id="810"> char *human_readable(off_t size, char *buffer)</code><br />
						
            
            <a class="navhash" href="#811">#</a>
						
              <code id="811">                      ^</code><br />
						
            
            <a class="navhash" href="#812">#</a>
						
              <code id="812">state.c:158:21: warning: assignment makes pointer from integer without a cast [enabled by default]</code><br />
						
            
            <a class="navhash" href="#813">#</a>
						
              <code id="813">  if ((s->audit_file = fopen(fn, "w")) == NULL)</code><br />
						
            
            <a class="navhash" href="#814">#</a>
						
              <code id="814">                     ^</code><br />
						
            
            <a class="navhash" href="#815">#</a>
						
              <code id="815">state.c:158:42: error: 'NULL' undeclared (first use in this function)</code><br />
						
            
            <a class="navhash" href="#816">#</a>
						
              <code id="816">  if ((s->audit_file = fopen(fn, "w")) == NULL)</code><br />
						
            
            <a class="navhash" href="#817">#</a>
						
              <code id="817">                                          ^</code><br />
						
            
            <a class="navhash" href="#818">#</a>
						
              <code id="818">helpers.c: In function 'current_time':</code><br />
						
            
            <a class="navhash" href="#819">#</a>
						<span class="error">
              <code id="819">helpers.c:83:2: error: unknown type name 'time_t'</code><br />
						</span>
            
            <a class="navhash" href="#820">#</a>
						
              <code id="820">  time_t now = time(NULL);</code><br />
						
            
            <a class="navhash" href="#821">#</a>
						
              <code id="821">  ^</code><br />
						
            
            <a class="navhash" href="#822">#</a>
						
              <code id="822">helpers.c:83:2: warning: implicit declaration of function 'time' [-Wimplicit-function-declaration]</code><br />
						
            
            <a class="navhash" href="#823">#</a>
						
              <code id="823">state.c:160:3: warning: implicit declaration of function 'strerror' [-Wimplicit-function-declaration]</code><br />
						
            
            <a class="navhash" href="#824">#</a>
						
              <code id="824">   print_error(s, fn, strerror(errno));</code><br />
						
            
            <a class="navhash" href="#825">#</a>
						
              <code id="825">   ^</code><br />
						
            
            <a class="navhash" href="#826">#</a>
						<span class="error">
              <code id="826">main.h:451:46: error: unknown type name 'va_list'</code><br />
						</span>
            
            <a class="navhash" href="#827">#</a>
						
              <code id="827"> void print_message(f_state *s, char *format, va_list argp);</code><br />
						
            
            <a class="navhash" href="#828">#</a>
						
              <code id="828">                                              ^</code><br />
						
            
            <a class="navhash" href="#829">#</a>
						
              <code id="829">helpers.c:83:20: error: 'NULL' undeclared (first use in this function)</code><br />
						
            
            <a class="navhash" href="#830">#</a>
						
              <code id="830">  time_t now = time(NULL);</code><br />
						
            
            <a class="navhash" href="#831">#</a>
						
              <code id="831">                    ^</code><br />
						
            
            <a class="navhash" href="#832">#</a>
						
              <code id="832">helpers.c:83:20: note: each undeclared identifier is reported only once for each function it appears in</code><br />
						
            
            <a class="navhash" href="#833">#</a>
						
              <code id="833">state.c:160:31: error: 'errno' undeclared (first use in this function)</code><br />
						
            
            <a class="navhash" href="#834">#</a>
						
              <code id="834">   print_error(s, fn, strerror(errno));</code><br />
						
            
            <a class="navhash" href="#835">#</a>
						
              <code id="835">                               ^</code><br />
						
            
            <a class="navhash" href="#836">#</a>
						
              <code id="836">helpers.c:84:2: warning: implicit declaration of function 'ctime' [-Wimplicit-function-declaration]</code><br />
						
            
            <a class="navhash" href="#837">#</a>
						
              <code id="837">  char *ascii_time = ctime(&now);</code><br />
						
            
            <a class="navhash" href="#838">#</a>
						
              <code id="838">  ^</code><br />
						
            
            <a class="navhash" href="#839">#</a>
						<span class="error">
              <code id="839">main.h:457:49: error: unknown type name 'size_t'</code><br />
						</span>
            
            <a class="navhash" href="#840">#</a>
						
              <code id="840"> unsigned char *bm_search(unsigned char *needle, size_t needle_len,unsigned char *haystack, size_t haystack_len,</code><br />
						
            
            <a class="navhash" href="#841">#</a>
						
              <code id="841">                                                 ^</code><br />
						
            
            <a class="navhash" href="#842">#</a>
						
              <code id="842">helpers.c:84:21: warning: initialization makes pointer from integer without a cast [enabled by default]</code><br />
						
            
            <a class="navhash" href="#843">#</a>
						
              <code id="843">  char *ascii_time = ctime(&now);</code><br />
						
            
            <a class="navhash" href="#844">#</a>
						
              <code id="844">                     ^</code><br />
						
            
            <a class="navhash" href="#845">#</a>
						<span class="error">
              <code id="845">main.h:457:92: error: unknown type name 'size_t'</code><br />
						</span>
            
            <a class="navhash" href="#846">#</a>
						
              <code id="846"> unsigned char *bm_search(unsigned char *needle, size_t needle_len,unsigned char *haystack, size_t haystack_len,</code><br />
						
            
            <a class="navhash" href="#847">#</a>
						
              <code id="847">                                                                                            ^</code><br />
						
            
            <a class="navhash" href="#848">#</a>
						
              <code id="848">helpers.c: In function 'shift_string':</code><br />
						
            
            <a class="navhash" href="#849">#</a>
						
              <code id="849">helpers.c:93:27: warning: incompatible implicit declaration of built-in function 'strlen' [enabled by default]</code><br />
						
            
            <a class="navhash" href="#850">#</a>
						
              <code id="850">  if (start < 0 || start > strlen(fn) || new_start < 0 || new_start < start)</code><br />
						
            
            <a class="navhash" href="#851">#</a>
						
              <code id="851">                           ^</code><br />
						
            
            <a class="navhash" href="#852">#</a>
						
              <code id="852">state.c: In function 'close_audit_file':</code><br />
						
            
            <a class="navhash" href="#853">#</a>
						<span class="error">
              <code id="853">main.h:458:2: error: unknown type name 'size_t'</code><br />
						</span>
            
            <a class="navhash" href="#854">#</a>
						
              <code id="854">  size_t table[UCHAR_MAX + 1], int case_sen,int searchtype);</code><br />
						
            
            <a class="navhash" href="#855">#</a>
						
              <code id="855">  ^</code><br />
						
            
            <a class="navhash" href="#856">#</a>
						
              <code id="856">state.c:176:2: warning: implicit declaration of function 'fclose' [-Wimplicit-function-declaration]</code><br />
						
            
            <a class="navhash" href="#857">#</a>
						
              <code id="857">  if (fclose(s->audit_file))</code><br />
						
            
            <a class="navhash" href="#858">#</a>
						
              <code id="858">  ^</code><br />
						
            
            <a class="navhash" href="#859">#</a>
						<span class="error">
              <code id="859">main.h:459:55: error: unknown type name 'size_t'</code><br />
						</span>
            
            <a class="navhash" href="#860">#</a>
						
              <code id="860"> unsigned char *bm_search_skipn(unsigned char *needle, size_t needle_len,unsigned char *haystack, size_t haystack_len,</code><br />
						
            
            <a class="navhash" href="#861">#</a>
						
              <code id="861">                                                       ^</code><br />
						
            
            <a class="navhash" href="#862">#</a>
						
              <code id="862">helpers.c: In function 'make_magic':</code><br />
						
            
            <a class="navhash" href="#863">#</a>
						
              <code id="863">state.c:178:44: error: 'errno' undeclared (first use in this function)</code><br />
						
            
            <a class="navhash" href="#864">#</a>
						
              <code id="864">   print_error(s, AUDIT_FILE_NAME, strerror(errno));</code><br />
						
            
            <a class="navhash" href="#865">#</a>
						
              <code id="865">                                            ^</code><br />
						
            
            <a class="navhash" href="#866">#</a>
						
              <code id="866">helpers.c:108:2: warning: implicit declaration of function 'printf' [-Wimplicit-function-declaration]</code><br />
						
            
            <a class="navhash" href="#867">#</a>
						
              <code id="867">  printf("%s%s",</code><br />
						
            
            <a class="navhash" href="#868">#</a>
						
              <code id="868">  ^</code><br />
						
            
            <a class="navhash" href="#869">#</a>
						<span class="error">
              <code id="869">main.h:459:98: error: unknown type name 'size_t'</code><br />
						</span>
            
            <a class="navhash" href="#870">#</a>
						
              <code id="870"> unsigned char *bm_search_skipn(unsigned char *needle, size_t needle_len,unsigned char *haystack, size_t haystack_len,</code><br />
						
            
            <a class="navhash" href="#871">#</a>
						
              <code id="871">                                                                                                  ^</code><br />
						
            
            <a class="navhash" href="#872">#</a>
						
              <code id="872">helpers.c:108:2: warning: incompatible implicit declaration of built-in function 'printf' [enabled by default]</code><br />
						
            
            <a class="navhash" href="#873">#</a>
						<span class="error">
              <code id="873">main.h:460:2: error: unknown type name 'size_t'</code><br />
						</span>
            
            <a class="navhash" href="#874">#</a>
						
              <code id="874">  size_t table[UCHAR_MAX + 1], int casesensitive,int searchtype, int start_pos) ; </code><br />
						
            
            <a class="navhash" href="#875">#</a>
						
              <code id="875">  ^</code><br />
						
            
            <a class="navhash" href="#876">#</a>
						
              <code id="876">state.c: In function 'audit_msg':</code><br />
						
            
            <a class="navhash" href="#877">#</a>
						
              <code id="877">helpers.c: At top level:</code><br />
						
            
            <a class="navhash" href="#878">#</a>
						<span class="error">
              <code id="878">state.c:187:2: error: unknown type name 'va_list'</code><br />
						</span>
            
            <a class="navhash" href="#879">#</a>
						
              <code id="879">  va_list argp;</code><br />
						
            
            <a class="navhash" href="#880">#</a>
						
              <code id="880">  ^</code><br />
						
            
            <a class="navhash" href="#881">#</a>
						<span class="error">
              <code id="881">helpers.c:118:1: error: unknown type name 'off_t'</code><br />
						</span>
            
            <a class="navhash" href="#882">#</a>
						
              <code id="882"> off_t find_file_size(FILE *f)</code><br />
						
            
            <a class="navhash" href="#883">#</a>
						
              <code id="883"> ^</code><br />
						
            
            <a class="navhash" href="#884">#</a>
						<span class="error">
              <code id="884">helpers.c:118:22: error: unknown type name 'FILE'</code><br />
						</span>
            
            <a class="navhash" href="#885">#</a>
						
              <code id="885"> off_t find_file_size(FILE *f)</code><br />
						
            
            <a class="navhash" href="#886">#</a>
						
              <code id="886">                      ^</code><br />
						
            
            <a class="navhash" href="#887">#</a>
						
              <code id="887">state.c:188:2: warning: implicit declaration of function 'va_start' [-Wimplicit-function-declaration]</code><br />
						
            
            <a class="navhash" href="#888">#</a>
						
              <code id="888">  va_start(argp, format);</code><br />
						
            
            <a class="navhash" href="#889">#</a>
						
              <code id="889">  ^</code><br />
						
            
            <a class="navhash" href="#890">#</a>
						
              <code id="890">state.c:190:2: warning: implicit declaration of function 'get_mode' [-Wimplicit-function-declaration]</code><br />
						
            
            <a class="navhash" href="#891">#</a>
						
              <code id="891">  if (get_mode(s, mode_verbose)) {</code><br />
						
            
            <a class="navhash" href="#892">#</a>
						
              <code id="892">  ^</code><br />
						
            
            <a class="navhash" href="#893">#</a>
						
              <code id="893">config.c: In function 'translate':</code><br />
						
            
            <a class="navhash" href="#894">#</a>
						
              <code id="894">config.c:27:6: warning: value computed is not used [-Wunused-value]</code><br />
						
            
            <a class="navhash" href="#895">#</a>
						
              <code id="895">      *rd++;</code><br />
						
            
            <a class="navhash" href="#896">#</a>
						
              <code id="896">      ^</code><br />
						
            
            <a class="navhash" href="#897">#</a>
						
              <code id="897">state.c:191:3: warning: implicit declaration of function 'print_message' [-Wimplicit-function-declaration]</code><br />
						
            
            <a class="navhash" href="#898">#</a>
						
              <code id="898">   print_message(s, format, argp);</code><br />
						
            
            <a class="navhash" href="#899">#</a>
						
              <code id="899">   ^</code><br />
						
            
            <a class="navhash" href="#900">#</a>
						
              <code id="900">helpers.c: In function 'print_search_specs':</code><br />
						
            
            <a class="navhash" href="#901">#</a>
						
              <code id="901">config.c:32:6: warning: value computed is not used [-Wunused-value]</code><br />
						
            
            <a class="navhash" href="#902">#</a>
						
              <code id="902">      *rd++;</code><br />
						
            
            <a class="navhash" href="#903">#</a>
						
              <code id="903">      ^</code><br />
						
            
            <a class="navhash" href="#904">#</a>
						
              <code id="904">state.c:192:3: warning: implicit declaration of function 'va_end' [-Wimplicit-function-declaration]</code><br />
						
            
            <a class="navhash" href="#905">#</a>
						
              <code id="905">   va_end(argp);</code><br />
						
            
            <a class="navhash" href="#906">#</a>
						
              <code id="906">   ^</code><br />
						
            
            <a class="navhash" href="#907">#</a>
						
              <code id="907">config.c:37:6: warning: value computed is not used [-Wunused-value]</code><br />
						
            
            <a class="navhash" href="#908">#</a>
						
              <code id="908">      *rd++;</code><br />
						
            
            <a class="navhash" href="#909">#</a>
						
              <code id="909">      ^</code><br />
						
            
            <a class="navhash" href="#910">#</a>
						
              <code id="910">helpers.c:325:2: warning: incompatible implicit declaration of built-in function 'printf' [enabled by default]</code><br />
						
            
            <a class="navhash" href="#911">#</a>
						
              <code id="911">  printf("\nDUMPING BUILTIN SEARCH INFO\n\t");</code><br />
						
            
            <a class="navhash" href="#912">#</a>
						
              <code id="912">  ^</code><br />
						
            
            <a class="navhash" href="#913">#</a>
						
              <code id="913">config.c:42:6: warning: value computed is not used [-Wunused-value]</code><br />
						
            
            <a class="navhash" href="#914">#</a>
						
              <code id="914">      *rd++;</code><br />
						
            
            <a class="navhash" href="#915">#</a>
						
              <code id="915">      ^</code><br />
						
            
            <a class="navhash" href="#916">#</a>
						
              <code id="916">state.c:196:2: warning: implicit declaration of function 'vfprintf' [-Wimplicit-function-declaration]</code><br />
						
            
            <a class="navhash" href="#917">#</a>
						
              <code id="917">  vfprintf(s->audit_file, format, argp);</code><br />
						
            
            <a class="navhash" href="#918">#</a>
						
              <code id="918">  ^</code><br />
						
            
            <a class="navhash" href="#919">#</a>
						
              <code id="919">config.c:47:6: warning: value computed is not used [-Wunused-value]</code><br />
						
            
            <a class="navhash" href="#920">#</a>
						
              <code id="920">      *rd++;</code><br />
						
            
            <a class="navhash" href="#921">#</a>
						
              <code id="921">      ^</code><br />
						
            
            <a class="navhash" href="#922">#</a>
						
              <code id="922">config.c:52:6: warning: value computed is not used [-Wunused-value]</code><br />
						
            
            <a class="navhash" href="#923">#</a>
						
              <code id="923">      *rd++;</code><br />
						
            
            <a class="navhash" href="#924">#</a>
						
              <code id="924">      ^</code><br />
						
            
            <a class="navhash" href="#925">#</a>
						
              <code id="925">state.c:199:2: warning: implicit declaration of function 'fprintf' [-Wimplicit-function-declaration]</code><br />
						
            
            <a class="navhash" href="#926">#</a>
						
              <code id="926">  fprintf(s->audit_file, "%s", NEWLINE);</code><br />
						
            
            <a class="navhash" href="#927">#</a>
						
              <code id="927">  ^</code><br />
						
            
            <a class="navhash" href="#928">#</a>
						
              <code id="928">state.c:199:2: warning: incompatible implicit declaration of built-in function 'fprintf' [enabled by default]</code><br />
						
            
            <a class="navhash" href="#929">#</a>
						
              <code id="929">config.c:57:6: warning: value computed is not used [-Wunused-value]</code><br />
						
            
            <a class="navhash" href="#930">#</a>
						
              <code id="930">      *rd++;</code><br />
						
            
            <a class="navhash" href="#931">#</a>
						
              <code id="931">      ^</code><br />
						
            
            <a class="navhash" href="#932">#</a>
						
              <code id="932">state.c:200:2: warning: implicit declaration of function 'fflush' [-Wimplicit-function-declaration]</code><br />
						
            
            <a class="navhash" href="#933">#</a>
						
              <code id="933">  fflush(stdout);</code><br />
						
            
            <a class="navhash" href="#934">#</a>
						
              <code id="934">  ^</code><br />
						
            
            <a class="navhash" href="#935">#</a>
						
              <code id="935">state.c:200:9: error: 'stdout' undeclared (first use in this function)</code><br />
						
            
            <a class="navhash" href="#936">#</a>
						
              <code id="936">  fflush(stdout);</code><br />
						
            
            <a class="navhash" href="#937">#</a>
						
              <code id="937">         ^</code><br />
						
            
            <a class="navhash" href="#938">#</a>
						
              <code id="938">state.c: In function 'set_input_file':</code><br />
						
            
            <a class="navhash" href="#939">#</a>
						
              <code id="939">state.c:205:26: warning: incompatible implicit declaration of built-in function 'malloc' [enabled by default]</code><br />
						
            
            <a class="navhash" href="#940">#</a>
						
              <code id="940">  s->input_file = (char *)malloc((strlen(filename) + 1) * sizeof(char));</code><br />
						
            
            <a class="navhash" href="#941">#</a>
						
              <code id="941">                          ^</code><br />
						
            
            <a class="navhash" href="#942">#</a>
						
              <code id="942">config.c:75:6: warning: implicit declaration of function 'strncpy' [-Wimplicit-function-declaration]</code><br />
						
            
            <a class="navhash" href="#943">#</a>
						
              <code id="943">      strncpy(temp + 1, rd, 3);</code><br />
						
            
            <a class="navhash" href="#944">#</a>
						
              <code id="944">      ^</code><br />
						
            
            <a class="navhash" href="#945">#</a>
						
              <code id="945">config.c:75:6: warning: incompatible implicit declaration of built-in function 'strncpy' [enabled by default]</code><br />
						
            
            <a class="navhash" href="#946">#</a>
						
              <code id="946">state.c:205:34: warning: incompatible implicit declaration of built-in function 'strlen' [enabled by default]</code><br />
						
            
            <a class="navhash" href="#947">#</a>
						
              <code id="947">  s->input_file = (char *)malloc((strlen(filename) + 1) * sizeof(char));</code><br />
						
            
            <a class="navhash" href="#948">#</a>
						
              <code id="948">                                  ^</code><br />
						
            
            <a class="navhash" href="#949">#</a>
						
              <code id="949">config.c:77:6: warning: implicit declaration of function 'strtoul' [-Wimplicit-function-declaration]</code><br />
						
            
            <a class="navhash" href="#950">#</a>
						
              <code id="950">      ch = strtoul(temp, &bad, 0);</code><br />
						
            
            <a class="navhash" href="#951">#</a>
						
              <code id="951">      ^</code><br />
						
            
            <a class="navhash" href="#952">#</a>
						
              <code id="952">helpers.c: In function 'charactersMatch':</code><br />
						
            
            <a class="navhash" href="#953">#</a>
						
              <code id="953">state.c:206:2: warning: implicit declaration of function 'strncpy' [-Wimplicit-function-declaration]</code><br />
						
            
            <a class="navhash" href="#954">#</a>
						
              <code id="954">  strncpy(s->input_file, filename, strlen(filename) + 1);</code><br />
						
            
            <a class="navhash" href="#955">#</a>
						
              <code id="955">  ^</code><br />
						
            
            <a class="navhash" href="#956">#</a>
						
              <code id="956">state.c:206:2: warning: incompatible implicit declaration of built-in function 'strncpy' [enabled by default]</code><br />
						
            
            <a class="navhash" href="#957">#</a>
						
              <code id="957">helpers.c:378:2: warning: implicit declaration of function 'abs' [-Wimplicit-function-declaration]</code><br />
						
            
            <a class="navhash" href="#958">#</a>
						
              <code id="958">  return (abs(a - b) == 32);</code><br />
						
            
            <a class="navhash" href="#959">#</a>
						
              <code id="959">  ^</code><br />
						
            
            <a class="navhash" href="#960">#</a>
						
              <code id="960">config.c: In function 'skipWhiteSpace':</code><br />
						
            
            <a class="navhash" href="#961">#</a>
						
              <code id="961">helpers.c: At top level:</code><br />
						
            
            <a class="navhash" href="#962">#</a>
						
              <code id="962">config.c:101:2: warning: implicit declaration of function 'isspace' [-Wimplicit-function-declaration]</code><br />
						
            
            <a class="navhash" href="#963">#</a>
						
              <code id="963">  while (isspace(str[0]))</code><br />
						
            
            <a class="navhash" href="#964">#</a>
						
              <code id="964">  ^</code><br />
						
            
            <a class="navhash" href="#965">#</a>
						
              <code id="965">state.c: In function 'init_builtin':</code><br />
						
            
            <a class="navhash" href="#966">#</a>
						<span class="error">
              <code id="966">helpers.c:381:52: error: unknown type name 'size_t'</code><br />
						</span>
            
            <a class="navhash" href="#967">#</a>
						
              <code id="967"> int memwildcardcmp(const void *s1, const void *s2, size_t n, int caseSensitive)</code><br />
						
            
            <a class="navhash" href="#968">#</a>
						
              <code id="968">                                                    ^</code><br />
						
            
            <a class="navhash" href="#969">#</a>
						
              <code id="969">state.c:217:34: warning: incompatible implicit declaration of built-in function 'malloc' [enabled by default]</code><br />
						
            
            <a class="navhash" href="#970">#</a>
						
              <code id="970">  search_spec[i].suffix = (char *)malloc((strlen(suffix)+1) * sizeof(char));</code><br />
						
            
            <a class="navhash" href="#971">#</a>
						
              <code id="971">                                  ^</code><br />
						
            
            <a class="navhash" href="#972">#</a>
						
              <code id="972">config.c: In function 'extractSearchSpecData':</code><br />
						
            
            <a class="navhash" href="#973">#</a>
						
              <code id="973">state.c:217:42: warning: incompatible implicit declaration of built-in function 'strlen' [enabled by default]</code><br />
						
            
            <a class="navhash" href="#974">#</a>
						
              <code id="974">  search_spec[i].suffix = (char *)malloc((strlen(suffix)+1) * sizeof(char));</code><br />
						
            
            <a class="navhash" href="#975">#</a>
						
              <code id="975">                                          ^</code><br />
						
            
            <a class="navhash" href="#976">#</a>
						
              <code id="976">config.c:121:2: warning: implicit declaration of function 'malloc' [-Wimplicit-function-declaration]</code><br />
						
            
            <a class="navhash" href="#977">#</a>
						
              <code id="977">  s->suffix = malloc(MAX_SUFFIX_LENGTH * sizeof(char));</code><br />
						
            
            <a class="navhash" href="#978">#</a>
						
              <code id="978">  ^</code><br />
						
            
            <a class="navhash" href="#979">#</a>
						
              <code id="979">helpers.c: In function 'printx':</code><br />
						
            
            <a class="navhash" href="#980">#</a>
						
              <code id="980">config.c:121:14: warning: incompatible implicit declaration of built-in function 'malloc' [enabled by default]</code><br />
						
            
            <a class="navhash" href="#981">#</a>
						
              <code id="981">  s->suffix = malloc(MAX_SUFFIX_LENGTH * sizeof(char));</code><br />
						
            
            <a class="navhash" href="#982">#</a>
						
              <code id="982">              ^</code><br />
						
            
            <a class="navhash" href="#983">#</a>
						
              <code id="983">state.c:219:2: warning: implicit declaration of function 'strcpy' [-Wimplicit-function-declaration]</code><br />
						
            
            <a class="navhash" href="#984">#</a>
						
              <code id="984">  strcpy(search_spec[i].suffix, suffix);</code><br />
						
            
            <a class="navhash" href="#985">#</a>
						
              <code id="985">  ^</code><br />
						
            
            <a class="navhash" href="#986">#</a>
						
              <code id="986">helpers.c:402:3: warning: incompatible implicit declaration of built-in function 'printf' [enabled by default]</code><br />
						
            
            <a class="navhash" href="#987">#</a>
						
              <code id="987">   printf("%x ", buf[i]);</code><br />
						
            
            <a class="navhash" href="#988">#</a>
						
              <code id="988">   ^</code><br />
						
            
            <a class="navhash" href="#989">#</a>
						
              <code id="989">state.c:219:2: warning: incompatible implicit declaration of built-in function 'strcpy' [enabled by default]</code><br />
						
            
            <a class="navhash" href="#990">#</a>
						
              <code id="990">config.c:125:2: warning: implicit declaration of function 'strncasecmp' [-Wimplicit-function-declaration]</code><br />
						
            
            <a class="navhash" href="#991">#</a>
						
              <code id="991">  if (!strncasecmp(tokenarray[0], FOREMOST_NOEXTENSION_SUFFIX, strlen(FOREMOST_NOEXTENSION_SUFFIX)</code><br />
						
            
            <a class="navhash" href="#992">#</a>
						
              <code id="992">  ^</code><br />
						
            
            <a class="navhash" href="#993">#</a>
						
              <code id="993">config.c:125:2: warning: implicit declaration of function 'strlen' [-Wimplicit-function-declaration]</code><br />
						
            
            <a class="navhash" href="#994">#</a>
						
              <code id="994">config.c:125:63: warning: incompatible implicit declaration of built-in function 'strlen' [enabled by default]</code><br />
						
            
            <a class="navhash" href="#995">#</a>
						
              <code id="995">  if (!strncasecmp(tokenarray[0], FOREMOST_NOEXTENSION_SUFFIX, strlen(FOREMOST_NOEXTENSION_SUFFIX)</code><br />
						
            
            <a class="navhash" href="#996">#</a>
						
              <code id="996">                                                               ^</code><br />
						
            
            <a class="navhash" href="#997">#</a>
						
              <code id="997">helpers.c:405:2: warning: incompatible implicit declaration of built-in function 'printf' [enabled by default]</code><br />
						
            
            <a class="navhash" href="#998">#</a>
						
              <code id="998">  printf("\n");</code><br />
						
            
            <a class="navhash" href="#999">#</a>
						
              <code id="999">  ^</code><br />
						
            
            <a class="navhash" href="#1000">#</a>
						
              <code id="1000">state.c:229:2: warning: implicit declaration of function 'memset' [-Wimplicit-function-declaration]</code><br />
						
            
            <a class="navhash" href="#1001">#</a>
						
              <code id="1001">  memset(search_spec[i].comment, 0, COMMENT_LENGTH - 1);</code><br />
						
            
            <a class="navhash" href="#1002">#</a>
						
              <code id="1002">  ^</code><br />
						
            
            <a class="navhash" href="#1003">#</a>
						
              <code id="1003">state.c:229:2: warning: incompatible implicit declaration of built-in function 'memset' [enabled by default]</code><br />
						
            
            <a class="navhash" href="#1004">#</a>
						
              <code id="1004">config.c:135:3: warning: implicit declaration of function 'memcpy' [-Wimplicit-function-declaration]</code><br />
						
            
            <a class="navhash" href="#1005">#</a>
						
              <code id="1005">   memcpy(s->suffix, tokenarray[0], MAX_SUFFIX_LENGTH);</code><br />
						
            
            <a class="navhash" href="#1006">#</a>
						
              <code id="1006">   ^</code><br />
						
            
            <a class="navhash" href="#1007">#</a>
						
              <code id="1007">config.c:135:3: warning: incompatible implicit declaration of built-in function 'memcpy' [enabled by default]</code><br />
						
            
            <a class="navhash" href="#1008">#</a>
						
              <code id="1008">helpers.c: In function 'htos':</code><br />
						
            
            <a class="navhash" href="#1009">#</a>
						
              <code id="1009">state.c:231:2: warning: implicit declaration of function 'memcpy' [-Wimplicit-function-declaration]</code><br />
						
            
            <a class="navhash" href="#1010">#</a>
						
              <code id="1010">  memcpy(search_spec[i].header, header, search_spec[i].header_len);</code><br />
						
            
            <a class="navhash" href="#1011">#</a>
						
              <code id="1011">  ^</code><br />
						
            
            <a class="navhash" href="#1012">#</a>
						
              <code id="1012">state.c:231:2: warning: incompatible implicit declaration of built-in function 'memcpy' [enabled by default]</code><br />
						
            
            <a class="navhash" href="#1013">#</a>
						
              <code id="1013">helpers.c:424:2: warning: implicit declaration of function 'malloc' [-Wimplicit-function-declaration]</code><br />
						
            
            <a class="navhash" href="#1014">#</a>
						
              <code id="1014">  unsigned char *bytes = (unsigned char *)malloc(sizeof(unsigned short) * sizeof(char));</code><br />
						
            
            <a class="navhash" href="#1015">#</a>
						
              <code id="1015">  ^</code><br />
						
            
            <a class="navhash" href="#1016">#</a>
						
              <code id="1016">config.c:141:2: warning: implicit declaration of function 'atoi' [-Wimplicit-function-declaration]</code><br />
						
            
            <a class="navhash" href="#1017">#</a>
						
              <code id="1017">  s->max_len = atoi(tokenarray[2]);</code><br />
						
            
            <a class="navhash" href="#1018">#</a>
						
              <code id="1018">  ^</code><br />
						
            
            <a class="navhash" href="#1019">#</a>
						
              <code id="1019">helpers.c:424:42: warning: incompatible implicit declaration of built-in function 'malloc' [enabled by default]</code><br />
						
            
            <a class="navhash" href="#1020">#</a>
						
              <code id="1020">  unsigned char *bytes = (unsigned char *)malloc(sizeof(unsigned short) * sizeof(char));</code><br />
						
            
            <a class="navhash" href="#1021">#</a>
						
              <code id="1021">                                          ^</code><br />
						
            
            <a class="navhash" href="#1022">#</a>
						
              <code id="1022">state.c:234:2: warning: implicit declaration of function 'init_bm_table' [-Wimplicit-function-declaration]</code><br />
						
            
            <a class="navhash" href="#1023">#</a>
						
              <code id="1023">  init_bm_table(search_spec[i].header,</code><br />
						
            
            <a class="navhash" href="#1024">#</a>
						
              <code id="1024">  ^</code><br />
						
            
            <a class="navhash" href="#1025">#</a>
						
              <code id="1025">helpers.c:427:2: warning: implicit declaration of function 'memcpy' [-Wimplicit-function-declaration]</code><br />
						
            
            <a class="navhash" href="#1026">#</a>
						
              <code id="1026">  bytes = memcpy(bytes, s, sizeof(short));</code><br />
						
            
            <a class="navhash" href="#1027">#</a>
						
              <code id="1027">  ^</code><br />
						
            
            <a class="navhash" href="#1028">#</a>
						
              <code id="1028">state.c: In function 'add_marker':</code><br />
						
            
            <a class="navhash" href="#1029">#</a>
						
              <code id="1029">helpers.c:427:10: warning: incompatible implicit declaration of built-in function 'memcpy' [enabled by default]</code><br />
						
            
            <a class="navhash" href="#1030">#</a>
						
              <code id="1030">  bytes = memcpy(bytes, s, sizeof(short));</code><br />
						
            
            <a class="navhash" href="#1031">#</a>
						
              <code id="1031">          ^</code><br />
						
            
            <a class="navhash" href="#1032">#</a>
						
              <code id="1032">state.c:253:16: error: 'NULL' undeclared (first use in this function)</code><br />
						
            
            <a class="navhash" href="#1033">#</a>
						
              <code id="1033">  if (marker == NULL)</code><br />
						
            
            <a class="navhash" href="#1034">#</a>
						
              <code id="1034">                ^</code><br />
						
            
            <a class="navhash" href="#1035">#</a>
						
              <code id="1035">config.c:172:2: warning: incompatible implicit declaration of built-in function 'memcpy' [enabled by default]</code><br />
						
            
            <a class="navhash" href="#1036">#</a>
						
              <code id="1036">  memcpy(s->header, tokenarray[3], s->header_len);</code><br />
						
            
            <a class="navhash" href="#1037">#</a>
						
              <code id="1037">  ^</code><br />
						
            
            <a class="navhash" href="#1038">#</a>
						
              <code id="1038">state.c:260:60: warning: incompatible implicit declaration of built-in function 'malloc' [enabled by default]</code><br />
						
            
            <a class="navhash" href="#1039">#</a>
						
              <code id="1039">  search_spec[index].markerlist[i].value = (unsigned char *)malloc(search_spec[index].markerlist[i].len * sizeof(unsigned char));</code><br />
						
            
            <a class="navhash" href="#1040">#</a>
						
              <code id="1040">                                                            ^</code><br />
						
            
            <a class="navhash" href="#1041">#</a>
						
              <code id="1041">config.c:176:2: warning: implicit declaration of function 'init_bm_table' [-Wimplicit-function-declaration]</code><br />
						
            
            <a class="navhash" href="#1042">#</a>
						
              <code id="1042">  init_bm_table(s->header, s->header_bm_table, s->header_len, s->case_sen, s->searchtype);</code><br />
						
            
            <a class="navhash" href="#1043">#</a>
						
              <code id="1043">  ^</code><br />
						
            
            <a class="navhash" href="#1044">#</a>
						
              <code id="1044">state.c:262:2: warning: incompatible implicit declaration of built-in function 'memcpy' [enabled by default]</code><br />
						
            
            <a class="navhash" href="#1045">#</a>
						
              <code id="1045">  memcpy(search_spec[index].markerlist[i].value, marker, search_spec[index].markerlist[i].len);</code><br />
						
            
            <a class="navhash" href="#1046">#</a>
						
              <code id="1046">  ^</code><br />
						
            
            <a class="navhash" href="#1047">#</a>
						
              <code id="1047">config.c: In function 'process_line':</code><br />
						
            
            <a class="navhash" href="#1048">#</a>
						
              <code id="1048">helpers.c:446:2: warning: implicit declaration of function 'free' [-Wimplicit-function-declaration]</code><br />
						
            
            <a class="navhash" href="#1049">#</a>
						
              <code id="1049">  free(bytes);</code><br />
						
            
            <a class="navhash" href="#1050">#</a>
						
              <code id="1050">  ^</code><br />
						
            
            <a class="navhash" href="#1051">#</a>
						
              <code id="1051">helpers.c:446:2: warning: incompatible implicit declaration of built-in function 'free' [enabled by default]</code><br />
						
            
            <a class="navhash" href="#1052">#</a>
						
              <code id="1052">config.c:187:31: warning: incompatible implicit declaration of built-in function 'malloc' [enabled by default]</code><br />
						
            
            <a class="navhash" href="#1053">#</a>
						
              <code id="1053">  char **tokenarray = (char **)malloc(6 * sizeof(char[MAX_STRING_LENGTH]));</code><br />
						
            
            <a class="navhash" href="#1054">#</a>
						
              <code id="1054">                               ^</code><br />
						
            
            <a class="navhash" href="#1055">#</a>
						
              <code id="1055">helpers.c: In function 'htoi':</code><br />
						
            
            <a class="navhash" href="#1056">#</a>
						
              <code id="1056">config.c:188:20: warning: incompatible implicit declaration of built-in function 'strlen' [enabled by default]</code><br />
						
            
            <a class="navhash" href="#1057">#</a>
						
              <code id="1057">  int  i = 0, len = strlen(buffer);</code><br />
						
            
            <a class="navhash" href="#1058">#</a>
						
              <code id="1058">                    ^</code><br />
						
            
            <a class="navhash" href="#1059">#</a>
						
              <code id="1059">helpers.c:454:42: warning: incompatible implicit declaration of built-in function 'malloc' [enabled by default]</code><br />
						
            
            <a class="navhash" href="#1060">#</a>
						
              <code id="1060">  unsigned char *bytes = (unsigned char *)malloc(length * sizeof(char));</code><br />
						
            
            <a class="navhash" href="#1061">#</a>
						
              <code id="1061">                                          ^</code><br />
						
            
            <a class="navhash" href="#1062">#</a>
						
              <code id="1062">state.c: In function 'init_all':</code><br />
						
            
            <a class="navhash" href="#1063">#</a>
						
              <code id="1063">helpers.c:457:10: warning: incompatible implicit declaration of built-in function 'memcpy' [enabled by default]</code><br />
						
            
            <a class="navhash" href="#1064">#</a>
						
              <code id="1064">  bytes = memcpy(bytes, s, length);</code><br />
						
            
            <a class="navhash" href="#1065">#</a>
						
              <code id="1065">          ^</code><br />
						
            
            <a class="navhash" href="#1066">#</a>
						
              <code id="1066">state.c:278:40: error: 'NULL' undeclared (first use in this function)</code><br />
						
            
            <a class="navhash" href="#1067">#</a>
						
              <code id="1067">  init_builtin(state, BMP, "bmp", "BM", NULL, 2, 0, 2 * MEGABYTE, TRUE);</code><br />
						
            
            <a class="navhash" href="#1068">#</a>
						
              <code id="1068">                                        ^</code><br />
						
            
            <a class="navhash" href="#1069">#</a>
						
              <code id="1069">config.c:199:2: warning: implicit declaration of function 'strtok' [-Wimplicit-function-declaration]</code><br />
						
            
            <a class="navhash" href="#1070">#</a>
						
              <code id="1070">  token = strtok(buf, " \t\n");</code><br />
						
            
            <a class="navhash" href="#1071">#</a>
						
              <code id="1071">  ^</code><br />
						
            
            <a class="navhash" href="#1072">#</a>
						
              <code id="1072">config.c:199:8: warning: assignment makes pointer from integer without a cast [enabled by default]</code><br />
						
            
            <a class="navhash" href="#1073">#</a>
						
              <code id="1073">  token = strtok(buf, " \t\n");</code><br />
						
            
            <a class="navhash" href="#1074">#</a>
						
              <code id="1074">        ^</code><br />
						
            
            <a class="navhash" href="#1075">#</a>
						
              <code id="1075">config.c:202:15: error: 'NULL' undeclared (first use in this function)</code><br />
						
            
            <a class="navhash" href="#1076">#</a>
						
              <code id="1076">  if (token == NULL || token[0] == '#')</code><br />
						
            
            <a class="navhash" href="#1077">#</a>
						
              <code id="1077">               ^</code><br />
						
            
            <a class="navhash" href="#1078">#</a>
						
              <code id="1078">config.c:202:15: note: each undeclared identifier is reported only once for each function it appears in</code><br />
						
            
            <a class="navhash" href="#1079">#</a>
						
              <code id="1079">helpers.c:472:2: warning: incompatible implicit declaration of built-in function 'free' [enabled by default]</code><br />
						
            
            <a class="navhash" href="#1080">#</a>
						
              <code id="1080">  free(bytes);</code><br />
						
            
            <a class="navhash" href="#1081">#</a>
						
              <code id="1081">  ^</code><br />
						
            
            <a class="navhash" href="#1082">#</a>
						
              <code id="1082">helpers.c: In function 'htoll':</code><br />
						
            
            <a class="navhash" href="#1083">#</a>
						
              <code id="1083">config.c:221:4: warning: implicit declaration of function 'fprintf' [-Wimplicit-function-declaration]</code><br />
						
            
            <a class="navhash" href="#1084">#</a>
						
              <code id="1084">    fprintf(stderr,</code><br />
						
            
            <a class="navhash" href="#1085">#</a>
						
              <code id="1085">    ^</code><br />
						
            
            <a class="navhash" href="#1086">#</a>
						
              <code id="1086">helpers.c:479:42: warning: incompatible implicit declaration of built-in function 'malloc' [enabled by default]</code><br />
						
            
            <a class="navhash" href="#1087">#</a>
						
              <code id="1087">  unsigned char *bytes = (unsigned char *)malloc(length * sizeof(char));</code><br />
						
            
            <a class="navhash" href="#1088">#</a>
						
              <code id="1088">                                          ^</code><br />
						
            
            <a class="navhash" href="#1089">#</a>
						
              <code id="1089">config.c:221:4: warning: incompatible implicit declaration of built-in function 'fprintf' [enabled by default]</code><br />
						
            
            <a class="navhash" href="#1090">#</a>
						
              <code id="1090">config.c:221:12: error: 'stderr' undeclared (first use in this function)</code><br />
						
            
            <a class="navhash" href="#1091">#</a>
						
              <code id="1091">    fprintf(stderr,</code><br />
						
            
            <a class="navhash" href="#1092">#</a>
						
              <code id="1092">            ^</code><br />
						
            
            <a class="navhash" href="#1093">#</a>
						
              <code id="1093">helpers.c:481:10: warning: incompatible implicit declaration of built-in function 'memcpy' [enabled by default]</code><br />
						
            
            <a class="navhash" href="#1094">#</a>
						
              <code id="1094">  bytes = memcpy(bytes, s, length);</code><br />
						
            
            <a class="navhash" href="#1095">#</a>
						
              <code id="1095">          ^</code><br />
						
            
            <a class="navhash" href="#1096">#</a>
						
              <code id="1096">state.c: In function 'set_search_def':</code><br />
						
            
            <a class="navhash" href="#1097">#</a>
						
              <code id="1097">config.c:255:4: warning: incompatible implicit declaration of built-in function 'fprintf' [enabled by default]</code><br />
						
            
            <a class="navhash" href="#1098">#</a>
						
              <code id="1098">    fprintf(stderr, "\nERROR: In line %d of the configuration file.\n", line_number);</code><br />
						
            
            <a class="navhash" href="#1099">#</a>
						
              <code id="1099">    ^</code><br />
						
            
            <a class="navhash" href="#1100">#</a>
						
              <code id="1100">helpers.c:507:2: warning: incompatible implicit declaration of built-in function 'free' [enabled by default]</code><br />
						
            
            <a class="navhash" href="#1101">#</a>
						
              <code id="1101">  free(bytes);</code><br />
						
            
            <a class="navhash" href="#1102">#</a>
						
              <code id="1102">  ^</code><br />
						
            
            <a class="navhash" href="#1103">#</a>
						
              <code id="1103">state.c:353:2: warning: implicit declaration of function 'strcmp' [-Wimplicit-function-declaration]</code><br />
						
            
            <a class="navhash" href="#1104">#</a>
						
              <code id="1104">  if (strcmp(ft, "jpg") == 0 || strcmp(ft, "jpeg") == 0)</code><br />
						
            
            <a class="navhash" href="#1105">#</a>
						
              <code id="1105">  ^</code><br />
						
            
            <a class="navhash" href="#1106">#</a>
						
              <code id="1106">config.c:263:3: warning: incompatible implicit declaration of built-in function 'fprintf' [enabled by default]</code><br />
						
            
            <a class="navhash" href="#1107">#</a>
						
              <code id="1107">   fprintf(stderr,</code><br />
						
            
            <a class="navhash" href="#1108">#</a>
						
              <code id="1108">   ^</code><br />
						
            
            <a class="navhash" href="#1109">#</a>
						
              <code id="1109">config.c: In function 'load_config_file':</code><br />
						
            
            <a class="navhash" href="#1110">#</a>
						
              <code id="1110">helpers.c: In function 'displayPosition':</code><br />
						
            
            <a class="navhash" href="#1111">#</a>
						<span class="error">
              <code id="1111">config.c:275:2: error: unknown type name 'FILE'</code><br />
						</span>
            
            <a class="navhash" href="#1112">#</a>
						
              <code id="1112">  FILE *f;</code><br />
						
            
            <a class="navhash" href="#1113">#</a>
						
              <code id="1113">  ^</code><br />
						
            
            <a class="navhash" href="#1114">#</a>
						
              <code id="1114">config.c:276:25: warning: incompatible implicit declaration of built-in function 'malloc' [enabled by default]</code><br />
						
            
            <a class="navhash" href="#1115">#</a>
						
              <code id="1115">  char *buffer = (char *)malloc(MAX_STRING_LENGTH * sizeof(char));</code><br />
						
            
            <a class="navhash" href="#1116">#</a>
						
              <code id="1116">                         ^</code><br />
						
            
            <a class="navhash" href="#1117">#</a>
						
              <code id="1117">helpers.c:545:3: warning: incompatible implicit declaration of built-in function 'printf' [enabled by default]</code><br />
						
            
            <a class="navhash" href="#1118">#</a>
						
              <code id="1118">   printf("%s: |", s->input_file);</code><br />
						
            
            <a class="navhash" href="#1119">#</a>
						
              <code id="1119">   ^</code><br />
						
            
            <a class="navhash" href="#1120">#</a>
						
              <code id="1120">state.c:381:37: error: 'NULL' undeclared (first use in this function)</code><br />
						
            
            <a class="navhash" href="#1121">#</a>
						
              <code id="1121">   init_builtin(s, BMP, "bmp", "BM", NULL, 2, 0, max_file_size, TRUE);</code><br />
						
            
            <a class="navhash" href="#1122">#</a>
						
              <code id="1122">                                     ^</code><br />
						
            
            <a class="navhash" href="#1123">#</a>
						<span class="error">
              <code id="1123">config.c:277:2: error: unknown type name 'off_t'</code><br />
						</span>
            
            <a class="navhash" href="#1124">#</a>
						
              <code id="1124">  off_t line_number = 0;</code><br />
						
            
            <a class="navhash" href="#1125">#</a>
						
              <code id="1125">  ^</code><br />
						
            
            <a class="navhash" href="#1126">#</a>
						
              <code id="1126">config.c:283:2: warning: implicit declaration of function 'fopen' [-Wimplicit-function-declaration]</code><br />
						
            
            <a class="navhash" href="#1127">#</a>
						
              <code id="1127">  if ((f = fopen(get_config_file(s), "r")) == NULL)</code><br />
						
            
            <a class="navhash" href="#1128">#</a>
						
              <code id="1128">  ^</code><br />
						
            
            <a class="navhash" href="#1129">#</a>
						
              <code id="1129">config.c:283:9: warning: assignment makes pointer from integer without a cast [enabled by default]</code><br />
						
            
            <a class="navhash" href="#1130">#</a>
						
              <code id="1130">  if ((f = fopen(get_config_file(s), "r")) == NULL)</code><br />
						
            
            <a class="navhash" href="#1131">#</a>
						
              <code id="1131">         ^</code><br />
						
            
            <a class="navhash" href="#1132">#</a>
						
              <code id="1132">config.c:283:46: error: 'NULL' undeclared (first use in this function)</code><br />
						
            
            <a class="navhash" href="#1133">#</a>
						
              <code id="1133">  if ((f = fopen(get_config_file(s), "r")) == NULL)</code><br />
						
            
            <a class="navhash" href="#1134">#</a>
						
              <code id="1134">                                              ^</code><br />
						
            
            <a class="navhash" href="#1135">#</a>
						
              <code id="1135">helpers.c:562:4: warning: implicit declaration of function 'human_readable' [-Wimplicit-function-declaration]</code><br />
						
            
            <a class="navhash" href="#1136">#</a>
						
              <code id="1136">    printf("|\t %s done\n", human_readable(pos, buffer));</code><br />
						
            
            <a class="navhash" href="#1137">#</a>
						
              <code id="1137">    ^</code><br />
						
            
            <a class="navhash" href="#1138">#</a>
						
              <code id="1138">helpers.c:562:4: warning: format '%s' expects argument of type 'char *', but argument 2 has type 'int' [-Wformat=]</code><br />
						
            
            <a class="navhash" href="#1139">#</a>
						
              <code id="1139">config.c:293:10: warning: assignment makes pointer from integer without a cast [enabled by default]</code><br />
						
            
            <a class="navhash" href="#1140">#</a>
						
              <code id="1140">   if ((f = fopen(get_config_file(s), "r")) == NULL)</code><br />
						
            
            <a class="navhash" href="#1141">#</a>
						
              <code id="1141">          ^</code><br />
						
            
            <a class="navhash" href="#1142">#</a>
						
              <code id="1142">config.c:295:4: warning: implicit declaration of function 'strerror' [-Wimplicit-function-declaration]</code><br />
						
            
            <a class="navhash" href="#1143">#</a>
						
              <code id="1143">    print_error(s, get_config_file(s), strerror(errno));</code><br />
						
            
            <a class="navhash" href="#1144">#</a>
						
              <code id="1144">    ^</code><br />
						
            
            <a class="navhash" href="#1145">#</a>
						
              <code id="1145">config.c:295:48: error: 'errno' undeclared (first use in this function)</code><br />
						
            
            <a class="navhash" href="#1146">#</a>
						
              <code id="1146">    print_error(s, get_config_file(s), strerror(errno));</code><br />
						
            
            <a class="navhash" href="#1147">#</a>
						
              <code id="1147">                                                ^</code><br />
						
            
            <a class="navhash" href="#1148">#</a>
						
              <code id="1148">config.c:296:4: warning: implicit declaration of function 'free' [-Wimplicit-function-declaration]</code><br />
						
            
            <a class="navhash" href="#1149">#</a>
						
              <code id="1149">    free(buffer);</code><br />
						
            
            <a class="navhash" href="#1150">#</a>
						
              <code id="1150">    ^</code><br />
						
            
            <a class="navhash" href="#1151">#</a>
						
              <code id="1151">config.c:296:4: warning: incompatible implicit declaration of built-in function 'free' [enabled by default]</code><br />
						
            
            <a class="navhash" href="#1152">#</a>
						
              <code id="1152">config.c:302:2: warning: implicit declaration of function 'fgets' [-Wimplicit-function-declaration]</code><br />
						
            
            <a class="navhash" href="#1153">#</a>
						
              <code id="1153">  while (fgets(buffer, MAX_STRING_LENGTH, f))</code><br />
						
            
            <a class="navhash" href="#1154">#</a>
						
              <code id="1154">  ^</code><br />
						
            
            <a class="navhash" href="#1155">#</a>
						
              <code id="1155">config.c:307:4: warning: incompatible implicit declaration of built-in function 'free' [enabled by default]</code><br />
						
            
            <a class="navhash" href="#1156">#</a>
						
              <code id="1156">    free(buffer);</code><br />
						
            
            <a class="navhash" href="#1157">#</a>
						
              <code id="1157">    ^</code><br />
						
            
            <a class="navhash" href="#1158">#</a>
						
              <code id="1158">config.c:308:4: warning: implicit declaration of function 'fclose' [-Wimplicit-function-declaration]</code><br />
						
            
            <a class="navhash" href="#1159">#</a>
						
              <code id="1159">    fclose(f);</code><br />
						
            
            <a class="navhash" href="#1160">#</a>
						
              <code id="1160">    ^</code><br />
						
            
            <a class="navhash" href="#1161">#</a>
						
              <code id="1161">config.c:315:2: warning: incompatible implicit declaration of built-in function 'free' [enabled by default]</code><br />
						
            
            <a class="navhash" href="#1162">#</a>
						
              <code id="1162">  free(buffer);</code><br />
						
            
            <a class="navhash" href="#1163">#</a>
						
              <code id="1163">  ^</code><br />
						
            
            <a class="navhash" href="#1164">#</a>
						
              <code id="1164">state.c: At top level:</code><br />
						
            
            <a class="navhash" href="#1165">#</a>
						<span class="error">
              <code id="1165">state.c:744:43: error: unknown type name 'size_t'</code><br />
						</span>
            
            <a class="navhash" href="#1166">#</a>
						
              <code id="1166"> void init_bm_table(unsigned char *needle, size_t table[UCHAR_MAX + 1], size_t len, int casesensitive,</code><br />
						
            
            <a class="navhash" href="#1167">#</a>
						
              <code id="1167">                                           ^</code><br />
						
            
            <a class="navhash" href="#1168">#</a>
						<span class="error">
              <code id="1168">state.c:744:72: error: unknown type name 'size_t'</code><br />
						</span>
            
            <a class="navhash" href="#1169">#</a>
						
              <code id="1169"> void init_bm_table(unsigned char *needle, size_t table[UCHAR_MAX + 1], size_t len, int casesensitive,</code><br />
						
            
            <a class="navhash" href="#1170">#</a>
						
              <code id="1170">                                                                        ^</code><br />
						
            
            <a class="navhash" href="#1171">#</a>
						
              <code id="1171">make: *** [Makefile:42: helpers.o] Error 1</code><br />
						
            
            <a class="navhash" href="#1172">#</a>
						
              <code id="1172">make: *** [Makefile:42: config.o] Error 1</code><br />
						
            
            <a class="navhash" href="#1173">#</a>
						
              <code id="1173">make: *** [Makefile:42: state.o] Error 1</code><br />
						
            
            <a class="navhash" href="#1174">#</a>
						
              <code id="1174">==> ERROR: A failure occurred in build().</code><br />
						
            
            <a class="navhash" href="#1175">#</a>
						
              <code id="1175">    Aborting...</code><br />
						
            
          </div>
        
      </div>
      <br />
    
  </body>
</html>