<!DOCTYPE html>
<html>
<!-- Jinja template for reports of individual builds

  Copyright 2016 Kareem Khazem. All Rights Reserved.
  Licensed under the Apache License, Version 2.0 (the "License");
  you may not use this file except in compliance with the License.
  You may obtain a copy of the License at

 		 http://www.apache.org/licenses/LICENSE-2.0

  Unless required by applicable law or agreed to in writing, software
  distributed under the License is distributed on an "AS IS" BASIS,
  WITHOUT WARRANTIES OR CONDITIONS OF ANY KIND, either express or
  implied.
  See the License for the specific language governing permissions and
  limitations under the License.
-->
  <head>
    <meta charset="UTF-8">
    <title>android/ibam</title>
    <link href='https://fonts.googleapis.com/css?family=Roboto:400,900'
          rel='stylesheet' type='text/css'>
    <link
    href='https://fonts.googleapis.com/css?family=Source+Code+Pro:400,700'
          rel='stylesheet' type='text/css'>
    <link href="../style.css" type="text/css" rel="stylesheet">
  </head>
  <body>
    <h1>Build of ibam
        with <a href="../index.html">android</a>
        toolchain</h1>
    <p>The build took 00h 01m 02s and was
    NOT successful.</p>
    <p>
    The program in this build is written in the following languages,
    according to <a
    href="http://www.dwheeler.com/sloccount/">sloccount</a>:
    </p>
    <table>
      <tr><th>SLOC</th><th>Language</th></tr>
      
      <tr><td class="loc"><code>759</code></td>
          <td class="lang">cpp</td></tr>
      <tr><td class="loc"><code>84</code></td>
          <td class="lang">sh</td></tr>
      <tr><td class="loc"><code>48</code></td>
          <td class="lang">makefile</td></tr>
      <tr><td><code>891</code></td>
          <td><em>total</em></td></tr>
    </table>
    <p>
      The process tree of the build process is <a
      href="ibam-tree.html">here</a>.
    </p>
    
    
    
    
    
    <h2>List of Errors</h2>
    <ul>
      
      <li>parse_error
        <ul>
          
          <li><a href="#102">ibam.hpp:58:35: error: expected ')' before 'path'</a></li>
          
          <li><a href="#105">ibam.hpp:66:32: error: expected ')' before 'path'</a></li>
          
          <li><a href="#108">ibam.hpp:73:32: error: expected ')' before 'path'</a></li>
          
          <li><a href="#111">ibam.hpp:80:33: error: expected ')' before 'path'</a></li>
          
          <li><a href="#114">ibam.hpp:87:34: error: expected ')' before 'path'</a></li>
          
          <li><a href="#149">ibam.inl:82:52: error: expected ',' or ';' before '{' token</a></li>
          
          <li><a href="#166">ibam.inl:94:44: error: expected ',' or ';' before ':' token</a></li>
          
          <li><a href="#175">ibam.inl:99:44: error: expected ',' or ';' before ':' token</a></li>
          
          <li><a href="#184">ibam.inl:104:46: error: expected ',' or ';' before ':' token</a></li>
          
          <li><a href="#193">ibam.inl:109:48: error: expected ',' or ';' before ':' token</a></li>
          
          <li><a href="#200">ibam.inl:116:13: error: expected ';' before 'in'</a></li>
          
          <li><a href="#212">ibam.inl:130:11: error: expected ';' before 'driverVersion'</a></li>
          
          <li><a href="#221">ibam.inl:149:11: error: expected ';' before 'minsec'</a></li>
          
          <li><a href="#231">ibam.inl:222:13: error: expected ';' before 'in'</a></li>
          
          <li><a href="#243">ibam.inl:235:14: error: expected ';' before 'buf'</a></li>
          
          <li><a href="#259">ibam.inl:327:13: error: expected ';' before 'in'</a></li>
          
          <li><a href="#307">ibam.inl:353:20: error: expected ';' before 'buf'</a></li>
          
          <li><a href="#329">ibam.inl:504:13: error: expected ';' before 'in'</a></li>
          
          <li><a href="#429">ibam.inl:943:11: error: expected ';' before 'pmu_path'</a></li>
          
          <li><a href="#432">ibam.inl:944:11: error: expected ';' before 'acpi_path'</a></li>
          
          <li><a href="#435">ibam.inl:945:11: error: expected ';' before 'sysfs_path'</a></li>
          
          <li><a href="#441">ibam.inl:946:13: error: expected ';' before 'pmu'</a></li>
          
          <li><a href="#471">ibam.inl:989:13: error: expected ';' before 'in'</a></li>
          
          <li><a href="#474">ibam.inl:990:11: error: expected ';' before 'saveversion'</a></li>
          
          <li><a href="#494">ibam.inl:1046:16: error: expected ';' before 'in'</a></li>
          
          <li><a href="#506">ibam.inl:1051:16: error: expected ';' before 'in'</a></li>
          
          <li><a href="#519">ibam.inl:1061:16: error: expected ';' before 'in'</a></li>
          
          <li><a href="#529">ibam.inl:1078:16: error: expected ';' before 'in'</a></li>
          
          <li><a href="#543">ibam.inl:1238:14: error: expected ';' before 'filename'</a></li>
          
          <li><a href="#549">ibam.inl:1239:16: error: expected ';' before 'out'</a></li>
          
          <li><a href="#561">ibam.inl:1248:16: error: expected ';' before 'out'</a></li>
          
          <li><a href="#570">ibam.inl:1254:16: error: expected ';' before 'out'</a></li>
          
          <li><a href="#579">ibam.inl:1260:16: error: expected ';' before 'out'</a></li>
          
          <li><a href="#614">ibam.cpp:74:13: error: expected ';' before 'home'</a></li>
          
          <li><a href="#630">ibam.cpp:131:23: error: expected ';' before 'command'</a></li>
          
          <li><a href="#645">ibam.cpp:145:29: error: expected ';' before 'batname'</a></li>
          
          <li><a href="#648">ibam.cpp:146:29: error: expected ';' before 'chrname'</a></li>
          
          <li><a href="#654">ibam.cpp:147:31: error: expected ';' before 'batteryprofile'</a></li>
          
          <li><a href="#663">ibam.cpp:153:34: error: expected ';' before 'chargeprofile'</a></li>
          
          <li><a href="#675">ibam.cpp:173:23: error: expected ';' before 'command'</a></li>
          
          <li><a href="#690">ibam.cpp:195:29: error: expected ';' before 'batname'</a></li>
          
          <li><a href="#693">ibam.cpp:196:29: error: expected ';' before 'chrname'</a></li>
          
          <li><a href="#699">ibam.cpp:197:31: error: expected ';' before 'batteryprofile'</a></li>
          
          <li><a href="#708">ibam.cpp:203:34: error: expected ';' before 'chargeprofile'</a></li>
          
        </ul>
      </li>
      
    </ul>
    
    
    <h2>Log</h2>
    <p>
    To avoid scrolling, you may jump to the <a
    href="#878">last line</a> of the
    invocation of <code>makepkg</code> that was used to build this
    package.
    </p>
    
    
      <div class="block">
        <div class="info">
          <code>Removed vanilla repositories from pacman.conf and added:</code>
        </div>
        
          <div class="output">
            
            <a class="navhash" href="#1">#</a>
						
              <code id="1">[tuscan]</code><br />
						
            
            <a class="navhash" href="#2">#</a>
						
              <code id="2">Server = file:///var/cache/pacman/pkg/</code><br />
						
            
          </div>
        
      </div>
      <br />
    
      <div class="block">
        <div class="command">
          <code><span class="prompt">CMD: </span>pacman -Syy --noconfirm</code>
        </div>
        
          <div class="output">
            
            <a class="navhash" href="#3">#</a>
						
              <code id="3">:: Synchronizing package databases...</code><br />
						
            
            <a class="navhash" href="#4">#</a>
						
              <code id="4">downloading tuscan.db...</code><br />
						
            
          </div>
        
      </div>
      <br />
    
      <div class="block">
        <div class="info">
          <code>Copied permanent toolchain into container-local sysroot</code>
        </div>
        
          <div class="output">
            
            <a class="navhash" href="#5">#</a>
						
              <code id="5">/toolchain_root/arm-linux-androideabi  -->  /sysroot/arm-linux-androideabi</code><br />
						
            
            <a class="navhash" href="#6">#</a>
						
              <code id="6">/toolchain_root/COPYING3.LIB  -->  /sysroot/COPYING3.LIB</code><br />
						
            
            <a class="navhash" href="#7">#</a>
						
              <code id="7">/toolchain_root/sysroot  -->  /sysroot/sysroot</code><br />
						
            
            <a class="navhash" href="#8">#</a>
						
              <code id="8">/toolchain_root/COPYING.RUNTIME  -->  /sysroot/COPYING.RUNTIME</code><br />
						
            
            <a class="navhash" href="#9">#</a>
						
              <code id="9">/toolchain_root/lib  -->  /sysroot/lib</code><br />
						
            
            <a class="navhash" href="#10">#</a>
						
              <code id="10">/toolchain_root/SOURCES  -->  /sysroot/SOURCES</code><br />
						
            
            <a class="navhash" href="#11">#</a>
						
              <code id="11">/toolchain_root/lib64  -->  /sysroot/lib64</code><br />
						
            
            <a class="navhash" href="#12">#</a>
						
              <code id="12">/toolchain_root/share  -->  /sysroot/share</code><br />
						
            
            <a class="navhash" href="#13">#</a>
						
              <code id="13">/toolchain_root/bin  -->  /sysroot/bin</code><br />
						
            
            <a class="navhash" href="#14">#</a>
						
              <code id="14">/toolchain_root/COPYING  -->  /sysroot/COPYING</code><br />
						
            
            <a class="navhash" href="#15">#</a>
						
              <code id="15">/toolchain_root/COPYING3  -->  /sysroot/COPYING3</code><br />
						
            
            <a class="navhash" href="#16">#</a>
						
              <code id="16">/toolchain_root/COPYING.LIB  -->  /sysroot/COPYING.LIB</code><br />
						
            
            <a class="navhash" href="#17">#</a>
						
              <code id="17">/toolchain_root/include  -->  /sysroot/include</code><br />
						
            
            <a class="navhash" href="#18">#</a>
						
              <code id="18">/toolchain_root/libexec  -->  /sysroot/libexec</code><br />
						
            
          </div>
        
      </div>
      <br />
    
      <div class="block">
        <div class="command">
          <code><span class="prompt">CMD: </span>sudo -u tuscan PATH=/sysroot/bin:/sysroot/libexec/gcc/arm-linux-androideabi/4.8:/usr/local/sbin:/usr/local/bin:/usr/sbin:/usr/bin:/sbin:/bin CC=arm-linux-androideabi-gcc CXX=arm-linux-androideabi-g++ red makepkg --noextract --syncdeps --skipinteg --skippgpcheck --skipchecksums --noconfirm --nocolor --log --noprogressbar --nocheck</code>
        </div>
        
          <div class="output">
            
            <a class="navhash" href="#19">#</a>
						
              <code id="19">==> Making package: ibam 0.5.2-9 (Tue Apr  4 19:35:19 UTC 2017)</code><br />
						
            
            <a class="navhash" href="#20">#</a>
						
              <code id="20">==> Checking runtime dependencies...</code><br />
						
            
            <a class="navhash" href="#21">#</a>
						
              <code id="21">==> Checking buildtime dependencies...</code><br />
						
            
            <a class="navhash" href="#22">#</a>
						
              <code id="22">==> WARNING: Using existing $srcdir/ tree</code><br />
						
            
            <a class="navhash" href="#23">#</a>
						
              <code id="23">==> Starting build()...</code><br />
						
            
            <a class="navhash" href="#24">#</a>
						
              <code id="24">g++ -O3 -DIBAM_VERSION=\"0.5.2\" -Wall ibam.cpp -o ibam</code><br />
						
            
            <a class="navhash" href="#25">#</a>
						
              <code id="25">cc1plus: error: no include path in which to search for stdc-predef.h</code><br />
						
            
            <a class="navhash" href="#26">#</a>
						
              <code id="26">In file included from ibam.cpp:19:0:</code><br />
						
            
            <a class="navhash" href="#27">#</a>
						
              <code id="27">ibam.hpp:25:20: error: no include path in which to search for iostream</code><br />
						
            
            <a class="navhash" href="#28">#</a>
						
              <code id="28"> #include <iostream></code><br />
						
            
            <a class="navhash" href="#29">#</a>
						
              <code id="29">                    ^</code><br />
						
            
            <a class="navhash" href="#30">#</a>
						
              <code id="30">ibam.hpp:26:19: error: no include path in which to search for fstream</code><br />
						
            
            <a class="navhash" href="#31">#</a>
						
              <code id="31"> #include <fstream></code><br />
						
            
            <a class="navhash" href="#32">#</a>
						
              <code id="32">                   ^</code><br />
						
            
            <a class="navhash" href="#33">#</a>
						
              <code id="33">ibam.hpp:27:18: error: no include path in which to search for string</code><br />
						
            
            <a class="navhash" href="#34">#</a>
						
              <code id="34"> #include <string></code><br />
						
            
            <a class="navhash" href="#35">#</a>
						
              <code id="35">                  ^</code><br />
						
            
            <a class="navhash" href="#36">#</a>
						
              <code id="36">ibam.hpp:28:18: error: no include path in which to search for math.h</code><br />
						
            
            <a class="navhash" href="#37">#</a>
						
              <code id="37"> #include <math.h></code><br />
						
            
            <a class="navhash" href="#38">#</a>
						
              <code id="38">                  ^</code><br />
						
            
            <a class="navhash" href="#39">#</a>
						
              <code id="39">ibam.hpp:29:20: error: no include path in which to search for stdlib.h</code><br />
						
            
            <a class="navhash" href="#40">#</a>
						
              <code id="40"> #include <stdlib.h></code><br />
						
            
            <a class="navhash" href="#41">#</a>
						
              <code id="41">                    ^</code><br />
						
            
            <a class="navhash" href="#42">#</a>
						
              <code id="42">ibam.hpp:30:20: error: no include path in which to search for unistd.h</code><br />
						
            
            <a class="navhash" href="#43">#</a>
						
              <code id="43"> #include <unistd.h></code><br />
						
            
            <a class="navhash" href="#44">#</a>
						
              <code id="44">                    ^</code><br />
						
            
            <a class="navhash" href="#45">#</a>
						
              <code id="45">ibam.hpp:31:18: error: no include path in which to search for time.h</code><br />
						
            
            <a class="navhash" href="#46">#</a>
						
              <code id="46"> #include <time.h></code><br />
						
            
            <a class="navhash" href="#47">#</a>
						
              <code id="47">                  ^</code><br />
						
            
            <a class="navhash" href="#48">#</a>
						
              <code id="48">In file included from ibam.hpp:211:0,</code><br />
						
            
            <a class="navhash" href="#49">#</a>
						
              <code id="49">                 from ibam.cpp:19:</code><br />
						
            
            <a class="navhash" href="#50">#</a>
						
              <code id="50">ibam.inl:19:20: error: no include path in which to search for iostream</code><br />
						
            
            <a class="navhash" href="#51">#</a>
						
              <code id="51"> #include <iostream></code><br />
						
            
            <a class="navhash" href="#52">#</a>
						
              <code id="52">                    ^</code><br />
						
            
            <a class="navhash" href="#53">#</a>
						
              <code id="53">ibam.inl:20:19: error: no include path in which to search for sstream</code><br />
						
            
            <a class="navhash" href="#54">#</a>
						
              <code id="54"> #include <sstream></code><br />
						
            
            <a class="navhash" href="#55">#</a>
						
              <code id="55">                   ^</code><br />
						
            
            <a class="navhash" href="#56">#</a>
						
              <code id="56">ibam.inl:21:19: error: no include path in which to search for fstream</code><br />
						
            
            <a class="navhash" href="#57">#</a>
						
              <code id="57"> #include <fstream></code><br />
						
            
            <a class="navhash" href="#58">#</a>
						
              <code id="58">                   ^</code><br />
						
            
            <a class="navhash" href="#59">#</a>
						
              <code id="59">ibam.inl:22:18: error: no include path in which to search for string</code><br />
						
            
            <a class="navhash" href="#60">#</a>
						
              <code id="60"> #include <string></code><br />
						
            
            <a class="navhash" href="#61">#</a>
						
              <code id="61">                  ^</code><br />
						
            
            <a class="navhash" href="#62">#</a>
						
              <code id="62">ibam.inl:23:18: error: no include path in which to search for math.h</code><br />
						
            
            <a class="navhash" href="#63">#</a>
						
              <code id="63"> #include <math.h></code><br />
						
            
            <a class="navhash" href="#64">#</a>
						
              <code id="64">                  ^</code><br />
						
            
            <a class="navhash" href="#65">#</a>
						
              <code id="65">ibam.inl:24:20: error: no include path in which to search for stdlib.h</code><br />
						
            
            <a class="navhash" href="#66">#</a>
						
              <code id="66"> #include <stdlib.h></code><br />
						
            
            <a class="navhash" href="#67">#</a>
						
              <code id="67">                    ^</code><br />
						
            
            <a class="navhash" href="#68">#</a>
						
              <code id="68">ibam.inl:25:19: error: no include path in which to search for stdio.h</code><br />
						
            
            <a class="navhash" href="#69">#</a>
						
              <code id="69"> #include <stdio.h></code><br />
						
            
            <a class="navhash" href="#70">#</a>
						
              <code id="70">                   ^</code><br />
						
            
            <a class="navhash" href="#71">#</a>
						
              <code id="71">ibam.inl:26:20: error: no include path in which to search for unistd.h</code><br />
						
            
            <a class="navhash" href="#72">#</a>
						
              <code id="72"> #include <unistd.h></code><br />
						
            
            <a class="navhash" href="#73">#</a>
						
              <code id="73">                    ^</code><br />
						
            
            <a class="navhash" href="#74">#</a>
						
              <code id="74">ibam.inl:27:18: error: no include path in which to search for time.h</code><br />
						
            
            <a class="navhash" href="#75">#</a>
						
              <code id="75"> #include <time.h></code><br />
						
            
            <a class="navhash" href="#76">#</a>
						
              <code id="76">                  ^</code><br />
						
            
            <a class="navhash" href="#77">#</a>
						
              <code id="77">ibam.inl:28:51: error: no include path in which to search for dirent.h</code><br />
						
            
            <a class="navhash" href="#78">#</a>
						
              <code id="78"> #include <dirent.h> // for acpi multiple batteries</code><br />
						
            
            <a class="navhash" href="#79">#</a>
						
              <code id="79">                                                   ^</code><br />
						
            
            <a class="navhash" href="#80">#</a>
						
              <code id="80">ibam.inl:31:80: error: no include path in which to search for locale.h</code><br />
						
            
            <a class="navhash" href="#81">#</a>
						
              <code id="81">    #include <locale.h> // thus I may prevent evil krells to change to others.. </code><br />
						
            
            <a class="navhash" href="#82">#</a>
						
              <code id="82">                                                                                ^</code><br />
						
            
            <a class="navhash" href="#83">#</a>
						
              <code id="83">ibam.inl:35:39: error: no include path in which to search for sys/stat.h</code><br />
						
            
            <a class="navhash" href="#84">#</a>
						
              <code id="84">    #include <sys/stat.h>  // for mkdir</code><br />
						
            
            <a class="navhash" href="#85">#</a>
						
              <code id="85">                                       ^</code><br />
						
            
            <a class="navhash" href="#86">#</a>
						
              <code id="86">ibam.inl:36:39: error: no include path in which to search for sys/types.h</code><br />
						
            
            <a class="navhash" href="#87">#</a>
						
              <code id="87">    #include <sys/types.h> // for mkdir</code><br />
						
            
            <a class="navhash" href="#88">#</a>
						
              <code id="88">                                       ^</code><br />
						
            
            <a class="navhash" href="#89">#</a>
						
              <code id="89">ibam.cpp:20:20: error: no include path in which to search for getopt.h</code><br />
						
            
            <a class="navhash" href="#90">#</a>
						
              <code id="90"> #include <getopt.h></code><br />
						
            
            <a class="navhash" href="#91">#</a>
						
              <code id="91">                    ^</code><br />
						
            
            <a class="navhash" href="#92">#</a>
						
              <code id="92">ibam.cpp:22:36: error: no include path in which to search for sys/stat.h</code><br />
						
            
            <a class="navhash" href="#93">#</a>
						
              <code id="93"> #include <sys/stat.h>  // for mkdir</code><br />
						
            
            <a class="navhash" href="#94">#</a>
						
              <code id="94">                                    ^</code><br />
						
            
            <a class="navhash" href="#95">#</a>
						
              <code id="95">ibam.cpp:23:36: error: no include path in which to search for sys/types.h</code><br />
						
            
            <a class="navhash" href="#96">#</a>
						
              <code id="96"> #include <sys/types.h> // for mkdir</code><br />
						
            
            <a class="navhash" href="#97">#</a>
						
              <code id="97">                                    ^</code><br />
						
            
            <a class="navhash" href="#98">#</a>
						
              <code id="98">In file included from ibam.cpp:19:0:</code><br />
						
            
            <a class="navhash" href="#99">#</a>
						
              <code id="99">ibam.hpp:50:7: error: 'string' does not name a type</code><br />
						
            
            <a class="navhash" href="#100">#</a>
						
              <code id="100">       string Path;</code><br />
						
            
            <a class="navhash" href="#101">#</a>
						
              <code id="101">       ^</code><br />
						
            
            <a class="navhash" href="#102">#</a>
						<span class="error">
              <code id="102">ibam.hpp:58:35: error: expected ')' before 'path'</code><br />
						</span>
            
            <a class="navhash" href="#103">#</a>
						
              <code id="103">      inline battery_status(string path);</code><br />
						
            
            <a class="navhash" href="#104">#</a>
						
              <code id="104">                                   ^</code><br />
						
            
            <a class="navhash" href="#105">#</a>
						<span class="error">
              <code id="105">ibam.hpp:66:32: error: expected ')' before 'path'</code><br />
						</span>
            
            <a class="navhash" href="#106">#</a>
						
              <code id="106">       inline apm_status(string path="/proc/apm");</code><br />
						
            
            <a class="navhash" href="#107">#</a>
						
              <code id="107">                                ^</code><br />
						
            
            <a class="navhash" href="#108">#</a>
						<span class="error">
              <code id="108">ibam.hpp:73:32: error: expected ')' before 'path'</code><br />
						</span>
            
            <a class="navhash" href="#109">#</a>
						
              <code id="109">       inline pmu_status(string path="/proc/pmu");</code><br />
						
            
            <a class="navhash" href="#110">#</a>
						
              <code id="110">                                ^</code><br />
						
            
            <a class="navhash" href="#111">#</a>
						<span class="error">
              <code id="111">ibam.hpp:80:33: error: expected ')' before 'path'</code><br />
						</span>
            
            <a class="navhash" href="#112">#</a>
						
              <code id="112">       inline acpi_status(string path="/proc/acpi");</code><br />
						
            
            <a class="navhash" href="#113">#</a>
						
              <code id="113">                                 ^</code><br />
						
            
            <a class="navhash" href="#114">#</a>
						<span class="error">
              <code id="114">ibam.hpp:87:34: error: expected ')' before 'path'</code><br />
						</span>
            
            <a class="navhash" href="#115">#</a>
						
              <code id="115">       inline sysfs_status(string path="/sys/class/power_supply/");</code><br />
						
            
            <a class="navhash" href="#116">#</a>
						
              <code id="116">                                  ^</code><br />
						
            
            <a class="navhash" href="#117">#</a>
						
              <code id="117">ibam.hpp:104:21: error: 'ostream' does not name a type</code><br />
						
            
            <a class="navhash" href="#118">#</a>
						
              <code id="118">       friend inline ostream & operator <<(ostream & o,const percent_data & a);</code><br />
						
            
            <a class="navhash" href="#119">#</a>
						
              <code id="119">                     ^</code><br />
						
            
            <a class="navhash" href="#120">#</a>
						
              <code id="120">ibam.hpp:109:21: error: 'istream' does not name a type</code><br />
						
            
            <a class="navhash" href="#121">#</a>
						
              <code id="121">       friend inline istream & operator >>(istream & i,percent_data &a);</code><br />
						
            
            <a class="navhash" href="#122">#</a>
						
              <code id="122">                     ^</code><br />
						
            
            <a class="navhash" href="#123">#</a>
						
              <code id="123">ibam.hpp:110:14: error: 'istream' does not name a type</code><br />
						
            
            <a class="navhash" href="#124">#</a>
						
              <code id="124">       inline istream & import(istream & i);</code><br />
						
            
            <a class="navhash" href="#125">#</a>
						
              <code id="125">              ^</code><br />
						
            
            <a class="navhash" href="#126">#</a>
						
              <code id="126">ibam.hpp:146:7: error: 'string' does not name a type</code><br />
						
            
            <a class="navhash" href="#127">#</a>
						
              <code id="127">       string     home;</code><br />
						
            
            <a class="navhash" href="#128">#</a>
						
              <code id="128">       ^</code><br />
						
            
            <a class="navhash" href="#129">#</a>
						
              <code id="129">ibam.hpp:160:25: error: 'string' does not name a type</code><br />
						
            
            <a class="navhash" href="#130">#</a>
						
              <code id="130">       inline ibam(const string &a="");</code><br />
						
            
            <a class="navhash" href="#131">#</a>
						
              <code id="131">                         ^</code><br />
						
            
            <a class="navhash" href="#132">#</a>
						
              <code id="132">ibam.hpp:160:35: error: ISO C++ forbids declaration of 'a' with no type [-fpermissive]</code><br />
						
            
            <a class="navhash" href="#133">#</a>
						
              <code id="133">       inline ibam(const string &a="");</code><br />
						
            
            <a class="navhash" href="#134">#</a>
						
              <code id="134">                                   ^</code><br />
						
            
            <a class="navhash" href="#135">#</a>
						
              <code id="135">ibam.hpp:168:14: error: 'string' does not name a type</code><br />
						
            
            <a class="navhash" href="#136">#</a>
						
              <code id="136">       inline string profile_filename(int n,int type) const;</code><br />
						
            
            <a class="navhash" href="#137">#</a>
						
              <code id="137">              ^</code><br />
						
            
            <a class="navhash" href="#138">#</a>
						
              <code id="138">ibam.hpp:160:35: error: invalid conversion from 'const char*' to 'int' [-fpermissive]</code><br />
						
            
            <a class="navhash" href="#139">#</a>
						
              <code id="139">       inline ibam(const string &a="");</code><br />
						
            
            <a class="navhash" href="#140">#</a>
						
              <code id="140">                                   ^</code><br />
						
            
            <a class="navhash" href="#141">#</a>
						
              <code id="141">In file included from ibam.hpp:211:0,</code><br />
						
            
            <a class="navhash" href="#142">#</a>
						
              <code id="142">                 from ibam.cpp:19:</code><br />
						
            
            <a class="navhash" href="#143">#</a>
						
              <code id="143">ibam.inl:82:39: error: ISO C++ forbids declaration of 'battery_status' with no type [-fpermissive]</code><br />
						
            
            <a class="navhash" href="#144">#</a>
						
              <code id="144"> inline battery_status::battery_status(string path) {</code><br />
						
            
            <a class="navhash" href="#145">#</a>
						
              <code id="145">                                       ^</code><br />
						
            
            <a class="navhash" href="#146">#</a>
						
              <code id="146">ibam.inl:82:39: error: 'battery_status::battery_status' declared as an 'inline' variable</code><br />
						
            
            <a class="navhash" href="#147">#</a>
						
              <code id="147">ibam.inl:82:39: error: 'int battery_status::battery_status' is not a static member of 'class battery_status'</code><br />
						
            
            <a class="navhash" href="#148">#</a>
						
              <code id="148">ibam.inl:82:39: error: 'string' was not declared in this scope</code><br />
						
            
            <a class="navhash" href="#149">#</a>
						<span class="error">
              <code id="149">ibam.inl:82:52: error: expected ',' or ';' before '{' token</code><br />
						</span>
            
            <a class="navhash" href="#150">#</a>
						
              <code id="150"> inline battery_status::battery_status(string path) {</code><br />
						
            
            <a class="navhash" href="#151">#</a>
						
              <code id="151">                                                    ^</code><br />
						
            
            <a class="navhash" href="#152">#</a>
						
              <code id="152">ibam.inl: In member function 'virtual void battery_status::update()':</code><br />
						
            
            <a class="navhash" href="#153">#</a>
						
              <code id="153">ibam.inl:90:4: error: 'cout' was not declared in this scope</code><br />
						
            
            <a class="navhash" href="#154">#</a>
						
              <code id="154">    cout << "battery_status::update() called. This should never happen!" << endl;</code><br />
						
            
            <a class="navhash" href="#155">#</a>
						
              <code id="155">    ^</code><br />
						
            
            <a class="navhash" href="#156">#</a>
						
              <code id="156">ibam.inl:90:76: error: 'endl' was not declared in this scope</code><br />
						
            
            <a class="navhash" href="#157">#</a>
						
              <code id="157">    cout << "battery_status::update() called. This should never happen!" << endl;</code><br />
						
            
            <a class="navhash" href="#158">#</a>
						
              <code id="158">                                                                            ^</code><br />
						
            
            <a class="navhash" href="#159">#</a>
						
              <code id="159">ibam.inl: At global scope:</code><br />
						
            
            <a class="navhash" href="#160">#</a>
						
              <code id="160">ibam.inl:94:31: error: ISO C++ forbids declaration of 'apm_status' with no type [-fpermissive]</code><br />
						
            
            <a class="navhash" href="#161">#</a>
						
              <code id="161"> inline apm_status::apm_status(string path) : battery_status(path)</code><br />
						
            
            <a class="navhash" href="#162">#</a>
						
              <code id="162">                               ^</code><br />
						
            
            <a class="navhash" href="#163">#</a>
						
              <code id="163">ibam.inl:94:31: error: 'apm_status::apm_status' declared as an 'inline' variable</code><br />
						
            
            <a class="navhash" href="#164">#</a>
						
              <code id="164">ibam.inl:94:31: error: 'int apm_status::apm_status' is not a static member of 'class apm_status'</code><br />
						
            
            <a class="navhash" href="#165">#</a>
						
              <code id="165">ibam.inl:94:31: error: 'string' was not declared in this scope</code><br />
						
            
            <a class="navhash" href="#166">#</a>
						<span class="error">
              <code id="166">ibam.inl:94:44: error: expected ',' or ';' before ':' token</code><br />
						</span>
            
            <a class="navhash" href="#167">#</a>
						
              <code id="167"> inline apm_status::apm_status(string path) : battery_status(path)</code><br />
						
            
            <a class="navhash" href="#168">#</a>
						
              <code id="168">                                            ^</code><br />
						
            
            <a class="navhash" href="#169">#</a>
						
              <code id="169">ibam.inl:99:31: error: ISO C++ forbids declaration of 'pmu_status' with no type [-fpermissive]</code><br />
						
            
            <a class="navhash" href="#170">#</a>
						
              <code id="170"> inline pmu_status::pmu_status(string path) : battery_status(path)</code><br />
						
            
            <a class="navhash" href="#171">#</a>
						
              <code id="171">                               ^</code><br />
						
            
            <a class="navhash" href="#172">#</a>
						
              <code id="172">ibam.inl:99:31: error: 'pmu_status::pmu_status' declared as an 'inline' variable</code><br />
						
            
            <a class="navhash" href="#173">#</a>
						
              <code id="173">ibam.inl:99:31: error: 'int pmu_status::pmu_status' is not a static member of 'class pmu_status'</code><br />
						
            
            <a class="navhash" href="#174">#</a>
						
              <code id="174">ibam.inl:99:31: error: 'string' was not declared in this scope</code><br />
						
            
            <a class="navhash" href="#175">#</a>
						<span class="error">
              <code id="175">ibam.inl:99:44: error: expected ',' or ';' before ':' token</code><br />
						</span>
            
            <a class="navhash" href="#176">#</a>
						
              <code id="176"> inline pmu_status::pmu_status(string path) : battery_status(path)</code><br />
						
            
            <a class="navhash" href="#177">#</a>
						
              <code id="177">                                            ^</code><br />
						
            
            <a class="navhash" href="#178">#</a>
						
              <code id="178">ibam.inl:104:33: error: ISO C++ forbids declaration of 'acpi_status' with no type [-fpermissive]</code><br />
						
            
            <a class="navhash" href="#179">#</a>
						
              <code id="179"> inline acpi_status::acpi_status(string path) : battery_status(path)</code><br />
						
            
            <a class="navhash" href="#180">#</a>
						
              <code id="180">                                 ^</code><br />
						
            
            <a class="navhash" href="#181">#</a>
						
              <code id="181">ibam.inl:104:33: error: 'acpi_status::acpi_status' declared as an 'inline' variable</code><br />
						
            
            <a class="navhash" href="#182">#</a>
						
              <code id="182">ibam.inl:104:33: error: 'int acpi_status::acpi_status' is not a static member of 'class acpi_status'</code><br />
						
            
            <a class="navhash" href="#183">#</a>
						
              <code id="183">ibam.inl:104:33: error: 'string' was not declared in this scope</code><br />
						
            
            <a class="navhash" href="#184">#</a>
						<span class="error">
              <code id="184">ibam.inl:104:46: error: expected ',' or ';' before ':' token</code><br />
						</span>
            
            <a class="navhash" href="#185">#</a>
						
              <code id="185"> inline acpi_status::acpi_status(string path) : battery_status(path)</code><br />
						
            
            <a class="navhash" href="#186">#</a>
						
              <code id="186">                                              ^</code><br />
						
            
            <a class="navhash" href="#187">#</a>
						
              <code id="187">ibam.inl:109:35: error: ISO C++ forbids declaration of 'sysfs_status' with no type [-fpermissive]</code><br />
						
            
            <a class="navhash" href="#188">#</a>
						
              <code id="188"> inline sysfs_status::sysfs_status(string path) : battery_status(path)</code><br />
						
            
            <a class="navhash" href="#189">#</a>
						
              <code id="189">                                   ^</code><br />
						
            
            <a class="navhash" href="#190">#</a>
						
              <code id="190">ibam.inl:109:35: error: 'sysfs_status::sysfs_status' declared as an 'inline' variable</code><br />
						
            
            <a class="navhash" href="#191">#</a>
						
              <code id="191">ibam.inl:109:35: error: 'int sysfs_status::sysfs_status' is not a static member of 'class sysfs_status'</code><br />
						
            
            <a class="navhash" href="#192">#</a>
						
              <code id="192">ibam.inl:109:35: error: 'string' was not declared in this scope</code><br />
						
            
            <a class="navhash" href="#193">#</a>
						<span class="error">
              <code id="193">ibam.inl:109:48: error: expected ',' or ';' before ':' token</code><br />
						</span>
            
            <a class="navhash" href="#194">#</a>
						
              <code id="194"> inline sysfs_status::sysfs_status(string path) : battery_status(path)</code><br />
						
            
            <a class="navhash" href="#195">#</a>
						
              <code id="195">                                                ^</code><br />
						
            
            <a class="navhash" href="#196">#</a>
						
              <code id="196">ibam.inl: In member function 'virtual void apm_status::update()':</code><br />
						
            
            <a class="navhash" href="#197">#</a>
						
              <code id="197">ibam.inl:116:4: error: 'ifstream' was not declared in this scope</code><br />
						
            
            <a class="navhash" href="#198">#</a>
						
              <code id="198">    ifstream in;</code><br />
						
            
            <a class="navhash" href="#199">#</a>
						
              <code id="199">    ^</code><br />
						
            
            <a class="navhash" href="#200">#</a>
						<span class="error">
              <code id="200">ibam.inl:116:13: error: expected ';' before 'in'</code><br />
						</span>
            
            <a class="navhash" href="#201">#</a>
						
              <code id="201">    ifstream in;</code><br />
						
            
            <a class="navhash" href="#202">#</a>
						
              <code id="202">             ^</code><br />
						
            
            <a class="navhash" href="#203">#</a>
						
              <code id="203">ibam.inl:118:4: error: 'in' was not declared in this scope</code><br />
						
            
            <a class="navhash" href="#204">#</a>
						
              <code id="204">    in.open(Path.c_str());</code><br />
						
            
            <a class="navhash" href="#205">#</a>
						
              <code id="205">    ^</code><br />
						
            
            <a class="navhash" href="#206">#</a>
						
              <code id="206">ibam.inl:118:12: error: 'Path' was not declared in this scope</code><br />
						
            
            <a class="navhash" href="#207">#</a>
						
              <code id="207">    in.open(Path.c_str());</code><br />
						
            
            <a class="navhash" href="#208">#</a>
						
              <code id="208">            ^</code><br />
						
            
            <a class="navhash" href="#209">#</a>
						
              <code id="209">ibam.inl:130:4: error: 'string' was not declared in this scope</code><br />
						
            
            <a class="navhash" href="#210">#</a>
						
              <code id="210">    string driverVersion, biosVersion;</code><br />
						
            
            <a class="navhash" href="#211">#</a>
						
              <code id="211">    ^</code><br />
						
            
            <a class="navhash" href="#212">#</a>
						<span class="error">
              <code id="212">ibam.inl:130:11: error: expected ';' before 'driverVersion'</code><br />
						</span>
            
            <a class="navhash" href="#213">#</a>
						
              <code id="213">    string driverVersion, biosVersion;</code><br />
						
            
            <a class="navhash" href="#214">#</a>
						
              <code id="214">           ^</code><br />
						
            
            <a class="navhash" href="#215">#</a>
						
              <code id="215">ibam.inl:133:10: error: 'driverVersion' was not declared in this scope</code><br />
						
            
            <a class="navhash" href="#216">#</a>
						
              <code id="216">    in >> driverVersion;</code><br />
						
            
            <a class="navhash" href="#217">#</a>
						
              <code id="217">          ^</code><br />
						
            
            <a class="navhash" href="#218">#</a>
						
              <code id="218">ibam.inl:134:10: error: 'biosVersion' was not declared in this scope</code><br />
						
            
            <a class="navhash" href="#219">#</a>
						
              <code id="219">    in >> biosVersion;</code><br />
						
            
            <a class="navhash" href="#220">#</a>
						
              <code id="220">          ^</code><br />
						
            
            <a class="navhash" href="#221">#</a>
						<span class="error">
              <code id="221">ibam.inl:149:11: error: expected ';' before 'minsec'</code><br />
						</span>
            
            <a class="navhash" href="#222">#</a>
						
              <code id="222">    string minsec; </code><br />
						
            
            <a class="navhash" href="#223">#</a>
						
              <code id="223">           ^</code><br />
						
            
            <a class="navhash" href="#224">#</a>
						
              <code id="224">ibam.inl:150:41: error: 'minsec' was not declared in this scope</code><br />
						
            
            <a class="navhash" href="#225">#</a>
						
              <code id="225">    in >> remainingBatteryLifeSeconds >> minsec; </code><br />
						
            
            <a class="navhash" href="#226">#</a>
						
              <code id="226">                                         ^</code><br />
						
            
            <a class="navhash" href="#227">#</a>
						
              <code id="227">ibam.inl: In member function 'virtual void pmu_status::update()':</code><br />
						
            
            <a class="navhash" href="#228">#</a>
						
              <code id="228">ibam.inl:222:4: error: 'ifstream' was not declared in this scope</code><br />
						
            
            <a class="navhash" href="#229">#</a>
						
              <code id="229">    ifstream in;</code><br />
						
            
            <a class="navhash" href="#230">#</a>
						
              <code id="230">    ^</code><br />
						
            
            <a class="navhash" href="#231">#</a>
						<span class="error">
              <code id="231">ibam.inl:222:13: error: expected ';' before 'in'</code><br />
						</span>
            
            <a class="navhash" href="#232">#</a>
						
              <code id="232">    ifstream in;</code><br />
						
            
            <a class="navhash" href="#233">#</a>
						
              <code id="233">             ^</code><br />
						
            
            <a class="navhash" href="#234">#</a>
						
              <code id="234">ibam.inl:224:4: error: 'in' was not declared in this scope</code><br />
						
            
            <a class="navhash" href="#235">#</a>
						
              <code id="235">    in.open((Path+"/info").c_str());</code><br />
						
            
            <a class="navhash" href="#236">#</a>
						
              <code id="236">    ^</code><br />
						
            
            <a class="navhash" href="#237">#</a>
						
              <code id="237">ibam.inl:224:13: error: 'Path' was not declared in this scope</code><br />
						
            
            <a class="navhash" href="#238">#</a>
						
              <code id="238">    in.open((Path+"/info").c_str());</code><br />
						
            
            <a class="navhash" href="#239">#</a>
						
              <code id="239">             ^</code><br />
						
            
            <a class="navhash" href="#240">#</a>
						
              <code id="240">ibam.inl:235:4: error: 'stringbuf' was not declared in this scope</code><br />
						
            
            <a class="navhash" href="#241">#</a>
						
              <code id="241">    stringbuf buf;</code><br />
						
            
            <a class="navhash" href="#242">#</a>
						
              <code id="242">    ^</code><br />
						
            
            <a class="navhash" href="#243">#</a>
						<span class="error">
              <code id="243">ibam.inl:235:14: error: expected ';' before 'buf'</code><br />
						</span>
            
            <a class="navhash" href="#244">#</a>
						
              <code id="244">    stringbuf buf;</code><br />
						
            
            <a class="navhash" href="#245">#</a>
						
              <code id="245">              ^</code><br />
						
            
            <a class="navhash" href="#246">#</a>
						
              <code id="246">ibam.inl:239:14: error: 'buf' was not declared in this scope</code><br />
						
            
            <a class="navhash" href="#247">#</a>
						
              <code id="247">       in.get(buf, ':');</code><br />
						
            
            <a class="navhash" href="#248">#</a>
						
              <code id="248">              ^</code><br />
						
            
            <a class="navhash" href="#249">#</a>
						
              <code id="249">ibam.inl:256:14: error: 'buf' was not declared in this scope</code><br />
						
            
            <a class="navhash" href="#250">#</a>
						
              <code id="250">       in.get(buf, ':');</code><br />
						
            
            <a class="navhash" href="#251">#</a>
						
              <code id="251">              ^</code><br />
						
            
            <a class="navhash" href="#252">#</a>
						
              <code id="252">ibam.inl:277:14: error: 'buf' was not declared in this scope</code><br />
						
            
            <a class="navhash" href="#253">#</a>
						
              <code id="253">       in.get(buf, ':');</code><br />
						
            
            <a class="navhash" href="#254">#</a>
						
              <code id="254">              ^</code><br />
						
            
            <a class="navhash" href="#255">#</a>
						
              <code id="255">ibam.inl: In member function 'virtual void acpi_status::update()':</code><br />
						
            
            <a class="navhash" href="#256">#</a>
						
              <code id="256">ibam.inl:327:4: error: 'ifstream' was not declared in this scope</code><br />
						
            
            <a class="navhash" href="#257">#</a>
						
              <code id="257">    ifstream in;</code><br />
						
            
            <a class="navhash" href="#258">#</a>
						
              <code id="258">    ^</code><br />
						
            
            <a class="navhash" href="#259">#</a>
						<span class="error">
              <code id="259">ibam.inl:327:13: error: expected ';' before 'in'</code><br />
						</span>
            
            <a class="navhash" href="#260">#</a>
						
              <code id="260">    ifstream in;</code><br />
						
            
            <a class="navhash" href="#261">#</a>
						
              <code id="261">             ^</code><br />
						
            
            <a class="navhash" href="#262">#</a>
						
              <code id="262">ibam.inl:328:4: error: 'DIR' was not declared in this scope</code><br />
						
            
            <a class="navhash" href="#263">#</a>
						
              <code id="263">    DIR *acpi_battery_dir;</code><br />
						
            
            <a class="navhash" href="#264">#</a>
						
              <code id="264">    ^</code><br />
						
            
            <a class="navhash" href="#265">#</a>
						
              <code id="265">ibam.inl:328:9: error: 'acpi_battery_dir' was not declared in this scope</code><br />
						
            
            <a class="navhash" href="#266">#</a>
						
              <code id="266">    DIR *acpi_battery_dir;</code><br />
						
            
            <a class="navhash" href="#267">#</a>
						
              <code id="267">         ^</code><br />
						
            
            <a class="navhash" href="#268">#</a>
						
              <code id="268">ibam.inl:332:30: error: 'Path' was not declared in this scope</code><br />
						
            
            <a class="navhash" href="#269">#</a>
						
              <code id="269">    acpi_battery_dir=opendir((Path+"/battery").c_str());</code><br />
						
            
            <a class="navhash" href="#270">#</a>
						
              <code id="270">                              ^</code><br />
						
            
            <a class="navhash" href="#271">#</a>
						
              <code id="271">ibam.inl:332:54: error: 'opendir' was not declared in this scope</code><br />
						
            
            <a class="navhash" href="#272">#</a>
						
              <code id="272">    acpi_battery_dir=opendir((Path+"/battery").c_str());</code><br />
						
            
            <a class="navhash" href="#273">#</a>
						
              <code id="273">                                                      ^</code><br />
						
            
            <a class="navhash" href="#274">#</a>
						
              <code id="274">ibam.inl:334:26: error: 'NULL' was not declared in this scope</code><br />
						
            
            <a class="navhash" href="#275">#</a>
						
              <code id="275">    if (acpi_battery_dir==NULL) </code><br />
						
            
            <a class="navhash" href="#276">#</a>
						
              <code id="276">                          ^</code><br />
						
            
            <a class="navhash" href="#277">#</a>
						
              <code id="277">ibam.inl:347:50: error: 'readdir' was not declared in this scope</code><br />
						
            
            <a class="navhash" href="#278">#</a>
						
              <code id="278">    while ((battery_entry=readdir(acpi_battery_dir)))</code><br />
						
            
            <a class="navhash" href="#279">#</a>
						
              <code id="279">                                                  ^</code><br />
						
            
            <a class="navhash" href="#280">#</a>
						
              <code id="280">ibam.inl:349:23: error: invalid use of incomplete type 'struct acpi_status::update()::dirent'</code><br />
						
            
            <a class="navhash" href="#281">#</a>
						
              <code id="281">       if(battery_entry->d_name!=string(".") </code><br />
						
            
            <a class="navhash" href="#282">#</a>
						
              <code id="282">                       ^</code><br />
						
            
            <a class="navhash" href="#283">#</a>
						
              <code id="283">ibam.inl:329:11: error: forward declaration of 'struct acpi_status::update()::dirent'</code><br />
						
            
            <a class="navhash" href="#284">#</a>
						
              <code id="284">    struct dirent *battery_entry;</code><br />
						
            
            <a class="navhash" href="#285">#</a>
						
              <code id="285">           ^</code><br />
						
            
            <a class="navhash" href="#286">#</a>
						
              <code id="286">ibam.inl:349:43: error: 'string' was not declared in this scope</code><br />
						
            
            <a class="navhash" href="#287">#</a>
						
              <code id="287">       if(battery_entry->d_name!=string(".") </code><br />
						
            
            <a class="navhash" href="#288">#</a>
						
              <code id="288">                                           ^</code><br />
						
            
            <a class="navhash" href="#289">#</a>
						
              <code id="289">ibam.inl:350:23: error: invalid use of incomplete type 'struct acpi_status::update()::dirent'</code><br />
						
            
            <a class="navhash" href="#290">#</a>
						
              <code id="290">       && battery_entry->d_name!=string(".."))</code><br />
						
            
            <a class="navhash" href="#291">#</a>
						
              <code id="291">                       ^</code><br />
						
            
            <a class="navhash" href="#292">#</a>
						
              <code id="292">ibam.inl:329:11: error: forward declaration of 'struct acpi_status::update()::dirent'</code><br />
						
            
            <a class="navhash" href="#293">#</a>
						
              <code id="293">    struct dirent *battery_entry;</code><br />
						
            
            <a class="navhash" href="#294">#</a>
						
              <code id="294">           ^</code><br />
						
            
            <a class="navhash" href="#295">#</a>
						
              <code id="295">ibam.inl:352:10: error: 'in' was not declared in this scope</code><br />
						
            
            <a class="navhash" href="#296">#</a>
						
              <code id="296">          in.open((((Path+"/battery/")+battery_entry->d_name)+"/info").c_str());</code><br />
						
            
            <a class="navhash" href="#297">#</a>
						
              <code id="297">          ^</code><br />
						
            
            <a class="navhash" href="#298">#</a>
						
              <code id="298">ibam.inl:352:52: error: invalid use of incomplete type 'struct acpi_status::update()::dirent'</code><br />
						
            
            <a class="navhash" href="#299">#</a>
						
              <code id="299">          in.open((((Path+"/battery/")+battery_entry->d_name)+"/info").c_str());</code><br />
						
            
            <a class="navhash" href="#300">#</a>
						
              <code id="300">                                                    ^</code><br />
						
            
            <a class="navhash" href="#301">#</a>
						
              <code id="301">ibam.inl:329:11: error: forward declaration of 'struct acpi_status::update()::dirent'</code><br />
						
            
            <a class="navhash" href="#302">#</a>
						
              <code id="302">    struct dirent *battery_entry;</code><br />
						
            
            <a class="navhash" href="#303">#</a>
						
              <code id="303">           ^</code><br />
						
            
            <a class="navhash" href="#304">#</a>
						
              <code id="304">ibam.inl:353:10: error: 'stringbuf' was not declared in this scope</code><br />
						
            
            <a class="navhash" href="#305">#</a>
						
              <code id="305">          stringbuf buf;</code><br />
						
            
            <a class="navhash" href="#306">#</a>
						
              <code id="306">          ^</code><br />
						
            
            <a class="navhash" href="#307">#</a>
						<span class="error">
              <code id="307">ibam.inl:353:20: error: expected ';' before 'buf'</code><br />
						</span>
            
            <a class="navhash" href="#308">#</a>
						
              <code id="308">          stringbuf buf;</code><br />
						
            
            <a class="navhash" href="#309">#</a>
						
              <code id="309">                    ^</code><br />
						
            
            <a class="navhash" href="#310">#</a>
						
              <code id="310">ibam.inl:359:20: error: 'buf' was not declared in this scope</code><br />
						
            
            <a class="navhash" href="#311">#</a>
						
              <code id="311">             in.get(buf, ':');</code><br />
						
            
            <a class="navhash" href="#312">#</a>
						
              <code id="312">                    ^</code><br />
						
            
            <a class="navhash" href="#313">#</a>
						
              <code id="313">ibam.inl:381:55: error: invalid use of incomplete type 'struct acpi_status::update()::dirent'</code><br />
						
            
            <a class="navhash" href="#314">#</a>
						
              <code id="314">             in.open((((Path+"/battery/")+battery_entry->d_name)+"/state").c_str());</code><br />
						
            
            <a class="navhash" href="#315">#</a>
						
              <code id="315">                                                       ^</code><br />
						
            
            <a class="navhash" href="#316">#</a>
						
              <code id="316">ibam.inl:329:11: error: forward declaration of 'struct acpi_status::update()::dirent'</code><br />
						
            
            <a class="navhash" href="#317">#</a>
						
              <code id="317">    struct dirent *battery_entry;</code><br />
						
            
            <a class="navhash" href="#318">#</a>
						
              <code id="318">           ^</code><br />
						
            
            <a class="navhash" href="#319">#</a>
						
              <code id="319">ibam.inl:385:23: error: 'buf' was not declared in this scope</code><br />
						
            
            <a class="navhash" href="#320">#</a>
						
              <code id="320">                in.get(buf, ':');</code><br />
						
            
            <a class="navhash" href="#321">#</a>
						
              <code id="321">                       ^</code><br />
						
            
            <a class="navhash" href="#322">#</a>
						
              <code id="322">ibam.inl:449:29: error: 'closedir' was not declared in this scope</code><br />
						
            
            <a class="navhash" href="#323">#</a>
						
              <code id="323">    closedir(acpi_battery_dir);</code><br />
						
            
            <a class="navhash" href="#324">#</a>
						
              <code id="324">                             ^</code><br />
						
            
            <a class="navhash" href="#325">#</a>
						
              <code id="325">ibam.inl: In member function 'virtual void sysfs_status::update()':</code><br />
						
            
            <a class="navhash" href="#326">#</a>
						
              <code id="326">ibam.inl:504:4: error: 'ifstream' was not declared in this scope</code><br />
						
            
            <a class="navhash" href="#327">#</a>
						
              <code id="327">    ifstream in;</code><br />
						
            
            <a class="navhash" href="#328">#</a>
						
              <code id="328">    ^</code><br />
						
            
            <a class="navhash" href="#329">#</a>
						<span class="error">
              <code id="329">ibam.inl:504:13: error: expected ';' before 'in'</code><br />
						</span>
            
            <a class="navhash" href="#330">#</a>
						
              <code id="330">    ifstream in;</code><br />
						
            
            <a class="navhash" href="#331">#</a>
						
              <code id="331">             ^</code><br />
						
            
            <a class="navhash" href="#332">#</a>
						
              <code id="332">ibam.inl:505:4: error: 'DIR' was not declared in this scope</code><br />
						
            
            <a class="navhash" href="#333">#</a>
						
              <code id="333">    DIR *sysfs_battery_dir;</code><br />
						
            
            <a class="navhash" href="#334">#</a>
						
              <code id="334">    ^</code><br />
						
            
            <a class="navhash" href="#335">#</a>
						
              <code id="335">ibam.inl:505:9: error: 'sysfs_battery_dir' was not declared in this scope</code><br />
						
            
            <a class="navhash" href="#336">#</a>
						
              <code id="336">    DIR *sysfs_battery_dir;</code><br />
						
            
            <a class="navhash" href="#337">#</a>
						
              <code id="337">         ^</code><br />
						
            
            <a class="navhash" href="#338">#</a>
						
              <code id="338">ibam.inl:508:31: error: 'Path' was not declared in this scope</code><br />
						
            
            <a class="navhash" href="#339">#</a>
						
              <code id="339">    sysfs_battery_dir=opendir((Path).c_str());</code><br />
						
            
            <a class="navhash" href="#340">#</a>
						
              <code id="340">                               ^</code><br />
						
            
            <a class="navhash" href="#341">#</a>
						
              <code id="341">ibam.inl:508:44: error: 'opendir' was not declared in this scope</code><br />
						
            
            <a class="navhash" href="#342">#</a>
						
              <code id="342">    sysfs_battery_dir=opendir((Path).c_str());</code><br />
						
            
            <a class="navhash" href="#343">#</a>
						
              <code id="343">                                            ^</code><br />
						
            
            <a class="navhash" href="#344">#</a>
						
              <code id="344">ibam.inl:510:27: error: 'NULL' was not declared in this scope</code><br />
						
            
            <a class="navhash" href="#345">#</a>
						
              <code id="345">    if (sysfs_battery_dir==NULL) </code><br />
						
            
            <a class="navhash" href="#346">#</a>
						
              <code id="346">                           ^</code><br />
						
            
            <a class="navhash" href="#347">#</a>
						
              <code id="347">ibam.inl:523:51: error: 'readdir' was not declared in this scope</code><br />
						
            
            <a class="navhash" href="#348">#</a>
						
              <code id="348">    while ((battery_entry=readdir(sysfs_battery_dir)))</code><br />
						
            
            <a class="navhash" href="#349">#</a>
						
              <code id="349">                                                   ^</code><br />
						
            
            <a class="navhash" href="#350">#</a>
						
              <code id="350">ibam.inl:525:23: error: invalid use of incomplete type 'struct sysfs_status::update()::dirent'</code><br />
						
            
            <a class="navhash" href="#351">#</a>
						
              <code id="351">       if(battery_entry->d_name!=string(".") </code><br />
						
            
            <a class="navhash" href="#352">#</a>
						
              <code id="352">                       ^</code><br />
						
            
            <a class="navhash" href="#353">#</a>
						
              <code id="353">ibam.inl:506:11: error: forward declaration of 'struct sysfs_status::update()::dirent'</code><br />
						
            
            <a class="navhash" href="#354">#</a>
						
              <code id="354">    struct dirent *battery_entry;</code><br />
						
            
            <a class="navhash" href="#355">#</a>
						
              <code id="355">           ^</code><br />
						
            
            <a class="navhash" href="#356">#</a>
						
              <code id="356">ibam.inl:525:43: error: 'string' was not declared in this scope</code><br />
						
            
            <a class="navhash" href="#357">#</a>
						
              <code id="357">       if(battery_entry->d_name!=string(".") </code><br />
						
            
            <a class="navhash" href="#358">#</a>
						
              <code id="358">                                           ^</code><br />
						
            
            <a class="navhash" href="#359">#</a>
						
              <code id="359">ibam.inl:526:23: error: invalid use of incomplete type 'struct sysfs_status::update()::dirent'</code><br />
						
            
            <a class="navhash" href="#360">#</a>
						
              <code id="360">       && battery_entry->d_name!=string(".."))</code><br />
						
            
            <a class="navhash" href="#361">#</a>
						
              <code id="361">                       ^</code><br />
						
            
            <a class="navhash" href="#362">#</a>
						
              <code id="362">ibam.inl:506:11: error: forward declaration of 'struct sysfs_status::update()::dirent'</code><br />
						
            
            <a class="navhash" href="#363">#</a>
						
              <code id="363">    struct dirent *battery_entry;</code><br />
						
            
            <a class="navhash" href="#364">#</a>
						
              <code id="364">           ^</code><br />
						
            
            <a class="navhash" href="#365">#</a>
						
              <code id="365">ibam.inl:528:10: error: 'in' was not declared in this scope</code><br />
						
            
            <a class="navhash" href="#366">#</a>
						
              <code id="366">          in.open((((Path)+battery_entry->d_name)+"/present").c_str());</code><br />
						
            
            <a class="navhash" href="#367">#</a>
						
              <code id="367">          ^</code><br />
						
            
            <a class="navhash" href="#368">#</a>
						
              <code id="368">ibam.inl:528:40: error: invalid use of incomplete type 'struct sysfs_status::update()::dirent'</code><br />
						
            
            <a class="navhash" href="#369">#</a>
						
              <code id="369">          in.open((((Path)+battery_entry->d_name)+"/present").c_str());</code><br />
						
            
            <a class="navhash" href="#370">#</a>
						
              <code id="370">                                        ^</code><br />
						
            
            <a class="navhash" href="#371">#</a>
						
              <code id="371">ibam.inl:506:11: error: forward declaration of 'struct sysfs_status::update()::dirent'</code><br />
						
            
            <a class="navhash" href="#372">#</a>
						
              <code id="372">    struct dirent *battery_entry;</code><br />
						
            
            <a class="navhash" href="#373">#</a>
						
              <code id="373">           ^</code><br />
						
            
            <a class="navhash" href="#374">#</a>
						
              <code id="374">ibam.inl:543:43: error: invalid use of incomplete type 'struct sysfs_status::update()::dirent'</code><br />
						
            
            <a class="navhash" href="#375">#</a>
						
              <code id="375">             in.open((((Path)+battery_entry->d_name)+"/charge_full").c_str());</code><br />
						
            
            <a class="navhash" href="#376">#</a>
						
              <code id="376">                                           ^</code><br />
						
            
            <a class="navhash" href="#377">#</a>
						
              <code id="377">ibam.inl:506:11: error: forward declaration of 'struct sysfs_status::update()::dirent'</code><br />
						
            
            <a class="navhash" href="#378">#</a>
						
              <code id="378">    struct dirent *battery_entry;</code><br />
						
            
            <a class="navhash" href="#379">#</a>
						
              <code id="379">           ^</code><br />
						
            
            <a class="navhash" href="#380">#</a>
						
              <code id="380">ibam.inl:554:43: error: invalid use of incomplete type 'struct sysfs_status::update()::dirent'</code><br />
						
            
            <a class="navhash" href="#381">#</a>
						
              <code id="381">             in.open((((Path)+battery_entry->d_name)+"/charge_now").c_str());</code><br />
						
            
            <a class="navhash" href="#382">#</a>
						
              <code id="382">                                           ^</code><br />
						
            
            <a class="navhash" href="#383">#</a>
						
              <code id="383">ibam.inl:506:11: error: forward declaration of 'struct sysfs_status::update()::dirent'</code><br />
						
            
            <a class="navhash" href="#384">#</a>
						
              <code id="384">    struct dirent *battery_entry;</code><br />
						
            
            <a class="navhash" href="#385">#</a>
						
              <code id="385">           ^</code><br />
						
            
            <a class="navhash" href="#386">#</a>
						
              <code id="386">ibam.inl:565:43: error: invalid use of incomplete type 'struct sysfs_status::update()::dirent'</code><br />
						
            
            <a class="navhash" href="#387">#</a>
						
              <code id="387">             in.open((((Path)+battery_entry->d_name)+"/current_now").c_str());</code><br />
						
            
            <a class="navhash" href="#388">#</a>
						
              <code id="388">                                           ^</code><br />
						
            
            <a class="navhash" href="#389">#</a>
						
              <code id="389">ibam.inl:506:11: error: forward declaration of 'struct sysfs_status::update()::dirent'</code><br />
						
            
            <a class="navhash" href="#390">#</a>
						
              <code id="390">    struct dirent *battery_entry;</code><br />
						
            
            <a class="navhash" href="#391">#</a>
						
              <code id="391">           ^</code><br />
						
            
            <a class="navhash" href="#392">#</a>
						
              <code id="392">ibam.inl:576:43: error: invalid use of incomplete type 'struct sysfs_status::update()::dirent'</code><br />
						
            
            <a class="navhash" href="#393">#</a>
						
              <code id="393">             in.open((((Path)+battery_entry->d_name)+"/status").c_str());</code><br />
						
            
            <a class="navhash" href="#394">#</a>
						
              <code id="394">                                           ^</code><br />
						
            
            <a class="navhash" href="#395">#</a>
						
              <code id="395">ibam.inl:506:11: error: forward declaration of 'struct sysfs_status::update()::dirent'</code><br />
						
            
            <a class="navhash" href="#396">#</a>
						
              <code id="396">    struct dirent *battery_entry;</code><br />
						
            
            <a class="navhash" href="#397">#</a>
						
              <code id="397">           ^</code><br />
						
            
            <a class="navhash" href="#398">#</a>
						
              <code id="398">ibam.inl:604:30: error: 'closedir' was not declared in this scope</code><br />
						
            
            <a class="navhash" href="#399">#</a>
						
              <code id="399">    closedir(sysfs_battery_dir);</code><br />
						
            
            <a class="navhash" href="#400">#</a>
						
              <code id="400">                              ^</code><br />
						
            
            <a class="navhash" href="#401">#</a>
						
              <code id="401">ibam.inl: At global scope:</code><br />
						
            
            <a class="navhash" href="#402">#</a>
						
              <code id="402">ibam.inl:702:8: error: 'ostream' does not name a type</code><br />
						
            
            <a class="navhash" href="#403">#</a>
						
              <code id="403"> inline ostream & operator <<(ostream & o,const percent_data & a)</code><br />
						
            
            <a class="navhash" href="#404">#</a>
						
              <code id="404">        ^</code><br />
						
            
            <a class="navhash" href="#405">#</a>
						
              <code id="405">In file included from ibam.hpp:211:0,</code><br />
						
            
            <a class="navhash" href="#406">#</a>
						
              <code id="406">                 from ibam.cpp:19:</code><br />
						
            
            <a class="navhash" href="#407">#</a>
						
              <code id="407">ibam.inl:816:8: error: 'istream' does not name a type</code><br />
						
            
            <a class="navhash" href="#408">#</a>
						
              <code id="408"> inline istream & operator >>(istream & i,percent_data &a)</code><br />
						
            
            <a class="navhash" href="#409">#</a>
						
              <code id="409">        ^</code><br />
						
            
            <a class="navhash" href="#410">#</a>
						
              <code id="410">ibam.inl:834:8: error: 'istream' does not name a type</code><br />
						
            
            <a class="navhash" href="#411">#</a>
						
              <code id="411"> inline istream & percent_data::import(istream & i)</code><br />
						
            
            <a class="navhash" href="#412">#</a>
						
              <code id="412">        ^</code><br />
						
            
            <a class="navhash" href="#413">#</a>
						
              <code id="413">ibam.inl:931:25: error: 'string' does not name a type</code><br />
						
            
            <a class="navhash" href="#414">#</a>
						
              <code id="414"> inline ibam::ibam(const string &aHome) : </code><br />
						
            
            <a class="navhash" href="#415">#</a>
						
              <code id="415">                         ^</code><br />
						
            
            <a class="navhash" href="#416">#</a>
						
              <code id="416">ibam.inl:931:33: error: ISO C++ forbids declaration of 'aHome' with no type [-fpermissive]</code><br />
						
            
            <a class="navhash" href="#417">#</a>
						
              <code id="417"> inline ibam::ibam(const string &aHome) : </code><br />
						
            
            <a class="navhash" href="#418">#</a>
						
              <code id="418">                                 ^</code><br />
						
            
            <a class="navhash" href="#419">#</a>
						
              <code id="419">ibam.inl: In constructor 'ibam::ibam(const int&)':</code><br />
						
            
            <a class="navhash" href="#420">#</a>
						
              <code id="420">ibam.inl:936:28: error: 'NULL' was not declared in this scope</code><br />
						
            
            <a class="navhash" href="#421">#</a>
						
              <code id="421">              lasttime(time(NULL)),lastpercent(0),</code><br />
						
            
            <a class="navhash" href="#422">#</a>
						
              <code id="422">                            ^</code><br />
						
            
            <a class="navhash" href="#423">#</a>
						
              <code id="423">ibam.inl:936:32: error: 'time' was not declared in this scope</code><br />
						
            
            <a class="navhash" href="#424">#</a>
						
              <code id="424">              lasttime(time(NULL)),lastpercent(0),</code><br />
						
            
            <a class="navhash" href="#425">#</a>
						
              <code id="425">                                ^</code><br />
						
            
            <a class="navhash" href="#426">#</a>
						
              <code id="426">ibam.inl:943:4: error: 'string' was not declared in this scope</code><br />
						
            
            <a class="navhash" href="#427">#</a>
						
              <code id="427">    string pmu_path = "/proc/pmu";    // These strings are already in ibam.hpp,</code><br />
						
            
            <a class="navhash" href="#428">#</a>
						
              <code id="428">    ^</code><br />
						
            
            <a class="navhash" href="#429">#</a>
						<span class="error">
              <code id="429">ibam.inl:943:11: error: expected ';' before 'pmu_path'</code><br />
						</span>
            
            <a class="navhash" href="#430">#</a>
						
              <code id="430">    string pmu_path = "/proc/pmu";    // These strings are already in ibam.hpp,</code><br />
						
            
            <a class="navhash" href="#431">#</a>
						
              <code id="431">           ^</code><br />
						
            
            <a class="navhash" href="#432">#</a>
						<span class="error">
              <code id="432">ibam.inl:944:11: error: expected ';' before 'acpi_path'</code><br />
						</span>
            
            <a class="navhash" href="#433">#</a>
						
              <code id="433">    string acpi_path = "/proc/acpi";  // maybe a static function should check this</code><br />
						
            
            <a class="navhash" href="#434">#</a>
						
              <code id="434">           ^</code><br />
						
            
            <a class="navhash" href="#435">#</a>
						<span class="error">
              <code id="435">ibam.inl:945:11: error: expected ';' before 'sysfs_path'</code><br />
						</span>
            
            <a class="navhash" href="#436">#</a>
						
              <code id="436">    string sysfs_path = "/sys/class/power_supply"; // ...</code><br />
						
            
            <a class="navhash" href="#437">#</a>
						
              <code id="437">           ^</code><br />
						
            
            <a class="navhash" href="#438">#</a>
						
              <code id="438">ibam.inl:946:4: error: 'ifstream' was not declared in this scope</code><br />
						
            
            <a class="navhash" href="#439">#</a>
						
              <code id="439">    ifstream pmu,acpi,sysfs;</code><br />
						
            
            <a class="navhash" href="#440">#</a>
						
              <code id="440">    ^</code><br />
						
            
            <a class="navhash" href="#441">#</a>
						<span class="error">
              <code id="441">ibam.inl:946:13: error: expected ';' before 'pmu'</code><br />
						</span>
            
            <a class="navhash" href="#442">#</a>
						
              <code id="442">    ifstream pmu,acpi,sysfs;</code><br />
						
            
            <a class="navhash" href="#443">#</a>
						
              <code id="443">             ^</code><br />
						
            
            <a class="navhash" href="#444">#</a>
						
              <code id="444">ibam.inl:947:4: error: 'pmu' was not declared in this scope</code><br />
						
            
            <a class="navhash" href="#445">#</a>
						
              <code id="445">    pmu.open((pmu_path+"/info").c_str());</code><br />
						
            
            <a class="navhash" href="#446">#</a>
						
              <code id="446">    ^</code><br />
						
            
            <a class="navhash" href="#447">#</a>
						
              <code id="447">ibam.inl:947:14: error: 'pmu_path' was not declared in this scope</code><br />
						
            
            <a class="navhash" href="#448">#</a>
						
              <code id="448">    pmu.open((pmu_path+"/info").c_str());</code><br />
						
            
            <a class="navhash" href="#449">#</a>
						
              <code id="449">              ^</code><br />
						
            
            <a class="navhash" href="#450">#</a>
						
              <code id="450">ibam.inl:948:4: error: 'acpi' was not declared in this scope</code><br />
						
            
            <a class="navhash" href="#451">#</a>
						
              <code id="451">    acpi.open((acpi_path+"/info").c_str());</code><br />
						
            
            <a class="navhash" href="#452">#</a>
						
              <code id="452">    ^</code><br />
						
            
            <a class="navhash" href="#453">#</a>
						
              <code id="453">ibam.inl:948:15: error: 'acpi_path' was not declared in this scope</code><br />
						
            
            <a class="navhash" href="#454">#</a>
						
              <code id="454">    acpi.open((acpi_path+"/info").c_str());</code><br />
						
            
            <a class="navhash" href="#455">#</a>
						
              <code id="455">               ^</code><br />
						
            
            <a class="navhash" href="#456">#</a>
						
              <code id="456">ibam.inl:962:7: error: 'sysfs' was not declared in this scope</code><br />
						
            
            <a class="navhash" href="#457">#</a>
						
              <code id="457">       sysfs.open((sysfs_path+"/BAT1/charge_full").c_str());</code><br />
						
            
            <a class="navhash" href="#458">#</a>
						
              <code id="458">       ^</code><br />
						
            
            <a class="navhash" href="#459">#</a>
						
              <code id="459">ibam.inl:962:19: error: 'sysfs_path' was not declared in this scope</code><br />
						
            
            <a class="navhash" href="#460">#</a>
						
              <code id="460">       sysfs.open((sysfs_path+"/BAT1/charge_full").c_str());</code><br />
						
            
            <a class="navhash" href="#461">#</a>
						
              <code id="461">                   ^</code><br />
						
            
            <a class="navhash" href="#462">#</a>
						
              <code id="462">ibam.inl:977:4: error: 'home' was not declared in this scope</code><br />
						
            
            <a class="navhash" href="#463">#</a>
						
              <code id="463">    home=aHome; // directory must exist, no trailing slash</code><br />
						
            
            <a class="navhash" href="#464">#</a>
						
              <code id="464">    ^</code><br />
						
            
            <a class="navhash" href="#465">#</a>
						
              <code id="465">ibam.inl:982:25: error: 'getenv' was not declared in this scope</code><br />
						
            
            <a class="navhash" href="#466">#</a>
						
              <code id="466">       home=getenv("HOME");</code><br />
						
            
            <a class="navhash" href="#467">#</a>
						
              <code id="467">                         ^</code><br />
						
            
            <a class="navhash" href="#468">#</a>
						
              <code id="468">ibam.inl:985:40: error: 'mkdir' was not declared in this scope</code><br />
						
            
            <a class="navhash" href="#469">#</a>
						
              <code id="469">       mkdir((home+".ibam").c_str(),0755);</code><br />
						
            
            <a class="navhash" href="#470">#</a>
						
              <code id="470">                                        ^</code><br />
						
            
            <a class="navhash" href="#471">#</a>
						<span class="error">
              <code id="471">ibam.inl:989:13: error: expected ';' before 'in'</code><br />
						</span>
            
            <a class="navhash" href="#472">#</a>
						
              <code id="472">    ifstream in((home+"/ibam.rc").c_str());</code><br />
						
            
            <a class="navhash" href="#473">#</a>
						
              <code id="473">             ^</code><br />
						
            
            <a class="navhash" href="#474">#</a>
						<span class="error">
              <code id="474">ibam.inl:990:11: error: expected ';' before 'saveversion'</code><br />
						</span>
            
            <a class="navhash" href="#475">#</a>
						
              <code id="475">    string saveversion;</code><br />
						
            
            <a class="navhash" href="#476">#</a>
						
              <code id="476">           ^</code><br />
						
            
            <a class="navhash" href="#477">#</a>
						
              <code id="477">ibam.inl:991:4: error: 'in' was not declared in this scope</code><br />
						
            
            <a class="navhash" href="#478">#</a>
						
              <code id="478">    in >> saveversion;</code><br />
						
            
            <a class="navhash" href="#479">#</a>
						
              <code id="479">    ^</code><br />
						
            
            <a class="navhash" href="#480">#</a>
						
              <code id="480">ibam.inl:991:10: error: 'saveversion' was not declared in this scope</code><br />
						
            
            <a class="navhash" href="#481">#</a>
						
              <code id="481">    in >> saveversion;</code><br />
						
            
            <a class="navhash" href="#482">#</a>
						
              <code id="482">          ^</code><br />
						
            
            <a class="navhash" href="#483">#</a>
						
              <code id="483">ibam.inl: In member function 'void ibam::update()':</code><br />
						
            
            <a class="navhash" href="#484">#</a>
						
              <code id="484">ibam.inl:1025:21: error: 'NULL' was not declared in this scope</code><br />
						
            
            <a class="navhash" href="#485">#</a>
						
              <code id="485">    currenttime=time(NULL);</code><br />
						
            
            <a class="navhash" href="#486">#</a>
						
              <code id="486">                     ^</code><br />
						
            
            <a class="navhash" href="#487">#</a>
						
              <code id="487">ibam.inl:1025:25: error: 'time' was not declared in this scope</code><br />
						
            
            <a class="navhash" href="#488">#</a>
						
              <code id="488">    currenttime=time(NULL);</code><br />
						
            
            <a class="navhash" href="#489">#</a>
						
              <code id="489">                         ^</code><br />
						
            
            <a class="navhash" href="#490">#</a>
						
              <code id="490">ibam.inl: In member function 'void ibam::import()':</code><br />
						
            
            <a class="navhash" href="#491">#</a>
						
              <code id="491">ibam.inl:1046:7: error: 'ifstream' was not declared in this scope</code><br />
						
            
            <a class="navhash" href="#492">#</a>
						
              <code id="492">       ifstream in(".ibam.battery.rc");</code><br />
						
            
            <a class="navhash" href="#493">#</a>
						
              <code id="493">       ^</code><br />
						
            
            <a class="navhash" href="#494">#</a>
						<span class="error">
              <code id="494">ibam.inl:1046:16: error: expected ';' before 'in'</code><br />
						</span>
            
            <a class="navhash" href="#495">#</a>
						
              <code id="495">       ifstream in(".ibam.battery.rc");</code><br />
						
            
            <a class="navhash" href="#496">#</a>
						
              <code id="496">                ^</code><br />
						
            
            <a class="navhash" href="#497">#</a>
						
              <code id="497">ibam.inl:1047:15: error: 'class percent_data' has no member named 'import'</code><br />
						
            
            <a class="navhash" href="#498">#</a>
						
              <code id="498">       battery.import(in);</code><br />
						
            
            <a class="navhash" href="#499">#</a>
						
              <code id="499">               ^</code><br />
						
            
            <a class="navhash" href="#500">#</a>
						
              <code id="500">ibam.inl:1047:22: error: 'in' was not declared in this scope</code><br />
						
            
            <a class="navhash" href="#501">#</a>
						
              <code id="501">       battery.import(in);</code><br />
						
            
            <a class="navhash" href="#502">#</a>
						
              <code id="502">                      ^</code><br />
						
            
            <a class="navhash" href="#503">#</a>
						
              <code id="503">ibam.inl:1051:7: error: 'ifstream' was not declared in this scope</code><br />
						
            
            <a class="navhash" href="#504">#</a>
						
              <code id="504">       ifstream in(".ibam.charge.rc");</code><br />
						
            
            <a class="navhash" href="#505">#</a>
						
              <code id="505">       ^</code><br />
						
            
            <a class="navhash" href="#506">#</a>
						<span class="error">
              <code id="506">ibam.inl:1051:16: error: expected ';' before 'in'</code><br />
						</span>
            
            <a class="navhash" href="#507">#</a>
						
              <code id="507">       ifstream in(".ibam.charge.rc");</code><br />
						
            
            <a class="navhash" href="#508">#</a>
						
              <code id="508">                ^</code><br />
						
            
            <a class="navhash" href="#509">#</a>
						
              <code id="509">ibam.inl:1052:14: error: 'class percent_data' has no member named 'import'</code><br />
						
            
            <a class="navhash" href="#510">#</a>
						
              <code id="510">       charge.import(in);</code><br />
						
            
            <a class="navhash" href="#511">#</a>
						
              <code id="511">              ^</code><br />
						
            
            <a class="navhash" href="#512">#</a>
						
              <code id="512">ibam.inl:1052:21: error: 'in' was not declared in this scope</code><br />
						
            
            <a class="navhash" href="#513">#</a>
						
              <code id="513">       charge.import(in);</code><br />
						
            
            <a class="navhash" href="#514">#</a>
						
              <code id="514">                     ^</code><br />
						
            
            <a class="navhash" href="#515">#</a>
						
              <code id="515">ibam.inl: In member function 'void ibam::load_battery()':</code><br />
						
            
            <a class="navhash" href="#516">#</a>
						
              <code id="516">ibam.inl:1061:7: error: 'ifstream' was not declared in this scope</code><br />
						
            
            <a class="navhash" href="#517">#</a>
						
              <code id="517">       ifstream in((home+"/battery.rc").c_str());</code><br />
						
            
            <a class="navhash" href="#518">#</a>
						
              <code id="518">       ^</code><br />
						
            
            <a class="navhash" href="#519">#</a>
						<span class="error">
              <code id="519">ibam.inl:1061:16: error: expected ';' before 'in'</code><br />
						</span>
            
            <a class="navhash" href="#520">#</a>
						
              <code id="520">       ifstream in((home+"/battery.rc").c_str());</code><br />
						
            
            <a class="navhash" href="#521">#</a>
						
              <code id="521">                ^</code><br />
						
            
            <a class="navhash" href="#522">#</a>
						
              <code id="522">ibam.inl:1062:7: error: 'in' was not declared in this scope</code><br />
						
            
            <a class="navhash" href="#523">#</a>
						
              <code id="523">       in >> battery;</code><br />
						
            
            <a class="navhash" href="#524">#</a>
						
              <code id="524">       ^</code><br />
						
            
            <a class="navhash" href="#525">#</a>
						
              <code id="525">ibam.inl: In member function 'void ibam::load_charge()':</code><br />
						
            
            <a class="navhash" href="#526">#</a>
						
              <code id="526">ibam.inl:1078:7: error: 'ifstream' was not declared in this scope</code><br />
						
            
            <a class="navhash" href="#527">#</a>
						
              <code id="527">       ifstream in((home+"/charge.rc").c_str());</code><br />
						
            
            <a class="navhash" href="#528">#</a>
						
              <code id="528">       ^</code><br />
						
            
            <a class="navhash" href="#529">#</a>
						<span class="error">
              <code id="529">ibam.inl:1078:16: error: expected ';' before 'in'</code><br />
						</span>
            
            <a class="navhash" href="#530">#</a>
						
              <code id="530">       ifstream in((home+"/charge.rc").c_str());</code><br />
						
            
            <a class="navhash" href="#531">#</a>
						
              <code id="531">                ^</code><br />
						
            
            <a class="navhash" href="#532">#</a>
						
              <code id="532">ibam.inl:1079:7: error: 'in' was not declared in this scope</code><br />
						
            
            <a class="navhash" href="#533">#</a>
						
              <code id="533">       in >> charge;</code><br />
						
            
            <a class="navhash" href="#534">#</a>
						
              <code id="534">       ^</code><br />
						
            
            <a class="navhash" href="#535">#</a>
						
              <code id="535">ibam.inl: At global scope:</code><br />
						
            
            <a class="navhash" href="#536">#</a>
						
              <code id="536">ibam.inl:1222:8: error: 'string' does not name a type</code><br />
						
            
            <a class="navhash" href="#537">#</a>
						
              <code id="537"> inline string ibam::profile_filename(int n,int type) const</code><br />
						
            
            <a class="navhash" href="#538">#</a>
						
              <code id="538">        ^</code><br />
						
            
            <a class="navhash" href="#539">#</a>
						
              <code id="539">ibam.inl: In member function 'void ibam::save()':</code><br />
						
            
            <a class="navhash" href="#540">#</a>
						
              <code id="540">ibam.inl:1238:7: error: 'string' was not declared in this scope</code><br />
						
            
            <a class="navhash" href="#541">#</a>
						
              <code id="541">       string filename=profile_filename(profile_number,currentstatus);</code><br />
						
            
            <a class="navhash" href="#542">#</a>
						
              <code id="542">       ^</code><br />
						
            
            <a class="navhash" href="#543">#</a>
						<span class="error">
              <code id="543">ibam.inl:1238:14: error: expected ';' before 'filename'</code><br />
						</span>
            
            <a class="navhash" href="#544">#</a>
						
              <code id="544">       string filename=profile_filename(profile_number,currentstatus);</code><br />
						
            
            <a class="navhash" href="#545">#</a>
						
              <code id="545">              ^</code><br />
						
            
            <a class="navhash" href="#546">#</a>
						
              <code id="546">ibam.inl:1239:7: error: 'ofstream' was not declared in this scope</code><br />
						
            
            <a class="navhash" href="#547">#</a>
						
              <code id="547">       ofstream out(filename.c_str(),ios::app);</code><br />
						
            
            <a class="navhash" href="#548">#</a>
						
              <code id="548">       ^</code><br />
						
            
            <a class="navhash" href="#549">#</a>
						<span class="error">
              <code id="549">ibam.inl:1239:16: error: expected ';' before 'out'</code><br />
						</span>
            
            <a class="navhash" href="#550">#</a>
						
              <code id="550">       ofstream out(filename.c_str(),ios::app);</code><br />
						
            
            <a class="navhash" href="#551">#</a>
						
              <code id="551">                ^</code><br />
						
            
            <a class="navhash" href="#552">#</a>
						
              <code id="552">ibam.inl:1240:7: error: 'out' was not declared in this scope</code><br />
						
            
            <a class="navhash" href="#553">#</a>
						
              <code id="553">       out << currentpercent << '\t' << last_sec_per_min << '\t' << last_sec_per_min_prediction << endl;</code><br />
						
            
            <a class="navhash" href="#554">#</a>
						
              <code id="554">       ^</code><br />
						
            
            <a class="navhash" href="#555">#</a>
						
              <code id="555">ibam.inl:1240:99: error: 'endl' was not declared in this scope</code><br />
						
            
            <a class="navhash" href="#556">#</a>
						
              <code id="556">       out << currentpercent << '\t' << last_sec_per_min << '\t' << last_sec_per_min_prediction << endl;</code><br />
						
            
            <a class="navhash" href="#557">#</a>
						
              <code id="557">                                                                                                   ^</code><br />
						
            
            <a class="navhash" href="#558">#</a>
						
              <code id="558">ibam.inl:1248:7: error: 'ofstream' was not declared in this scope</code><br />
						
            
            <a class="navhash" href="#559">#</a>
						
              <code id="559">       ofstream out((home+"/battery.rc").c_str());</code><br />
						
            
            <a class="navhash" href="#560">#</a>
						
              <code id="560">       ^</code><br />
						
            
            <a class="navhash" href="#561">#</a>
						<span class="error">
              <code id="561">ibam.inl:1248:16: error: expected ';' before 'out'</code><br />
						</span>
            
            <a class="navhash" href="#562">#</a>
						
              <code id="562">       ofstream out((home+"/battery.rc").c_str());</code><br />
						
            
            <a class="navhash" href="#563">#</a>
						
              <code id="563">                ^</code><br />
						
            
            <a class="navhash" href="#564">#</a>
						
              <code id="564">ibam.inl:1249:7: error: 'out' was not declared in this scope</code><br />
						
            
            <a class="navhash" href="#565">#</a>
						
              <code id="565">       out << battery;</code><br />
						
            
            <a class="navhash" href="#566">#</a>
						
              <code id="566">       ^</code><br />
						
            
            <a class="navhash" href="#567">#</a>
						
              <code id="567">ibam.inl:1254:7: error: 'ofstream' was not declared in this scope</code><br />
						
            
            <a class="navhash" href="#568">#</a>
						
              <code id="568">       ofstream out((home+"/charge.rc").c_str());</code><br />
						
            
            <a class="navhash" href="#569">#</a>
						
              <code id="569">       ^</code><br />
						
            
            <a class="navhash" href="#570">#</a>
						<span class="error">
              <code id="570">ibam.inl:1254:16: error: expected ';' before 'out'</code><br />
						</span>
            
            <a class="navhash" href="#571">#</a>
						
              <code id="571">       ofstream out((home+"/charge.rc").c_str());</code><br />
						
            
            <a class="navhash" href="#572">#</a>
						
              <code id="572">                ^</code><br />
						
            
            <a class="navhash" href="#573">#</a>
						
              <code id="573">ibam.inl:1255:7: error: 'out' was not declared in this scope</code><br />
						
            
            <a class="navhash" href="#574">#</a>
						
              <code id="574">       out << charge;</code><br />
						
            
            <a class="navhash" href="#575">#</a>
						
              <code id="575">       ^</code><br />
						
            
            <a class="navhash" href="#576">#</a>
						
              <code id="576">ibam.inl:1260:7: error: 'ofstream' was not declared in this scope</code><br />
						
            
            <a class="navhash" href="#577">#</a>
						
              <code id="577">       ofstream out((home+"/ibam.rc").c_str());</code><br />
						
            
            <a class="navhash" href="#578">#</a>
						
              <code id="578">       ^</code><br />
						
            
            <a class="navhash" href="#579">#</a>
						<span class="error">
              <code id="579">ibam.inl:1260:16: error: expected ';' before 'out'</code><br />
						</span>
            
            <a class="navhash" href="#580">#</a>
						
              <code id="580">       ofstream out((home+"/ibam.rc").c_str());</code><br />
						
            
            <a class="navhash" href="#581">#</a>
						
              <code id="581">                ^</code><br />
						
            
            <a class="navhash" href="#582">#</a>
						
              <code id="582">ibam.inl:1265:7: error: 'out' was not declared in this scope</code><br />
						
            
            <a class="navhash" href="#583">#</a>
						
              <code id="583">       out << IBAM_VERSION </code><br />
						
            
            <a class="navhash" href="#584">#</a>
						
              <code id="584">       ^</code><br />
						
            
            <a class="navhash" href="#585">#</a>
						
              <code id="585">ibam.inl:1276:14: error: 'endl' was not declared in this scope</code><br />
						
            
            <a class="navhash" href="#586">#</a>
						
              <code id="586">           << endl;</code><br />
						
            
            <a class="navhash" href="#587">#</a>
						
              <code id="587">              ^</code><br />
						
            
            <a class="navhash" href="#588">#</a>
						
              <code id="588">ibam.inl: In member function 'double percent_data::average_derivation(int, int)':</code><br />
						
            
            <a class="navhash" href="#589">#</a>
						
              <code id="589">ibam.inl:1380:47: error: 'sqrt' was not declared in this scope</code><br />
						
            
            <a class="navhash" href="#590">#</a>
						
              <code id="590">             su+=sqrt(time_deriv_for_percent[i])*time_samples[i];</code><br />
						
            
            <a class="navhash" href="#591">#</a>
						
              <code id="591">                                               ^</code><br />
						
            
            <a class="navhash" href="#592">#</a>
						
              <code id="592">ibam.inl:1394:44: error: 'sqrt' was not declared in this scope</code><br />
						
            
            <a class="navhash" href="#593">#</a>
						
              <code id="593">          su+=sqrt(time_deriv_for_percent[a])*time_samples[a];</code><br />
						
            
            <a class="navhash" href="#594">#</a>
						
              <code id="594">                                            ^</code><br />
						
            
            <a class="navhash" href="#595">#</a>
						
              <code id="595">ibam.inl:1396:44: error: 'sqrt' was not declared in this scope</code><br />
						
            
            <a class="navhash" href="#596">#</a>
						
              <code id="596">          su+=sqrt(time_deriv_for_percent[b])*time_samples[b];</code><br />
						
            
            <a class="navhash" href="#597">#</a>
						
              <code id="597">                                            ^</code><br />
						
            
            <a class="navhash" href="#598">#</a>
						
              <code id="598">ibam.cpp: At global scope:</code><br />
						
            
            <a class="navhash" href="#599">#</a>
						
              <code id="599">ibam.cpp:31:14: error: 'ostream' does not name a type</code><br />
						
            
            <a class="navhash" href="#600">#</a>
						
              <code id="600">       friend ostream & operator <<(ostream & o,const HMS & a)</code><br />
						
            
            <a class="navhash" href="#601">#</a>
						
              <code id="601">              ^</code><br />
						
            
            <a class="navhash" href="#602">#</a>
						
              <code id="602">ibam.cpp: In function 'int main(int, char**)':</code><br />
						
            
            <a class="navhash" href="#603">#</a>
						
              <code id="603">ibam.cpp:50:9: error: invalid conversion from 'const char*' to 'int' [-fpermissive]</code><br />
						
            
            <a class="navhash" href="#604">#</a>
						
              <code id="604">    ibam data;</code><br />
						
            
            <a class="navhash" href="#605">#</a>
						
              <code id="605">         ^</code><br />
						
            
            <a class="navhash" href="#606">#</a>
						
              <code id="606">In file included from ibam.hpp:211:0,</code><br />
						
            
            <a class="navhash" href="#607">#</a>
						
              <code id="607">                 from ibam.cpp:19:</code><br />
						
            
            <a class="navhash" href="#608">#</a>
						
              <code id="608">ibam.inl:931:8: error: in passing argument 1 of 'ibam::ibam(const int&)'</code><br />
						
            
            <a class="navhash" href="#609">#</a>
						
              <code id="609"> inline ibam::ibam(const string &aHome) : </code><br />
						
            
            <a class="navhash" href="#610">#</a>
						
              <code id="610">        ^</code><br />
						
            
            <a class="navhash" href="#611">#</a>
						
              <code id="611">ibam.cpp:74:4: error: 'string' was not declared in this scope</code><br />
						
            
            <a class="navhash" href="#612">#</a>
						
              <code id="612">    string   home(getenv("HOME"));</code><br />
						
            
            <a class="navhash" href="#613">#</a>
						
              <code id="613">    ^</code><br />
						
            
            <a class="navhash" href="#614">#</a>
						<span class="error">
              <code id="614">ibam.cpp:74:13: error: expected ';' before 'home'</code><br />
						</span>
            
            <a class="navhash" href="#615">#</a>
						
              <code id="615">    string   home(getenv("HOME"));</code><br />
						
            
            <a class="navhash" href="#616">#</a>
						
              <code id="616">             ^</code><br />
						
            
            <a class="navhash" href="#617">#</a>
						
              <code id="617">ibam.cpp:75:7: error: 'home' was not declared in this scope</code><br />
						
            
            <a class="navhash" href="#618">#</a>
						
              <code id="618">    if(home!="")</code><br />
						
            
            <a class="navhash" href="#619">#</a>
						
              <code id="619">       ^</code><br />
						
            
            <a class="navhash" href="#620">#</a>
						
              <code id="620">ibam.cpp:97:18: error: 'optional_argument' was not declared in this scope</code><br />
						
            
            <a class="navhash" href="#621">#</a>
						
              <code id="621">          {"plot",optional_argument,0,12},</code><br />
						
            
            <a class="navhash" href="#622">#</a>
						
              <code id="622">                  ^</code><br />
						
            
            <a class="navhash" href="#623">#</a>
						
              <code id="623">ibam.cpp:111:7: error: elements of array 'main(int, char**)::option long_options []' have incomplete type</code><br />
						
            
            <a class="navhash" href="#624">#</a>
						
              <code id="624">       };</code><br />
						
            
            <a class="navhash" href="#625">#</a>
						
              <code id="625">       ^</code><br />
						
            
            <a class="navhash" href="#626">#</a>
						
              <code id="626">ibam.cpp:111:7: error: storage size of 'long_options' isn't known</code><br />
						
            
            <a class="navhash" href="#627">#</a>
						
              <code id="627">ibam.cpp:112:71: error: 'getopt_long' was not declared in this scope</code><br />
						
            
            <a class="navhash" href="#628">#</a>
						
              <code id="628">       int c=getopt_long(argc,argv,"avbhcsr",long_options,&option_index);</code><br />
						
            
            <a class="navhash" href="#629">#</a>
						
              <code id="629">                                                                       ^</code><br />
						
            
            <a class="navhash" href="#630">#</a>
						<span class="error">
              <code id="630">ibam.cpp:131:23: error: expected ';' before 'command'</code><br />
						</span>
            
            <a class="navhash" href="#631">#</a>
						
              <code id="631">                string command;</code><br />
						
            
            <a class="navhash" href="#632">#</a>
						
              <code id="632">                       ^</code><br />
						
            
            <a class="navhash" href="#633">#</a>
						
              <code id="633">ibam.cpp:132:16: error: 'command' was not declared in this scope</code><br />
						
            
            <a class="navhash" href="#634">#</a>
						
              <code id="634">                command=string("echo \"plot \\\"")</code><br />
						
            
            <a class="navhash" href="#635">#</a>
						
              <code id="635">                ^</code><br />
						
            
            <a class="navhash" href="#636">#</a>
						
              <code id="636">ibam.cpp:133:20: error: 'home' was not declared in this scope</code><br />
						
            
            <a class="navhash" href="#637">#</a>
						
              <code id="637">                   +home</code><br />
						
            
            <a class="navhash" href="#638">#</a>
						
              <code id="638">                    ^</code><br />
						
            
            <a class="navhash" href="#639">#</a>
						
              <code id="639">ibam.cpp:137:20: error: 'optarg' was not declared in this scope</code><br />
						
            
            <a class="navhash" href="#640">#</a>
						
              <code id="640">                if (optarg)</code><br />
						
            
            <a class="navhash" href="#641">#</a>
						
              <code id="641">                    ^</code><br />
						
            
            <a class="navhash" href="#642">#</a>
						
              <code id="642">ibam.cpp:139:36: error: 'atoi' was not declared in this scope</code><br />
						
            
            <a class="navhash" href="#643">#</a>
						
              <code id="643">                   int n=atoi(optarg);</code><br />
						
            
            <a class="navhash" href="#644">#</a>
						
              <code id="644">                                    ^</code><br />
						
            
            <a class="navhash" href="#645">#</a>
						<span class="error">
              <code id="645">ibam.cpp:145:29: error: expected ';' before 'batname'</code><br />
						</span>
            
            <a class="navhash" href="#646">#</a>
						
              <code id="646">                      string batname=data.profile_filename(p,1);</code><br />
						
            
            <a class="navhash" href="#647">#</a>
						
              <code id="647">                             ^</code><br />
						
            
            <a class="navhash" href="#648">#</a>
						<span class="error">
              <code id="648">ibam.cpp:146:29: error: expected ';' before 'chrname'</code><br />
						</span>
            
            <a class="navhash" href="#649">#</a>
						
              <code id="649">                      string chrname=data.profile_filename(p,2);</code><br />
						
            
            <a class="navhash" href="#650">#</a>
						
              <code id="650">                             ^</code><br />
						
            
            <a class="navhash" href="#651">#</a>
						
              <code id="651">ibam.cpp:147:22: error: 'ifstream' was not declared in this scope</code><br />
						
            
            <a class="navhash" href="#652">#</a>
						
              <code id="652">                      ifstream batteryprofile(batname.c_str());</code><br />
						
            
            <a class="navhash" href="#653">#</a>
						
              <code id="653">                      ^</code><br />
						
            
            <a class="navhash" href="#654">#</a>
						<span class="error">
              <code id="654">ibam.cpp:147:31: error: expected ';' before 'batteryprofile'</code><br />
						</span>
            
            <a class="navhash" href="#655">#</a>
						
              <code id="655">                      ifstream batteryprofile(batname.c_str());</code><br />
						
            
            <a class="navhash" href="#656">#</a>
						
              <code id="656">                               ^</code><br />
						
            
            <a class="navhash" href="#657">#</a>
						
              <code id="657">ibam.cpp:148:26: error: 'batteryprofile' was not declared in this scope</code><br />
						
            
            <a class="navhash" href="#658">#</a>
						
              <code id="658">                      if(!batteryprofile.fail())</code><br />
						
            
            <a class="navhash" href="#659">#</a>
						
              <code id="659">                          ^</code><br />
						
            
            <a class="navhash" href="#660">#</a>
						
              <code id="660">ibam.cpp:150:43: error: 'batname' was not declared in this scope</code><br />
						
            
            <a class="navhash" href="#661">#</a>
						
              <code id="661">                         command+=", \\\""+batname+"\\\" using 1:2 notitle with lines 5";</code><br />
						
            
            <a class="navhash" href="#662">#</a>
						
              <code id="662">                                           ^</code><br />
						
            
            <a class="navhash" href="#663">#</a>
						<span class="error">
              <code id="663">ibam.cpp:153:34: error: expected ';' before 'chargeprofile'</code><br />
						</span>
            
            <a class="navhash" href="#664">#</a>
						
              <code id="664">                         ifstream chargeprofile(chrname.c_str());</code><br />
						
            
            <a class="navhash" href="#665">#</a>
						
              <code id="665">                                  ^</code><br />
						
            
            <a class="navhash" href="#666">#</a>
						
              <code id="666">ibam.cpp:154:29: error: 'chargeprofile' was not declared in this scope</code><br />
						
            
            <a class="navhash" href="#667">#</a>
						
              <code id="667">                         if(!chargeprofile.fail())</code><br />
						
            
            <a class="navhash" href="#668">#</a>
						
              <code id="668">                             ^</code><br />
						
            
            <a class="navhash" href="#669">#</a>
						
              <code id="669">ibam.cpp:156:46: error: 'chrname' was not declared in this scope</code><br />
						
            
            <a class="navhash" href="#670">#</a>
						
              <code id="670">                            command+=", \\\""+chrname+"\\\" using 1:2 notitle with lines 6";</code><br />
						
            
            <a class="navhash" href="#671">#</a>
						
              <code id="671">                                              ^</code><br />
						
            
            <a class="navhash" href="#672">#</a>
						
              <code id="672">ibam.cpp:168:38: error: 'system' was not declared in this scope</code><br />
						
            
            <a class="navhash" href="#673">#</a>
						
              <code id="673">                system(command.c_str());</code><br />
						
            
            <a class="navhash" href="#674">#</a>
						
              <code id="674">                                      ^</code><br />
						
            
            <a class="navhash" href="#675">#</a>
						<span class="error">
              <code id="675">ibam.cpp:173:23: error: expected ';' before 'command'</code><br />
						</span>
            
            <a class="navhash" href="#676">#</a>
						
              <code id="676">                string command;</code><br />
						
            
            <a class="navhash" href="#677">#</a>
						
              <code id="677">                       ^</code><br />
						
            
            <a class="navhash" href="#678">#</a>
						
              <code id="678">ibam.cpp:174:16: error: 'command' was not declared in this scope</code><br />
						
            
            <a class="navhash" href="#679">#</a>
						
              <code id="679">                command=string("echo \"plot \\\"")</code><br />
						
            
            <a class="navhash" href="#680">#</a>
						
              <code id="680">                ^</code><br />
						
            
            <a class="navhash" href="#681">#</a>
						
              <code id="681">ibam.cpp:175:20: error: 'home' was not declared in this scope</code><br />
						
            
            <a class="navhash" href="#682">#</a>
						
              <code id="682">                   +home</code><br />
						
            
            <a class="navhash" href="#683">#</a>
						
              <code id="683">                    ^</code><br />
						
            
            <a class="navhash" href="#684">#</a>
						
              <code id="684">ibam.cpp:187:20: error: 'optarg' was not declared in this scope</code><br />
						
            
            <a class="navhash" href="#685">#</a>
						
              <code id="685">                if (optarg)</code><br />
						
            
            <a class="navhash" href="#686">#</a>
						
              <code id="686">                    ^</code><br />
						
            
            <a class="navhash" href="#687">#</a>
						
              <code id="687">ibam.cpp:189:36: error: 'atoi' was not declared in this scope</code><br />
						
            
            <a class="navhash" href="#688">#</a>
						
              <code id="688">                   int n=atoi(optarg);</code><br />
						
            
            <a class="navhash" href="#689">#</a>
						
              <code id="689">                                    ^</code><br />
						
            
            <a class="navhash" href="#690">#</a>
						<span class="error">
              <code id="690">ibam.cpp:195:29: error: expected ';' before 'batname'</code><br />
						</span>
            
            <a class="navhash" href="#691">#</a>
						
              <code id="691">                      string batname=data.profile_filename(p,1);</code><br />
						
            
            <a class="navhash" href="#692">#</a>
						
              <code id="692">                             ^</code><br />
						
            
            <a class="navhash" href="#693">#</a>
						<span class="error">
              <code id="693">ibam.cpp:196:29: error: expected ';' before 'chrname'</code><br />
						</span>
            
            <a class="navhash" href="#694">#</a>
						
              <code id="694">                      string chrname=data.profile_filename(p,2);</code><br />
						
            
            <a class="navhash" href="#695">#</a>
						
              <code id="695">                             ^</code><br />
						
            
            <a class="navhash" href="#696">#</a>
						
              <code id="696">ibam.cpp:197:22: error: 'ifstream' was not declared in this scope</code><br />
						
            
            <a class="navhash" href="#697">#</a>
						
              <code id="697">                      ifstream batteryprofile(batname.c_str());</code><br />
						
            
            <a class="navhash" href="#698">#</a>
						
              <code id="698">                      ^</code><br />
						
            
            <a class="navhash" href="#699">#</a>
						<span class="error">
              <code id="699">ibam.cpp:197:31: error: expected ';' before 'batteryprofile'</code><br />
						</span>
            
            <a class="navhash" href="#700">#</a>
						
              <code id="700">                      ifstream batteryprofile(batname.c_str());</code><br />
						
            
            <a class="navhash" href="#701">#</a>
						
              <code id="701">                               ^</code><br />
						
            
            <a class="navhash" href="#702">#</a>
						
              <code id="702">ibam.cpp:198:26: error: 'batteryprofile' was not declared in this scope</code><br />
						
            
            <a class="navhash" href="#703">#</a>
						
              <code id="703">                      if(!batteryprofile.fail())</code><br />
						
            
            <a class="navhash" href="#704">#</a>
						
              <code id="704">                          ^</code><br />
						
            
            <a class="navhash" href="#705">#</a>
						
              <code id="705">ibam.cpp:200:43: error: 'batname' was not declared in this scope</code><br />
						
            
            <a class="navhash" href="#706">#</a>
						
              <code id="706">                         command+=", \\\""+batname+"\\\" using 1:2 notitle with lines 5";</code><br />
						
            
            <a class="navhash" href="#707">#</a>
						
              <code id="707">                                           ^</code><br />
						
            
            <a class="navhash" href="#708">#</a>
						<span class="error">
              <code id="708">ibam.cpp:203:34: error: expected ';' before 'chargeprofile'</code><br />
						</span>
            
            <a class="navhash" href="#709">#</a>
						
              <code id="709">                         ifstream chargeprofile(chrname.c_str());</code><br />
						
            
            <a class="navhash" href="#710">#</a>
						
              <code id="710">                                  ^</code><br />
						
            
            <a class="navhash" href="#711">#</a>
						
              <code id="711">ibam.cpp:204:29: error: 'chargeprofile' was not declared in this scope</code><br />
						
            
            <a class="navhash" href="#712">#</a>
						
              <code id="712">                         if(!chargeprofile.fail())</code><br />
						
            
            <a class="navhash" href="#713">#</a>
						
              <code id="713">                             ^</code><br />
						
            
            <a class="navhash" href="#714">#</a>
						
              <code id="714">ibam.cpp:206:46: error: 'chrname' was not declared in this scope</code><br />
						
            
            <a class="navhash" href="#715">#</a>
						
              <code id="715">                            command+=", \\\""+chrname+"\\\" using 1:2 notitle with lines 6";</code><br />
						
            
            <a class="navhash" href="#716">#</a>
						
              <code id="716">                                              ^</code><br />
						
            
            <a class="navhash" href="#717">#</a>
						
              <code id="717">ibam.cpp:216:38: error: 'system' was not declared in this scope</code><br />
						
            
            <a class="navhash" href="#718">#</a>
						
              <code id="718">                system(command.c_str());</code><br />
						
            
            <a class="navhash" href="#719">#</a>
						
              <code id="719">                                      ^</code><br />
						
            
            <a class="navhash" href="#720">#</a>
						
              <code id="720">ibam.cpp:236:20: error: 'cerr' was not declared in this scope</code><br />
						
            
            <a class="navhash" href="#721">#</a>
						
              <code id="721">          case 'v': cerr << "IBAM-" << IBAM_VERSION << " (C) 2001-2008 Sebastian Ritterbusch" << endl; break;</code><br />
						
            
            <a class="navhash" href="#722">#</a>
						
              <code id="722">                    ^</code><br />
						
            
            <a class="navhash" href="#723">#</a>
						
              <code id="723">ibam.cpp:236:97: error: 'endl' was not declared in this scope</code><br />
						
            
            <a class="navhash" href="#724">#</a>
						
              <code id="724">          case 'v': cerr << "IBAM-" << IBAM_VERSION << " (C) 2001-2008 Sebastian Ritterbusch" << endl; break;</code><br />
						
            
            <a class="navhash" href="#725">#</a>
						
              <code id="725">                                                                                                 ^</code><br />
						
            
            <a class="navhash" href="#726">#</a>
						
              <code id="726">ibam.cpp:238:13: error: 'cout' was not declared in this scope</code><br />
						
            
            <a class="navhash" href="#727">#</a>
						
              <code id="727">             cout << "IBAM-" << IBAM_VERSION << ", the Intelligent Battery Monitor" << endl;</code><br />
						
            
            <a class="navhash" href="#728">#</a>
						
              <code id="728">             ^</code><br />
						
            
            <a class="navhash" href="#729">#</a>
						
              <code id="729">ibam.cpp:277:17: error: 'optarg' was not declared in this scope</code><br />
						
            
            <a class="navhash" href="#730">#</a>
						
              <code id="730">             if (optarg)</code><br />
						
            
            <a class="navhash" href="#731">#</a>
						
              <code id="731">                 ^</code><br />
						
            
            <a class="navhash" href="#732">#</a>
						
              <code id="732">ibam.cpp:279:33: error: 'atoi' was not declared in this scope</code><br />
						
            
            <a class="navhash" href="#733">#</a>
						
              <code id="733">                int n=atoi(optarg);</code><br />
						
            
            <a class="navhash" href="#734">#</a>
						
              <code id="734">                                 ^</code><br />
						
            
            <a class="navhash" href="#735">#</a>
						
              <code id="735">ibam.cpp:285:17: error: 'optarg' was not declared in this scope</code><br />
						
            
            <a class="navhash" href="#736">#</a>
						
              <code id="736">             if (optarg)</code><br />
						
            
            <a class="navhash" href="#737">#</a>
						
              <code id="737">                 ^</code><br />
						
            
            <a class="navhash" href="#738">#</a>
						
              <code id="738">ibam.cpp:287:33: error: 'atoi' was not declared in this scope</code><br />
						
            
            <a class="navhash" href="#739">#</a>
						
              <code id="739">                int n=atoi(optarg);</code><br />
						
            
            <a class="navhash" href="#740">#</a>
						
              <code id="740">                                 ^</code><br />
						
            
            <a class="navhash" href="#741">#</a>
						
              <code id="741">ibam.cpp:296:7: error: 'cerr' was not declared in this scope</code><br />
						
            
            <a class="navhash" href="#742">#</a>
						
              <code id="742">       cerr << "No apm data available." << endl;</code><br />
						
            
            <a class="navhash" href="#743">#</a>
						
              <code id="743">       ^</code><br />
						
            
            <a class="navhash" href="#744">#</a>
						
              <code id="744">ibam.cpp:296:43: error: 'endl' was not declared in this scope</code><br />
						
            
            <a class="navhash" href="#745">#</a>
						
              <code id="745">       cerr << "No apm data available." << endl;</code><br />
						
            
            <a class="navhash" href="#746">#</a>
						
              <code id="746">                                           ^</code><br />
						
            
            <a class="navhash" href="#747">#</a>
						
              <code id="747">ibam.cpp:325:7: error: 'cout' was not declared in this scope</code><br />
						
            
            <a class="navhash" href="#748">#</a>
						
              <code id="748">       cout << "Bios percentage:            " << data.percent_battery_bios() << " %" << endl;</code><br />
						
            
            <a class="navhash" href="#749">#</a>
						
              <code id="749">       ^</code><br />
						
            
            <a class="navhash" href="#750">#</a>
						
              <code id="750">ibam.cpp:325:88: error: 'endl' was not declared in this scope</code><br />
						
            
            <a class="navhash" href="#751">#</a>
						
              <code id="751">       cout << "Bios percentage:            " << data.percent_battery_bios() << " %" << endl;</code><br />
						
            
            <a class="navhash" href="#752">#</a>
						
              <code id="752">                                                                                        ^</code><br />
						
            
            <a class="navhash" href="#753">#</a>
						
              <code id="753">ibam.cpp:328:7: error: 'cout' was not declared in this scope</code><br />
						
            
            <a class="navhash" href="#754">#</a>
						
              <code id="754">       cout << "Battery percentage:         " << data.percent_battery() << " %" << endl;      </code><br />
						
            
            <a class="navhash" href="#755">#</a>
						
              <code id="755">       ^</code><br />
						
            
            <a class="navhash" href="#756">#</a>
						
              <code id="756">ibam.cpp:328:83: error: 'endl' was not declared in this scope</code><br />
						
            
            <a class="navhash" href="#757">#</a>
						
              <code id="757">       cout << "Battery percentage:         " << data.percent_battery() << " %" << endl;      </code><br />
						
            
            <a class="navhash" href="#758">#</a>
						
              <code id="758">                                                                                   ^</code><br />
						
            
            <a class="navhash" href="#759">#</a>
						
              <code id="759">ibam.cpp:331:7: error: 'cout' was not declared in this scope</code><br />
						
            
            <a class="navhash" href="#760">#</a>
						
              <code id="760">       cout << "Soft low percentage limit:  " << data.get_soft_low_limit() << " %" << endl;      </code><br />
						
            
            <a class="navhash" href="#761">#</a>
						
              <code id="761">       ^</code><br />
						
            
            <a class="navhash" href="#762">#</a>
						
              <code id="762">ibam.cpp:331:86: error: 'endl' was not declared in this scope</code><br />
						
            
            <a class="navhash" href="#763">#</a>
						
              <code id="763">       cout << "Soft low percentage limit:  " << data.get_soft_low_limit() << " %" << endl;      </code><br />
						
            
            <a class="navhash" href="#764">#</a>
						
              <code id="764">                                                                                      ^</code><br />
						
            
            <a class="navhash" href="#765">#</a>
						
              <code id="765">ibam.cpp:334:7: error: 'cout' was not declared in this scope</code><br />
						
            
            <a class="navhash" href="#766">#</a>
						
              <code id="766">       cout << "Hard low percentage limit:  " << data.get_hard_low_limit() << " %" << endl;      </code><br />
						
            
            <a class="navhash" href="#767">#</a>
						
              <code id="767">       ^</code><br />
						
            
            <a class="navhash" href="#768">#</a>
						
              <code id="768">ibam.cpp:334:86: error: 'endl' was not declared in this scope</code><br />
						
            
            <a class="navhash" href="#769">#</a>
						
              <code id="769">       cout << "Hard low percentage limit:  " << data.get_hard_low_limit() << " %" << endl;      </code><br />
						
            
            <a class="navhash" href="#770">#</a>
						
              <code id="770">                                                                                      ^</code><br />
						
            
            <a class="navhash" href="#771">#</a>
						
              <code id="771">ibam.cpp:337:7: error: 'cout' was not declared in this scope</code><br />
						
            
            <a class="navhash" href="#772">#</a>
						
              <code id="772">       cout << "Charge percentage:          " << data.percent_charge() << " %" << endl;      </code><br />
						
            
            <a class="navhash" href="#773">#</a>
						
              <code id="773">       ^</code><br />
						
            
            <a class="navhash" href="#774">#</a>
						
              <code id="774">ibam.cpp:337:82: error: 'endl' was not declared in this scope</code><br />
						
            
            <a class="navhash" href="#775">#</a>
						
              <code id="775">       cout << "Charge percentage:          " << data.percent_charge() << " %" << endl;      </code><br />
						
            
            <a class="navhash" href="#776">#</a>
						
              <code id="776">                                                                                  ^</code><br />
						
            
            <a class="navhash" href="#777">#</a>
						
              <code id="777">ibam.cpp:340:7: error: 'cout' was not declared in this scope</code><br />
						
            
            <a class="navhash" href="#778">#</a>
						
              <code id="778">       cout << "Bios time left:             " << HMS(data.seconds_left_battery_bios()) << endl;</code><br />
						
            
            <a class="navhash" href="#779">#</a>
						
              <code id="779">       ^</code><br />
						
            
            <a class="navhash" href="#780">#</a>
						
              <code id="780">ibam.cpp:340:90: error: 'endl' was not declared in this scope</code><br />
						
            
            <a class="navhash" href="#781">#</a>
						
              <code id="781">       cout << "Bios time left:             " << HMS(data.seconds_left_battery_bios()) << endl;</code><br />
						
            
            <a class="navhash" href="#782">#</a>
						
              <code id="782">                                                                                          ^</code><br />
						
            
            <a class="navhash" href="#783">#</a>
						
              <code id="783">ibam.cpp:343:7: error: 'cout' was not declared in this scope</code><br />
						
            
            <a class="navhash" href="#784">#</a>
						
              <code id="784">       cout << "Battery time left:          " << HMS(data.seconds_left_battery()) << endl;</code><br />
						
            
            <a class="navhash" href="#785">#</a>
						
              <code id="785">       ^</code><br />
						
            
            <a class="navhash" href="#786">#</a>
						
              <code id="786">ibam.cpp:343:85: error: 'endl' was not declared in this scope</code><br />
						
            
            <a class="navhash" href="#787">#</a>
						
              <code id="787">       cout << "Battery time left:          " << HMS(data.seconds_left_battery()) << endl;</code><br />
						
            
            <a class="navhash" href="#788">#</a>
						
              <code id="788">                                                                                     ^</code><br />
						
            
            <a class="navhash" href="#789">#</a>
						
              <code id="789">ibam.cpp:346:7: error: 'cout' was not declared in this scope</code><br />
						
            
            <a class="navhash" href="#790">#</a>
						
              <code id="790">       cout << "Battery time left:          " << HMS(data.seconds_left_battery()+data.seconds_battery_correction()) << endl;</code><br />
						
            
            <a class="navhash" href="#791">#</a>
						
              <code id="791">       ^</code><br />
						
            
            <a class="navhash" href="#792">#</a>
						
              <code id="792">ibam.cpp:346:119: error: 'endl' was not declared in this scope</code><br />
						
            
            <a class="navhash" href="#793">#</a>
						
              <code id="793">       cout << "Battery time left:          " << HMS(data.seconds_left_battery()+data.seconds_battery_correction()) << endl;</code><br />
						
            
            <a class="navhash" href="#794">#</a>
						
              <code id="794">                                                                                                                       ^</code><br />
						
            
            <a class="navhash" href="#795">#</a>
						
              <code id="795">ibam.cpp:349:7: error: 'cout' was not declared in this scope</code><br />
						
            
            <a class="navhash" href="#796">#</a>
						
              <code id="796">       cout << "Adapted battery time left:  " << HMS(data.seconds_left_battery_adaptive()) << endl;</code><br />
						
            
            <a class="navhash" href="#797">#</a>
						
              <code id="797">       ^</code><br />
						
            
            <a class="navhash" href="#798">#</a>
						
              <code id="798">ibam.cpp:349:94: error: 'endl' was not declared in this scope</code><br />
						
            
            <a class="navhash" href="#799">#</a>
						
              <code id="799">       cout << "Adapted battery time left:  " << HMS(data.seconds_left_battery_adaptive()) << endl;</code><br />
						
            
            <a class="navhash" href="#800">#</a>
						
              <code id="800">                                                                                              ^</code><br />
						
            
            <a class="navhash" href="#801">#</a>
						
              <code id="801">ibam.cpp:352:7: error: 'cout' was not declared in this scope</code><br />
						
            
            <a class="navhash" href="#802">#</a>
						
              <code id="802">       cout << "Adapted battery time left:  " << HMS(data.seconds_left_battery_adaptive()+data.seconds_battery_correction_adaptive()) << endl;</code><br />
						
            
            <a class="navhash" href="#803">#</a>
						
              <code id="803">       ^</code><br />
						
            
            <a class="navhash" href="#804">#</a>
						
              <code id="804">ibam.cpp:352:137: error: 'endl' was not declared in this scope</code><br />
						
            
            <a class="navhash" href="#805">#</a>
						
              <code id="805">       cout << "Adapted battery time left:  " << HMS(data.seconds_left_battery_adaptive()+data.seconds_battery_correction_adaptive()) << endl;</code><br />
						
            
            <a class="navhash" href="#806">#</a>
						
              <code id="806">                                                                                                                                         ^</code><br />
						
            
            <a class="navhash" href="#807">#</a>
						
              <code id="807">ibam.cpp:355:7: error: 'cout' was not declared in this scope</code><br />
						
            
            <a class="navhash" href="#808">#</a>
						
              <code id="808">       cout << "Charge time left:           " << HMS(data.seconds_left_charge()) << endl;</code><br />
						
            
            <a class="navhash" href="#809">#</a>
						
              <code id="809">       ^</code><br />
						
            
            <a class="navhash" href="#810">#</a>
						
              <code id="810">ibam.cpp:355:84: error: 'endl' was not declared in this scope</code><br />
						
            
            <a class="navhash" href="#811">#</a>
						
              <code id="811">       cout << "Charge time left:           " << HMS(data.seconds_left_charge()) << endl;</code><br />
						
            
            <a class="navhash" href="#812">#</a>
						
              <code id="812">                                                                                    ^</code><br />
						
            
            <a class="navhash" href="#813">#</a>
						
              <code id="813">ibam.cpp:358:7: error: 'cout' was not declared in this scope</code><br />
						
            
            <a class="navhash" href="#814">#</a>
						
              <code id="814">       cout << "Charge time left:           " << HMS(data.seconds_left_charge()+data.seconds_charge_correction()) << endl;</code><br />
						
            
            <a class="navhash" href="#815">#</a>
						
              <code id="815">       ^</code><br />
						
            
            <a class="navhash" href="#816">#</a>
						
              <code id="816">ibam.cpp:358:117: error: 'endl' was not declared in this scope</code><br />
						
            
            <a class="navhash" href="#817">#</a>
						
              <code id="817">       cout << "Charge time left:           " << HMS(data.seconds_left_charge()+data.seconds_charge_correction()) << endl;</code><br />
						
            
            <a class="navhash" href="#818">#</a>
						
              <code id="818">                                                                                                                     ^</code><br />
						
            
            <a class="navhash" href="#819">#</a>
						
              <code id="819">ibam.cpp:361:7: error: 'cout' was not declared in this scope</code><br />
						
            
            <a class="navhash" href="#820">#</a>
						
              <code id="820">       cout << "Adapted charge time left:   " << HMS(data.seconds_left_charge_adaptive()) << endl;</code><br />
						
            
            <a class="navhash" href="#821">#</a>
						
              <code id="821">       ^</code><br />
						
            
            <a class="navhash" href="#822">#</a>
						
              <code id="822">ibam.cpp:361:93: error: 'endl' was not declared in this scope</code><br />
						
            
            <a class="navhash" href="#823">#</a>
						
              <code id="823">       cout << "Adapted charge time left:   " << HMS(data.seconds_left_charge_adaptive()) << endl;</code><br />
						
            
            <a class="navhash" href="#824">#</a>
						
              <code id="824">                                                                                             ^</code><br />
						
            
            <a class="navhash" href="#825">#</a>
						
              <code id="825">ibam.cpp:364:7: error: 'cout' was not declared in this scope</code><br />
						
            
            <a class="navhash" href="#826">#</a>
						
              <code id="826">       cout << "Adapted charge time left:   " << HMS(data.seconds_left_charge_adaptive()+data.seconds_charge_correction_adaptive()) << endl;</code><br />
						
            
            <a class="navhash" href="#827">#</a>
						
              <code id="827">       ^</code><br />
						
            
            <a class="navhash" href="#828">#</a>
						
              <code id="828">ibam.cpp:364:135: error: 'endl' was not declared in this scope</code><br />
						
            
            <a class="navhash" href="#829">#</a>
						
              <code id="829">       cout << "Adapted charge time left:   " << HMS(data.seconds_left_charge_adaptive()+data.seconds_charge_correction_adaptive()) << endl;</code><br />
						
            
            <a class="navhash" href="#830">#</a>
						
              <code id="830">                                                                                                                                       ^</code><br />
						
            
            <a class="navhash" href="#831">#</a>
						
              <code id="831">ibam.cpp:367:7: error: 'cout' was not declared in this scope</code><br />
						
            
            <a class="navhash" href="#832">#</a>
						
              <code id="832">       cout << "Total battery time:         " << HMS(data.seconds_battery_total()) << endl;</code><br />
						
            
            <a class="navhash" href="#833">#</a>
						
              <code id="833">       ^</code><br />
						
            
            <a class="navhash" href="#834">#</a>
						
              <code id="834">ibam.cpp:367:86: error: 'endl' was not declared in this scope</code><br />
						
            
            <a class="navhash" href="#835">#</a>
						
              <code id="835">       cout << "Total battery time:         " << HMS(data.seconds_battery_total()) << endl;</code><br />
						
            
            <a class="navhash" href="#836">#</a>
						
              <code id="836">                                                                                      ^</code><br />
						
            
            <a class="navhash" href="#837">#</a>
						
              <code id="837">ibam.cpp:370:7: error: 'cout' was not declared in this scope</code><br />
						
            
            <a class="navhash" href="#838">#</a>
						
              <code id="838">       cout << "Adapted total battery time: " << HMS(data.seconds_battery_total_adaptive()) << endl;</code><br />
						
            
            <a class="navhash" href="#839">#</a>
						
              <code id="839">       ^</code><br />
						
            
            <a class="navhash" href="#840">#</a>
						
              <code id="840">ibam.cpp:370:95: error: 'endl' was not declared in this scope</code><br />
						
            
            <a class="navhash" href="#841">#</a>
						
              <code id="841">       cout << "Adapted total battery time: " << HMS(data.seconds_battery_total_adaptive()) << endl;</code><br />
						
            
            <a class="navhash" href="#842">#</a>
						
              <code id="842">                                                                                               ^</code><br />
						
            
            <a class="navhash" href="#843">#</a>
						
              <code id="843">ibam.cpp:373:7: error: 'cout' was not declared in this scope</code><br />
						
            
            <a class="navhash" href="#844">#</a>
						
              <code id="844">       cout << "Total charge time:          " << HMS(data.seconds_charge_total()) << endl;</code><br />
						
            
            <a class="navhash" href="#845">#</a>
						
              <code id="845">       ^</code><br />
						
            
            <a class="navhash" href="#846">#</a>
						
              <code id="846">ibam.cpp:373:85: error: 'endl' was not declared in this scope</code><br />
						
            
            <a class="navhash" href="#847">#</a>
						
              <code id="847">       cout << "Total charge time:          " << HMS(data.seconds_charge_total()) << endl;</code><br />
						
            
            <a class="navhash" href="#848">#</a>
						
              <code id="848">                                                                                     ^</code><br />
						
            
            <a class="navhash" href="#849">#</a>
						
              <code id="849">ibam.cpp:376:7: error: 'cout' was not declared in this scope</code><br />
						
            
            <a class="navhash" href="#850">#</a>
						
              <code id="850">       cout << "Adapted total charge time:  " << HMS(data.seconds_charge_total_adaptive()) << endl;</code><br />
						
            
            <a class="navhash" href="#851">#</a>
						
              <code id="851">       ^</code><br />
						
            
            <a class="navhash" href="#852">#</a>
						
              <code id="852">ibam.cpp:376:94: error: 'endl' was not declared in this scope</code><br />
						
            
            <a class="navhash" href="#853">#</a>
						
              <code id="853">       cout << "Adapted total charge time:  " << HMS(data.seconds_charge_total_adaptive()) << endl;</code><br />
						
            
            <a class="navhash" href="#854">#</a>
						
              <code id="854">                                                                                              ^</code><br />
						
            
            <a class="navhash" href="#855">#</a>
						
              <code id="855">ibam.cpp:382:10: error: 'cout' was not declared in this scope</code><br />
						
            
            <a class="navhash" href="#856">#</a>
						
              <code id="856">          cout << "Profile logging enabled." << endl;</code><br />
						
            
            <a class="navhash" href="#857">#</a>
						
              <code id="857">          ^</code><br />
						
            
            <a class="navhash" href="#858">#</a>
						
              <code id="858">ibam.cpp:382:48: error: 'endl' was not declared in this scope</code><br />
						
            
            <a class="navhash" href="#859">#</a>
						
              <code id="859">          cout << "Profile logging enabled." << endl;</code><br />
						
            
            <a class="navhash" href="#860">#</a>
						
              <code id="860">                                                ^</code><br />
						
            
            <a class="navhash" href="#861">#</a>
						
              <code id="861">ibam.cpp:383:43: error: 'class ibam' has no member named 'profile_filename'</code><br />
						
            
            <a class="navhash" href="#862">#</a>
						
              <code id="862">          cout << "Current file: " << data.profile_filename(</code><br />
						
            
            <a class="navhash" href="#863">#</a>
						
              <code id="863">                                           ^</code><br />
						
            
            <a class="navhash" href="#864">#</a>
						
              <code id="864">ibam.cpp:388:10: error: 'cout' was not declared in this scope</code><br />
						
            
            <a class="navhash" href="#865">#</a>
						
              <code id="865">          cout << "Profile logging disabled." << endl;</code><br />
						
            
            <a class="navhash" href="#866">#</a>
						
              <code id="866">          ^</code><br />
						
            
            <a class="navhash" href="#867">#</a>
						
              <code id="867">ibam.cpp:388:49: error: 'endl' was not declared in this scope</code><br />
						
            
            <a class="navhash" href="#868">#</a>
						
              <code id="868">          cout << "Profile logging disabled." << endl;</code><br />
						
            
            <a class="navhash" href="#869">#</a>
						
              <code id="869">                                                 ^</code><br />
						
            
            <a class="navhash" href="#870">#</a>
						
              <code id="870">ibam.cpp:392:7: error: 'cout' was not declared in this scope</code><br />
						
            
            <a class="navhash" href="#871">#</a>
						
              <code id="871">       cout << endl;</code><br />
						
            
            <a class="navhash" href="#872">#</a>
						
              <code id="872">       ^</code><br />
						
            
            <a class="navhash" href="#873">#</a>
						
              <code id="873">ibam.cpp:392:15: error: 'endl' was not declared in this scope</code><br />
						
            
            <a class="navhash" href="#874">#</a>
						
              <code id="874">       cout << endl;</code><br />
						
            
            <a class="navhash" href="#875">#</a>
						
              <code id="875">               ^</code><br />
						
            
            <a class="navhash" href="#876">#</a>
						
              <code id="876">make: *** [Makefile:33: ibam] Error 1</code><br />
						
            
            <a class="navhash" href="#877">#</a>
						
              <code id="877">==> ERROR: A failure occurred in build().</code><br />
						
            
            <a class="navhash" href="#878">#</a>
						
              <code id="878">    Aborting...</code><br />
						
            
          </div>
        
      </div>
      <br />
    
  </body>
</html>