<!DOCTYPE html>
<html>
<!-- Jinja template for reports of individual builds

  Copyright 2016 Kareem Khazem. All Rights Reserved.
  Licensed under the Apache License, Version 2.0 (the "License");
  you may not use this file except in compliance with the License.
  You may obtain a copy of the License at

 		 http://www.apache.org/licenses/LICENSE-2.0

  Unless required by applicable law or agreed to in writing, software
  distributed under the License is distributed on an "AS IS" BASIS,
  WITHOUT WARRANTIES OR CONDITIONS OF ANY KIND, either express or
  implied.
  See the License for the specific language governing permissions and
  limitations under the License.
-->
  <head>
    <meta charset="UTF-8">
    <title>android/jbigkit</title>
    <link href='https://fonts.googleapis.com/css?family=Roboto:400,900'
          rel='stylesheet' type='text/css'>
    <link
    href='https://fonts.googleapis.com/css?family=Source+Code+Pro:400,700'
          rel='stylesheet' type='text/css'>
    <link href="../style.css" type="text/css" rel="stylesheet">
  </head>
  <body>
    <h1>Build of jbigkit
        with <a href="../index.html">android</a>
        toolchain</h1>
    <p>The build took 00h 01m 13s and was
    NOT successful.</p>
    <p>
    The program in this build is written in the following languages,
    according to <a
    href="http://www.dwheeler.com/sloccount/">sloccount</a>:
    </p>
    <table>
      <tr><th>SLOC</th><th>Language</th></tr>
      
      <tr><td class="loc"><code>5,642</code></td>
          <td class="lang">ansic</td></tr>
      <tr><td class="loc"><code>204</code></td>
          <td class="lang">makefile</td></tr>
      <tr><td class="loc"><code>82</code></td>
          <td class="lang">perl</td></tr>
      <tr><td><code>5,928</code></td>
          <td><em>total</em></td></tr>
    </table>
    <p>
      The process tree of the build process is <a
      href="jbigkit-tree.html">here</a>.
    </p>
    
    
    
    
    
    <h2>List of Errors</h2>
    <ul>
      
      <li>unknown_type
        <ul>
          
          <li><a href="#45">jbig.h:121:42: error: unknown type name 'size_t'</a></li>
          
          <li><a href="#48">jbig.h:196:44: error: unknown type name 'size_t'</a></li>
          
          <li><a href="#54">jbig.h:211:63: error: unknown type name 'size_t'</a></li>
          
          <li><a href="#57">jbig.h:212:3: error: unknown type name 'size_t'</a></li>
          
          <li><a href="#60">jbig.h:218:45: error: unknown type name 'size_t'</a></li>
          
          <li><a href="#66">jbig.h:231:36: error: unknown type name 'size_t'</a></li>
          
          <li><a href="#79">jbig.c:129:29: error: unknown type name 'size_t'</a></li>
          
          <li><a href="#82">jbig.c:129:43: error: unknown type name 'size_t'</a></li>
          
          <li><a href="#89">jbig.c:155:41: error: unknown type name 'size_t'</a></li>
          
          <li><a href="#92">jbig.c:155:55: error: unknown type name 'size_t'</a></li>
          
          <li><a href="#100">jbig85.h:82:42: error: unknown type name 'size_t'</a></li>
          
          <li><a href="#108">jbig85.h:106:3: error: unknown type name 'size_t'</a></li>
          
          <li><a href="#111">jbig85.h:107:3: error: unknown type name 'size_t'</a></li>
          
          <li><a href="#114">jbig85.h:127:27: error: unknown type name 'size_t'</a></li>
          
          <li><a href="#118">jbig85.h:140:46: error: unknown type name 'size_t'</a></li>
          
          <li><a href="#127">jbig85.h:151:27: error: unknown type name 'size_t'</a></li>
          
          <li><a href="#130">jbig85.h:153:31: error: unknown type name 'size_t'</a></li>
          
          <li><a href="#137">jbig.c:340:7: error: unknown type name 'size_t'</a></li>
          
          <li><a href="#140">jbig85.h:156:67: error: unknown type name 'size_t'</a></li>
          
          <li><a href="#143">jbig85.h:157:5: error: unknown type name 'size_t'</a></li>
          
          <li><a href="#154">jbig85.c:96:46: error: unknown type name 'size_t'</a></li>
          
          <li><a href="#213">jbig.h:121:42: error: unknown type name 'size_t'</a></li>
          
          <li><a href="#221">jbig85.c:558:27: error: unknown type name 'size_t'</a></li>
          
          <li><a href="#224">jbig85.c:560:31: error: unknown type name 'size_t'</a></li>
          
          <li><a href="#227">jbig.h:196:44: error: unknown type name 'size_t'</a></li>
          
          <li><a href="#236">jbig85.c:597:1: error: unknown type name 'size_t'</a></li>
          
          <li><a href="#239">jbig.h:211:63: error: unknown type name 'size_t'</a></li>
          
          <li><a href="#242">jbig85.c:598:6: error: unknown type name 'size_t'</a></li>
          
          <li><a href="#245">jbig.h:212:3: error: unknown type name 'size_t'</a></li>
          
          <li><a href="#248">jbig.h:218:45: error: unknown type name 'size_t'</a></li>
          
          <li><a href="#254">jbig.h:231:36: error: unknown type name 'size_t'</a></li>
          
          <li><a href="#257">tstcodec.c:28:28: error: unknown type name 'size_t'</a></li>
          
          <li><a href="#260">jbig85.c:837:66: error: unknown type name 'size_t'</a></li>
          
          <li><a href="#263">tstcodec.c:49:50: error: unknown type name 'size_t'</a></li>
          
          <li><a href="#266">jbig85.c:838:4: error: unknown type name 'size_t'</a></li>
          
          <li><a href="#281">tstcodec.c:138:3: error: unknown type name 'size_t'</a></li>
          
          <li><a href="#301">tstcodec.c:241:3: error: unknown type name 'size_t'</a></li>
          
          <li><a href="#310">tstcodec.c:346:5: error: unknown type name 'FILE'</a></li>
          
          <li><a href="#335">jbig.c:771:58: error: unknown type name 'size_t'</a></li>
          
          <li><a href="#385">jbig.c:2084:1: error: unknown type name 'size_t'</a></li>
          
          <li><a href="#388">jbig.c:2085:6: error: unknown type name 'size_t'</a></li>
          
          <li><a href="#391">jbig.c:2567:62: error: unknown type name 'size_t'</a></li>
          
          <li><a href="#394">jbig.c:2568:9: error: unknown type name 'size_t'</a></li>
          
          <li><a href="#410">jbig.c:3111:45: error: unknown type name 'size_t'</a></li>
          
          <li><a href="#416">jbig.c:3180:50: error: unknown type name 'size_t'</a></li>
          
          <li><a href="#419">jbig.c:3250:36: error: unknown type name 'size_t'</a></li>
          
        </ul>
      </li>
      
      <li>parse_error
        <ul>
          
          <li><a href="#51">jbig.h:198:5: error: expected ';', ',' or ')' before 'void'</a></li>
          
          <li><a href="#63">jbig.h:219:22: error: expected ';', ',' or ')' before 'void'</a></li>
          
          <li><a href="#121">jbig85.h:142:7: error: expected ';', ',' or ')' before 'void'</a></li>
          
          <li><a href="#134">jbig85.h:155:7: error: expected ';', ',' or ')' before 'void'</a></li>
          
          <li><a href="#146">jbig.c:341:4: error: expected ';', ',' or ')' before 'void'</a></li>
          
          <li><a href="#157">jbig85.c:98:7: error: expected ';', ',' or ')' before 'void'</a></li>
          
          <li><a href="#230">jbig85.c:562:7: error: expected ';', ',' or ')' before 'void'</a></li>
          
          <li><a href="#233">jbig.h:198:5: error: expected ';', ',' or ')' before 'void'</a></li>
          
          <li><a href="#251">jbig.h:219:22: error: expected ';', ',' or ')' before 'void'</a></li>
          
          <li><a href="#338">jbig.c:773:5: error: expected ';', ',' or ')' before 'void'</a></li>
          
          <li><a href="#345">jbig.c:1325:19: error: expected ')' before 'j'</a></li>
          
          <li><a href="#348">jbig.c:1329:19: error: expected ')' before 'j'</a></li>
          
          <li><a href="#413">jbig.c:3112:22: error: expected ';', ',' or ')' before 'void'</a></li>
          
        </ul>
      </li>
      
    </ul>
    
    
    <h2>Log</h2>
    <p>
    To avoid scrolling, you may jump to the <a
    href="#426">last line</a> of the
    invocation of <code>makepkg</code> that was used to build this
    package.
    </p>
    
    
      <div class="block">
        <div class="info">
          <code>Removed vanilla repositories from pacman.conf and added:</code>
        </div>
        
          <div class="output">
            
            <a class="navhash" href="#1">#</a>
						
              <code id="1">[tuscan]</code><br />
						
            
            <a class="navhash" href="#2">#</a>
						
              <code id="2">Server = file:///var/cache/pacman/pkg/</code><br />
						
            
          </div>
        
      </div>
      <br />
    
      <div class="block">
        <div class="command">
          <code><span class="prompt">CMD: </span>pacman -Syy --noconfirm</code>
        </div>
        
          <div class="output">
            
            <a class="navhash" href="#3">#</a>
						
              <code id="3">:: Synchronizing package databases...</code><br />
						
            
            <a class="navhash" href="#4">#</a>
						
              <code id="4">downloading tuscan.db...</code><br />
						
            
          </div>
        
      </div>
      <br />
    
      <div class="block">
        <div class="info">
          <code>Copied permanent toolchain into container-local sysroot</code>
        </div>
        
          <div class="output">
            
            <a class="navhash" href="#5">#</a>
						
              <code id="5">/toolchain_root/arm-linux-androideabi  -->  /sysroot/arm-linux-androideabi</code><br />
						
            
            <a class="navhash" href="#6">#</a>
						
              <code id="6">/toolchain_root/COPYING3.LIB  -->  /sysroot/COPYING3.LIB</code><br />
						
            
            <a class="navhash" href="#7">#</a>
						
              <code id="7">/toolchain_root/sysroot  -->  /sysroot/sysroot</code><br />
						
            
            <a class="navhash" href="#8">#</a>
						
              <code id="8">/toolchain_root/COPYING.RUNTIME  -->  /sysroot/COPYING.RUNTIME</code><br />
						
            
            <a class="navhash" href="#9">#</a>
						
              <code id="9">/toolchain_root/lib  -->  /sysroot/lib</code><br />
						
            
            <a class="navhash" href="#10">#</a>
						
              <code id="10">/toolchain_root/SOURCES  -->  /sysroot/SOURCES</code><br />
						
            
            <a class="navhash" href="#11">#</a>
						
              <code id="11">/toolchain_root/lib64  -->  /sysroot/lib64</code><br />
						
            
            <a class="navhash" href="#12">#</a>
						
              <code id="12">/toolchain_root/share  -->  /sysroot/share</code><br />
						
            
            <a class="navhash" href="#13">#</a>
						
              <code id="13">/toolchain_root/bin  -->  /sysroot/bin</code><br />
						
            
            <a class="navhash" href="#14">#</a>
						
              <code id="14">/toolchain_root/COPYING  -->  /sysroot/COPYING</code><br />
						
            
            <a class="navhash" href="#15">#</a>
						
              <code id="15">/toolchain_root/COPYING3  -->  /sysroot/COPYING3</code><br />
						
            
            <a class="navhash" href="#16">#</a>
						
              <code id="16">/toolchain_root/COPYING.LIB  -->  /sysroot/COPYING.LIB</code><br />
						
            
            <a class="navhash" href="#17">#</a>
						
              <code id="17">/toolchain_root/include  -->  /sysroot/include</code><br />
						
            
            <a class="navhash" href="#18">#</a>
						
              <code id="18">/toolchain_root/libexec  -->  /sysroot/libexec</code><br />
						
            
          </div>
        
      </div>
      <br />
    
      <div class="block">
        <div class="command">
          <code><span class="prompt">CMD: </span>sudo -u tuscan PATH=/sysroot/bin:/sysroot/libexec/gcc/arm-linux-androideabi/4.8:/usr/local/sbin:/usr/local/bin:/usr/sbin:/usr/bin:/sbin:/bin CC=arm-linux-androideabi-gcc CXX=arm-linux-androideabi-g++ red makepkg --noextract --syncdeps --skipinteg --skippgpcheck --skipchecksums --noconfirm --nocolor --log --noprogressbar --nocheck</code>
        </div>
        
          <div class="output">
            
            <a class="navhash" href="#19">#</a>
						
              <code id="19">==> Making package: jbigkit 2.1-2 (Tue Apr  4 19:31:56 UTC 2017)</code><br />
						
            
            <a class="navhash" href="#20">#</a>
						
              <code id="20">==> Checking runtime dependencies...</code><br />
						
            
            <a class="navhash" href="#21">#</a>
						
              <code id="21">==> Checking buildtime dependencies...</code><br />
						
            
            <a class="navhash" href="#22">#</a>
						
              <code id="22">==> WARNING: Using existing $srcdir/ tree</code><br />
						
            
            <a class="navhash" href="#23">#</a>
						
              <code id="23">==> Starting build()...</code><br />
						
            
            <a class="navhash" href="#24">#</a>
						
              <code id="24">cd libjbig && make -e</code><br />
						
            
            <a class="navhash" href="#25">#</a>
						
              <code id="25">make[1]: Entering directory '/tmp/jbigkit/src/jbigkit-2.1/libjbig'</code><br />
						
            
            <a class="navhash" href="#26">#</a>
						
              <code id="26">gcc -fPIC   -c -o jbig.o jbig.c</code><br />
						
            
            <a class="navhash" href="#27">#</a>
						
              <code id="27">gcc -fPIC   -c -o jbig_ar.o jbig_ar.c</code><br />
						
            
            <a class="navhash" href="#28">#</a>
						
              <code id="28">gcc -fPIC   -c -o jbig85.o jbig85.c</code><br />
						
            
            <a class="navhash" href="#29">#</a>
						
              <code id="29">gcc -fPIC   -c -o tstcodec.o tstcodec.c</code><br />
						
            
            <a class="navhash" href="#30">#</a>
						
              <code id="30">cc1: error: no include path in which to search for stdc-predef.h</code><br />
						
            
            <a class="navhash" href="#31">#</a>
						
              <code id="31">jbig.c:36:20: error: no include path in which to search for stdlib.h</code><br />
						
            
            <a class="navhash" href="#32">#</a>
						
              <code id="32"> #include <stdlib.h></code><br />
						
            
            <a class="navhash" href="#33">#</a>
						
              <code id="33">                    ^</code><br />
						
            
            <a class="navhash" href="#34">#</a>
						
              <code id="34">jbig.c:37:20: error: no include path in which to search for string.h</code><br />
						
            
            <a class="navhash" href="#35">#</a>
						
              <code id="35"> #include <string.h></code><br />
						
            
            <a class="navhash" href="#36">#</a>
						
              <code id="36">                    ^</code><br />
						
            
            <a class="navhash" href="#37">#</a>
						
              <code id="37">jbig.c:38:20: error: no include path in which to search for assert.h</code><br />
						
            
            <a class="navhash" href="#38">#</a>
						
              <code id="38"> #include <assert.h></code><br />
						
            
            <a class="navhash" href="#39">#</a>
						
              <code id="39">                    ^</code><br />
						
            
            <a class="navhash" href="#40">#</a>
						
              <code id="40">In file included from jbig.c:40:0:</code><br />
						
            
            <a class="navhash" href="#41">#</a>
						
              <code id="41">jbig.h:10:20: error: no include path in which to search for stddef.h</code><br />
						
            
            <a class="navhash" href="#42">#</a>
						
              <code id="42"> #include <stddef.h></code><br />
						
            
            <a class="navhash" href="#43">#</a>
						
              <code id="43">                    ^</code><br />
						
            
            <a class="navhash" href="#44">#</a>
						
              <code id="44">In file included from jbig.c:40:0:</code><br />
						
            
            <a class="navhash" href="#45">#</a>
						<span class="error">
              <code id="45">jbig.h:121:42: error: unknown type name 'size_t'</code><br />
						</span>
            
            <a class="navhash" href="#46">#</a>
						
              <code id="46">   void (*data_out)(unsigned char *start, size_t len, void *file);</code><br />
						
            
            <a class="navhash" href="#47">#</a>
						
              <code id="47">                                          ^</code><br />
						
            
            <a class="navhash" href="#48">#</a>
						<span class="error">
              <code id="48">jbig.h:196:44: error: unknown type name 'size_t'</code><br />
						</span>
            
            <a class="navhash" href="#49">#</a>
						
              <code id="49">     void (*data_out)(unsigned char *start, size_t len,</code><br />
						
            
            <a class="navhash" href="#50">#</a>
						
              <code id="50">                                            ^</code><br />
						
            
            <a class="navhash" href="#51">#</a>
						<span class="error">
              <code id="51">jbig.h:198:5: error: expected ';', ',' or ')' before 'void'</code><br />
						</span>
            
            <a class="navhash" href="#52">#</a>
						
              <code id="52">     void *file);</code><br />
						
            
            <a class="navhash" href="#53">#</a>
						
              <code id="53">     ^</code><br />
						
            
            <a class="navhash" href="#54">#</a>
						<span class="error">
              <code id="54">jbig.h:211:63: error: unknown type name 'size_t'</code><br />
						</span>
            
            <a class="navhash" href="#55">#</a>
						
              <code id="55"> int  jbg_dec_in(struct jbg_dec_state *s, unsigned char *data, size_t len,</code><br />
						
            
            <a class="navhash" href="#56">#</a>
						
              <code id="56">                                                               ^</code><br />
						
            
            <a class="navhash" href="#57">#</a>
						<span class="error">
              <code id="57">jbig.h:212:3: error: unknown type name 'size_t'</code><br />
						</span>
            
            <a class="navhash" href="#58">#</a>
						
              <code id="58">   size_t *cnt);</code><br />
						
            
            <a class="navhash" href="#59">#</a>
						
              <code id="59">   ^</code><br />
						
            
            <a class="navhash" href="#60">#</a>
						<span class="error">
              <code id="60">jbig.h:218:45: error: unknown type name 'size_t'</code><br />
						</span>
            
            <a class="navhash" href="#61">#</a>
						
              <code id="61">      void (*data_out)(unsigned char *start, size_t len,</code><br />
						
            
            <a class="navhash" href="#62">#</a>
						
              <code id="62">                                             ^</code><br />
						
            
            <a class="navhash" href="#63">#</a>
						<span class="error">
              <code id="63">jbig.h:219:22: error: expected ';', ',' or ')' before 'void'</code><br />
						</span>
            
            <a class="navhash" href="#64">#</a>
						
              <code id="64">         void *file), void *file);</code><br />
						
            
            <a class="navhash" href="#65">#</a>
						
              <code id="65">                      ^</code><br />
						
            
            <a class="navhash" href="#66">#</a>
						<span class="error">
              <code id="66">jbig.h:231:36: error: unknown type name 'size_t'</code><br />
						</span>
            
            <a class="navhash" href="#67">#</a>
						
              <code id="67"> int jbg_newlen(unsigned char *bie, size_t len);</code><br />
						
            
            <a class="navhash" href="#68">#</a>
						
              <code id="68">                                    ^</code><br />
						
            
            <a class="navhash" href="#69">#</a>
						
              <code id="69">cc1: error: no include path in which to search for stdc-predef.h</code><br />
						
            
            <a class="navhash" href="#70">#</a>
						
              <code id="70">jbig85.c:36:20: error: no include path in which to search for stdlib.h</code><br />
						
            
            <a class="navhash" href="#71">#</a>
						
              <code id="71"> #include <stdlib.h></code><br />
						
            
            <a class="navhash" href="#72">#</a>
						
              <code id="72">                    ^</code><br />
						
            
            <a class="navhash" href="#73">#</a>
						
              <code id="73">jbig85.c:37:20: error: no include path in which to search for string.h</code><br />
						
            
            <a class="navhash" href="#74">#</a>
						
              <code id="74"> #include <string.h></code><br />
						
            
            <a class="navhash" href="#75">#</a>
						
              <code id="75">                    ^</code><br />
						
            
            <a class="navhash" href="#76">#</a>
						
              <code id="76">jbig85.c:38:20: error: no include path in which to search for assert.h</code><br />
						
            
            <a class="navhash" href="#77">#</a>
						
              <code id="77"> #include <assert.h></code><br />
						
            
            <a class="navhash" href="#78">#</a>
						
              <code id="78">                    ^</code><br />
						
            
            <a class="navhash" href="#79">#</a>
						<span class="error">
              <code id="79">jbig.c:129:29: error: unknown type name 'size_t'</code><br />
						</span>
            
            <a class="navhash" href="#80">#</a>
						
              <code id="80"> static void *checked_malloc(size_t nmemb, size_t size)</code><br />
						
            
            <a class="navhash" href="#81">#</a>
						
              <code id="81">                             ^</code><br />
						
            
            <a class="navhash" href="#82">#</a>
						<span class="error">
              <code id="82">jbig.c:129:43: error: unknown type name 'size_t'</code><br />
						</span>
            
            <a class="navhash" href="#83">#</a>
						
              <code id="83"> static void *checked_malloc(size_t nmemb, size_t size)</code><br />
						
            
            <a class="navhash" href="#84">#</a>
						
              <code id="84">                                           ^</code><br />
						
            
            <a class="navhash" href="#85">#</a>
						
              <code id="85">In file included from jbig85.c:40:0:</code><br />
						
            
            <a class="navhash" href="#86">#</a>
						
              <code id="86">jbig85.h:11:20: error: no include path in which to search for stddef.h</code><br />
						
            
            <a class="navhash" href="#87">#</a>
						
              <code id="87"> #include <stddef.h></code><br />
						
            
            <a class="navhash" href="#88">#</a>
						
              <code id="88">                    ^</code><br />
						
            
            <a class="navhash" href="#89">#</a>
						<span class="error">
              <code id="89">jbig.c:155:41: error: unknown type name 'size_t'</code><br />
						</span>
            
            <a class="navhash" href="#90">#</a>
						
              <code id="90"> static void *checked_realloc(void *ptr, size_t nmemb, size_t size)</code><br />
						
            
            <a class="navhash" href="#91">#</a>
						
              <code id="91">                                         ^</code><br />
						
            
            <a class="navhash" href="#92">#</a>
						<span class="error">
              <code id="92">jbig.c:155:55: error: unknown type name 'size_t'</code><br />
						</span>
            
            <a class="navhash" href="#93">#</a>
						
              <code id="93"> static void *checked_realloc(void *ptr, size_t nmemb, size_t size)</code><br />
						
            
            <a class="navhash" href="#94">#</a>
						
              <code id="94">                                                       ^</code><br />
						
            
            <a class="navhash" href="#95">#</a>
						
              <code id="95">jbig.c: In function 'checked_free':</code><br />
						
            
            <a class="navhash" href="#96">#</a>
						
              <code id="96">jbig.c:183:3: warning: incompatible implicit declaration of built-in function 'free' [enabled by default]</code><br />
						
            
            <a class="navhash" href="#97">#</a>
						
              <code id="97">   free(ptr);</code><br />
						
            
            <a class="navhash" href="#98">#</a>
						
              <code id="98">   ^</code><br />
						
            
            <a class="navhash" href="#99">#</a>
						
              <code id="99">In file included from jbig85.c:40:0:</code><br />
						
            
            <a class="navhash" href="#100">#</a>
						<span class="error">
              <code id="100">jbig85.h:82:42: error: unknown type name 'size_t'</code><br />
						</span>
            
            <a class="navhash" href="#101">#</a>
						
              <code id="101">   void (*data_out)(unsigned char *start, size_t len, void *file);</code><br />
						
            
            <a class="navhash" href="#102">#</a>
						
              <code id="102">                                          ^</code><br />
						
            
            <a class="navhash" href="#103">#</a>
						
              <code id="103">jbig.c: In function 'jbg_buf_init':</code><br />
						
            
            <a class="navhash" href="#104">#</a>
						
              <code id="104">jbig.c:225:21: error: 'NULL' undeclared (first use in this function)</code><br />
						
            
            <a class="navhash" href="#105">#</a>
						
              <code id="105">   new_block->next = NULL;</code><br />
						
            
            <a class="navhash" href="#106">#</a>
						
              <code id="106">                     ^</code><br />
						
            
            <a class="navhash" href="#107">#</a>
						
              <code id="107">jbig.c:225:21: note: each undeclared identifier is reported only once for each function it appears in</code><br />
						
            
            <a class="navhash" href="#108">#</a>
						<span class="error">
              <code id="108">jbig85.h:106:3: error: unknown type name 'size_t'</code><br />
						</span>
            
            <a class="navhash" href="#109">#</a>
						
              <code id="109">   size_t linebuf_len;</code><br />
						
            
            <a class="navhash" href="#110">#</a>
						
              <code id="110">   ^</code><br />
						
            
            <a class="navhash" href="#111">#</a>
						<span class="error">
              <code id="111">jbig85.h:107:3: error: unknown type name 'size_t'</code><br />
						</span>
            
            <a class="navhash" href="#112">#</a>
						
              <code id="112">   size_t bpl;                                            /* bytes per line */</code><br />
						
            
            <a class="navhash" href="#113">#</a>
						
              <code id="113">   ^</code><br />
						
            
            <a class="navhash" href="#114">#</a>
						<span class="error">
              <code id="114">jbig85.h:127:27: error: unknown type name 'size_t'</code><br />
						</span>
            
            <a class="navhash" href="#115">#</a>
						
              <code id="115">     unsigned char *start, size_t len,</code><br />
						
            
            <a class="navhash" href="#116">#</a>
						
              <code id="116">                           ^</code><br />
						
            
            <a class="navhash" href="#117">#</a>
						
              <code id="117">jbig.c: In function 'jbg_buf_remove_zeros':</code><br />
						
            
            <a class="navhash" href="#118">#</a>
						<span class="error">
              <code id="118">jbig85.h:140:46: error: unknown type name 'size_t'</code><br />
						</span>
            
            <a class="navhash" href="#119">#</a>
						
              <code id="119">       void (*data_out)(unsigned char *start, size_t len,</code><br />
						
            
            <a class="navhash" href="#120">#</a>
						
              <code id="120">                                              ^</code><br />
						
            
            <a class="navhash" href="#121">#</a>
						<span class="error">
              <code id="121">jbig85.h:142:7: error: expected ';', ',' or ')' before 'void'</code><br />
						</span>
            
            <a class="navhash" href="#122">#</a>
						
              <code id="122">       void *file);</code><br />
						
            
            <a class="navhash" href="#123">#</a>
						
              <code id="123">       ^</code><br />
						
            
            <a class="navhash" href="#124">#</a>
						
              <code id="124">jbig.c:299:26: error: 'NULL' undeclared (first use in this function)</code><br />
						
            
            <a class="navhash" href="#125">#</a>
						
              <code id="125">       head->last->next = NULL;</code><br />
						
            
            <a class="navhash" href="#126">#</a>
						
              <code id="126">                          ^</code><br />
						
            
            <a class="navhash" href="#127">#</a>
						<span class="error">
              <code id="127">jbig85.h:151:27: error: unknown type name 'size_t'</code><br />
						</span>
            
            <a class="navhash" href="#128">#</a>
						
              <code id="128">       unsigned char *buf, size_t buflen,</code><br />
						
            
            <a class="navhash" href="#129">#</a>
						
              <code id="129">                           ^</code><br />
						
            
            <a class="navhash" href="#130">#</a>
						<span class="error">
              <code id="130">jbig85.h:153:31: error: unknown type name 'size_t'</code><br />
						</span>
            
            <a class="navhash" href="#131">#</a>
						
              <code id="131">         unsigned char *start, size_t len,</code><br />
						
            
            <a class="navhash" href="#132">#</a>
						
              <code id="132">                               ^</code><br />
						
            
            <a class="navhash" href="#133">#</a>
						
              <code id="133">jbig.c: At top level:</code><br />
						
            
            <a class="navhash" href="#134">#</a>
						<span class="error">
              <code id="134">jbig85.h:155:7: error: expected ';', ',' or ')' before 'void'</code><br />
						</span>
            
            <a class="navhash" href="#135">#</a>
						
              <code id="135">       void *file);</code><br />
						
            
            <a class="navhash" href="#136">#</a>
						
              <code id="136">       ^</code><br />
						
            
            <a class="navhash" href="#137">#</a>
						<span class="error">
              <code id="137">jbig.c:340:7: error: unknown type name 'size_t'</code><br />
						</span>
            
            <a class="navhash" href="#138">#</a>
						
              <code id="138">       size_t len, void *file),</code><br />
						
            
            <a class="navhash" href="#139">#</a>
						
              <code id="139">       ^</code><br />
						
            
            <a class="navhash" href="#140">#</a>
						<span class="error">
              <code id="140">jbig85.h:156:67: error: unknown type name 'size_t'</code><br />
						</span>
            
            <a class="navhash" href="#141">#</a>
						
              <code id="141"> int  jbg85_dec_in(struct jbg85_dec_state *s, unsigned char *data, size_t len,</code><br />
						
            
            <a class="navhash" href="#142">#</a>
						
              <code id="142">                                                                   ^</code><br />
						
            
            <a class="navhash" href="#143">#</a>
						<span class="error">
              <code id="143">jbig85.h:157:5: error: unknown type name 'size_t'</code><br />
						</span>
            
            <a class="navhash" href="#144">#</a>
						
              <code id="144">     size_t *cnt);</code><br />
						
            
            <a class="navhash" href="#145">#</a>
						
              <code id="145">     ^</code><br />
						
            
            <a class="navhash" href="#146">#</a>
						<span class="error">
              <code id="146">jbig.c:341:4: error: expected ';', ',' or ')' before 'void'</code><br />
						</span>
            
            <a class="navhash" href="#147">#</a>
						
              <code id="147">    void *file)</code><br />
						
            
            <a class="navhash" href="#148">#</a>
						
              <code id="148">    ^</code><br />
						
            
            <a class="navhash" href="#149">#</a>
						
              <code id="149">jbig85.c: In function 'enc_byte_out':</code><br />
						
            
            <a class="navhash" href="#150">#</a>
						
              <code id="150">jbig85.c:86:32: error: 'struct jbg85_enc_state' has no member named 'data_out'</code><br />
						
            
            <a class="navhash" href="#151">#</a>
						
              <code id="151">   ((struct jbg85_enc_state *)s)->data_out(&c, sizeof(unsigned char),</code><br />
						
            
            <a class="navhash" href="#152">#</a>
						
              <code id="152">                                ^</code><br />
						
            
            <a class="navhash" href="#153">#</a>
						
              <code id="153">jbig85.c: At top level:</code><br />
						
            
            <a class="navhash" href="#154">#</a>
						<span class="error">
              <code id="154">jbig85.c:96:46: error: unknown type name 'size_t'</code><br />
						</span>
            
            <a class="navhash" href="#155">#</a>
						
              <code id="155">       void (*data_out)(unsigned char *start, size_t len,</code><br />
						
            
            <a class="navhash" href="#156">#</a>
						
              <code id="156">                                              ^</code><br />
						
            
            <a class="navhash" href="#157">#</a>
						<span class="error">
              <code id="157">jbig85.c:98:7: error: expected ';', ',' or ')' before 'void'</code><br />
						</span>
            
            <a class="navhash" href="#158">#</a>
						
              <code id="158">       void *file)</code><br />
						
            
            <a class="navhash" href="#159">#</a>
						
              <code id="159">       ^</code><br />
						
            
            <a class="navhash" href="#160">#</a>
						
              <code id="160">jbig85.c: In function 'output_newlen':</code><br />
						
            
            <a class="navhash" href="#161">#</a>
						
              <code id="161">jbig85.c:163:4: error: 'struct jbg85_enc_state' has no member named 'data_out'</code><br />
						
            
            <a class="navhash" href="#162">#</a>
						
              <code id="162">   s->data_out(buf, 6, s->file);</code><br />
						
            
            <a class="navhash" href="#163">#</a>
						
              <code id="163">    ^</code><br />
						
            
            <a class="navhash" href="#164">#</a>
						
              <code id="164">cc1: error: no include path in which to search for stdc-predef.h</code><br />
						
            
            <a class="navhash" href="#165">#</a>
						
              <code id="165">jbig85.c:169:6: error: 'struct jbg85_enc_state' has no member named 'data_out'</code><br />
						
            
            <a class="navhash" href="#166">#</a>
						
              <code id="166">     s->data_out(buf, 2, s->file);</code><br />
						
            
            <a class="navhash" href="#167">#</a>
						
              <code id="167">      ^</code><br />
						
            
            <a class="navhash" href="#168">#</a>
						
              <code id="168">jbig85.c: In function 'jbg85_enc_lineout':</code><br />
						
            
            <a class="navhash" href="#169">#</a>
						
              <code id="169">jbig_ar.c:30:20: error: no include path in which to search for assert.h</code><br />
						
            
            <a class="navhash" href="#170">#</a>
						
              <code id="170"> #include <assert.h></code><br />
						
            
            <a class="navhash" href="#171">#</a>
						
              <code id="171">                    ^</code><br />
						
            
            <a class="navhash" href="#172">#</a>
						
              <code id="172">jbig85.c:203:16: error: 'NULL' undeclared (first use in this function)</code><br />
						
            
            <a class="navhash" href="#173">#</a>
						
              <code id="173">     prevline = NULL;</code><br />
						
            
            <a class="navhash" href="#174">#</a>
						
              <code id="174">                ^</code><br />
						
            
            <a class="navhash" href="#175">#</a>
						
              <code id="175">jbig85.c:203:16: note: each undeclared identifier is reported only once for each function it appears in</code><br />
						
            
            <a class="navhash" href="#176">#</a>
						
              <code id="176">jbig85.c:232:6: error: 'struct jbg85_enc_state' has no member named 'data_out'</code><br />
						
            
            <a class="navhash" href="#177">#</a>
						
              <code id="177">     s->data_out(buf, 20, s->file);</code><br />
						
            
            <a class="navhash" href="#178">#</a>
						
              <code id="178">      ^</code><br />
						
            
            <a class="navhash" href="#179">#</a>
						
              <code id="179">jbig85.c:249:8: error: 'struct jbg85_enc_state' has no member named 'data_out'</code><br />
						
            
            <a class="navhash" href="#180">#</a>
						
              <code id="180">       s->data_out(buf, 6, s->file);</code><br />
						
            
            <a class="navhash" href="#181">#</a>
						
              <code id="181">        ^</code><br />
						
            
            <a class="navhash" href="#182">#</a>
						
              <code id="182">jbig85.c:250:8: error: 'struct jbg85_enc_state' has no member named 'data_out'</code><br />
						
            
            <a class="navhash" href="#183">#</a>
						
              <code id="183">       s->data_out(s->comment, s->comment_len, s->file);</code><br />
						
            
            <a class="navhash" href="#184">#</a>
						
              <code id="184">        ^</code><br />
						
            
            <a class="navhash" href="#185">#</a>
						
              <code id="185">jbig85.c:265:8: error: 'struct jbg85_enc_state' has no member named 'data_out'</code><br />
						
            
            <a class="navhash" href="#186">#</a>
						
              <code id="186">       s->data_out(buf, 8, s->file);</code><br />
						
            
            <a class="navhash" href="#187">#</a>
						
              <code id="187">        ^</code><br />
						
            
            <a class="navhash" href="#188">#</a>
						
              <code id="188">cc1: error: no include path in which to search for stdc-predef.h</code><br />
						
            
            <a class="navhash" href="#189">#</a>
						
              <code id="189">tstcodec.c:9:19: error: no include path in which to search for stdio.h</code><br />
						
            
            <a class="navhash" href="#190">#</a>
						
              <code id="190"> #include <stdio.h></code><br />
						
            
            <a class="navhash" href="#191">#</a>
						
              <code id="191">                   ^</code><br />
						
            
            <a class="navhash" href="#192">#</a>
						
              <code id="192">tstcodec.c:10:20: error: no include path in which to search for stdlib.h</code><br />
						
            
            <a class="navhash" href="#193">#</a>
						
              <code id="193"> #include <stdlib.h></code><br />
						
            
            <a class="navhash" href="#194">#</a>
						
              <code id="194">                    ^</code><br />
						
            
            <a class="navhash" href="#195">#</a>
						
              <code id="195">tstcodec.c:11:20: error: no include path in which to search for stddef.h</code><br />
						
            
            <a class="navhash" href="#196">#</a>
						
              <code id="196"> #include <stddef.h></code><br />
						
            
            <a class="navhash" href="#197">#</a>
						
              <code id="197">                    ^</code><br />
						
            
            <a class="navhash" href="#198">#</a>
						
              <code id="198">tstcodec.c:12:20: error: no include path in which to search for string.h</code><br />
						
            
            <a class="navhash" href="#199">#</a>
						
              <code id="199"> #include <string.h></code><br />
						
            
            <a class="navhash" href="#200">#</a>
						
              <code id="200">                    ^</code><br />
						
            
            <a class="navhash" href="#201">#</a>
						
              <code id="201">jbig85.c:444:6: error: 'struct jbg85_enc_state' has no member named 'data_out'</code><br />
						
            
            <a class="navhash" href="#202">#</a>
						
              <code id="202">     s->data_out(buf, 2, s->file);</code><br />
						
            
            <a class="navhash" href="#203">#</a>
						
              <code id="203">      ^</code><br />
						
            
            <a class="navhash" href="#204">#</a>
						
              <code id="204">In file included from tstcodec.c:14:0:</code><br />
						
            
            <a class="navhash" href="#205">#</a>
						
              <code id="205">jbig.h:10:20: error: no include path in which to search for stddef.h</code><br />
						
            
            <a class="navhash" href="#206">#</a>
						
              <code id="206"> #include <stddef.h></code><br />
						
            
            <a class="navhash" href="#207">#</a>
						
              <code id="207">                    ^</code><br />
						
            
            <a class="navhash" href="#208">#</a>
						
              <code id="208">jbig85.c: In function 'jbg85_enc_newlen':</code><br />
						
            
            <a class="navhash" href="#209">#</a>
						
              <code id="209">jbig85.c:518:8: error: 'struct jbg85_enc_state' has no member named 'data_out'</code><br />
						
            
            <a class="navhash" href="#210">#</a>
						
              <code id="210">       s->data_out(buf, 2, s->file);</code><br />
						
            
            <a class="navhash" href="#211">#</a>
						
              <code id="211">        ^</code><br />
						
            
            <a class="navhash" href="#212">#</a>
						
              <code id="212">In file included from tstcodec.c:14:0:</code><br />
						
            
            <a class="navhash" href="#213">#</a>
						<span class="error">
              <code id="213">jbig.h:121:42: error: unknown type name 'size_t'</code><br />
						</span>
            
            <a class="navhash" href="#214">#</a>
						
              <code id="214">   void (*data_out)(unsigned char *start, size_t len, void *file);</code><br />
						
            
            <a class="navhash" href="#215">#</a>
						
              <code id="215">                                          ^</code><br />
						
            
            <a class="navhash" href="#216">#</a>
						
              <code id="216">jbig85.c: In function 'jbg85_enc_abort':</code><br />
						
            
            <a class="navhash" href="#217">#</a>
						
              <code id="217">jbig85.c:536:4: error: 'struct jbg85_enc_state' has no member named 'data_out'</code><br />
						
            
            <a class="navhash" href="#218">#</a>
						
              <code id="218">   s->data_out(buf, 2, s->file);</code><br />
						
            
            <a class="navhash" href="#219">#</a>
						
              <code id="219">    ^</code><br />
						
            
            <a class="navhash" href="#220">#</a>
						
              <code id="220">jbig85.c: At top level:</code><br />
						
            
            <a class="navhash" href="#221">#</a>
						<span class="error">
              <code id="221">jbig85.c:558:27: error: unknown type name 'size_t'</code><br />
						</span>
            
            <a class="navhash" href="#222">#</a>
						
              <code id="222">       unsigned char *buf, size_t buflen,</code><br />
						
            
            <a class="navhash" href="#223">#</a>
						
              <code id="223">                           ^</code><br />
						
            
            <a class="navhash" href="#224">#</a>
						<span class="error">
              <code id="224">jbig85.c:560:31: error: unknown type name 'size_t'</code><br />
						</span>
            
            <a class="navhash" href="#225">#</a>
						
              <code id="225">         unsigned char *start, size_t len,</code><br />
						
            
            <a class="navhash" href="#226">#</a>
						
              <code id="226">                               ^</code><br />
						
            
            <a class="navhash" href="#227">#</a>
						<span class="error">
              <code id="227">jbig.h:196:44: error: unknown type name 'size_t'</code><br />
						</span>
            
            <a class="navhash" href="#228">#</a>
						
              <code id="228">     void (*data_out)(unsigned char *start, size_t len,</code><br />
						
            
            <a class="navhash" href="#229">#</a>
						
              <code id="229">                                            ^</code><br />
						
            
            <a class="navhash" href="#230">#</a>
						<span class="error">
              <code id="230">jbig85.c:562:7: error: expected ';', ',' or ')' before 'void'</code><br />
						</span>
            
            <a class="navhash" href="#231">#</a>
						
              <code id="231">       void *file)</code><br />
						
            
            <a class="navhash" href="#232">#</a>
						
              <code id="232">       ^</code><br />
						
            
            <a class="navhash" href="#233">#</a>
						<span class="error">
              <code id="233">jbig.h:198:5: error: expected ';', ',' or ')' before 'void'</code><br />
						</span>
            
            <a class="navhash" href="#234">#</a>
						
              <code id="234">     void *file);</code><br />
						
            
            <a class="navhash" href="#235">#</a>
						
              <code id="235">     ^</code><br />
						
            
            <a class="navhash" href="#236">#</a>
						<span class="error">
              <code id="236">jbig85.c:597:1: error: unknown type name 'size_t'</code><br />
						</span>
            
            <a class="navhash" href="#237">#</a>
						
              <code id="237"> static size_t decode_pscd(struct jbg85_dec_state *s, unsigned char *data,</code><br />
						
            
            <a class="navhash" href="#238">#</a>
						
              <code id="238"> ^</code><br />
						
            
            <a class="navhash" href="#239">#</a>
						<span class="error">
              <code id="239">jbig.h:211:63: error: unknown type name 'size_t'</code><br />
						</span>
            
            <a class="navhash" href="#240">#</a>
						
              <code id="240"> int  jbg_dec_in(struct jbg_dec_state *s, unsigned char *data, size_t len,</code><br />
						
            
            <a class="navhash" href="#241">#</a>
						
              <code id="241">                                                               ^</code><br />
						
            
            <a class="navhash" href="#242">#</a>
						<span class="error">
              <code id="242">jbig85.c:598:6: error: unknown type name 'size_t'</code><br />
						</span>
            
            <a class="navhash" href="#243">#</a>
						
              <code id="243">      size_t len)</code><br />
						
            
            <a class="navhash" href="#244">#</a>
						
              <code id="244">      ^</code><br />
						
            
            <a class="navhash" href="#245">#</a>
						<span class="error">
              <code id="245">jbig.h:212:3: error: unknown type name 'size_t'</code><br />
						</span>
            
            <a class="navhash" href="#246">#</a>
						
              <code id="246">   size_t *cnt);</code><br />
						
            
            <a class="navhash" href="#247">#</a>
						
              <code id="247">   ^</code><br />
						
            
            <a class="navhash" href="#248">#</a>
						<span class="error">
              <code id="248">jbig.h:218:45: error: unknown type name 'size_t'</code><br />
						</span>
            
            <a class="navhash" href="#249">#</a>
						
              <code id="249">      void (*data_out)(unsigned char *start, size_t len,</code><br />
						
            
            <a class="navhash" href="#250">#</a>
						
              <code id="250">                                             ^</code><br />
						
            
            <a class="navhash" href="#251">#</a>
						<span class="error">
              <code id="251">jbig.h:219:22: error: expected ';', ',' or ')' before 'void'</code><br />
						</span>
            
            <a class="navhash" href="#252">#</a>
						
              <code id="252">         void *file), void *file);</code><br />
						
            
            <a class="navhash" href="#253">#</a>
						
              <code id="253">                      ^</code><br />
						
            
            <a class="navhash" href="#254">#</a>
						<span class="error">
              <code id="254">jbig.h:231:36: error: unknown type name 'size_t'</code><br />
						</span>
            
            <a class="navhash" href="#255">#</a>
						
              <code id="255"> int jbg_newlen(unsigned char *bie, size_t len);</code><br />
						
            
            <a class="navhash" href="#256">#</a>
						
              <code id="256">                                    ^</code><br />
						
            
            <a class="navhash" href="#257">#</a>
						<span class="error">
              <code id="257">tstcodec.c:28:28: error: unknown type name 'size_t'</code><br />
						</span>
            
            <a class="navhash" href="#258">#</a>
						
              <code id="258"> static void *checkedmalloc(size_t n)</code><br />
						
            
            <a class="navhash" href="#259">#</a>
						
              <code id="259">                            ^</code><br />
						
            
            <a class="navhash" href="#260">#</a>
						<span class="error">
              <code id="260">jbig85.c:837:66: error: unknown type name 'size_t'</code><br />
						</span>
            
            <a class="navhash" href="#261">#</a>
						
              <code id="261"> int jbg85_dec_in(struct jbg85_dec_state *s, unsigned char *data, size_t len,</code><br />
						
            
            <a class="navhash" href="#262">#</a>
						
              <code id="262">                                                                  ^</code><br />
						
            
            <a class="navhash" href="#263">#</a>
						<span class="error">
              <code id="263">tstcodec.c:49:50: error: unknown type name 'size_t'</code><br />
						</span>
            
            <a class="navhash" href="#264">#</a>
						
              <code id="264"> static void testbuf_writel(unsigned char *start, size_t len, void *dummy)</code><br />
						
            
            <a class="navhash" href="#265">#</a>
						
              <code id="265">                                                  ^</code><br />
						
            
            <a class="navhash" href="#266">#</a>
						<span class="error">
              <code id="266">jbig85.c:838:4: error: unknown type name 'size_t'</code><br />
						</span>
            
            <a class="navhash" href="#267">#</a>
						
              <code id="267">    size_t *cnt)</code><br />
						
            
            <a class="navhash" href="#268">#</a>
						
              <code id="268">    ^</code><br />
						
            
            <a class="navhash" href="#269">#</a>
						
              <code id="269">tstcodec.c: In function 'testimage':</code><br />
						
            
            <a class="navhash" href="#270">#</a>
						
              <code id="270">tstcodec.c:86:3: warning: incompatible implicit declaration of built-in function 'memset' [enabled by default]</code><br />
						
            
            <a class="navhash" href="#271">#</a>
						
              <code id="271">   memset(pic, 0, TESTPIC_SIZE);</code><br />
						
            
            <a class="navhash" href="#272">#</a>
						
              <code id="272">   ^</code><br />
						
            
            <a class="navhash" href="#273">#</a>
						
              <code id="273">jbig85.c: In function 'jbg85_dec_end':</code><br />
						
            
            <a class="navhash" href="#274">#</a>
						
              <code id="274">tstcodec.c:116:5: warning: incompatible implicit declaration of built-in function 'printf' [enabled by default]</code><br />
						
            
            <a class="navhash" href="#275">#</a>
						
              <code id="275">     printf("WARNING: Artificial test image has %lu (not 861965) "</code><br />
						
            
            <a class="navhash" href="#276">#</a>
						
              <code id="276">     ^</code><br />
						
            
            <a class="navhash" href="#277">#</a>
						
              <code id="277">jbig85.c:1090:26: error: 'NULL' undeclared (first use in this function)</code><br />
						
            
            <a class="navhash" href="#278">#</a>
						
              <code id="278">   return jbg85_dec_in(s, NULL, 0, NULL);</code><br />
						
            
            <a class="navhash" href="#279">#</a>
						
              <code id="279">                          ^</code><br />
						
            
            <a class="navhash" href="#280">#</a>
						
              <code id="280">tstcodec.c: In function 'test_cycle':</code><br />
						
            
            <a class="navhash" href="#281">#</a>
						<span class="error">
              <code id="281">tstcodec.c:138:3: error: unknown type name 'size_t'</code><br />
						</span>
            
            <a class="navhash" href="#282">#</a>
						
              <code id="282">   size_t plane_size;</code><br />
						
            
            <a class="navhash" href="#283">#</a>
						
              <code id="283">   ^</code><br />
						
            
            <a class="navhash" href="#284">#</a>
						
              <code id="284">tstcodec.c:146:5: warning: incompatible implicit declaration of built-in function 'memcpy' [enabled by default]</code><br />
						
            
            <a class="navhash" href="#285">#</a>
						
              <code id="285">     memcpy(image[i], orig_image[i], plane_size);</code><br />
						
            
            <a class="navhash" href="#286">#</a>
						
              <code id="286">     ^</code><br />
						
            
            <a class="navhash" href="#287">#</a>
						
              <code id="287">tstcodec.c:149:3: warning: incompatible implicit declaration of built-in function 'printf' [enabled by default]</code><br />
						
            
            <a class="navhash" href="#288">#</a>
						
              <code id="288">   printf("\nTest %s.1: Encoding ...\n", test_id);</code><br />
						
            
            <a class="navhash" href="#289">#</a>
						
              <code id="289">   ^</code><br />
						
            
            <a class="navhash" href="#290">#</a>
						
              <code id="290">tstcodec.c:151:52: error: 'testbuf_writel' undeclared (first use in this function)</code><br />
						
            
            <a class="navhash" href="#291">#</a>
						
              <code id="291">   jbg_enc_init(&sje, width, height, planes, image, testbuf_writel, NULL);</code><br />
						
            
            <a class="navhash" href="#292">#</a>
						
              <code id="292">                                                    ^</code><br />
						
            
            <a class="navhash" href="#293">#</a>
						
              <code id="293">tstcodec.c:151:52: note: each undeclared identifier is reported only once for each function it appears in</code><br />
						
            
            <a class="navhash" href="#294">#</a>
						
              <code id="294">tstcodec.c:151:68: error: 'NULL' undeclared (first use in this function)</code><br />
						
            
            <a class="navhash" href="#295">#</a>
						
              <code id="295">   jbg_enc_init(&sje, width, height, planes, image, testbuf_writel, NULL);</code><br />
						
            
            <a class="navhash" href="#296">#</a>
						
              <code id="296">                                                                    ^</code><br />
						
            
            <a class="navhash" href="#297">#</a>
						
              <code id="297">tstcodec.c:157:5: warning: incompatible implicit declaration of built-in function 'free' [enabled by default]</code><br />
						
            
            <a class="navhash" href="#298">#</a>
						
              <code id="298">     free(image[i]);</code><br />
						
            
            <a class="navhash" href="#299">#</a>
						
              <code id="299">     ^</code><br />
						
            
            <a class="navhash" href="#300">#</a>
						
              <code id="300">tstcodec.c: In function 'main':</code><br />
						
            
            <a class="navhash" href="#301">#</a>
						<span class="error">
              <code id="301">tstcodec.c:241:3: error: unknown type name 'size_t'</code><br />
						</span>
            
            <a class="navhash" href="#302">#</a>
						
              <code id="302">   size_t st;</code><br />
						
            
            <a class="navhash" href="#303">#</a>
						
              <code id="303">   ^</code><br />
						
            
            <a class="navhash" href="#304">#</a>
						
              <code id="304">tstcodec.c:312:3: warning: incompatible implicit declaration of built-in function 'printf' [enabled by default]</code><br />
						
            
            <a class="navhash" href="#305">#</a>
						
              <code id="305">   printf("\nAutomatic JBIG Compatibility Test Suite\n"</code><br />
						
            
            <a class="navhash" href="#306">#</a>
						
              <code id="306">   ^</code><br />
						
            
            <a class="navhash" href="#307">#</a>
						
              <code id="307">tstcodec.c:340:5: warning: incompatible implicit declaration of built-in function 'exit' [enabled by default]</code><br />
						
            
            <a class="navhash" href="#308">#</a>
						
              <code id="308">     exit(1);</code><br />
						
            
            <a class="navhash" href="#309">#</a>
						
              <code id="309">     ^</code><br />
						
            
            <a class="navhash" href="#310">#</a>
						<span class="error">
              <code id="310">tstcodec.c:346:5: error: unknown type name 'FILE'</code><br />
						</span>
            
            <a class="navhash" href="#311">#</a>
						
              <code id="311">     FILE *f;</code><br />
						
            
            <a class="navhash" href="#312">#</a>
						
              <code id="312">     ^</code><br />
						
            
            <a class="navhash" href="#313">#</a>
						
              <code id="313">tstcodec.c:353:7: warning: assignment makes pointer from integer without a cast [enabled by default]</code><br />
						
            
            <a class="navhash" href="#314">#</a>
						
              <code id="314">     f = fopen(argv[1], "wb");</code><br />
						
            
            <a class="navhash" href="#315">#</a>
						
              <code id="315">       ^</code><br />
						
            
            <a class="navhash" href="#316">#</a>
						
              <code id="316">make[1]: *** [<builtin>: jbig_ar.o] Error 1</code><br />
						
            
            <a class="navhash" href="#317">#</a>
						
              <code id="317">make[1]: *** Waiting for unfinished jobs....</code><br />
						
            
            <a class="navhash" href="#318">#</a>
						
              <code id="318">tstcodec.c:354:13: warning: incompatible implicit declaration of built-in function 'abort' [enabled by default]</code><br />
						
            
            <a class="navhash" href="#319">#</a>
						
              <code id="319">     if (!f) abort();</code><br />
						
            
            <a class="navhash" href="#320">#</a>
						
              <code id="320">             ^</code><br />
						
            
            <a class="navhash" href="#321">#</a>
						
              <code id="321">tstcodec.c:355:5: warning: incompatible implicit declaration of built-in function 'fprintf' [enabled by default]</code><br />
						
            
            <a class="navhash" href="#322">#</a>
						
              <code id="322">     fprintf(f, "P4\n");</code><br />
						
            
            <a class="navhash" href="#323">#</a>
						
              <code id="323">     ^</code><br />
						
            
            <a class="navhash" href="#324">#</a>
						
              <code id="324">tstcodec.c:360:5: warning: incompatible implicit declaration of built-in function 'fwrite' [enabled by default]</code><br />
						
            
            <a class="navhash" href="#325">#</a>
						
              <code id="325">     fwrite(testpic, 1, TESTPIC_SIZE, f);</code><br />
						
            
            <a class="navhash" href="#326">#</a>
						
              <code id="326">     ^</code><br />
						
            
            <a class="navhash" href="#327">#</a>
						
              <code id="327">tstcodec.c:362:5: warning: incompatible implicit declaration of built-in function 'exit' [enabled by default]</code><br />
						
            
            <a class="navhash" href="#328">#</a>
						
              <code id="328">     exit(0);</code><br />
						
            
            <a class="navhash" href="#329">#</a>
						
              <code id="329">     ^</code><br />
						
            
            <a class="navhash" href="#330">#</a>
						
              <code id="330">tstcodec.c:531:7: warning: incompatible implicit declaration of built-in function 'sprintf' [enabled by default]</code><br />
						
            
            <a class="navhash" href="#331">#</a>
						
              <code id="331">       sprintf(test, "5.%ld", ++i);</code><br />
						
            
            <a class="navhash" href="#332">#</a>
						
              <code id="332">       ^</code><br />
						
            
            <a class="navhash" href="#333">#</a>
						
              <code id="333">make[1]: *** [<builtin>: jbig85.o] Error 1</code><br />
						
            
            <a class="navhash" href="#334">#</a>
						
              <code id="334">make[1]: *** [<builtin>: tstcodec.o] Error 1</code><br />
						
            
            <a class="navhash" href="#335">#</a>
						<span class="error">
              <code id="335">jbig.c:771:58: error: unknown type name 'size_t'</code><br />
						</span>
            
            <a class="navhash" href="#336">#</a>
						
              <code id="336">                   void (*data_out)(unsigned char *start, size_t len,</code><br />
						
            
            <a class="navhash" href="#337">#</a>
						
              <code id="337">                                                          ^</code><br />
						
            
            <a class="navhash" href="#338">#</a>
						<span class="error">
              <code id="338">jbig.c:773:5: error: expected ';', ',' or ')' before 'void'</code><br />
						</span>
            
            <a class="navhash" href="#339">#</a>
						
              <code id="339">     void *file)</code><br />
						
            
            <a class="navhash" href="#340">#</a>
						
              <code id="340">     ^</code><br />
						
            
            <a class="navhash" href="#341">#</a>
						
              <code id="341">jbig.c: In function 'encode_sde':</code><br />
						
            
            <a class="navhash" href="#342">#</a>
						
              <code id="342">jbig.c:1325:8: error: 'ptrdiff_t' undeclared (first use in this function)</code><br />
						
            
            <a class="navhash" href="#343">#</a>
						
              <code id="343">    == (ptrdiff_t) j >> 3);</code><br />
						
            
            <a class="navhash" href="#344">#</a>
						
              <code id="344">        ^</code><br />
						
            
            <a class="navhash" href="#345">#</a>
						<span class="error">
              <code id="345">jbig.c:1325:19: error: expected ')' before 'j'</code><br />
						</span>
            
            <a class="navhash" href="#346">#</a>
						
              <code id="346">    == (ptrdiff_t) j >> 3);</code><br />
						
            
            <a class="navhash" href="#347">#</a>
						
              <code id="347">                   ^</code><br />
						
            
            <a class="navhash" href="#348">#</a>
						<span class="error">
              <code id="348">jbig.c:1329:19: error: expected ')' before 'j'</code><br />
						</span>
            
            <a class="navhash" href="#349">#</a>
						
              <code id="349">    == (ptrdiff_t) j >> 4);</code><br />
						
            
            <a class="navhash" href="#350">#</a>
						
              <code id="350">                   ^</code><br />
						
            
            <a class="navhash" href="#351">#</a>
						
              <code id="351">jbig.c: In function 'output_sde':</code><br />
						
            
            <a class="navhash" href="#352">#</a>
						
              <code id="352">jbig.c:1653:52: error: 'struct jbg_enc_state' has no member named 'data_out'</code><br />
						
            
            <a class="navhash" href="#353">#</a>
						
              <code id="353">     jbg_buf_output(&s->sde[stripe][layer][plane], s->data_out, s->file);</code><br />
						
            
            <a class="navhash" href="#354">#</a>
						
              <code id="354">                                                    ^</code><br />
						
            
            <a class="navhash" href="#355">#</a>
						
              <code id="355">jbig.c:1688:50: error: 'struct jbg_enc_state' has no member named 'data_out'</code><br />
						
            
            <a class="navhash" href="#356">#</a>
						
              <code id="356">   jbg_buf_output(&s->sde[stripe][layer][plane], s->data_out, s->file);</code><br />
						
            
            <a class="navhash" href="#357">#</a>
						
              <code id="357">                                                  ^</code><br />
						
            
            <a class="navhash" href="#358">#</a>
						
              <code id="358">jbig.c: In function 'jbg_enc_out':</code><br />
						
            
            <a class="navhash" href="#359">#</a>
						
              <code id="359">jbig.c:1864:17: error: 'NULL' undeclared (first use in this function)</code><br />
						
            
            <a class="navhash" href="#360">#</a>
						
              <code id="360">   if (s->sde == NULL) {</code><br />
						
            
            <a class="navhash" href="#361">#</a>
						
              <code id="361">                 ^</code><br />
						
            
            <a class="navhash" href="#362">#</a>
						
              <code id="362">jbig.c:1880:4: error: 'struct jbg_enc_state' has no member named 'data_out'</code><br />
						
            
            <a class="navhash" href="#363">#</a>
						
              <code id="363">   s->data_out(buf, 20, s->file);</code><br />
						
            
            <a class="navhash" href="#364">#</a>
						
              <code id="364">    ^</code><br />
						
            
            <a class="navhash" href="#365">#</a>
						
              <code id="365">jbig.c:1885:6: error: 'struct jbg_enc_state' has no member named 'data_out'</code><br />
						
            
            <a class="navhash" href="#366">#</a>
						
              <code id="366">     s->data_out(dpbuf, 1728, s->file);</code><br />
						
            
            <a class="navhash" href="#367">#</a>
						
              <code id="367">      ^</code><br />
						
            
            <a class="navhash" href="#368">#</a>
						
              <code id="368">jbig.c:1937:5: error: 'struct jbg_enc_state' has no member named 'data_out'</code><br />
						
            
            <a class="navhash" href="#369">#</a>
						
              <code id="369">    s->data_out(buf, 6, s->file);</code><br />
						
            
            <a class="navhash" href="#370">#</a>
						
              <code id="370">     ^</code><br />
						
            
            <a class="navhash" href="#371">#</a>
						
              <code id="371">jbig.c:1938:5: error: 'struct jbg_enc_state' has no member named 'data_out'</code><br />
						
            
            <a class="navhash" href="#372">#</a>
						
              <code id="372">    s->data_out(s->comment, s->comment_len, s->file);</code><br />
						
            
            <a class="navhash" href="#373">#</a>
						
              <code id="373">     ^</code><br />
						
            
            <a class="navhash" href="#374">#</a>
						
              <code id="374">jbig.c:1962:5: error: 'struct jbg_enc_state' has no member named 'data_out'</code><br />
						
            
            <a class="navhash" href="#375">#</a>
						
              <code id="375">    s->data_out(buf, 6, s->file);</code><br />
						
            
            <a class="navhash" href="#376">#</a>
						
              <code id="376">     ^</code><br />
						
            
            <a class="navhash" href="#377">#</a>
						
              <code id="377">jbig.c:1968:7: error: 'struct jbg_enc_state' has no member named 'data_out'</code><br />
						
            
            <a class="navhash" href="#378">#</a>
						
              <code id="378">      s->data_out(buf, 2, s->file);</code><br />
						
            
            <a class="navhash" href="#379">#</a>
						
              <code id="379">       ^</code><br />
						
            
            <a class="navhash" href="#380">#</a>
						
              <code id="380">jbig.c: In function 'jbg_dec_init':</code><br />
						
            
            <a class="navhash" href="#381">#</a>
						
              <code id="381">jbig.c:2050:15: error: 'NULL' undeclared (first use in this function)</code><br />
						
            
            <a class="navhash" href="#382">#</a>
						
              <code id="382">   s->dppriv = NULL;</code><br />
						
            
            <a class="navhash" href="#383">#</a>
						
              <code id="383">               ^</code><br />
						
            
            <a class="navhash" href="#384">#</a>
						
              <code id="384">jbig.c: At top level:</code><br />
						
            
            <a class="navhash" href="#385">#</a>
						<span class="error">
              <code id="385">jbig.c:2084:1: error: unknown type name 'size_t'</code><br />
						</span>
            
            <a class="navhash" href="#386">#</a>
						
              <code id="386"> static size_t decode_pscd(struct jbg_dec_state *s, unsigned char *data,</code><br />
						
            
            <a class="navhash" href="#387">#</a>
						
              <code id="387"> ^</code><br />
						
            
            <a class="navhash" href="#388">#</a>
						<span class="error">
              <code id="388">jbig.c:2085:6: error: unknown type name 'size_t'</code><br />
						</span>
            
            <a class="navhash" href="#389">#</a>
						
              <code id="389">      size_t len)</code><br />
						
            
            <a class="navhash" href="#390">#</a>
						
              <code id="390">      ^</code><br />
						
            
            <a class="navhash" href="#391">#</a>
						<span class="error">
              <code id="391">jbig.c:2567:62: error: unknown type name 'size_t'</code><br />
						</span>
            
            <a class="navhash" href="#392">#</a>
						
              <code id="392"> int jbg_dec_in(struct jbg_dec_state *s, unsigned char *data, size_t len,</code><br />
						
            
            <a class="navhash" href="#393">#</a>
						
              <code id="393">                                                              ^</code><br />
						
            
            <a class="navhash" href="#394">#</a>
						<span class="error">
              <code id="394">jbig.c:2568:9: error: unknown type name 'size_t'</code><br />
						</span>
            
            <a class="navhash" href="#395">#</a>
						
              <code id="395">         size_t *cnt)</code><br />
						
            
            <a class="navhash" href="#396">#</a>
						
              <code id="396">         ^</code><br />
						
            
            <a class="navhash" href="#397">#</a>
						
              <code id="397">jbig.c: In function 'jbg_dec_getimage':</code><br />
						
            
            <a class="navhash" href="#398">#</a>
						
              <code id="398">jbig.c:2946:12: error: 'NULL' undeclared (first use in this function)</code><br />
						
            
            <a class="navhash" href="#399">#</a>
						
              <code id="399">     return NULL;</code><br />
						
            
            <a class="navhash" href="#400">#</a>
						
              <code id="400">            ^</code><br />
						
            
            <a class="navhash" href="#401">#</a>
						
              <code id="401">jbig.c: In function 'jbg_dec_free':</code><br />
						
            
            <a class="navhash" href="#402">#</a>
						
              <code id="402">jbig.c:3011:27: error: 'NULL' undeclared (first use in this function)</code><br />
						
            
            <a class="navhash" href="#403">#</a>
						
              <code id="403">   if (s->d < 0 || s->s == NULL)</code><br />
						
            
            <a class="navhash" href="#404">#</a>
						
              <code id="404">                           ^</code><br />
						
            
            <a class="navhash" href="#405">#</a>
						
              <code id="405">jbig.c: In function 'jbg_split_planes':</code><br />
						
            
            <a class="navhash" href="#406">#</a>
						
              <code id="406">jbig.c:3068:5: warning: incompatible implicit declaration of built-in function 'memset' [enabled by default]</code><br />
						
            
            <a class="navhash" href="#407">#</a>
						
              <code id="407">     memset(dest[p], 0, bpl * y);</code><br />
						
            
            <a class="navhash" href="#408">#</a>
						
              <code id="408">     ^</code><br />
						
            
            <a class="navhash" href="#409">#</a>
						
              <code id="409">jbig.c: At top level:</code><br />
						
            
            <a class="navhash" href="#410">#</a>
						<span class="error">
              <code id="410">jbig.c:3111:45: error: unknown type name 'size_t'</code><br />
						</span>
            
            <a class="navhash" href="#411">#</a>
						
              <code id="411">      void (*data_out)(unsigned char *start, size_t len,</code><br />
						
            
            <a class="navhash" href="#412">#</a>
						
              <code id="412">                                             ^</code><br />
						
            
            <a class="navhash" href="#413">#</a>
						<span class="error">
              <code id="413">jbig.c:3112:22: error: expected ';', ',' or ')' before 'void'</code><br />
						</span>
            
            <a class="navhash" href="#414">#</a>
						
              <code id="414">         void *file), void *file)</code><br />
						
            
            <a class="navhash" href="#415">#</a>
						
              <code id="415">                      ^</code><br />
						
            
            <a class="navhash" href="#416">#</a>
						<span class="error">
              <code id="416">jbig.c:3180:50: error: unknown type name 'size_t'</code><br />
						</span>
            
            <a class="navhash" href="#417">#</a>
						
              <code id="417"> unsigned char *jbg_next_pscdms(unsigned char *p, size_t len)</code><br />
						
            
            <a class="navhash" href="#418">#</a>
						
              <code id="418">                                                  ^</code><br />
						
            
            <a class="navhash" href="#419">#</a>
						<span class="error">
              <code id="419">jbig.c:3250:36: error: unknown type name 'size_t'</code><br />
						</span>
            
            <a class="navhash" href="#420">#</a>
						
              <code id="420"> int jbg_newlen(unsigned char *bie, size_t len)</code><br />
						
            
            <a class="navhash" href="#421">#</a>
						
              <code id="421">                                    ^</code><br />
						
            
            <a class="navhash" href="#422">#</a>
						
              <code id="422">make[1]: *** [<builtin>: jbig.o] Error 1</code><br />
						
            
            <a class="navhash" href="#423">#</a>
						
              <code id="423">make[1]: Leaving directory '/tmp/jbigkit/src/jbigkit-2.1/libjbig'</code><br />
						
            
            <a class="navhash" href="#424">#</a>
						
              <code id="424">make: *** [Makefile:18: lib] Error 2</code><br />
						
            
            <a class="navhash" href="#425">#</a>
						
              <code id="425">==> ERROR: A failure occurred in build().</code><br />
						
            
            <a class="navhash" href="#426">#</a>
						
              <code id="426">    Aborting...</code><br />
						
            
          </div>
        
      </div>
      <br />
    
  </body>
</html>