<!DOCTYPE html>
<html>
<!-- Jinja template for reports of individual builds

  Copyright 2016 Kareem Khazem. All Rights Reserved.
  Licensed under the Apache License, Version 2.0 (the "License");
  you may not use this file except in compliance with the License.
  You may obtain a copy of the License at

 		 http://www.apache.org/licenses/LICENSE-2.0

  Unless required by applicable law or agreed to in writing, software
  distributed under the License is distributed on an "AS IS" BASIS,
  WITHOUT WARRANTIES OR CONDITIONS OF ANY KIND, either express or
  implied.
  See the License for the specific language governing permissions and
  limitations under the License.
-->
  <head>
    <meta charset="UTF-8">
    <title>android/libnatpmp</title>
    <link href='https://fonts.googleapis.com/css?family=Roboto:400,900'
          rel='stylesheet' type='text/css'>
    <link
    href='https://fonts.googleapis.com/css?family=Source+Code+Pro:400,700'
          rel='stylesheet' type='text/css'>
    <link href="../style.css" type="text/css" rel="stylesheet">
  </head>
  <body>
    <h1>Build of libnatpmp
        with <a href="../index.html">android</a>
        toolchain</h1>
    <p>The build took 00h 00m 59s and was
    NOT successful.</p>
    <p>
    The program in this build is written in the following languages,
    according to <a
    href="http://www.dwheeler.com/sloccount/">sloccount</a>:
    </p>
    <table>
      <tr><th>SLOC</th><th>Language</th></tr>
      
      <tr><td class="loc"><code>1,321</code></td>
          <td class="lang">ansic</td></tr>
      <tr><td class="loc"><code>312</code></td>
          <td class="lang">java</td></tr>
      <tr><td class="loc"><code>134</code></td>
          <td class="lang">makefile</td></tr>
      <tr><td class="loc"><code>23</code></td>
          <td class="lang">python</td></tr>
      <tr><td><code>1,790</code></td>
          <td><em>total</em></td></tr>
    </table>
    <p>
      The process tree of the build process is <a
      href="libnatpmp-tree.html">here</a>.
    </p>
    
    
    
    
    
    <h2>List of Errors</h2>
    <ul>
      
      <li>unknown_type
        <ul>
          
          <li><a href="#64">natpmp.h:58:2: error: unknown type name 'in_addr_t'</a></li>
          
          <li><a href="#70">natpmp.h:67:2: error: unknown type name 'uint16_t'</a></li>
          
          <li><a href="#73">natpmp.h:68:2: error: unknown type name 'uint16_t'</a></li>
          
          <li><a href="#76">natpmp.h:69:2: error: unknown type name 'uint32_t'</a></li>
          
          <li><a href="#82">natpmp.h:76:4: error: unknown type name 'uint16_t'</a></li>
          
          <li><a href="#85">natpmp.h:77:4: error: unknown type name 'uint16_t'</a></li>
          
          <li><a href="#88">natpmp.h:78:4: error: unknown type name 'uint32_t'</a></li>
          
          <li><a href="#91">natpmp.h:146:51: error: unknown type name 'in_addr_t'</a></li>
          
          <li><a href="#95">natpmp.h:177:31: error: unknown type name 'uint16_t'</a></li>
          
          <li><a href="#98">natpmp.h:177:53: error: unknown type name 'uint16_t'</a></li>
          
          <li><a href="#104">natpmp.h:178:10: error: unknown type name 'uint32_t'</a></li>
          
          <li><a href="#114">getgateway.h:47:31: error: unknown type name 'in_addr_t'</a></li>
          
          <li><a href="#121">getgateway.h:47:31: error: unknown type name 'in_addr_t'</a></li>
          
          <li><a href="#124">natpmp.c:58:51: error: unknown type name 'in_addr_t'</a></li>
          
          <li><a href="#192">natpmp.c:172:31: error: unknown type name 'uint16_t'</a></li>
          
          <li><a href="#195">natpmp.c:172:53: error: unknown type name 'uint16_t'</a></li>
          
          <li><a href="#198">natpmp.c:173:10: error: unknown type name 'uint32_t'</a></li>
          
          <li><a href="#205">natpmp.c:203:2: error: unknown type name 'socklen_t'</a></li>
          
          <li><a href="#285">getgateway.h:47:31: error: unknown type name 'in_addr_t'</a></li>
          
          <li><a href="#288">getgateway.c:149:23: error: unknown type name 'in_addr_t'</a></li>
          
          <li><a href="#323">natpmp.h:58:2: error: unknown type name 'in_addr_t'</a></li>
          
          <li><a href="#329">natpmp.h:67:2: error: unknown type name 'uint16_t'</a></li>
          
          <li><a href="#332">natpmp.h:68:2: error: unknown type name 'uint16_t'</a></li>
          
          <li><a href="#335">natpmp.h:69:2: error: unknown type name 'uint32_t'</a></li>
          
          <li><a href="#341">natpmp.h:76:4: error: unknown type name 'uint16_t'</a></li>
          
          <li><a href="#344">natpmp.h:77:4: error: unknown type name 'uint16_t'</a></li>
          
          <li><a href="#347">natpmp.h:78:4: error: unknown type name 'uint32_t'</a></li>
          
          <li><a href="#350">natpmp.h:146:51: error: unknown type name 'in_addr_t'</a></li>
          
          <li><a href="#353">natpmp.h:177:31: error: unknown type name 'uint16_t'</a></li>
          
          <li><a href="#356">natpmp.h:177:53: error: unknown type name 'uint16_t'</a></li>
          
          <li><a href="#359">natpmp.h:178:10: error: unknown type name 'uint32_t'</a></li>
          
          <li><a href="#362">natpmpc.c:49:12: error: unknown type name 'FILE'</a></li>
          
          <li><a href="#369">natpmpc.c:73:2: error: unknown type name 'fd_set'</a></li>
          
          <li><a href="#372">natpmpc.c:76:2: error: unknown type name 'uint16_t'</a></li>
          
          <li><a href="#375">natpmpc.c:77:2: error: unknown type name 'uint16_t'</a></li>
          
          <li><a href="#378">natpmpc.c:78:2: error: unknown type name 'uint32_t'</a></li>
          
          <li><a href="#381">natpmpc.c:81:2: error: unknown type name 'in_addr_t'</a></li>
          
        </ul>
      </li>
      
      <li>parse_error
        <ul>
          
          <li><a href="#228">natpmp.c:229:45: error: expected expression before ')' token</a></li>
          
          <li><a href="#237">natpmp.c:230:40: error: expected expression before ')' token</a></li>
          
          <li><a href="#240">natpmp.c:259:60: error: expected expression before ')' token</a></li>
          
          <li><a href="#243">natpmp.c:261:67: error: expected expression before ')' token</a></li>
          
          <li><a href="#246">natpmp.c:262:72: error: expected expression before ')' token</a></li>
          
          <li><a href="#249">natpmp.c:263:64: error: expected expression before ')' token</a></li>
          
          <li><a href="#265">natpmp.c:283:38: error: expected expression before '>=' token</a></li>
          
        </ul>
      </li>
      
    </ul>
    
    
    <h2>Log</h2>
    <p>
    To avoid scrolling, you may jump to the <a
    href="#491">last line</a> of the
    invocation of <code>makepkg</code> that was used to build this
    package.
    </p>
    
    
      <div class="block">
        <div class="info">
          <code>Removed vanilla repositories from pacman.conf and added:</code>
        </div>
        
          <div class="output">
            
            <a class="navhash" href="#1">#</a>
						
              <code id="1">[tuscan]</code><br />
						
            
            <a class="navhash" href="#2">#</a>
						
              <code id="2">Server = file:///var/cache/pacman/pkg/</code><br />
						
            
          </div>
        
      </div>
      <br />
    
      <div class="block">
        <div class="command">
          <code><span class="prompt">CMD: </span>pacman -Syy --noconfirm</code>
        </div>
        
          <div class="output">
            
            <a class="navhash" href="#3">#</a>
						
              <code id="3">:: Synchronizing package databases...</code><br />
						
            
            <a class="navhash" href="#4">#</a>
						
              <code id="4">downloading tuscan.db...</code><br />
						
            
          </div>
        
      </div>
      <br />
    
      <div class="block">
        <div class="info">
          <code>Copied permanent toolchain into container-local sysroot</code>
        </div>
        
          <div class="output">
            
            <a class="navhash" href="#5">#</a>
						
              <code id="5">/toolchain_root/arm-linux-androideabi  -->  /sysroot/arm-linux-androideabi</code><br />
						
            
            <a class="navhash" href="#6">#</a>
						
              <code id="6">/toolchain_root/COPYING3.LIB  -->  /sysroot/COPYING3.LIB</code><br />
						
            
            <a class="navhash" href="#7">#</a>
						
              <code id="7">/toolchain_root/sysroot  -->  /sysroot/sysroot</code><br />
						
            
            <a class="navhash" href="#8">#</a>
						
              <code id="8">/toolchain_root/COPYING.RUNTIME  -->  /sysroot/COPYING.RUNTIME</code><br />
						
            
            <a class="navhash" href="#9">#</a>
						
              <code id="9">/toolchain_root/lib  -->  /sysroot/lib</code><br />
						
            
            <a class="navhash" href="#10">#</a>
						
              <code id="10">/toolchain_root/SOURCES  -->  /sysroot/SOURCES</code><br />
						
            
            <a class="navhash" href="#11">#</a>
						
              <code id="11">/toolchain_root/lib64  -->  /sysroot/lib64</code><br />
						
            
            <a class="navhash" href="#12">#</a>
						
              <code id="12">/toolchain_root/share  -->  /sysroot/share</code><br />
						
            
            <a class="navhash" href="#13">#</a>
						
              <code id="13">/toolchain_root/bin  -->  /sysroot/bin</code><br />
						
            
            <a class="navhash" href="#14">#</a>
						
              <code id="14">/toolchain_root/COPYING  -->  /sysroot/COPYING</code><br />
						
            
            <a class="navhash" href="#15">#</a>
						
              <code id="15">/toolchain_root/COPYING3  -->  /sysroot/COPYING3</code><br />
						
            
            <a class="navhash" href="#16">#</a>
						
              <code id="16">/toolchain_root/COPYING.LIB  -->  /sysroot/COPYING.LIB</code><br />
						
            
            <a class="navhash" href="#17">#</a>
						
              <code id="17">/toolchain_root/include  -->  /sysroot/include</code><br />
						
            
            <a class="navhash" href="#18">#</a>
						
              <code id="18">/toolchain_root/libexec  -->  /sysroot/libexec</code><br />
						
            
          </div>
        
      </div>
      <br />
    
      <div class="block">
        <div class="command">
          <code><span class="prompt">CMD: </span>sudo -u tuscan PATH=/sysroot/bin:/sysroot/libexec/gcc/arm-linux-androideabi/4.8:/usr/local/sbin:/usr/local/bin:/usr/sbin:/usr/bin:/sbin:/bin CC=arm-linux-androideabi-gcc CXX=arm-linux-androideabi-g++ red makepkg --noextract --syncdeps --skipinteg --skippgpcheck --skipchecksums --noconfirm --nocolor --log --noprogressbar --nocheck</code>
        </div>
        
          <div class="output">
            
            <a class="navhash" href="#19">#</a>
						
              <code id="19">==> Making package: libnatpmp 20140401-2 (Tue Apr  4 20:07:26 UTC 2017)</code><br />
						
            
            <a class="navhash" href="#20">#</a>
						
              <code id="20">==> Checking runtime dependencies...</code><br />
						
            
            <a class="navhash" href="#21">#</a>
						
              <code id="21">==> Checking buildtime dependencies...</code><br />
						
            
            <a class="navhash" href="#22">#</a>
						
              <code id="22">==> WARNING: Using existing $srcdir/ tree</code><br />
						
            
            <a class="navhash" href="#23">#</a>
						
              <code id="23">==> Starting build()...</code><br />
						
            
            <a class="navhash" href="#24">#</a>
						
              <code id="24">gcc  -fPIC -Wall -DENABLE_STRNATPMPERR   -c -o natpmp.o natpmp.c</code><br />
						
            
            <a class="navhash" href="#25">#</a>
						
              <code id="25">gcc  -fPIC -Wall -DENABLE_STRNATPMPERR   -c -o getgateway.o getgateway.c</code><br />
						
            
            <a class="navhash" href="#26">#</a>
						
              <code id="26">gcc  -fPIC -Wall -DENABLE_STRNATPMPERR   -c -o testgetgateway.o testgetgateway.c</code><br />
						
            
            <a class="navhash" href="#27">#</a>
						
              <code id="27">gcc  -fPIC -Wall -DENABLE_STRNATPMPERR   -c -o natpmpc.o natpmpc.c</code><br />
						
            
            <a class="navhash" href="#28">#</a>
						
              <code id="28">cc1: error: no include path in which to search for stdc-predef.h</code><br />
						
            
            <a class="navhash" href="#29">#</a>
						
              <code id="29">natpmp.c:32:20: error: no include path in which to search for string.h</code><br />
						
            
            <a class="navhash" href="#30">#</a>
						
              <code id="30"> #include <string.h></code><br />
						
            
            <a class="navhash" href="#31">#</a>
						
              <code id="31">                    ^</code><br />
						
            
            <a class="navhash" href="#32">#</a>
						
              <code id="32">natpmp.c:33:18: error: no include path in which to search for time.h</code><br />
						
            
            <a class="navhash" href="#33">#</a>
						
              <code id="33"> #include <time.h></code><br />
						
            
            <a class="navhash" href="#34">#</a>
						
              <code id="34">                  ^</code><br />
						
            
            <a class="navhash" href="#35">#</a>
						
              <code id="35">natpmp.c:35:22: error: no include path in which to search for sys/time.h</code><br />
						
            
            <a class="navhash" href="#36">#</a>
						
              <code id="36"> #include <sys/time.h></code><br />
						
            
            <a class="navhash" href="#37">#</a>
						
              <code id="37">                      ^</code><br />
						
            
            <a class="navhash" href="#38">#</a>
						
              <code id="38">natpmp.c:47:19: error: no include path in which to search for errno.h</code><br />
						
            
            <a class="navhash" href="#39">#</a>
						
              <code id="39"> #include <errno.h></code><br />
						
            
            <a class="navhash" href="#40">#</a>
						
              <code id="40">                   ^</code><br />
						
            
            <a class="navhash" href="#41">#</a>
						
              <code id="41">natpmp.c:48:20: error: no include path in which to search for unistd.h</code><br />
						
            
            <a class="navhash" href="#42">#</a>
						
              <code id="42"> #include <unistd.h></code><br />
						
            
            <a class="navhash" href="#43">#</a>
						
              <code id="43">                    ^</code><br />
						
            
            <a class="navhash" href="#44">#</a>
						
              <code id="44">natpmp.c:49:19: error: no include path in which to search for fcntl.h</code><br />
						
            
            <a class="navhash" href="#45">#</a>
						
              <code id="45"> #include <fcntl.h></code><br />
						
            
            <a class="navhash" href="#46">#</a>
						
              <code id="46">                   ^</code><br />
						
            
            <a class="navhash" href="#47">#</a>
						
              <code id="47">natpmp.c:50:23: error: no include path in which to search for sys/types.h</code><br />
						
            
            <a class="navhash" href="#48">#</a>
						
              <code id="48"> #include <sys/types.h></code><br />
						
            
            <a class="navhash" href="#49">#</a>
						
              <code id="49">                       ^</code><br />
						
            
            <a class="navhash" href="#50">#</a>
						
              <code id="50">natpmp.c:51:24: error: no include path in which to search for sys/socket.h</code><br />
						
            
            <a class="navhash" href="#51">#</a>
						
              <code id="51"> #include <sys/socket.h></code><br />
						
            
            <a class="navhash" href="#52">#</a>
						
              <code id="52">                        ^</code><br />
						
            
            <a class="navhash" href="#53">#</a>
						
              <code id="53">In file included from natpmp.c:54:0:</code><br />
						
            
            <a class="navhash" href="#54">#</a>
						
              <code id="54">natpmp.h:35:18: error: no include path in which to search for time.h</code><br />
						
            
            <a class="navhash" href="#55">#</a>
						
              <code id="55"> #include <time.h></code><br />
						
            
            <a class="navhash" href="#56">#</a>
						
              <code id="56">                  ^</code><br />
						
            
            <a class="navhash" href="#57">#</a>
						
              <code id="57">natpmp.h:37:22: error: no include path in which to search for sys/time.h</code><br />
						
            
            <a class="navhash" href="#58">#</a>
						
              <code id="58"> #include <sys/time.h></code><br />
						
            
            <a class="navhash" href="#59">#</a>
						
              <code id="59">                      ^</code><br />
						
            
            <a class="navhash" href="#60">#</a>
						
              <code id="60">natpmp.h:51:24: error: no include path in which to search for netinet/in.h</code><br />
						
            
            <a class="navhash" href="#61">#</a>
						
              <code id="61"> #include <netinet/in.h></code><br />
						
            
            <a class="navhash" href="#62">#</a>
						
              <code id="62">                        ^</code><br />
						
            
            <a class="navhash" href="#63">#</a>
						
              <code id="63">In file included from natpmp.c:54:0:</code><br />
						
            
            <a class="navhash" href="#64">#</a>
						<span class="error">
              <code id="64">natpmp.h:58:2: error: unknown type name 'in_addr_t'</code><br />
						</span>
            
            <a class="navhash" href="#65">#</a>
						
              <code id="65">  in_addr_t gateway; /* default gateway (IPv4) */</code><br />
						
            
            <a class="navhash" href="#66">#</a>
						
              <code id="66">  ^</code><br />
						
            
            <a class="navhash" href="#67">#</a>
						
              <code id="67">natpmp.h:63:17: error: field 'retry_time' has incomplete type</code><br />
						
            
            <a class="navhash" href="#68">#</a>
						
              <code id="68">  struct timeval retry_time;</code><br />
						
            
            <a class="navhash" href="#69">#</a>
						
              <code id="69">                 ^</code><br />
						
            
            <a class="navhash" href="#70">#</a>
						<span class="error">
              <code id="70">natpmp.h:67:2: error: unknown type name 'uint16_t'</code><br />
						</span>
            
            <a class="navhash" href="#71">#</a>
						
              <code id="71">  uint16_t type; /* NATPMP_RESPTYPE_* */</code><br />
						
            
            <a class="navhash" href="#72">#</a>
						
              <code id="72">  ^</code><br />
						
            
            <a class="navhash" href="#73">#</a>
						<span class="error">
              <code id="73">natpmp.h:68:2: error: unknown type name 'uint16_t'</code><br />
						</span>
            
            <a class="navhash" href="#74">#</a>
						
              <code id="74">  uint16_t resultcode; /* NAT-PMP response code */</code><br />
						
            
            <a class="navhash" href="#75">#</a>
						
              <code id="75">  ^</code><br />
						
            
            <a class="navhash" href="#76">#</a>
						<span class="error">
              <code id="76">natpmp.h:69:2: error: unknown type name 'uint32_t'</code><br />
						</span>
            
            <a class="navhash" href="#77">#</a>
						
              <code id="77">  uint32_t epoch; /* Seconds since start of epoch */</code><br />
						
            
            <a class="navhash" href="#78">#</a>
						
              <code id="78">  ^</code><br />
						
            
            <a class="navhash" href="#79">#</a>
						
              <code id="79">natpmp.h:73:19: error: field 'addr' has incomplete type</code><br />
						
            
            <a class="navhash" href="#80">#</a>
						
              <code id="80">    struct in_addr addr;</code><br />
						
            
            <a class="navhash" href="#81">#</a>
						
              <code id="81">                   ^</code><br />
						
            
            <a class="navhash" href="#82">#</a>
						<span class="error">
              <code id="82">natpmp.h:76:4: error: unknown type name 'uint16_t'</code><br />
						</span>
            
            <a class="navhash" href="#83">#</a>
						
              <code id="83">    uint16_t privateport;</code><br />
						
            
            <a class="navhash" href="#84">#</a>
						
              <code id="84">    ^</code><br />
						
            
            <a class="navhash" href="#85">#</a>
						<span class="error">
              <code id="85">natpmp.h:77:4: error: unknown type name 'uint16_t'</code><br />
						</span>
            
            <a class="navhash" href="#86">#</a>
						
              <code id="86">    uint16_t mappedpublicport;</code><br />
						
            
            <a class="navhash" href="#87">#</a>
						
              <code id="87">    ^</code><br />
						
            
            <a class="navhash" href="#88">#</a>
						<span class="error">
              <code id="88">natpmp.h:78:4: error: unknown type name 'uint32_t'</code><br />
						</span>
            
            <a class="navhash" href="#89">#</a>
						
              <code id="89">    uint32_t lifetime;</code><br />
						
            
            <a class="navhash" href="#90">#</a>
						
              <code id="90">    ^</code><br />
						
            
            <a class="navhash" href="#91">#</a>
						<span class="error">
              <code id="91">natpmp.h:146:51: error: unknown type name 'in_addr_t'</code><br />
						</span>
            
            <a class="navhash" href="#92">#</a>
						
              <code id="92"> LIBSPEC int initnatpmp(natpmp_t * p, int forcegw, in_addr_t forcedgw);</code><br />
						
            
            <a class="navhash" href="#93">#</a>
						
              <code id="93">                                                   ^</code><br />
						
            
            <a class="navhash" href="#94">#</a>
						
              <code id="94">cc1: error: no include path in which to search for stdc-predef.h</code><br />
						
            
            <a class="navhash" href="#95">#</a>
						<span class="error">
              <code id="95">natpmp.h:177:31: error: unknown type name 'uint16_t'</code><br />
						</span>
            
            <a class="navhash" href="#96">#</a>
						
              <code id="96">                               uint16_t privateport, uint16_t publicport,</code><br />
						
            
            <a class="navhash" href="#97">#</a>
						
              <code id="97">                               ^</code><br />
						
            
            <a class="navhash" href="#98">#</a>
						<span class="error">
              <code id="98">natpmp.h:177:53: error: unknown type name 'uint16_t'</code><br />
						</span>
            
            <a class="navhash" href="#99">#</a>
						
              <code id="99">                               uint16_t privateport, uint16_t publicport,</code><br />
						
            
            <a class="navhash" href="#100">#</a>
						
              <code id="100">                                                     ^</code><br />
						
            
            <a class="navhash" href="#101">#</a>
						
              <code id="101">testgetgateway.c:29:19: error: no include path in which to search for stdio.h</code><br />
						
            
            <a class="navhash" href="#102">#</a>
						
              <code id="102"> #include <stdio.h></code><br />
						
            
            <a class="navhash" href="#103">#</a>
						
              <code id="103">                   ^</code><br />
						
            
            <a class="navhash" href="#104">#</a>
						<span class="error">
              <code id="104">natpmp.h:178:10: error: unknown type name 'uint32_t'</code><br />
						</span>
            
            <a class="navhash" href="#105">#</a>
						
              <code id="105">          uint32_t lifetime);</code><br />
						
            
            <a class="navhash" href="#106">#</a>
						
              <code id="106">          ^</code><br />
						
            
            <a class="navhash" href="#107">#</a>
						
              <code id="107">testgetgateway.c:33:24: error: no include path in which to search for netinet/in.h</code><br />
						
            
            <a class="navhash" href="#108">#</a>
						
              <code id="108"> #include <netinet/in.h></code><br />
						
            
            <a class="navhash" href="#109">#</a>
						
              <code id="109">                        ^</code><br />
						
            
            <a class="navhash" href="#110">#</a>
						
              <code id="110">testgetgateway.c:34:23: error: no include path in which to search for arpa/inet.h</code><br />
						
            
            <a class="navhash" href="#111">#</a>
						
              <code id="111"> #include <arpa/inet.h></code><br />
						
            
            <a class="navhash" href="#112">#</a>
						
              <code id="112">                       ^</code><br />
						
            
            <a class="navhash" href="#113">#</a>
						
              <code id="113">In file included from natpmp.c:55:0:</code><br />
						
            
            <a class="navhash" href="#114">#</a>
						<span class="error">
              <code id="114">getgateway.h:47:31: error: unknown type name 'in_addr_t'</code><br />
						</span>
            
            <a class="navhash" href="#115">#</a>
						
              <code id="115"> LIBSPEC int getdefaultgateway(in_addr_t * addr);</code><br />
						
            
            <a class="navhash" href="#116">#</a>
						
              <code id="116">                               ^</code><br />
						
            
            <a class="navhash" href="#117">#</a>
						
              <code id="117">natpmp.c:56:19: error: no include path in which to search for stdio.h</code><br />
						
            
            <a class="navhash" href="#118">#</a>
						
              <code id="118"> #include <stdio.h></code><br />
						
            
            <a class="navhash" href="#119">#</a>
						
              <code id="119">                   ^</code><br />
						
            
            <a class="navhash" href="#120">#</a>
						
              <code id="120">In file included from testgetgateway.c:36:0:</code><br />
						
            
            <a class="navhash" href="#121">#</a>
						<span class="error">
              <code id="121">getgateway.h:47:31: error: unknown type name 'in_addr_t'</code><br />
						</span>
            
            <a class="navhash" href="#122">#</a>
						
              <code id="122"> LIBSPEC int getdefaultgateway(in_addr_t * addr);</code><br />
						
            
            <a class="navhash" href="#123">#</a>
						
              <code id="123">                               ^</code><br />
						
            
            <a class="navhash" href="#124">#</a>
						<span class="error">
              <code id="124">natpmp.c:58:51: error: unknown type name 'in_addr_t'</code><br />
						</span>
            
            <a class="navhash" href="#125">#</a>
						
              <code id="125"> LIBSPEC int initnatpmp(natpmp_t * p, int forcegw, in_addr_t forcedgw)</code><br />
						
            
            <a class="navhash" href="#126">#</a>
						
              <code id="126">                                                   ^</code><br />
						
            
            <a class="navhash" href="#127">#</a>
						
              <code id="127">testgetgateway.c: In function 'main':</code><br />
						
            
            <a class="navhash" href="#128">#</a>
						
              <code id="128">testgetgateway.c:42:17: error: storage size of 'gatewayaddr' isn't known</code><br />
						
            
            <a class="navhash" href="#129">#</a>
						
              <code id="129">  struct in_addr gatewayaddr;</code><br />
						
            
            <a class="navhash" href="#130">#</a>
						
              <code id="130">                 ^</code><br />
						
            
            <a class="navhash" href="#131">#</a>
						
              <code id="131">testgetgateway.c:49:2: warning: implicit declaration of function 'getdefaultgateway' [-Wimplicit-function-declaration]</code><br />
						
            
            <a class="navhash" href="#132">#</a>
						
              <code id="132">  r = getdefaultgateway(&(gatewayaddr.s_addr));</code><br />
						
            
            <a class="navhash" href="#133">#</a>
						
              <code id="133">  ^</code><br />
						
            
            <a class="navhash" href="#134">#</a>
						
              <code id="134">natpmp.c: In function 'closenatpmp':</code><br />
						
            
            <a class="navhash" href="#135">#</a>
						
              <code id="135">natpmp.c:102:2: warning: implicit declaration of function 'close' [-Wimplicit-function-declaration]</code><br />
						
            
            <a class="navhash" href="#136">#</a>
						
              <code id="136">  if(closesocket(p->s) < 0)</code><br />
						
            
            <a class="navhash" href="#137">#</a>
						
              <code id="137">  ^</code><br />
						
            
            <a class="navhash" href="#138">#</a>
						
              <code id="138">testgetgateway.c:52:3: warning: implicit declaration of function 'printf' [-Wimplicit-function-declaration]</code><br />
						
            
            <a class="navhash" href="#139">#</a>
						
              <code id="139">   printf("default gateway : %s\n", inet_ntoa(gatewayaddr));</code><br />
						
            
            <a class="navhash" href="#140">#</a>
						
              <code id="140">   ^</code><br />
						
            
            <a class="navhash" href="#141">#</a>
						
              <code id="141">testgetgateway.c:52:3: warning: incompatible implicit declaration of built-in function 'printf' [enabled by default]</code><br />
						
            
            <a class="navhash" href="#142">#</a>
						
              <code id="142">testgetgateway.c:52:3: warning: implicit declaration of function 'inet_ntoa' [-Wimplicit-function-declaration]</code><br />
						
            
            <a class="navhash" href="#143">#</a>
						
              <code id="143">testgetgateway.c:54:3: warning: implicit declaration of function 'fprintf' [-Wimplicit-function-declaration]</code><br />
						
            
            <a class="navhash" href="#144">#</a>
						
              <code id="144">   fprintf(stderr, "getdefaultgateway() failed\n");</code><br />
						
            
            <a class="navhash" href="#145">#</a>
						
              <code id="145">   ^</code><br />
						
            
            <a class="navhash" href="#146">#</a>
						
              <code id="146">testgetgateway.c:54:3: warning: incompatible implicit declaration of built-in function 'fprintf' [enabled by default]</code><br />
						
            
            <a class="navhash" href="#147">#</a>
						
              <code id="147">natpmp.c: In function 'sendpendingrequest':</code><br />
						
            
            <a class="navhash" href="#148">#</a>
						
              <code id="148">testgetgateway.c:54:11: error: 'stderr' undeclared (first use in this function)</code><br />
						
            
            <a class="navhash" href="#149">#</a>
						
              <code id="149">   fprintf(stderr, "getdefaultgateway() failed\n");</code><br />
						
            
            <a class="navhash" href="#150">#</a>
						
              <code id="150">           ^</code><br />
						
            
            <a class="navhash" href="#151">#</a>
						
              <code id="151">testgetgateway.c:54:11: note: each undeclared identifier is reported only once for each function it appears in</code><br />
						
            
            <a class="navhash" href="#152">#</a>
						
              <code id="152">natpmp.c:119:2: warning: implicit declaration of function 'send' [-Wimplicit-function-declaration]</code><br />
						
            
            <a class="navhash" href="#153">#</a>
						
              <code id="153">  r = (int)send(p->s, p->pending_request, p->pending_request_len, 0);</code><br />
						
            
            <a class="navhash" href="#154">#</a>
						
              <code id="154">  ^</code><br />
						
            
            <a class="navhash" href="#155">#</a>
						
              <code id="155">testgetgateway.c:42:17: warning: unused variable 'gatewayaddr' [-Wunused-variable]</code><br />
						
            
            <a class="navhash" href="#156">#</a>
						
              <code id="156">  struct in_addr gatewayaddr;</code><br />
						
            
            <a class="navhash" href="#157">#</a>
						
              <code id="157">                 ^</code><br />
						
            
            <a class="navhash" href="#158">#</a>
						
              <code id="158">natpmp.c: In function 'sendnatpmprequest':</code><br />
						
            
            <a class="navhash" href="#159">#</a>
						
              <code id="159">natpmp.c:132:2: warning: implicit declaration of function 'gettimeofday' [-Wimplicit-function-declaration]</code><br />
						
            
            <a class="navhash" href="#160">#</a>
						
              <code id="160">  gettimeofday(&p->retry_time, NULL); // check errors !</code><br />
						
            
            <a class="navhash" href="#161">#</a>
						
              <code id="161">  ^</code><br />
						
            
            <a class="navhash" href="#162">#</a>
						
              <code id="162">natpmp.c:132:31: error: 'NULL' undeclared (first use in this function)</code><br />
						
            
            <a class="navhash" href="#163">#</a>
						
              <code id="163">  gettimeofday(&p->retry_time, NULL); // check errors !</code><br />
						
            
            <a class="navhash" href="#164">#</a>
						
              <code id="164">                               ^</code><br />
						
            
            <a class="navhash" href="#165">#</a>
						
              <code id="165">natpmp.c:132:31: note: each undeclared identifier is reported only once for each function it appears in</code><br />
						
            
            <a class="navhash" href="#166">#</a>
						
              <code id="166">natpmp.c: In function 'getnatpmprequesttimeout':</code><br />
						
            
            <a class="navhash" href="#167">#</a>
						
              <code id="167">natpmp.c:143:17: error: storage size of 'now' isn't known</code><br />
						
            
            <a class="navhash" href="#168">#</a>
						
              <code id="168">  struct timeval now;</code><br />
						
            
            <a class="navhash" href="#169">#</a>
						
              <code id="169">                 ^</code><br />
						
            
            <a class="navhash" href="#170">#</a>
						
              <code id="170">natpmp.c:148:24: error: 'NULL' undeclared (first use in this function)</code><br />
						
            
            <a class="navhash" href="#171">#</a>
						
              <code id="171">  if(gettimeofday(&now, NULL) < 0)</code><br />
						
            
            <a class="navhash" href="#172">#</a>
						
              <code id="172">                        ^</code><br />
						
            
            <a class="navhash" href="#173">#</a>
						
              <code id="173">natpmp.c:150:9: error: dereferencing pointer to incomplete type</code><br />
						
            
            <a class="navhash" href="#174">#</a>
						
              <code id="174">  timeout->tv_sec = p->retry_time.tv_sec - now.tv_sec;</code><br />
						
            
            <a class="navhash" href="#175">#</a>
						
              <code id="175">         ^</code><br />
						
            
            <a class="navhash" href="#176">#</a>
						
              <code id="176">natpmp.c:151:9: error: dereferencing pointer to incomplete type</code><br />
						
            
            <a class="navhash" href="#177">#</a>
						
              <code id="177">  timeout->tv_usec = p->retry_time.tv_usec - now.tv_usec;</code><br />
						
            
            <a class="navhash" href="#178">#</a>
						
              <code id="178">         ^</code><br />
						
            
            <a class="navhash" href="#179">#</a>
						
              <code id="179">natpmp.c:152:12: error: dereferencing pointer to incomplete type</code><br />
						
            
            <a class="navhash" href="#180">#</a>
						
              <code id="180">  if(timeout->tv_usec < 0) {</code><br />
						
            
            <a class="navhash" href="#181">#</a>
						
              <code id="181">            ^</code><br />
						
            
            <a class="navhash" href="#182">#</a>
						
              <code id="182">natpmp.c:153:10: error: dereferencing pointer to incomplete type</code><br />
						
            
            <a class="navhash" href="#183">#</a>
						
              <code id="183">   timeout->tv_usec += 1000000;</code><br />
						
            
            <a class="navhash" href="#184">#</a>
						
              <code id="184">          ^</code><br />
						
            
            <a class="navhash" href="#185">#</a>
						
              <code id="185">natpmp.c:154:10: error: dereferencing pointer to incomplete type</code><br />
						
            
            <a class="navhash" href="#186">#</a>
						
              <code id="186">   timeout->tv_sec--;</code><br />
						
            
            <a class="navhash" href="#187">#</a>
						
              <code id="187">          ^</code><br />
						
            
            <a class="navhash" href="#188">#</a>
						
              <code id="188">natpmp.c:143:17: warning: unused variable 'now' [-Wunused-variable]</code><br />
						
            
            <a class="navhash" href="#189">#</a>
						
              <code id="189">  struct timeval now;</code><br />
						
            
            <a class="navhash" href="#190">#</a>
						
              <code id="190">                 ^</code><br />
						
            
            <a class="navhash" href="#191">#</a>
						
              <code id="191">natpmp.c: At top level:</code><br />
						
            
            <a class="navhash" href="#192">#</a>
						<span class="error">
              <code id="192">natpmp.c:172:31: error: unknown type name 'uint16_t'</code><br />
						</span>
            
            <a class="navhash" href="#193">#</a>
						
              <code id="193">                               uint16_t privateport, uint16_t publicport,</code><br />
						
            
            <a class="navhash" href="#194">#</a>
						
              <code id="194">                               ^</code><br />
						
            
            <a class="navhash" href="#195">#</a>
						<span class="error">
              <code id="195">natpmp.c:172:53: error: unknown type name 'uint16_t'</code><br />
						</span>
            
            <a class="navhash" href="#196">#</a>
						
              <code id="196">                               uint16_t privateport, uint16_t publicport,</code><br />
						
            
            <a class="navhash" href="#197">#</a>
						
              <code id="197">                                                     ^</code><br />
						
            
            <a class="navhash" href="#198">#</a>
						<span class="error">
              <code id="198">natpmp.c:173:10: error: unknown type name 'uint32_t'</code><br />
						</span>
            
            <a class="navhash" href="#199">#</a>
						
              <code id="199">          uint32_t lifetime)</code><br />
						
            
            <a class="navhash" href="#200">#</a>
						
              <code id="200">          ^</code><br />
						
            
            <a class="navhash" href="#201">#</a>
						
              <code id="201">natpmp.c: In function 'readnatpmpresponse':</code><br />
						
            
            <a class="navhash" href="#202">#</a>
						
              <code id="202">natpmp.c:202:21: error: storage size of 'addr' isn't known</code><br />
						
            
            <a class="navhash" href="#203">#</a>
						
              <code id="203">  struct sockaddr_in addr;</code><br />
						
            
            <a class="navhash" href="#204">#</a>
						
              <code id="204">                     ^</code><br />
						
            
            <a class="navhash" href="#205">#</a>
						<span class="error">
              <code id="205">natpmp.c:203:2: error: unknown type name 'socklen_t'</code><br />
						</span>
            
            <a class="navhash" href="#206">#</a>
						
              <code id="206">  socklen_t addrlen = sizeof(addr);</code><br />
						
            
            <a class="navhash" href="#207">#</a>
						
              <code id="207">  ^</code><br />
						
            
            <a class="navhash" href="#208">#</a>
						
              <code id="208">natpmp.c:207:2: warning: implicit declaration of function 'recvfrom' [-Wimplicit-function-declaration]</code><br />
						
            
            <a class="navhash" href="#209">#</a>
						
              <code id="209">  n = recvfrom(p->s, buf, sizeof(buf), 0,</code><br />
						
            
            <a class="navhash" href="#210">#</a>
						
              <code id="210">  ^</code><br />
						
            
            <a class="navhash" href="#211">#</a>
						
              <code id="211">natpmp.c:213:10: error: 'errno' undeclared (first use in this function)</code><br />
						
            
            <a class="navhash" href="#212">#</a>
						
              <code id="212">   switch(errno) {</code><br />
						
            
            <a class="navhash" href="#213">#</a>
						
              <code id="213">          ^</code><br />
						
            
            <a class="navhash" href="#214">#</a>
						
              <code id="214">natpmp.c:216:8: error: 'EWOULDBLOCK' undeclared (first use in this function)</code><br />
						
            
            <a class="navhash" href="#215">#</a>
						
              <code id="215">   case EWOULDBLOCK:</code><br />
						
            
            <a class="navhash" href="#216">#</a>
						
              <code id="216">        ^</code><br />
						
            
            <a class="navhash" href="#217">#</a>
						
              <code id="217">natpmp.c:219:8: error: 'ECONNREFUSED' undeclared (first use in this function)</code><br />
						
            
            <a class="navhash" href="#218">#</a>
						
              <code id="218">   case ECONNREFUSED:</code><br />
						
            
            <a class="navhash" href="#219">#</a>
						
              <code id="219">        ^</code><br />
						
            
            <a class="navhash" href="#220">#</a>
						
              <code id="220">natpmp.c:229:3: warning: implicit declaration of function 'ntohs' [-Wimplicit-function-declaration]</code><br />
						
            
            <a class="navhash" href="#221">#</a>
						
              <code id="221">   response->resultcode = ntohs(*((uint16_t *)(buf + 2)));</code><br />
						
            
            <a class="navhash" href="#222">#</a>
						
              <code id="222">   ^</code><br />
						
            
            <a class="navhash" href="#223">#</a>
						
              <code id="223">natpmp.c:229:35: error: 'uint16_t' undeclared (first use in this function)</code><br />
						
            
            <a class="navhash" href="#224">#</a>
						
              <code id="224">   response->resultcode = ntohs(*((uint16_t *)(buf + 2)));</code><br />
						
            
            <a class="navhash" href="#225">#</a>
						
              <code id="225">                                   ^</code><br />
						
            
            <a class="navhash" href="#226">#</a>
						
              <code id="226">make: *** [<builtin>: testgetgateway.o] Error 1</code><br />
						
            
            <a class="navhash" href="#227">#</a>
						
              <code id="227">make: *** Waiting for unfinished jobs....</code><br />
						
            
            <a class="navhash" href="#228">#</a>
						<span class="error">
              <code id="228">natpmp.c:229:45: error: expected expression before ')' token</code><br />
						</span>
            
            <a class="navhash" href="#229">#</a>
						
              <code id="229">   response->resultcode = ntohs(*((uint16_t *)(buf + 2)));</code><br />
						
            
            <a class="navhash" href="#230">#</a>
						
              <code id="230">                                             ^</code><br />
						
            
            <a class="navhash" href="#231">#</a>
						
              <code id="231">natpmp.c:230:3: warning: implicit declaration of function 'ntohl' [-Wimplicit-function-declaration]</code><br />
						
            
            <a class="navhash" href="#232">#</a>
						
              <code id="232">   response->epoch = ntohl(*((uint32_t *)(buf + 4)));</code><br />
						
            
            <a class="navhash" href="#233">#</a>
						
              <code id="233">   ^</code><br />
						
            
            <a class="navhash" href="#234">#</a>
						
              <code id="234">natpmp.c:230:30: error: 'uint32_t' undeclared (first use in this function)</code><br />
						
            
            <a class="navhash" href="#235">#</a>
						
              <code id="235">   response->epoch = ntohl(*((uint32_t *)(buf + 4)));</code><br />
						
            
            <a class="navhash" href="#236">#</a>
						
              <code id="236">                              ^</code><br />
						
            
            <a class="navhash" href="#237">#</a>
						<span class="error">
              <code id="237">natpmp.c:230:40: error: expected expression before ')' token</code><br />
						</span>
            
            <a class="navhash" href="#238">#</a>
						
              <code id="238">   response->epoch = ntohl(*((uint32_t *)(buf + 4)));</code><br />
						
            
            <a class="navhash" href="#239">#</a>
						
              <code id="239">                                        ^</code><br />
						
            
            <a class="navhash" href="#240">#</a>
						<span class="error">
              <code id="240">natpmp.c:259:60: error: expected expression before ')' token</code><br />
						</span>
            
            <a class="navhash" href="#241">#</a>
						
              <code id="241">     response->pnu.publicaddress.addr.s_addr = *((uint32_t *)(buf + 8));</code><br />
						
            
            <a class="navhash" href="#242">#</a>
						
              <code id="242">                                                            ^</code><br />
						
            
            <a class="navhash" href="#243">#</a>
						<span class="error">
              <code id="243">natpmp.c:261:67: error: expected expression before ')' token</code><br />
						</span>
            
            <a class="navhash" href="#244">#</a>
						
              <code id="244">     response->pnu.newportmapping.privateport = ntohs(*((uint16_t *)(buf + 8)));</code><br />
						
            
            <a class="navhash" href="#245">#</a>
						
              <code id="245">                                                                   ^</code><br />
						
            
            <a class="navhash" href="#246">#</a>
						<span class="error">
              <code id="246">natpmp.c:262:72: error: expected expression before ')' token</code><br />
						</span>
            
            <a class="navhash" href="#247">#</a>
						
              <code id="247">     response->pnu.newportmapping.mappedpublicport = ntohs(*((uint16_t *)(buf + 10)));</code><br />
						
            
            <a class="navhash" href="#248">#</a>
						
              <code id="248">                                                                        ^</code><br />
						
            
            <a class="navhash" href="#249">#</a>
						<span class="error">
              <code id="249">natpmp.c:263:64: error: expected expression before ')' token</code><br />
						</span>
            
            <a class="navhash" href="#250">#</a>
						
              <code id="250">     response->pnu.newportmapping.lifetime = ntohl(*((uint32_t *)(buf + 12)));</code><br />
						
            
            <a class="navhash" href="#251">#</a>
						
              <code id="251">                                                                ^</code><br />
						
            
            <a class="navhash" href="#252">#</a>
						
              <code id="252">natpmp.c:202:21: warning: unused variable 'addr' [-Wunused-variable]</code><br />
						
            
            <a class="navhash" href="#253">#</a>
						
              <code id="253">  struct sockaddr_in addr;</code><br />
						
            
            <a class="navhash" href="#254">#</a>
						
              <code id="254">                     ^</code><br />
						
            
            <a class="navhash" href="#255">#</a>
						
              <code id="255">natpmp.c: In function 'readnatpmpresponseorretry':</code><br />
						
            
            <a class="navhash" href="#256">#</a>
						
              <code id="256">natpmp.c:281:19: error: storage size of 'now' isn't known</code><br />
						
            
            <a class="navhash" href="#257">#</a>
						
              <code id="257">    struct timeval now;</code><br />
						
            
            <a class="navhash" href="#258">#</a>
						
              <code id="258">                   ^</code><br />
						
            
            <a class="navhash" href="#259">#</a>
						
              <code id="259">natpmp.c:282:23: error: 'NULL' undeclared (first use in this function)</code><br />
						
            
            <a class="navhash" href="#260">#</a>
						
              <code id="260">    gettimeofday(&now, NULL); // check errors !</code><br />
						
            
            <a class="navhash" href="#261">#</a>
						
              <code id="261">                       ^</code><br />
						
            
            <a class="navhash" href="#262">#</a>
						
              <code id="262">natpmp.c:283:4: warning: implicit declaration of function 'timercmp' [-Wimplicit-function-declaration]</code><br />
						
            
            <a class="navhash" href="#263">#</a>
						
              <code id="263">    if(timercmp(&now, &p->retry_time, >=)) {</code><br />
						
            
            <a class="navhash" href="#264">#</a>
						
              <code id="264">    ^</code><br />
						
            
            <a class="navhash" href="#265">#</a>
						<span class="error">
              <code id="265">natpmp.c:283:38: error: expected expression before '>=' token</code><br />
						</span>
            
            <a class="navhash" href="#266">#</a>
						
              <code id="266">    if(timercmp(&now, &p->retry_time, >=)) {</code><br />
						
            
            <a class="navhash" href="#267">#</a>
						
              <code id="267">                                      ^</code><br />
						
            
            <a class="navhash" href="#268">#</a>
						
              <code id="268">cc1: error: no include path in which to search for stdc-predef.h</code><br />
						
            
            <a class="navhash" href="#269">#</a>
						
              <code id="269">natpmp.c:281:19: warning: unused variable 'now' [-Wunused-variable]</code><br />
						
            
            <a class="navhash" href="#270">#</a>
						
              <code id="270">    struct timeval now;</code><br />
						
            
            <a class="navhash" href="#271">#</a>
						
              <code id="271">                   ^</code><br />
						
            
            <a class="navhash" href="#272">#</a>
						
              <code id="272">getgateway.c:30:19: error: no include path in which to search for stdio.h</code><br />
						
            
            <a class="navhash" href="#273">#</a>
						
              <code id="273"> #include <stdio.h></code><br />
						
            
            <a class="navhash" href="#274">#</a>
						
              <code id="274">                   ^</code><br />
						
            
            <a class="navhash" href="#275">#</a>
						
              <code id="275">getgateway.c:31:19: error: no include path in which to search for ctype.h</code><br />
						
            
            <a class="navhash" href="#276">#</a>
						
              <code id="276"> #include <ctype.h></code><br />
						
            
            <a class="navhash" href="#277">#</a>
						
              <code id="277">                   ^</code><br />
						
            
            <a class="navhash" href="#278">#</a>
						
              <code id="278">getgateway.c:33:24: error: no include path in which to search for netinet/in.h</code><br />
						
            
            <a class="navhash" href="#279">#</a>
						
              <code id="279"> #include <netinet/in.h></code><br />
						
            
            <a class="navhash" href="#280">#</a>
						
              <code id="280">                        ^</code><br />
						
            
            <a class="navhash" href="#281">#</a>
						
              <code id="281">getgateway.c:36:23: error: no include path in which to search for sys/param.h</code><br />
						
            
            <a class="navhash" href="#282">#</a>
						
              <code id="282"> #include <sys/param.h></code><br />
						
            
            <a class="navhash" href="#283">#</a>
						
              <code id="283">                       ^</code><br />
						
            
            <a class="navhash" href="#284">#</a>
						
              <code id="284">In file included from getgateway.c:130:0:</code><br />
						
            
            <a class="navhash" href="#285">#</a>
						<span class="error">
              <code id="285">getgateway.h:47:31: error: unknown type name 'in_addr_t'</code><br />
						</span>
            
            <a class="navhash" href="#286">#</a>
						
              <code id="286"> LIBSPEC int getdefaultgateway(in_addr_t * addr);</code><br />
						
            
            <a class="navhash" href="#287">#</a>
						
              <code id="287">                               ^</code><br />
						
            
            <a class="navhash" href="#288">#</a>
						<span class="error">
              <code id="288">getgateway.c:149:23: error: unknown type name 'in_addr_t'</code><br />
						</span>
            
            <a class="navhash" href="#289">#</a>
						
              <code id="289"> int getdefaultgateway(in_addr_t * addr)</code><br />
						
            
            <a class="navhash" href="#290">#</a>
						
              <code id="290">                       ^</code><br />
						
            
            <a class="navhash" href="#291">#</a>
						
              <code id="291">make: *** [<builtin>: getgateway.o] Error 1</code><br />
						
            
            <a class="navhash" href="#292">#</a>
						
              <code id="292">cc1: error: no include path in which to search for stdc-predef.h</code><br />
						
            
            <a class="navhash" href="#293">#</a>
						
              <code id="293">natpmpc.c:29:19: error: no include path in which to search for stdio.h</code><br />
						
            
            <a class="navhash" href="#294">#</a>
						
              <code id="294"> #include <stdio.h></code><br />
						
            
            <a class="navhash" href="#295">#</a>
						
              <code id="295">                   ^</code><br />
						
            
            <a class="navhash" href="#296">#</a>
						
              <code id="296">natpmpc.c:30:19: error: no include path in which to search for errno.h</code><br />
						
            
            <a class="navhash" href="#297">#</a>
						
              <code id="297"> #include <errno.h></code><br />
						
            
            <a class="navhash" href="#298">#</a>
						
              <code id="298">                   ^</code><br />
						
            
            <a class="navhash" href="#299">#</a>
						
              <code id="299">natpmpc.c:31:20: error: no include path in which to search for string.h</code><br />
						
            
            <a class="navhash" href="#300">#</a>
						
              <code id="300"> #include <string.h></code><br />
						
            
            <a class="navhash" href="#301">#</a>
						
              <code id="301">                    ^</code><br />
						
            
            <a class="navhash" href="#302">#</a>
						
              <code id="302">natpmpc.c:39:20: error: no include path in which to search for unistd.h</code><br />
						
            
            <a class="navhash" href="#303">#</a>
						
              <code id="303"> #include <unistd.h></code><br />
						
            
            <a class="navhash" href="#304">#</a>
						
              <code id="304">                    ^</code><br />
						
            
            <a class="navhash" href="#305">#</a>
						
              <code id="305">make: *** [<builtin>: natpmp.o] Error 1</code><br />
						
            
            <a class="navhash" href="#306">#</a>
						
              <code id="306">natpmpc.c:44:24: error: no include path in which to search for netinet/in.h</code><br />
						
            
            <a class="navhash" href="#307">#</a>
						
              <code id="307"> #include <netinet/in.h></code><br />
						
            
            <a class="navhash" href="#308">#</a>
						
              <code id="308">                        ^</code><br />
						
            
            <a class="navhash" href="#309">#</a>
						
              <code id="309">natpmpc.c:45:23: error: no include path in which to search for arpa/inet.h</code><br />
						
            
            <a class="navhash" href="#310">#</a>
						
              <code id="310"> #include <arpa/inet.h></code><br />
						
            
            <a class="navhash" href="#311">#</a>
						
              <code id="311">                       ^</code><br />
						
            
            <a class="navhash" href="#312">#</a>
						
              <code id="312">In file included from natpmpc.c:47:0:</code><br />
						
            
            <a class="navhash" href="#313">#</a>
						
              <code id="313">natpmp.h:35:18: error: no include path in which to search for time.h</code><br />
						
            
            <a class="navhash" href="#314">#</a>
						
              <code id="314"> #include <time.h></code><br />
						
            
            <a class="navhash" href="#315">#</a>
						
              <code id="315">                  ^</code><br />
						
            
            <a class="navhash" href="#316">#</a>
						
              <code id="316">natpmp.h:37:22: error: no include path in which to search for sys/time.h</code><br />
						
            
            <a class="navhash" href="#317">#</a>
						
              <code id="317"> #include <sys/time.h></code><br />
						
            
            <a class="navhash" href="#318">#</a>
						
              <code id="318">                      ^</code><br />
						
            
            <a class="navhash" href="#319">#</a>
						
              <code id="319">natpmp.h:51:24: error: no include path in which to search for netinet/in.h</code><br />
						
            
            <a class="navhash" href="#320">#</a>
						
              <code id="320"> #include <netinet/in.h></code><br />
						
            
            <a class="navhash" href="#321">#</a>
						
              <code id="321">                        ^</code><br />
						
            
            <a class="navhash" href="#322">#</a>
						
              <code id="322">In file included from natpmpc.c:47:0:</code><br />
						
            
            <a class="navhash" href="#323">#</a>
						<span class="error">
              <code id="323">natpmp.h:58:2: error: unknown type name 'in_addr_t'</code><br />
						</span>
            
            <a class="navhash" href="#324">#</a>
						
              <code id="324">  in_addr_t gateway; /* default gateway (IPv4) */</code><br />
						
            
            <a class="navhash" href="#325">#</a>
						
              <code id="325">  ^</code><br />
						
            
            <a class="navhash" href="#326">#</a>
						
              <code id="326">natpmp.h:63:17: error: field 'retry_time' has incomplete type</code><br />
						
            
            <a class="navhash" href="#327">#</a>
						
              <code id="327">  struct timeval retry_time;</code><br />
						
            
            <a class="navhash" href="#328">#</a>
						
              <code id="328">                 ^</code><br />
						
            
            <a class="navhash" href="#329">#</a>
						<span class="error">
              <code id="329">natpmp.h:67:2: error: unknown type name 'uint16_t'</code><br />
						</span>
            
            <a class="navhash" href="#330">#</a>
						
              <code id="330">  uint16_t type; /* NATPMP_RESPTYPE_* */</code><br />
						
            
            <a class="navhash" href="#331">#</a>
						
              <code id="331">  ^</code><br />
						
            
            <a class="navhash" href="#332">#</a>
						<span class="error">
              <code id="332">natpmp.h:68:2: error: unknown type name 'uint16_t'</code><br />
						</span>
            
            <a class="navhash" href="#333">#</a>
						
              <code id="333">  uint16_t resultcode; /* NAT-PMP response code */</code><br />
						
            
            <a class="navhash" href="#334">#</a>
						
              <code id="334">  ^</code><br />
						
            
            <a class="navhash" href="#335">#</a>
						<span class="error">
              <code id="335">natpmp.h:69:2: error: unknown type name 'uint32_t'</code><br />
						</span>
            
            <a class="navhash" href="#336">#</a>
						
              <code id="336">  uint32_t epoch; /* Seconds since start of epoch */</code><br />
						
            
            <a class="navhash" href="#337">#</a>
						
              <code id="337">  ^</code><br />
						
            
            <a class="navhash" href="#338">#</a>
						
              <code id="338">natpmp.h:73:19: error: field 'addr' has incomplete type</code><br />
						
            
            <a class="navhash" href="#339">#</a>
						
              <code id="339">    struct in_addr addr;</code><br />
						
            
            <a class="navhash" href="#340">#</a>
						
              <code id="340">                   ^</code><br />
						
            
            <a class="navhash" href="#341">#</a>
						<span class="error">
              <code id="341">natpmp.h:76:4: error: unknown type name 'uint16_t'</code><br />
						</span>
            
            <a class="navhash" href="#342">#</a>
						
              <code id="342">    uint16_t privateport;</code><br />
						
            
            <a class="navhash" href="#343">#</a>
						
              <code id="343">    ^</code><br />
						
            
            <a class="navhash" href="#344">#</a>
						<span class="error">
              <code id="344">natpmp.h:77:4: error: unknown type name 'uint16_t'</code><br />
						</span>
            
            <a class="navhash" href="#345">#</a>
						
              <code id="345">    uint16_t mappedpublicport;</code><br />
						
            
            <a class="navhash" href="#346">#</a>
						
              <code id="346">    ^</code><br />
						
            
            <a class="navhash" href="#347">#</a>
						<span class="error">
              <code id="347">natpmp.h:78:4: error: unknown type name 'uint32_t'</code><br />
						</span>
            
            <a class="navhash" href="#348">#</a>
						
              <code id="348">    uint32_t lifetime;</code><br />
						
            
            <a class="navhash" href="#349">#</a>
						
              <code id="349">    ^</code><br />
						
            
            <a class="navhash" href="#350">#</a>
						<span class="error">
              <code id="350">natpmp.h:146:51: error: unknown type name 'in_addr_t'</code><br />
						</span>
            
            <a class="navhash" href="#351">#</a>
						
              <code id="351"> LIBSPEC int initnatpmp(natpmp_t * p, int forcegw, in_addr_t forcedgw);</code><br />
						
            
            <a class="navhash" href="#352">#</a>
						
              <code id="352">                                                   ^</code><br />
						
            
            <a class="navhash" href="#353">#</a>
						<span class="error">
              <code id="353">natpmp.h:177:31: error: unknown type name 'uint16_t'</code><br />
						</span>
            
            <a class="navhash" href="#354">#</a>
						
              <code id="354">                               uint16_t privateport, uint16_t publicport,</code><br />
						
            
            <a class="navhash" href="#355">#</a>
						
              <code id="355">                               ^</code><br />
						
            
            <a class="navhash" href="#356">#</a>
						<span class="error">
              <code id="356">natpmp.h:177:53: error: unknown type name 'uint16_t'</code><br />
						</span>
            
            <a class="navhash" href="#357">#</a>
						
              <code id="357">                               uint16_t privateport, uint16_t publicport,</code><br />
						
            
            <a class="navhash" href="#358">#</a>
						
              <code id="358">                                                     ^</code><br />
						
            
            <a class="navhash" href="#359">#</a>
						<span class="error">
              <code id="359">natpmp.h:178:10: error: unknown type name 'uint32_t'</code><br />
						</span>
            
            <a class="navhash" href="#360">#</a>
						
              <code id="360">          uint32_t lifetime);</code><br />
						
            
            <a class="navhash" href="#361">#</a>
						
              <code id="361">          ^</code><br />
						
            
            <a class="navhash" href="#362">#</a>
						<span class="error">
              <code id="362">natpmpc.c:49:12: error: unknown type name 'FILE'</code><br />
						</span>
            
            <a class="navhash" href="#363">#</a>
						
              <code id="363"> void usage(FILE * out, const char * argv0)</code><br />
						
            
            <a class="navhash" href="#364">#</a>
						
              <code id="364">            ^</code><br />
						
            
            <a class="navhash" href="#365">#</a>
						
              <code id="365">natpmpc.c: In function 'main':</code><br />
						
            
            <a class="navhash" href="#366">#</a>
						
              <code id="366">natpmpc.c:72:17: error: storage size of 'timeout' isn't known</code><br />
						
            
            <a class="navhash" href="#367">#</a>
						
              <code id="367">  struct timeval timeout;</code><br />
						
            
            <a class="navhash" href="#368">#</a>
						
              <code id="368">                 ^</code><br />
						
            
            <a class="navhash" href="#369">#</a>
						<span class="error">
              <code id="369">natpmpc.c:73:2: error: unknown type name 'fd_set'</code><br />
						</span>
            
            <a class="navhash" href="#370">#</a>
						
              <code id="370">  fd_set fds;</code><br />
						
            
            <a class="navhash" href="#371">#</a>
						
              <code id="371">  ^</code><br />
						
            
            <a class="navhash" href="#372">#</a>
						<span class="error">
              <code id="372">natpmpc.c:76:2: error: unknown type name 'uint16_t'</code><br />
						</span>
            
            <a class="navhash" href="#373">#</a>
						
              <code id="373">  uint16_t privateport = 0;</code><br />
						
            
            <a class="navhash" href="#374">#</a>
						
              <code id="374">  ^</code><br />
						
            
            <a class="navhash" href="#375">#</a>
						<span class="error">
              <code id="375">natpmpc.c:77:2: error: unknown type name 'uint16_t'</code><br />
						</span>
            
            <a class="navhash" href="#376">#</a>
						
              <code id="376">  uint16_t publicport = 0;</code><br />
						
            
            <a class="navhash" href="#377">#</a>
						
              <code id="377">  ^</code><br />
						
            
            <a class="navhash" href="#378">#</a>
						<span class="error">
              <code id="378">natpmpc.c:78:2: error: unknown type name 'uint32_t'</code><br />
						</span>
            
            <a class="navhash" href="#379">#</a>
						
              <code id="379">  uint32_t lifetime = 3600;</code><br />
						
            
            <a class="navhash" href="#380">#</a>
						
              <code id="380">  ^</code><br />
						
            
            <a class="navhash" href="#381">#</a>
						<span class="error">
              <code id="381">natpmpc.c:81:2: error: unknown type name 'in_addr_t'</code><br />
						</span>
            
            <a class="navhash" href="#382">#</a>
						
              <code id="382">  in_addr_t gateway = 0;</code><br />
						
            
            <a class="navhash" href="#383">#</a>
						
              <code id="383">  ^</code><br />
						
            
            <a class="navhash" href="#384">#</a>
						
              <code id="384">natpmpc.c:82:17: error: storage size of 'gateway_in_use' isn't known</code><br />
						
            
            <a class="navhash" href="#385">#</a>
						
              <code id="385">  struct in_addr gateway_in_use;</code><br />
						
            
            <a class="navhash" href="#386">#</a>
						
              <code id="386">                 ^</code><br />
						
            
            <a class="navhash" href="#387">#</a>
						
              <code id="387">natpmpc.c:99:5: warning: implicit declaration of function 'usage' [-Wimplicit-function-declaration]</code><br />
						
            
            <a class="navhash" href="#388">#</a>
						
              <code id="388">     usage(stdout, argv[0]);</code><br />
						
            
            <a class="navhash" href="#389">#</a>
						
              <code id="389">     ^</code><br />
						
            
            <a class="navhash" href="#390">#</a>
						
              <code id="390">natpmpc.c:99:11: error: 'stdout' undeclared (first use in this function)</code><br />
						
            
            <a class="navhash" href="#391">#</a>
						
              <code id="391">     usage(stdout, argv[0]);</code><br />
						
            
            <a class="navhash" href="#392">#</a>
						
              <code id="392">           ^</code><br />
						
            
            <a class="navhash" href="#393">#</a>
						
              <code id="393">natpmpc.c:99:11: note: each undeclared identifier is reported only once for each function it appears in</code><br />
						
            
            <a class="navhash" href="#394">#</a>
						
              <code id="394">natpmpc.c:104:6: warning: implicit declaration of function 'fprintf' [-Wimplicit-function-declaration]</code><br />
						
            
            <a class="navhash" href="#395">#</a>
						
              <code id="395">      fprintf(stderr, "Not enough arguments for option -%c\n", argv[i][1]);</code><br />
						
            
            <a class="navhash" href="#396">#</a>
						
              <code id="396">      ^</code><br />
						
            
            <a class="navhash" href="#397">#</a>
						
              <code id="397">natpmpc.c:104:6: warning: incompatible implicit declaration of built-in function 'fprintf' [enabled by default]</code><br />
						
            
            <a class="navhash" href="#398">#</a>
						
              <code id="398">natpmpc.c:104:14: error: 'stderr' undeclared (first use in this function)</code><br />
						
            
            <a class="navhash" href="#399">#</a>
						
              <code id="399">      fprintf(stderr, "Not enough arguments for option -%c\n", argv[i][1]);</code><br />
						
            
            <a class="navhash" href="#400">#</a>
						
              <code id="400">              ^</code><br />
						
            
            <a class="navhash" href="#401">#</a>
						
              <code id="401">natpmpc.c:107:5: warning: implicit declaration of function 'inet_addr' [-Wimplicit-function-declaration]</code><br />
						
            
            <a class="navhash" href="#402">#</a>
						
              <code id="402">     gateway = inet_addr(argv[++i]);</code><br />
						
            
            <a class="navhash" href="#403">#</a>
						
              <code id="403">     ^</code><br />
						
            
            <a class="navhash" href="#404">#</a>
						
              <code id="404">natpmpc.c:112:6: warning: incompatible implicit declaration of built-in function 'fprintf' [enabled by default]</code><br />
						
            
            <a class="navhash" href="#405">#</a>
						
              <code id="405">      fprintf(stderr, "Not enough arguments for option -%c\n", argv[i][1]);</code><br />
						
            
            <a class="navhash" href="#406">#</a>
						
              <code id="406">      ^</code><br />
						
            
            <a class="navhash" href="#407">#</a>
						
              <code id="407">natpmpc.c:116:5: warning: implicit declaration of function 'sscanf' [-Wimplicit-function-declaration]</code><br />
						
            
            <a class="navhash" href="#408">#</a>
						
              <code id="408">     if(1 != sscanf(argv[i], "%hu", &publicport)) {</code><br />
						
            
            <a class="navhash" href="#409">#</a>
						
              <code id="409">     ^</code><br />
						
            
            <a class="navhash" href="#410">#</a>
						
              <code id="410">natpmpc.c:116:13: warning: incompatible implicit declaration of built-in function 'sscanf' [enabled by default]</code><br />
						
            
            <a class="navhash" href="#411">#</a>
						
              <code id="411">     if(1 != sscanf(argv[i], "%hu", &publicport)) {</code><br />
						
            
            <a class="navhash" href="#412">#</a>
						
              <code id="412">             ^</code><br />
						
            
            <a class="navhash" href="#413">#</a>
						
              <code id="413">natpmpc.c:116:5: warning: format '%hu' expects argument of type 'short unsigned int *', but argument 3 has type 'int *' [-Wformat=]</code><br />
						
            
            <a class="navhash" href="#414">#</a>
						
              <code id="414">     if(1 != sscanf(argv[i], "%hu", &publicport)) {</code><br />
						
            
            <a class="navhash" href="#415">#</a>
						
              <code id="415">     ^</code><br />
						
            
            <a class="navhash" href="#416">#</a>
						
              <code id="416">natpmpc.c:117:6: warning: incompatible implicit declaration of built-in function 'fprintf' [enabled by default]</code><br />
						
            
            <a class="navhash" href="#417">#</a>
						
              <code id="417">      fprintf(stderr, "%s is not a correct 16bits unsigned integer\n", argv[i]);</code><br />
						
            
            <a class="navhash" href="#418">#</a>
						
              <code id="418">      ^</code><br />
						
            
            <a class="navhash" href="#419">#</a>
						
              <code id="419">natpmpc.c:121:5: warning: format '%hu' expects argument of type 'short unsigned int *', but argument 3 has type 'int *' [-Wformat=]</code><br />
						
            
            <a class="navhash" href="#420">#</a>
						
              <code id="420">     if(1 != sscanf(argv[i], "%hu", &privateport)) {</code><br />
						
            
            <a class="navhash" href="#421">#</a>
						
              <code id="421">     ^</code><br />
						
            
            <a class="navhash" href="#422">#</a>
						
              <code id="422">natpmpc.c:122:6: warning: incompatible implicit declaration of built-in function 'fprintf' [enabled by default]</code><br />
						
            
            <a class="navhash" href="#423">#</a>
						
              <code id="423">      fprintf(stderr, "%s is not a correct 16bits unsigned integer\n", argv[i]);</code><br />
						
            
            <a class="navhash" href="#424">#</a>
						
              <code id="424">      ^</code><br />
						
            
            <a class="navhash" href="#425">#</a>
						
              <code id="425">natpmpc.c:126:5: warning: implicit declaration of function 'strcasecmp' [-Wimplicit-function-declaration]</code><br />
						
            
            <a class="navhash" href="#426">#</a>
						
              <code id="426">     if(0 == strcasecmp(argv[i], "tcp"))</code><br />
						
            
            <a class="navhash" href="#427">#</a>
						
              <code id="427">     ^</code><br />
						
            
            <a class="navhash" href="#428">#</a>
						
              <code id="428">natpmpc.c:131:6: warning: incompatible implicit declaration of built-in function 'fprintf' [enabled by default]</code><br />
						
            
            <a class="navhash" href="#429">#</a>
						
              <code id="429">      fprintf(stderr, "%s is not a valid protocol\n", argv[i]);</code><br />
						
            
            <a class="navhash" href="#430">#</a>
						
              <code id="430">      ^</code><br />
						
            
            <a class="navhash" href="#431">#</a>
						
              <code id="431">natpmpc.c:136:7: warning: incompatible implicit declaration of built-in function 'fprintf' [enabled by default]</code><br />
						
            
            <a class="navhash" href="#432">#</a>
						
              <code id="432">       fprintf(stderr, "%s is not a correct 32bits unsigned integer\n", argv[i]);</code><br />
						
            
            <a class="navhash" href="#433">#</a>
						
              <code id="433">       ^</code><br />
						
            
            <a class="navhash" href="#434">#</a>
						
              <code id="434">natpmpc.c:143:5: warning: incompatible implicit declaration of built-in function 'fprintf' [enabled by default]</code><br />
						
            
            <a class="navhash" href="#435">#</a>
						
              <code id="435">     fprintf(stderr, "Unknown option %s\n", argv[i]);</code><br />
						
            
            <a class="navhash" href="#436">#</a>
						
              <code id="436">     ^</code><br />
						
            
            <a class="navhash" href="#437">#</a>
						
              <code id="437">natpmpc.c:148:4: warning: incompatible implicit declaration of built-in function 'fprintf' [enabled by default]</code><br />
						
            
            <a class="navhash" href="#438">#</a>
						
              <code id="438">    fprintf(stderr, "Unknown option %s\n", argv[i]);</code><br />
						
            
            <a class="navhash" href="#439">#</a>
						
              <code id="439">    ^</code><br />
						
            
            <a class="navhash" href="#440">#</a>
						
              <code id="440">natpmpc.c:155:2: warning: implicit declaration of function 'initnatpmp' [-Wimplicit-function-declaration]</code><br />
						
            
            <a class="navhash" href="#441">#</a>
						
              <code id="441">  r = initnatpmp(&natpmp, forcegw, gateway);</code><br />
						
            
            <a class="navhash" href="#442">#</a>
						
              <code id="442">  ^</code><br />
						
            
            <a class="navhash" href="#443">#</a>
						
              <code id="443">natpmpc.c:156:2: warning: implicit declaration of function 'printf' [-Wimplicit-function-declaration]</code><br />
						
            
            <a class="navhash" href="#444">#</a>
						
              <code id="444">  printf("initnatpmp() returned %d (%s)\n", r, r?"FAILED":"SUCCESS");</code><br />
						
            
            <a class="navhash" href="#445">#</a>
						
              <code id="445">  ^</code><br />
						
            
            <a class="navhash" href="#446">#</a>
						
              <code id="446">natpmpc.c:156:2: warning: incompatible implicit declaration of built-in function 'printf' [enabled by default]</code><br />
						
            
            <a class="navhash" href="#447">#</a>
						
              <code id="447">natpmpc.c:161:2: warning: implicit declaration of function 'inet_ntoa' [-Wimplicit-function-declaration]</code><br />
						
            
            <a class="navhash" href="#448">#</a>
						
              <code id="448">  printf("using gateway : %s\n", inet_ntoa(gateway_in_use));</code><br />
						
            
            <a class="navhash" href="#449">#</a>
						
              <code id="449">  ^</code><br />
						
            
            <a class="navhash" href="#450">#</a>
						
              <code id="450">natpmpc.c:171:3: warning: implicit declaration of function 'FD_ZERO' [-Wimplicit-function-declaration]</code><br />
						
            
            <a class="navhash" href="#451">#</a>
						
              <code id="451">   FD_ZERO(&fds);</code><br />
						
            
            <a class="navhash" href="#452">#</a>
						
              <code id="452">   ^</code><br />
						
            
            <a class="navhash" href="#453">#</a>
						
              <code id="453">natpmpc.c:172:3: warning: implicit declaration of function 'FD_SET' [-Wimplicit-function-declaration]</code><br />
						
            
            <a class="navhash" href="#454">#</a>
						
              <code id="454">   FD_SET(natpmp.s, &fds);</code><br />
						
            
            <a class="navhash" href="#455">#</a>
						
              <code id="455">   ^</code><br />
						
            
            <a class="navhash" href="#456">#</a>
						
              <code id="456">natpmpc.c:174:3: warning: implicit declaration of function 'select' [-Wimplicit-function-declaration]</code><br />
						
            
            <a class="navhash" href="#457">#</a>
						
              <code id="457">   r = select(FD_SETSIZE, &fds, NULL, NULL, &timeout);</code><br />
						
            
            <a class="navhash" href="#458">#</a>
						
              <code id="458">   ^</code><br />
						
            
            <a class="navhash" href="#459">#</a>
						
              <code id="459">natpmpc.c:174:14: error: 'FD_SETSIZE' undeclared (first use in this function)</code><br />
						
            
            <a class="navhash" href="#460">#</a>
						
              <code id="460">   r = select(FD_SETSIZE, &fds, NULL, NULL, &timeout);</code><br />
						
            
            <a class="navhash" href="#461">#</a>
						
              <code id="461">              ^</code><br />
						
            
            <a class="navhash" href="#462">#</a>
						
              <code id="462">natpmpc.c:174:32: error: 'NULL' undeclared (first use in this function)</code><br />
						
            
            <a class="navhash" href="#463">#</a>
						
              <code id="463">   r = select(FD_SETSIZE, &fds, NULL, NULL, &timeout);</code><br />
						
            
            <a class="navhash" href="#464">#</a>
						
              <code id="464">                                ^</code><br />
						
            
            <a class="navhash" href="#465">#</a>
						
              <code id="465">natpmpc.c:176:4: warning: incompatible implicit declaration of built-in function 'fprintf' [enabled by default]</code><br />
						
            
            <a class="navhash" href="#466">#</a>
						
              <code id="466">    fprintf(stderr, "select()");</code><br />
						
            
            <a class="navhash" href="#467">#</a>
						
              <code id="467">    ^</code><br />
						
            
            <a class="navhash" href="#468">#</a>
						
              <code id="468">natpmpc.c:180:15: error: 'errno' undeclared (first use in this function)</code><br />
						
            
            <a class="navhash" href="#469">#</a>
						
              <code id="469">   sav_errno = errno;</code><br />
						
            
            <a class="navhash" href="#470">#</a>
						
              <code id="470">               ^</code><br />
						
            
            <a class="navhash" href="#471">#</a>
						
              <code id="471">natpmpc.c:185:4: warning: incompatible implicit declaration of built-in function 'fprintf' [enabled by default]</code><br />
						
            
            <a class="navhash" href="#472">#</a>
						
              <code id="472">    fprintf(stderr, "readnatpmpresponseorretry() failed : %s\n",</code><br />
						
            
            <a class="navhash" href="#473">#</a>
						
              <code id="473">    ^</code><br />
						
            
            <a class="navhash" href="#474">#</a>
						
              <code id="474">natpmpc.c:189:12: warning: implicit declaration of function 'strerror' [-Wimplicit-function-declaration]</code><br />
						
            
            <a class="navhash" href="#475">#</a>
						
              <code id="475">            sav_errno, strerror(sav_errno));</code><br />
						
            
            <a class="navhash" href="#476">#</a>
						
              <code id="476">            ^</code><br />
						
            
            <a class="navhash" href="#477">#</a>
						
              <code id="477">natpmpc.c:201:3: warning: implicit declaration of function 'sendnewportmappingrequest' [-Wimplicit-function-declaration]</code><br />
						
            
            <a class="navhash" href="#478">#</a>
						
              <code id="478">   r = sendnewportmappingrequest(&natpmp, protocol,</code><br />
						
            
            <a class="navhash" href="#479">#</a>
						
              <code id="479">   ^</code><br />
						
            
            <a class="navhash" href="#480">#</a>
						
              <code id="480">natpmpc.c:220:4: warning: incompatible implicit declaration of built-in function 'fprintf' [enabled by default]</code><br />
						
            
            <a class="navhash" href="#481">#</a>
						
              <code id="481">    fprintf(stderr, "readnatpmpresponseorretry() failed : %s\n",</code><br />
						
            
            <a class="navhash" href="#482">#</a>
						
              <code id="482">    ^</code><br />
						
            
            <a class="navhash" href="#483">#</a>
						
              <code id="483">natpmpc.c:82:17: warning: unused variable 'gateway_in_use' [-Wunused-variable]</code><br />
						
            
            <a class="navhash" href="#484">#</a>
						
              <code id="484">  struct in_addr gateway_in_use;</code><br />
						
            
            <a class="navhash" href="#485">#</a>
						
              <code id="485">                 ^</code><br />
						
            
            <a class="navhash" href="#486">#</a>
						
              <code id="486">natpmpc.c:72:17: warning: unused variable 'timeout' [-Wunused-variable]</code><br />
						
            
            <a class="navhash" href="#487">#</a>
						
              <code id="487">  struct timeval timeout;</code><br />
						
            
            <a class="navhash" href="#488">#</a>
						
              <code id="488">                 ^</code><br />
						
            
            <a class="navhash" href="#489">#</a>
						
              <code id="489">make: *** [<builtin>: natpmpc.o] Error 1</code><br />
						
            
            <a class="navhash" href="#490">#</a>
						
              <code id="490">==> ERROR: A failure occurred in build().</code><br />
						
            
            <a class="navhash" href="#491">#</a>
						
              <code id="491">    Aborting...</code><br />
						
            
          </div>
        
      </div>
      <br />
    
  </body>
</html>