<!DOCTYPE html>
<html>
<!-- Jinja template for reports of individual builds

  Copyright 2016 Kareem Khazem. All Rights Reserved.
  Licensed under the Apache License, Version 2.0 (the "License");
  you may not use this file except in compliance with the License.
  You may obtain a copy of the License at

 		 http://www.apache.org/licenses/LICENSE-2.0

  Unless required by applicable law or agreed to in writing, software
  distributed under the License is distributed on an "AS IS" BASIS,
  WITHOUT WARRANTIES OR CONDITIONS OF ANY KIND, either express or
  implied.
  See the License for the specific language governing permissions and
  limitations under the License.
-->
  <head>
    <meta charset="UTF-8">
    <title>android/mkinitcpio-busybox</title>
    <link href='https://fonts.googleapis.com/css?family=Roboto:400,900'
          rel='stylesheet' type='text/css'>
    <link
    href='https://fonts.googleapis.com/css?family=Source+Code+Pro:400,700'
          rel='stylesheet' type='text/css'>
    <link href="../style.css" type="text/css" rel="stylesheet">
  </head>
  <body>
    <h1>Build of mkinitcpio-busybox
        with <a href="../index.html">android</a>
        toolchain</h1>
    <p>The build took 00h 00m 55s and was
    NOT successful.</p>
    <p>
    The program in this build is written in the following languages,
    according to <a
    href="http://www.dwheeler.com/sloccount/">sloccount</a>:
    </p>
    <table>
      <tr><th>SLOC</th><th>Language</th></tr>
      
      <tr><td class="loc"><code>161,250</code></td>
          <td class="lang">ansic</td></tr>
      <tr><td class="loc"><code>6,912</code></td>
          <td class="lang">sh</td></tr>
      <tr><td class="loc"><code>1,428</code></td>
          <td class="lang">cpp</td></tr>
      <tr><td class="loc"><code>570</code></td>
          <td class="lang">yacc</td></tr>
      <tr><td class="loc"><code>355</code></td>
          <td class="lang">lex</td></tr>
      <tr><td class="loc"><code>312</code></td>
          <td class="lang">perl</td></tr>
      <tr><td class="loc"><code>109</code></td>
          <td class="lang">python</td></tr>
      <tr><td class="loc"><code>29</code></td>
          <td class="lang">awk</td></tr>
      <tr><td><code>170,965</code></td>
          <td><em>total</em></td></tr>
    </table>
    <p>
      The process tree of the build process is <a
      href="mkinitcpio-busybox-tree.html">here</a>.
    </p>
    
    
      <p>
      Several sub-process invocations were improper; see the process tree
      for details. Summary:
      </p>
      <ul>
        <li>hardcoded invocation:<ul>
            <li>&times;25: /usr/sbin/gcc</li>
        </ul></li>
      </ul>
    
    
    
    
    <h2>List of Errors</h2>
    <ul>
      
      <li>unknown_type
        <ul>
          
          <li><a href="#156">scripts/basic/fixdep.c:226:35: error: unknown type name 'size_t'</a></li>
          
          <li><a href="#186">scripts/basic/fixdep.c:314:32: error: unknown type name 'size_t'</a></li>
          
        </ul>
      </li>
      
    </ul>
    
    
    <h2>Log</h2>
    <p>
    To avoid scrolling, you may jump to the <a
    href="#220">last line</a> of the
    invocation of <code>makepkg</code> that was used to build this
    package.
    </p>
    
    
      <div class="block">
        <div class="info">
          <code>Removed vanilla repositories from pacman.conf and added:</code>
        </div>
        
          <div class="output">
            
            <a class="navhash" href="#1">#</a>
						
              <code id="1">[tuscan]</code><br />
						
            
            <a class="navhash" href="#2">#</a>
						
              <code id="2">Server = file:///var/cache/pacman/pkg/</code><br />
						
            
          </div>
        
      </div>
      <br />
    
      <div class="block">
        <div class="command">
          <code><span class="prompt">CMD: </span>pacman -Syy --noconfirm</code>
        </div>
        
          <div class="output">
            
            <a class="navhash" href="#3">#</a>
						
              <code id="3">:: Synchronizing package databases...</code><br />
						
            
            <a class="navhash" href="#4">#</a>
						
              <code id="4">downloading tuscan.db...</code><br />
						
            
          </div>
        
      </div>
      <br />
    
      <div class="block">
        <div class="info">
          <code>Copied permanent toolchain into container-local sysroot</code>
        </div>
        
          <div class="output">
            
            <a class="navhash" href="#5">#</a>
						
              <code id="5">/toolchain_root/arm-linux-androideabi  -->  /sysroot/arm-linux-androideabi</code><br />
						
            
            <a class="navhash" href="#6">#</a>
						
              <code id="6">/toolchain_root/COPYING3.LIB  -->  /sysroot/COPYING3.LIB</code><br />
						
            
            <a class="navhash" href="#7">#</a>
						
              <code id="7">/toolchain_root/sysroot  -->  /sysroot/sysroot</code><br />
						
            
            <a class="navhash" href="#8">#</a>
						
              <code id="8">/toolchain_root/COPYING.RUNTIME  -->  /sysroot/COPYING.RUNTIME</code><br />
						
            
            <a class="navhash" href="#9">#</a>
						
              <code id="9">/toolchain_root/lib  -->  /sysroot/lib</code><br />
						
            
            <a class="navhash" href="#10">#</a>
						
              <code id="10">/toolchain_root/SOURCES  -->  /sysroot/SOURCES</code><br />
						
            
            <a class="navhash" href="#11">#</a>
						
              <code id="11">/toolchain_root/lib64  -->  /sysroot/lib64</code><br />
						
            
            <a class="navhash" href="#12">#</a>
						
              <code id="12">/toolchain_root/share  -->  /sysroot/share</code><br />
						
            
            <a class="navhash" href="#13">#</a>
						
              <code id="13">/toolchain_root/bin  -->  /sysroot/bin</code><br />
						
            
            <a class="navhash" href="#14">#</a>
						
              <code id="14">/toolchain_root/COPYING  -->  /sysroot/COPYING</code><br />
						
            
            <a class="navhash" href="#15">#</a>
						
              <code id="15">/toolchain_root/COPYING3  -->  /sysroot/COPYING3</code><br />
						
            
            <a class="navhash" href="#16">#</a>
						
              <code id="16">/toolchain_root/COPYING.LIB  -->  /sysroot/COPYING.LIB</code><br />
						
            
            <a class="navhash" href="#17">#</a>
						
              <code id="17">/toolchain_root/include  -->  /sysroot/include</code><br />
						
            
            <a class="navhash" href="#18">#</a>
						
              <code id="18">/toolchain_root/libexec  -->  /sysroot/libexec</code><br />
						
            
          </div>
        
      </div>
      <br />
    
      <div class="block">
        <div class="command">
          <code><span class="prompt">CMD: </span>sudo -u tuscan PATH=/sysroot/bin:/sysroot/libexec/gcc/arm-linux-androideabi/4.8:/usr/local/sbin:/usr/local/bin:/usr/sbin:/usr/bin:/sbin:/bin CC=arm-linux-androideabi-gcc CXX=arm-linux-androideabi-g++ red makepkg --noextract --syncdeps --skipinteg --skippgpcheck --skipchecksums --noconfirm --nocolor --log --noprogressbar --nocheck</code>
        </div>
        
          <div class="output">
            
            <a class="navhash" href="#19">#</a>
						
              <code id="19">==> Making package: mkinitcpio-busybox 1.24.2-1 (Tue Aug 23 12:42:00 UTC 2016)</code><br />
						
            
            <a class="navhash" href="#20">#</a>
						
              <code id="20">==> Checking runtime dependencies...</code><br />
						
            
            <a class="navhash" href="#21">#</a>
						
              <code id="21">==> Checking buildtime dependencies...</code><br />
						
            
            <a class="navhash" href="#22">#</a>
						
              <code id="22">==> WARNING: Using existing $srcdir/ tree</code><br />
						
            
            <a class="navhash" href="#23">#</a>
						
              <code id="23">==> Starting build()...</code><br />
						
            
            <a class="navhash" href="#24">#</a>
						
              <code id="24">make: Entering directory '/tmp/mkinitcpio-busybox/src/busybox-1.24.2'</code><br />
						
            
            <a class="navhash" href="#25">#</a>
						
              <code id="25">cc1: error: no include path in which to search for stdc-predef.h</code><br />
						
            
            <a class="navhash" href="#26">#</a>
						
              <code id="26">  GEN     include/applets.h</code><br />
						
            
            <a class="navhash" href="#27">#</a>
						
              <code id="27">  GEN     include/usage.h</code><br />
						
            
            <a class="navhash" href="#28">#</a>
						
              <code id="28">  GEN     selinux/Kbuild</code><br />
						
            
            <a class="navhash" href="#29">#</a>
						
              <code id="29">  GEN     selinux/Config.in</code><br />
						
            
            <a class="navhash" href="#30">#</a>
						
              <code id="30">  GEN     editors/Kbuild</code><br />
						
            
            <a class="navhash" href="#31">#</a>
						
              <code id="31">  GEN     editors/Config.in</code><br />
						
            
            <a class="navhash" href="#32">#</a>
						
              <code id="32">  GEN     util-linux/Kbuild</code><br />
						
            
            <a class="navhash" href="#33">#</a>
						
              <code id="33">  GEN     util-linux/Config.in</code><br />
						
            
            <a class="navhash" href="#34">#</a>
						
              <code id="34">  GEN     util-linux/volume_id/Kbuild</code><br />
						
            
            <a class="navhash" href="#35">#</a>
						
              <code id="35">  GEN     util-linux/volume_id/Config.in</code><br />
						
            
            <a class="navhash" href="#36">#</a>
						
              <code id="36">  GEN     e2fsprogs/Kbuild</code><br />
						
            
            <a class="navhash" href="#37">#</a>
						
              <code id="37">  GEN     e2fsprogs/Config.in</code><br />
						
            
            <a class="navhash" href="#38">#</a>
						
              <code id="38">  GEN     console-tools/Kbuild</code><br />
						
            
            <a class="navhash" href="#39">#</a>
						
              <code id="39">  GEN     console-tools/Config.in</code><br />
						
            
            <a class="navhash" href="#40">#</a>
						
              <code id="40">  GEN     loginutils/Kbuild</code><br />
						
            
            <a class="navhash" href="#41">#</a>
						
              <code id="41">  GEN     loginutils/Config.in</code><br />
						
            
            <a class="navhash" href="#42">#</a>
						
              <code id="42">  GEN     archival/Kbuild</code><br />
						
            
            <a class="navhash" href="#43">#</a>
						
              <code id="43">  GEN     archival/Config.in</code><br />
						
            
            <a class="navhash" href="#44">#</a>
						
              <code id="44">  GEN     archival/libarchive/Kbuild</code><br />
						
            
            <a class="navhash" href="#45">#</a>
						
              <code id="45">  GEN     runit/Kbuild</code><br />
						
            
            <a class="navhash" href="#46">#</a>
						
              <code id="46">  GEN     runit/Config.in</code><br />
						
            
            <a class="navhash" href="#47">#</a>
						
              <code id="47">  GEN     procps/Kbuild</code><br />
						
            
            <a class="navhash" href="#48">#</a>
						
              <code id="48">  GEN     procps/Config.in</code><br />
						
            
            <a class="navhash" href="#49">#</a>
						
              <code id="49">  GEN     libbb/Kbuild</code><br />
						
            
            <a class="navhash" href="#50">#</a>
						
              <code id="50">  GEN     libbb/Config.in</code><br />
						
            
            <a class="navhash" href="#51">#</a>
						
              <code id="51">  GEN     applets/Kbuild</code><br />
						
            
            <a class="navhash" href="#52">#</a>
						
              <code id="52">  GEN     debianutils/Kbuild</code><br />
						
            
            <a class="navhash" href="#53">#</a>
						
              <code id="53">  GEN     debianutils/Config.in</code><br />
						
            
            <a class="navhash" href="#54">#</a>
						
              <code id="54">  GEN     libpwdgrp/Kbuild</code><br />
						
            
            <a class="navhash" href="#55">#</a>
						
              <code id="55">  GEN     init/Kbuild</code><br />
						
            
            <a class="navhash" href="#56">#</a>
						
              <code id="56">  GEN     init/Config.in</code><br />
						
            
            <a class="navhash" href="#57">#</a>
						
              <code id="57">  GEN     scripts/Kbuild</code><br />
						
            
            <a class="navhash" href="#58">#</a>
						
              <code id="58">  GEN     mailutils/Kbuild</code><br />
						
            
            <a class="navhash" href="#59">#</a>
						
              <code id="59">  GEN     mailutils/Config.in</code><br />
						
            
            <a class="navhash" href="#60">#</a>
						
              <code id="60">  GEN     sysklogd/Kbuild</code><br />
						
            
            <a class="navhash" href="#61">#</a>
						
              <code id="61">  GEN     sysklogd/Config.in</code><br />
						
            
            <a class="navhash" href="#62">#</a>
						
              <code id="62">  GEN     shell/Kbuild</code><br />
						
            
            <a class="navhash" href="#63">#</a>
						
              <code id="63">  GEN     shell/Config.in</code><br />
						
            
            <a class="navhash" href="#64">#</a>
						
              <code id="64">  GEN     modutils/Kbuild</code><br />
						
            
            <a class="navhash" href="#65">#</a>
						
              <code id="65">  GEN     modutils/Config.in</code><br />
						
            
            <a class="navhash" href="#66">#</a>
						
              <code id="66">  GEN     findutils/Kbuild</code><br />
						
            
            <a class="navhash" href="#67">#</a>
						
              <code id="67">  GEN     findutils/Config.in</code><br />
						
            
            <a class="navhash" href="#68">#</a>
						
              <code id="68">  GEN     miscutils/Kbuild</code><br />
						
            
            <a class="navhash" href="#69">#</a>
						
              <code id="69">  GEN     miscutils/Config.in</code><br />
						
            
            <a class="navhash" href="#70">#</a>
						
              <code id="70">  GEN     coreutils/Kbuild</code><br />
						
            
            <a class="navhash" href="#71">#</a>
						
              <code id="71">  GEN     coreutils/Config.in</code><br />
						
            
            <a class="navhash" href="#72">#</a>
						
              <code id="72">  GEN     coreutils/libcoreutils/Kbuild</code><br />
						
            
            <a class="navhash" href="#73">#</a>
						
              <code id="73">  GEN     networking/Kbuild</code><br />
						
            
            <a class="navhash" href="#74">#</a>
						
              <code id="74">  GEN     networking/Config.in</code><br />
						
            
            <a class="navhash" href="#75">#</a>
						
              <code id="75">  GEN     networking/udhcp/Kbuild</code><br />
						
            
            <a class="navhash" href="#76">#</a>
						
              <code id="76">  GEN     networking/udhcp/Config.in</code><br />
						
            
            <a class="navhash" href="#77">#</a>
						
              <code id="77">  GEN     networking/libiproute/Kbuild</code><br />
						
            
            <a class="navhash" href="#78">#</a>
						
              <code id="78">  GEN     printutils/Kbuild</code><br />
						
            
            <a class="navhash" href="#79">#</a>
						
              <code id="79">  GEN     printutils/Config.in</code><br />
						
            
            <a class="navhash" href="#80">#</a>
						
              <code id="80">  HOSTCC  scripts/basic/fixdep</code><br />
						
            
            <a class="navhash" href="#81">#</a>
						
              <code id="81">cc1: error: no include path in which to search for stdc-predef.h</code><br />
						
            
            <a class="navhash" href="#82">#</a>
						
              <code id="82">scripts/basic/fixdep.c:105:23: error: no include path in which to search for sys/types.h</code><br />
						
            
            <a class="navhash" href="#83">#</a>
						
              <code id="83"> #include <sys/types.h></code><br />
						
            
            <a class="navhash" href="#84">#</a>
						
              <code id="84">                       ^</code><br />
						
            
            <a class="navhash" href="#85">#</a>
						
              <code id="85">scripts/basic/fixdep.c:106:22: error: no include path in which to search for sys/stat.h</code><br />
						
            
            <a class="navhash" href="#86">#</a>
						
              <code id="86"> #include <sys/stat.h></code><br />
						
            
            <a class="navhash" href="#87">#</a>
						
              <code id="87">                      ^</code><br />
						
            
            <a class="navhash" href="#88">#</a>
						
              <code id="88">scripts/basic/fixdep.c:107:22: error: no include path in which to search for sys/mman.h</code><br />
						
            
            <a class="navhash" href="#89">#</a>
						
              <code id="89"> #include <sys/mman.h></code><br />
						
            
            <a class="navhash" href="#90">#</a>
						
              <code id="90">                      ^</code><br />
						
            
            <a class="navhash" href="#91">#</a>
						
              <code id="91">scripts/basic/fixdep.c:108:20: error: no include path in which to search for unistd.h</code><br />
						
            
            <a class="navhash" href="#92">#</a>
						
              <code id="92"> #include <unistd.h></code><br />
						
            
            <a class="navhash" href="#93">#</a>
						
              <code id="93">                    ^</code><br />
						
            
            <a class="navhash" href="#94">#</a>
						
              <code id="94">scripts/basic/fixdep.c:109:19: error: no include path in which to search for fcntl.h</code><br />
						
            
            <a class="navhash" href="#95">#</a>
						
              <code id="95"> #include <fcntl.h></code><br />
						
            
            <a class="navhash" href="#96">#</a>
						
              <code id="96">                   ^</code><br />
						
            
            <a class="navhash" href="#97">#</a>
						
              <code id="97">scripts/basic/fixdep.c:110:20: error: no include path in which to search for string.h</code><br />
						
            
            <a class="navhash" href="#98">#</a>
						
              <code id="98"> #include <string.h></code><br />
						
            
            <a class="navhash" href="#99">#</a>
						
              <code id="99">                    ^</code><br />
						
            
            <a class="navhash" href="#100">#</a>
						
              <code id="100">scripts/basic/fixdep.c:111:20: error: no include path in which to search for stdlib.h</code><br />
						
            
            <a class="navhash" href="#101">#</a>
						
              <code id="101"> #include <stdlib.h></code><br />
						
            
            <a class="navhash" href="#102">#</a>
						
              <code id="102">                    ^</code><br />
						
            
            <a class="navhash" href="#103">#</a>
						
              <code id="103">scripts/basic/fixdep.c:112:19: error: no include path in which to search for stdio.h</code><br />
						
            
            <a class="navhash" href="#104">#</a>
						
              <code id="104"> #include <stdio.h></code><br />
						
            
            <a class="navhash" href="#105">#</a>
						
              <code id="105">                   ^</code><br />
						
            
            <a class="navhash" href="#106">#</a>
						
              <code id="106">scripts/basic/fixdep.c:113:20: error: no include path in which to search for limits.h</code><br />
						
            
            <a class="navhash" href="#107">#</a>
						
              <code id="107"> #include <limits.h></code><br />
						
            
            <a class="navhash" href="#108">#</a>
						
              <code id="108">                    ^</code><br />
						
            
            <a class="navhash" href="#109">#</a>
						
              <code id="109">scripts/basic/fixdep.c:114:19: error: no include path in which to search for ctype.h</code><br />
						
            
            <a class="navhash" href="#110">#</a>
						
              <code id="110"> #include <ctype.h></code><br />
						
            
            <a class="navhash" href="#111">#</a>
						
              <code id="111">                   ^</code><br />
						
            
            <a class="navhash" href="#112">#</a>
						
              <code id="112">scripts/basic/fixdep.c:115:23: error: no include path in which to search for arpa/inet.h</code><br />
						
            
            <a class="navhash" href="#113">#</a>
						
              <code id="113"> #include <arpa/inet.h></code><br />
						
            
            <a class="navhash" href="#114">#</a>
						
              <code id="114">                       ^</code><br />
						
            
            <a class="navhash" href="#115">#</a>
						
              <code id="115">scripts/basic/fixdep.c: In function 'usage':</code><br />
						
            
            <a class="navhash" href="#116">#</a>
						
              <code id="116">scripts/basic/fixdep.c:132:2: warning: incompatible implicit declaration of built-in function 'fprintf' [enabled by default]</code><br />
						
            
            <a class="navhash" href="#117">#</a>
						
              <code id="117">  fprintf(stderr, "Usage: fixdep <depfile> <target> <cmdline>\n");</code><br />
						
            
            <a class="navhash" href="#118">#</a>
						
              <code id="118">  ^</code><br />
						
            
            <a class="navhash" href="#119">#</a>
						
              <code id="119">scripts/basic/fixdep.c:132:10: error: 'stderr' undeclared (first use in this function)</code><br />
						
            
            <a class="navhash" href="#120">#</a>
						
              <code id="120">  fprintf(stderr, "Usage: fixdep <depfile> <target> <cmdline>\n");</code><br />
						
            
            <a class="navhash" href="#121">#</a>
						
              <code id="121">          ^</code><br />
						
            
            <a class="navhash" href="#122">#</a>
						
              <code id="122">scripts/basic/fixdep.c:132:10: note: each undeclared identifier is reported only once for each function it appears in</code><br />
						
            
            <a class="navhash" href="#123">#</a>
						
              <code id="123">scripts/basic/fixdep.c:133:2: warning: incompatible implicit declaration of built-in function 'exit' [enabled by default]</code><br />
						
            
            <a class="navhash" href="#124">#</a>
						
              <code id="124">  exit(1);</code><br />
						
            
            <a class="navhash" href="#125">#</a>
						
              <code id="125">  ^</code><br />
						
            
            <a class="navhash" href="#126">#</a>
						
              <code id="126">scripts/basic/fixdep.c: In function 'print_cmdline':</code><br />
						
            
            <a class="navhash" href="#127">#</a>
						
              <code id="127">scripts/basic/fixdep.c:141:2: warning: incompatible implicit declaration of built-in function 'printf' [enabled by default]</code><br />
						
            
            <a class="navhash" href="#128">#</a>
						
              <code id="128">  printf("cmd_%s := %s\n\n", target, cmdline);</code><br />
						
            
            <a class="navhash" href="#129">#</a>
						
              <code id="129">  ^</code><br />
						
            
            <a class="navhash" href="#130">#</a>
						
              <code id="130">scripts/basic/fixdep.c: At top level:</code><br />
						
            
            <a class="navhash" href="#131">#</a>
						
              <code id="131">scripts/basic/fixdep.c:144:22: error: 'NULL' undeclared here (not in a function)</code><br />
						
            
            <a class="navhash" href="#132">#</a>
						
              <code id="132"> char * str_config  = NULL;</code><br />
						
            
            <a class="navhash" href="#133">#</a>
						
              <code id="133">                      ^</code><br />
						
            
            <a class="navhash" href="#134">#</a>
						
              <code id="134">scripts/basic/fixdep.c: In function 'grow_config':</code><br />
						
            
            <a class="navhash" href="#135">#</a>
						
              <code id="135">scripts/basic/fixdep.c:157:16: warning: incompatible implicit declaration of built-in function 'realloc' [enabled by default]</code><br />
						
            
            <a class="navhash" href="#136">#</a>
						
              <code id="136">   str_config = realloc(str_config, size_config *= 2);</code><br />
						
            
            <a class="navhash" href="#137">#</a>
						
              <code id="137">                ^</code><br />
						
            
            <a class="navhash" href="#138">#</a>
						
              <code id="138">scripts/basic/fixdep.c:159:31: warning: incompatible implicit declaration of built-in function 'exit' [enabled by default]</code><br />
						
            
            <a class="navhash" href="#139">#</a>
						
              <code id="139">    { perror("fixdep:malloc"); exit(1); }</code><br />
						
            
            <a class="navhash" href="#140">#</a>
						
              <code id="140">                               ^</code><br />
						
            
            <a class="navhash" href="#141">#</a>
						
              <code id="141">scripts/basic/fixdep.c: In function 'define_config':</code><br />
						
            
            <a class="navhash" href="#142">#</a>
						
              <code id="142">scripts/basic/fixdep.c:188:2: warning: incompatible implicit declaration of built-in function 'memcpy' [enabled by default]</code><br />
						
            
            <a class="navhash" href="#143">#</a>
						
              <code id="143">  memcpy(str_config+len_config, name, len);</code><br />
						
            
            <a class="navhash" href="#144">#</a>
						
              <code id="144">  ^</code><br />
						
            
            <a class="navhash" href="#145">#</a>
						
              <code id="145">scripts/basic/fixdep.c: In function 'use_config':</code><br />
						
            
            <a class="navhash" href="#146">#</a>
						
              <code id="146">scripts/basic/fixdep.c:207:12: warning: incompatible implicit declaration of built-in function 'alloca' [enabled by default]</code><br />
						
            
            <a class="navhash" href="#147">#</a>
						
              <code id="147">  char *s = alloca(slen+1);</code><br />
						
            
            <a class="navhash" href="#148">#</a>
						
              <code id="148">            ^</code><br />
						
            
            <a class="navhash" href="#149">#</a>
						
              <code id="149">scripts/basic/fixdep.c:215:2: warning: incompatible implicit declaration of built-in function 'memcpy' [enabled by default]</code><br />
						
            
            <a class="navhash" href="#150">#</a>
						
              <code id="150">  memcpy(s, m, slen); s[slen] = 0;</code><br />
						
            
            <a class="navhash" href="#151">#</a>
						
              <code id="151">  ^</code><br />
						
            
            <a class="navhash" href="#152">#</a>
						
              <code id="152">scripts/basic/fixdep.c:223:2: warning: incompatible implicit declaration of built-in function 'printf' [enabled by default]</code><br />
						
            
            <a class="navhash" href="#153">#</a>
						
              <code id="153">  printf("    $(wildcard include/config/%s.h) \\\n", s);</code><br />
						
            
            <a class="navhash" href="#154">#</a>
						
              <code id="154">  ^</code><br />
						
            
            <a class="navhash" href="#155">#</a>
						
              <code id="155">scripts/basic/fixdep.c: At top level:</code><br />
						
            
            <a class="navhash" href="#156">#</a>
						<span class="error">
              <code id="156">scripts/basic/fixdep.c:226:35: error: unknown type name 'size_t'</code><br />
						</span>
            
            <a class="navhash" href="#157">#</a>
						
              <code id="157"> void parse_config_file(char *map, size_t len)</code><br />
						
            
            <a class="navhash" href="#158">#</a>
						
              <code id="158">                                   ^</code><br />
						
            
            <a class="navhash" href="#159">#</a>
						
              <code id="159">scripts/basic/fixdep.c: In function 'strrcmp':</code><br />
						
            
            <a class="navhash" href="#160">#</a>
						
              <code id="160">scripts/basic/fixdep.c:274:13: warning: incompatible implicit declaration of built-in function 'strlen' [enabled by default]</code><br />
						
            
            <a class="navhash" href="#161">#</a>
						
              <code id="161">  int slen = strlen(s);</code><br />
						
            
            <a class="navhash" href="#162">#</a>
						
              <code id="162">             ^</code><br />
						
            
            <a class="navhash" href="#163">#</a>
						
              <code id="163">scripts/basic/fixdep.c: In function 'do_config_file':</code><br />
						
            
            <a class="navhash" href="#164">#</a>
						
              <code id="164">scripts/basic/fixdep.c:285:14: error: storage size of 'st' isn't known</code><br />
						
            
            <a class="navhash" href="#165">#</a>
						
              <code id="165">  struct stat st;</code><br />
						
            
            <a class="navhash" href="#166">#</a>
						
              <code id="166">              ^</code><br />
						
            
            <a class="navhash" href="#167">#</a>
						
              <code id="167">scripts/basic/fixdep.c:289:22: error: 'O_RDONLY' undeclared (first use in this function)</code><br />
						
            
            <a class="navhash" href="#168">#</a>
						
              <code id="168">  fd = open(filename, O_RDONLY);</code><br />
						
            
            <a class="navhash" href="#169">#</a>
						
              <code id="169">                      ^</code><br />
						
            
            <a class="navhash" href="#170">#</a>
						
              <code id="170">scripts/basic/fixdep.c:291:3: warning: incompatible implicit declaration of built-in function 'fprintf' [enabled by default]</code><br />
						
            
            <a class="navhash" href="#171">#</a>
						
              <code id="171">   fprintf(stderr, "fixdep: ");</code><br />
						
            
            <a class="navhash" href="#172">#</a>
						
              <code id="172">   ^</code><br />
						
            
            <a class="navhash" href="#173">#</a>
						
              <code id="173">scripts/basic/fixdep.c:291:11: error: 'stderr' undeclared (first use in this function)</code><br />
						
            
            <a class="navhash" href="#174">#</a>
						
              <code id="174">   fprintf(stderr, "fixdep: ");</code><br />
						
            
            <a class="navhash" href="#175">#</a>
						
              <code id="175">           ^</code><br />
						
            
            <a class="navhash" href="#176">#</a>
						
              <code id="176">scripts/basic/fixdep.c:293:3: warning: incompatible implicit declaration of built-in function 'exit' [enabled by default]</code><br />
						
            
            <a class="navhash" href="#177">#</a>
						
              <code id="177">   exit(2);</code><br />
						
            
            <a class="navhash" href="#178">#</a>
						
              <code id="178">   ^</code><br />
						
            
            <a class="navhash" href="#179">#</a>
						
              <code id="179">scripts/basic/fixdep.c:300:31: error: 'PROT_READ' undeclared (first use in this function)</code><br />
						
            
            <a class="navhash" href="#180">#</a>
						
              <code id="180">  map = mmap(NULL, st.st_size, PROT_READ, MAP_PRIVATE, fd, 0);</code><br />
						
            
            <a class="navhash" href="#181">#</a>
						
              <code id="181">                               ^</code><br />
						
            
            <a class="navhash" href="#182">#</a>
						
              <code id="182">scripts/basic/fixdep.c:300:42: error: 'MAP_PRIVATE' undeclared (first use in this function)</code><br />
						
            
            <a class="navhash" href="#183">#</a>
						
              <code id="183">  map = mmap(NULL, st.st_size, PROT_READ, MAP_PRIVATE, fd, 0);</code><br />
						
            
            <a class="navhash" href="#184">#</a>
						
              <code id="184">                                          ^</code><br />
						
            
            <a class="navhash" href="#185">#</a>
						
              <code id="185">scripts/basic/fixdep.c: At top level:</code><br />
						
            
            <a class="navhash" href="#186">#</a>
						<span class="error">
              <code id="186">scripts/basic/fixdep.c:314:32: error: unknown type name 'size_t'</code><br />
						</span>
            
            <a class="navhash" href="#187">#</a>
						
              <code id="187"> void parse_dep_file(void *map, size_t len)</code><br />
						
            
            <a class="navhash" href="#188">#</a>
						
              <code id="188">                                ^</code><br />
						
            
            <a class="navhash" href="#189">#</a>
						
              <code id="189">scripts/basic/fixdep.c: In function 'print_deps':</code><br />
						
            
            <a class="navhash" href="#190">#</a>
						
              <code id="190">scripts/basic/fixdep.c:356:14: error: storage size of 'st' isn't known</code><br />
						
            
            <a class="navhash" href="#191">#</a>
						
              <code id="191">  struct stat st;</code><br />
						
            
            <a class="navhash" href="#192">#</a>
						
              <code id="192">              ^</code><br />
						
            
            <a class="navhash" href="#193">#</a>
						
              <code id="193">scripts/basic/fixdep.c:360:21: error: 'O_RDONLY' undeclared (first use in this function)</code><br />
						
            
            <a class="navhash" href="#194">#</a>
						
              <code id="194">  fd = open(depfile, O_RDONLY);</code><br />
						
            
            <a class="navhash" href="#195">#</a>
						
              <code id="195">                     ^</code><br />
						
            
            <a class="navhash" href="#196">#</a>
						
              <code id="196">scripts/basic/fixdep.c:362:3: warning: incompatible implicit declaration of built-in function 'fprintf' [enabled by default]</code><br />
						
            
            <a class="navhash" href="#197">#</a>
						
              <code id="197">   fprintf(stderr, "fixdep: ");</code><br />
						
            
            <a class="navhash" href="#198">#</a>
						
              <code id="198">   ^</code><br />
						
            
            <a class="navhash" href="#199">#</a>
						
              <code id="199">scripts/basic/fixdep.c:362:11: error: 'stderr' undeclared (first use in this function)</code><br />
						
            
            <a class="navhash" href="#200">#</a>
						
              <code id="200">   fprintf(stderr, "fixdep: ");</code><br />
						
            
            <a class="navhash" href="#201">#</a>
						
              <code id="201">           ^</code><br />
						
            
            <a class="navhash" href="#202">#</a>
						
              <code id="202">scripts/basic/fixdep.c:364:3: warning: incompatible implicit declaration of built-in function 'exit' [enabled by default]</code><br />
						
            
            <a class="navhash" href="#203">#</a>
						
              <code id="203">   exit(2);</code><br />
						
            
            <a class="navhash" href="#204">#</a>
						
              <code id="204">   ^</code><br />
						
            
            <a class="navhash" href="#205">#</a>
						
              <code id="205">scripts/basic/fixdep.c:368:3: warning: incompatible implicit declaration of built-in function 'fprintf' [enabled by default]</code><br />
						
            
            <a class="navhash" href="#206">#</a>
						
              <code id="206">   fprintf(stderr,"fixdep: %s is empty\n",depfile);</code><br />
						
            
            <a class="navhash" href="#207">#</a>
						
              <code id="207">   ^</code><br />
						
            
            <a class="navhash" href="#208">#</a>
						
              <code id="208">scripts/basic/fixdep.c:372:31: error: 'PROT_READ' undeclared (first use in this function)</code><br />
						
            
            <a class="navhash" href="#209">#</a>
						
              <code id="209">  map = mmap(NULL, st.st_size, PROT_READ, MAP_PRIVATE, fd, 0);</code><br />
						
            
            <a class="navhash" href="#210">#</a>
						
              <code id="210">                               ^</code><br />
						
            
            <a class="navhash" href="#211">#</a>
						
              <code id="211">scripts/basic/fixdep.c:372:42: error: 'MAP_PRIVATE' undeclared (first use in this function)</code><br />
						
            
            <a class="navhash" href="#212">#</a>
						
              <code id="212">  map = mmap(NULL, st.st_size, PROT_READ, MAP_PRIVATE, fd, 0);</code><br />
						
            
            <a class="navhash" href="#213">#</a>
						
              <code id="213">                                          ^</code><br />
						
            
            <a class="navhash" href="#214">#</a>
						
              <code id="214">make[2]: *** [scripts/Makefile.host:104: scripts/basic/fixdep] Error 1</code><br />
						
            
            <a class="navhash" href="#215">#</a>
						
              <code id="215">make[1]: *** [/tmp/mkinitcpio-busybox/src/busybox-1.24.2/Makefile:357: scripts_basic] Error 2</code><br />
						
            
            <a class="navhash" href="#216">#</a>
						
              <code id="216">make[1]: *** Waiting for unfinished jobs....</code><br />
						
            
            <a class="navhash" href="#217">#</a>
						
              <code id="217">make: *** [Makefile:519: include/autoconf.h] Error 2</code><br />
						
            
            <a class="navhash" href="#218">#</a>
						
              <code id="218">make: Leaving directory '/tmp/mkinitcpio-busybox/src/busybox-1.24.2'</code><br />
						
            
            <a class="navhash" href="#219">#</a>
						
              <code id="219">==> ERROR: A failure occurred in build().</code><br />
						
            
            <a class="navhash" href="#220">#</a>
						
              <code id="220">    Aborting...</code><br />
						
            
          </div>
        
      </div>
      <br />
    
  </body>
</html>