<!DOCTYPE html>
<html>
<!-- Jinja template for reports of individual builds

  Copyright 2016 Kareem Khazem. All Rights Reserved.
  Licensed under the Apache License, Version 2.0 (the "License");
  you may not use this file except in compliance with the License.
  You may obtain a copy of the License at

 		 http://www.apache.org/licenses/LICENSE-2.0

  Unless required by applicable law or agreed to in writing, software
  distributed under the License is distributed on an "AS IS" BASIS,
  WITHOUT WARRANTIES OR CONDITIONS OF ANY KIND, either express or
  implied.
  See the License for the specific language governing permissions and
  limitations under the License.
-->
  <head>
    <meta charset="UTF-8">
    <title>android/ocrad</title>
    <link href='https://fonts.googleapis.com/css?family=Roboto:400,900'
          rel='stylesheet' type='text/css'>
    <link
    href='https://fonts.googleapis.com/css?family=Source+Code+Pro:400,700'
          rel='stylesheet' type='text/css'>
    <link href="../style.css" type="text/css" rel="stylesheet">
  </head>
  <body>
    <h1>Build of ocrad
        with <a href="../index.html">android</a>
        toolchain</h1>
    <p>The build took 00h 01m 05s and was
    NOT successful.</p>
    <p>
    The program in this build is written in the following languages,
    according to <a
    href="http://www.dwheeler.com/sloccount/">sloccount</a>:
    </p>
    <table>
      <tr><th>SLOC</th><th>Language</th></tr>
      
      <tr><td class="loc"><code>9,478</code></td>
          <td class="lang">cpp</td></tr>
      <tr><td class="loc"><code>311</code></td>
          <td class="lang">sh</td></tr>
      <tr><td class="loc"><code>152</code></td>
          <td class="lang">makefile</td></tr>
      <tr><td><code>9,941</code></td>
          <td><em>total</em></td></tr>
    </table>
    <p>
      The process tree of the build process is <a
      href="ocrad-tree.html">here</a>.
    </p>
    
    
    
    
    
    
    <h2>Log</h2>
    <p>
    To avoid scrolling, you may jump to the <a
    href="#419">last line</a> of the
    invocation of <code>makepkg</code> that was used to build this
    package.
    </p>
    
    
      <div class="block">
        <div class="info">
          <code>Removed vanilla repositories from pacman.conf and added:</code>
        </div>
        
          <div class="output">
            
            <a class="navhash" href="#1">#</a>
						
              <code id="1">[tuscan]</code><br />
						
            
            <a class="navhash" href="#2">#</a>
						
              <code id="2">Server = file:///var/cache/pacman/pkg/</code><br />
						
            
          </div>
        
      </div>
      <br />
    
      <div class="block">
        <div class="command">
          <code><span class="prompt">CMD: </span>pacman -Syy --noconfirm</code>
        </div>
        
          <div class="output">
            
            <a class="navhash" href="#3">#</a>
						
              <code id="3">:: Synchronizing package databases...</code><br />
						
            
            <a class="navhash" href="#4">#</a>
						
              <code id="4">downloading tuscan.db...</code><br />
						
            
          </div>
        
      </div>
      <br />
    
      <div class="block">
        <div class="info">
          <code>Copied permanent toolchain into container-local sysroot</code>
        </div>
        
          <div class="output">
            
            <a class="navhash" href="#5">#</a>
						
              <code id="5">/toolchain_root/arm-linux-androideabi  -->  /sysroot/arm-linux-androideabi</code><br />
						
            
            <a class="navhash" href="#6">#</a>
						
              <code id="6">/toolchain_root/COPYING3.LIB  -->  /sysroot/COPYING3.LIB</code><br />
						
            
            <a class="navhash" href="#7">#</a>
						
              <code id="7">/toolchain_root/sysroot  -->  /sysroot/sysroot</code><br />
						
            
            <a class="navhash" href="#8">#</a>
						
              <code id="8">/toolchain_root/COPYING.RUNTIME  -->  /sysroot/COPYING.RUNTIME</code><br />
						
            
            <a class="navhash" href="#9">#</a>
						
              <code id="9">/toolchain_root/lib  -->  /sysroot/lib</code><br />
						
            
            <a class="navhash" href="#10">#</a>
						
              <code id="10">/toolchain_root/SOURCES  -->  /sysroot/SOURCES</code><br />
						
            
            <a class="navhash" href="#11">#</a>
						
              <code id="11">/toolchain_root/lib64  -->  /sysroot/lib64</code><br />
						
            
            <a class="navhash" href="#12">#</a>
						
              <code id="12">/toolchain_root/share  -->  /sysroot/share</code><br />
						
            
            <a class="navhash" href="#13">#</a>
						
              <code id="13">/toolchain_root/bin  -->  /sysroot/bin</code><br />
						
            
            <a class="navhash" href="#14">#</a>
						
              <code id="14">/toolchain_root/COPYING  -->  /sysroot/COPYING</code><br />
						
            
            <a class="navhash" href="#15">#</a>
						
              <code id="15">/toolchain_root/COPYING3  -->  /sysroot/COPYING3</code><br />
						
            
            <a class="navhash" href="#16">#</a>
						
              <code id="16">/toolchain_root/COPYING.LIB  -->  /sysroot/COPYING.LIB</code><br />
						
            
            <a class="navhash" href="#17">#</a>
						
              <code id="17">/toolchain_root/include  -->  /sysroot/include</code><br />
						
            
            <a class="navhash" href="#18">#</a>
						
              <code id="18">/toolchain_root/libexec  -->  /sysroot/libexec</code><br />
						
            
          </div>
        
      </div>
      <br />
    
      <div class="block">
        <div class="command">
          <code><span class="prompt">CMD: </span>sudo -u tuscan PATH=/sysroot/bin:/sysroot/libexec/gcc/arm-linux-androideabi/4.8:/usr/local/sbin:/usr/local/bin:/usr/sbin:/usr/bin:/sbin:/bin CC=arm-linux-androideabi-gcc CXX=arm-linux-androideabi-g++ red makepkg --noextract --syncdeps --skipinteg --skippgpcheck --skipchecksums --noconfirm --nocolor --log --noprogressbar --nocheck</code>
        </div>
        
          <div class="output">
            
            <a class="navhash" href="#19">#</a>
						
              <code id="19">==> Making package: ocrad 0.25-3 (Tue Apr  4 20:30:59 UTC 2017)</code><br />
						
            
            <a class="navhash" href="#20">#</a>
						
              <code id="20">==> Checking runtime dependencies...</code><br />
						
            
            <a class="navhash" href="#21">#</a>
						
              <code id="21">==> Checking buildtime dependencies...</code><br />
						
            
            <a class="navhash" href="#22">#</a>
						
              <code id="22">==> WARNING: Using existing $srcdir/ tree</code><br />
						
            
            <a class="navhash" href="#23">#</a>
						
              <code id="23">==> Starting build()...</code><br />
						
            
            <a class="navhash" href="#24">#</a>
						
              <code id="24">configure: WARNING: unrecognized option: '--build=x86_64-unknown-linux'</code><br />
						
            
            <a class="navhash" href="#25">#</a>
						
              <code id="25">configure: WARNING: unrecognized option: '--host=arm-linux-androideabi'</code><br />
						
            
            <a class="navhash" href="#26">#</a>
						
              <code id="26"></code><br />
						
            
            <a class="navhash" href="#27">#</a>
						
              <code id="27">creating config.status</code><br />
						
            
            <a class="navhash" href="#28">#</a>
						
              <code id="28">creating Makefile</code><br />
						
            
            <a class="navhash" href="#29">#</a>
						
              <code id="29">VPATH = .</code><br />
						
            
            <a class="navhash" href="#30">#</a>
						
              <code id="30">prefix = /usr</code><br />
						
            
            <a class="navhash" href="#31">#</a>
						
              <code id="31">exec_prefix = $(prefix)</code><br />
						
            
            <a class="navhash" href="#32">#</a>
						
              <code id="32">bindir = $(exec_prefix)/bin</code><br />
						
            
            <a class="navhash" href="#33">#</a>
						
              <code id="33">datarootdir = $(prefix)/share</code><br />
						
            
            <a class="navhash" href="#34">#</a>
						
              <code id="34">includedir = ${prefix}/include</code><br />
						
            
            <a class="navhash" href="#35">#</a>
						
              <code id="35">infodir = $(datarootdir)/info</code><br />
						
            
            <a class="navhash" href="#36">#</a>
						
              <code id="36">libdir = ${exec_prefix}/lib</code><br />
						
            
            <a class="navhash" href="#37">#</a>
						
              <code id="37">mandir = $(datarootdir)/man</code><br />
						
            
            <a class="navhash" href="#38">#</a>
						
              <code id="38">CXX = g++</code><br />
						
            
            <a class="navhash" href="#39">#</a>
						
              <code id="39">CPPFLAGS = </code><br />
						
            
            <a class="navhash" href="#40">#</a>
						
              <code id="40">CXXFLAGS = </code><br />
						
            
            <a class="navhash" href="#41">#</a>
						
              <code id="41">LDFLAGS = </code><br />
						
            
            <a class="navhash" href="#42">#</a>
						
              <code id="42">OK. Now you can run make.</code><br />
						
            
            <a class="navhash" href="#43">#</a>
						
              <code id="43">g++   -c -o common.o common.cc</code><br />
						
            
            <a class="navhash" href="#44">#</a>
						
              <code id="44">g++   -c -o segment.o segment.cc</code><br />
						
            
            <a class="navhash" href="#45">#</a>
						
              <code id="45">g++   -c -o mask.o mask.cc</code><br />
						
            
            <a class="navhash" href="#46">#</a>
						
              <code id="46">g++   -c -o rational.o rational.cc</code><br />
						
            
            <a class="navhash" href="#47">#</a>
						
              <code id="47">cc1plus: error: no include path in which to search for stdc-predef.h</code><br />
						
            
            <a class="navhash" href="#48">#</a>
						
              <code id="48">segment.cc:18:19: error: no include path in which to search for climits</code><br />
						
            
            <a class="navhash" href="#49">#</a>
						
              <code id="49"> #include <climits></code><br />
						
            
            <a class="navhash" href="#50">#</a>
						
              <code id="50">                   ^</code><br />
						
            
            <a class="navhash" href="#51">#</a>
						
              <code id="51">cc1plus: error: no include path in which to search for stdc-predef.h</code><br />
						
            
            <a class="navhash" href="#52">#</a>
						
              <code id="52">mask.cc:18:19: error: no include path in which to search for climits</code><br />
						
            
            <a class="navhash" href="#53">#</a>
						
              <code id="53"> #include <climits></code><br />
						
            
            <a class="navhash" href="#54">#</a>
						
              <code id="54">                   ^</code><br />
						
            
            <a class="navhash" href="#55">#</a>
						
              <code id="55">mask.cc:19:19: error: no include path in which to search for cstdlib</code><br />
						
            
            <a class="navhash" href="#56">#</a>
						
              <code id="56"> #include <cstdlib></code><br />
						
            
            <a class="navhash" href="#57">#</a>
						
              <code id="57">                   ^</code><br />
						
            
            <a class="navhash" href="#58">#</a>
						
              <code id="58">mask.cc:20:18: error: no include path in which to search for vector</code><br />
						
            
            <a class="navhash" href="#59">#</a>
						
              <code id="59"> #include <vector></code><br />
						
            
            <a class="navhash" href="#60">#</a>
						
              <code id="60">                  ^</code><br />
						
            
            <a class="navhash" href="#61">#</a>
						
              <code id="61">segment.cc: In member function 'int Csegment::distance(const Csegment&) const':</code><br />
						
            
            <a class="navhash" href="#62">#</a>
						
              <code id="62">segment.cc:47:41: error: 'INT_MAX' was not declared in this scope</code><br />
						
            
            <a class="navhash" href="#63">#</a>
						
              <code id="63">   if( !valid() || !seg.valid() ) return INT_MAX;</code><br />
						
            
            <a class="navhash" href="#64">#</a>
						
              <code id="64">                                         ^</code><br />
						
            
            <a class="navhash" href="#65">#</a>
						
              <code id="65">segment.cc: In member function 'int Csegment::distance(int) const':</code><br />
						
            
            <a class="navhash" href="#66">#</a>
						
              <code id="66">segment.cc:56:25: error: 'INT_MAX' was not declared in this scope</code><br />
						
            
            <a class="navhash" href="#67">#</a>
						
              <code id="67">   if( !valid() ) return INT_MAX;</code><br />
						
            
            <a class="navhash" href="#68">#</a>
						
              <code id="68">                         ^</code><br />
						
            
            <a class="navhash" href="#69">#</a>
						
              <code id="69">In file included from mask.cc:24:0:</code><br />
						
            
            <a class="navhash" href="#70">#</a>
						
              <code id="70">mask.h:20:3: error: 'vector' in namespace 'std' does not name a type</code><br />
						
            
            <a class="navhash" href="#71">#</a>
						
              <code id="71">   std::vector< Csegment > data;   // csegment in each line</code><br />
						
            
            <a class="navhash" href="#72">#</a>
						
              <code id="72">   ^</code><br />
						
            
            <a class="navhash" href="#73">#</a>
						
              <code id="73">mask.h: In constructor 'Mask::Mask(const Rectangle&)':</code><br />
						
            
            <a class="navhash" href="#74">#</a>
						
              <code id="74">mask.h:25:24: error: class 'Mask' does not have any field named 'data'</code><br />
						
            
            <a class="navhash" href="#75">#</a>
						
              <code id="75">     : Rectangle( re ), data( height(), Csegment( re.left(), re.right() ) ) {}</code><br />
						
            
            <a class="navhash" href="#76">#</a>
						
              <code id="76">                        ^</code><br />
						
            
            <a class="navhash" href="#77">#</a>
						
              <code id="77">cc1plus: error: no include path in which to search for stdc-predef.h</code><br />
						
            
            <a class="navhash" href="#78">#</a>
						
              <code id="78">make: *** [Makefile:67: segment.o] Error 1</code><br />
						
            
            <a class="navhash" href="#79">#</a>
						
              <code id="79">make: *** Waiting for unfinished jobs....</code><br />
						
            
            <a class="navhash" href="#80">#</a>
						
              <code id="80">common.cc:18:21: error: no include path in which to search for algorithm</code><br />
						
            
            <a class="navhash" href="#81">#</a>
						
              <code id="81"> #include <algorithm></code><br />
						
            
            <a class="navhash" href="#82">#</a>
						
              <code id="82">                     ^</code><br />
						
            
            <a class="navhash" href="#83">#</a>
						
              <code id="83">common.cc:19:18: error: no include path in which to search for cstdio</code><br />
						
            
            <a class="navhash" href="#84">#</a>
						
              <code id="84"> #include <cstdio></code><br />
						
            
            <a class="navhash" href="#85">#</a>
						
              <code id="85">                  ^</code><br />
						
            
            <a class="navhash" href="#86">#</a>
						
              <code id="86">mask.h: In constructor 'Mask::Mask(int, int, int, int)':</code><br />
						
            
            <a class="navhash" href="#87">#</a>
						
              <code id="87">mask.h:27:32: error: class 'Mask' does not have any field named 'data'</code><br />
						
            
            <a class="navhash" href="#88">#</a>
						
              <code id="88">     : Rectangle( l, t, r, b ), data( height(), Csegment( l, r ) ) {}</code><br />
						
            
            <a class="navhash" href="#89">#</a>
						
              <code id="89">                                ^</code><br />
						
            
            <a class="navhash" href="#90">#</a>
						
              <code id="90">common.cc:20:19: error: no include path in which to search for cstdlib</code><br />
						
            
            <a class="navhash" href="#91">#</a>
						
              <code id="91"> #include <cstdlib></code><br />
						
            
            <a class="navhash" href="#92">#</a>
						
              <code id="92">                   ^</code><br />
						
            
            <a class="navhash" href="#93">#</a>
						
              <code id="93">common.cc:21:19: error: no include path in which to search for cstring</code><br />
						
            
            <a class="navhash" href="#94">#</a>
						
              <code id="94"> #include <cstring></code><br />
						
            
            <a class="navhash" href="#95">#</a>
						
              <code id="95">                   ^</code><br />
						
            
            <a class="navhash" href="#96">#</a>
						
              <code id="96">common.cc:22:18: error: no include path in which to search for string</code><br />
						
            
            <a class="navhash" href="#97">#</a>
						
              <code id="97"> #include <string></code><br />
						
            
            <a class="navhash" href="#98">#</a>
						
              <code id="98">                  ^</code><br />
						
            
            <a class="navhash" href="#99">#</a>
						
              <code id="99">common.cc:23:18: error: no include path in which to search for vector</code><br />
						
            
            <a class="navhash" href="#100">#</a>
						
              <code id="100"> #include <vector></code><br />
						
            
            <a class="navhash" href="#101">#</a>
						
              <code id="101">                  ^</code><br />
						
            
            <a class="navhash" href="#102">#</a>
						
              <code id="102">mask.cc: In member function 'int Mask::left(int) const':</code><br />
						
            
            <a class="navhash" href="#103">#</a>
						
              <code id="103">mask.cc:29:42: error: 'data' was not declared in this scope</code><br />
						
            
            <a class="navhash" href="#104">#</a>
						
              <code id="104">   if( top() <= row && row <= bottom() && data[row-top()].valid() )</code><br />
						
            
            <a class="navhash" href="#105">#</a>
						
              <code id="105">                                          ^</code><br />
						
            
            <a class="navhash" href="#106">#</a>
						
              <code id="106">mask.cc: In member function 'int Mask::right(int) const':</code><br />
						
            
            <a class="navhash" href="#107">#</a>
						
              <code id="107">mask.cc:37:42: error: 'data' was not declared in this scope</code><br />
						
            
            <a class="navhash" href="#108">#</a>
						
              <code id="108">   if( top() <= row && row <= bottom() && data[row-top()].valid() )</code><br />
						
            
            <a class="navhash" href="#109">#</a>
						
              <code id="109">                                          ^</code><br />
						
            
            <a class="navhash" href="#110">#</a>
						
              <code id="110">mask.cc: In member function 'void Mask::top(int)':</code><br />
						
            
            <a class="navhash" href="#111">#</a>
						
              <code id="111">mask.cc:46:19: error: 'data' was not declared in this scope</code><br />
						
            
            <a class="navhash" href="#112">#</a>
						
              <code id="112">   if( t < top() ) data.insert( data.begin(), top() - t, Csegment() );</code><br />
						
            
            <a class="navhash" href="#113">#</a>
						
              <code id="113">                   ^</code><br />
						
            
            <a class="navhash" href="#114">#</a>
						
              <code id="114">mask.cc:47:8: error: 'data' was not declared in this scope</code><br />
						
            
            <a class="navhash" href="#115">#</a>
						
              <code id="115">   else data.erase( data.begin(), data.begin() + ( t - top() ) );</code><br />
						
            
            <a class="navhash" href="#116">#</a>
						
              <code id="116">        ^</code><br />
						
            
            <a class="navhash" href="#117">#</a>
						
              <code id="117">mask.cc: In member function 'void Mask::bottom(int)':</code><br />
						
            
            <a class="navhash" href="#118">#</a>
						
              <code id="118">mask.cc:54:49: error: 'data' was not declared in this scope</code><br />
						
            
            <a class="navhash" href="#119">#</a>
						
              <code id="119">   if( b != bottom() ) { Rectangle::bottom( b ); data.resize( height() ); }</code><br />
						
            
            <a class="navhash" href="#120">#</a>
						
              <code id="120">                                                 ^</code><br />
						
            
            <a class="navhash" href="#121">#</a>
						
              <code id="121">cc1plus: error: no include path in which to search for stdc-predef.h</code><br />
						
            
            <a class="navhash" href="#122">#</a>
						
              <code id="122">rational.cc:12:21: error: no include path in which to search for algorithm</code><br />
						
            
            <a class="navhash" href="#123">#</a>
						
              <code id="123"> #include <algorithm></code><br />
						
            
            <a class="navhash" href="#124">#</a>
						
              <code id="124">                     ^</code><br />
						
            
            <a class="navhash" href="#125">#</a>
						
              <code id="125">rational.cc:13:18: error: no include path in which to search for cctype</code><br />
						
            
            <a class="navhash" href="#126">#</a>
						
              <code id="126"> #include <cctype></code><br />
						
            
            <a class="navhash" href="#127">#</a>
						
              <code id="127">                  ^</code><br />
						
            
            <a class="navhash" href="#128">#</a>
						
              <code id="128">rational.cc:14:19: error: no include path in which to search for climits</code><br />
						
            
            <a class="navhash" href="#129">#</a>
						
              <code id="129"> #include <climits></code><br />
						
            
            <a class="navhash" href="#130">#</a>
						
              <code id="130">                   ^</code><br />
						
            
            <a class="navhash" href="#131">#</a>
						
              <code id="131">rational.cc:15:19: error: no include path in which to search for cstdlib</code><br />
						
            
            <a class="navhash" href="#132">#</a>
						
              <code id="132"> #include <cstdlib></code><br />
						
            
            <a class="navhash" href="#133">#</a>
						
              <code id="133">                   ^</code><br />
						
            
            <a class="navhash" href="#134">#</a>
						
              <code id="134">rational.cc:16:18: error: no include path in which to search for string</code><br />
						
            
            <a class="navhash" href="#135">#</a>
						
              <code id="135"> #include <string></code><br />
						
            
            <a class="navhash" href="#136">#</a>
						
              <code id="136">                  ^</code><br />
						
            
            <a class="navhash" href="#137">#</a>
						
              <code id="137">mask.cc: In member function 'void Mask::add_mask(const Mask&)':</code><br />
						
            
            <a class="navhash" href="#138">#</a>
						
              <code id="138">mask.cc:64:22: error: 'data' was not declared in this scope</code><br />
						
            
            <a class="navhash" href="#139">#</a>
						
              <code id="139">     Csegment & seg = data[i-top()];</code><br />
						
            
            <a class="navhash" href="#140">#</a>
						
              <code id="140">                      ^</code><br />
						
            
            <a class="navhash" href="#141">#</a>
						
              <code id="141">mask.cc:65:25: error: 'const class Mask' has no member named 'data'</code><br />
						
            
            <a class="navhash" href="#142">#</a>
						
              <code id="142">     seg.add_csegment( m.data[i-m.top()] );</code><br />
						
            
            <a class="navhash" href="#143">#</a>
						
              <code id="143">                         ^</code><br />
						
            
            <a class="navhash" href="#144">#</a>
						
              <code id="144">In file included from common.cc:25:0:</code><br />
						
            
            <a class="navhash" href="#145">#</a>
						
              <code id="145">common.h:83:3: error: 'vector' in namespace 'std' does not name a type</code><br />
						
            
            <a class="navhash" href="#146">#</a>
						
              <code id="146">   std::vector< Filter > filters;</code><br />
						
            
            <a class="navhash" href="#147">#</a>
						
              <code id="147">   ^</code><br />
						
            
            <a class="navhash" href="#148">#</a>
						
              <code id="148">common.h:84:3: error: 'FILE' does not name a type</code><br />
						
            
            <a class="navhash" href="#149">#</a>
						
              <code id="149">   FILE * outfile, * exportfile;</code><br />
						
            
            <a class="navhash" href="#150">#</a>
						
              <code id="150">   ^</code><br />
						
            
            <a class="navhash" href="#151">#</a>
						
              <code id="151">mask.cc: In member function 'void Mask::add_point(int, int)':</code><br />
						
            
            <a class="navhash" href="#152">#</a>
						
              <code id="152">mask.cc:75:3: error: 'data' was not declared in this scope</code><br />
						
            
            <a class="navhash" href="#153">#</a>
						
              <code id="153">   data[row-top()].add_point( col );</code><br />
						
            
            <a class="navhash" href="#154">#</a>
						
              <code id="154">   ^</code><br />
						
            
            <a class="navhash" href="#155">#</a>
						
              <code id="155">common.h: In constructor 'Control::Control()':</code><br />
						
            
            <a class="navhash" href="#156">#</a>
						
              <code id="156">common.h:90:7: error: class 'Control' does not have any field named 'outfile'</code><br />
						
            
            <a class="navhash" href="#157">#</a>
						
              <code id="157">     : outfile( stdout ), exportfile( 0 ),</code><br />
						
            
            <a class="navhash" href="#158">#</a>
						
              <code id="158">       ^</code><br />
						
            
            <a class="navhash" href="#159">#</a>
						
              <code id="159">common.h:90:16: error: 'stdout' was not declared in this scope</code><br />
						
            
            <a class="navhash" href="#160">#</a>
						
              <code id="160">     : outfile( stdout ), exportfile( 0 ),</code><br />
						
            
            <a class="navhash" href="#161">#</a>
						
              <code id="161">                ^</code><br />
						
            
            <a class="navhash" href="#162">#</a>
						
              <code id="162">common.h:90:26: error: class 'Control' does not have any field named 'exportfile'</code><br />
						
            
            <a class="navhash" href="#163">#</a>
						
              <code id="163">     : outfile( stdout ), exportfile( 0 ),</code><br />
						
            
            <a class="navhash" href="#164">#</a>
						
              <code id="164">                          ^</code><br />
						
            
            <a class="navhash" href="#165">#</a>
						
              <code id="165">mask.cc: In member function 'void Mask::add_rectangle(const Rectangle&)':</code><br />
						
            
            <a class="navhash" href="#166">#</a>
						
              <code id="166">mask.cc:87:22: error: 'data' was not declared in this scope</code><br />
						
            
            <a class="navhash" href="#167">#</a>
						
              <code id="167">     Csegment & seg = data[i-top()];</code><br />
						
            
            <a class="navhash" href="#168">#</a>
						
              <code id="168">                      ^</code><br />
						
            
            <a class="navhash" href="#169">#</a>
						
              <code id="169">In file included from common.cc:26:0:</code><br />
						
            
            <a class="navhash" href="#170">#</a>
						
              <code id="170">user_filter.h: At global scope:</code><br />
						
            
            <a class="navhash" href="#171">#</a>
						
              <code id="171">user_filter.h:32:3: error: 'vector' in namespace 'std' does not name a type</code><br />
						
            
            <a class="navhash" href="#172">#</a>
						
              <code id="172">   std::vector< int > table1; // -1 or new_code of first 256 UCS chars</code><br />
						
            
            <a class="navhash" href="#173">#</a>
						
              <code id="173">   ^</code><br />
						
            
            <a class="navhash" href="#174">#</a>
						
              <code id="174">user_filter.h:33:3: error: 'vector' in namespace 'std' does not name a type</code><br />
						
            
            <a class="navhash" href="#175">#</a>
						
              <code id="175">   std::vector< Entry > table2;  // codes of UCS chars >= 256</code><br />
						
            
            <a class="navhash" href="#176">#</a>
						
              <code id="176">   ^</code><br />
						
            
            <a class="navhash" href="#177">#</a>
						
              <code id="177">user_filter.h:34:3: error: 'string' in namespace 'std' does not name a type</code><br />
						
            
            <a class="navhash" href="#178">#</a>
						
              <code id="178">   std::string error_;</code><br />
						
            
            <a class="navhash" href="#179">#</a>
						
              <code id="179">   ^</code><br />
						
            
            <a class="navhash" href="#180">#</a>
						
              <code id="180">user_filter.h:39:25: error: 'string' in namespace 'std' does not name a type</code><br />
						
            
            <a class="navhash" href="#181">#</a>
						
              <code id="181">   int parse_char( const std::string & line, unsigned &i ) const;</code><br />
						
            
            <a class="navhash" href="#182">#</a>
						
              <code id="182">                         ^</code><br />
						
            
            <a class="navhash" href="#183">#</a>
						
              <code id="183">user_filter.h:39:39: error: ISO C++ forbids declaration of 'line' with no type [-fpermissive]</code><br />
						
            
            <a class="navhash" href="#184">#</a>
						
              <code id="184">   int parse_char( const std::string & line, unsigned &i ) const;</code><br />
						
            
            <a class="navhash" href="#185">#</a>
						
              <code id="185">                                       ^</code><br />
						
            
            <a class="navhash" href="#186">#</a>
						
              <code id="186">user_filter.h:44:9: error: 'string' in namespace 'std' does not name a type</code><br />
						
            
            <a class="navhash" href="#187">#</a>
						
              <code id="187">   const std::string & error() const { return error_; }</code><br />
						
            
            <a class="navhash" href="#188">#</a>
						
              <code id="188">         ^</code><br />
						
            
            <a class="navhash" href="#189">#</a>
						
              <code id="189">mask.cc: In member function 'bool Mask::includes(const Rectangle&) const':</code><br />
						
            
            <a class="navhash" href="#190">#</a>
						
              <code id="190">mask.cc:100:10: error: 'data' was not declared in this scope</code><br />
						
            
            <a class="navhash" href="#191">#</a>
						
              <code id="191">     if( !data[i-top()].includes( seg ) ) return false;</code><br />
						
            
            <a class="navhash" href="#192">#</a>
						
              <code id="192">          ^</code><br />
						
            
            <a class="navhash" href="#193">#</a>
						
              <code id="193">mask.cc: In member function 'bool Mask::includes(int, int) const':</code><br />
						
            
            <a class="navhash" href="#194">#</a>
						
              <code id="194">mask.cc:107:47: error: 'data' was not declared in this scope</code><br />
						
            
            <a class="navhash" href="#195">#</a>
						
              <code id="195">   return ( row >= top() && row <= bottom() && data[row-top()].includes( col ) );</code><br />
						
            
            <a class="navhash" href="#196">#</a>
						
              <code id="196">                                               ^</code><br />
						
            
            <a class="navhash" href="#197">#</a>
						
              <code id="197">mask.cc: In member function 'int Mask::distance(const Rectangle&) const':</code><br />
						
            
            <a class="navhash" href="#198">#</a>
						
              <code id="198">mask.cc:114:17: error: 'INT_MAX' was not declared in this scope</code><br />
						
            
            <a class="navhash" href="#199">#</a>
						
              <code id="199">   int mindist = INT_MAX;</code><br />
						
            
            <a class="navhash" href="#200">#</a>
						
              <code id="200">                 ^</code><br />
						
            
            <a class="navhash" href="#201">#</a>
						
              <code id="201">In file included from rational.cc:18:0:</code><br />
						
            
            <a class="navhash" href="#202">#</a>
						
              <code id="202">rational.h:123:9: error: 'string' in namespace 'std' does not name a type</code><br />
						
            
            <a class="navhash" href="#203">#</a>
						
              <code id="203">   const std::string to_decimal( const unsigned iwidth = 1, int prec = -2 ) const;</code><br />
						
            
            <a class="navhash" href="#204">#</a>
						
              <code id="204">         ^</code><br />
						
            
            <a class="navhash" href="#205">#</a>
						
              <code id="205">rational.h:124:9: error: 'string' in namespace 'std' does not name a type</code><br />
						
            
            <a class="navhash" href="#206">#</a>
						
              <code id="206">   const std::string to_fraction( const unsigned width = 1 ) const;</code><br />
						
            
            <a class="navhash" href="#207">#</a>
						
              <code id="207">         ^</code><br />
						
            
            <a class="navhash" href="#208">#</a>
						
              <code id="208">mask.cc:119:20: error: 'data' was not declared in this scope</code><br />
						
            
            <a class="navhash" href="#209">#</a>
						
              <code id="209">     const int hd = data[i-top()].distance( seg );</code><br />
						
            
            <a class="navhash" href="#210">#</a>
						
              <code id="210">                    ^</code><br />
						
            
            <a class="navhash" href="#211">#</a>
						
              <code id="211">mask.cc: In member function 'int Mask::distance(int, int) const':</code><br />
						
            
            <a class="navhash" href="#212">#</a>
						
              <code id="212">mask.cc:130:17: error: 'INT_MAX' was not declared in this scope</code><br />
						
            
            <a class="navhash" href="#213">#</a>
						
              <code id="213">   int mindist = INT_MAX;</code><br />
						
            
            <a class="navhash" href="#214">#</a>
						
              <code id="214">                 ^</code><br />
						
            
            <a class="navhash" href="#215">#</a>
						
              <code id="215">rational.h: In constructor 'Rational::Rational(int)':</code><br />
						
            
            <a class="navhash" href="#216">#</a>
						
              <code id="216">rational.h:34:18: error: 'INT_MAX' was not declared in this scope</code><br />
						
            
            <a class="navhash" href="#217">#</a>
						
              <code id="217">     { if( num < -INT_MAX ) { num = -INT_MAX; den = 0; } }</code><br />
						
            
            <a class="navhash" href="#218">#</a>
						
              <code id="218">                  ^</code><br />
						
            
            <a class="navhash" href="#219">#</a>
						
              <code id="219">mask.cc:133:20: error: 'abs' is not a member of 'std'</code><br />
						
            
            <a class="navhash" href="#220">#</a>
						
              <code id="220">     const int vd = std::abs( i - row );</code><br />
						
            
            <a class="navhash" href="#221">#</a>
						
              <code id="221">                    ^</code><br />
						
            
            <a class="navhash" href="#222">#</a>
						
              <code id="222">common.cc: In function 'void Ocrad::internal_error(const char*)':</code><br />
						
            
            <a class="navhash" href="#223">#</a>
						
              <code id="223">common.cc:85:3: error: 'fprintf' is not a member of 'std'</code><br />
						
            
            <a class="navhash" href="#224">#</a>
						
              <code id="224">   std::fprintf( stderr, "ocrad: internal error: %s\n", msg );</code><br />
						
            
            <a class="navhash" href="#225">#</a>
						
              <code id="225">   ^</code><br />
						
            
            <a class="navhash" href="#226">#</a>
						
              <code id="226">common.cc:85:17: error: 'stderr' was not declared in this scope</code><br />
						
            
            <a class="navhash" href="#227">#</a>
						
              <code id="227">   std::fprintf( stderr, "ocrad: internal error: %s\n", msg );</code><br />
						
            
            <a class="navhash" href="#228">#</a>
						
              <code id="228">                 ^</code><br />
						
            
            <a class="navhash" href="#229">#</a>
						
              <code id="229">mask.cc:135:20: error: 'data' was not declared in this scope</code><br />
						
            
            <a class="navhash" href="#230">#</a>
						
              <code id="230">     const int hd = data[i-top()].distance( col );</code><br />
						
            
            <a class="navhash" href="#231">#</a>
						
              <code id="231">                    ^</code><br />
						
            
            <a class="navhash" href="#232">#</a>
						
              <code id="232">common.cc:86:3: error: 'exit' is not a member of 'std'</code><br />
						
            
            <a class="navhash" href="#233">#</a>
						
              <code id="233">   std::exit( 3 );</code><br />
						
            
            <a class="navhash" href="#234">#</a>
						
              <code id="234">   ^</code><br />
						
            
            <a class="navhash" href="#235">#</a>
						
              <code id="235">rational.h: In member function 'Rational& Rational::operator=(int)':</code><br />
						
            
            <a class="navhash" href="#236">#</a>
						
              <code id="236">rational.h:40:36: error: 'INT_MAX' was not declared in this scope</code><br />
						
            
            <a class="navhash" href="#237">#</a>
						
              <code id="237">     { num = n; den = 1; if( num < -INT_MAX ) { num = -INT_MAX; den = 0; }</code><br />
						
            
            <a class="navhash" href="#238">#</a>
						
              <code id="238">                                    ^</code><br />
						
            
            <a class="navhash" href="#239">#</a>
						
              <code id="239">common.cc: In function 'bool Ocrad::similar(int, int, int, int)':</code><br />
						
            
            <a class="navhash" href="#240">#</a>
						
              <code id="240">common.cc:93:20: error: 'abs' is not a member of 'std'</code><br />
						
            
            <a class="navhash" href="#241">#</a>
						
              <code id="241">   int difference = std::abs( a - b );</code><br />
						
            
            <a class="navhash" href="#242">#</a>
						
              <code id="242">                    ^</code><br />
						
            
            <a class="navhash" href="#243">#</a>
						
              <code id="243">common.cc:95:17: error: 'max' is not a member of 'std'</code><br />
						
            
            <a class="navhash" href="#244">#</a>
						
              <code id="244">   int max_abs = std::max( std::abs( a ), std::abs( b ) );</code><br />
						
            
            <a class="navhash" href="#245">#</a>
						
              <code id="245">                 ^</code><br />
						
            
            <a class="navhash" href="#246">#</a>
						
              <code id="246">common.cc:95:27: error: 'abs' is not a member of 'std'</code><br />
						
            
            <a class="navhash" href="#247">#</a>
						
              <code id="247">   int max_abs = std::max( std::abs( a ), std::abs( b ) );</code><br />
						
            
            <a class="navhash" href="#248">#</a>
						
              <code id="248">                           ^</code><br />
						
            
            <a class="navhash" href="#249">#</a>
						
              <code id="249">common.cc:95:42: error: 'abs' is not a member of 'std'</code><br />
						
            
            <a class="navhash" href="#250">#</a>
						
              <code id="250">   int max_abs = std::max( std::abs( a ), std::abs( b ) );</code><br />
						
            
            <a class="navhash" href="#251">#</a>
						
              <code id="251">                                          ^</code><br />
						
            
            <a class="navhash" href="#252">#</a>
						
              <code id="252">common.cc: In member function 'bool Charset::enable(const char*)':</code><br />
						
            
            <a class="navhash" href="#253">#</a>
						
              <code id="253">common.cc:103:9: error: 'strcmp' is not a member of 'std'</code><br />
						
            
            <a class="navhash" href="#254">#</a>
						
              <code id="254">     if( std::strcmp( name, charset_name[i] ) == 0 )</code><br />
						
            
            <a class="navhash" href="#255">#</a>
						
              <code id="255">         ^</code><br />
						
            
            <a class="navhash" href="#256">#</a>
						
              <code id="256">common.cc: In member function 'void Charset::show_error(const char*, const char*) const':</code><br />
						
            
            <a class="navhash" href="#257">#</a>
						
              <code id="257">common.cc:128:16: error: 'strcmp' is not a member of 'std'</code><br />
						
            
            <a class="navhash" href="#258">#</a>
						
              <code id="258">     if( arg && std::strcmp( arg, "help" ) != 0 )</code><br />
						
            
            <a class="navhash" href="#259">#</a>
						
              <code id="259">                ^</code><br />
						
            
            <a class="navhash" href="#260">#</a>
						
              <code id="260">common.cc:129:7: error: 'fprintf' is not a member of 'std'</code><br />
						
            
            <a class="navhash" href="#261">#</a>
						
              <code id="261">       std::fprintf( stderr,"%s: bad charset '%s'\n", program_name, arg );</code><br />
						
            
            <a class="navhash" href="#262">#</a>
						
              <code id="262">       ^</code><br />
						
            
            <a class="navhash" href="#263">#</a>
						
              <code id="263">common.cc:129:21: error: 'stderr' was not declared in this scope</code><br />
						
            
            <a class="navhash" href="#264">#</a>
						
              <code id="264">       std::fprintf( stderr,"%s: bad charset '%s'\n", program_name, arg );</code><br />
						
            
            <a class="navhash" href="#265">#</a>
						
              <code id="265">                     ^</code><br />
						
            
            <a class="navhash" href="#266">#</a>
						
              <code id="266">common.cc:130:5: error: 'fputs' is not a member of 'std'</code><br />
						
            
            <a class="navhash" href="#267">#</a>
						
              <code id="267">     std::fputs( "Valid charset names:", stderr );</code><br />
						
            
            <a class="navhash" href="#268">#</a>
						
              <code id="268">     ^</code><br />
						
            
            <a class="navhash" href="#269">#</a>
						
              <code id="269">common.cc:130:41: error: 'stderr' was not declared in this scope</code><br />
						
            
            <a class="navhash" href="#270">#</a>
						
              <code id="270">     std::fputs( "Valid charset names:", stderr );</code><br />
						
            
            <a class="navhash" href="#271">#</a>
						
              <code id="271">                                         ^</code><br />
						
            
            <a class="navhash" href="#272">#</a>
						
              <code id="272">common.cc:132:7: error: 'fprintf' is not a member of 'std'</code><br />
						
            
            <a class="navhash" href="#273">#</a>
						
              <code id="273">       std::fprintf( stderr, "  %s", charset_name[i] );</code><br />
						
            
            <a class="navhash" href="#274">#</a>
						
              <code id="274">       ^</code><br />
						
            
            <a class="navhash" href="#275">#</a>
						
              <code id="275">common.cc:133:5: error: 'fputs' is not a member of 'std'</code><br />
						
            
            <a class="navhash" href="#276">#</a>
						
              <code id="276">     std::fputs( "\n", stderr );</code><br />
						
            
            <a class="navhash" href="#277">#</a>
						
              <code id="277">     ^</code><br />
						
            
            <a class="navhash" href="#278">#</a>
						
              <code id="278">common.cc: In member function 'bool Transformation::set(const char*)':</code><br />
						
            
            <a class="navhash" href="#279">#</a>
						
              <code id="279">common.cc:141:9: error: 'strcmp' is not a member of 'std'</code><br />
						
            
            <a class="navhash" href="#280">#</a>
						
              <code id="280">     if( std::strcmp( name, T_table[i].name ) == 0 )</code><br />
						
            
            <a class="navhash" href="#281">#</a>
						
              <code id="281">         ^</code><br />
						
            
            <a class="navhash" href="#282">#</a>
						
              <code id="282">common.cc: In member function 'void Transformation::show_error(const char*, const char*) const':</code><br />
						
            
            <a class="navhash" href="#283">#</a>
						
              <code id="283">common.cc:152:16: error: 'strcmp' is not a member of 'std'</code><br />
						
            
            <a class="navhash" href="#284">#</a>
						
              <code id="284">     if( arg && std::strcmp( arg, "help" ) != 0 )</code><br />
						
            
            <a class="navhash" href="#285">#</a>
						
              <code id="285">                ^</code><br />
						
            
            <a class="navhash" href="#286">#</a>
						
              <code id="286">common.cc:153:7: error: 'fprintf' is not a member of 'std'</code><br />
						
            
            <a class="navhash" href="#287">#</a>
						
              <code id="287">       std::fprintf( stderr,"%s: bad bitmap trasformation '%s'\n", program_name, arg );</code><br />
						
            
            <a class="navhash" href="#288">#</a>
						
              <code id="288">       ^</code><br />
						
            
            <a class="navhash" href="#289">#</a>
						
              <code id="289">common.cc:153:21: error: 'stderr' was not declared in this scope</code><br />
						
            
            <a class="navhash" href="#290">#</a>
						
              <code id="290">       std::fprintf( stderr,"%s: bad bitmap trasformation '%s'\n", program_name, arg );</code><br />
						
            
            <a class="navhash" href="#291">#</a>
						
              <code id="291">                     ^</code><br />
						
            
            <a class="navhash" href="#292">#</a>
						
              <code id="292">common.cc:154:5: error: 'fputs' is not a member of 'std'</code><br />
						
            
            <a class="navhash" href="#293">#</a>
						
              <code id="293">     std::fputs( "Valid transformation names:", stderr );</code><br />
						
            
            <a class="navhash" href="#294">#</a>
						
              <code id="294">     ^</code><br />
						
            
            <a class="navhash" href="#295">#</a>
						
              <code id="295">common.cc:154:48: error: 'stderr' was not declared in this scope</code><br />
						
            
            <a class="navhash" href="#296">#</a>
						
              <code id="296">     std::fputs( "Valid transformation names:", stderr );</code><br />
						
            
            <a class="navhash" href="#297">#</a>
						
              <code id="297">                                                ^</code><br />
						
            
            <a class="navhash" href="#298">#</a>
						
              <code id="298">common.cc:156:7: error: 'fprintf' is not a member of 'std'</code><br />
						
            
            <a class="navhash" href="#299">#</a>
						
              <code id="299">       std::fprintf( stderr, "  %s", T_table[i].name );</code><br />
						
            
            <a class="navhash" href="#300">#</a>
						
              <code id="300">       ^</code><br />
						
            
            <a class="navhash" href="#301">#</a>
						
              <code id="301">common.cc:157:5: error: 'fputs' is not a member of 'std'</code><br />
						
            
            <a class="navhash" href="#302">#</a>
						
              <code id="302">     std::fputs( "\nRotations are made counter-clockwise.\n", stderr );</code><br />
						
            
            <a class="navhash" href="#303">#</a>
						
              <code id="303">     ^</code><br />
						
            
            <a class="navhash" href="#304">#</a>
						
              <code id="304">common.cc: In destructor 'Control::~Control()':</code><br />
						
            
            <a class="navhash" href="#305">#</a>
						
              <code id="305">common.cc:164:21: error: 'filters' was not declared in this scope</code><br />
						
            
            <a class="navhash" href="#306">#</a>
						
              <code id="306">   for( unsigned f = filters.size(); f > 0; --f )</code><br />
						
            
            <a class="navhash" href="#307">#</a>
						
              <code id="307">                     ^</code><br />
						
            
            <a class="navhash" href="#308">#</a>
						
              <code id="308">common.cc: In member function 'bool Control::add_filter(const char*, const char*)':</code><br />
						
            
            <a class="navhash" href="#309">#</a>
						
              <code id="309">common.cc:174:9: error: 'strcmp' is not a member of 'std'</code><br />
						
            
            <a class="navhash" href="#310">#</a>
						
              <code id="310">     if( std::strcmp( name, F_table[i].name ) == 0 )</code><br />
						
            
            <a class="navhash" href="#311">#</a>
						
              <code id="311">         ^</code><br />
						
            
            <a class="navhash" href="#312">#</a>
						
              <code id="312">common.cc:175:9: error: 'filters' was not declared in this scope</code><br />
						
            
            <a class="navhash" href="#313">#</a>
						
              <code id="313">       { filters.push_back( Filter( F_table[i].type ) ); return true; }</code><br />
						
            
            <a class="navhash" href="#314">#</a>
						
              <code id="314">         ^</code><br />
						
            
            <a class="navhash" href="#315">#</a>
						
              <code id="315">common.cc:178:17: error: 'strcmp' is not a member of 'std'</code><br />
						
            
            <a class="navhash" href="#316">#</a>
						
              <code id="316">     if( name && std::strcmp( name, "help" ) != 0 )</code><br />
						
            
            <a class="navhash" href="#317">#</a>
						
              <code id="317">                 ^</code><br />
						
            
            <a class="navhash" href="#318">#</a>
						
              <code id="318">common.cc:179:7: error: 'fprintf' is not a member of 'std'</code><br />
						
            
            <a class="navhash" href="#319">#</a>
						
              <code id="319">       std::fprintf( stderr,"%s: bad filter '%s'\n", program_name, name );</code><br />
						
            
            <a class="navhash" href="#320">#</a>
						
              <code id="320">       ^</code><br />
						
            
            <a class="navhash" href="#321">#</a>
						
              <code id="321">common.cc:179:21: error: 'stderr' was not declared in this scope</code><br />
						
            
            <a class="navhash" href="#322">#</a>
						
              <code id="322">       std::fprintf( stderr,"%s: bad filter '%s'\n", program_name, name );</code><br />
						
            
            <a class="navhash" href="#323">#</a>
						
              <code id="323">                     ^</code><br />
						
            
            <a class="navhash" href="#324">#</a>
						
              <code id="324">common.cc:180:5: error: 'fputs' is not a member of 'std'</code><br />
						
            
            <a class="navhash" href="#325">#</a>
						
              <code id="325">     std::fputs( "Valid filter names:", stderr );</code><br />
						
            
            <a class="navhash" href="#326">#</a>
						
              <code id="326">     ^</code><br />
						
            
            <a class="navhash" href="#327">#</a>
						
              <code id="327">common.cc:180:40: error: 'stderr' was not declared in this scope</code><br />
						
            
            <a class="navhash" href="#328">#</a>
						
              <code id="328">     std::fputs( "Valid filter names:", stderr );</code><br />
						
            
            <a class="navhash" href="#329">#</a>
						
              <code id="329">                                        ^</code><br />
						
            
            <a class="navhash" href="#330">#</a>
						
              <code id="330">common.cc:182:7: error: 'fprintf' is not a member of 'std'</code><br />
						
            
            <a class="navhash" href="#331">#</a>
						
              <code id="331">       std::fprintf( stderr, "  %s", F_table[i].name );</code><br />
						
            
            <a class="navhash" href="#332">#</a>
						
              <code id="332">       ^</code><br />
						
            
            <a class="navhash" href="#333">#</a>
						
              <code id="333">common.cc:183:5: error: 'fputs' is not a member of 'std'</code><br />
						
            
            <a class="navhash" href="#334">#</a>
						
              <code id="334">     std::fputs( "\n", stderr );</code><br />
						
            
            <a class="navhash" href="#335">#</a>
						
              <code id="335">     ^</code><br />
						
            
            <a class="navhash" href="#336">#</a>
						
              <code id="336">make: *** [Makefile:67: mask.o] Error 1</code><br />
						
            
            <a class="navhash" href="#337">#</a>
						
              <code id="337">common.cc: In member function 'int Control::add_user_filter(const char*, const char*)':</code><br />
						
            
            <a class="navhash" href="#338">#</a>
						
              <code id="338">common.cc:195:5: error: 'filters' was not declared in this scope</code><br />
						
            
            <a class="navhash" href="#339">#</a>
						
              <code id="339">     filters.push_back( Filter( user_filterp ) );</code><br />
						
            
            <a class="navhash" href="#340">#</a>
						
              <code id="340">     ^</code><br />
						
            
            <a class="navhash" href="#341">#</a>
						
              <code id="341">rational.cc: At global scope:</code><br />
						
            
            <a class="navhash" href="#342">#</a>
						
              <code id="342">rational.cc:59:7: error: 'string' in namespace 'std' does not name a type</code><br />
						
            
            <a class="navhash" href="#343">#</a>
						
              <code id="343"> const std::string overflow_string( const int n )</code><br />
						
            
            <a class="navhash" href="#344">#</a>
						
              <code id="344">       ^</code><br />
						
            
            <a class="navhash" href="#345">#</a>
						
              <code id="345">common.cc:199:7: error: 'fprintf' is not a member of 'std'</code><br />
						
            
            <a class="navhash" href="#346">#</a>
						
              <code id="346">       std::fprintf( stderr,"%s: user filter: %s\n",</code><br />
						
            
            <a class="navhash" href="#347">#</a>
						
              <code id="347">       ^</code><br />
						
            
            <a class="navhash" href="#348">#</a>
						
              <code id="348">common.cc:199:21: error: 'stderr' was not declared in this scope</code><br />
						
            
            <a class="navhash" href="#349">#</a>
						
              <code id="349">       std::fprintf( stderr,"%s: user filter: %s\n",</code><br />
						
            
            <a class="navhash" href="#350">#</a>
						
              <code id="350">                     ^</code><br />
						
            
            <a class="navhash" href="#351">#</a>
						
              <code id="351">rational.cc: In function 'int {anonymous}::overflow_value(int)':</code><br />
						
            
            <a class="navhash" href="#352">#</a>
						
              <code id="352">rational.cc:63:24: error: 'INT_MAX' was not declared in this scope</code><br />
						
            
            <a class="navhash" href="#353">#</a>
						
              <code id="353">   { if( n > 0 ) return INT_MAX; if( n < 0 ) return -INT_MAX; return 0; }</code><br />
						
            
            <a class="navhash" href="#354">#</a>
						
              <code id="354">                        ^</code><br />
						
            
            <a class="navhash" href="#355">#</a>
						
              <code id="355">common.cc:200:49: error: 'const class User_filter' has no member named 'error'</code><br />
						
            
            <a class="navhash" href="#356">#</a>
						
              <code id="356">                     program_name, user_filterp->error().c_str() );</code><br />
						
            
            <a class="navhash" href="#357">#</a>
						
              <code id="357">                                                 ^</code><br />
						
            
            <a class="navhash" href="#358">#</a>
						
              <code id="358">rational.cc:63:53: error: 'INT_MAX' was not declared in this scope</code><br />
						
            
            <a class="navhash" href="#359">#</a>
						
              <code id="359">   { if( n > 0 ) return INT_MAX; if( n < 0 ) return -INT_MAX; return 0; }</code><br />
						
            
            <a class="navhash" href="#360">#</a>
						
              <code id="360">                                                     ^</code><br />
						
            
            <a class="navhash" href="#361">#</a>
						
              <code id="361">rational.cc: In function 'int {anonymous}::lloverflow_value(long long int)':</code><br />
						
            
            <a class="navhash" href="#362">#</a>
						
              <code id="362">rational.cc:66:24: error: 'INT_MAX' was not declared in this scope</code><br />
						
            
            <a class="navhash" href="#363">#</a>
						
              <code id="363">   { if( n > 0 ) return INT_MAX; if( n < 0 ) return -INT_MAX; return 0; }</code><br />
						
            
            <a class="navhash" href="#364">#</a>
						
              <code id="364">                        ^</code><br />
						
            
            <a class="navhash" href="#365">#</a>
						
              <code id="365">common.cc: In member function 'bool Control::set_format(const char*)':</code><br />
						
            
            <a class="navhash" href="#366">#</a>
						
              <code id="366">common.cc:209:7: error: 'strcmp' is not a member of 'std'</code><br />
						
            
            <a class="navhash" href="#367">#</a>
						
              <code id="367">   if( std::strcmp( name, "byte" ) == 0 ) { utf8 = false; return true; }</code><br />
						
            
            <a class="navhash" href="#368">#</a>
						
              <code id="368">       ^</code><br />
						
            
            <a class="navhash" href="#369">#</a>
						
              <code id="369">rational.cc:66:53: error: 'INT_MAX' was not declared in this scope</code><br />
						
            
            <a class="navhash" href="#370">#</a>
						
              <code id="370">   { if( n > 0 ) return INT_MAX; if( n < 0 ) return -INT_MAX; return 0; }</code><br />
						
            
            <a class="navhash" href="#371">#</a>
						
              <code id="371">                                                     ^</code><br />
						
            
            <a class="navhash" href="#372">#</a>
						
              <code id="372">common.cc:210:7: error: 'strcmp' is not a member of 'std'</code><br />
						
            
            <a class="navhash" href="#373">#</a>
						
              <code id="373">   if( std::strcmp( name, "utf8" ) == 0 ) { utf8 = true; return true; }</code><br />
						
            
            <a class="navhash" href="#374">#</a>
						
              <code id="374">       ^</code><br />
						
            
            <a class="navhash" href="#375">#</a>
						
              <code id="375">rational.cc: In member function 'void Rational::normalize(long long int, long long int)':</code><br />
						
            
            <a class="navhash" href="#376">#</a>
						
              <code id="376">rational.cc:81:12: error: 'INT_MAX' was not declared in this scope</code><br />
						
            
            <a class="navhash" href="#377">#</a>
						
              <code id="377">   if( n <= INT_MAX && n >= -INT_MAX && d <= INT_MAX && d >= -INT_MAX )</code><br />
						
            
            <a class="navhash" href="#378">#</a>
						
              <code id="378">            ^</code><br />
						
            
            <a class="navhash" href="#379">#</a>
						
              <code id="379">rational.cc: In member function 'void Rational::normalize()':</code><br />
						
            
            <a class="navhash" href="#380">#</a>
						
              <code id="380">rational.cc:92:14: error: 'INT_MAX' was not declared in this scope</code><br />
						
            
            <a class="navhash" href="#381">#</a>
						
              <code id="381">   if( num < -INT_MAX )</code><br />
						
            
            <a class="navhash" href="#382">#</a>
						
              <code id="382">              ^</code><br />
						
            
            <a class="navhash" href="#383">#</a>
						
              <code id="383">rational.cc:99:16: error: 'INT_MAX' was not declared in this scope</code><br />
						
            
            <a class="navhash" href="#384">#</a>
						
              <code id="384">     if( den < -INT_MAX ) { num = overflow_value( -num ); den = 0; return; }</code><br />
						
            
            <a class="navhash" href="#385">#</a>
						
              <code id="385">                ^</code><br />
						
            
            <a class="navhash" href="#386">#</a>
						
              <code id="386">rational.cc: In member function 'int Rational::round() const':</code><br />
						
            
            <a class="navhash" href="#387">#</a>
						
              <code id="387">rational.cc:150:20: error: 'abs' is not a member of 'std'</code><br />
						
            
            <a class="navhash" href="#388">#</a>
						
              <code id="388">   const int rest = std::abs( num ) % den;</code><br />
						
            
            <a class="navhash" href="#389">#</a>
						
              <code id="389">                    ^</code><br />
						
            
            <a class="navhash" href="#390">#</a>
						
              <code id="390">rational.cc: In member function 'int Rational::parse(const char*)':</code><br />
						
            
            <a class="navhash" href="#391">#</a>
						
              <code id="391">rational.cc:169:10: error: 'isspace' is not a member of 'std'</code><br />
						
            
            <a class="navhash" href="#392">#</a>
						
              <code id="392">   while( std::isspace( s[c] ) ) ++c;</code><br />
						
            
            <a class="navhash" href="#393">#</a>
						
              <code id="393">          ^</code><br />
						
            
            <a class="navhash" href="#394">#</a>
						
              <code id="394">make: *** [Makefile:67: common.o] Error 1</code><br />
						
            
            <a class="navhash" href="#395">#</a>
						
              <code id="395">rational.cc:172:8: error: 'isdigit' is not a member of 'std'</code><br />
						
            
            <a class="navhash" href="#396">#</a>
						
              <code id="396">   if( !std::isdigit( s[c] ) && s[c] != '.' ) return 0;</code><br />
						
            
            <a class="navhash" href="#397">#</a>
						
              <code id="397">        ^</code><br />
						
            
            <a class="navhash" href="#398">#</a>
						
              <code id="398">rational.cc:174:10: error: 'isdigit' is not a member of 'std'</code><br />
						
            
            <a class="navhash" href="#399">#</a>
						
              <code id="399">   while( std::isdigit( s[c] ) )</code><br />
						
            
            <a class="navhash" href="#400">#</a>
						
              <code id="400">          ^</code><br />
						
            
            <a class="navhash" href="#401">#</a>
						
              <code id="401">rational.cc:182:15: error: 'isdigit' is not a member of 'std'</code><br />
						
            
            <a class="navhash" href="#402">#</a>
						
              <code id="402">     ++c; if( !std::isdigit( s[c] ) ) return 0;</code><br />
						
            
            <a class="navhash" href="#403">#</a>
						
              <code id="403">               ^</code><br />
						
            
            <a class="navhash" href="#404">#</a>
						
              <code id="404">rational.cc:183:12: error: 'isdigit' is not a member of 'std'</code><br />
						
            
            <a class="navhash" href="#405">#</a>
						
              <code id="405">     while( std::isdigit( s[c] ) )</code><br />
						
            
            <a class="navhash" href="#406">#</a>
						
              <code id="406">            ^</code><br />
						
            
            <a class="navhash" href="#407">#</a>
						
              <code id="407">rational.cc:193:12: error: 'isdigit' is not a member of 'std'</code><br />
						
            
            <a class="navhash" href="#408">#</a>
						
              <code id="408">     while( std::isdigit( s[c] ) )</code><br />
						
            
            <a class="navhash" href="#409">#</a>
						
              <code id="409">            ^</code><br />
						
            
            <a class="navhash" href="#410">#</a>
						
              <code id="410">rational.cc: At global scope:</code><br />
						
            
            <a class="navhash" href="#411">#</a>
						
              <code id="411">rational.cc:223:7: error: 'string' in namespace 'std' does not name a type</code><br />
						
            
            <a class="navhash" href="#412">#</a>
						
              <code id="412"> const std::string Rational::to_decimal( const unsigned iwidth, int prec ) const</code><br />
						
            
            <a class="navhash" href="#413">#</a>
						
              <code id="413">       ^</code><br />
						
            
            <a class="navhash" href="#414">#</a>
						
              <code id="414">rational.cc:251:7: error: 'string' in namespace 'std' does not name a type</code><br />
						
            
            <a class="navhash" href="#415">#</a>
						
              <code id="415"> const std::string Rational::to_fraction( const unsigned width ) const</code><br />
						
            
            <a class="navhash" href="#416">#</a>
						
              <code id="416">       ^</code><br />
						
            
            <a class="navhash" href="#417">#</a>
						
              <code id="417">make: *** [Makefile:67: rational.o] Error 1</code><br />
						
            
            <a class="navhash" href="#418">#</a>
						
              <code id="418">==> ERROR: A failure occurred in build().</code><br />
						
            
            <a class="navhash" href="#419">#</a>
						
              <code id="419">    Aborting...</code><br />
						
            
          </div>
        
      </div>
      <br />
    
  </body>
</html>