<!DOCTYPE html>
<html>
<!-- Jinja template for reports of individual builds

  Copyright 2016 Kareem Khazem. All Rights Reserved.
  Licensed under the Apache License, Version 2.0 (the "License");
  you may not use this file except in compliance with the License.
  You may obtain a copy of the License at

 		 http://www.apache.org/licenses/LICENSE-2.0

  Unless required by applicable law or agreed to in writing, software
  distributed under the License is distributed on an "AS IS" BASIS,
  WITHOUT WARRANTIES OR CONDITIONS OF ANY KIND, either express or
  implied.
  See the License for the specific language governing permissions and
  limitations under the License.
-->
  <head>
    <meta charset="UTF-8">
    <title>android/rt3562sta</title>
    <link href='https://fonts.googleapis.com/css?family=Roboto:400,900'
          rel='stylesheet' type='text/css'>
    <link
    href='https://fonts.googleapis.com/css?family=Source+Code+Pro:400,700'
          rel='stylesheet' type='text/css'>
    <link href="../style.css" type="text/css" rel="stylesheet">
  </head>
  <body>
    <h1>Build of rt3562sta
        with <a href="../index.html">android</a>
        toolchain</h1>
    <p>The build took 00h 01m 01s and was
    NOT successful.</p>
    <p>
    The program in this build is written in the following languages,
    according to <a
    href="http://www.dwheeler.com/sloccount/">sloccount</a>:
    </p>
    <table>
      <tr><th>SLOC</th><th>Language</th></tr>
      
      <tr><td class="loc"><code>85,402</code></td>
          <td class="lang">ansic</td></tr>
      <tr><td class="loc"><code>462</code></td>
          <td class="lang">makefile</td></tr>
      <tr><td><code>85,864</code></td>
          <td><em>total</em></td></tr>
    </table>
    <p>
      The process tree of the build process is <a
      href="rt3562sta-tree.html">here</a>.
    </p>
    
    
    
    
    
    <h2>List of Errors</h2>
    <ul>
      
      <li>unknown_type
        <ul>
          
          <li><a href="#41">bin2h.c:34:5: error: unknown type name 'FILE'</a></li>
          
        </ul>
      </li>
      
      <li>parse_error
        <ul>
          
          <li><a href="#63">bin2h.c:81:26: error: expected expression before ')' token</a></li>
          
          <li><a href="#72">bin2h.c:88:27: error: expected expression before ')' token</a></li>
          
        </ul>
      </li>
      
    </ul>
    
    
    <h2>Log</h2>
    <p>
    To avoid scrolling, you may jump to the <a
    href="#135">last line</a> of the
    invocation of <code>makepkg</code> that was used to build this
    package.
    </p>
    
    
      <div class="block">
        <div class="info">
          <code>Removed vanilla repositories from pacman.conf and added:</code>
        </div>
        
          <div class="output">
            
            <a class="navhash" href="#1">#</a>
						
              <code id="1">[tuscan]</code><br />
						
            
            <a class="navhash" href="#2">#</a>
						
              <code id="2">Server = file:///var/cache/pacman/pkg/</code><br />
						
            
          </div>
        
      </div>
      <br />
    
      <div class="block">
        <div class="command">
          <code><span class="prompt">CMD: </span>pacman -Syy --noconfirm</code>
        </div>
        
          <div class="output">
            
            <a class="navhash" href="#3">#</a>
						
              <code id="3">:: Synchronizing package databases...</code><br />
						
            
            <a class="navhash" href="#4">#</a>
						
              <code id="4">downloading tuscan.db...</code><br />
						
            
          </div>
        
      </div>
      <br />
    
      <div class="block">
        <div class="info">
          <code>Copied permanent toolchain into container-local sysroot</code>
        </div>
        
          <div class="output">
            
            <a class="navhash" href="#5">#</a>
						
              <code id="5">/toolchain_root/arm-linux-androideabi  -->  /sysroot/arm-linux-androideabi</code><br />
						
            
            <a class="navhash" href="#6">#</a>
						
              <code id="6">/toolchain_root/COPYING3.LIB  -->  /sysroot/COPYING3.LIB</code><br />
						
            
            <a class="navhash" href="#7">#</a>
						
              <code id="7">/toolchain_root/sysroot  -->  /sysroot/sysroot</code><br />
						
            
            <a class="navhash" href="#8">#</a>
						
              <code id="8">/toolchain_root/COPYING.RUNTIME  -->  /sysroot/COPYING.RUNTIME</code><br />
						
            
            <a class="navhash" href="#9">#</a>
						
              <code id="9">/toolchain_root/lib  -->  /sysroot/lib</code><br />
						
            
            <a class="navhash" href="#10">#</a>
						
              <code id="10">/toolchain_root/SOURCES  -->  /sysroot/SOURCES</code><br />
						
            
            <a class="navhash" href="#11">#</a>
						
              <code id="11">/toolchain_root/lib64  -->  /sysroot/lib64</code><br />
						
            
            <a class="navhash" href="#12">#</a>
						
              <code id="12">/toolchain_root/share  -->  /sysroot/share</code><br />
						
            
            <a class="navhash" href="#13">#</a>
						
              <code id="13">/toolchain_root/bin  -->  /sysroot/bin</code><br />
						
            
            <a class="navhash" href="#14">#</a>
						
              <code id="14">/toolchain_root/COPYING  -->  /sysroot/COPYING</code><br />
						
            
            <a class="navhash" href="#15">#</a>
						
              <code id="15">/toolchain_root/COPYING3  -->  /sysroot/COPYING3</code><br />
						
            
            <a class="navhash" href="#16">#</a>
						
              <code id="16">/toolchain_root/COPYING.LIB  -->  /sysroot/COPYING.LIB</code><br />
						
            
            <a class="navhash" href="#17">#</a>
						
              <code id="17">/toolchain_root/include  -->  /sysroot/include</code><br />
						
            
            <a class="navhash" href="#18">#</a>
						
              <code id="18">/toolchain_root/libexec  -->  /sysroot/libexec</code><br />
						
            
          </div>
        
      </div>
      <br />
    
      <div class="block">
        <div class="command">
          <code><span class="prompt">CMD: </span>sudo -u tuscan PATH=/sysroot/bin:/sysroot/libexec/gcc/arm-linux-androideabi/4.8:/usr/local/sbin:/usr/local/bin:/usr/sbin:/usr/bin:/sbin:/bin CC=arm-linux-androideabi-gcc CXX=arm-linux-androideabi-g++ red makepkg --noextract --syncdeps --skipinteg --skippgpcheck --skipchecksums --noconfirm --nocolor --log --noprogressbar --nocheck</code>
        </div>
        
          <div class="output">
            
            <a class="navhash" href="#19">#</a>
						
              <code id="19">==> Making package: rt3562sta 2.4.1.1_r3-12 (Tue Apr  4 20:47:25 UTC 2017)</code><br />
						
            
            <a class="navhash" href="#20">#</a>
						
              <code id="20">==> Checking runtime dependencies...</code><br />
						
            
            <a class="navhash" href="#21">#</a>
						
              <code id="21">==> Checking buildtime dependencies...</code><br />
						
            
            <a class="navhash" href="#22">#</a>
						
              <code id="22">==> WARNING: Using existing $srcdir/ tree</code><br />
						
            
            <a class="navhash" href="#23">#</a>
						
              <code id="23">==> Starting build()...</code><br />
						
            
            <a class="navhash" href="#24">#</a>
						
              <code id="24">make -C tools</code><br />
						
            
            <a class="navhash" href="#25">#</a>
						
              <code id="25">cp -f os/linux/Makefile.6 /tmp/rt3562sta/src/rt3562sta-linux-r3/os/linux/Makefile</code><br />
						
            
            <a class="navhash" href="#26">#</a>
						
              <code id="26">make[1]: Entering directory '/tmp/rt3562sta/src/rt3562sta-linux-r3/tools'</code><br />
						
            
            <a class="navhash" href="#27">#</a>
						
              <code id="27">gcc -g bin2h.c -o bin2h</code><br />
						
            
            <a class="navhash" href="#28">#</a>
						
              <code id="28">make -C /usr/lib/modules/4.6.3-1-ARCH/build SUBDIRS=/tmp/rt3562sta/src/rt3562sta-linux-r3/os/linux modules</code><br />
						
            
            <a class="navhash" href="#29">#</a>
						
              <code id="29">make[1]: Entering directory '/usr/lib/modules/4.6.3-1-ARCH/build'</code><br />
						
            
            <a class="navhash" href="#30">#</a>
						
              <code id="30">cc1: error: no include path in which to search for stdc-predef.h</code><br />
						
            
            <a class="navhash" href="#31">#</a>
						
              <code id="31">bin2h.c:28:19: error: no include path in which to search for stdio.h</code><br />
						
            
            <a class="navhash" href="#32">#</a>
						
              <code id="32"> #include <stdio.h></code><br />
						
            
            <a class="navhash" href="#33">#</a>
						
              <code id="33">                   ^</code><br />
						
            
            <a class="navhash" href="#34">#</a>
						
              <code id="34">bin2h.c:29:20: error: no include path in which to search for string.h</code><br />
						
            
            <a class="navhash" href="#35">#</a>
						
              <code id="35"> #include <string.h></code><br />
						
            
            <a class="navhash" href="#36">#</a>
						
              <code id="36">                    ^</code><br />
						
            
            <a class="navhash" href="#37">#</a>
						
              <code id="37">bin2h.c:30:20: error: no include path in which to search for stdlib.h</code><br />
						
            
            <a class="navhash" href="#38">#</a>
						
              <code id="38"> #include <stdlib.h></code><br />
						
            
            <a class="navhash" href="#39">#</a>
						
              <code id="39">                    ^</code><br />
						
            
            <a class="navhash" href="#40">#</a>
						
              <code id="40">bin2h.c: In function 'main':</code><br />
						
            
            <a class="navhash" href="#41">#</a>
						<span class="error">
              <code id="41">bin2h.c:34:5: error: unknown type name 'FILE'</code><br />
						</span>
            
            <a class="navhash" href="#42">#</a>
						
              <code id="42">     FILE *infile, *outfile; </code><br />
						
            
            <a class="navhash" href="#43">#</a>
						
              <code id="43">     ^</code><br />
						
            
            <a class="navhash" href="#44">#</a>
						
              <code id="44">bin2h.c:42:5: warning: incompatible implicit declaration of built-in function 'memset' [enabled by default]</code><br />
						
            
            <a class="navhash" href="#45">#</a>
						
              <code id="45">     memset(infname,0,1024);</code><br />
						
            
            <a class="navhash" href="#46">#</a>
						
              <code id="46">     ^</code><br />
						
            
            <a class="navhash" href="#47">#</a>
						
              <code id="47">bin2h.c:49:10: warning: incompatible implicit declaration of built-in function 'printf' [enabled by default]</code><br />
						
            
            <a class="navhash" href="#48">#</a>
						
              <code id="48">          printf("Environment value \"RT28xx_DIR\" not export \n");</code><br />
						
            
            <a class="navhash" href="#49">#</a>
						
              <code id="49">          ^</code><br />
						
            
            <a class="navhash" href="#50">#</a>
						
              <code id="50">bin2h.c:54:3: warning: incompatible implicit declaration of built-in function 'printf' [enabled by default]</code><br />
						
            
            <a class="navhash" href="#51">#</a>
						
              <code id="51">   printf("Environment value \"CHIPSET\" not export \n");</code><br />
						
            
            <a class="navhash" href="#52">#</a>
						
              <code id="52">   ^</code><br />
						
            
            <a class="navhash" href="#53">#</a>
						
              <code id="53">bin2h.c:57:5: warning: incompatible implicit declaration of built-in function 'strcat' [enabled by default]</code><br />
						
            
            <a class="navhash" href="#54">#</a>
						
              <code id="54">     strcat(infname,rt28xxdir);</code><br />
						
            
            <a class="navhash" href="#55">#</a>
						
              <code id="55">     ^</code><br />
						
            
            <a class="navhash" href="#56">#</a>
						
              <code id="56">bin2h.c:80:12: warning: assignment makes pointer from integer without a cast [enabled by default]</code><br />
						
            
            <a class="navhash" href="#57">#</a>
						
              <code id="57">     infile = fopen(infname,"r");</code><br />
						
            
            <a class="navhash" href="#58">#</a>
						
              <code id="58">            ^</code><br />
						
            
            <a class="navhash" href="#59">#</a>
						
              <code id="59">bin2h.c:81:20: error: 'FILE' undeclared (first use in this function)</code><br />
						
            
            <a class="navhash" href="#60">#</a>
						
              <code id="60">     if (infile == (FILE *) NULL)</code><br />
						
            
            <a class="navhash" href="#61">#</a>
						
              <code id="61">                    ^</code><br />
						
            
            <a class="navhash" href="#62">#</a>
						
              <code id="62">bin2h.c:81:20: note: each undeclared identifier is reported only once for each function it appears in</code><br />
						
            
            <a class="navhash" href="#63">#</a>
						<span class="error">
              <code id="63">bin2h.c:81:26: error: expected expression before ')' token</code><br />
						</span>
            
            <a class="navhash" href="#64">#</a>
						
              <code id="64">     if (infile == (FILE *) NULL)</code><br />
						
            
            <a class="navhash" href="#65">#</a>
						
              <code id="65">                          ^</code><br />
						
            
            <a class="navhash" href="#66">#</a>
						
              <code id="66">bin2h.c:83:10: warning: incompatible implicit declaration of built-in function 'printf' [enabled by default]</code><br />
						
            
            <a class="navhash" href="#67">#</a>
						
              <code id="67">          printf("Can't read file %s \n",infname);</code><br />
						
            
            <a class="navhash" href="#68">#</a>
						
              <code id="68">          ^</code><br />
						
            
            <a class="navhash" href="#69">#</a>
						
              <code id="69">bin2h.c:86:13: warning: assignment makes pointer from integer without a cast [enabled by default]</code><br />
						
            
            <a class="navhash" href="#70">#</a>
						
              <code id="70">     outfile = fopen(outfname,"w");</code><br />
						
            
            <a class="navhash" href="#71">#</a>
						
              <code id="71">             ^</code><br />
						
            
            <a class="navhash" href="#72">#</a>
						<span class="error">
              <code id="72">bin2h.c:88:27: error: expected expression before ')' token</code><br />
						</span>
            
            <a class="navhash" href="#73">#</a>
						
              <code id="73">     if (outfile == (FILE *) NULL)</code><br />
						
            
            <a class="navhash" href="#74">#</a>
						
              <code id="74">                           ^</code><br />
						
            
            <a class="navhash" href="#75">#</a>
						
              <code id="75">bin2h.c:90:10: warning: incompatible implicit declaration of built-in function 'printf' [enabled by default]</code><br />
						
            
            <a class="navhash" href="#76">#</a>
						
              <code id="76">          printf("Can't open write file %s \n",outfname);</code><br />
						
            
            <a class="navhash" href="#77">#</a>
						
              <code id="77">          ^</code><br />
						
            
            <a class="navhash" href="#78">#</a>
						
              <code id="78">bin2h.c:116:2: warning: incompatible implicit declaration of built-in function 'sprintf' [enabled by default]</code><br />
						
            
            <a class="navhash" href="#79">#</a>
						
              <code id="79">  sprintf(cc,"%02x",c);</code><br />
						
            
            <a class="navhash" href="#80">#</a>
						
              <code id="80">  ^</code><br />
						
            
            <a class="navhash" href="#81">#</a>
						
              <code id="81">bin2h.c:125:5: warning: incompatible implicit declaration of built-in function 'exit' [enabled by default]</code><br />
						
            
            <a class="navhash" href="#82">#</a>
						
              <code id="82">     exit(0);</code><br />
						
            
            <a class="navhash" href="#83">#</a>
						
              <code id="83">     ^</code><br />
						
            
            <a class="navhash" href="#84">#</a>
						
              <code id="84">make[1]: *** [Makefile:2: all] Error 1</code><br />
						
            
            <a class="navhash" href="#85">#</a>
						
              <code id="85">make[1]: Leaving directory '/tmp/rt3562sta/src/rt3562sta-linux-r3/tools'</code><br />
						
            
            <a class="navhash" href="#86">#</a>
						
              <code id="86">make: *** [Makefile:249: build_tools] Error 2</code><br />
						
            
            <a class="navhash" href="#87">#</a>
						
              <code id="87">make: *** Waiting for unfinished jobs....</code><br />
						
            
            <a class="navhash" href="#88">#</a>
						
              <code id="88">arch/x86/Makefile:133: stack-protector enabled but compiler support broken</code><br />
						
            
            <a class="navhash" href="#89">#</a>
						
              <code id="89">Makefile:667: Cannot use CONFIG_CC_STACKPROTECTOR_STRONG: -fstack-protector-strong not supported by compiler</code><br />
						
            
            <a class="navhash" href="#90">#</a>
						
              <code id="90">  CC [M]  /tmp/rt3562sta/src/rt3562sta-linux-r3/os/linux/../../common/crypt_md5.o</code><br />
						
            
            <a class="navhash" href="#91">#</a>
						
              <code id="91">cc: error: unrecognized command line option '-mno-sse'</code><br />
						
            
            <a class="navhash" href="#92">#</a>
						
              <code id="92">cc: error: unrecognized command line option '-mno-mmx'</code><br />
						
            
            <a class="navhash" href="#93">#</a>
						
              <code id="93">cc: error: unrecognized command line option '-mno-sse2'</code><br />
						
            
            <a class="navhash" href="#94">#</a>
						
              <code id="94">cc: error: unrecognized command line option '-mno-3dnow'</code><br />
						
            
            <a class="navhash" href="#95">#</a>
						
              <code id="95">cc: error: unrecognized command line option '-m64'</code><br />
						
            
            <a class="navhash" href="#96">#</a>
						
              <code id="96">cc: error: unrecognized command line option '-mno-red-zone'</code><br />
						
            
            <a class="navhash" href="#97">#</a>
						
              <code id="97">cc: error: unrecognized command line option '-mcmodel=kernel'</code><br />
						
            
            <a class="navhash" href="#98">#</a>
						
              <code id="98">cc: error: unrecognized command line option '-fstack-protector-strong'</code><br />
						
            
            <a class="navhash" href="#99">#</a>
						
              <code id="99">  CC [M]  /tmp/rt3562sta/src/rt3562sta-linux-r3/os/linux/../../common/crypt_sha2.o</code><br />
						
            
            <a class="navhash" href="#100">#</a>
						
              <code id="100">make[2]: *** [scripts/Makefile.build:292: /tmp/rt3562sta/src/rt3562sta-linux-r3/os/linux/../../common/crypt_md5.o] Error 1</code><br />
						
            
            <a class="navhash" href="#101">#</a>
						
              <code id="101">make[2]: *** Waiting for unfinished jobs....</code><br />
						
            
            <a class="navhash" href="#102">#</a>
						
              <code id="102">  CC [M]  /tmp/rt3562sta/src/rt3562sta-linux-r3/os/linux/../../common/crypt_hmac.o</code><br />
						
            
            <a class="navhash" href="#103">#</a>
						
              <code id="103">  CC [M]  /tmp/rt3562sta/src/rt3562sta-linux-r3/os/linux/../../common/crypt_aes.o</code><br />
						
            
            <a class="navhash" href="#104">#</a>
						
              <code id="104">cc: error: unrecognized command line option '-mno-sse'</code><br />
						
            
            <a class="navhash" href="#105">#</a>
						
              <code id="105">cc: error: unrecognized command line option '-mno-mmx'</code><br />
						
            
            <a class="navhash" href="#106">#</a>
						
              <code id="106">cc: error: unrecognized command line option '-mno-sse2'</code><br />
						
            
            <a class="navhash" href="#107">#</a>
						
              <code id="107">cc: error: unrecognized command line option '-mno-3dnow'</code><br />
						
            
            <a class="navhash" href="#108">#</a>
						
              <code id="108">cc: error: unrecognized command line option '-m64'</code><br />
						
            
            <a class="navhash" href="#109">#</a>
						
              <code id="109">cc: error: unrecognized command line option '-mno-red-zone'</code><br />
						
            
            <a class="navhash" href="#110">#</a>
						
              <code id="110">cc: error: unrecognized command line option '-mcmodel=kernel'</code><br />
						
            
            <a class="navhash" href="#111">#</a>
						
              <code id="111">cc: error: unrecognized command line option '-fstack-protector-strong'</code><br />
						
            
            <a class="navhash" href="#112">#</a>
						
              <code id="112">make[2]: *** [scripts/Makefile.build:292: /tmp/rt3562sta/src/rt3562sta-linux-r3/os/linux/../../common/crypt_sha2.o] Error 1</code><br />
						
            
            <a class="navhash" href="#113">#</a>
						
              <code id="113">cc: error: unrecognized command line option '-mno-sse'</code><br />
						
            
            <a class="navhash" href="#114">#</a>
						
              <code id="114">cc: error: unrecognized command line option '-mno-mmx'</code><br />
						
            
            <a class="navhash" href="#115">#</a>
						
              <code id="115">cc: error: unrecognized command line option '-mno-sse2'</code><br />
						
            
            <a class="navhash" href="#116">#</a>
						
              <code id="116">cc: error: unrecognized command line option '-mno-3dnow'</code><br />
						
            
            <a class="navhash" href="#117">#</a>
						
              <code id="117">cc: error: unrecognized command line option '-m64'</code><br />
						
            
            <a class="navhash" href="#118">#</a>
						
              <code id="118">cc: error: unrecognized command line option '-mno-red-zone'</code><br />
						
            
            <a class="navhash" href="#119">#</a>
						
              <code id="119">cc: error: unrecognized command line option '-mcmodel=kernel'</code><br />
						
            
            <a class="navhash" href="#120">#</a>
						
              <code id="120">cc: error: unrecognized command line option '-fstack-protector-strong'</code><br />
						
            
            <a class="navhash" href="#121">#</a>
						
              <code id="121">make[2]: *** [scripts/Makefile.build:292: /tmp/rt3562sta/src/rt3562sta-linux-r3/os/linux/../../common/crypt_hmac.o] Error 1</code><br />
						
            
            <a class="navhash" href="#122">#</a>
						
              <code id="122">cc: error: unrecognized command line option '-mno-sse'</code><br />
						
            
            <a class="navhash" href="#123">#</a>
						
              <code id="123">cc: error: unrecognized command line option '-mno-mmx'</code><br />
						
            
            <a class="navhash" href="#124">#</a>
						
              <code id="124">cc: error: unrecognized command line option '-mno-sse2'</code><br />
						
            
            <a class="navhash" href="#125">#</a>
						
              <code id="125">cc: error: unrecognized command line option '-mno-3dnow'</code><br />
						
            
            <a class="navhash" href="#126">#</a>
						
              <code id="126">cc: error: unrecognized command line option '-m64'</code><br />
						
            
            <a class="navhash" href="#127">#</a>
						
              <code id="127">cc: error: unrecognized command line option '-mno-red-zone'</code><br />
						
            
            <a class="navhash" href="#128">#</a>
						
              <code id="128">cc: error: unrecognized command line option '-mcmodel=kernel'</code><br />
						
            
            <a class="navhash" href="#129">#</a>
						
              <code id="129">cc: error: unrecognized command line option '-fstack-protector-strong'</code><br />
						
            
            <a class="navhash" href="#130">#</a>
						
              <code id="130">make[2]: *** [scripts/Makefile.build:292: /tmp/rt3562sta/src/rt3562sta-linux-r3/os/linux/../../common/crypt_aes.o] Error 1</code><br />
						
            
            <a class="navhash" href="#131">#</a>
						
              <code id="131">make[1]: *** [Makefile:1429: _module_/tmp/rt3562sta/src/rt3562sta-linux-r3/os/linux] Error 2</code><br />
						
            
            <a class="navhash" href="#132">#</a>
						
              <code id="132">make[1]: Leaving directory '/usr/lib/modules/4.6.3-1-ARCH/build'</code><br />
						
            
            <a class="navhash" href="#133">#</a>
						
              <code id="133">make: *** [Makefile:270: LINUX] Error 2</code><br />
						
            
            <a class="navhash" href="#134">#</a>
						
              <code id="134">==> ERROR: A failure occurred in build().</code><br />
						
            
            <a class="navhash" href="#135">#</a>
						
              <code id="135">    Aborting...</code><br />
						
            
          </div>
        
      </div>
      <br />
    
  </body>
</html>