<!DOCTYPE html>
<html>
<!-- Jinja template for reports of individual builds

  Copyright 2016 Kareem Khazem. All Rights Reserved.
  Licensed under the Apache License, Version 2.0 (the "License");
  you may not use this file except in compliance with the License.
  You may obtain a copy of the License at

 		 http://www.apache.org/licenses/LICENSE-2.0

  Unless required by applicable law or agreed to in writing, software
  distributed under the License is distributed on an "AS IS" BASIS,
  WITHOUT WARRANTIES OR CONDITIONS OF ANY KIND, either express or
  implied.
  See the License for the specific language governing permissions and
  limitations under the License.
-->
  <head>
    <meta charset="UTF-8">
    <title>android/rubiks</title>
    <link href='https://fonts.googleapis.com/css?family=Roboto:400,900'
          rel='stylesheet' type='text/css'>
    <link
    href='https://fonts.googleapis.com/css?family=Source+Code+Pro:400,700'
          rel='stylesheet' type='text/css'>
    <link href="../style.css" type="text/css" rel="stylesheet">
  </head>
  <body>
    <h1>Build of rubiks
        with <a href="../index.html">android</a>
        toolchain</h1>
    <p>The build took 00h 00m 58s and was
    NOT successful.</p>
    <p>
    The program in this build is written in the following languages,
    according to <a
    href="http://www.dwheeler.com/sloccount/">sloccount</a>:
    </p>
    <table>
      <tr><th>SLOC</th><th>Language</th></tr>
      
      <tr><td class="loc"><code>7,384</code></td>
          <td class="lang">cpp</td></tr>
      <tr><td class="loc"><code>7,349</code></td>
          <td class="lang">ansic</td></tr>
      <tr><td class="loc"><code>284</code></td>
          <td class="lang">makefile</td></tr>
      <tr><td><code>15,017</code></td>
          <td><em>total</em></td></tr>
    </table>
    <p>
      The process tree of the build process is <a
      href="rubiks-tree.html">here</a>.
    </p>
    
    
    
    
    
    <h2>List of Errors</h2>
    <ul>
      
      <li>parse_error
        <ul>
          
          <li><a href="#252">cubex.cpp:557:20: error: expected ';' before 's'</a></li>
          
          <li><a href="#262">cubex.cpp:578:10: error: expected ';' before 'a'</a></li>
          
          <li><a href="#306">cubex.cpp:1656:10: error: expected ';' before 's'</a></li>
          
          <li><a href="#309">cubex.cpp:1656:25: error: expected ';' before 't'</a></li>
          
          <li><a href="#312">cubex.cpp:1656:40: error: expected ';' before 'p'</a></li>
          
        </ul>
      </li>
      
    </ul>
    
    
    <h2>Log</h2>
    <p>
    To avoid scrolling, you may jump to the <a
    href="#537">last line</a> of the
    invocation of <code>makepkg</code> that was used to build this
    package.
    </p>
    
    
      <div class="block">
        <div class="info">
          <code>Removed vanilla repositories from pacman.conf and added:</code>
        </div>
        
          <div class="output">
            
            <a class="navhash" href="#1">#</a>
						
              <code id="1">[tuscan]</code><br />
						
            
            <a class="navhash" href="#2">#</a>
						
              <code id="2">Server = file:///var/cache/pacman/pkg/</code><br />
						
            
          </div>
        
      </div>
      <br />
    
      <div class="block">
        <div class="command">
          <code><span class="prompt">CMD: </span>pacman -Syy --noconfirm</code>
        </div>
        
          <div class="output">
            
            <a class="navhash" href="#3">#</a>
						
              <code id="3">:: Synchronizing package databases...</code><br />
						
            
            <a class="navhash" href="#4">#</a>
						
              <code id="4">downloading tuscan.db...</code><br />
						
            
          </div>
        
      </div>
      <br />
    
      <div class="block">
        <div class="info">
          <code>Copied permanent toolchain into container-local sysroot</code>
        </div>
        
          <div class="output">
            
            <a class="navhash" href="#5">#</a>
						
              <code id="5">/toolchain_root/arm-linux-androideabi  -->  /sysroot/arm-linux-androideabi</code><br />
						
            
            <a class="navhash" href="#6">#</a>
						
              <code id="6">/toolchain_root/COPYING3.LIB  -->  /sysroot/COPYING3.LIB</code><br />
						
            
            <a class="navhash" href="#7">#</a>
						
              <code id="7">/toolchain_root/sysroot  -->  /sysroot/sysroot</code><br />
						
            
            <a class="navhash" href="#8">#</a>
						
              <code id="8">/toolchain_root/COPYING.RUNTIME  -->  /sysroot/COPYING.RUNTIME</code><br />
						
            
            <a class="navhash" href="#9">#</a>
						
              <code id="9">/toolchain_root/lib  -->  /sysroot/lib</code><br />
						
            
            <a class="navhash" href="#10">#</a>
						
              <code id="10">/toolchain_root/SOURCES  -->  /sysroot/SOURCES</code><br />
						
            
            <a class="navhash" href="#11">#</a>
						
              <code id="11">/toolchain_root/lib64  -->  /sysroot/lib64</code><br />
						
            
            <a class="navhash" href="#12">#</a>
						
              <code id="12">/toolchain_root/share  -->  /sysroot/share</code><br />
						
            
            <a class="navhash" href="#13">#</a>
						
              <code id="13">/toolchain_root/bin  -->  /sysroot/bin</code><br />
						
            
            <a class="navhash" href="#14">#</a>
						
              <code id="14">/toolchain_root/COPYING  -->  /sysroot/COPYING</code><br />
						
            
            <a class="navhash" href="#15">#</a>
						
              <code id="15">/toolchain_root/COPYING3  -->  /sysroot/COPYING3</code><br />
						
            
            <a class="navhash" href="#16">#</a>
						
              <code id="16">/toolchain_root/COPYING.LIB  -->  /sysroot/COPYING.LIB</code><br />
						
            
            <a class="navhash" href="#17">#</a>
						
              <code id="17">/toolchain_root/include  -->  /sysroot/include</code><br />
						
            
            <a class="navhash" href="#18">#</a>
						
              <code id="18">/toolchain_root/libexec  -->  /sysroot/libexec</code><br />
						
            
          </div>
        
      </div>
      <br />
    
      <div class="block">
        <div class="command">
          <code><span class="prompt">CMD: </span>sudo -u tuscan PATH=/sysroot/bin:/sysroot/libexec/gcc/arm-linux-androideabi/4.8:/usr/local/sbin:/usr/local/bin:/usr/sbin:/usr/bin:/sbin:/bin CC=arm-linux-androideabi-gcc CXX=arm-linux-androideabi-g++ red makepkg --noextract --syncdeps --skipinteg --skippgpcheck --skipchecksums --noconfirm --nocolor --log --noprogressbar --nocheck</code>
        </div>
        
          <div class="output">
            
            <a class="navhash" href="#19">#</a>
						
              <code id="19">==> Making package: rubiks 20070912-2 (Tue Apr  4 20:48:25 UTC 2017)</code><br />
						
            
            <a class="navhash" href="#20">#</a>
						
              <code id="20">==> Checking runtime dependencies...</code><br />
						
            
            <a class="navhash" href="#21">#</a>
						
              <code id="21">==> Checking buildtime dependencies...</code><br />
						
            
            <a class="navhash" href="#22">#</a>
						
              <code id="22">==> WARNING: Using existing $srcdir/ tree</code><br />
						
            
            <a class="navhash" href="#23">#</a>
						
              <code id="23">==> Entering fakeroot environment...</code><br />
						
            
            <a class="navhash" href="#24">#</a>
						
              <code id="24">==> Starting package()...</code><br />
						
            
            <a class="navhash" href="#25">#</a>
						
              <code id="25">for dir in dietz/cu2 dietz/mcube dietz/solver dik reid; do \</code><br />
						
            
            <a class="navhash" href="#26">#</a>
						
              <code id="26">	(cd ${dir} && make all)\</code><br />
						
            
            <a class="navhash" href="#27">#</a>
						
              <code id="27">done</code><br />
						
            
            <a class="navhash" href="#28">#</a>
						
              <code id="28">make[1]: warning: jobserver unavailable: using -j1.  Add '+' to parent make rule.</code><br />
						
            
            <a class="navhash" href="#29">#</a>
						
              <code id="29">make[1]: Entering directory '/tmp/rubiks/src/rubiks-20070912/dietz/cu2'</code><br />
						
            
            <a class="navhash" href="#30">#</a>
						
              <code id="30">g++ -O2 -c cu2.cpp</code><br />
						
            
            <a class="navhash" href="#31">#</a>
						
              <code id="31">cc1plus: error: no include path in which to search for stdc-predef.h</code><br />
						
            
            <a class="navhash" href="#32">#</a>
						
              <code id="32">cu2.cpp:8:20: error: no include path in which to search for stdlib.h</code><br />
						
            
            <a class="navhash" href="#33">#</a>
						
              <code id="33"> #include <stdlib.h></code><br />
						
            
            <a class="navhash" href="#34">#</a>
						
              <code id="34">                    ^</code><br />
						
            
            <a class="navhash" href="#35">#</a>
						
              <code id="35">cu2.cpp:9:19: error: no include path in which to search for stdio.h</code><br />
						
            
            <a class="navhash" href="#36">#</a>
						
              <code id="36"> #include <stdio.h></code><br />
						
            
            <a class="navhash" href="#37">#</a>
						
              <code id="37">                   ^</code><br />
						
            
            <a class="navhash" href="#38">#</a>
						
              <code id="38">cu2.cpp:10:18: error: no include path in which to search for string</code><br />
						
            
            <a class="navhash" href="#39">#</a>
						
              <code id="39"> #include <string></code><br />
						
            
            <a class="navhash" href="#40">#</a>
						
              <code id="40">                  ^</code><br />
						
            
            <a class="navhash" href="#41">#</a>
						
              <code id="41">In file included from cu2.cpp:15:0:</code><br />
						
            
            <a class="navhash" href="#42">#</a>
						
              <code id="42">cu2.h:11:18: error: no include path in which to search for string</code><br />
						
            
            <a class="navhash" href="#43">#</a>
						
              <code id="43"> #include <string></code><br />
						
            
            <a class="navhash" href="#44">#</a>
						
              <code id="44">                  ^</code><br />
						
            
            <a class="navhash" href="#45">#</a>
						
              <code id="45">cu2.h:65:22: error: 'string' has not been declared</code><br />
						
            
            <a class="navhash" href="#46">#</a>
						
              <code id="46">   const void domoves(string s);         // do a series of moves</code><br />
						
            
            <a class="navhash" href="#47">#</a>
						
              <code id="47">                      ^</code><br />
						
            
            <a class="navhash" href="#48">#</a>
						
              <code id="48">cu2.h:70:16: error: 'string' does not name a type</code><br />
						
            
            <a class="navhash" href="#49">#</a>
						
              <code id="49">   static const string std_to_metr(string s);    // convert standard string to metric</code><br />
						
            
            <a class="navhash" href="#50">#</a>
						
              <code id="50">                ^</code><br />
						
            
            <a class="navhash" href="#51">#</a>
						
              <code id="51">cu2.h:71:16: error: 'string' does not name a type</code><br />
						
            
            <a class="navhash" href="#52">#</a>
						
              <code id="52">   static const string metr_to_std(string s);    // convert metric string to standard</code><br />
						
            
            <a class="navhash" href="#53">#</a>
						
              <code id="53">                ^</code><br />
						
            
            <a class="navhash" href="#54">#</a>
						
              <code id="54">cu2.h:72:16: error: 'string' does not name a type</code><br />
						
            
            <a class="navhash" href="#55">#</a>
						
              <code id="55">   static const string std_to_rel(string s);     // convert standard string to relative</code><br />
						
            
            <a class="navhash" href="#56">#</a>
						
              <code id="56">                ^</code><br />
						
            
            <a class="navhash" href="#57">#</a>
						
              <code id="57">cu2.h:73:16: error: 'string' does not name a type</code><br />
						
            
            <a class="navhash" href="#58">#</a>
						
              <code id="58">   static const string rel_to_std(string s);     // convert relative string to standard</code><br />
						
            
            <a class="navhash" href="#59">#</a>
						
              <code id="59">                ^</code><br />
						
            
            <a class="navhash" href="#60">#</a>
						
              <code id="60">cu2.h:74:16: error: 'string' does not name a type</code><br />
						
            
            <a class="navhash" href="#61">#</a>
						
              <code id="61">   static const string metr_to_rel(string s);    // convert metric string to relative</code><br />
						
            
            <a class="navhash" href="#62">#</a>
						
              <code id="62">                ^</code><br />
						
            
            <a class="navhash" href="#63">#</a>
						
              <code id="63">cu2.h:75:16: error: 'string' does not name a type</code><br />
						
            
            <a class="navhash" href="#64">#</a>
						
              <code id="64">   static const string rel_to_metr(string s);    // convert relative string to metric</code><br />
						
            
            <a class="navhash" href="#65">#</a>
						
              <code id="65">                ^</code><br />
						
            
            <a class="navhash" href="#66">#</a>
						
              <code id="66">cu2.h:76:9: error: 'string' does not name a type</code><br />
						
            
            <a class="navhash" href="#67">#</a>
						
              <code id="67">   const string usehalfturns(string s, int b);   // allow the use of the half turn</code><br />
						
            
            <a class="navhash" href="#68">#</a>
						
              <code id="68">         ^</code><br />
						
            
            <a class="navhash" href="#69">#</a>
						
              <code id="69">cu2.h:77:9: error: 'string' does not name a type</code><br />
						
            
            <a class="navhash" href="#70">#</a>
						
              <code id="70">   const string concise(string s, int b);        // remove redundancies from solution</code><br />
						
            
            <a class="navhash" href="#71">#</a>
						
              <code id="71">         ^</code><br />
						
            
            <a class="navhash" href="#72">#</a>
						
              <code id="72">cu2.h:86:3: error: 'string' does not name a type</code><br />
						
            
            <a class="navhash" href="#73">#</a>
						
              <code id="73">   string solution;                      // solution string</code><br />
						
            
            <a class="navhash" href="#74">#</a>
						
              <code id="74">   ^</code><br />
						
            
            <a class="navhash" href="#75">#</a>
						
              <code id="75">cu2.h:106:9: error: 'string' does not name a type</code><br />
						
            
            <a class="navhash" href="#76">#</a>
						
              <code id="76">   const string findsolution();          // find a solution for a prepared cube</code><br />
						
            
            <a class="navhash" href="#77">#</a>
						
              <code id="77">         ^</code><br />
						
            
            <a class="navhash" href="#78">#</a>
						
              <code id="78">cu2.cpp: In constructor 'cu2::cu2()':</code><br />
						
            
            <a class="navhash" href="#79">#</a>
						
              <code id="79">cu2.cpp:31:3: error: 'solution' was not declared in this scope</code><br />
						
            
            <a class="navhash" href="#80">#</a>
						
              <code id="80">   solution = "";</code><br />
						
            
            <a class="navhash" href="#81">#</a>
						
              <code id="81">   ^</code><br />
						
            
            <a class="navhash" href="#82">#</a>
						
              <code id="82">cu2.cpp: In member function 'int* cu2::face(int, int, int)':</code><br />
						
            
            <a class="navhash" href="#83">#</a>
						
              <code id="83">cu2.cpp:68:12: error: 'NULL' was not declared in this scope</code><br />
						
            
            <a class="navhash" href="#84">#</a>
						
              <code id="84">     return NULL;</code><br />
						
            
            <a class="navhash" href="#85">#</a>
						
              <code id="85">            ^</code><br />
						
            
            <a class="navhash" href="#86">#</a>
						
              <code id="86">cu2.cpp: In member function 'const void cu2::renderscreen()':</code><br />
						
            
            <a class="navhash" href="#87">#</a>
						
              <code id="87">cu2.cpp:125:3: error: 'printf' was not declared in this scope</code><br />
						
            
            <a class="navhash" href="#88">#</a>
						
              <code id="88">   );</code><br />
						
            
            <a class="navhash" href="#89">#</a>
						
              <code id="89">   ^</code><br />
						
            
            <a class="navhash" href="#90">#</a>
						
              <code id="90">cu2.cpp: In member function 'const void cu2::resetcube()':</code><br />
						
            
            <a class="navhash" href="#91">#</a>
						
              <code id="91">cu2.cpp:157:3: error: 'solution' was not declared in this scope</code><br />
						
            
            <a class="navhash" href="#92">#</a>
						
              <code id="92">   solution = "";</code><br />
						
            
            <a class="navhash" href="#93">#</a>
						
              <code id="93">   ^</code><br />
						
            
            <a class="navhash" href="#94">#</a>
						
              <code id="94">cu2.cpp: In member function 'const void cu2::scramblecube()':</code><br />
						
            
            <a class="navhash" href="#95">#</a>
						
              <code id="95">cu2.cpp:362:20: error: 'rand' was not declared in this scope</code><br />
						
            
            <a class="navhash" href="#96">#</a>
						
              <code id="96">   nummoves += rand() % nummoves;</code><br />
						
            
            <a class="navhash" href="#97">#</a>
						
              <code id="97">                    ^</code><br />
						
            
            <a class="navhash" href="#98">#</a>
						
              <code id="98">cu2.cpp: At global scope:</code><br />
						
            
            <a class="navhash" href="#99">#</a>
						
              <code id="99">cu2.cpp:380:25: error: variable or field 'domoves' declared void</code><br />
						
            
            <a class="navhash" href="#100">#</a>
						
              <code id="100"> const void cu2::domoves(string s)</code><br />
						
            
            <a class="navhash" href="#101">#</a>
						
              <code id="101">                         ^</code><br />
						
            
            <a class="navhash" href="#102">#</a>
						
              <code id="102">cu2.cpp:380:25: error: 'string' was not declared in this scope</code><br />
						
            
            <a class="navhash" href="#103">#</a>
						
              <code id="103">make[1]: *** [Makefile:37: cu2.o] Error 1</code><br />
						
            
            <a class="navhash" href="#104">#</a>
						
              <code id="104">make[1]: Leaving directory '/tmp/rubiks/src/rubiks-20070912/dietz/cu2'</code><br />
						
            
            <a class="navhash" href="#105">#</a>
						
              <code id="105">make[1]: warning: jobserver unavailable: using -j1.  Add '+' to parent make rule.</code><br />
						
            
            <a class="navhash" href="#106">#</a>
						
              <code id="106">make[1]: Entering directory '/tmp/rubiks/src/rubiks-20070912/dietz/mcube'</code><br />
						
            
            <a class="navhash" href="#107">#</a>
						
              <code id="107">g++ -O2 -c mcube.cpp</code><br />
						
            
            <a class="navhash" href="#108">#</a>
						
              <code id="108">cc1plus: error: no include path in which to search for stdc-predef.h</code><br />
						
            
            <a class="navhash" href="#109">#</a>
						
              <code id="109">mcube.cpp:8:20: error: no include path in which to search for stdlib.h</code><br />
						
            
            <a class="navhash" href="#110">#</a>
						
              <code id="110"> #include <stdlib.h></code><br />
						
            
            <a class="navhash" href="#111">#</a>
						
              <code id="111">                    ^</code><br />
						
            
            <a class="navhash" href="#112">#</a>
						
              <code id="112">mcube.cpp:9:19: error: no include path in which to search for stdio.h</code><br />
						
            
            <a class="navhash" href="#113">#</a>
						
              <code id="113"> #include <stdio.h></code><br />
						
            
            <a class="navhash" href="#114">#</a>
						
              <code id="114">                   ^</code><br />
						
            
            <a class="navhash" href="#115">#</a>
						
              <code id="115">mcube.cpp:10:18: error: no include path in which to search for string</code><br />
						
            
            <a class="navhash" href="#116">#</a>
						
              <code id="116"> #include <string></code><br />
						
            
            <a class="navhash" href="#117">#</a>
						
              <code id="117">                  ^</code><br />
						
            
            <a class="navhash" href="#118">#</a>
						
              <code id="118">In file included from mcube.cpp:15:0:</code><br />
						
            
            <a class="navhash" href="#119">#</a>
						
              <code id="119">mcube.h:11:18: error: no include path in which to search for string</code><br />
						
            
            <a class="navhash" href="#120">#</a>
						
              <code id="120"> #include <string></code><br />
						
            
            <a class="navhash" href="#121">#</a>
						
              <code id="121">                  ^</code><br />
						
            
            <a class="navhash" href="#122">#</a>
						
              <code id="122">mcube.h:83:22: error: 'string' has not been declared</code><br />
						
            
            <a class="navhash" href="#123">#</a>
						
              <code id="123">   const void domoves(string s);         // do a series of moves</code><br />
						
            
            <a class="navhash" href="#124">#</a>
						
              <code id="124">                      ^</code><br />
						
            
            <a class="navhash" href="#125">#</a>
						
              <code id="125">mcube.h:110:16: error: 'string' does not name a type</code><br />
						
            
            <a class="navhash" href="#126">#</a>
						
              <code id="126">   static const string std_to_metr(string s);    // convert standard string to metric</code><br />
						
            
            <a class="navhash" href="#127">#</a>
						
              <code id="127">                ^</code><br />
						
            
            <a class="navhash" href="#128">#</a>
						
              <code id="128">mcube.h:111:16: error: 'string' does not name a type</code><br />
						
            
            <a class="navhash" href="#129">#</a>
						
              <code id="129">   static const string metr_to_std(string s);    // convert metric string to standard</code><br />
						
            
            <a class="navhash" href="#130">#</a>
						
              <code id="130">                ^</code><br />
						
            
            <a class="navhash" href="#131">#</a>
						
              <code id="131">mcube.h:112:16: error: 'string' does not name a type</code><br />
						
            
            <a class="navhash" href="#132">#</a>
						
              <code id="132">   static const string std_to_rel(string s);     // convert standard string to relative</code><br />
						
            
            <a class="navhash" href="#133">#</a>
						
              <code id="133">                ^</code><br />
						
            
            <a class="navhash" href="#134">#</a>
						
              <code id="134">mcube.h:113:16: error: 'string' does not name a type</code><br />
						
            
            <a class="navhash" href="#135">#</a>
						
              <code id="135">   static const string rel_to_std(string s);     // convert relative string to standard</code><br />
						
            
            <a class="navhash" href="#136">#</a>
						
              <code id="136">                ^</code><br />
						
            
            <a class="navhash" href="#137">#</a>
						
              <code id="137">mcube.h:114:16: error: 'string' does not name a type</code><br />
						
            
            <a class="navhash" href="#138">#</a>
						
              <code id="138">   static const string metr_to_rel(string s);    // convert metric string to relative</code><br />
						
            
            <a class="navhash" href="#139">#</a>
						
              <code id="139">                ^</code><br />
						
            
            <a class="navhash" href="#140">#</a>
						
              <code id="140">mcube.h:115:16: error: 'string' does not name a type</code><br />
						
            
            <a class="navhash" href="#141">#</a>
						
              <code id="141">   static const string rel_to_metr(string s);    // convert relative string to metric</code><br />
						
            
            <a class="navhash" href="#142">#</a>
						
              <code id="142">                ^</code><br />
						
            
            <a class="navhash" href="#143">#</a>
						
              <code id="143">mcube.h:116:9: error: 'string' does not name a type</code><br />
						
            
            <a class="navhash" href="#144">#</a>
						
              <code id="144">   const string usehalfturns(string s, int b);   // allow the use of the half turn</code><br />
						
            
            <a class="navhash" href="#145">#</a>
						
              <code id="145">         ^</code><br />
						
            
            <a class="navhash" href="#146">#</a>
						
              <code id="146">mcube.h:117:9: error: 'string' does not name a type</code><br />
						
            
            <a class="navhash" href="#147">#</a>
						
              <code id="147">   const string concise(string s, int b);        // remove redundancies from solution</code><br />
						
            
            <a class="navhash" href="#148">#</a>
						
              <code id="148">         ^</code><br />
						
            
            <a class="navhash" href="#149">#</a>
						
              <code id="149">mcube.h:127:3: error: 'string' does not name a type</code><br />
						
            
            <a class="navhash" href="#150">#</a>
						
              <code id="150">   string solution;                      // solution string</code><br />
						
            
            <a class="navhash" href="#151">#</a>
						
              <code id="151">   ^</code><br />
						
            
            <a class="navhash" href="#152">#</a>
						
              <code id="152">mcube.h:149:9: error: 'string' does not name a type</code><br />
						
            
            <a class="navhash" href="#153">#</a>
						
              <code id="153">   const string findsolution();          // find a solution for a prepared cube</code><br />
						
            
            <a class="navhash" href="#154">#</a>
						
              <code id="154">         ^</code><br />
						
            
            <a class="navhash" href="#155">#</a>
						
              <code id="155">mcube.cpp: In constructor 'mcube::mcube()':</code><br />
						
            
            <a class="navhash" href="#156">#</a>
						
              <code id="156">mcube.cpp:32:3: error: 'solution' was not declared in this scope</code><br />
						
            
            <a class="navhash" href="#157">#</a>
						
              <code id="157">   solution = "";</code><br />
						
            
            <a class="navhash" href="#158">#</a>
						
              <code id="158">   ^</code><br />
						
            
            <a class="navhash" href="#159">#</a>
						
              <code id="159">mcube.cpp: In member function 'int* mcube::face(int, int, int)':</code><br />
						
            
            <a class="navhash" href="#160">#</a>
						
              <code id="160">mcube.cpp:69:12: error: 'NULL' was not declared in this scope</code><br />
						
            
            <a class="navhash" href="#161">#</a>
						
              <code id="161">     return NULL;</code><br />
						
            
            <a class="navhash" href="#162">#</a>
						
              <code id="162">            ^</code><br />
						
            
            <a class="navhash" href="#163">#</a>
						
              <code id="163">mcube.cpp: In member function 'const void mcube::renderscreen()':</code><br />
						
            
            <a class="navhash" href="#164">#</a>
						
              <code id="164">mcube.cpp:144:3: error: 'printf' was not declared in this scope</code><br />
						
            
            <a class="navhash" href="#165">#</a>
						
              <code id="165">   );</code><br />
						
            
            <a class="navhash" href="#166">#</a>
						
              <code id="166">   ^</code><br />
						
            
            <a class="navhash" href="#167">#</a>
						
              <code id="167">mcube.cpp: In member function 'const void mcube::resetcube()':</code><br />
						
            
            <a class="navhash" href="#168">#</a>
						
              <code id="168">mcube.cpp:176:3: error: 'solution' was not declared in this scope</code><br />
						
            
            <a class="navhash" href="#169">#</a>
						
              <code id="169">   solution = "";</code><br />
						
            
            <a class="navhash" href="#170">#</a>
						
              <code id="170">   ^</code><br />
						
            
            <a class="navhash" href="#171">#</a>
						
              <code id="171">mcube.cpp: In member function 'const void mcube::scramblecube()':</code><br />
						
            
            <a class="navhash" href="#172">#</a>
						
              <code id="172">mcube.cpp:568:20: error: 'rand' was not declared in this scope</code><br />
						
            
            <a class="navhash" href="#173">#</a>
						
              <code id="173">   nummoves += rand() % nummoves;</code><br />
						
            
            <a class="navhash" href="#174">#</a>
						
              <code id="174">                    ^</code><br />
						
            
            <a class="navhash" href="#175">#</a>
						
              <code id="175">mcube.cpp: At global scope:</code><br />
						
            
            <a class="navhash" href="#176">#</a>
						
              <code id="176">mcube.cpp:586:27: error: variable or field 'domoves' declared void</code><br />
						
            
            <a class="navhash" href="#177">#</a>
						
              <code id="177"> const void mcube::domoves(string s)</code><br />
						
            
            <a class="navhash" href="#178">#</a>
						
              <code id="178">                           ^</code><br />
						
            
            <a class="navhash" href="#179">#</a>
						
              <code id="179">mcube.cpp:586:27: error: 'string' was not declared in this scope</code><br />
						
            
            <a class="navhash" href="#180">#</a>
						
              <code id="180">make[1]: *** [Makefile:37: mcube.o] Error 1</code><br />
						
            
            <a class="navhash" href="#181">#</a>
						
              <code id="181">make[1]: Leaving directory '/tmp/rubiks/src/rubiks-20070912/dietz/mcube'</code><br />
						
            
            <a class="navhash" href="#182">#</a>
						
              <code id="182">make[1]: warning: jobserver unavailable: using -j1.  Add '+' to parent make rule.</code><br />
						
            
            <a class="navhash" href="#183">#</a>
						
              <code id="183">make[1]: Entering directory '/tmp/rubiks/src/rubiks-20070912/dietz/solver'</code><br />
						
            
            <a class="navhash" href="#184">#</a>
						
              <code id="184">g++ -O2 -c cubex.cpp</code><br />
						
            
            <a class="navhash" href="#185">#</a>
						
              <code id="185">cc1plus: error: no include path in which to search for stdc-predef.h</code><br />
						
            
            <a class="navhash" href="#186">#</a>
						
              <code id="186">cubex.cpp:11:18: error: no include path in which to search for cstdio</code><br />
						
            
            <a class="navhash" href="#187">#</a>
						
              <code id="187"> #include <cstdio></code><br />
						
            
            <a class="navhash" href="#188">#</a>
						
              <code id="188">                  ^</code><br />
						
            
            <a class="navhash" href="#189">#</a>
						
              <code id="189">cubex.cpp:12:18: error: no include path in which to search for string</code><br />
						
            
            <a class="navhash" href="#190">#</a>
						
              <code id="190"> #include <string></code><br />
						
            
            <a class="navhash" href="#191">#</a>
						
              <code id="191">                  ^</code><br />
						
            
            <a class="navhash" href="#192">#</a>
						
              <code id="192">In file included from cubex.cpp:14:0:</code><br />
						
            
            <a class="navhash" href="#193">#</a>
						
              <code id="193">cubex.h:15:18: error: no include path in which to search for string</code><br />
						
            
            <a class="navhash" href="#194">#</a>
						
              <code id="194"> #include <string></code><br />
						
            
            <a class="navhash" href="#195">#</a>
						
              <code id="195">                  ^</code><br />
						
            
            <a class="navhash" href="#196">#</a>
						
              <code id="196">cubex.h:17:19: error: no include path in which to search for cstdlib</code><br />
						
            
            <a class="navhash" href="#197">#</a>
						
              <code id="197"> #include <cstdlib></code><br />
						
            
            <a class="navhash" href="#198">#</a>
						
              <code id="198">                   ^</code><br />
						
            
            <a class="navhash" href="#199">#</a>
						
              <code id="199">cubex.h:82:3: error: 'string' does not name a type</code><br />
						
            
            <a class="navhash" href="#200">#</a>
						
              <code id="200">   string solution;</code><br />
						
            
            <a class="navhash" href="#201">#</a>
						
              <code id="201">   ^</code><br />
						
            
            <a class="navhash" href="#202">#</a>
						
              <code id="202">cubex.h:86:9: error: 'string' does not name a type</code><br />
						
            
            <a class="navhash" href="#203">#</a>
						
              <code id="203">   const string Concise(string a);</code><br />
						
            
            <a class="navhash" href="#204">#</a>
						
              <code id="204">         ^</code><br />
						
            
            <a class="navhash" href="#205">#</a>
						
              <code id="205">cubex.h:87:9: error: 'string' does not name a type</code><br />
						
            
            <a class="navhash" href="#206">#</a>
						
              <code id="206">   const string Efficient(string a);</code><br />
						
            
            <a class="navhash" href="#207">#</a>
						
              <code id="207">         ^</code><br />
						
            
            <a class="navhash" href="#208">#</a>
						
              <code id="208">cubex.h:94:9: error: 'string' does not name a type</code><br />
						
            
            <a class="navhash" href="#209">#</a>
						
              <code id="209">   const string TopEdges();</code><br />
						
            
            <a class="navhash" href="#210">#</a>
						
              <code id="210">         ^</code><br />
						
            
            <a class="navhash" href="#211">#</a>
						
              <code id="211">cubex.h:95:9: error: 'string' does not name a type</code><br />
						
            
            <a class="navhash" href="#212">#</a>
						
              <code id="212">   const string TopCorners();</code><br />
						
            
            <a class="navhash" href="#213">#</a>
						
              <code id="213">         ^</code><br />
						
            
            <a class="navhash" href="#214">#</a>
						
              <code id="214">cubex.h:96:9: error: 'string' does not name a type</code><br />
						
            
            <a class="navhash" href="#215">#</a>
						
              <code id="215">   const string MiddleEdges();</code><br />
						
            
            <a class="navhash" href="#216">#</a>
						
              <code id="216">         ^</code><br />
						
            
            <a class="navhash" href="#217">#</a>
						
              <code id="217">cubex.h:97:9: error: 'string' does not name a type</code><br />
						
            
            <a class="navhash" href="#218">#</a>
						
              <code id="218">   const string BottomEdgesOrient();</code><br />
						
            
            <a class="navhash" href="#219">#</a>
						
              <code id="219">         ^</code><br />
						
            
            <a class="navhash" href="#220">#</a>
						
              <code id="220">cubex.h:98:9: error: 'string' does not name a type</code><br />
						
            
            <a class="navhash" href="#221">#</a>
						
              <code id="221">   const string BottomEdgesPosition();</code><br />
						
            
            <a class="navhash" href="#222">#</a>
						
              <code id="222">         ^</code><br />
						
            
            <a class="navhash" href="#223">#</a>
						
              <code id="223">cubex.h:99:9: error: 'string' does not name a type</code><br />
						
            
            <a class="navhash" href="#224">#</a>
						
              <code id="224">   const string BottomCornersPosition();</code><br />
						
            
            <a class="navhash" href="#225">#</a>
						
              <code id="225">         ^</code><br />
						
            
            <a class="navhash" href="#226">#</a>
						
              <code id="226">cubex.h:100:9: error: 'string' does not name a type</code><br />
						
            
            <a class="navhash" href="#227">#</a>
						
              <code id="227">   const string BottomCornersOrient();</code><br />
						
            
            <a class="navhash" href="#228">#</a>
						
              <code id="228">         ^</code><br />
						
            
            <a class="navhash" href="#229">#</a>
						
              <code id="229">cubex.h:101:9: error: 'string' does not name a type</code><br />
						
            
            <a class="navhash" href="#230">#</a>
						
              <code id="230">   const string CentersRotate();</code><br />
						
            
            <a class="navhash" href="#231">#</a>
						
              <code id="231">         ^</code><br />
						
            
            <a class="navhash" href="#232">#</a>
						
              <code id="232">cubex.cpp: In constructor 'Cubex::Cubex()':</code><br />
						
            
            <a class="navhash" href="#233">#</a>
						
              <code id="233">cubex.cpp:24:3: error: 'solution' was not declared in this scope</code><br />
						
            
            <a class="navhash" href="#234">#</a>
						
              <code id="234">   solution = "";</code><br />
						
            
            <a class="navhash" href="#235">#</a>
						
              <code id="235">   ^</code><br />
						
            
            <a class="navhash" href="#236">#</a>
						
              <code id="236">cubex.cpp: In member function 'int* Cubex::face(int, int, int)':</code><br />
						
            
            <a class="navhash" href="#237">#</a>
						
              <code id="237">cubex.cpp:74:12: error: 'NULL' was not declared in this scope</code><br />
						
            
            <a class="navhash" href="#238">#</a>
						
              <code id="238">     return NULL;</code><br />
						
            
            <a class="navhash" href="#239">#</a>
						
              <code id="239">            ^</code><br />
						
            
            <a class="navhash" href="#240">#</a>
						
              <code id="240">cubex.cpp: In member function 'const void Cubex::RenderScreen()':</code><br />
						
            
            <a class="navhash" href="#241">#</a>
						
              <code id="241">cubex.cpp:143:3: error: 'printf' was not declared in this scope</code><br />
						
            
            <a class="navhash" href="#242">#</a>
						
              <code id="242">   );</code><br />
						
            
            <a class="navhash" href="#243">#</a>
						
              <code id="243">   ^</code><br />
						
            
            <a class="navhash" href="#244">#</a>
						
              <code id="244">cubex.cpp: In member function 'const void Cubex::ResetCube()':</code><br />
						
            
            <a class="navhash" href="#245">#</a>
						
              <code id="245">cubex.cpp:192:3: error: 'solution' was not declared in this scope</code><br />
						
            
            <a class="navhash" href="#246">#</a>
						
              <code id="246">   solution = "";</code><br />
						
            
            <a class="navhash" href="#247">#</a>
						
              <code id="247">   ^</code><br />
						
            
            <a class="navhash" href="#248">#</a>
						
              <code id="248">cubex.cpp: In member function 'const void Cubex::ScrambleCube()':</code><br />
						
            
            <a class="navhash" href="#249">#</a>
						
              <code id="249">cubex.cpp:557:13: error: 'string' was not declared in this scope</code><br />
						
            
            <a class="navhash" href="#250">#</a>
						
              <code id="250">   int n, o; string s = "";</code><br />
						
            
            <a class="navhash" href="#251">#</a>
						
              <code id="251">             ^</code><br />
						
            
            <a class="navhash" href="#252">#</a>
						<span class="error">
              <code id="252">cubex.cpp:557:20: error: expected ';' before 's'</code><br />
						</span>
            
            <a class="navhash" href="#253">#</a>
						
              <code id="253">   int n, o; string s = "";</code><br />
						
            
            <a class="navhash" href="#254">#</a>
						
              <code id="254">                    ^</code><br />
						
            
            <a class="navhash" href="#255">#</a>
						
              <code id="255">cubex.cpp:558:13: error: 'rand' was not declared in this scope</code><br />
						
            
            <a class="navhash" href="#256">#</a>
						
              <code id="256">   a += rand() % a;</code><br />
						
            
            <a class="navhash" href="#257">#</a>
						
              <code id="257">             ^</code><br />
						
            
            <a class="navhash" href="#258">#</a>
						
              <code id="258">cubex.cpp: In member function 'const void Cubex::DoSolution()':</code><br />
						
            
            <a class="navhash" href="#259">#</a>
						
              <code id="259">cubex.cpp:578:3: error: 'string' was not declared in this scope</code><br />
						
            
            <a class="navhash" href="#260">#</a>
						
              <code id="260">   string a = "";</code><br />
						
            
            <a class="navhash" href="#261">#</a>
						
              <code id="261">   ^</code><br />
						
            
            <a class="navhash" href="#262">#</a>
						<span class="error">
              <code id="262">cubex.cpp:578:10: error: expected ';' before 'a'</code><br />
						</span>
            
            <a class="navhash" href="#263">#</a>
						
              <code id="263">   string a = "";</code><br />
						
            
            <a class="navhash" href="#264">#</a>
						
              <code id="264">          ^</code><br />
						
            
            <a class="navhash" href="#265">#</a>
						
              <code id="265">cubex.cpp:580:5: error: 'a' was not declared in this scope</code><br />
						
            
            <a class="navhash" href="#266">#</a>
						
              <code id="266">     a = solution.substr(i * 3 - 3, 3);</code><br />
						
            
            <a class="navhash" href="#267">#</a>
						
              <code id="267">     ^</code><br />
						
            
            <a class="navhash" href="#268">#</a>
						
              <code id="268">cubex.cpp:580:9: error: 'solution' was not declared in this scope</code><br />
						
            
            <a class="navhash" href="#269">#</a>
						
              <code id="269">     a = solution.substr(i * 3 - 3, 3);</code><br />
						
            
            <a class="navhash" href="#270">#</a>
						
              <code id="270">         ^</code><br />
						
            
            <a class="navhash" href="#271">#</a>
						
              <code id="271">cubex.cpp: At global scope:</code><br />
						
            
            <a class="navhash" href="#272">#</a>
						
              <code id="272">cubex.cpp:687:7: error: 'string' does not name a type</code><br />
						
            
            <a class="navhash" href="#273">#</a>
						
              <code id="273"> const string Cubex::Concise(string a)</code><br />
						
            
            <a class="navhash" href="#274">#</a>
						
              <code id="274">       ^</code><br />
						
            
            <a class="navhash" href="#275">#</a>
						
              <code id="275">cubex.cpp:898:7: error: 'string' does not name a type</code><br />
						
            
            <a class="navhash" href="#276">#</a>
						
              <code id="276"> const string Cubex::Efficient(string a)</code><br />
						
            
            <a class="navhash" href="#277">#</a>
						
              <code id="277">       ^</code><br />
						
            
            <a class="navhash" href="#278">#</a>
						
              <code id="278">cubex.cpp:905:7: error: 'string' does not name a type</code><br />
						
            
            <a class="navhash" href="#279">#</a>
						
              <code id="279"> const string Cubex::TopEdges()</code><br />
						
            
            <a class="navhash" href="#280">#</a>
						
              <code id="280">       ^</code><br />
						
            
            <a class="navhash" href="#281">#</a>
						
              <code id="281">cubex.cpp:1032:7: error: 'string' does not name a type</code><br />
						
            
            <a class="navhash" href="#282">#</a>
						
              <code id="282"> const string Cubex::TopCorners()</code><br />
						
            
            <a class="navhash" href="#283">#</a>
						
              <code id="283">       ^</code><br />
						
            
            <a class="navhash" href="#284">#</a>
						
              <code id="284">cubex.cpp:1159:7: error: 'string' does not name a type</code><br />
						
            
            <a class="navhash" href="#285">#</a>
						
              <code id="285"> const string Cubex::MiddleEdges()</code><br />
						
            
            <a class="navhash" href="#286">#</a>
						
              <code id="286">       ^</code><br />
						
            
            <a class="navhash" href="#287">#</a>
						
              <code id="287">cubex.cpp:1232:7: error: 'string' does not name a type</code><br />
						
            
            <a class="navhash" href="#288">#</a>
						
              <code id="288"> const string Cubex::BottomEdgesOrient()</code><br />
						
            
            <a class="navhash" href="#289">#</a>
						
              <code id="289">       ^</code><br />
						
            
            <a class="navhash" href="#290">#</a>
						
              <code id="290">cubex.cpp:1281:7: error: 'string' does not name a type</code><br />
						
            
            <a class="navhash" href="#291">#</a>
						
              <code id="291"> const string Cubex::BottomEdgesPosition()</code><br />
						
            
            <a class="navhash" href="#292">#</a>
						
              <code id="292">       ^</code><br />
						
            
            <a class="navhash" href="#293">#</a>
						
              <code id="293">cubex.cpp:1343:7: error: 'string' does not name a type</code><br />
						
            
            <a class="navhash" href="#294">#</a>
						
              <code id="294"> const string Cubex::BottomCornersPosition()</code><br />
						
            
            <a class="navhash" href="#295">#</a>
						
              <code id="295">       ^</code><br />
						
            
            <a class="navhash" href="#296">#</a>
						
              <code id="296">cubex.cpp:1386:7: error: 'string' does not name a type</code><br />
						
            
            <a class="navhash" href="#297">#</a>
						
              <code id="297"> const string Cubex::BottomCornersOrient()</code><br />
						
            
            <a class="navhash" href="#298">#</a>
						
              <code id="298">       ^</code><br />
						
            
            <a class="navhash" href="#299">#</a>
						
              <code id="299">cubex.cpp:1474:7: error: 'string' does not name a type</code><br />
						
            
            <a class="navhash" href="#300">#</a>
						
              <code id="300"> const string Cubex::CentersRotate()</code><br />
						
            
            <a class="navhash" href="#301">#</a>
						
              <code id="301">       ^</code><br />
						
            
            <a class="navhash" href="#302">#</a>
						
              <code id="302">cubex.cpp: In member function 'const int Cubex::SolveCube()':</code><br />
						
            
            <a class="navhash" href="#303">#</a>
						
              <code id="303">cubex.cpp:1656:3: error: 'string' was not declared in this scope</code><br />
						
            
            <a class="navhash" href="#304">#</a>
						
              <code id="304">   string s = ""; string t = ""; string p = "";</code><br />
						
            
            <a class="navhash" href="#305">#</a>
						
              <code id="305">   ^</code><br />
						
            
            <a class="navhash" href="#306">#</a>
						<span class="error">
              <code id="306">cubex.cpp:1656:10: error: expected ';' before 's'</code><br />
						</span>
            
            <a class="navhash" href="#307">#</a>
						
              <code id="307">   string s = ""; string t = ""; string p = "";</code><br />
						
            
            <a class="navhash" href="#308">#</a>
						
              <code id="308">          ^</code><br />
						
            
            <a class="navhash" href="#309">#</a>
						<span class="error">
              <code id="309">cubex.cpp:1656:25: error: expected ';' before 't'</code><br />
						</span>
            
            <a class="navhash" href="#310">#</a>
						
              <code id="310">   string s = ""; string t = ""; string p = "";</code><br />
						
            
            <a class="navhash" href="#311">#</a>
						
              <code id="311">                         ^</code><br />
						
            
            <a class="navhash" href="#312">#</a>
						<span class="error">
              <code id="312">cubex.cpp:1656:40: error: expected ';' before 'p'</code><br />
						</span>
            
            <a class="navhash" href="#313">#</a>
						
              <code id="313">   string s = ""; string t = ""; string p = "";</code><br />
						
            
            <a class="navhash" href="#314">#</a>
						
              <code id="314">                                        ^</code><br />
						
            
            <a class="navhash" href="#315">#</a>
						
              <code id="315">cubex.cpp:1756:5: error: 't' was not declared in this scope</code><br />
						
            
            <a class="navhash" href="#316">#</a>
						
              <code id="316">     t = TopEdges();</code><br />
						
            
            <a class="navhash" href="#317">#</a>
						
              <code id="317">     ^</code><br />
						
            
            <a class="navhash" href="#318">#</a>
						
              <code id="318">cubex.cpp:1756:18: error: 'TopEdges' was not declared in this scope</code><br />
						
            
            <a class="navhash" href="#319">#</a>
						
              <code id="319">     t = TopEdges();</code><br />
						
            
            <a class="navhash" href="#320">#</a>
						
              <code id="320">                  ^</code><br />
						
            
            <a class="navhash" href="#321">#</a>
						
              <code id="321">cubex.cpp:1757:21: error: 'TopCorners' was not declared in this scope</code><br />
						
            
            <a class="navhash" href="#322">#</a>
						
              <code id="322">     t += TopCorners();</code><br />
						
            
            <a class="navhash" href="#323">#</a>
						
              <code id="323">                     ^</code><br />
						
            
            <a class="navhash" href="#324">#</a>
						
              <code id="324">cubex.cpp:1758:22: error: 'MiddleEdges' was not declared in this scope</code><br />
						
            
            <a class="navhash" href="#325">#</a>
						
              <code id="325">     t += MiddleEdges();</code><br />
						
            
            <a class="navhash" href="#326">#</a>
						
              <code id="326">                      ^</code><br />
						
            
            <a class="navhash" href="#327">#</a>
						
              <code id="327">cubex.cpp:1760:28: error: 'BottomEdgesOrient' was not declared in this scope</code><br />
						
            
            <a class="navhash" href="#328">#</a>
						
              <code id="328">     t += BottomEdgesOrient();</code><br />
						
            
            <a class="navhash" href="#329">#</a>
						
              <code id="329">                            ^</code><br />
						
            
            <a class="navhash" href="#330">#</a>
						
              <code id="330">cubex.cpp:1762:30: error: 'BottomEdgesPosition' was not declared in this scope</code><br />
						
            
            <a class="navhash" href="#331">#</a>
						
              <code id="331">     t += BottomEdgesPosition();</code><br />
						
            
            <a class="navhash" href="#332">#</a>
						
              <code id="332">                              ^</code><br />
						
            
            <a class="navhash" href="#333">#</a>
						
              <code id="333">cubex.cpp:1764:32: error: 'BottomCornersPosition' was not declared in this scope</code><br />
						
            
            <a class="navhash" href="#334">#</a>
						
              <code id="334">     t += BottomCornersPosition();</code><br />
						
            
            <a class="navhash" href="#335">#</a>
						
              <code id="335">                                ^</code><br />
						
            
            <a class="navhash" href="#336">#</a>
						
              <code id="336">cubex.cpp:1766:30: error: 'BottomCornersOrient' was not declared in this scope</code><br />
						
            
            <a class="navhash" href="#337">#</a>
						
              <code id="337">     t += BottomCornersOrient();</code><br />
						
            
            <a class="navhash" href="#338">#</a>
						
              <code id="338">                              ^</code><br />
						
            
            <a class="navhash" href="#339">#</a>
						
              <code id="339">cubex.cpp:1768:24: error: 'CentersRotate' was not declared in this scope</code><br />
						
            
            <a class="navhash" href="#340">#</a>
						
              <code id="340">     t += CentersRotate();</code><br />
						
            
            <a class="navhash" href="#341">#</a>
						
              <code id="341">                        ^</code><br />
						
            
            <a class="navhash" href="#342">#</a>
						
              <code id="342">cubex.cpp:1774:32: error: 'p' was not declared in this scope</code><br />
						
            
            <a class="navhash" href="#343">#</a>
						
              <code id="343">       mov[0] = -1; t = Concise(p + t); mov[0] = 0;</code><br />
						
            
            <a class="navhash" href="#344">#</a>
						
              <code id="344">                                ^</code><br />
						
            
            <a class="navhash" href="#345">#</a>
						
              <code id="345">cubex.cpp:1774:37: error: 'Concise' was not declared in this scope</code><br />
						
            
            <a class="navhash" href="#346">#</a>
						
              <code id="346">       mov[0] = -1; t = Concise(p + t); mov[0] = 0;</code><br />
						
            
            <a class="navhash" href="#347">#</a>
						
              <code id="347">                                     ^</code><br />
						
            
            <a class="navhash" href="#348">#</a>
						
              <code id="348">cubex.cpp:1776:20: error: 'Efficient' was not declared in this scope</code><br />
						
            
            <a class="navhash" href="#349">#</a>
						
              <code id="349">     t = Efficient(t);</code><br />
						
            
            <a class="navhash" href="#350">#</a>
						
              <code id="350">                    ^</code><br />
						
            
            <a class="navhash" href="#351">#</a>
						
              <code id="351">cubex.cpp:1780:14: error: 's' was not declared in this scope</code><br />
						
            
            <a class="navhash" href="#352">#</a>
						
              <code id="352">       m = n; s = t;</code><br />
						
            
            <a class="navhash" href="#353">#</a>
						
              <code id="353">              ^</code><br />
						
            
            <a class="navhash" href="#354">#</a>
						
              <code id="354">cubex.cpp:1804:7: error: 'p' was not declared in this scope</code><br />
						
            
            <a class="navhash" href="#355">#</a>
						
              <code id="355">       p += "CU."; XCU();</code><br />
						
            
            <a class="navhash" href="#356">#</a>
						
              <code id="356">       ^</code><br />
						
            
            <a class="navhash" href="#357">#</a>
						
              <code id="357">cubex.cpp:1807:7: error: 'p' was not declared in this scope</code><br />
						
            
            <a class="navhash" href="#358">#</a>
						
              <code id="358">       p += "CL."; XCL();</code><br />
						
            
            <a class="navhash" href="#359">#</a>
						
              <code id="359">       ^</code><br />
						
            
            <a class="navhash" href="#360">#</a>
						
              <code id="360">cubex.cpp:1810:7: error: 'p' was not declared in this scope</code><br />
						
            
            <a class="navhash" href="#361">#</a>
						
              <code id="361">       p = "CU.CU.CR."; XCU(); XCU(); XCR();</code><br />
						
            
            <a class="navhash" href="#362">#</a>
						
              <code id="362">       ^</code><br />
						
            
            <a class="navhash" href="#363">#</a>
						
              <code id="363">cubex.cpp:1824:3: error: 'solution' was not declared in this scope</code><br />
						
            
            <a class="navhash" href="#364">#</a>
						
              <code id="364">   solution = s;</code><br />
						
            
            <a class="navhash" href="#365">#</a>
						
              <code id="365">   ^</code><br />
						
            
            <a class="navhash" href="#366">#</a>
						
              <code id="366">cubex.cpp:1824:14: error: 's' was not declared in this scope</code><br />
						
            
            <a class="navhash" href="#367">#</a>
						
              <code id="367">   solution = s;</code><br />
						
            
            <a class="navhash" href="#368">#</a>
						
              <code id="368">              ^</code><br />
						
            
            <a class="navhash" href="#369">#</a>
						
              <code id="369">make[1]: *** [Makefile:22: cubex.o] Error 1</code><br />
						
            
            <a class="navhash" href="#370">#</a>
						
              <code id="370">make[1]: Leaving directory '/tmp/rubiks/src/rubiks-20070912/dietz/solver'</code><br />
						
            
            <a class="navhash" href="#371">#</a>
						
              <code id="371">make[1]: warning: jobserver unavailable: using -j1.  Add '+' to parent make rule.</code><br />
						
            
            <a class="navhash" href="#372">#</a>
						
              <code id="372">make[1]: Entering directory '/tmp/rubiks/src/rubiks-20070912/dik'</code><br />
						
            
            <a class="navhash" href="#373">#</a>
						
              <code id="373">arm-linux-androideabi-gcc -O -DLARGE_MEM -DVERBOSE   -c -o cube.o cube.c</code><br />
						
            
            <a class="navhash" href="#374">#</a>
						
              <code id="374">cube.c: In function 'main':</code><br />
						
            
            <a class="navhash" href="#375">#</a>
						
              <code id="375">cube.c:20:2: warning: incompatible implicit declaration of built-in function 'exit' [enabled by default]</code><br />
						
            
            <a class="navhash" href="#376">#</a>
						
              <code id="376">  exit(1);</code><br />
						
            
            <a class="navhash" href="#377">#</a>
						
              <code id="377">  ^</code><br />
						
            
            <a class="navhash" href="#378">#</a>
						
              <code id="378">cube.c:42:2: warning: incompatible implicit declaration of built-in function 'exit' [enabled by default]</code><br />
						
            
            <a class="navhash" href="#379">#</a>
						
              <code id="379">  exit(1);</code><br />
						
            
            <a class="navhash" href="#380">#</a>
						
              <code id="380">  ^</code><br />
						
            
            <a class="navhash" href="#381">#</a>
						
              <code id="381">cube.c:99:5: warning: incompatible implicit declaration of built-in function 'exit' [enabled by default]</code><br />
						
            
            <a class="navhash" href="#382">#</a>
						
              <code id="382">     exit(0);</code><br />
						
            
            <a class="navhash" href="#383">#</a>
						
              <code id="383">     ^</code><br />
						
            
            <a class="navhash" href="#384">#</a>
						
              <code id="384">cube.c: In function 'read_position':</code><br />
						
            
            <a class="navhash" href="#385">#</a>
						
              <code id="385">cube.c:188:6: warning: incompatible implicit declaration of built-in function 'exit' [enabled by default]</code><br />
						
            
            <a class="navhash" href="#386">#</a>
						
              <code id="386">      exit(1);</code><br />
						
            
            <a class="navhash" href="#387">#</a>
						
              <code id="387">      ^</code><br />
						
            
            <a class="navhash" href="#388">#</a>
						
              <code id="388">cube.c:195:2: warning: incompatible implicit declaration of built-in function 'exit' [enabled by default]</code><br />
						
            
            <a class="navhash" href="#389">#</a>
						
              <code id="389">  exit(1);</code><br />
						
            
            <a class="navhash" href="#390">#</a>
						
              <code id="390">  ^</code><br />
						
            
            <a class="navhash" href="#391">#</a>
						
              <code id="391">cube.c:200:6: warning: incompatible implicit declaration of built-in function 'exit' [enabled by default]</code><br />
						
            
            <a class="navhash" href="#392">#</a>
						
              <code id="392">      exit(1);</code><br />
						
            
            <a class="navhash" href="#393">#</a>
						
              <code id="393">      ^</code><br />
						
            
            <a class="navhash" href="#394">#</a>
						
              <code id="394">cube.c: In function 'read_cube':</code><br />
						
            
            <a class="navhash" href="#395">#</a>
						
              <code id="395">cube.c:275:6: warning: incompatible implicit declaration of built-in function 'exit' [enabled by default]</code><br />
						
            
            <a class="navhash" href="#396">#</a>
						
              <code id="396">      exit(0);</code><br />
						
            
            <a class="navhash" href="#397">#</a>
						
              <code id="397">      ^</code><br />
						
            
            <a class="navhash" href="#398">#</a>
						
              <code id="398">cube.c:286:6: warning: incompatible implicit declaration of built-in function 'exit' [enabled by default]</code><br />
						
            
            <a class="navhash" href="#399">#</a>
						
              <code id="399">      exit(1);</code><br />
						
            
            <a class="navhash" href="#400">#</a>
						
              <code id="400">      ^</code><br />
						
            
            <a class="navhash" href="#401">#</a>
						
              <code id="401">arm-linux-androideabi-gcc -O -DLARGE_MEM -DVERBOSE   -c -o phase1.o phase1.c</code><br />
						
            
            <a class="navhash" href="#402">#</a>
						
              <code id="402">phase1.c: In function 'init_phase1_cube':</code><br />
						
            
            <a class="navhash" href="#403">#</a>
						
              <code id="403">phase1.c:55:2: warning: incompatible implicit declaration of built-in function 'exit' [enabled by default]</code><br />
						
            
            <a class="navhash" href="#404">#</a>
						
              <code id="404">  exit(1);</code><br />
						
            
            <a class="navhash" href="#405">#</a>
						
              <code id="405">  ^</code><br />
						
            
            <a class="navhash" href="#406">#</a>
						
              <code id="406">phase1.c:74:2: warning: incompatible implicit declaration of built-in function 'exit' [enabled by default]</code><br />
						
            
            <a class="navhash" href="#407">#</a>
						
              <code id="407">  exit(1);</code><br />
						
            
            <a class="navhash" href="#408">#</a>
						
              <code id="408">  ^</code><br />
						
            
            <a class="navhash" href="#409">#</a>
						
              <code id="409">phase1.c:103:3: warning: incompatible implicit declaration of built-in function 'exit' [enabled by default]</code><br />
						
            
            <a class="navhash" href="#410">#</a>
						
              <code id="410">   exit(1);</code><br />
						
            
            <a class="navhash" href="#411">#</a>
						
              <code id="411">   ^</code><br />
						
            
            <a class="navhash" href="#412">#</a>
						
              <code id="412">phase1.c:114:3: warning: incompatible implicit declaration of built-in function 'exit' [enabled by default]</code><br />
						
            
            <a class="navhash" href="#413">#</a>
						
              <code id="413">   exit(1);</code><br />
						
            
            <a class="navhash" href="#414">#</a>
						
              <code id="414">   ^</code><br />
						
            
            <a class="navhash" href="#415">#</a>
						
              <code id="415">phase1.c:123:2: warning: incompatible implicit declaration of built-in function 'exit' [enabled by default]</code><br />
						
            
            <a class="navhash" href="#416">#</a>
						
              <code id="416">  exit(1);</code><br />
						
            
            <a class="navhash" href="#417">#</a>
						
              <code id="417">  ^</code><br />
						
            
            <a class="navhash" href="#418">#</a>
						
              <code id="418">arm-linux-androideabi-gcc -O -DLARGE_MEM -DVERBOSE   -c -o phase2.o phase2.c</code><br />
						
            
            <a class="navhash" href="#419">#</a>
						
              <code id="419">arm-linux-androideabi-gcc -O -DLARGE_MEM -DVERBOSE   -c -o setcube.o setcube.c</code><br />
						
            
            <a class="navhash" href="#420">#</a>
						
              <code id="420">setcube.c: In function 'find_corner':</code><br />
						
            
            <a class="navhash" href="#421">#</a>
						
              <code id="421">setcube.c:44:5: warning: incompatible implicit declaration of built-in function 'exit' [enabled by default]</code><br />
						
            
            <a class="navhash" href="#422">#</a>
						
              <code id="422">     exit(1);</code><br />
						
            
            <a class="navhash" href="#423">#</a>
						
              <code id="423">     ^</code><br />
						
            
            <a class="navhash" href="#424">#</a>
						
              <code id="424">setcube.c: In function 'find_edge':</code><br />
						
            
            <a class="navhash" href="#425">#</a>
						
              <code id="425">setcube.c:62:5: warning: incompatible implicit declaration of built-in function 'exit' [enabled by default]</code><br />
						
            
            <a class="navhash" href="#426">#</a>
						
              <code id="426">     exit(1);</code><br />
						
            
            <a class="navhash" href="#427">#</a>
						
              <code id="427">     ^</code><br />
						
            
            <a class="navhash" href="#428">#</a>
						
              <code id="428">arm-linux-androideabi-gcc -O -DLARGE_MEM -DVERBOSE   -c -o permcube.o permcube.c</code><br />
						
            
            <a class="navhash" href="#429">#</a>
						
              <code id="429">arm-linux-androideabi-gcc -O -DLARGE_MEM -DVERBOSE   -c -o prntsol.o prntsol.c</code><br />
						
            
            <a class="navhash" href="#430">#</a>
						
              <code id="430">arm-linux-androideabi-gcc -O -DLARGE_MEM -DVERBOSE   -c -o globals.o globals.c</code><br />
						
            
            <a class="navhash" href="#431">#</a>
						
              <code id="431">arm-linux-androideabi-gcc -O -DLARGE_MEM -DVERBOSE -o dikcube cube.o phase1.o phase2.o setcube.o permcube.o prntsol.o globals.o</code><br />
						
            
            <a class="navhash" href="#432">#</a>
						
              <code id="432">size dikcube</code><br />
						
            
            <a class="navhash" href="#433">#</a>
						
              <code id="433">   text	   data	    bss	    dec	    hex	filename</code><br />
						
            
            <a class="navhash" href="#434">#</a>
						
              <code id="434">  25020	    548	9630232	9655800	 9355f8	dikcube</code><br />
						
            
            <a class="navhash" href="#435">#</a>
						
              <code id="435">arm-linux-androideabi-gcc -O -DLARGE_MEM -DVERBOSE   -c -o size222.o size222.c</code><br />
						
            
            <a class="navhash" href="#436">#</a>
						
              <code id="436">size222.c: In function 'main':</code><br />
						
            
            <a class="navhash" href="#437">#</a>
						
              <code id="437">size222.c:107:2: warning: incompatible implicit declaration of built-in function 'exit' [enabled by default]</code><br />
						
            
            <a class="navhash" href="#438">#</a>
						
              <code id="438">  exit(1);</code><br />
						
            
            <a class="navhash" href="#439">#</a>
						
              <code id="439">  ^</code><br />
						
            
            <a class="navhash" href="#440">#</a>
						
              <code id="440">size222.c:126:2: warning: incompatible implicit declaration of built-in function 'exit' [enabled by default]</code><br />
						
            
            <a class="navhash" href="#441">#</a>
						
              <code id="441">  exit(1);</code><br />
						
            
            <a class="navhash" href="#442">#</a>
						
              <code id="442">  ^</code><br />
						
            
            <a class="navhash" href="#443">#</a>
						
              <code id="443">size222.c:183:5: warning: incompatible implicit declaration of built-in function 'exit' [enabled by default]</code><br />
						
            
            <a class="navhash" href="#444">#</a>
						
              <code id="444">     exit(0);</code><br />
						
            
            <a class="navhash" href="#445">#</a>
						
              <code id="445">     ^</code><br />
						
            
            <a class="navhash" href="#446">#</a>
						
              <code id="446">arm-linux-androideabi-gcc -O -DLARGE_MEM -DVERBOSE -o size222 size222.o</code><br />
						
            
            <a class="navhash" href="#447">#</a>
						
              <code id="447">size size222</code><br />
						
            
            <a class="navhash" href="#448">#</a>
						
              <code id="448">   text	   data	    bss	    dec	    hex	filename</code><br />
						
            
            <a class="navhash" href="#449">#</a>
						
              <code id="449">   4734	    372	 953180	 958286	  e9f4e	size222</code><br />
						
            
            <a class="navhash" href="#450">#</a>
						
              <code id="450">arm-linux-androideabi-gcc -O -DLARGE_MEM -DVERBOSE -DCTWIST -c size333c.c</code><br />
						
            
            <a class="navhash" href="#451">#</a>
						
              <code id="451">size333c.c: In function 'main':</code><br />
						
            
            <a class="navhash" href="#452">#</a>
						
              <code id="452">size333c.c:165:2: warning: incompatible implicit declaration of built-in function 'exit' [enabled by default]</code><br />
						
            
            <a class="navhash" href="#453">#</a>
						
              <code id="453">  exit(1);</code><br />
						
            
            <a class="navhash" href="#454">#</a>
						
              <code id="454">  ^</code><br />
						
            
            <a class="navhash" href="#455">#</a>
						
              <code id="455">size333c.c:184:2: warning: incompatible implicit declaration of built-in function 'exit' [enabled by default]</code><br />
						
            
            <a class="navhash" href="#456">#</a>
						
              <code id="456">  exit(1);</code><br />
						
            
            <a class="navhash" href="#457">#</a>
						
              <code id="457">  ^</code><br />
						
            
            <a class="navhash" href="#458">#</a>
						
              <code id="458">size333c.c:274:5: warning: incompatible implicit declaration of built-in function 'exit' [enabled by default]</code><br />
						
            
            <a class="navhash" href="#459">#</a>
						
              <code id="459">     exit(0);</code><br />
						
            
            <a class="navhash" href="#460">#</a>
						
              <code id="460">     ^</code><br />
						
            
            <a class="navhash" href="#461">#</a>
						
              <code id="461">arm-linux-androideabi-gcc -O -DLARGE_MEM -DVERBOSE -o size333c size333c.o</code><br />
						
            
            <a class="navhash" href="#462">#</a>
						
              <code id="462">size size333c</code><br />
						
            
            <a class="navhash" href="#463">#</a>
						
              <code id="463">   text	   data	    bss	    dec	    hex	filename</code><br />
						
            
            <a class="navhash" href="#464">#</a>
						
              <code id="464">  12214	    372	3533660	3546246	 361c86	size333c</code><br />
						
            
            <a class="navhash" href="#465">#</a>
						
              <code id="465">arm-linux-androideabi-gcc -O -DLARGE_MEM -DVERBOSE   -c -o sizesquare.o sizesquare.c</code><br />
						
            
            <a class="navhash" href="#466">#</a>
						
              <code id="466">sizesquare.c: In function 'main':</code><br />
						
            
            <a class="navhash" href="#467">#</a>
						
              <code id="467">sizesquare.c:98:2: warning: incompatible implicit declaration of built-in function 'exit' [enabled by default]</code><br />
						
            
            <a class="navhash" href="#468">#</a>
						
              <code id="468">  exit(1);</code><br />
						
            
            <a class="navhash" href="#469">#</a>
						
              <code id="469">  ^</code><br />
						
            
            <a class="navhash" href="#470">#</a>
						
              <code id="470">sizesquare.c:112:2: warning: incompatible implicit declaration of built-in function 'exit' [enabled by default]</code><br />
						
            
            <a class="navhash" href="#471">#</a>
						
              <code id="471">  exit(1);</code><br />
						
            
            <a class="navhash" href="#472">#</a>
						
              <code id="472">  ^</code><br />
						
            
            <a class="navhash" href="#473">#</a>
						
              <code id="473">sizesquare.c:163:5: warning: incompatible implicit declaration of built-in function 'exit' [enabled by default]</code><br />
						
            
            <a class="navhash" href="#474">#</a>
						
              <code id="474">     exit(0);</code><br />
						
            
            <a class="navhash" href="#475">#</a>
						
              <code id="475">     ^</code><br />
						
            
            <a class="navhash" href="#476">#</a>
						
              <code id="476">arm-linux-androideabi-gcc -O -DLARGE_MEM -DVERBOSE -o sizesquare sizesquare.o</code><br />
						
            
            <a class="navhash" href="#477">#</a>
						
              <code id="477">size sizesquare</code><br />
						
            
            <a class="navhash" href="#478">#</a>
						
              <code id="478">   text	   data	    bss	    dec	    hex	filename</code><br />
						
            
            <a class="navhash" href="#479">#</a>
						
              <code id="479">   4594	    368	2163472	2168434	 211672	sizesquare</code><br />
						
            
            <a class="navhash" href="#480">#</a>
						
              <code id="480">arm-linux-androideabi-gcc -O -DLARGE_MEM -DVERBOSE -DCCPERM -DIPERM -c sizedom.c</code><br />
						
            
            <a class="navhash" href="#481">#</a>
						
              <code id="481">sizedom.c: In function 'main':</code><br />
						
            
            <a class="navhash" href="#482">#</a>
						
              <code id="482">sizedom.c:288:2: warning: incompatible implicit declaration of built-in function 'exit' [enabled by default]</code><br />
						
            
            <a class="navhash" href="#483">#</a>
						
              <code id="483">  exit(1);</code><br />
						
            
            <a class="navhash" href="#484">#</a>
						
              <code id="484">  ^</code><br />
						
            
            <a class="navhash" href="#485">#</a>
						
              <code id="485">sizedom.c:322:2: warning: incompatible implicit declaration of built-in function 'exit' [enabled by default]</code><br />
						
            
            <a class="navhash" href="#486">#</a>
						
              <code id="486">  exit(1);</code><br />
						
            
            <a class="navhash" href="#487">#</a>
						
              <code id="487">  ^</code><br />
						
            
            <a class="navhash" href="#488">#</a>
						
              <code id="488">sizedom.c:414:5: warning: incompatible implicit declaration of built-in function 'exit' [enabled by default]</code><br />
						
            
            <a class="navhash" href="#489">#</a>
						
              <code id="489">     exit(0);</code><br />
						
            
            <a class="navhash" href="#490">#</a>
						
              <code id="490">     ^</code><br />
						
            
            <a class="navhash" href="#491">#</a>
						
              <code id="491">arm-linux-androideabi-gcc -O -DLARGE_MEM -DVERBOSE -o sizedom sizedom.o</code><br />
						
            
            <a class="navhash" href="#492">#</a>
						
              <code id="492">size sizedom</code><br />
						
            
            <a class="navhash" href="#493">#</a>
						
              <code id="493">   text	   data	    bss	    dec	    hex	filename</code><br />
						
            
            <a class="navhash" href="#494">#</a>
						
              <code id="494">  15246	    372	21939120	21954738	14f00b2	sizedom</code><br />
						
            
            <a class="navhash" href="#495">#</a>
						
              <code id="495">arm-linux-androideabi-gcc -O -DLARGE_MEM -DVERBOSE   -c -o sizekoc1.o sizekoc1.c</code><br />
						
            
            <a class="navhash" href="#496">#</a>
						
              <code id="496">sizekoc1.c: In function 'main':</code><br />
						
            
            <a class="navhash" href="#497">#</a>
						
              <code id="497">sizekoc1.c:134:2: warning: incompatible implicit declaration of built-in function 'exit' [enabled by default]</code><br />
						
            
            <a class="navhash" href="#498">#</a>
						
              <code id="498">  exit(1);</code><br />
						
            
            <a class="navhash" href="#499">#</a>
						
              <code id="499">  ^</code><br />
						
            
            <a class="navhash" href="#500">#</a>
						
              <code id="500">sizekoc1.c:153:2: warning: incompatible implicit declaration of built-in function 'exit' [enabled by default]</code><br />
						
            
            <a class="navhash" href="#501">#</a>
						
              <code id="501">  exit(1);</code><br />
						
            
            <a class="navhash" href="#502">#</a>
						
              <code id="502">  ^</code><br />
						
            
            <a class="navhash" href="#503">#</a>
						
              <code id="503">sizekoc1.c:230:5: warning: incompatible implicit declaration of built-in function 'exit' [enabled by default]</code><br />
						
            
            <a class="navhash" href="#504">#</a>
						
              <code id="504">     exit(0);</code><br />
						
            
            <a class="navhash" href="#505">#</a>
						
              <code id="505">     ^</code><br />
						
            
            <a class="navhash" href="#506">#</a>
						
              <code id="506">arm-linux-androideabi-gcc -O -DLARGE_MEM -DVERBOSE -o sizekoc1 sizekoc1.o</code><br />
						
            
            <a class="navhash" href="#507">#</a>
						
              <code id="507">size sizekoc1</code><br />
						
            
            <a class="navhash" href="#508">#</a>
						
              <code id="508">   text	   data	    bss	    dec	    hex	filename</code><br />
						
            
            <a class="navhash" href="#509">#</a>
						
              <code id="509">  14278	    372	82244060	82258710	4e72b16	sizekoc1</code><br />
						
            
            <a class="navhash" href="#510">#</a>
						
              <code id="510">arm-linux-androideabi-gcc -O -DLARGE_MEM -DVERBOSE -DCCPERM -DIPERM -c sizekoc2.c</code><br />
						
            
            <a class="navhash" href="#511">#</a>
						
              <code id="511">sizekoc2.c: In function 'main':</code><br />
						
            
            <a class="navhash" href="#512">#</a>
						
              <code id="512">sizekoc2.c:171:2: warning: incompatible implicit declaration of built-in function 'exit' [enabled by default]</code><br />
						
            
            <a class="navhash" href="#513">#</a>
						
              <code id="513">  exit(1);</code><br />
						
            
            <a class="navhash" href="#514">#</a>
						
              <code id="514">  ^</code><br />
						
            
            <a class="navhash" href="#515">#</a>
						
              <code id="515">sizekoc2.c:190:2: warning: incompatible implicit declaration of built-in function 'exit' [enabled by default]</code><br />
						
            
            <a class="navhash" href="#516">#</a>
						
              <code id="516">  exit(1);</code><br />
						
            
            <a class="navhash" href="#517">#</a>
						
              <code id="517">  ^</code><br />
						
            
            <a class="navhash" href="#518">#</a>
						
              <code id="518">sizekoc2.c:267:5: warning: incompatible implicit declaration of built-in function 'exit' [enabled by default]</code><br />
						
            
            <a class="navhash" href="#519">#</a>
						
              <code id="519">     exit(0);</code><br />
						
            
            <a class="navhash" href="#520">#</a>
						
              <code id="520">     ^</code><br />
						
            
            <a class="navhash" href="#521">#</a>
						
              <code id="521">arm-linux-androideabi-gcc -O -DLARGE_MEM -DVERBOSE -o sizekoc2 sizekoc2.o</code><br />
						
            
            <a class="navhash" href="#522">#</a>
						
              <code id="522">size sizekoc2</code><br />
						
            
            <a class="navhash" href="#523">#</a>
						
              <code id="523">   text	   data	    bss	    dec	    hex	filename</code><br />
						
            
            <a class="navhash" href="#524">#</a>
						
              <code id="524">  17658	    372	409577472	409595502	1869ee6e	sizekoc2</code><br />
						
            
            <a class="navhash" href="#525">#</a>
						
              <code id="525">make[1]: Leaving directory '/tmp/rubiks/src/rubiks-20070912/dik'</code><br />
						
            
            <a class="navhash" href="#526">#</a>
						
              <code id="526">make[1]: warning: jobserver unavailable: using -j1.  Add '+' to parent make rule.</code><br />
						
            
            <a class="navhash" href="#527">#</a>
						
              <code id="527">make[1]: Entering directory '/tmp/rubiks/src/rubiks-20070912/reid'</code><br />
						
            
            <a class="navhash" href="#528">#</a>
						
              <code id="528">arm-linux-androideabi-gcc -O2 -g    optimal.c   -o optimal</code><br />
						
            
            <a class="navhash" href="#529">#</a>
						
              <code id="529">arm-linux-androideabi-gcc -O2 -g    twist.c   -o twist</code><br />
						
            
            <a class="navhash" href="#530">#</a>
						
              <code id="530">make[1]: Leaving directory '/tmp/rubiks/src/rubiks-20070912/reid'</code><br />
						
            
            <a class="navhash" href="#531">#</a>
						
              <code id="531">mkdir -p /tmp/rubiks/pkg/rubiks/usr/bin</code><br />
						
            
            <a class="navhash" href="#532">#</a>
						
              <code id="532">/usr/bin/install reid/optimal /tmp/rubiks/pkg/rubiks/usr/bin</code><br />
						
            
            <a class="navhash" href="#533">#</a>
						
              <code id="533">/usr/bin/install dietz/solver/cubex /tmp/rubiks/pkg/rubiks/usr/bin</code><br />
						
            
            <a class="navhash" href="#534">#</a>
						
              <code id="534">/usr/bin/install: cannot stat 'dietz/solver/cubex': No such file or directory</code><br />
						
            
            <a class="navhash" href="#535">#</a>
						
              <code id="535">make: *** [Makefile:19: install] Error 1</code><br />
						
            
            <a class="navhash" href="#536">#</a>
						
              <code id="536">==> ERROR: A failure occurred in package().</code><br />
						
            
            <a class="navhash" href="#537">#</a>
						
              <code id="537">    Aborting...</code><br />
						
            
          </div>
        
      </div>
      <br />
    
  </body>
</html>