<!DOCTYPE html>
<html>
<!-- Jinja template for reports of individual builds

  Copyright 2016 Kareem Khazem. All Rights Reserved.
  Licensed under the Apache License, Version 2.0 (the "License");
  you may not use this file except in compliance with the License.
  You may obtain a copy of the License at

 		 http://www.apache.org/licenses/LICENSE-2.0

  Unless required by applicable law or agreed to in writing, software
  distributed under the License is distributed on an "AS IS" BASIS,
  WITHOUT WARRANTIES OR CONDITIONS OF ANY KIND, either express or
  implied.
  See the License for the specific language governing permissions and
  limitations under the License.
-->
  <head>
    <meta charset="UTF-8">
    <title>android/sc</title>
    <link href='https://fonts.googleapis.com/css?family=Roboto:400,900'
          rel='stylesheet' type='text/css'>
    <link
    href='https://fonts.googleapis.com/css?family=Source+Code+Pro:400,700'
          rel='stylesheet' type='text/css'>
    <link href="../style.css" type="text/css" rel="stylesheet">
  </head>
  <body>
    <h1>Build of sc
        with <a href="../index.html">android</a>
        toolchain</h1>
    <p>The build took 00h 01m 05s and was
    NOT successful.</p>
    <p>
    The program in this build is written in the following languages,
    according to <a
    href="http://www.dwheeler.com/sloccount/">sloccount</a>:
    </p>
    <table>
      <tr><th>SLOC</th><th>Language</th></tr>
      
      <tr><td class="loc"><code>14,758</code></td>
          <td class="lang">ansic</td></tr>
      <tr><td class="loc"><code>1,315</code></td>
          <td class="lang">yacc</td></tr>
      <tr><td class="loc"><code>209</code></td>
          <td class="lang">makefile</td></tr>
      <tr><td class="loc"><code>99</code></td>
          <td class="lang">lisp</td></tr>
      <tr><td class="loc"><code>4</code></td>
          <td class="lang">sed</td></tr>
      <tr><td><code>16,385</code></td>
          <td><em>total</em></td></tr>
    </table>
    <p>
      The process tree of the build process is <a
      href="sc-tree.html">here</a>.
    </p>
    
    
    
    
    
    <h2>List of Errors</h2>
    <ul>
      
      <li>unknown_type
        <ul>
          
          <li><a href="#99">sc.h:382:1: error: unknown type name 'FILE'</a></li>
          
          <li><a href="#103">sc.h:382:1: error: unknown type name 'FILE'</a></li>
          
          <li><a href="#106">sc.h:444:23: error: unknown type name 'FILE'</a></li>
          
          <li><a href="#109">sc.h:444:23: error: unknown type name 'FILE'</a></li>
          
          <li><a href="#114">sc.h:509:25: error: unknown type name 'FILE'</a></li>
          
          <li><a href="#117">sc.h:510:25: error: unknown type name 'FILE'</a></li>
          
          <li><a href="#120">sc.h:509:25: error: unknown type name 'FILE'</a></li>
          
          <li><a href="#123">sc.h:510:25: error: unknown type name 'FILE'</a></li>
          
          <li><a href="#126">sc.h:553:1: error: unknown type name 'FILE'</a></li>
          
          <li><a href="#129">sc.h:555:26: error: unknown type name 'FILE'</a></li>
          
          <li><a href="#132">sc.h:556:27: error: unknown type name 'FILE'</a></li>
          
          <li><a href="#135">sc.h:553:1: error: unknown type name 'FILE'</a></li>
          
          <li><a href="#138">sc.h:557:1: error: unknown type name 'FILE'</a></li>
          
          <li><a href="#141">sc.h:555:26: error: unknown type name 'FILE'</a></li>
          
          <li><a href="#144">sc.h:558:27: error: unknown type name 'FILE'</a></li>
          
          <li><a href="#147">sc.h:556:27: error: unknown type name 'FILE'</a></li>
          
          <li><a href="#150">sc.h:561:26: error: unknown type name 'FILE'</a></li>
          
          <li><a href="#153">sc.h:557:1: error: unknown type name 'FILE'</a></li>
          
          <li><a href="#156">sc.h:558:27: error: unknown type name 'FILE'</a></li>
          
          <li><a href="#159">sc.h:561:26: error: unknown type name 'FILE'</a></li>
          
          <li><a href="#177">cmds.c:40:16: error: unknown type name 'FILE'</a></li>
          
          <li><a href="#198">abbrev.c:44:6: error: unknown type name 'FILE'</a></li>
          
          <li><a href="#234">abbrev.c:170:15: error: unknown type name 'FILE'</a></li>
          
          <li><a href="#282">sc.h:382:1: error: unknown type name 'FILE'</a></li>
          
          <li><a href="#296">sc.h:444:23: error: unknown type name 'FILE'</a></li>
          
          <li><a href="#299">sc.h:509:25: error: unknown type name 'FILE'</a></li>
          
          <li><a href="#302">sc.h:510:25: error: unknown type name 'FILE'</a></li>
          
          <li><a href="#305">sc.h:553:1: error: unknown type name 'FILE'</a></li>
          
          <li><a href="#309">sc.h:555:26: error: unknown type name 'FILE'</a></li>
          
          <li><a href="#312">sc.h:556:27: error: unknown type name 'FILE'</a></li>
          
          <li><a href="#321">sc.h:557:1: error: unknown type name 'FILE'</a></li>
          
          <li><a href="#324">sc.h:558:27: error: unknown type name 'FILE'</a></li>
          
          <li><a href="#327">sc.h:561:26: error: unknown type name 'FILE'</a></li>
          
          <li><a href="#381">color.c:222:15: error: unknown type name 'FILE'</a></li>
          
          <li><a href="#384">color.c:238:14: error: unknown type name 'FILE'</a></li>
          
          <li><a href="#393">color.c:257:13: error: unknown type name 'FILE'</a></li>
          
          <li><a href="#513">cmds.c:1693:15: error: unknown type name 'FILE'</a></li>
          
          <li><a href="#517">cmds.c:1770:5: error: unknown type name 'FILE'</a></li>
          
          <li><a href="#551">cmds.c:1897:8: error: unknown type name 'time_t'</a></li>
          
          <li><a href="#571">cmds.c:1995:5: error: unknown type name 'FILE'</a></li>
          
          <li><a href="#632">cmds.c:2156:8: error: unknown type name 'time_t'</a></li>
          
          <li><a href="#649">cmds.c:2221:11: error: unknown type name 'FILE'</a></li>
          
          <li><a href="#689">cmds.c:2513:1: error: unknown type name 'FILE'</a></li>
          
          <li><a href="#693">cmds.c:2518:5: error: unknown type name 'FILE'</a></li>
          
          <li><a href="#716">cmds.c:2591:11: error: unknown type name 'FILE'</a></li>
          
          <li><a href="#754">cmds.c:2734:1: error: unknown type name 'FILE'</a></li>
          
          <li><a href="#762">cmds.c:2797:1: error: unknown type name 'FILE'</a></li>
          
          <li><a href="#779">cmds.c:2848:5: error: unknown type name 'FILE'</a></li>
          
          <li><a href="#823">cmds.c:2959:5: error: unknown type name 'FILE'</a></li>
          
          <li><a href="#965">cmds.c:3555:5: error: unknown type name 'mode_t'</a></li>
          
        </ul>
      </li>
      
      <li>parse_error
        <ul>
          
          <li><a href="#538">cmds.c:1825:50: error: expected expression before ')' token</a></li>
          
          <li><a href="#604">cmds.c:2075:53: error: expected expression before ')' token</a></li>
          
        </ul>
      </li>
      
    </ul>
    
    
    <h2>Log</h2>
    <p>
    To avoid scrolling, you may jump to the <a
    href="#997">last line</a> of the
    invocation of <code>makepkg</code> that was used to build this
    package.
    </p>
    
    
      <div class="block">
        <div class="info">
          <code>Removed vanilla repositories from pacman.conf and added:</code>
        </div>
        
          <div class="output">
            
            <a class="navhash" href="#1">#</a>
						
              <code id="1">[tuscan]</code><br />
						
            
            <a class="navhash" href="#2">#</a>
						
              <code id="2">Server = file:///var/cache/pacman/pkg/</code><br />
						
            
          </div>
        
      </div>
      <br />
    
      <div class="block">
        <div class="command">
          <code><span class="prompt">CMD: </span>pacman -Syy --noconfirm</code>
        </div>
        
          <div class="output">
            
            <a class="navhash" href="#3">#</a>
						
              <code id="3">:: Synchronizing package databases...</code><br />
						
            
            <a class="navhash" href="#4">#</a>
						
              <code id="4">downloading tuscan.db...</code><br />
						
            
          </div>
        
      </div>
      <br />
    
      <div class="block">
        <div class="info">
          <code>Copied permanent toolchain into container-local sysroot</code>
        </div>
        
          <div class="output">
            
            <a class="navhash" href="#5">#</a>
						
              <code id="5">/toolchain_root/arm-linux-androideabi  -->  /sysroot/arm-linux-androideabi</code><br />
						
            
            <a class="navhash" href="#6">#</a>
						
              <code id="6">/toolchain_root/COPYING3.LIB  -->  /sysroot/COPYING3.LIB</code><br />
						
            
            <a class="navhash" href="#7">#</a>
						
              <code id="7">/toolchain_root/sysroot  -->  /sysroot/sysroot</code><br />
						
            
            <a class="navhash" href="#8">#</a>
						
              <code id="8">/toolchain_root/COPYING.RUNTIME  -->  /sysroot/COPYING.RUNTIME</code><br />
						
            
            <a class="navhash" href="#9">#</a>
						
              <code id="9">/toolchain_root/lib  -->  /sysroot/lib</code><br />
						
            
            <a class="navhash" href="#10">#</a>
						
              <code id="10">/toolchain_root/SOURCES  -->  /sysroot/SOURCES</code><br />
						
            
            <a class="navhash" href="#11">#</a>
						
              <code id="11">/toolchain_root/lib64  -->  /sysroot/lib64</code><br />
						
            
            <a class="navhash" href="#12">#</a>
						
              <code id="12">/toolchain_root/share  -->  /sysroot/share</code><br />
						
            
            <a class="navhash" href="#13">#</a>
						
              <code id="13">/toolchain_root/bin  -->  /sysroot/bin</code><br />
						
            
            <a class="navhash" href="#14">#</a>
						
              <code id="14">/toolchain_root/COPYING  -->  /sysroot/COPYING</code><br />
						
            
            <a class="navhash" href="#15">#</a>
						
              <code id="15">/toolchain_root/COPYING3  -->  /sysroot/COPYING3</code><br />
						
            
            <a class="navhash" href="#16">#</a>
						
              <code id="16">/toolchain_root/COPYING.LIB  -->  /sysroot/COPYING.LIB</code><br />
						
            
            <a class="navhash" href="#17">#</a>
						
              <code id="17">/toolchain_root/include  -->  /sysroot/include</code><br />
						
            
            <a class="navhash" href="#18">#</a>
						
              <code id="18">/toolchain_root/libexec  -->  /sysroot/libexec</code><br />
						
            
          </div>
        
      </div>
      <br />
    
      <div class="block">
        <div class="command">
          <code><span class="prompt">CMD: </span>sudo -u tuscan PATH=/sysroot/bin:/sysroot/libexec/gcc/arm-linux-androideabi/4.8:/usr/local/sbin:/usr/local/bin:/usr/sbin:/usr/bin:/sbin:/bin CC=arm-linux-androideabi-gcc CXX=arm-linux-androideabi-g++ red makepkg --noextract --syncdeps --skipinteg --skippgpcheck --skipchecksums --noconfirm --nocolor --log --noprogressbar --nocheck</code>
        </div>
        
          <div class="output">
            
            <a class="navhash" href="#19">#</a>
						
              <code id="19">==> Making package: sc 7.16-6 (Tue Apr  4 20:54:46 UTC 2017)</code><br />
						
            
            <a class="navhash" href="#20">#</a>
						
              <code id="20">==> Checking runtime dependencies...</code><br />
						
            
            <a class="navhash" href="#21">#</a>
						
              <code id="21">==> Checking buildtime dependencies...</code><br />
						
            
            <a class="navhash" href="#22">#</a>
						
              <code id="22">==> WARNING: Using existing $srcdir/ tree</code><br />
						
            
            <a class="navhash" href="#23">#</a>
						
              <code id="23">==> Starting build()...</code><br />
						
            
            <a class="navhash" href="#24">#</a>
						
              <code id="24">patching file sc.h</code><br />
						
            
            <a class="navhash" href="#25">#</a>
						
              <code id="25">patching file cmds.c</code><br />
						
            
            <a class="navhash" href="#26">#</a>
						
              <code id="26">patching file abbrev.c</code><br />
						
            
            <a class="navhash" href="#27">#</a>
						
              <code id="27">patching file range.c</code><br />
						
            
            <a class="navhash" href="#28">#</a>
						
              <code id="28">patching file vi.c</code><br />
						
            
            <a class="navhash" href="#29">#</a>
						
              <code id="29">patching file vmtbl.c</code><br />
						
            
            <a class="navhash" href="#30">#</a>
						
              <code id="30">patching file Makefile</code><br />
						
            
            <a class="navhash" href="#31">#</a>
						
              <code id="31">patching file color.c</code><br />
						
            
            <a class="navhash" href="#32">#</a>
						
              <code id="32">patching file debian/sc.dirs</code><br />
						
            
            <a class="navhash" href="#33">#</a>
						
              <code id="33">patching file debian/control</code><br />
						
            
            <a class="navhash" href="#34">#</a>
						
              <code id="34">patching file debian/compat</code><br />
						
            
            <a class="navhash" href="#35">#</a>
						
              <code id="35">patching file debian/changelog</code><br />
						
            
            <a class="navhash" href="#36">#</a>
						
              <code id="36">patching file debian/copyright</code><br />
						
            
            <a class="navhash" href="#37">#</a>
						
              <code id="37">patching file debian/rules</code><br />
						
            
            <a class="navhash" href="#38">#</a>
						
              <code id="38">patching file debian/sc.docs</code><br />
						
            
            <a class="navhash" href="#39">#</a>
						
              <code id="39">patching file debian/sc.install</code><br />
						
            
            <a class="navhash" href="#40">#</a>
						
              <code id="40">patching file debian/sc.manpages</code><br />
						
            
            <a class="navhash" href="#41">#</a>
						
              <code id="41">patching file frame.c</code><br />
						
            
            <a class="navhash" href="#42">#</a>
						
              <code id="42">patching file sc.c</code><br />
						
            
            <a class="navhash" href="#43">#</a>
						
              <code id="43">patching file sort.c</code><br />
						
            
            <a class="navhash" href="#44">#</a>
						
              <code id="44">patching file xmalloc.c</code><br />
						
            
            <a class="navhash" href="#45">#</a>
						
              <code id="45">patching file screen.c</code><br />
						
            
            <a class="navhash" href="#46">#</a>
						
              <code id="46">patching file lex.c</code><br />
						
            
            <a class="navhash" href="#47">#</a>
						
              <code id="47">patching file interp.c</code><br />
						
            
            <a class="navhash" href="#48">#</a>
						
              <code id="48">patching file help.c</code><br />
						
            
            <a class="navhash" href="#49">#</a>
						
              <code id="49">gcc -DSYSV3 -O2 -pipe -DDFLT_PAGER=\"less\" -c abbrev.c</code><br />
						
            
            <a class="navhash" href="#50">#</a>
						
              <code id="50">gcc -DSYSV3 -O2 -pipe -DDOBACKUPS  -c cmds.c</code><br />
						
            
            <a class="navhash" href="#51">#</a>
						
              <code id="51">gcc -DSYSV3 -O2 -pipe   -c -o color.o color.c</code><br />
						
            
            <a class="navhash" href="#52">#</a>
						
              <code id="52">gcc -DSYSV3 -O2 -pipe  -DDOBACKUPS -c crypt.c</code><br />
						
            
            <a class="navhash" href="#53">#</a>
						
              <code id="53">cc1: error: no include path in which to search for stdc-predef.h</code><br />
						
            
            <a class="navhash" href="#54">#</a>
						
              <code id="54">cc1: error: no include path in which to search for stdc-predef.h</code><br />
						
            
            <a class="navhash" href="#55">#</a>
						
              <code id="55">cc1: error: no include path in which to search for stdc-predef.h</code><br />
						
            
            <a class="navhash" href="#56">#</a>
						
              <code id="56">abbrev.c:10:23: error: no include path in which to search for sys/types.h</code><br />
						
            
            <a class="navhash" href="#57">#</a>
						
              <code id="57"> #include <sys/types.h></code><br />
						
            
            <a class="navhash" href="#58">#</a>
						
              <code id="58">                       ^</code><br />
						
            
            <a class="navhash" href="#59">#</a>
						
              <code id="59">abbrev.c:15:20: error: no include path in which to search for string.h</code><br />
						
            
            <a class="navhash" href="#60">#</a>
						
              <code id="60"> #include <string.h></code><br />
						
            
            <a class="navhash" href="#61">#</a>
						
              <code id="61">                    ^</code><br />
						
            
            <a class="navhash" href="#62">#</a>
						
              <code id="62">abbrev.c:19:19: error: no include path in which to search for stdio.h</code><br />
						
            
            <a class="navhash" href="#63">#</a>
						
              <code id="63"> #include <stdio.h></code><br />
						
            
            <a class="navhash" href="#64">#</a>
						
              <code id="64">                   ^</code><br />
						
            
            <a class="navhash" href="#65">#</a>
						
              <code id="65">abbrev.c:20:20: error: no include path in which to search for stdlib.h</code><br />
						
            
            <a class="navhash" href="#66">#</a>
						
              <code id="66"> #include <stdlib.h></code><br />
						
            
            <a class="navhash" href="#67">#</a>
						
              <code id="67">                    ^</code><br />
						
            
            <a class="navhash" href="#68">#</a>
						
              <code id="68">abbrev.c:21:19: error: no include path in which to search for ctype.h</code><br />
						
            
            <a class="navhash" href="#69">#</a>
						
              <code id="69"> #include <ctype.h></code><br />
						
            
            <a class="navhash" href="#70">#</a>
						
              <code id="70">                   ^</code><br />
						
            
            <a class="navhash" href="#71">#</a>
						
              <code id="71">cmds.c:13:23: error: no include path in which to search for sys/types.h</code><br />
						
            
            <a class="navhash" href="#72">#</a>
						
              <code id="72"> #include <sys/types.h></code><br />
						
            
            <a class="navhash" href="#73">#</a>
						
              <code id="73">                       ^</code><br />
						
            
            <a class="navhash" href="#74">#</a>
						
              <code id="74">abbrev.c:22:20: error: no include path in which to search for curses.h</code><br />
						
            
            <a class="navhash" href="#75">#</a>
						
              <code id="75"> #include <curses.h></code><br />
						
            
            <a class="navhash" href="#76">#</a>
						
              <code id="76">                    ^</code><br />
						
            
            <a class="navhash" href="#77">#</a>
						
              <code id="77">cmds.c:14:22: error: no include path in which to search for sys/wait.h</code><br />
						
            
            <a class="navhash" href="#78">#</a>
						
              <code id="78"> #include <sys/wait.h></code><br />
						
            
            <a class="navhash" href="#79">#</a>
						
              <code id="79">                      ^</code><br />
						
            
            <a class="navhash" href="#80">#</a>
						
              <code id="80">abbrev.c:23:20: error: no include path in which to search for unistd.h</code><br />
						
            
            <a class="navhash" href="#81">#</a>
						
              <code id="81"> #include <unistd.h></code><br />
						
            
            <a class="navhash" href="#82">#</a>
						
              <code id="82">                    ^</code><br />
						
            
            <a class="navhash" href="#83">#</a>
						
              <code id="83">cmds.c:19:20: error: no include path in which to search for string.h</code><br />
						
            
            <a class="navhash" href="#84">#</a>
						
              <code id="84"> #include <string.h></code><br />
						
            
            <a class="navhash" href="#85">#</a>
						
              <code id="85">                    ^</code><br />
						
            
            <a class="navhash" href="#86">#</a>
						
              <code id="86">cmds.c:23:20: error: no include path in which to search for curses.h</code><br />
						
            
            <a class="navhash" href="#87">#</a>
						
              <code id="87"> #include <curses.h></code><br />
						
            
            <a class="navhash" href="#88">#</a>
						
              <code id="88">                    ^</code><br />
						
            
            <a class="navhash" href="#89">#</a>
						
              <code id="89">cmds.c:24:18: error: no include path in which to search for time.h</code><br />
						
            
            <a class="navhash" href="#90">#</a>
						
              <code id="90"> #include <time.h></code><br />
						
            
            <a class="navhash" href="#91">#</a>
						
              <code id="91">                  ^</code><br />
						
            
            <a class="navhash" href="#92">#</a>
						
              <code id="92">cmds.c:25:19: error: no include path in which to search for utime.h</code><br />
						
            
            <a class="navhash" href="#93">#</a>
						
              <code id="93"> #include <utime.h></code><br />
						
            
            <a class="navhash" href="#94">#</a>
						
              <code id="94">                   ^</code><br />
						
            
            <a class="navhash" href="#95">#</a>
						
              <code id="95">cmds.c:29:19: error: no include path in which to search for fcntl.h</code><br />
						
            
            <a class="navhash" href="#96">#</a>
						
              <code id="96"> #include <fcntl.h></code><br />
						
            
            <a class="navhash" href="#97">#</a>
						
              <code id="97">                   ^</code><br />
						
            
            <a class="navhash" href="#98">#</a>
						
              <code id="98">In file included from cmds.c:31:0:</code><br />
						
            
            <a class="navhash" href="#99">#</a>
						<span class="error">
              <code id="99">sc.h:382:1: error: unknown type name 'FILE'</code><br />
						</span>
            
            <a class="navhash" href="#100">#</a>
						
              <code id="100"> extern FILE *openfile(char *fname, int *rpid, int *rfd);</code><br />
						
            
            <a class="navhash" href="#101">#</a>
						
              <code id="101"> ^</code><br />
						
            
            <a class="navhash" href="#102">#</a>
						
              <code id="102">In file included from abbrev.c:24:0:</code><br />
						
            
            <a class="navhash" href="#103">#</a>
						<span class="error">
              <code id="103">sc.h:382:1: error: unknown type name 'FILE'</code><br />
						</span>
            
            <a class="navhash" href="#104">#</a>
						
              <code id="104"> extern FILE *openfile(char *fname, int *rpid, int *rfd);</code><br />
						
            
            <a class="navhash" href="#105">#</a>
						
              <code id="105"> ^</code><br />
						
            
            <a class="navhash" href="#106">#</a>
						<span class="error">
              <code id="106">sc.h:444:23: error: unknown type name 'FILE'</code><br />
						</span>
            
            <a class="navhash" href="#107">#</a>
						
              <code id="107"> extern void closefile(FILE *f, int pid, int rfd);</code><br />
						
            
            <a class="navhash" href="#108">#</a>
						
              <code id="108">                       ^</code><br />
						
            
            <a class="navhash" href="#109">#</a>
						<span class="error">
              <code id="109">sc.h:444:23: error: unknown type name 'FILE'</code><br />
						</span>
            
            <a class="navhash" href="#110">#</a>
						
              <code id="110"> extern void closefile(FILE *f, int pid, int rfd);</code><br />
						
            
            <a class="navhash" href="#111">#</a>
						
              <code id="111">                       ^</code><br />
						
            
            <a class="navhash" href="#112">#</a>
						
              <code id="112">make: *** [Makefile:411: crypt.o] Error 1</code><br />
						
            
            <a class="navhash" href="#113">#</a>
						
              <code id="113">make: *** Waiting for unfinished jobs....</code><br />
						
            
            <a class="navhash" href="#114">#</a>
						<span class="error">
              <code id="114">sc.h:509:25: error: unknown type name 'FILE'</code><br />
						</span>
            
            <a class="navhash" href="#115">#</a>
						
              <code id="115"> extern void list_colors(FILE *f);</code><br />
						
            
            <a class="navhash" href="#116">#</a>
						
              <code id="116">                         ^</code><br />
						
            
            <a class="navhash" href="#117">#</a>
						<span class="error">
              <code id="117">sc.h:510:25: error: unknown type name 'FILE'</code><br />
						</span>
            
            <a class="navhash" href="#118">#</a>
						
              <code id="118"> extern void list_ranges(FILE *f);</code><br />
						
            
            <a class="navhash" href="#119">#</a>
						
              <code id="119">                         ^</code><br />
						
            
            <a class="navhash" href="#120">#</a>
						<span class="error">
              <code id="120">sc.h:509:25: error: unknown type name 'FILE'</code><br />
						</span>
            
            <a class="navhash" href="#121">#</a>
						
              <code id="121"> extern void list_colors(FILE *f);</code><br />
						
            
            <a class="navhash" href="#122">#</a>
						
              <code id="122">                         ^</code><br />
						
            
            <a class="navhash" href="#123">#</a>
						<span class="error">
              <code id="123">sc.h:510:25: error: unknown type name 'FILE'</code><br />
						</span>
            
            <a class="navhash" href="#124">#</a>
						
              <code id="124"> extern void list_ranges(FILE *f);</code><br />
						
            
            <a class="navhash" href="#125">#</a>
						
              <code id="125">                         ^</code><br />
						
            
            <a class="navhash" href="#126">#</a>
						<span class="error">
              <code id="126">sc.h:553:1: error: unknown type name 'FILE'</code><br />
						</span>
            
            <a class="navhash" href="#127">#</a>
						
              <code id="127"> extern void write_cells(register FILE *f, int r0, int c0, int rn, int cn,</code><br />
						
            
            <a class="navhash" href="#128">#</a>
						
              <code id="128"> ^</code><br />
						
            
            <a class="navhash" href="#129">#</a>
						<span class="error">
              <code id="129">sc.h:555:26: error: unknown type name 'FILE'</code><br />
						</span>
            
            <a class="navhash" href="#130">#</a>
						
              <code id="130"> extern void write_colors(FILE *f, int indent);</code><br />
						
            
            <a class="navhash" href="#131">#</a>
						
              <code id="131">                          ^</code><br />
						
            
            <a class="navhash" href="#132">#</a>
						<span class="error">
              <code id="132">sc.h:556:27: error: unknown type name 'FILE'</code><br />
						</span>
            
            <a class="navhash" href="#133">#</a>
						
              <code id="133"> extern void write_cranges(FILE *f);</code><br />
						
            
            <a class="navhash" href="#134">#</a>
						
              <code id="134">                           ^</code><br />
						
            
            <a class="navhash" href="#135">#</a>
						<span class="error">
              <code id="135">sc.h:553:1: error: unknown type name 'FILE'</code><br />
						</span>
            
            <a class="navhash" href="#136">#</a>
						
              <code id="136"> extern void write_cells(register FILE *f, int r0, int c0, int rn, int cn,</code><br />
						
            
            <a class="navhash" href="#137">#</a>
						
              <code id="137"> ^</code><br />
						
            
            <a class="navhash" href="#138">#</a>
						<span class="error">
              <code id="138">sc.h:557:1: error: unknown type name 'FILE'</code><br />
						</span>
            
            <a class="navhash" href="#139">#</a>
						
              <code id="139"> extern void write_fd(register FILE *f, int r0, int c0, int rn, int cn);</code><br />
						
            
            <a class="navhash" href="#140">#</a>
						
              <code id="140"> ^</code><br />
						
            
            <a class="navhash" href="#141">#</a>
						<span class="error">
              <code id="141">sc.h:555:26: error: unknown type name 'FILE'</code><br />
						</span>
            
            <a class="navhash" href="#142">#</a>
						
              <code id="142"> extern void write_colors(FILE *f, int indent);</code><br />
						
            
            <a class="navhash" href="#143">#</a>
						
              <code id="143">                          ^</code><br />
						
            
            <a class="navhash" href="#144">#</a>
						<span class="error">
              <code id="144">sc.h:558:27: error: unknown type name 'FILE'</code><br />
						</span>
            
            <a class="navhash" href="#145">#</a>
						
              <code id="145"> extern void write_franges(FILE *f);</code><br />
						
            
            <a class="navhash" href="#146">#</a>
						
              <code id="146">                           ^</code><br />
						
            
            <a class="navhash" href="#147">#</a>
						<span class="error">
              <code id="147">sc.h:556:27: error: unknown type name 'FILE'</code><br />
						</span>
            
            <a class="navhash" href="#148">#</a>
						
              <code id="148"> extern void write_cranges(FILE *f);</code><br />
						
            
            <a class="navhash" href="#149">#</a>
						
              <code id="149">                           ^</code><br />
						
            
            <a class="navhash" href="#150">#</a>
						<span class="error">
              <code id="150">sc.h:561:26: error: unknown type name 'FILE'</code><br />
						</span>
            
            <a class="navhash" href="#151">#</a>
						
              <code id="151"> extern void write_ranges(FILE *f);</code><br />
						
            
            <a class="navhash" href="#152">#</a>
						
              <code id="152">                          ^</code><br />
						
            
            <a class="navhash" href="#153">#</a>
						<span class="error">
              <code id="153">sc.h:557:1: error: unknown type name 'FILE'</code><br />
						</span>
            
            <a class="navhash" href="#154">#</a>
						
              <code id="154"> extern void write_fd(register FILE *f, int r0, int c0, int rn, int cn);</code><br />
						
            
            <a class="navhash" href="#155">#</a>
						
              <code id="155"> ^</code><br />
						
            
            <a class="navhash" href="#156">#</a>
						<span class="error">
              <code id="156">sc.h:558:27: error: unknown type name 'FILE'</code><br />
						</span>
            
            <a class="navhash" href="#157">#</a>
						
              <code id="157"> extern void write_franges(FILE *f);</code><br />
						
            
            <a class="navhash" href="#158">#</a>
						
              <code id="158">                           ^</code><br />
						
            
            <a class="navhash" href="#159">#</a>
						<span class="error">
              <code id="159">sc.h:561:26: error: unknown type name 'FILE'</code><br />
						</span>
            
            <a class="navhash" href="#160">#</a>
						
              <code id="160"> extern void write_ranges(FILE *f);</code><br />
						
            
            <a class="navhash" href="#161">#</a>
						
              <code id="161">                          ^</code><br />
						
            
            <a class="navhash" href="#162">#</a>
						
              <code id="162">sc.h:631:20: error: no include path in which to search for memory.h</code><br />
						
            
            <a class="navhash" href="#163">#</a>
						
              <code id="163"> #include <memory.h></code><br />
						
            
            <a class="navhash" href="#164">#</a>
						
              <code id="164">                    ^</code><br />
						
            
            <a class="navhash" href="#165">#</a>
						
              <code id="165">cmds.c:32:20: error: no include path in which to search for signal.h</code><br />
						
            
            <a class="navhash" href="#166">#</a>
						
              <code id="166"> #include <signal.h></code><br />
						
            
            <a class="navhash" href="#167">#</a>
						
              <code id="167">                    ^</code><br />
						
            
            <a class="navhash" href="#168">#</a>
						
              <code id="168">cmds.c:33:19: error: no include path in which to search for errno.h</code><br />
						
            
            <a class="navhash" href="#169">#</a>
						
              <code id="169"> #include <errno.h></code><br />
						
            
            <a class="navhash" href="#170">#</a>
						
              <code id="170">                   ^</code><br />
						
            
            <a class="navhash" href="#171">#</a>
						
              <code id="171">cmds.c:34:20: error: no include path in which to search for stdlib.h</code><br />
						
            
            <a class="navhash" href="#172">#</a>
						
              <code id="172"> #include <stdlib.h></code><br />
						
            
            <a class="navhash" href="#173">#</a>
						
              <code id="173">                    ^</code><br />
						
            
            <a class="navhash" href="#174">#</a>
						
              <code id="174">cmds.c:36:20: error: no include path in which to search for unistd.h</code><br />
						
            
            <a class="navhash" href="#175">#</a>
						
              <code id="175"> #include <unistd.h></code><br />
						
            
            <a class="navhash" href="#176">#</a>
						
              <code id="176">                    ^</code><br />
						
            
            <a class="navhash" href="#177">#</a>
						<span class="error">
              <code id="177">cmds.c:40:16: error: unknown type name 'FILE'</code><br />
						</span>
            
            <a class="navhash" href="#178">#</a>
						
              <code id="178"> void unspecial(FILE *f, char *str, int delim);</code><br />
						
            
            <a class="navhash" href="#179">#</a>
						
              <code id="179">                ^</code><br />
						
            
            <a class="navhash" href="#180">#</a>
						
              <code id="180">cmds.c:61:26: error: 'NULL' undeclared here (not in a function)</code><br />
						
            
            <a class="navhash" href="#181">#</a>
						
              <code id="181"> struct impexfilt *filt = NULL; /* root of list of impex filters */</code><br />
						
            
            <a class="navhash" href="#182">#</a>
						
              <code id="182">                          ^</code><br />
						
            
            <a class="navhash" href="#183">#</a>
						
              <code id="183">sc.h:631:20: error: no include path in which to search for memory.h</code><br />
						
            
            <a class="navhash" href="#184">#</a>
						
              <code id="184"> #include <memory.h></code><br />
						
            
            <a class="navhash" href="#185">#</a>
						
              <code id="185">                    ^</code><br />
						
            
            <a class="navhash" href="#186">#</a>
						
              <code id="186">abbrev.c: In function 'add_abbr':</code><br />
						
            
            <a class="navhash" href="#187">#</a>
						
              <code id="187">abbrev.c:36:27: error: 'NULL' undeclared (first use in this function)</code><br />
						
            
            <a class="navhash" href="#188">#</a>
						
              <code id="188">     struct abbrev *prev = NULL;</code><br />
						
            
            <a class="navhash" href="#189">#</a>
						
              <code id="189">                           ^</code><br />
						
            
            <a class="navhash" href="#190">#</a>
						
              <code id="190">abbrev.c:36:27: note: each undeclared identifier is reported only once for each function it appears in</code><br />
						
            
            <a class="navhash" href="#191">#</a>
						
              <code id="191">In file included from abbrev.c:24:0:</code><br />
						
            
            <a class="navhash" href="#192">#</a>
						
              <code id="192">sc.h:46:30: error: 'stdout' undeclared (first use in this function)</code><br />
						
            
            <a class="navhash" href="#193">#</a>
						
              <code id="193"> # define error isatty(fileno(stdout)) && !move(1,0) && !clrtoeol() && printw</code><br />
						
            
            <a class="navhash" href="#194">#</a>
						
              <code id="194">                              ^</code><br />
						
            
            <a class="navhash" href="#195">#</a>
						
              <code id="195">abbrev.c:41:6: note: in expansion of macro 'error'</code><br />
						
            
            <a class="navhash" href="#196">#</a>
						
              <code id="196">      error("No abbreviations defined");</code><br />
						
            
            <a class="navhash" href="#197">#</a>
						
              <code id="197">      ^</code><br />
						
            
            <a class="navhash" href="#198">#</a>
						<span class="error">
              <code id="198">abbrev.c:44:6: error: unknown type name 'FILE'</code><br />
						</span>
            
            <a class="navhash" href="#199">#</a>
						
              <code id="199">      FILE *f;</code><br />
						
            
            <a class="navhash" href="#200">#</a>
						
              <code id="200">      ^</code><br />
						
            
            <a class="navhash" href="#201">#</a>
						
              <code id="201">abbrev.c:51:13: warning: incompatible implicit declaration of built-in function 'strcpy' [enabled by default]</code><br />
						
            
            <a class="navhash" href="#202">#</a>
						
              <code id="202">      (void) strcpy(px, "| ");</code><br />
						
            
            <a class="navhash" href="#203">#</a>
						
              <code id="203">             ^</code><br />
						
            
            <a class="navhash" href="#204">#</a>
						
              <code id="204">abbrev.c:52:18: warning: assignment makes pointer from integer without a cast [enabled by default]</code><br />
						
            
            <a class="navhash" href="#205">#</a>
						
              <code id="205">      if (!(pager = getenv("PAGER")))</code><br />
						
            
            <a class="navhash" href="#206">#</a>
						
              <code id="206">                  ^</code><br />
						
            
            <a class="navhash" href="#207">#</a>
						
              <code id="207">abbrev.c:54:13: warning: incompatible implicit declaration of built-in function 'strcat' [enabled by default]</code><br />
						
            
            <a class="navhash" href="#208">#</a>
						
              <code id="208">      (void) strcat(px, pager);</code><br />
						
            
            <a class="navhash" href="#209">#</a>
						
              <code id="209">             ^</code><br />
						
            
            <a class="navhash" href="#210">#</a>
						
              <code id="210">abbrev.c:60:13: warning: incompatible implicit declaration of built-in function 'fprintf' [enabled by default]</code><br />
						
            
            <a class="navhash" href="#211">#</a>
						
              <code id="211">      (void) fprintf(f, "\n%-15s %s\n","Abbreviation","Expanded");</code><br />
						
            
            <a class="navhash" href="#212">#</a>
						
              <code id="212">             ^</code><br />
						
            
            <a class="navhash" href="#213">#</a>
						
              <code id="213">abbrev.c:76:22: warning: incompatible implicit declaration of built-in function 'strchr' [enabled by default]</code><br />
						
            
            <a class="navhash" href="#214">#</a>
						
              <code id="214">     if ((expansion = strchr(string, ' ')))</code><br />
						
            
            <a class="navhash" href="#215">#</a>
						
              <code id="215">                      ^</code><br />
						
            
            <a class="navhash" href="#216">#</a>
						
              <code id="216">abbrev.c:96:29: warning: incompatible implicit declaration of built-in function 'strlen' [enabled by default]</code><br />
						
            
            <a class="navhash" href="#217">#</a>
						
              <code id="217">  if ((a = find_abbr(string, strlen(string), &prev))) {</code><br />
						
            
            <a class="navhash" href="#218">#</a>
						
              <code id="218">                             ^</code><br />
						
            
            <a class="navhash" href="#219">#</a>
						
              <code id="219">abbrev.c:105:27: warning: incompatible implicit declaration of built-in function 'strlen' [enabled by default]</code><br />
						
            
            <a class="navhash" href="#220">#</a>
						
              <code id="220">     if (find_abbr(string, strlen(string), &prev))</code><br />
						
            
            <a class="navhash" href="#221">#</a>
						
              <code id="221">                           ^</code><br />
						
            
            <a class="navhash" href="#222">#</a>
						
              <code id="222">abbrev.c: In function 'del_abbr':</code><br />
						
            
            <a class="navhash" href="#223">#</a>
						
              <code id="223">abbrev.c:133:33: warning: incompatible implicit declaration of built-in function 'strlen' [enabled by default]</code><br />
						
            
            <a class="navhash" href="#224">#</a>
						
              <code id="224">     if (!(a = find_abbr(abbrev, strlen(abbrev), prev))) </code><br />
						
            
            <a class="navhash" href="#225">#</a>
						
              <code id="225">                                 ^</code><br />
						
            
            <a class="navhash" href="#226">#</a>
						
              <code id="226">abbrev.c: In function 'find_abbr':</code><br />
						
            
            <a class="navhash" href="#227">#</a>
						
              <code id="227">abbrev.c:160:14: error: 'NULL' undeclared (first use in this function)</code><br />
						
            
            <a class="navhash" href="#228">#</a>
						
              <code id="228">      return (NULL);</code><br />
						
            
            <a class="navhash" href="#229">#</a>
						
              <code id="229">              ^</code><br />
						
            
            <a class="navhash" href="#230">#</a>
						
              <code id="230">abbrev.c:163:20: warning: incompatible implicit declaration of built-in function 'strlen' [enabled by default]</code><br />
						
            
            <a class="navhash" href="#231">#</a>
						
              <code id="231">      if (!exact || strlen(a->abbr) == len)</code><br />
						
            
            <a class="navhash" href="#232">#</a>
						
              <code id="232">                    ^</code><br />
						
            
            <a class="navhash" href="#233">#</a>
						
              <code id="233">abbrev.c: At top level:</code><br />
						
            
            <a class="navhash" href="#234">#</a>
						<span class="error">
              <code id="234">abbrev.c:170:15: error: unknown type name 'FILE'</code><br />
						</span>
            
            <a class="navhash" href="#235">#</a>
						
              <code id="235"> write_abbrevs(FILE *f)</code><br />
						
            
            <a class="navhash" href="#236">#</a>
						
              <code id="236">               ^</code><br />
						
            
            <a class="navhash" href="#237">#</a>
						
              <code id="237">cmds.c: In function 'deleterow':</code><br />
						
            
            <a class="navhash" href="#238">#</a>
						
              <code id="238">cmds.c:325:9: warning: incompatible implicit declaration of built-in function 'sprintf' [enabled by default]</code><br />
						
            
            <a class="navhash" href="#239">#</a>
						
              <code id="239">  (void) sprintf(buf, "Can't delete %d row%s %d row%s left", arg,</code><br />
						
            
            <a class="navhash" href="#240">#</a>
						
              <code id="240">         ^</code><br />
						
            
            <a class="navhash" href="#241">#</a>
						
              <code id="241">In file included from cmds.c:31:0:</code><br />
						
            
            <a class="navhash" href="#242">#</a>
						
              <code id="242">sc.h:46:30: error: 'stdout' undeclared (first use in this function)</code><br />
						
            
            <a class="navhash" href="#243">#</a>
						
              <code id="243"> # define error isatty(fileno(stdout)) && !move(1,0) && !clrtoeol() && printw</code><br />
						
            
            <a class="navhash" href="#244">#</a>
						
              <code id="244">                              ^</code><br />
						
            
            <a class="navhash" href="#245">#</a>
						
              <code id="245">cmds.c:327:2: note: in expansion of macro 'error'</code><br />
						
            
            <a class="navhash" href="#246">#</a>
						
              <code id="246">  error(buf);</code><br />
						
            
            <a class="navhash" href="#247">#</a>
						
              <code id="247">  ^</code><br />
						
            
            <a class="navhash" href="#248">#</a>
						
              <code id="248">sc.h:46:30: note: each undeclared identifier is reported only once for each function it appears in</code><br />
						
            
            <a class="navhash" href="#249">#</a>
						
              <code id="249"> # define error isatty(fileno(stdout)) && !move(1,0) && !clrtoeol() && printw</code><br />
						
            
            <a class="navhash" href="#250">#</a>
						
              <code id="250">                              ^</code><br />
						
            
            <a class="navhash" href="#251">#</a>
						
              <code id="251">cmds.c:327:2: note: in expansion of macro 'error'</code><br />
						
            
            <a class="navhash" href="#252">#</a>
						
              <code id="252">  error(buf);</code><br />
						
            
            <a class="navhash" href="#253">#</a>
						
              <code id="253">  ^</code><br />
						
            
            <a class="navhash" href="#254">#</a>
						
              <code id="254">cc1: error: no include path in which to search for stdc-predef.h</code><br />
						
            
            <a class="navhash" href="#255">#</a>
						
              <code id="255">color.c:11:23: error: no include path in which to search for sys/types.h</code><br />
						
            
            <a class="navhash" href="#256">#</a>
						
              <code id="256"> #include <sys/types.h></code><br />
						
            
            <a class="navhash" href="#257">#</a>
						
              <code id="257">                       ^</code><br />
						
            
            <a class="navhash" href="#258">#</a>
						
              <code id="258">color.c:16:20: error: no include path in which to search for string.h</code><br />
						
            
            <a class="navhash" href="#259">#</a>
						
              <code id="259"> #include <string.h></code><br />
						
            
            <a class="navhash" href="#260">#</a>
						
              <code id="260">                    ^</code><br />
						
            
            <a class="navhash" href="#261">#</a>
						
              <code id="261">color.c:20:20: error: no include path in which to search for curses.h</code><br />
						
            
            <a class="navhash" href="#262">#</a>
						
              <code id="262"> #include <curses.h></code><br />
						
            
            <a class="navhash" href="#263">#</a>
						
              <code id="263">                    ^</code><br />
						
            
            <a class="navhash" href="#264">#</a>
						
              <code id="264">color.c:21:19: error: no include path in which to search for ctype.h</code><br />
						
            
            <a class="navhash" href="#265">#</a>
						
              <code id="265"> #include <ctype.h></code><br />
						
            
            <a class="navhash" href="#266">#</a>
						
              <code id="266">                   ^</code><br />
						
            
            <a class="navhash" href="#267">#</a>
						
              <code id="267">color.c:22:20: error: no include path in which to search for unistd.h</code><br />
						
            
            <a class="navhash" href="#268">#</a>
						
              <code id="268"> #include <unistd.h></code><br />
						
            
            <a class="navhash" href="#269">#</a>
						
              <code id="269">                    ^</code><br />
						
            
            <a class="navhash" href="#270">#</a>
						
              <code id="270">cmds.c: In function 'yankrow':</code><br />
						
            
            <a class="navhash" href="#271">#</a>
						
              <code id="271">cmds.c:487:9: warning: incompatible implicit declaration of built-in function 'sprintf' [enabled by default]</code><br />
						
            
            <a class="navhash" href="#272">#</a>
						
              <code id="272">  (void) sprintf(buf, "Can't yank %d row%s %d row%s left", arg,</code><br />
						
            
            <a class="navhash" href="#273">#</a>
						
              <code id="273">         ^</code><br />
						
            
            <a class="navhash" href="#274">#</a>
						
              <code id="274">In file included from cmds.c:31:0:</code><br />
						
            
            <a class="navhash" href="#275">#</a>
						
              <code id="275">sc.h:46:30: error: 'stdout' undeclared (first use in this function)</code><br />
						
            
            <a class="navhash" href="#276">#</a>
						
              <code id="276"> # define error isatty(fileno(stdout)) && !move(1,0) && !clrtoeol() && printw</code><br />
						
            
            <a class="navhash" href="#277">#</a>
						
              <code id="277">                              ^</code><br />
						
            
            <a class="navhash" href="#278">#</a>
						
              <code id="278">cmds.c:489:2: note: in expansion of macro 'error'</code><br />
						
            
            <a class="navhash" href="#279">#</a>
						
              <code id="279">  error(buf);</code><br />
						
            
            <a class="navhash" href="#280">#</a>
						
              <code id="280">  ^</code><br />
						
            
            <a class="navhash" href="#281">#</a>
						
              <code id="281">In file included from color.c:23:0:</code><br />
						
            
            <a class="navhash" href="#282">#</a>
						<span class="error">
              <code id="282">sc.h:382:1: error: unknown type name 'FILE'</code><br />
						</span>
            
            <a class="navhash" href="#283">#</a>
						
              <code id="283"> extern FILE *openfile(char *fname, int *rpid, int *rfd);</code><br />
						
            
            <a class="navhash" href="#284">#</a>
						
              <code id="284"> ^</code><br />
						
            
            <a class="navhash" href="#285">#</a>
						
              <code id="285">cmds.c: In function 'yankcol':</code><br />
						
            
            <a class="navhash" href="#286">#</a>
						
              <code id="286">cmds.c:542:9: warning: incompatible implicit declaration of built-in function 'sprintf' [enabled by default]</code><br />
						
            
            <a class="navhash" href="#287">#</a>
						
              <code id="287">  (void) sprintf(buf, "Can't yank %d column%s %d column%s left", arg,</code><br />
						
            
            <a class="navhash" href="#288">#</a>
						
              <code id="288">         ^</code><br />
						
            
            <a class="navhash" href="#289">#</a>
						
              <code id="289">In file included from cmds.c:31:0:</code><br />
						
            
            <a class="navhash" href="#290">#</a>
						
              <code id="290">sc.h:46:30: error: 'stdout' undeclared (first use in this function)</code><br />
						
            
            <a class="navhash" href="#291">#</a>
						
              <code id="291"> # define error isatty(fileno(stdout)) && !move(1,0) && !clrtoeol() && printw</code><br />
						
            
            <a class="navhash" href="#292">#</a>
						
              <code id="292">                              ^</code><br />
						
            
            <a class="navhash" href="#293">#</a>
						
              <code id="293">cmds.c:544:2: note: in expansion of macro 'error'</code><br />
						
            
            <a class="navhash" href="#294">#</a>
						
              <code id="294">  error(buf);</code><br />
						
            
            <a class="navhash" href="#295">#</a>
						
              <code id="295">  ^</code><br />
						
            
            <a class="navhash" href="#296">#</a>
						<span class="error">
              <code id="296">sc.h:444:23: error: unknown type name 'FILE'</code><br />
						</span>
            
            <a class="navhash" href="#297">#</a>
						
              <code id="297"> extern void closefile(FILE *f, int pid, int rfd);</code><br />
						
            
            <a class="navhash" href="#298">#</a>
						
              <code id="298">                       ^</code><br />
						
            
            <a class="navhash" href="#299">#</a>
						<span class="error">
              <code id="299">sc.h:509:25: error: unknown type name 'FILE'</code><br />
						</span>
            
            <a class="navhash" href="#300">#</a>
						
              <code id="300"> extern void list_colors(FILE *f);</code><br />
						
            
            <a class="navhash" href="#301">#</a>
						
              <code id="301">                         ^</code><br />
						
            
            <a class="navhash" href="#302">#</a>
						<span class="error">
              <code id="302">sc.h:510:25: error: unknown type name 'FILE'</code><br />
						</span>
            
            <a class="navhash" href="#303">#</a>
						
              <code id="303"> extern void list_ranges(FILE *f);</code><br />
						
            
            <a class="navhash" href="#304">#</a>
						
              <code id="304">                         ^</code><br />
						
            
            <a class="navhash" href="#305">#</a>
						<span class="error">
              <code id="305">sc.h:553:1: error: unknown type name 'FILE'</code><br />
						</span>
            
            <a class="navhash" href="#306">#</a>
						
              <code id="306"> extern void write_cells(register FILE *f, int r0, int c0, int rn, int cn,</code><br />
						
            
            <a class="navhash" href="#307">#</a>
						
              <code id="307"> ^</code><br />
						
            
            <a class="navhash" href="#308">#</a>
						
              <code id="308">cmds.c: In function 'valueize_area':</code><br />
						
            
            <a class="navhash" href="#309">#</a>
						<span class="error">
              <code id="309">sc.h:555:26: error: unknown type name 'FILE'</code><br />
						</span>
            
            <a class="navhash" href="#310">#</a>
						
              <code id="310"> extern void write_colors(FILE *f, int indent);</code><br />
						
            
            <a class="navhash" href="#311">#</a>
						
              <code id="311">                          ^</code><br />
						
            
            <a class="navhash" href="#312">#</a>
						<span class="error">
              <code id="312">sc.h:556:27: error: unknown type name 'FILE'</code><br />
						</span>
            
            <a class="navhash" href="#313">#</a>
						
              <code id="313"> extern void write_cranges(FILE *f);</code><br />
						
            
            <a class="navhash" href="#314">#</a>
						
              <code id="314">                           ^</code><br />
						
            
            <a class="navhash" href="#315">#</a>
						
              <code id="315">sc.h:46:30: error: 'stdout' undeclared (first use in this function)</code><br />
						
            
            <a class="navhash" href="#316">#</a>
						
              <code id="316"> # define error isatty(fileno(stdout)) && !move(1,0) && !clrtoeol() && printw</code><br />
						
            
            <a class="navhash" href="#317">#</a>
						
              <code id="317">                              ^</code><br />
						
            
            <a class="navhash" href="#318">#</a>
						
              <code id="318">cmds.c:745:3: note: in expansion of macro 'error'</code><br />
						
            
            <a class="navhash" href="#319">#</a>
						
              <code id="319">   error(" Cell %s%d is locked", coltoa(c), r);</code><br />
						
            
            <a class="navhash" href="#320">#</a>
						
              <code id="320">   ^</code><br />
						
            
            <a class="navhash" href="#321">#</a>
						<span class="error">
              <code id="321">sc.h:557:1: error: unknown type name 'FILE'</code><br />
						</span>
            
            <a class="navhash" href="#322">#</a>
						
              <code id="322"> extern void write_fd(register FILE *f, int r0, int c0, int rn, int cn);</code><br />
						
            
            <a class="navhash" href="#323">#</a>
						
              <code id="323"> ^</code><br />
						
            
            <a class="navhash" href="#324">#</a>
						<span class="error">
              <code id="324">sc.h:558:27: error: unknown type name 'FILE'</code><br />
						</span>
            
            <a class="navhash" href="#325">#</a>
						
              <code id="325"> extern void write_franges(FILE *f);</code><br />
						
            
            <a class="navhash" href="#326">#</a>
						
              <code id="326">                           ^</code><br />
						
            
            <a class="navhash" href="#327">#</a>
						<span class="error">
              <code id="327">sc.h:561:26: error: unknown type name 'FILE'</code><br />
						</span>
            
            <a class="navhash" href="#328">#</a>
						
              <code id="328"> extern void write_ranges(FILE *f);</code><br />
						
            
            <a class="navhash" href="#329">#</a>
						
              <code id="329">                          ^</code><br />
						
            
            <a class="navhash" href="#330">#</a>
						
              <code id="330">make: *** [Makefile:403: abbrev.o] Error 1</code><br />
						
            
            <a class="navhash" href="#331">#</a>
						
              <code id="331">cmds.c: In function 'pullcells':</code><br />
						
            
            <a class="navhash" href="#332">#</a>
						
              <code id="332">sc.h:631:20: error: no include path in which to search for memory.h</code><br />
						
            
            <a class="navhash" href="#333">#</a>
						
              <code id="333"> #include <memory.h></code><br />
						
            
            <a class="navhash" href="#334">#</a>
						
              <code id="334">                    ^</code><br />
						
            
            <a class="navhash" href="#335">#</a>
						
              <code id="335">sc.h:46:30: error: 'stdout' undeclared (first use in this function)</code><br />
						
            
            <a class="navhash" href="#336">#</a>
						
              <code id="336"> # define error isatty(fileno(stdout)) && !move(1,0) && !clrtoeol() && printw</code><br />
						
            
            <a class="navhash" href="#337">#</a>
						
              <code id="337">                              ^</code><br />
						
            
            <a class="navhash" href="#338">#</a>
						
              <code id="338">cmds.c:777:2: note: in expansion of macro 'error'</code><br />
						
            
            <a class="navhash" href="#339">#</a>
						
              <code id="339">  error("No data to pull");</code><br />
						
            
            <a class="navhash" href="#340">#</a>
						
              <code id="340">  ^</code><br />
						
            
            <a class="navhash" href="#341">#</a>
						
              <code id="341">color.c: In function 'initcolor':</code><br />
						
            
            <a class="navhash" href="#342">#</a>
						
              <code id="342">color.c:43:18: error: 'COLOR_WHITE' undeclared (first use in this function)</code><br />
						
            
            <a class="navhash" href="#343">#</a>
						
              <code id="343">  cpairs[0]->fg = COLOR_WHITE;</code><br />
						
            
            <a class="navhash" href="#344">#</a>
						
              <code id="344">                  ^</code><br />
						
            
            <a class="navhash" href="#345">#</a>
						
              <code id="345">color.c:43:18: note: each undeclared identifier is reported only once for each function it appears in</code><br />
						
            
            <a class="navhash" href="#346">#</a>
						
              <code id="346">color.c:44:18: error: 'COLOR_BLUE' undeclared (first use in this function)</code><br />
						
            
            <a class="navhash" href="#347">#</a>
						
              <code id="347">  cpairs[0]->bg = COLOR_BLUE;</code><br />
						
            
            <a class="navhash" href="#348">#</a>
						
              <code id="348">                  ^</code><br />
						
            
            <a class="navhash" href="#349">#</a>
						
              <code id="349">color.c:45:20: error: 'NULL' undeclared (first use in this function)</code><br />
						
            
            <a class="navhash" href="#350">#</a>
						
              <code id="350">  cpairs[0]->expr = NULL;</code><br />
						
            
            <a class="navhash" href="#351">#</a>
						
              <code id="351">                    ^</code><br />
						
            
            <a class="navhash" href="#352">#</a>
						
              <code id="352">color.c:51:18: error: 'COLOR_RED' undeclared (first use in this function)</code><br />
						
            
            <a class="navhash" href="#353">#</a>
						
              <code id="353">  cpairs[1]->fg = COLOR_RED;</code><br />
						
            
            <a class="navhash" href="#354">#</a>
						
              <code id="354">                  ^</code><br />
						
            
            <a class="navhash" href="#355">#</a>
						
              <code id="355">color.c:67:18: error: 'COLOR_BLACK' undeclared (first use in this function)</code><br />
						
            
            <a class="navhash" href="#356">#</a>
						
              <code id="356">  cpairs[3]->fg = COLOR_BLACK;</code><br />
						
            
            <a class="navhash" href="#357">#</a>
						
              <code id="357">                  ^</code><br />
						
            
            <a class="navhash" href="#358">#</a>
						
              <code id="358">color.c:68:18: error: 'COLOR_YELLOW' undeclared (first use in this function)</code><br />
						
            
            <a class="navhash" href="#359">#</a>
						
              <code id="359">  cpairs[3]->bg = COLOR_YELLOW;</code><br />
						
            
            <a class="navhash" href="#360">#</a>
						
              <code id="360">                  ^</code><br />
						
            
            <a class="navhash" href="#361">#</a>
						
              <code id="361">color.c:75:18: error: 'COLOR_CYAN' undeclared (first use in this function)</code><br />
						
            
            <a class="navhash" href="#362">#</a>
						
              <code id="362">  cpairs[4]->bg = COLOR_CYAN;</code><br />
						
            
            <a class="navhash" href="#363">#</a>
						
              <code id="363">                  ^</code><br />
						
            
            <a class="navhash" href="#364">#</a>
						
              <code id="364">In file included from color.c:23:0:</code><br />
						
            
            <a class="navhash" href="#365">#</a>
						
              <code id="365">color.c: In function 'change_color':</code><br />
						
            
            <a class="navhash" href="#366">#</a>
						
              <code id="366">sc.h:46:30: error: 'stdout' undeclared (first use in this function)</code><br />
						
            
            <a class="navhash" href="#367">#</a>
						
              <code id="367"> # define error isatty(fileno(stdout)) && !move(1,0) && !clrtoeol() && printw</code><br />
						
            
            <a class="navhash" href="#368">#</a>
						
              <code id="368">                              ^</code><br />
						
            
            <a class="navhash" href="#369">#</a>
						
              <code id="369">color.c:111:2: note: in expansion of macro 'error'</code><br />
						
            
            <a class="navhash" href="#370">#</a>
						
              <code id="370">  error("Invalid color number");</code><br />
						
            
            <a class="navhash" href="#371">#</a>
						
              <code id="371">  ^</code><br />
						
            
            <a class="navhash" href="#372">#</a>
						
              <code id="372">color.c: In function 'add_crange':</code><br />
						
            
            <a class="navhash" href="#373">#</a>
						
              <code id="373">sc.h:46:30: error: 'stdout' undeclared (first use in this function)</code><br />
						
            
            <a class="navhash" href="#374">#</a>
						
              <code id="374"> # define error isatty(fileno(stdout)) && !move(1,0) && !clrtoeol() && printw</code><br />
						
            
            <a class="navhash" href="#375">#</a>
						
              <code id="375">                              ^</code><br />
						
            
            <a class="navhash" href="#376">#</a>
						
              <code id="376">color.c:159:2: note: in expansion of macro 'error'</code><br />
						
            
            <a class="navhash" href="#377">#</a>
						
              <code id="377">  error("Color range not defined");</code><br />
						
            
            <a class="navhash" href="#378">#</a>
						
              <code id="378">  ^</code><br />
						
            
            <a class="navhash" href="#379">#</a>
						
              <code id="379">cmds.c: In function 'colshow_op':</code><br />
						
            
            <a class="navhash" href="#380">#</a>
						
              <code id="380">color.c: At top level:</code><br />
						
            
            <a class="navhash" href="#381">#</a>
						<span class="error">
              <code id="381">color.c:222:15: error: unknown type name 'FILE'</code><br />
						</span>
            
            <a class="navhash" href="#382">#</a>
						
              <code id="382"> write_cranges(FILE *f)</code><br />
						
            
            <a class="navhash" href="#383">#</a>
						
              <code id="383">               ^</code><br />
						
            
            <a class="navhash" href="#384">#</a>
						<span class="error">
              <code id="384">color.c:238:14: error: unknown type name 'FILE'</code><br />
						</span>
            
            <a class="navhash" href="#385">#</a>
						
              <code id="385"> write_colors(FILE *f, int indent)</code><br />
						
            
            <a class="navhash" href="#386">#</a>
						
              <code id="386">              ^</code><br />
						
            
            <a class="navhash" href="#387">#</a>
						
              <code id="387">sc.h:46:30: error: 'stdout' undeclared (first use in this function)</code><br />
						
            
            <a class="navhash" href="#388">#</a>
						
              <code id="388"> # define error isatty(fileno(stdout)) && !move(1,0) && !clrtoeol() && printw</code><br />
						
            
            <a class="navhash" href="#389">#</a>
						
              <code id="389">                              ^</code><br />
						
            
            <a class="navhash" href="#390">#</a>
						
              <code id="390">cmds.c:949:2: note: in expansion of macro 'error'</code><br />
						
            
            <a class="navhash" href="#391">#</a>
						
              <code id="391">  error("No hidden columns to show");</code><br />
						
            
            <a class="navhash" href="#392">#</a>
						
              <code id="392">  ^</code><br />
						
            
            <a class="navhash" href="#393">#</a>
						<span class="error">
              <code id="393">color.c:257:13: error: unknown type name 'FILE'</code><br />
						</span>
            
            <a class="navhash" href="#394">#</a>
						
              <code id="394"> list_colors(FILE *f)</code><br />
						
            
            <a class="navhash" href="#395">#</a>
						
              <code id="395">             ^</code><br />
						
            
            <a class="navhash" href="#396">#</a>
						
              <code id="396">cmds.c:951:9: warning: incompatible implicit declaration of built-in function 'sprintf' [enabled by default]</code><br />
						
            
            <a class="navhash" href="#397">#</a>
						
              <code id="397">  (void) sprintf(line,"show %s:", coltoa(i));</code><br />
						
            
            <a class="navhash" href="#398">#</a>
						
              <code id="398">         ^</code><br />
						
            
            <a class="navhash" href="#399">#</a>
						
              <code id="399">cmds.c:952:24: warning: incompatible implicit declaration of built-in function 'strlen' [enabled by default]</code><br />
						
            
            <a class="navhash" href="#400">#</a>
						
              <code id="400">  (void) sprintf(line + strlen(line),"%s",coltoa(j));</code><br />
						
            
            <a class="navhash" href="#401">#</a>
						
              <code id="401">                        ^</code><br />
						
            
            <a class="navhash" href="#402">#</a>
						
              <code id="402">In file included from cmds.c:31:0:</code><br />
						
            
            <a class="navhash" href="#403">#</a>
						
              <code id="403">cmds.c: In function 'rowshow_op':</code><br />
						
            
            <a class="navhash" href="#404">#</a>
						
              <code id="404">sc.h:46:30: error: 'stdout' undeclared (first use in this function)</code><br />
						
            
            <a class="navhash" href="#405">#</a>
						
              <code id="405"> # define error isatty(fileno(stdout)) && !move(1,0) && !clrtoeol() && printw</code><br />
						
            
            <a class="navhash" href="#406">#</a>
						
              <code id="406">                              ^</code><br />
						
            
            <a class="navhash" href="#407">#</a>
						
              <code id="407">cmds.c:971:2: note: in expansion of macro 'error'</code><br />
						
            
            <a class="navhash" href="#408">#</a>
						
              <code id="408">  error("No hidden rows to show");</code><br />
						
            
            <a class="navhash" href="#409">#</a>
						
              <code id="409">  ^</code><br />
						
            
            <a class="navhash" href="#410">#</a>
						
              <code id="410">cmds.c:973:8: warning: incompatible implicit declaration of built-in function 'sprintf' [enabled by default]</code><br />
						
            
            <a class="navhash" href="#411">#</a>
						
              <code id="411">  (void)sprintf(line,"show %d:%d", i, j);</code><br />
						
            
            <a class="navhash" href="#412">#</a>
						
              <code id="412">        ^</code><br />
						
            
            <a class="navhash" href="#413">#</a>
						
              <code id="413">cmds.c:974:19: warning: incompatible implicit declaration of built-in function 'strlen' [enabled by default]</code><br />
						
            
            <a class="navhash" href="#414">#</a>
						
              <code id="414">         linelim = strlen(line);</code><br />
						
            
            <a class="navhash" href="#415">#</a>
						
              <code id="415">                   ^</code><br />
						
            
            <a class="navhash" href="#416">#</a>
						
              <code id="416">In file included from cmds.c:31:0:</code><br />
						
            
            <a class="navhash" href="#417">#</a>
						
              <code id="417">cmds.c: In function 'get_rcqual':</code><br />
						
            
            <a class="navhash" href="#418">#</a>
						
              <code id="418">sc.h:46:30: error: 'stdout' undeclared (first use in this function)</code><br />
						
            
            <a class="navhash" href="#419">#</a>
						
              <code id="419"> # define error isatty(fileno(stdout)) && !move(1,0) && !clrtoeol() && printw</code><br />
						
            
            <a class="navhash" href="#420">#</a>
						
              <code id="420">                              ^</code><br />
						
            
            <a class="navhash" href="#421">#</a>
						
              <code id="421">cmds.c:990:5: note: in expansion of macro 'error'</code><br />
						
            
            <a class="navhash" href="#422">#</a>
						
              <code id="422">     error("%sow/column:  r: row  c: column%s",</code><br />
						
            
            <a class="navhash" href="#423">#</a>
						
              <code id="423">     ^</code><br />
						
            
            <a class="navhash" href="#424">#</a>
						
              <code id="424">cmds.c:1055:7: error: 'KEY_UP' undeclared (first use in this function)</code><br />
						
            
            <a class="navhash" href="#425">#</a>
						
              <code id="425">  case KEY_UP:</code><br />
						
            
            <a class="navhash" href="#426">#</a>
						
              <code id="426">       ^</code><br />
						
            
            <a class="navhash" href="#427">#</a>
						
              <code id="427">cmds.c:1056:7: error: 'KEY_DOWN' undeclared (first use in this function)</code><br />
						
            
            <a class="navhash" href="#428">#</a>
						
              <code id="428">  case KEY_DOWN:</code><br />
						
            
            <a class="navhash" href="#429">#</a>
						
              <code id="429">       ^</code><br />
						
            
            <a class="navhash" href="#430">#</a>
						
              <code id="430">cmds.c:1057:7: error: 'KEY_PPAGE' undeclared (first use in this function)</code><br />
						
            
            <a class="navhash" href="#431">#</a>
						
              <code id="431">  case KEY_PPAGE:</code><br />
						
            
            <a class="navhash" href="#432">#</a>
						
              <code id="432">       ^</code><br />
						
            
            <a class="navhash" href="#433">#</a>
						
              <code id="433">cmds.c:1058:7: error: 'KEY_NPAGE' undeclared (first use in this function)</code><br />
						
            
            <a class="navhash" href="#434">#</a>
						
              <code id="434">  case KEY_NPAGE:</code><br />
						
            
            <a class="navhash" href="#435">#</a>
						
              <code id="435">       ^</code><br />
						
            
            <a class="navhash" href="#436">#</a>
						
              <code id="436">cmds.c:1067:15: warning: incompatible implicit declaration of built-in function 'sprintf' [enabled by default]</code><br />
						
            
            <a class="navhash" href="#437">#</a>
						
              <code id="437">        (void) sprintf(line,"deleterow [range] ");</code><br />
						
            
            <a class="navhash" href="#438">#</a>
						
              <code id="438">               ^</code><br />
						
            
            <a class="navhash" href="#439">#</a>
						
              <code id="439">cmds.c:1082:7: error: 'KEY_BACKSPACE' undeclared (first use in this function)</code><br />
						
            
            <a class="navhash" href="#440">#</a>
						
              <code id="440">  case KEY_BACKSPACE:</code><br />
						
            
            <a class="navhash" href="#441">#</a>
						
              <code id="441">       ^</code><br />
						
            
            <a class="navhash" href="#442">#</a>
						
              <code id="442">cmds.c:1083:7: error: 'KEY_LEFT' undeclared (first use in this function)</code><br />
						
            
            <a class="navhash" href="#443">#</a>
						
              <code id="443">  case KEY_LEFT:</code><br />
						
            
            <a class="navhash" href="#444">#</a>
						
              <code id="444">       ^</code><br />
						
            
            <a class="navhash" href="#445">#</a>
						
              <code id="445">cmds.c:1084:7: error: 'KEY_RIGHT' undeclared (first use in this function)</code><br />
						
            
            <a class="navhash" href="#446">#</a>
						
              <code id="446">  case KEY_RIGHT:</code><br />
						
            
            <a class="navhash" href="#447">#</a>
						
              <code id="447">       ^</code><br />
						
            
            <a class="navhash" href="#448">#</a>
						
              <code id="448">make: *** [<builtin>: color.o] Error 1</code><br />
						
            
            <a class="navhash" href="#449">#</a>
						
              <code id="449">cmds.c: In function 'closecol':</code><br />
						
            
            <a class="navhash" href="#450">#</a>
						
              <code id="450">cmds.c:1213:9: warning: incompatible implicit declaration of built-in function 'sprintf' [enabled by default]</code><br />
						
            
            <a class="navhash" href="#451">#</a>
						
              <code id="451">  (void) sprintf(buf, "Can't delete %d column%s %d column%s left", arg,</code><br />
						
            
            <a class="navhash" href="#452">#</a>
						
              <code id="452">         ^</code><br />
						
            
            <a class="navhash" href="#453">#</a>
						
              <code id="453">In file included from cmds.c:31:0:</code><br />
						
            
            <a class="navhash" href="#454">#</a>
						
              <code id="454">sc.h:46:30: error: 'stdout' undeclared (first use in this function)</code><br />
						
            
            <a class="navhash" href="#455">#</a>
						
              <code id="455"> # define error isatty(fileno(stdout)) && !move(1,0) && !clrtoeol() && printw</code><br />
						
            
            <a class="navhash" href="#456">#</a>
						
              <code id="456">                              ^</code><br />
						
            
            <a class="navhash" href="#457">#</a>
						
              <code id="457">cmds.c:1215:2: note: in expansion of macro 'error'</code><br />
						
            
            <a class="navhash" href="#458">#</a>
						
              <code id="458">  error(buf);</code><br />
						
            
            <a class="navhash" href="#459">#</a>
						
              <code id="459">  ^</code><br />
						
            
            <a class="navhash" href="#460">#</a>
						
              <code id="460">cmds.c: In function 'doend':</code><br />
						
            
            <a class="navhash" href="#461">#</a>
						
              <code id="461">sc.h:46:30: error: 'stdout' undeclared (first use in this function)</code><br />
						
            
            <a class="navhash" href="#462">#</a>
						
              <code id="462"> # define error isatty(fileno(stdout)) && !move(1,0) && !clrtoeol() && printw</code><br />
						
            
            <a class="navhash" href="#463">#</a>
						
              <code id="463">                              ^</code><br />
						
            
            <a class="navhash" href="#464">#</a>
						
              <code id="464">cmds.c:1394:2: note: in expansion of macro 'error'</code><br />
						
            
            <a class="navhash" href="#465">#</a>
						
              <code id="465">  error (""); /* clear line */</code><br />
						
            
            <a class="navhash" href="#466">#</a>
						
              <code id="466">  ^</code><br />
						
            
            <a class="navhash" href="#467">#</a>
						
              <code id="467">cmds.c: In function 'doformat':</code><br />
						
            
            <a class="navhash" href="#468">#</a>
						
              <code id="468">sc.h:46:30: error: 'stdout' undeclared (first use in this function)</code><br />
						
            
            <a class="navhash" href="#469">#</a>
						
              <code id="469"> # define error isatty(fileno(stdout)) && !move(1,0) && !clrtoeol() && printw</code><br />
						
            
            <a class="navhash" href="#470">#</a>
						
              <code id="470">                              ^</code><br />
						
            
            <a class="navhash" href="#471">#</a>
						
              <code id="471">cmds.c:1440:2: note: in expansion of macro 'error'</code><br />
						
            
            <a class="navhash" href="#472">#</a>
						
              <code id="472">  error("Width too small - setting to 1");</code><br />
						
            
            <a class="navhash" href="#473">#</a>
						
              <code id="473">  ^</code><br />
						
            
            <a class="navhash" href="#474">#</a>
						
              <code id="474">cmds.c:1444:26: error: 'COLS' undeclared (first use in this function)</code><br />
						
            
            <a class="navhash" href="#475">#</a>
						
              <code id="475">     if (usecurses && w > COLS - rescol - 2) {</code><br />
						
            
            <a class="navhash" href="#476">#</a>
						
              <code id="476">                          ^</code><br />
						
            
            <a class="navhash" href="#477">#</a>
						
              <code id="477">In file included from cmds.c:31:0:</code><br />
						
            
            <a class="navhash" href="#478">#</a>
						
              <code id="478">cmds.c: In function 'formatcol':</code><br />
						
            
            <a class="navhash" href="#479">#</a>
						
              <code id="479">sc.h:46:30: error: 'stdout' undeclared (first use in this function)</code><br />
						
            
            <a class="navhash" href="#480">#</a>
						
              <code id="480"> # define error isatty(fileno(stdout)) && !move(1,0) && !clrtoeol() && printw</code><br />
						
            
            <a class="navhash" href="#481">#</a>
						
              <code id="481">                              ^</code><br />
						
            
            <a class="navhash" href="#482">#</a>
						
              <code id="482">cmds.c:1477:5: note: in expansion of macro 'error'</code><br />
						
            
            <a class="navhash" href="#483">#</a>
						
              <code id="483">     error("Current format is %d %d %d",</code><br />
						
            
            <a class="navhash" href="#484">#</a>
						
              <code id="484">     ^</code><br />
						
            
            <a class="navhash" href="#485">#</a>
						
              <code id="485">cmds.c:1495:8: error: 'KEY_LEFT' undeclared (first use in this function)</code><br />
						
            
            <a class="navhash" href="#486">#</a>
						
              <code id="486">   case KEY_LEFT:</code><br />
						
            
            <a class="navhash" href="#487">#</a>
						
              <code id="487">        ^</code><br />
						
            
            <a class="navhash" href="#488">#</a>
						
              <code id="488">cmds.c:1507:8: error: 'KEY_RIGHT' undeclared (first use in this function)</code><br />
						
            
            <a class="navhash" href="#489">#</a>
						
              <code id="489">   case KEY_RIGHT:</code><br />
						
            
            <a class="navhash" href="#490">#</a>
						
              <code id="490">        ^</code><br />
						
            
            <a class="navhash" href="#491">#</a>
						
              <code id="491">cmds.c:1512:20: error: 'COLS' undeclared (first use in this function)</code><br />
						
            
            <a class="navhash" href="#492">#</a>
						
              <code id="492">    if (fwidth[i] > COLS - rescol - 2)</code><br />
						
            
            <a class="navhash" href="#493">#</a>
						
              <code id="493">                    ^</code><br />
						
            
            <a class="navhash" href="#494">#</a>
						
              <code id="494">cmds.c:1519:8: error: 'KEY_DOWN' undeclared (first use in this function)</code><br />
						
            
            <a class="navhash" href="#495">#</a>
						
              <code id="495">   case KEY_DOWN:</code><br />
						
            
            <a class="navhash" href="#496">#</a>
						
              <code id="496">        ^</code><br />
						
            
            <a class="navhash" href="#497">#</a>
						
              <code id="497">cmds.c:1529:8: error: 'KEY_UP' undeclared (first use in this function)</code><br />
						
            
            <a class="navhash" href="#498">#</a>
						
              <code id="498">   case KEY_UP:</code><br />
						
            
            <a class="navhash" href="#499">#</a>
						
              <code id="499">        ^</code><br />
						
            
            <a class="navhash" href="#500">#</a>
						
              <code id="500">cmds.c:1538:11: warning: incompatible implicit declaration of built-in function 'sprintf' [enabled by default]</code><br />
						
            
            <a class="navhash" href="#501">#</a>
						
              <code id="501">    (void) sprintf(line,</code><br />
						
            
            <a class="navhash" href="#502">#</a>
						
              <code id="502">           ^</code><br />
						
            
            <a class="navhash" href="#503">#</a>
						
              <code id="503">cmds.c:1545:24: warning: incompatible implicit declaration of built-in function 'strlen' [enabled by default]</code><br />
						
            
            <a class="navhash" href="#504">#</a>
						
              <code id="504">    (void) sprintf(line+strlen(line), "%s ",</code><br />
						
            
            <a class="navhash" href="#505">#</a>
						
              <code id="505">                        ^</code><br />
						
            
            <a class="navhash" href="#506">#</a>
						
              <code id="506">cmds.c:1548:17: warning: incompatible implicit declaration of built-in function 'strlen' [enabled by default]</code><br />
						
            
            <a class="navhash" href="#507">#</a>
						
              <code id="507">       linelim = strlen(line);</code><br />
						
            
            <a class="navhash" href="#508">#</a>
						
              <code id="508">                 ^</code><br />
						
            
            <a class="navhash" href="#509">#</a>
						
              <code id="509">cmds.c:1577:15: error: 'stdscr' undeclared (first use in this function)</code><br />
						
            
            <a class="navhash" href="#510">#</a>
						
              <code id="510">       clearok(stdscr, 1);</code><br />
						
            
            <a class="navhash" href="#511">#</a>
						
              <code id="511">               ^</code><br />
						
            
            <a class="navhash" href="#512">#</a>
						
              <code id="512">cmds.c: At top level:</code><br />
						
            
            <a class="navhash" href="#513">#</a>
						<span class="error">
              <code id="513">cmds.c:1693:15: error: unknown type name 'FILE'</code><br />
						</span>
            
            <a class="navhash" href="#514">#</a>
						
              <code id="514"> print_options(FILE *f)</code><br />
						
            
            <a class="navhash" href="#515">#</a>
						
              <code id="515">               ^</code><br />
						
            
            <a class="navhash" href="#516">#</a>
						
              <code id="516">cmds.c: In function 'printfile':</code><br />
						
            
            <a class="navhash" href="#517">#</a>
						<span class="error">
              <code id="517">cmds.c:1770:5: error: unknown type name 'FILE'</code><br />
						</span>
            
            <a class="navhash" href="#518">#</a>
						
              <code id="518">     FILE *f;</code><br />
						
            
            <a class="navhash" href="#519">#</a>
						
              <code id="519">     ^</code><br />
						
            
            <a class="navhash" href="#520">#</a>
						
              <code id="520">cmds.c:1786:6: warning: incompatible implicit declaration of built-in function 'strcpy' [enabled by default]</code><br />
						
            
            <a class="navhash" href="#521">#</a>
						
              <code id="521">      strcpy(path, curfile);</code><br />
						
            
            <a class="navhash" href="#522">#</a>
						
              <code id="522">      ^</code><br />
						
            
            <a class="navhash" href="#523">#</a>
						
              <code id="523">cmds.c:1792:17: warning: incompatible implicit declaration of built-in function 'strrchr' [enabled by default]</code><br />
						
            
            <a class="navhash" href="#524">#</a>
						
              <code id="524">      if ((tpp = strrchr(path, '/')) == NULL) {</code><br />
						
            
            <a class="navhash" href="#525">#</a>
						
              <code id="525">                 ^</code><br />
						
            
            <a class="navhash" href="#526">#</a>
						
              <code id="526">cmds.c:1793:27: error: '_PC_NAME_MAX' undeclared (first use in this function)</code><br />
						
            
            <a class="navhash" href="#527">#</a>
						
              <code id="527">   namelen = pathconf(".", _PC_NAME_MAX);</code><br />
						
            
            <a class="navhash" href="#528">#</a>
						
              <code id="528">                           ^</code><br />
						
            
            <a class="navhash" href="#529">#</a>
						
              <code id="529">cmds.c:1806:25: warning: incompatible implicit declaration of built-in function 'strlen' [enabled by default]</code><br />
						
            
            <a class="navhash" href="#530">#</a>
						
              <code id="530">      if (!strcmp(file + strlen(file) - 3, ".sc"))</code><br />
						
            
            <a class="navhash" href="#531">#</a>
						
              <code id="531">                         ^</code><br />
						
            
            <a class="navhash" href="#532">#</a>
						
              <code id="532">cmds.c:1816:6: warning: incompatible implicit declaration of built-in function 'sprintf' [enabled by default]</code><br />
						
            
            <a class="navhash" href="#533">#</a>
						
              <code id="533">      sprintf(tpp, "%s.%s", file, ascext == NULL ? "asc" : ascext);</code><br />
						
            
            <a class="navhash" href="#534">#</a>
						
              <code id="534">      ^</code><br />
						
            
            <a class="navhash" href="#535">#</a>
						
              <code id="535">cmds.c:1825:44: error: 'FILE' undeclared (first use in this function)</code><br />
						
            
            <a class="navhash" href="#536">#</a>
						
              <code id="536">  if ((f = openfile(fname, &pid, NULL)) == (FILE *)0) {</code><br />
						
            
            <a class="navhash" href="#537">#</a>
						
              <code id="537">                                            ^</code><br />
						
            
            <a class="navhash" href="#538">#</a>
						<span class="error">
              <code id="538">cmds.c:1825:50: error: expected expression before ')' token</code><br />
						</span>
            
            <a class="navhash" href="#539">#</a>
						
              <code id="539">  if ((f = openfile(fname, &pid, NULL)) == (FILE *)0) {</code><br />
						
            
            <a class="navhash" href="#540">#</a>
						
              <code id="540">                                                  ^</code><br />
						
            
            <a class="navhash" href="#541">#</a>
						
              <code id="541">In file included from cmds.c:31:0:</code><br />
						
            
            <a class="navhash" href="#542">#</a>
						
              <code id="542">sc.h:46:30: error: 'stdout' undeclared (first use in this function)</code><br />
						
            
            <a class="navhash" href="#543">#</a>
						
              <code id="543"> # define error isatty(fileno(stdout)) && !move(1,0) && !clrtoeol() && printw</code><br />
						
            
            <a class="navhash" href="#544">#</a>
						
              <code id="544">                              ^</code><br />
						
            
            <a class="navhash" href="#545">#</a>
						
              <code id="545">cmds.c:1826:6: note: in expansion of macro 'error'</code><br />
						
            
            <a class="navhash" href="#546">#</a>
						
              <code id="546">      error("Can't create file \"%s\"", fname);</code><br />
						
            
            <a class="navhash" href="#547">#</a>
						
              <code id="547">      ^</code><br />
						
            
            <a class="navhash" href="#548">#</a>
						
              <code id="548">cmds.c:1883:11: warning: incompatible implicit declaration of built-in function 'sprintf' [enabled by default]</code><br />
						
            
            <a class="navhash" href="#549">#</a>
						
              <code id="549">    (void) sprintf(pline+plinelim, "%*s",</code><br />
						
            
            <a class="navhash" href="#550">#</a>
						
              <code id="550">           ^</code><br />
						
            
            <a class="navhash" href="#551">#</a>
						<span class="error">
              <code id="551">cmds.c:1897:8: error: unknown type name 'time_t'</code><br />
						</span>
            
            <a class="navhash" href="#552">#</a>
						
              <code id="552">        time_t v = (time_t) ((*pp)->v);</code><br />
						
            
            <a class="navhash" href="#553">#</a>
						
              <code id="553">        ^</code><br />
						
            
            <a class="navhash" href="#554">#</a>
						
              <code id="554">cmds.c:1897:20: error: 'time_t' undeclared (first use in this function)</code><br />
						
            
            <a class="navhash" href="#555">#</a>
						
              <code id="555">        time_t v = (time_t) ((*pp)->v);</code><br />
						
            
            <a class="navhash" href="#556">#</a>
						
              <code id="556">                    ^</code><br />
						
            
            <a class="navhash" href="#557">#</a>
						
              <code id="557">cmds.c:1898:8: warning: incompatible implicit declaration of built-in function 'strftime' [enabled by default]</code><br />
						
            
            <a class="navhash" href="#558">#</a>
						
              <code id="558">        strftime(field, sizeof(field), cfmt + 1,</code><br />
						
            
            <a class="navhash" href="#559">#</a>
						
              <code id="559">        ^</code><br />
						
            
            <a class="navhash" href="#560">#</a>
						
              <code id="560">cmds.c:1899:9: warning: passing argument 4 of 'strftime' makes pointer from integer without a cast [enabled by default]</code><br />
						
            
            <a class="navhash" href="#561">#</a>
						
              <code id="561">         localtime(&v));</code><br />
						
            
            <a class="navhash" href="#562">#</a>
						
              <code id="562">         ^</code><br />
						
            
            <a class="navhash" href="#563">#</a>
						
              <code id="563">cmds.c:1899:9: note: expected 'const void *' but argument is of type 'int'</code><br />
						
            
            <a class="navhash" href="#564">#</a>
						
              <code id="564">cmds.c:1917:19: warning: incompatible implicit declaration of built-in function 'strlen' [enabled by default]</code><br />
						
            
            <a class="navhash" href="#565">#</a>
						
              <code id="565">       plinelim += strlen(pline+plinelim);</code><br />
						
            
            <a class="navhash" href="#566">#</a>
						
              <code id="566">                   ^</code><br />
						
            
            <a class="navhash" href="#567">#</a>
						
              <code id="567">cmds.c:1930:14: warning: incompatible implicit declaration of built-in function 'strlen' [enabled by default]</code><br />
						
            
            <a class="navhash" href="#568">#</a>
						
              <code id="568">       slen = strlen(s);</code><br />
						
            
            <a class="navhash" href="#569">#</a>
						
              <code id="569">              ^</code><br />
						
            
            <a class="navhash" href="#570">#</a>
						
              <code id="570">cmds.c: In function 'tblprintfile':</code><br />
						
            
            <a class="navhash" href="#571">#</a>
						<span class="error">
              <code id="571">cmds.c:1995:5: error: unknown type name 'FILE'</code><br />
						</span>
            
            <a class="navhash" href="#572">#</a>
						
              <code id="572">     FILE *f;</code><br />
						
            
            <a class="navhash" href="#573">#</a>
						
              <code id="573">     ^</code><br />
						
            
            <a class="navhash" href="#574">#</a>
						
              <code id="574">cmds.c:2007:2: warning: incompatible implicit declaration of built-in function 'strcpy' [enabled by default]</code><br />
						
            
            <a class="navhash" href="#575">#</a>
						
              <code id="575">  strcpy(path, curfile);</code><br />
						
            
            <a class="navhash" href="#576">#</a>
						
              <code id="576">  ^</code><br />
						
            
            <a class="navhash" href="#577">#</a>
						
              <code id="577">cmds.c:2013:13: warning: incompatible implicit declaration of built-in function 'strrchr' [enabled by default]</code><br />
						
            
            <a class="navhash" href="#578">#</a>
						
              <code id="578">  if ((tpp = strrchr(path, '/')) == NULL) {</code><br />
						
            
            <a class="navhash" href="#579">#</a>
						
              <code id="579">             ^</code><br />
						
            
            <a class="navhash" href="#580">#</a>
						
              <code id="580">cmds.c:2014:30: error: '_PC_NAME_MAX' undeclared (first use in this function)</code><br />
						
            
            <a class="navhash" href="#581">#</a>
						
              <code id="581">      namelen = pathconf(".", _PC_NAME_MAX);</code><br />
						
            
            <a class="navhash" href="#582">#</a>
						
              <code id="582">                              ^</code><br />
						
            
            <a class="navhash" href="#583">#</a>
						
              <code id="583">cmds.c:2027:21: warning: incompatible implicit declaration of built-in function 'strlen' [enabled by default]</code><br />
						
            
            <a class="navhash" href="#584">#</a>
						
              <code id="584">  if (!strcmp(file + strlen(file) - 3, ".sc"))</code><br />
						
            
            <a class="navhash" href="#585">#</a>
						
              <code id="585">                     ^</code><br />
						
            
            <a class="navhash" href="#586">#</a>
						
              <code id="586">cmds.c:2038:6: warning: incompatible implicit declaration of built-in function 'sprintf' [enabled by default]</code><br />
						
            
            <a class="navhash" href="#587">#</a>
						
              <code id="587">      sprintf(tpp, "%s.%s", file, tbl0ext == NULL ? "cln" : tbl0ext);</code><br />
						
            
            <a class="navhash" href="#588">#</a>
						
              <code id="588">      ^</code><br />
						
            
            <a class="navhash" href="#589">#</a>
						
              <code id="589">cmds.c:2045:6: warning: incompatible implicit declaration of built-in function 'sprintf' [enabled by default]</code><br />
						
            
            <a class="navhash" href="#590">#</a>
						
              <code id="590">      sprintf(tpp, "%s.%s", file, tblext == NULL ? "tbl" : tblext);</code><br />
						
            
            <a class="navhash" href="#591">#</a>
						
              <code id="591">      ^</code><br />
						
            
            <a class="navhash" href="#592">#</a>
						
              <code id="592">cmds.c:2052:6: warning: incompatible implicit declaration of built-in function 'sprintf' [enabled by default]</code><br />
						
            
            <a class="navhash" href="#593">#</a>
						
              <code id="593">      sprintf(tpp, "%s.%s", file, latexext == NULL ? "lat" : latexext);</code><br />
						
            
            <a class="navhash" href="#594">#</a>
						
              <code id="594">      ^</code><br />
						
            
            <a class="navhash" href="#595">#</a>
						
              <code id="595">cmds.c:2059:6: warning: incompatible implicit declaration of built-in function 'sprintf' [enabled by default]</code><br />
						
            
            <a class="navhash" href="#596">#</a>
						
              <code id="596">      sprintf(tpp, "%s.%s", file, slatexext == NULL ? "stx" : slatexext);</code><br />
						
            
            <a class="navhash" href="#597">#</a>
						
              <code id="597">      ^</code><br />
						
            
            <a class="navhash" href="#598">#</a>
						
              <code id="598">cmds.c:2066:6: warning: incompatible implicit declaration of built-in function 'sprintf' [enabled by default]</code><br />
						
            
            <a class="navhash" href="#599">#</a>
						
              <code id="599">      sprintf(tpp, "%s.%s", file, texext == NULL ? "tex" : texext);</code><br />
						
            
            <a class="navhash" href="#600">#</a>
						
              <code id="600">      ^</code><br />
						
            
            <a class="navhash" href="#601">#</a>
						
              <code id="601">cmds.c:2075:47: error: 'FILE' undeclared (first use in this function)</code><br />
						
            
            <a class="navhash" href="#602">#</a>
						
              <code id="602">     if ((f = openfile(fname, &pid, NULL)) == (FILE *)0) {</code><br />
						
            
            <a class="navhash" href="#603">#</a>
						
              <code id="603">                                               ^</code><br />
						
            
            <a class="navhash" href="#604">#</a>
						<span class="error">
              <code id="604">cmds.c:2075:53: error: expected expression before ')' token</code><br />
						</span>
            
            <a class="navhash" href="#605">#</a>
						
              <code id="605">     if ((f = openfile(fname, &pid, NULL)) == (FILE *)0) {</code><br />
						
            
            <a class="navhash" href="#606">#</a>
						
              <code id="606">                                                     ^</code><br />
						
            
            <a class="navhash" href="#607">#</a>
						
              <code id="607">In file included from cmds.c:31:0:</code><br />
						
            
            <a class="navhash" href="#608">#</a>
						
              <code id="608">sc.h:46:30: error: 'stdout' undeclared (first use in this function)</code><br />
						
            
            <a class="navhash" href="#609">#</a>
						
              <code id="609"> # define error isatty(fileno(stdout)) && !move(1,0) && !clrtoeol() && printw</code><br />
						
            
            <a class="navhash" href="#610">#</a>
						
              <code id="610">                              ^</code><br />
						
            
            <a class="navhash" href="#611">#</a>
						
              <code id="611">cmds.c:2076:2: note: in expansion of macro 'error'</code><br />
						
            
            <a class="navhash" href="#612">#</a>
						
              <code id="612">  error ("Can't create file \"%s\"", fname);</code><br />
						
            
            <a class="navhash" href="#613">#</a>
						
              <code id="613">  ^</code><br />
						
            
            <a class="navhash" href="#614">#</a>
						
              <code id="614">cmds.c:2081:2: warning: incompatible implicit declaration of built-in function 'fprintf' [enabled by default]</code><br />
						
            
            <a class="navhash" href="#615">#</a>
						
              <code id="615">  fprintf(f,".\\\" ** %s spreadsheet output \n.TS\n",progname);</code><br />
						
            
            <a class="navhash" href="#616">#</a>
						
              <code id="616">  ^</code><br />
						
            
            <a class="navhash" href="#617">#</a>
						
              <code id="617">cmds.c:2087:2: warning: incompatible implicit declaration of built-in function 'fprintf' [enabled by default]</code><br />
						
            
            <a class="navhash" href="#618">#</a>
						
              <code id="618">  fprintf(f,"%% ** %s spreadsheet output\n\\begin{tabular}{",progname);</code><br />
						
            
            <a class="navhash" href="#619">#</a>
						
              <code id="619">  ^</code><br />
						
            
            <a class="navhash" href="#620">#</a>
						
              <code id="620">cmds.c:2093:2: warning: incompatible implicit declaration of built-in function 'fprintf' [enabled by default]</code><br />
						
            
            <a class="navhash" href="#621">#</a>
						
              <code id="621">  fprintf(f,"%% ** %s spreadsheet output\n!begin<tabular><",progname);</code><br />
						
            
            <a class="navhash" href="#622">#</a>
						
              <code id="622">  ^</code><br />
						
            
            <a class="navhash" href="#623">#</a>
						
              <code id="623">cmds.c:2099:2: warning: incompatible implicit declaration of built-in function 'fprintf' [enabled by default]</code><br />
						
            
            <a class="navhash" href="#624">#</a>
						
              <code id="624">  fprintf(f,"{\t%% ** %s spreadsheet output\n\\settabs %d \\columns\n",</code><br />
						
            
            <a class="navhash" href="#625">#</a>
						
              <code id="625">  ^</code><br />
						
            
            <a class="navhash" href="#626">#</a>
						
              <code id="626">cmds.c:2104:2: warning: incompatible implicit declaration of built-in function 'fprintf' [enabled by default]</code><br />
						
            
            <a class="navhash" href="#627">#</a>
						
              <code id="627">  fprintf(f,"<MIFFile 3.00> # generated by the sc spreadsheet calculator\n");</code><br />
						
            
            <a class="navhash" href="#628">#</a>
						
              <code id="628">  ^</code><br />
						
            
            <a class="navhash" href="#629">#</a>
						
              <code id="629">cmds.c:2135:13: warning: incompatible implicit declaration of built-in function 'fprintf' [enabled by default]</code><br />
						
            
            <a class="navhash" href="#630">#</a>
						
              <code id="630">      (void) fprintf (f, "\\+");</code><br />
						
            
            <a class="navhash" href="#631">#</a>
						
              <code id="631">             ^</code><br />
						
            
            <a class="navhash" href="#632">#</a>
						<span class="error">
              <code id="632">cmds.c:2156:8: error: unknown type name 'time_t'</code><br />
						</span>
            
            <a class="navhash" href="#633">#</a>
						
              <code id="633">        time_t v = (time_t) ((*pp)->v);</code><br />
						
            
            <a class="navhash" href="#634">#</a>
						
              <code id="634">        ^</code><br />
						
            
            <a class="navhash" href="#635">#</a>
						
              <code id="635">cmds.c:2156:20: error: 'time_t' undeclared (first use in this function)</code><br />
						
            
            <a class="navhash" href="#636">#</a>
						
              <code id="636">        time_t v = (time_t) ((*pp)->v);</code><br />
						
            
            <a class="navhash" href="#637">#</a>
						
              <code id="637">                    ^</code><br />
						
            
            <a class="navhash" href="#638">#</a>
						
              <code id="638">cmds.c:2157:8: warning: incompatible implicit declaration of built-in function 'strftime' [enabled by default]</code><br />
						
            
            <a class="navhash" href="#639">#</a>
						
              <code id="639">        strftime(field, sizeof(field), ((*pp)->format)+1,</code><br />
						
            
            <a class="navhash" href="#640">#</a>
						
              <code id="640">        ^</code><br />
						
            
            <a class="navhash" href="#641">#</a>
						
              <code id="641">cmds.c:2158:9: warning: passing argument 4 of 'strftime' makes pointer from integer without a cast [enabled by default]</code><br />
						
            
            <a class="navhash" href="#642">#</a>
						
              <code id="642">         localtime(&v));</code><br />
						
            
            <a class="navhash" href="#643">#</a>
						
              <code id="643">         ^</code><br />
						
            
            <a class="navhash" href="#644">#</a>
						
              <code id="644">cmds.c:2158:9: note: expected 'const void *' but argument is of type 'int'</code><br />
						
            
            <a class="navhash" href="#645">#</a>
						
              <code id="645">cmds.c:2199:12: warning: incompatible implicit declaration of built-in function 'fprintf' [enabled by default]</code><br />
						
            
            <a class="navhash" href="#646">#</a>
						
              <code id="646">     (void) fprintf (f,".TE\n.\\\" ** end of %s spreadsheet output\n", progname);</code><br />
						
            
            <a class="navhash" href="#647">#</a>
						
              <code id="647">            ^</code><br />
						
            
            <a class="navhash" href="#648">#</a>
						
              <code id="648">cmds.c: At top level:</code><br />
						
            
            <a class="navhash" href="#649">#</a>
						<span class="error">
              <code id="649">cmds.c:2221:11: error: unknown type name 'FILE'</code><br />
						</span>
            
            <a class="navhash" href="#650">#</a>
						
              <code id="650"> unspecial(FILE *f, char *str, int delim)</code><br />
						
            
            <a class="navhash" href="#651">#</a>
						
              <code id="651">           ^</code><br />
						
            
            <a class="navhash" href="#652">#</a>
						
              <code id="652">cmds.c: In function 'copye':</code><br />
						
            
            <a class="navhash" href="#653">#</a>
						
              <code id="653">cmds.c:2348:35: warning: incompatible implicit declaration of built-in function 'strlen' [enabled by default]</code><br />
						
            
            <a class="navhash" href="#654">#</a>
						
              <code id="654">   ret->e.s = scxmalloc((unsigned) strlen(e->e.s)+1);</code><br />
						
            
            <a class="navhash" href="#655">#</a>
						
              <code id="655">                                   ^</code><br />
						
            
            <a class="navhash" href="#656">#</a>
						
              <code id="656">cmds.c:2349:10: warning: incompatible implicit declaration of built-in function 'strcpy' [enabled by default]</code><br />
						
            
            <a class="navhash" href="#657">#</a>
						
              <code id="657">   (void) strcpy(ret->e.s, e->e.s);</code><br />
						
            
            <a class="navhash" href="#658">#</a>
						
              <code id="658">          ^</code><br />
						
            
            <a class="navhash" href="#659">#</a>
						
              <code id="659">In file included from cmds.c:31:0:</code><br />
						
            
            <a class="navhash" href="#660">#</a>
						
              <code id="660">cmds.c: In function 'hiderow':</code><br />
						
            
            <a class="navhash" href="#661">#</a>
						
              <code id="661">sc.h:46:30: error: 'stdout' undeclared (first use in this function)</code><br />
						
            
            <a class="navhash" href="#662">#</a>
						
              <code id="662"> # define error isatty(fileno(stdout)) && !move(1,0) && !clrtoeol() && printw</code><br />
						
            
            <a class="navhash" href="#663">#</a>
						
              <code id="663">                              ^</code><br />
						
            
            <a class="navhash" href="#664">#</a>
						
              <code id="664">cmds.c:2438:2: note: in expansion of macro 'error'</code><br />
						
            
            <a class="navhash" href="#665">#</a>
						
              <code id="665">  error("Invalid range");</code><br />
						
            
            <a class="navhash" href="#666">#</a>
						
              <code id="666">  ^</code><br />
						
            
            <a class="navhash" href="#667">#</a>
						
              <code id="667">cmds.c: In function 'hidecol':</code><br />
						
            
            <a class="navhash" href="#668">#</a>
						
              <code id="668">sc.h:46:30: error: 'stdout' undeclared (first use in this function)</code><br />
						
            
            <a class="navhash" href="#669">#</a>
						
              <code id="669"> # define error isatty(fileno(stdout)) && !move(1,0) && !clrtoeol() && printw</code><br />
						
            
            <a class="navhash" href="#670">#</a>
						
              <code id="670">                              ^</code><br />
						
            
            <a class="navhash" href="#671">#</a>
						
              <code id="671">cmds.c:2463:2: note: in expansion of macro 'error'</code><br />
						
            
            <a class="navhash" href="#672">#</a>
						
              <code id="672">  error ("Invalid range");</code><br />
						
            
            <a class="navhash" href="#673">#</a>
						
              <code id="673">  ^</code><br />
						
            
            <a class="navhash" href="#674">#</a>
						
              <code id="674">cmds.c: In function 'showrow':</code><br />
						
            
            <a class="navhash" href="#675">#</a>
						
              <code id="675">sc.h:46:30: error: 'stdout' undeclared (first use in this function)</code><br />
						
            
            <a class="navhash" href="#676">#</a>
						
              <code id="676"> # define error isatty(fileno(stdout)) && !move(1,0) && !clrtoeol() && printw</code><br />
						
            
            <a class="navhash" href="#677">#</a>
						
              <code id="677">                              ^</code><br />
						
            
            <a class="navhash" href="#678">#</a>
						
              <code id="678">cmds.c:2483:2: note: in expansion of macro 'error'</code><br />
						
            
            <a class="navhash" href="#679">#</a>
						
              <code id="679">  error ("Invalid range");</code><br />
						
            
            <a class="navhash" href="#680">#</a>
						
              <code id="680">  ^</code><br />
						
            
            <a class="navhash" href="#681">#</a>
						
              <code id="681">cmds.c: In function 'showcol':</code><br />
						
            
            <a class="navhash" href="#682">#</a>
						
              <code id="682">sc.h:46:30: error: 'stdout' undeclared (first use in this function)</code><br />
						
            
            <a class="navhash" href="#683">#</a>
						
              <code id="683"> # define error isatty(fileno(stdout)) && !move(1,0) && !clrtoeol() && printw</code><br />
						
            
            <a class="navhash" href="#684">#</a>
						
              <code id="684">                              ^</code><br />
						
            
            <a class="navhash" href="#685">#</a>
						
              <code id="685">cmds.c:2500:2: note: in expansion of macro 'error'</code><br />
						
            
            <a class="navhash" href="#686">#</a>
						
              <code id="686">  error ("Invalid range");</code><br />
						
            
            <a class="navhash" href="#687">#</a>
						
              <code id="687">  ^</code><br />
						
            
            <a class="navhash" href="#688">#</a>
						
              <code id="688">cmds.c: At top level:</code><br />
						
            
            <a class="navhash" href="#689">#</a>
						<span class="error">
              <code id="689">cmds.c:2513:1: error: unknown type name 'FILE'</code><br />
						</span>
            
            <a class="navhash" href="#690">#</a>
						
              <code id="690"> FILE *</code><br />
						
            
            <a class="navhash" href="#691">#</a>
						
              <code id="691"> ^</code><br />
						
            
            <a class="navhash" href="#692">#</a>
						
              <code id="692">cmds.c: In function 'openfile':</code><br />
						
            
            <a class="navhash" href="#693">#</a>
						<span class="error">
              <code id="693">cmds.c:2518:5: error: unknown type name 'FILE'</code><br />
						</span>
            
            <a class="navhash" href="#694">#</a>
						
              <code id="694">     FILE *f;</code><br />
						
            
            <a class="navhash" href="#695">#</a>
						
              <code id="695">     ^</code><br />
						
            
            <a class="navhash" href="#696">#</a>
						
              <code id="696">In file included from cmds.c:31:0:</code><br />
						
            
            <a class="navhash" href="#697">#</a>
						
              <code id="697">sc.h:46:30: error: 'stdout' undeclared (first use in this function)</code><br />
						
            
            <a class="navhash" href="#698">#</a>
						
              <code id="698"> # define error isatty(fileno(stdout)) && !move(1,0) && !clrtoeol() && printw</code><br />
						
            
            <a class="navhash" href="#699">#</a>
						
              <code id="699">                              ^</code><br />
						
            
            <a class="navhash" href="#700">#</a>
						
              <code id="700">cmds.c:2545:2: note: in expansion of macro 'error'</code><br />
						
            
            <a class="navhash" href="#701">#</a>
						
              <code id="701">  error("Can't make pipe to child");</code><br />
						
            
            <a class="navhash" href="#702">#</a>
						
              <code id="702">  ^</code><br />
						
            
            <a class="navhash" href="#703">#</a>
						
              <code id="703">cmds.c:2564:16: error: 'SIGINT' undeclared (first use in this function)</code><br />
						
            
            <a class="navhash" href="#704">#</a>
						
              <code id="704">  (void) signal(SIGINT, SIG_DFL); /* reset */</code><br />
						
            
            <a class="navhash" href="#705">#</a>
						
              <code id="705">                ^</code><br />
						
            
            <a class="navhash" href="#706">#</a>
						
              <code id="706">cmds.c:2564:24: error: 'SIG_DFL' undeclared (first use in this function)</code><br />
						
            
            <a class="navhash" href="#707">#</a>
						
              <code id="707">  (void) signal(SIGINT, SIG_DFL); /* reset */</code><br />
						
            
            <a class="navhash" href="#708">#</a>
						
              <code id="708">                        ^</code><br />
						
            
            <a class="navhash" href="#709">#</a>
						
              <code id="709">cmds.c:2565:9: warning: incompatible implicit declaration of built-in function 'execl' [enabled by default]</code><br />
						
            
            <a class="navhash" href="#710">#</a>
						
              <code id="710">  (void) execl("/bin/sh", "sh", "-c", efname, 0);</code><br />
						
            
            <a class="navhash" href="#711">#</a>
						
              <code id="711">         ^</code><br />
						
            
            <a class="navhash" href="#712">#</a>
						
              <code id="712">cmds.c:2566:2: warning: incompatible implicit declaration of built-in function 'exit' [enabled by default]</code><br />
						
            
            <a class="navhash" href="#713">#</a>
						
              <code id="713">  exit (-127);</code><br />
						
            
            <a class="navhash" href="#714">#</a>
						
              <code id="714">  ^</code><br />
						
            
            <a class="navhash" href="#715">#</a>
						
              <code id="715">cmds.c: At top level:</code><br />
						
            
            <a class="navhash" href="#716">#</a>
						<span class="error">
              <code id="716">cmds.c:2591:11: error: unknown type name 'FILE'</code><br />
						</span>
            
            <a class="navhash" href="#717">#</a>
						
              <code id="717"> closefile(FILE *f, int pid, int rfd)</code><br />
						
            
            <a class="navhash" href="#718">#</a>
						
              <code id="718">           ^</code><br />
						
            
            <a class="navhash" href="#719">#</a>
						
              <code id="719">In file included from cmds.c:31:0:</code><br />
						
            
            <a class="navhash" href="#720">#</a>
						
              <code id="720">cmds.c: In function 'copyent':</code><br />
						
            
            <a class="navhash" href="#721">#</a>
						
              <code id="721">sc.h:46:30: error: 'stdout' undeclared (first use in this function)</code><br />
						
            
            <a class="navhash" href="#722">#</a>
						
              <code id="722"> # define error isatty(fileno(stdout)) && !move(1,0) && !clrtoeol() && printw</code><br />
						
            
            <a class="navhash" href="#723">#</a>
						
              <code id="723">                              ^</code><br />
						
            
            <a class="navhash" href="#724">#</a>
						
              <code id="724">cmds.c:2644:2: note: in expansion of macro 'error'</code><br />
						
            
            <a class="navhash" href="#725">#</a>
						
              <code id="725">  error("internal error");</code><br />
						
            
            <a class="navhash" href="#726">#</a>
						
              <code id="726">  ^</code><br />
						
            
            <a class="navhash" href="#727">#</a>
						
              <code id="727">cmds.c:2662:39: warning: incompatible implicit declaration of built-in function 'strlen' [enabled by default]</code><br />
						
            
            <a class="navhash" href="#728">#</a>
						
              <code id="728">      n->label = scxmalloc((unsigned) (strlen(p->label) + 1));</code><br />
						
            
            <a class="navhash" href="#729">#</a>
						
              <code id="729">                                       ^</code><br />
						
            
            <a class="navhash" href="#730">#</a>
						
              <code id="730">cmds.c:2663:13: warning: incompatible implicit declaration of built-in function 'strcpy' [enabled by default]</code><br />
						
            
            <a class="navhash" href="#731">#</a>
						
              <code id="731">      (void) strcpy(n->label, p->label);</code><br />
						
            
            <a class="navhash" href="#732">#</a>
						
              <code id="732">             ^</code><br />
						
            
            <a class="navhash" href="#733">#</a>
						
              <code id="733">cmds.c:2675:43: warning: incompatible implicit declaration of built-in function 'strlen' [enabled by default]</code><br />
						
            
            <a class="navhash" href="#734">#</a>
						
              <code id="734">         n->format = scxmalloc((unsigned) (strlen(p->format) + 1));</code><br />
						
            
            <a class="navhash" href="#735">#</a>
						
              <code id="735">                                           ^</code><br />
						
            
            <a class="navhash" href="#736">#</a>
						
              <code id="736">cmds.c:2676:9: warning: incompatible implicit declaration of built-in function 'strcpy' [enabled by default]</code><br />
						
            
            <a class="navhash" href="#737">#</a>
						
              <code id="737">  (void) strcpy(n->format, p->format);</code><br />
						
            
            <a class="navhash" href="#738">#</a>
						
              <code id="738">         ^</code><br />
						
            
            <a class="navhash" href="#739">#</a>
						
              <code id="739">cmds.c: In function 'addplugin':</code><br />
						
            
            <a class="navhash" href="#740">#</a>
						
              <code id="740">cmds.c:2693:32: warning: incompatible implicit declaration of built-in function 'strlen' [enabled by default]</code><br />
						
            
            <a class="navhash" href="#741">#</a>
						
              <code id="741">     if (!plugin_exists(plugin, strlen(plugin), mesg)) {</code><br />
						
            
            <a class="navhash" href="#742">#</a>
						
              <code id="742">                                ^</code><br />
						
            
            <a class="navhash" href="#743">#</a>
						
              <code id="743">In file included from cmds.c:31:0:</code><br />
						
            
            <a class="navhash" href="#744">#</a>
						
              <code id="744">sc.h:46:30: error: 'stdout' undeclared (first use in this function)</code><br />
						
            
            <a class="navhash" href="#745">#</a>
						
              <code id="745"> # define error isatty(fileno(stdout)) && !move(1,0) && !clrtoeol() && printw</code><br />
						
            
            <a class="navhash" href="#746">#</a>
						
              <code id="746">                              ^</code><br />
						
            
            <a class="navhash" href="#747">#</a>
						
              <code id="747">cmds.c:2694:2: note: in expansion of macro 'error'</code><br />
						
            
            <a class="navhash" href="#748">#</a>
						
              <code id="748">  error("Cannot find plugin %s", plugin);</code><br />
						
            
            <a class="navhash" href="#749">#</a>
						
              <code id="749">  ^</code><br />
						
            
            <a class="navhash" href="#750">#</a>
						
              <code id="750">cmds.c:2707:5: warning: incompatible implicit declaration of built-in function 'strcpy' [enabled by default]</code><br />
						
            
            <a class="navhash" href="#751">#</a>
						
              <code id="751">     strcpy(fp->plugin, plugin);</code><br />
						
            
            <a class="navhash" href="#752">#</a>
						
              <code id="752">     ^</code><br />
						
            
            <a class="navhash" href="#753">#</a>
						
              <code id="753">cmds.c: At top level:</code><br />
						
            
            <a class="navhash" href="#754">#</a>
						<span class="error">
              <code id="754">cmds.c:2734:1: error: unknown type name 'FILE'</code><br />
						</span>
            
            <a class="navhash" href="#755">#</a>
						
              <code id="755"> write_fd(register FILE *f, int r0, int c0, int rn, int cn)</code><br />
						
            
            <a class="navhash" href="#756">#</a>
						
              <code id="756"> ^</code><br />
						
            
            <a class="navhash" href="#757">#</a>
						
              <code id="757">cmds.c: In function 'write_fd':</code><br />
						
            
            <a class="navhash" href="#758">#</a>
						
              <code id="758">cmds.c:2739:12: warning: incompatible implicit declaration of built-in function 'fprintf' [enabled by default]</code><br />
						
            
            <a class="navhash" href="#759">#</a>
						
              <code id="759">     (void) fprintf(f, "# This data file was generated by the Spreadsheet ");</code><br />
						
            
            <a class="navhash" href="#760">#</a>
						
              <code id="760">            ^</code><br />
						
            
            <a class="navhash" href="#761">#</a>
						
              <code id="761">cmds.c: At top level:</code><br />
						
            
            <a class="navhash" href="#762">#</a>
						<span class="error">
              <code id="762">cmds.c:2797:1: error: unknown type name 'FILE'</code><br />
						</span>
            
            <a class="navhash" href="#763">#</a>
						
              <code id="763"> write_cells(register FILE *f, int r0, int c0, int rn, int cn, int dr, int dc)</code><br />
						
            
            <a class="navhash" href="#764">#</a>
						
              <code id="764"> ^</code><br />
						
            
            <a class="navhash" href="#765">#</a>
						
              <code id="765">cmds.c: In function 'write_cells':</code><br />
						
            
            <a class="navhash" href="#766">#</a>
						
              <code id="766">cmds.c:2821:14: warning: incompatible implicit declaration of built-in function 'fprintf' [enabled by default]</code><br />
						
            
            <a class="navhash" href="#767">#</a>
						
              <code id="767">       (void) fprintf(f, "%s\n", line);</code><br />
						
            
            <a class="navhash" href="#768">#</a>
						
              <code id="768">              ^</code><br />
						
            
            <a class="navhash" href="#769">#</a>
						
              <code id="769">cmds.c:2825:19: warning: incompatible implicit declaration of built-in function 'strchr' [enabled by default]</code><br />
						
            
            <a class="navhash" href="#770">#</a>
						
              <code id="770">       dpointptr = strchr(line, dpoint);</code><br />
						
            
            <a class="navhash" href="#771">#</a>
						
              <code id="771">                   ^</code><br />
						
            
            <a class="navhash" href="#772">#</a>
						
              <code id="772">cmds.c:2828:14: warning: incompatible implicit declaration of built-in function 'fprintf' [enabled by default]</code><br />
						
            
            <a class="navhash" href="#773">#</a>
						
              <code id="773">       (void) fprintf(f, "%s\n", line);</code><br />
						
            
            <a class="navhash" href="#774">#</a>
						
              <code id="774">              ^</code><br />
						
            
            <a class="navhash" href="#775">#</a>
						
              <code id="775">cmds.c:2832:14: warning: incompatible implicit declaration of built-in function 'fprintf' [enabled by default]</code><br />
						
            
            <a class="navhash" href="#776">#</a>
						
              <code id="776">       (void) fprintf(f, "%s\n",line);</code><br />
						
            
            <a class="navhash" href="#777">#</a>
						
              <code id="777">              ^</code><br />
						
            
            <a class="navhash" href="#778">#</a>
						
              <code id="778">cmds.c: In function 'writefile':</code><br />
						
            
            <a class="navhash" href="#779">#</a>
						<span class="error">
              <code id="779">cmds.c:2848:5: error: unknown type name 'FILE'</code><br />
						</span>
            
            <a class="navhash" href="#780">#</a>
						
              <code id="780">     register FILE *f;</code><br />
						
            
            <a class="navhash" href="#781">#</a>
						
              <code id="781">     ^</code><br />
						
            
            <a class="navhash" href="#782">#</a>
						
              <code id="782">cmds.c:2859:14: warning: incompatible implicit declaration of built-in function 'strrchr' [enabled by default]</code><br />
						
            
            <a class="navhash" href="#783">#</a>
						
              <code id="783">     if ((p = strrchr(fname, '.'))) {</code><br />
						
            
            <a class="navhash" href="#784">#</a>
						
              <code id="784">              ^</code><br />
						
            
            <a class="navhash" href="#785">#</a>
						
              <code id="785">cmds.c:2861:33: warning: incompatible implicit declaration of built-in function 'strlen' [enabled by default]</code><br />
						
            
            <a class="navhash" href="#786">#</a>
						
              <code id="786">      if (!plugin_exists(plugin, strlen(plugin), save + 1)) {</code><br />
						
            
            <a class="navhash" href="#787">#</a>
						
              <code id="787">                                 ^</code><br />
						
            
            <a class="navhash" href="#788">#</a>
						
              <code id="788">In file included from cmds.c:31:0:</code><br />
						
            
            <a class="navhash" href="#789">#</a>
						
              <code id="789">sc.h:46:30: error: 'stdout' undeclared (first use in this function)</code><br />
						
            
            <a class="navhash" href="#790">#</a>
						
              <code id="790"> # define error isatty(fileno(stdout)) && !move(1,0) && !clrtoeol() && printw</code><br />
						
            
            <a class="navhash" href="#791">#</a>
						
              <code id="791">                              ^</code><br />
						
            
            <a class="navhash" href="#792">#</a>
						
              <code id="792">cmds.c:2862:3: note: in expansion of macro 'error'</code><br />
						
            
            <a class="navhash" href="#793">#</a>
						
              <code id="793">   error("plugin not found");</code><br />
						
            
            <a class="navhash" href="#794">#</a>
						
              <code id="794">   ^</code><br />
						
            
            <a class="navhash" href="#795">#</a>
						
              <code id="795">cmds.c:2870:6: warning: incompatible implicit declaration of built-in function 'sprintf' [enabled by default]</code><br />
						
            
            <a class="navhash" href="#796">#</a>
						
              <code id="796">      sprintf(save + strlen(save), " %s%d:", coltoa(c0), r0);</code><br />
						
            
            <a class="navhash" href="#797">#</a>
						
              <code id="797">      ^</code><br />
						
            
            <a class="navhash" href="#798">#</a>
						
              <code id="798">cmds.c:2886:13: error: 'STDOUT_FILENO' undeclared (first use in this function)</code><br />
						
            
            <a class="navhash" href="#799">#</a>
						
              <code id="799">  if (isatty(STDOUT_FILENO) || *curfile != '\0')</code><br />
						
            
            <a class="navhash" href="#800">#</a>
						
              <code id="800">             ^</code><br />
						
            
            <a class="navhash" href="#801">#</a>
						
              <code id="801">cmds.c:2898:26: error: '_PC_NAME_MAX' undeclared (first use in this function)</code><br />
						
            
            <a class="navhash" href="#802">#</a>
						
              <code id="802">  namelen = pathconf(".", _PC_NAME_MAX);</code><br />
						
            
            <a class="navhash" href="#803">#</a>
						
              <code id="803">                          ^</code><br />
						
            
            <a class="navhash" href="#804">#</a>
						
              <code id="804">cmds.c:2906:12: warning: incompatible implicit declaration of built-in function 'strcpy' [enabled by default]</code><br />
						
            
            <a class="navhash" href="#805">#</a>
						
              <code id="805">     (void) strcpy(tfname, fname);</code><br />
						
            
            <a class="navhash" href="#806">#</a>
						
              <code id="806">            ^</code><br />
						
            
            <a class="navhash" href="#807">#</a>
						
              <code id="807">cmds.c:2909:13: warning: incompatible implicit declaration of built-in function 'memmove' [enabled by default]</code><br />
						
            
            <a class="navhash" href="#808">#</a>
						
              <code id="808">      (void) memmove(tpp, tpp + 1, strlen(tpp));</code><br />
						
            
            <a class="navhash" href="#809">#</a>
						
              <code id="809">             ^</code><br />
						
            
            <a class="navhash" href="#810">#</a>
						
              <code id="810">cmds.c:2909:35: warning: incompatible implicit declaration of built-in function 'strlen' [enabled by default]</code><br />
						
            
            <a class="navhash" href="#811">#</a>
						
              <code id="811">      (void) memmove(tpp, tpp + 1, strlen(tpp));</code><br />
						
            
            <a class="navhash" href="#812">#</a>
						
              <code id="812">                                   ^</code><br />
						
            
            <a class="navhash" href="#813">#</a>
						
              <code id="813">cmds.c:2919:2: warning: incompatible implicit declaration of built-in function 'strcat' [enabled by default]</code><br />
						
            
            <a class="navhash" href="#814">#</a>
						
              <code id="814">  strcat(tfname, ".");</code><br />
						
            
            <a class="navhash" href="#815">#</a>
						
              <code id="815">  ^</code><br />
						
            
            <a class="navhash" href="#816">#</a>
						
              <code id="816">cmds.c:2950:6: warning: incompatible implicit declaration of built-in function 'fprintf' [enabled by default]</code><br />
						
            
            <a class="navhash" href="#817">#</a>
						
              <code id="817">      fprintf(stderr, "\nFile \"%s\" written", curfile);</code><br />
						
            
            <a class="navhash" href="#818">#</a>
						
              <code id="818">      ^</code><br />
						
            
            <a class="navhash" href="#819">#</a>
						
              <code id="819">cmds.c:2950:14: error: 'stderr' undeclared (first use in this function)</code><br />
						
            
            <a class="navhash" href="#820">#</a>
						
              <code id="820">      fprintf(stderr, "\nFile \"%s\" written", curfile);</code><br />
						
            
            <a class="navhash" href="#821">#</a>
						
              <code id="821">              ^</code><br />
						
            
            <a class="navhash" href="#822">#</a>
						
              <code id="822">cmds.c: In function 'readfile':</code><br />
						
            
            <a class="navhash" href="#823">#</a>
						<span class="error">
              <code id="823">cmds.c:2959:5: error: unknown type name 'FILE'</code><br />
						</span>
            
            <a class="navhash" href="#824">#</a>
						
              <code id="824">     register FILE *f;</code><br />
						
            
            <a class="navhash" href="#825">#</a>
						
              <code id="825">     ^</code><br />
						
            
            <a class="navhash" href="#826">#</a>
						
              <code id="826">cmds.c:2965:15: error: 'STDOUT_FILENO' undeclared (first use in this function)</code><br />
						
            
            <a class="navhash" href="#827">#</a>
						
              <code id="827">     int rfd = STDOUT_FILENO, savefd;</code><br />
						
            
            <a class="navhash" href="#828">#</a>
						
              <code id="828">               ^</code><br />
						
            
            <a class="navhash" href="#829">#</a>
						
              <code id="829">cmds.c:2971:15: warning: incompatible implicit declaration of built-in function 'strcpy' [enabled by default]</code><br />
						
            
            <a class="navhash" href="#830">#</a>
						
              <code id="830">        (void) strcpy(save, mdir);</code><br />
						
            
            <a class="navhash" href="#831">#</a>
						
              <code id="831">               ^</code><br />
						
            
            <a class="navhash" href="#832">#</a>
						
              <code id="832">cmds.c:2972:15: warning: incompatible implicit declaration of built-in function 'strcat' [enabled by default]</code><br />
						
            
            <a class="navhash" href="#833">#</a>
						
              <code id="833">        (void) strcat(save, fname);</code><br />
						
            
            <a class="navhash" href="#834">#</a>
						
              <code id="834">               ^</code><br />
						
            
            <a class="navhash" href="#835">#</a>
						
              <code id="835">cmds.c:2976:9: warning: incompatible implicit declaration of built-in function 'strcpy' [enabled by default]</code><br />
						
            
            <a class="navhash" href="#836">#</a>
						
              <code id="836">  (void) strcpy(save, fname);</code><br />
						
            
            <a class="navhash" href="#837">#</a>
						
              <code id="837">         ^</code><br />
						
            
            <a class="navhash" href="#838">#</a>
						
              <code id="838">cmds.c:2980:14: warning: incompatible implicit declaration of built-in function 'strrchr' [enabled by default]</code><br />
						
            
            <a class="navhash" href="#839">#</a>
						
              <code id="839">     if ((p = strrchr(fname, '.')) && (fname[0] != '|')) {  /* exclude macros */</code><br />
						
            
            <a class="navhash" href="#840">#</a>
						
              <code id="840">              ^</code><br />
						
            
            <a class="navhash" href="#841">#</a>
						
              <code id="841">cmds.c:2982:34: warning: incompatible implicit declaration of built-in function 'strlen' [enabled by default]</code><br />
						
            
            <a class="navhash" href="#842">#</a>
						
              <code id="842">      if (!(plugin_exists(plugin, strlen(plugin), save + 1))) {</code><br />
						
            
            <a class="navhash" href="#843">#</a>
						
              <code id="843">                                  ^</code><br />
						
            
            <a class="navhash" href="#844">#</a>
						
              <code id="844">In file included from cmds.c:31:0:</code><br />
						
            
            <a class="navhash" href="#845">#</a>
						
              <code id="845">sc.h:46:30: error: 'stdout' undeclared (first use in this function)</code><br />
						
            
            <a class="navhash" href="#846">#</a>
						
              <code id="846"> # define error isatty(fileno(stdout)) && !move(1,0) && !clrtoeol() && printw</code><br />
						
            
            <a class="navhash" href="#847">#</a>
						
              <code id="847">                              ^</code><br />
						
            
            <a class="navhash" href="#848">#</a>
						
              <code id="848">cmds.c:2983:3: note: in expansion of macro 'error'</code><br />
						
            
            <a class="navhash" href="#849">#</a>
						
              <code id="849">   error("plugin not found");</code><br />
						
            
            <a class="navhash" href="#850">#</a>
						
              <code id="850">   ^</code><br />
						
            
            <a class="navhash" href="#851">#</a>
						
              <code id="851">cmds.c:2991:6: warning: incompatible implicit declaration of built-in function 'sprintf' [enabled by default]</code><br />
						
            
            <a class="navhash" href="#852">#</a>
						
              <code id="852">      sprintf(save + strlen(save), " \"%s\"", fname);</code><br />
						
            
            <a class="navhash" href="#853">#</a>
						
              <code id="853">      ^</code><br />
						
            
            <a class="navhash" href="#854">#</a>
						
              <code id="854">cmds.c:3003:13: warning: incompatible implicit declaration of built-in function 'strcpy' [enabled by default]</code><br />
						
            
            <a class="navhash" href="#855">#</a>
						
              <code id="855">      (void) strcpy(curfile, p);</code><br />
						
            
            <a class="navhash" href="#856">#</a>
						
              <code id="856">             ^</code><br />
						
            
            <a class="navhash" href="#857">#</a>
						
              <code id="857">cmds.c:3027:6: error: 'stdin' undeclared (first use in this function)</code><br />
						
            
            <a class="navhash" href="#858">#</a>
						
              <code id="858">  f = stdin;</code><br />
						
            
            <a class="navhash" href="#859">#</a>
						
              <code id="859">      ^</code><br />
						
            
            <a class="navhash" href="#860">#</a>
						
              <code id="860">cmds.c:3040:3: warning: incompatible implicit declaration of built-in function 'fprintf' [enabled by default]</code><br />
						
            
            <a class="navhash" href="#861">#</a>
						
              <code id="861">   fprintf(stderr, "\nReading file \"%s\"", save);</code><br />
						
            
            <a class="navhash" href="#862">#</a>
						
              <code id="862">   ^</code><br />
						
            
            <a class="navhash" href="#863">#</a>
						
              <code id="863">cmds.c:3040:11: error: 'stderr' undeclared (first use in this function)</code><br />
						
            
            <a class="navhash" href="#864">#</a>
						
              <code id="864">   fprintf(stderr, "\nReading file \"%s\"", save);</code><br />
						
            
            <a class="navhash" href="#865">#</a>
						
              <code id="865">           ^</code><br />
						
            
            <a class="navhash" href="#866">#</a>
						
              <code id="866">cmds.c:3075:9: warning: incompatible implicit declaration of built-in function 'strcpy' [enabled by default]</code><br />
						
            
            <a class="navhash" href="#867">#</a>
						
              <code id="867">  (void) strcpy(curfile, save);</code><br />
						
            
            <a class="navhash" href="#868">#</a>
						
              <code id="868">         ^</code><br />
						
            
            <a class="navhash" href="#869">#</a>
						
              <code id="869">cmds.c: In function 'erasedb':</code><br />
						
            
            <a class="navhash" href="#870">#</a>
						
              <code id="870">cmds.c:3159:15: warning: assignment makes pointer from integer without a cast [enabled by default]</code><br />
						
            
            <a class="navhash" href="#871">#</a>
						
              <code id="871">     if ((home = getenv("HOME"))) {</code><br />
						
            
            <a class="navhash" href="#872">#</a>
						
              <code id="872">               ^</code><br />
						
            
            <a class="navhash" href="#873">#</a>
						
              <code id="873">cmds.c:3160:2: warning: incompatible implicit declaration of built-in function 'strcpy' [enabled by default]</code><br />
						
            
            <a class="navhash" href="#874">#</a>
						
              <code id="874">  strcpy(curfile, home);</code><br />
						
            
            <a class="navhash" href="#875">#</a>
						
              <code id="875">  ^</code><br />
						
            
            <a class="navhash" href="#876">#</a>
						
              <code id="876">cmds.c:3161:2: warning: incompatible implicit declaration of built-in function 'strcat' [enabled by default]</code><br />
						
            
            <a class="navhash" href="#877">#</a>
						
              <code id="877">  strcat(curfile, "/.scrc");</code><br />
						
            
            <a class="navhash" href="#878">#</a>
						
              <code id="878">  ^</code><br />
						
            
            <a class="navhash" href="#879">#</a>
						
              <code id="879">cmds.c:3162:25: error: 'O_RDONLY' undeclared (first use in this function)</code><br />
						
            
            <a class="navhash" href="#880">#</a>
						
              <code id="880">  if ((c = open(curfile, O_RDONLY)) > -1) {</code><br />
						
            
            <a class="navhash" href="#881">#</a>
						
              <code id="881">                         ^</code><br />
						
            
            <a class="navhash" href="#882">#</a>
						
              <code id="882">In file included from cmds.c:31:0:</code><br />
						
            
            <a class="navhash" href="#883">#</a>
						
              <code id="883">cmds.c: In function 'backcol':</code><br />
						
            
            <a class="navhash" href="#884">#</a>
						
              <code id="884">sc.h:46:30: error: 'stdout' undeclared (first use in this function)</code><br />
						
            
            <a class="navhash" href="#885">#</a>
						
              <code id="885"> # define error isatty(fileno(stdout)) && !move(1,0) && !clrtoeol() && printw</code><br />
						
            
            <a class="navhash" href="#886">#</a>
						
              <code id="886">                              ^</code><br />
						
            
            <a class="navhash" href="#887">#</a>
						
              <code id="887">cmds.c:3190:7: note: in expansion of macro 'error'</code><br />
						
            
            <a class="navhash" href="#888">#</a>
						
              <code id="888">      {error ("At column A"); break;}</code><br />
						
            
            <a class="navhash" href="#889">#</a>
						
              <code id="889">       ^</code><br />
						
            
            <a class="navhash" href="#890">#</a>
						
              <code id="890">cmds.c: In function 'backrow':</code><br />
						
            
            <a class="navhash" href="#891">#</a>
						
              <code id="891">sc.h:46:30: error: 'stdout' undeclared (first use in this function)</code><br />
						
            
            <a class="navhash" href="#892">#</a>
						
              <code id="892"> # define error isatty(fileno(stdout)) && !move(1,0) && !clrtoeol() && printw</code><br />
						
            
            <a class="navhash" href="#893">#</a>
						
              <code id="893">                              ^</code><br />
						
            
            <a class="navhash" href="#894">#</a>
						
              <code id="894">cmds.c:3244:7: note: in expansion of macro 'error'</code><br />
						
            
            <a class="navhash" href="#895">#</a>
						
              <code id="895">      {error("At row zero"); break;}</code><br />
						
            
            <a class="navhash" href="#896">#</a>
						
              <code id="896">       ^</code><br />
						
            
            <a class="navhash" href="#897">#</a>
						
              <code id="897">cmds.c: In function 'markcell':</code><br />
						
            
            <a class="navhash" href="#898">#</a>
						
              <code id="898">sc.h:46:30: error: 'stdout' undeclared (first use in this function)</code><br />
						
            
            <a class="navhash" href="#899">#</a>
						
              <code id="899"> # define error isatty(fileno(stdout)) && !move(1,0) && !clrtoeol() && printw</code><br />
						
            
            <a class="navhash" href="#900">#</a>
						
              <code id="900">                              ^</code><br />
						
            
            <a class="navhash" href="#901">#</a>
						
              <code id="901">cmds.c:3257:5: note: in expansion of macro 'error'</code><br />
						
            
            <a class="navhash" href="#902">#</a>
						
              <code id="902">     error("Mark cell:");</code><br />
						
            
            <a class="navhash" href="#903">#</a>
						
              <code id="903">     ^</code><br />
						
            
            <a class="navhash" href="#904">#</a>
						
              <code id="904">cmds.c: In function 'dotick':</code><br />
						
            
            <a class="navhash" href="#905">#</a>
						
              <code id="905">sc.h:46:30: error: 'stdout' undeclared (first use in this function)</code><br />
						
            
            <a class="navhash" href="#906">#</a>
						
              <code id="906"> # define error isatty(fileno(stdout)) && !move(1,0) && !clrtoeol() && printw</code><br />
						
            
            <a class="navhash" href="#907">#</a>
						
              <code id="907">                              ^</code><br />
						
            
            <a class="navhash" href="#908">#</a>
						
              <code id="908">cmds.c:3280:5: note: in expansion of macro 'error'</code><br />
						
            
            <a class="navhash" href="#909">#</a>
						
              <code id="909">     error("Go to marked cell:");</code><br />
						
            
            <a class="navhash" href="#910">#</a>
						
              <code id="910">     ^</code><br />
						
            
            <a class="navhash" href="#911">#</a>
						
              <code id="911">cmds.c: In function 'gotonote':</code><br />
						
            
            <a class="navhash" href="#912">#</a>
						
              <code id="912">sc.h:46:30: error: 'stdout' undeclared (first use in this function)</code><br />
						
            
            <a class="navhash" href="#913">#</a>
						
              <code id="913"> # define error isatty(fileno(stdout)) && !move(1,0) && !clrtoeol() && printw</code><br />
						
            
            <a class="navhash" href="#914">#</a>
						
              <code id="914">                              ^</code><br />
						
            
            <a class="navhash" href="#915">#</a>
						
              <code id="915">cmds.c:3319:2: note: in expansion of macro 'error'</code><br />
						
            
            <a class="navhash" href="#916">#</a>
						
              <code id="916">  error("No note attached");</code><br />
						
            
            <a class="navhash" href="#917">#</a>
						
              <code id="917">  ^</code><br />
						
            
            <a class="navhash" href="#918">#</a>
						
              <code id="918">cmds.c: In function 'showstring':</code><br />
						
            
            <a class="navhash" href="#919">#</a>
						
              <code id="919">cmds.c:3357:12: warning: incompatible implicit declaration of built-in function 'strlen' [enabled by default]</code><br />
						
            
            <a class="navhash" href="#920">#</a>
						
              <code id="920">     slen = strlen(string);</code><br />
						
            
            <a class="navhash" href="#921">#</a>
						
              <code id="921">            ^</code><br />
						
            
            <a class="navhash" href="#922">#</a>
						
              <code id="922">cmds.c:3366:40: error: 'COLS' undeclared (first use in this function)</code><br />
						
            
            <a class="navhash" href="#923">#</a>
						
              <code id="923">      c + fieldlen + fwidth[nextcol] >= COLS - 1 - frcols &&</code><br />
						
            
            <a class="navhash" href="#924">#</a>
						
              <code id="924">                                        ^</code><br />
						
            
            <a class="navhash" href="#925">#</a>
						
              <code id="925">cmds.c:3423:6: warning: incompatible implicit declaration of built-in function 'memmove' [enabled by default]</code><br />
						
            
            <a class="navhash" href="#926">#</a>
						
              <code id="926">      memmove(fp, fp + 1, strlen(fp));</code><br />
						
            
            <a class="navhash" href="#927">#</a>
						
              <code id="927">      ^</code><br />
						
            
            <a class="navhash" href="#928">#</a>
						
              <code id="928">cmds.c: At top level:</code><br />
						
            
            <a class="navhash" href="#929">#</a>
						
              <code id="929">cmds.c:3489:17: error: no include path in which to search for pwd.h</code><br />
						
            
            <a class="navhash" href="#930">#</a>
						
              <code id="930"> #include <pwd.h></code><br />
						
            
            <a class="navhash" href="#931">#</a>
						
              <code id="931">                 ^</code><br />
						
            
            <a class="navhash" href="#932">#</a>
						
              <code id="932">cmds.c: In function 'findhome':</code><br />
						
            
            <a class="navhash" href="#933">#</a>
						
              <code id="933">cmds.c:3501:14: warning: assignment makes pointer from integer without a cast [enabled by default]</code><br />
						
            
            <a class="navhash" href="#934">#</a>
						
              <code id="934">      HomeDir = getenv("HOME");</code><br />
						
            
            <a class="navhash" href="#935">#</a>
						
              <code id="935">              ^</code><br />
						
            
            <a class="navhash" href="#936">#</a>
						
              <code id="936">cmds.c:3507:6: warning: incompatible implicit declaration of built-in function 'strcpy' [enabled by default]</code><br />
						
            
            <a class="navhash" href="#937">#</a>
						
              <code id="937">      strcpy(tmppath, HomeDir);</code><br />
						
            
            <a class="navhash" href="#938">#</a>
						
              <code id="938">      ^</code><br />
						
            
            <a class="navhash" href="#939">#</a>
						
              <code id="939">cmds.c:3518:17: warning: assignment makes pointer from integer without a cast [enabled by default]</code><br />
						
            
            <a class="navhash" href="#940">#</a>
						
              <code id="940">      if ((pwent = getpwnam(name)) == NULL) {</code><br />
						
            
            <a class="navhash" href="#941">#</a>
						
              <code id="941">                 ^</code><br />
						
            
            <a class="navhash" href="#942">#</a>
						
              <code id="942">cmds.c:3519:14: warning: incompatible implicit declaration of built-in function 'sprintf' [enabled by default]</code><br />
						
            
            <a class="navhash" href="#943">#</a>
						
              <code id="943">       (void) sprintf(path, "Can't find user %s", name);</code><br />
						
            
            <a class="navhash" href="#944">#</a>
						
              <code id="944">              ^</code><br />
						
            
            <a class="navhash" href="#945">#</a>
						
              <code id="945">cmds.c:3522:27: error: dereferencing pointer to incomplete type</code><br />
						
            
            <a class="navhash" href="#946">#</a>
						
              <code id="946">      strcpy(tmppath, pwent->pw_dir);</code><br />
						
            
            <a class="navhash" href="#947">#</a>
						
              <code id="947">                           ^</code><br />
						
            
            <a class="navhash" href="#948">#</a>
						
              <code id="948">cmds.c:3525:2: warning: incompatible implicit declaration of built-in function 'strcat' [enabled by default]</code><br />
						
            
            <a class="navhash" href="#949">#</a>
						
              <code id="949">  strcat(tmppath, pathptr);</code><br />
						
            
            <a class="navhash" href="#950">#</a>
						
              <code id="950">  ^</code><br />
						
            
            <a class="navhash" href="#951">#</a>
						
              <code id="951">cmds.c: At top level:</code><br />
						
            
            <a class="navhash" href="#952">#</a>
						
              <code id="952">cmds.c:3532:22: error: no include path in which to search for sys/stat.h</code><br />
						
            
            <a class="navhash" href="#953">#</a>
						
              <code id="953"> #include <sys/stat.h></code><br />
						
            
            <a class="navhash" href="#954">#</a>
						
              <code id="954">                      ^</code><br />
						
            
            <a class="navhash" href="#955">#</a>
						
              <code id="955">cmds.c: In function 'backup_file':</code><br />
						
            
            <a class="navhash" href="#956">#</a>
						
              <code id="956">cmds.c:3542:17: error: storage size of 'statbuf' isn't known</code><br />
						
            
            <a class="navhash" href="#957">#</a>
						
              <code id="957">     struct stat statbuf;</code><br />
						
            
            <a class="navhash" href="#958">#</a>
						
              <code id="958">                 ^</code><br />
						
            
            <a class="navhash" href="#959">#</a>
						
              <code id="959">cmds.c:3543:20: error: storage size of 'timebuf' isn't known</code><br />
						
            
            <a class="navhash" href="#960">#</a>
						
              <code id="960">     struct utimbuf timebuf;</code><br />
						
            
            <a class="navhash" href="#961">#</a>
						
              <code id="961">                    ^</code><br />
						
            
            <a class="navhash" href="#962">#</a>
						
              <code id="962">cmds.c:3550:14: error: 'BUFSIZ' undeclared (first use in this function)</code><br />
						
            
            <a class="navhash" href="#963">#</a>
						
              <code id="963">     char buf[BUFSIZ];</code><br />
						
            
            <a class="navhash" href="#964">#</a>
						
              <code id="964">              ^</code><br />
						
            
            <a class="navhash" href="#965">#</a>
						<span class="error">
              <code id="965">cmds.c:3555:5: error: unknown type name 'mode_t'</code><br />
						</span>
            
            <a class="navhash" href="#966">#</a>
						
              <code id="966">     mode_t oldumask;</code><br />
						
            
            <a class="navhash" href="#967">#</a>
						
              <code id="967">     ^</code><br />
						
            
            <a class="navhash" href="#968">#</a>
						
              <code id="968">cmds.c:3558:5: warning: incompatible implicit declaration of built-in function 'strcpy' [enabled by default]</code><br />
						
            
            <a class="navhash" href="#969">#</a>
						
              <code id="969">     strcpy(tpath, path);</code><br />
						
            
            <a class="navhash" href="#970">#</a>
						
              <code id="970">     ^</code><br />
						
            
            <a class="navhash" href="#971">#</a>
						
              <code id="971">cmds.c:3559:16: warning: incompatible implicit declaration of built-in function 'strrchr' [enabled by default]</code><br />
						
            
            <a class="navhash" href="#972">#</a>
						
              <code id="972">     if ((tpp = strrchr(tpath, '/')) == NULL)</code><br />
						
            
            <a class="navhash" href="#973">#</a>
						
              <code id="973">                ^</code><br />
						
            
            <a class="navhash" href="#974">#</a>
						
              <code id="974">cmds.c:3564:12: warning: incompatible implicit declaration of built-in function 'sprintf' [enabled by default]</code><br />
						
            
            <a class="navhash" href="#975">#</a>
						
              <code id="975">     (void) sprintf(tpp, "%s~", fname);</code><br />
						
            
            <a class="navhash" href="#976">#</a>
						
              <code id="976">            ^</code><br />
						
            
            <a class="navhash" href="#977">#</a>
						
              <code id="977">cmds.c:3578:25: error: 'O_RDONLY' undeclared (first use in this function)</code><br />
						
            
            <a class="navhash" href="#978">#</a>
						
              <code id="978">  if ((infd = open(path, O_RDONLY, 0)) < 0)</code><br />
						
            
            <a class="navhash" href="#979">#</a>
						
              <code id="979">                         ^</code><br />
						
            
            <a class="navhash" href="#980">#</a>
						
              <code id="980">cmds.c:3582:22: error: 'O_TRUNC' undeclared (first use in this function)</code><br />
						
            
            <a class="navhash" href="#981">#</a>
						
              <code id="981">  outfd = open(tpath, O_TRUNC|O_WRONLY|O_CREAT, statbuf.st_mode);</code><br />
						
            
            <a class="navhash" href="#982">#</a>
						
              <code id="982">                      ^</code><br />
						
            
            <a class="navhash" href="#983">#</a>
						
              <code id="983">cmds.c:3582:30: error: 'O_WRONLY' undeclared (first use in this function)</code><br />
						
            
            <a class="navhash" href="#984">#</a>
						
              <code id="984">  outfd = open(tpath, O_TRUNC|O_WRONLY|O_CREAT, statbuf.st_mode);</code><br />
						
            
            <a class="navhash" href="#985">#</a>
						
              <code id="985">                              ^</code><br />
						
            
            <a class="navhash" href="#986">#</a>
						
              <code id="986">cmds.c:3582:39: error: 'O_CREAT' undeclared (first use in this function)</code><br />
						
            
            <a class="navhash" href="#987">#</a>
						
              <code id="987">  outfd = open(tpath, O_TRUNC|O_WRONLY|O_CREAT, statbuf.st_mode);</code><br />
						
            
            <a class="navhash" href="#988">#</a>
						
              <code id="988">                                       ^</code><br />
						
            
            <a class="navhash" href="#989">#</a>
						
              <code id="989">cmds.c:3607:16: error: 'errno' undeclared (first use in this function)</code><br />
						
            
            <a class="navhash" href="#990">#</a>
						
              <code id="990">     } else if (errno == ENOENT)</code><br />
						
            
            <a class="navhash" href="#991">#</a>
						
              <code id="991">                ^</code><br />
						
            
            <a class="navhash" href="#992">#</a>
						
              <code id="992">cmds.c:3607:25: error: 'ENOENT' undeclared (first use in this function)</code><br />
						
            
            <a class="navhash" href="#993">#</a>
						
              <code id="993">     } else if (errno == ENOENT)</code><br />
						
            
            <a class="navhash" href="#994">#</a>
						
              <code id="994">                         ^</code><br />
						
            
            <a class="navhash" href="#995">#</a>
						
              <code id="995">make: *** [Makefile:406: cmds.o] Error 1</code><br />
						
            
            <a class="navhash" href="#996">#</a>
						
              <code id="996">==> ERROR: A failure occurred in build().</code><br />
						
            
            <a class="navhash" href="#997">#</a>
						
              <code id="997">    Aborting...</code><br />
						
            
          </div>
        
      </div>
      <br />
    
  </body>
</html>