<!DOCTYPE html>
<html>
<!-- Jinja template for reports of individual builds

  Copyright 2016 Kareem Khazem. All Rights Reserved.
  Licensed under the Apache License, Version 2.0 (the "License");
  you may not use this file except in compliance with the License.
  You may obtain a copy of the License at

 		 http://www.apache.org/licenses/LICENSE-2.0

  Unless required by applicable law or agreed to in writing, software
  distributed under the License is distributed on an "AS IS" BASIS,
  WITHOUT WARRANTIES OR CONDITIONS OF ANY KIND, either express or
  implied.
  See the License for the specific language governing permissions and
  limitations under the License.
-->
  <head>
    <meta charset="UTF-8">
    <title>android/tetrinet</title>
    <link href='https://fonts.googleapis.com/css?family=Roboto:400,900'
          rel='stylesheet' type='text/css'>
    <link
    href='https://fonts.googleapis.com/css?family=Source+Code+Pro:400,700'
          rel='stylesheet' type='text/css'>
    <link href="../style.css" type="text/css" rel="stylesheet">
  </head>
  <body>
    <h1>Build of tetrinet
        with <a href="../index.html">android</a>
        toolchain</h1>
    <p>The build took 00h 00m 59s and was
    NOT successful.</p>
    <p>
    The program in this build is written in the following languages,
    according to <a
    href="http://www.dwheeler.com/sloccount/">sloccount</a>:
    </p>
    <table>
      <tr><th>SLOC</th><th>Language</th></tr>
      
      <tr><td class="loc"><code>4,203</code></td>
          <td class="lang">ansic</td></tr>
      <tr><td class="loc"><code>22</code></td>
          <td class="lang">makefile</td></tr>
      <tr><td><code>4,225</code></td>
          <td><em>total</em></td></tr>
    </table>
    <p>
      The process tree of the build process is <a
      href="tetrinet-tree.html">here</a>.
    </p>
    
    
    
    
    
    <h2>List of Errors</h2>
    <ul>
      
      <li>unknown_type
        <ul>
          
          <li><a href="#147">sockets.c:21:1: error: unknown type name 'FILE'</a></li>
          
          <li><a href="#250">sockets.c:118:5: error: unknown type name 'va_list'</a></li>
          
          <li><a href="#625">tty.c:44:5: error: unknown type name 'fd_set'</a></li>
          
          <li><a href="#702">tty.c:133:5: error: unknown type name 'WINDOW'</a></li>
          
          <li><a href="#705">tty.c:143:1: error: unknown type name 'WINDOW'</a></li>
          
        </ul>
      </li>
      
    </ul>
    
    
    <h2>Log</h2>
    <p>
    To avoid scrolling, you may jump to the <a
    href="#1401">last line</a> of the
    invocation of <code>makepkg</code> that was used to build this
    package.
    </p>
    
    
      <div class="block">
        <div class="info">
          <code>Removed vanilla repositories from pacman.conf and added:</code>
        </div>
        
          <div class="output">
            
            <a class="navhash" href="#1">#</a>
						
              <code id="1">[tuscan]</code><br />
						
            
            <a class="navhash" href="#2">#</a>
						
              <code id="2">Server = file:///var/cache/pacman/pkg/</code><br />
						
            
          </div>
        
      </div>
      <br />
    
      <div class="block">
        <div class="command">
          <code><span class="prompt">CMD: </span>pacman -Syy --noconfirm</code>
        </div>
        
          <div class="output">
            
            <a class="navhash" href="#3">#</a>
						
              <code id="3">:: Synchronizing package databases...</code><br />
						
            
            <a class="navhash" href="#4">#</a>
						
              <code id="4">downloading tuscan.db...</code><br />
						
            
          </div>
        
      </div>
      <br />
    
      <div class="block">
        <div class="info">
          <code>Copied permanent toolchain into container-local sysroot</code>
        </div>
        
          <div class="output">
            
            <a class="navhash" href="#5">#</a>
						
              <code id="5">/toolchain_root/arm-linux-androideabi  -->  /sysroot/arm-linux-androideabi</code><br />
						
            
            <a class="navhash" href="#6">#</a>
						
              <code id="6">/toolchain_root/COPYING3.LIB  -->  /sysroot/COPYING3.LIB</code><br />
						
            
            <a class="navhash" href="#7">#</a>
						
              <code id="7">/toolchain_root/sysroot  -->  /sysroot/sysroot</code><br />
						
            
            <a class="navhash" href="#8">#</a>
						
              <code id="8">/toolchain_root/COPYING.RUNTIME  -->  /sysroot/COPYING.RUNTIME</code><br />
						
            
            <a class="navhash" href="#9">#</a>
						
              <code id="9">/toolchain_root/lib  -->  /sysroot/lib</code><br />
						
            
            <a class="navhash" href="#10">#</a>
						
              <code id="10">/toolchain_root/SOURCES  -->  /sysroot/SOURCES</code><br />
						
            
            <a class="navhash" href="#11">#</a>
						
              <code id="11">/toolchain_root/lib64  -->  /sysroot/lib64</code><br />
						
            
            <a class="navhash" href="#12">#</a>
						
              <code id="12">/toolchain_root/share  -->  /sysroot/share</code><br />
						
            
            <a class="navhash" href="#13">#</a>
						
              <code id="13">/toolchain_root/bin  -->  /sysroot/bin</code><br />
						
            
            <a class="navhash" href="#14">#</a>
						
              <code id="14">/toolchain_root/COPYING  -->  /sysroot/COPYING</code><br />
						
            
            <a class="navhash" href="#15">#</a>
						
              <code id="15">/toolchain_root/COPYING3  -->  /sysroot/COPYING3</code><br />
						
            
            <a class="navhash" href="#16">#</a>
						
              <code id="16">/toolchain_root/COPYING.LIB  -->  /sysroot/COPYING.LIB</code><br />
						
            
            <a class="navhash" href="#17">#</a>
						
              <code id="17">/toolchain_root/include  -->  /sysroot/include</code><br />
						
            
            <a class="navhash" href="#18">#</a>
						
              <code id="18">/toolchain_root/libexec  -->  /sysroot/libexec</code><br />
						
            
          </div>
        
      </div>
      <br />
    
      <div class="block">
        <div class="command">
          <code><span class="prompt">CMD: </span>sudo -u tuscan PATH=/sysroot/bin:/sysroot/libexec/gcc/arm-linux-androideabi/4.8:/usr/local/sbin:/usr/local/bin:/usr/sbin:/usr/bin:/sbin:/bin CC=arm-linux-androideabi-gcc CXX=arm-linux-androideabi-g++ red makepkg --noextract --syncdeps --skipinteg --skippgpcheck --skipchecksums --noconfirm --nocolor --log --noprogressbar --nocheck</code>
        </div>
        
          <div class="output">
            
            <a class="navhash" href="#19">#</a>
						
              <code id="19">==> Making package: tetrinet 0.11-7 (Tue Apr  4 20:56:00 UTC 2017)</code><br />
						
            
            <a class="navhash" href="#20">#</a>
						
              <code id="20">==> Checking runtime dependencies...</code><br />
						
            
            <a class="navhash" href="#21">#</a>
						
              <code id="21">==> Checking buildtime dependencies...</code><br />
						
            
            <a class="navhash" href="#22">#</a>
						
              <code id="22">==> WARNING: Using existing $srcdir/ tree</code><br />
						
            
            <a class="navhash" href="#23">#</a>
						
              <code id="23">==> Starting build()...</code><br />
						
            
            <a class="navhash" href="#24">#</a>
						
              <code id="24">cc -O2 -I/usr/include/ncurses -DHAVE_IPV6 -g -Wall -c sockets.c</code><br />
						
            
            <a class="navhash" href="#25">#</a>
						
              <code id="25">cc -O2 -I/usr/include/ncurses -DHAVE_IPV6 -g -Wall -c tetrinet.c</code><br />
						
            
            <a class="navhash" href="#26">#</a>
						
              <code id="26">cc -O2 -I/usr/include/ncurses -DHAVE_IPV6 -g -Wall -c tetris.c</code><br />
						
            
            <a class="navhash" href="#27">#</a>
						
              <code id="27">cc -O2 -I/usr/include/ncurses -DHAVE_IPV6 -g -Wall -c tty.c</code><br />
						
            
            <a class="navhash" href="#28">#</a>
						
              <code id="28">cc1: error: no include path in which to search for stdc-predef.h</code><br />
						
            
            <a class="navhash" href="#29">#</a>
						
              <code id="29">tetrinet.c:9:19: error: no include path in which to search for stdio.h</code><br />
						
            
            <a class="navhash" href="#30">#</a>
						
              <code id="30"> #include <stdio.h></code><br />
						
            
            <a class="navhash" href="#31">#</a>
						
              <code id="31">                   ^</code><br />
						
            
            <a class="navhash" href="#32">#</a>
						
              <code id="32">tetrinet.c:10:20: error: no include path in which to search for stdlib.h</code><br />
						
            
            <a class="navhash" href="#33">#</a>
						
              <code id="33"> #include <stdlib.h></code><br />
						
            
            <a class="navhash" href="#34">#</a>
						
              <code id="34">                    ^</code><br />
						
            
            <a class="navhash" href="#35">#</a>
						
              <code id="35">tetrinet.c:11:20: error: no include path in which to search for string.h</code><br />
						
            
            <a class="navhash" href="#36">#</a>
						
              <code id="36"> #include <string.h></code><br />
						
            
            <a class="navhash" href="#37">#</a>
						
              <code id="37">                    ^</code><br />
						
            
            <a class="navhash" href="#38">#</a>
						
              <code id="38">tetrinet.c:12:18: error: no include path in which to search for time.h</code><br />
						
            
            <a class="navhash" href="#39">#</a>
						
              <code id="39"> #include <time.h></code><br />
						
            
            <a class="navhash" href="#40">#</a>
						
              <code id="40">                  ^</code><br />
						
            
            <a class="navhash" href="#41">#</a>
						
              <code id="41">tetrinet.c:13:19: error: no include path in which to search for errno.h</code><br />
						
            
            <a class="navhash" href="#42">#</a>
						
              <code id="42"> #include <errno.h></code><br />
						
            
            <a class="navhash" href="#43">#</a>
						
              <code id="43">                   ^</code><br />
						
            
            <a class="navhash" href="#44">#</a>
						
              <code id="44">In file included from tetrinet.c:14:0:</code><br />
						
            
            <a class="navhash" href="#45">#</a>
						
              <code id="45">tetrinet.h:77:12: warning: built-in function 'log' declared as non-function [enabled by default]</code><br />
						
            
            <a class="navhash" href="#46">#</a>
						
              <code id="46"> extern int log;</code><br />
						
            
            <a class="navhash" href="#47">#</a>
						
              <code id="47">            ^</code><br />
						
            
            <a class="navhash" href="#48">#</a>
						
              <code id="48">tetrinet.c: In function 'parse':</code><br />
						
            
            <a class="navhash" href="#49">#</a>
						
              <code id="49">tetrinet.c:59:5: warning: implicit declaration of function 'strtok' [-Wimplicit-function-declaration]</code><br />
						
            
            <a class="navhash" href="#50">#</a>
						
              <code id="50">     cmd = strtok(buf, " ");</code><br />
						
            
            <a class="navhash" href="#51">#</a>
						
              <code id="51">     ^</code><br />
						
            
            <a class="navhash" href="#52">#</a>
						
              <code id="52">tetrinet.c:59:9: warning: assignment makes pointer from integer without a cast [enabled by default]</code><br />
						
            
            <a class="navhash" href="#53">#</a>
						
              <code id="53">     cmd = strtok(buf, " ");</code><br />
						
            
            <a class="navhash" href="#54">#</a>
						
              <code id="54">         ^</code><br />
						
            
            <a class="navhash" href="#55">#</a>
						
              <code id="55">tetrinet.c:64:5: warning: implicit declaration of function 'strcmp' [-Wimplicit-function-declaration]</code><br />
						
            
            <a class="navhash" href="#56">#</a>
						
              <code id="56">     } else if (strcmp(cmd, "noconnecting") == 0) {</code><br />
						
            
            <a class="navhash" href="#57">#</a>
						
              <code id="57">     ^</code><br />
						
            
            <a class="navhash" href="#58">#</a>
						
              <code id="58">tetrinet.c:65:13: error: 'NULL' undeclared (first use in this function)</code><br />
						
            
            <a class="navhash" href="#59">#</a>
						
              <code id="59">  s = strtok(NULL, "");</code><br />
						
            
            <a class="navhash" href="#60">#</a>
						
              <code id="60">             ^</code><br />
						
            
            <a class="navhash" href="#61">#</a>
						
              <code id="61">tetrinet.c:65:13: note: each undeclared identifier is reported only once for each function it appears in</code><br />
						
            
            <a class="navhash" href="#62">#</a>
						
              <code id="62">tetrinet.c:69:2: warning: implicit declaration of function 'fprintf' [-Wimplicit-function-declaration]</code><br />
						
            
            <a class="navhash" href="#63">#</a>
						
              <code id="63">  fprintf(stderr, "Server error: %s\n", s);</code><br />
						
            
            <a class="navhash" href="#64">#</a>
						
              <code id="64">  ^</code><br />
						
            
            <a class="navhash" href="#65">#</a>
						
              <code id="65">tetrinet.c:69:2: warning: incompatible implicit declaration of built-in function 'fprintf' [enabled by default]</code><br />
						
            
            <a class="navhash" href="#66">#</a>
						
              <code id="66">tetrinet.c:69:10: error: 'stderr' undeclared (first use in this function)</code><br />
						
            
            <a class="navhash" href="#67">#</a>
						
              <code id="67">  fprintf(stderr, "Server error: %s\n", s);</code><br />
						
            
            <a class="navhash" href="#68">#</a>
						
              <code id="68">          ^</code><br />
						
            
            <a class="navhash" href="#69">#</a>
						
              <code id="69">cc1: error: no include path in which to search for stdc-predef.h</code><br />
						
            
            <a class="navhash" href="#70">#</a>
						
              <code id="70">tetrinet.c:70:2: warning: implicit declaration of function 'exit' [-Wimplicit-function-declaration]</code><br />
						
            
            <a class="navhash" href="#71">#</a>
						
              <code id="71">  exit(1);</code><br />
						
            
            <a class="navhash" href="#72">#</a>
						
              <code id="72">  ^</code><br />
						
            
            <a class="navhash" href="#73">#</a>
						
              <code id="73">tetrinet.c:70:2: warning: incompatible implicit declaration of built-in function 'exit' [enabled by default]</code><br />
						
            
            <a class="navhash" href="#74">#</a>
						
              <code id="74">tetrinet.c:76:6: warning: implicit declaration of function 'strchr' [-Wimplicit-function-declaration]</code><br />
						
            
            <a class="navhash" href="#75">#</a>
						
              <code id="75">      t = strchr(s, ';');</code><br />
						
            
            <a class="navhash" href="#76">#</a>
						
              <code id="76">      ^</code><br />
						
            
            <a class="navhash" href="#77">#</a>
						
              <code id="77">tetrinet.c:76:10: warning: incompatible implicit declaration of built-in function 'strchr' [enabled by default]</code><br />
						
            
            <a class="navhash" href="#78">#</a>
						
              <code id="78">      t = strchr(s, ';');</code><br />
						
            
            <a class="navhash" href="#79">#</a>
						
              <code id="79">          ^</code><br />
						
            
            <a class="navhash" href="#80">#</a>
						
              <code id="80">sockets.c:7:20: error: no include path in which to search for stdarg.h</code><br />
						
            
            <a class="navhash" href="#81">#</a>
						
              <code id="81"> #include <stdarg.h></code><br />
						
            
            <a class="navhash" href="#82">#</a>
						
              <code id="82">                    ^</code><br />
						
            
            <a class="navhash" href="#83">#</a>
						
              <code id="83">sockets.c:8:19: error: no include path in which to search for stdio.h</code><br />
						
            
            <a class="navhash" href="#84">#</a>
						
              <code id="84"> #include <stdio.h></code><br />
						
            
            <a class="navhash" href="#85">#</a>
						
              <code id="85">                   ^</code><br />
						
            
            <a class="navhash" href="#86">#</a>
						
              <code id="86">sockets.c:9:20: error: no include path in which to search for stdlib.h</code><br />
						
            
            <a class="navhash" href="#87">#</a>
						
              <code id="87"> #include <stdlib.h></code><br />
						
            
            <a class="navhash" href="#88">#</a>
						
              <code id="88">                    ^</code><br />
						
            
            <a class="navhash" href="#89">#</a>
						
              <code id="89">sockets.c:10:19: error: no include path in which to search for errno.h</code><br />
						
            
            <a class="navhash" href="#90">#</a>
						
              <code id="90"> #include <errno.h></code><br />
						
            
            <a class="navhash" href="#91">#</a>
						
              <code id="91">                   ^</code><br />
						
            
            <a class="navhash" href="#92">#</a>
						
              <code id="92">sockets.c:11:23: error: no include path in which to search for sys/types.h</code><br />
						
            
            <a class="navhash" href="#93">#</a>
						
              <code id="93"> #include <sys/types.h></code><br />
						
            
            <a class="navhash" href="#94">#</a>
						
              <code id="94">                       ^</code><br />
						
            
            <a class="navhash" href="#95">#</a>
						
              <code id="95">sockets.c:12:19: error: no include path in which to search for netdb.h</code><br />
						
            
            <a class="navhash" href="#96">#</a>
						
              <code id="96"> #include <netdb.h></code><br />
						
            
            <a class="navhash" href="#97">#</a>
						
              <code id="97">                   ^</code><br />
						
            
            <a class="navhash" href="#98">#</a>
						
              <code id="98">tetrinet.c:85:6: warning: implicit declaration of function 'strncpy' [-Wimplicit-function-declaration]</code><br />
						
            
            <a class="navhash" href="#99">#</a>
						
              <code id="99">      strncpy(winlist[i].name, s, sizeof(winlist[i].name)-1);</code><br />
						
            
            <a class="navhash" href="#100">#</a>
						
              <code id="100">      ^</code><br />
						
            
            <a class="navhash" href="#101">#</a>
						
              <code id="101">sockets.c:13:24: error: no include path in which to search for netinet/in.h</code><br />
						
            
            <a class="navhash" href="#102">#</a>
						
              <code id="102"> #include <netinet/in.h></code><br />
						
            
            <a class="navhash" href="#103">#</a>
						
              <code id="103">                        ^</code><br />
						
            
            <a class="navhash" href="#104">#</a>
						
              <code id="104">tetrinet.c:85:6: warning: incompatible implicit declaration of built-in function 'strncpy' [enabled by default]</code><br />
						
            
            <a class="navhash" href="#105">#</a>
						
              <code id="105">sockets.c:14:24: error: no include path in which to search for sys/socket.h</code><br />
						
            
            <a class="navhash" href="#106">#</a>
						
              <code id="106"> #include <sys/socket.h></code><br />
						
            
            <a class="navhash" href="#107">#</a>
						
              <code id="107">                        ^</code><br />
						
            
            <a class="navhash" href="#108">#</a>
						
              <code id="108">sockets.c:15:22: error: no include path in which to search for sys/time.h</code><br />
						
            
            <a class="navhash" href="#109">#</a>
						
              <code id="109"> #include <sys/time.h></code><br />
						
            
            <a class="navhash" href="#110">#</a>
						
              <code id="110">                      ^</code><br />
						
            
            <a class="navhash" href="#111">#</a>
						
              <code id="111">sockets.c:16:20: error: no include path in which to search for unistd.h</code><br />
						
            
            <a class="navhash" href="#112">#</a>
						
              <code id="112"> #include <unistd.h></code><br />
						
            
            <a class="navhash" href="#113">#</a>
						
              <code id="113">                    ^</code><br />
						
            
            <a class="navhash" href="#114">#</a>
						
              <code id="114">sockets.c:17:20: error: no include path in which to search for string.h</code><br />
						
            
            <a class="navhash" href="#115">#</a>
						
              <code id="115"> #include <string.h></code><br />
						
            
            <a class="navhash" href="#116">#</a>
						
              <code id="116">                    ^</code><br />
						
            
            <a class="navhash" href="#117">#</a>
						
              <code id="117">tetrinet.c:87:6: warning: implicit declaration of function 'atoi' [-Wimplicit-function-declaration]</code><br />
						
            
            <a class="navhash" href="#118">#</a>
						
              <code id="118">      winlist[i].points = atoi(t);</code><br />
						
            
            <a class="navhash" href="#119">#</a>
						
              <code id="119">      ^</code><br />
						
            
            <a class="navhash" href="#120">#</a>
						
              <code id="120">tetrinet.c:102:2: warning: implicit declaration of function 'strdup' [-Wimplicit-function-declaration]</code><br />
						
            
            <a class="navhash" href="#121">#</a>
						
              <code id="121">  players[my_playernum-1] = strdup(my_nick);</code><br />
						
            
            <a class="navhash" href="#122">#</a>
						
              <code id="122">  ^</code><br />
						
            
            <a class="navhash" href="#123">#</a>
						
              <code id="123">tetrinet.c:102:28: warning: incompatible implicit declaration of built-in function 'strdup' [enabled by default]</code><br />
						
            
            <a class="navhash" href="#124">#</a>
						
              <code id="124">  players[my_playernum-1] = strdup(my_nick);</code><br />
						
            
            <a class="navhash" href="#125">#</a>
						
              <code id="125">                            ^</code><br />
						
            
            <a class="navhash" href="#126">#</a>
						
              <code id="126">tetrinet.c:115:20: warning: incompatible implicit declaration of built-in function 'strdup' [enabled by default]</code><br />
						
            
            <a class="navhash" href="#127">#</a>
						
              <code id="127">  players[player] = strdup(t);</code><br />
						
            
            <a class="navhash" href="#128">#</a>
						
              <code id="128">                    ^</code><br />
						
            
            <a class="navhash" href="#129">#</a>
						
              <code id="129">tetrinet.c:117:6: warning: implicit declaration of function 'free' [-Wimplicit-function-declaration]</code><br />
						
            
            <a class="navhash" href="#130">#</a>
						
              <code id="130">      free(teams[player]);</code><br />
						
            
            <a class="navhash" href="#131">#</a>
						
              <code id="131">      ^</code><br />
						
            
            <a class="navhash" href="#132">#</a>
						
              <code id="132">tetrinet.c:117:6: warning: incompatible implicit declaration of built-in function 'free' [enabled by default]</code><br />
						
            
            <a class="navhash" href="#133">#</a>
						
              <code id="133">tetrinet.c:120:2: warning: implicit declaration of function 'snprintf' [-Wimplicit-function-declaration]</code><br />
						
            
            <a class="navhash" href="#134">#</a>
						
              <code id="134">  snprintf(buf, sizeof(buf), "*** %s is Now Playing", t);</code><br />
						
            
            <a class="navhash" href="#135">#</a>
						
              <code id="135">  ^</code><br />
						
            
            <a class="navhash" href="#136">#</a>
						
              <code id="136">tetrinet.c:120:2: warning: incompatible implicit declaration of built-in function 'snprintf' [enabled by default]</code><br />
						
            
            <a class="navhash" href="#137">#</a>
						
              <code id="137">In file included from sockets.c:19:0:</code><br />
						
            
            <a class="navhash" href="#138">#</a>
						
              <code id="138">tetrinet.h:77:12: warning: built-in function 'log' declared as non-function [enabled by default]</code><br />
						
            
            <a class="navhash" href="#139">#</a>
						
              <code id="139"> extern int log;</code><br />
						
            
            <a class="navhash" href="#140">#</a>
						
              <code id="140">            ^</code><br />
						
            
            <a class="navhash" href="#141">#</a>
						
              <code id="141">tetrinet.c:135:2: warning: incompatible implicit declaration of built-in function 'snprintf' [enabled by default]</code><br />
						
            
            <a class="navhash" href="#142">#</a>
						
              <code id="142">  snprintf(buf, sizeof(buf), "*** %s has Left", players[player]);</code><br />
						
            
            <a class="navhash" href="#143">#</a>
						
              <code id="143">  ^</code><br />
						
            
            <a class="navhash" href="#144">#</a>
						
              <code id="144">tetrinet.c:137:2: warning: incompatible implicit declaration of built-in function 'free' [enabled by default]</code><br />
						
            
            <a class="navhash" href="#145">#</a>
						
              <code id="145">  free(players[player]);</code><br />
						
            
            <a class="navhash" href="#146">#</a>
						
              <code id="146">  ^</code><br />
						
            
            <a class="navhash" href="#147">#</a>
						<span class="error">
              <code id="147">sockets.c:21:1: error: unknown type name 'FILE'</code><br />
						</span>
            
            <a class="navhash" href="#148">#</a>
						
              <code id="148"> static FILE *logfile;</code><br />
						
            
            <a class="navhash" href="#149">#</a>
						
              <code id="149"> ^</code><br />
						
            
            <a class="navhash" href="#150">#</a>
						
              <code id="150">sockets.c:25:23: error: 'EOF' undeclared here (not in a function)</code><br />
						
            
            <a class="navhash" href="#151">#</a>
						
              <code id="151"> static int lastchar = EOF;</code><br />
						
            
            <a class="navhash" href="#152">#</a>
						
              <code id="152">                       ^</code><br />
						
            
            <a class="navhash" href="#153">#</a>
						
              <code id="153">sockets.c: In function 'sgetc':</code><br />
						
            
            <a class="navhash" href="#154">#</a>
						
              <code id="154">tetrinet.c:154:6: warning: incompatible implicit declaration of built-in function 'free' [enabled by default]</code><br />
						
            
            <a class="navhash" href="#155">#</a>
						
              <code id="155">      free(teams[player]);</code><br />
						
            
            <a class="navhash" href="#156">#</a>
						
              <code id="156">      ^</code><br />
						
            
            <a class="navhash" href="#157">#</a>
						
              <code id="157">sockets.c:37:5: warning: implicit declaration of function 'read' [-Wimplicit-function-declaration]</code><br />
						
            
            <a class="navhash" href="#158">#</a>
						
              <code id="158">     if (read(s, &ch, 1) != 1)</code><br />
						
            
            <a class="navhash" href="#159">#</a>
						
              <code id="159">     ^</code><br />
						
            
            <a class="navhash" href="#160">#</a>
						
              <code id="160">tetrinet.c:156:22: warning: incompatible implicit declaration of built-in function 'strdup' [enabled by default]</code><br />
						
            
            <a class="navhash" href="#161">#</a>
						
              <code id="161">      teams[player] = strdup(t);</code><br />
						
            
            <a class="navhash" href="#162">#</a>
						
              <code id="162">                      ^</code><br />
						
            
            <a class="navhash" href="#163">#</a>
						
              <code id="163">tetrinet.c:160:6: warning: incompatible implicit declaration of built-in function 'snprintf' [enabled by default]</code><br />
						
            
            <a class="navhash" href="#164">#</a>
						
              <code id="164">      snprintf(buf, sizeof(buf), "*** %s is Now on Team %s", players[player], t);</code><br />
						
            
            <a class="navhash" href="#165">#</a>
						
              <code id="165">      ^</code><br />
						
            
            <a class="navhash" href="#166">#</a>
						
              <code id="166">sockets.c: In function 'sgets':</code><br />
						
            
            <a class="navhash" href="#167">#</a>
						
              <code id="167">sockets.c:60:9: error: 'NULL' undeclared (first use in this function)</code><br />
						
            
            <a class="navhash" href="#168">#</a>
						
              <code id="168">  return NULL;</code><br />
						
            
            <a class="navhash" href="#169">#</a>
						
              <code id="169">         ^</code><br />
						
            
            <a class="navhash" href="#170">#</a>
						
              <code id="170">sockets.c:60:9: note: each undeclared identifier is reported only once for each function it appears in</code><br />
						
            
            <a class="navhash" href="#171">#</a>
						
              <code id="171">cc1: error: no include path in which to search for stdc-predef.h</code><br />
						
            
            <a class="navhash" href="#172">#</a>
						
              <code id="172">tetrinet.c:183:2: warning: incompatible implicit declaration of built-in function 'snprintf' [enabled by default]</code><br />
						
            
            <a class="navhash" href="#173">#</a>
						
              <code id="173">  snprintf(buf, sizeof(buf), "<%s> %s", name, t);</code><br />
						
            
            <a class="navhash" href="#174">#</a>
						
              <code id="174">  ^</code><br />
						
            
            <a class="navhash" href="#175">#</a>
						
              <code id="175">sockets.c:71:6: warning: implicit declaration of function 'fopen' [-Wimplicit-function-declaration]</code><br />
						
            
            <a class="navhash" href="#176">#</a>
						
              <code id="176">      logfile = fopen(logname, "a");</code><br />
						
            
            <a class="navhash" href="#177">#</a>
						
              <code id="177">      ^</code><br />
						
            
            <a class="navhash" href="#178">#</a>
						
              <code id="178">tetris.c:7:19: error: no include path in which to search for stdio.h</code><br />
						
            
            <a class="navhash" href="#179">#</a>
						
              <code id="179"> #include <stdio.h></code><br />
						
            
            <a class="navhash" href="#180">#</a>
						
              <code id="180">                   ^</code><br />
						
            
            <a class="navhash" href="#181">#</a>
						
              <code id="181">sockets.c:71:14: warning: assignment makes pointer from integer without a cast [enabled by default]</code><br />
						
            
            <a class="navhash" href="#182">#</a>
						
              <code id="182">      logfile = fopen(logname, "a");</code><br />
						
            
            <a class="navhash" href="#183">#</a>
						
              <code id="183">              ^</code><br />
						
            
            <a class="navhash" href="#184">#</a>
						
              <code id="184">tetris.c:8:20: error: no include path in which to search for stdlib.h</code><br />
						
            
            <a class="navhash" href="#185">#</a>
						
              <code id="185"> #include <stdlib.h></code><br />
						
            
            <a class="navhash" href="#186">#</a>
						
              <code id="186">                    ^</code><br />
						
            
            <a class="navhash" href="#187">#</a>
						
              <code id="187">sockets.c:73:21: error: storage size of 'tv' isn't known</code><br />
						
            
            <a class="navhash" href="#188">#</a>
						
              <code id="188">      struct timeval tv;</code><br />
						
            
            <a class="navhash" href="#189">#</a>
						
              <code id="189">                     ^</code><br />
						
            
            <a class="navhash" href="#190">#</a>
						
              <code id="190">tetris.c:9:20: error: no include path in which to search for string.h</code><br />
						
            
            <a class="navhash" href="#191">#</a>
						
              <code id="191"> #include <string.h></code><br />
						
            
            <a class="navhash" href="#192">#</a>
						
              <code id="192">                    ^</code><br />
						
            
            <a class="navhash" href="#193">#</a>
						
              <code id="193">tetrinet.c:204:2: warning: incompatible implicit declaration of built-in function 'snprintf' [enabled by default]</code><br />
						
            
            <a class="navhash" href="#194">#</a>
						
              <code id="194">  snprintf(buf, sizeof(buf), "* %s %s", name, t);</code><br />
						
            
            <a class="navhash" href="#195">#</a>
						
              <code id="195">  ^</code><br />
						
            
            <a class="navhash" href="#196">#</a>
						
              <code id="196">tetris.c:10:22: error: no include path in which to search for sys/time.h</code><br />
						
            
            <a class="navhash" href="#197">#</a>
						
              <code id="197"> #include <sys/time.h></code><br />
						
            
            <a class="navhash" href="#198">#</a>
						
              <code id="198">                      ^</code><br />
						
            
            <a class="navhash" href="#199">#</a>
						
              <code id="199">sockets.c:74:6: warning: implicit declaration of function 'gettimeofday' [-Wimplicit-function-declaration]</code><br />
						
            
            <a class="navhash" href="#200">#</a>
						
              <code id="200">      gettimeofday(&tv, NULL);</code><br />
						
            
            <a class="navhash" href="#201">#</a>
						
              <code id="201">      ^</code><br />
						
            
            <a class="navhash" href="#202">#</a>
						
              <code id="202">sockets.c:75:6: warning: implicit declaration of function 'fprintf' [-Wimplicit-function-declaration]</code><br />
						
            
            <a class="navhash" href="#203">#</a>
						
              <code id="203">      fprintf(logfile, "[%d.%03d] <<< %s\n",</code><br />
						
            
            <a class="navhash" href="#204">#</a>
						
              <code id="204">      ^</code><br />
						
            
            <a class="navhash" href="#205">#</a>
						
              <code id="205">sockets.c:75:6: warning: incompatible implicit declaration of built-in function 'fprintf' [enabled by default]</code><br />
						
            
            <a class="navhash" href="#206">#</a>
						
              <code id="206">sockets.c:77:6: warning: implicit declaration of function 'fflush' [-Wimplicit-function-declaration]</code><br />
						
            
            <a class="navhash" href="#207">#</a>
						
              <code id="207">      fflush(logfile);</code><br />
						
            
            <a class="navhash" href="#208">#</a>
						
              <code id="208">      ^</code><br />
						
            
            <a class="navhash" href="#209">#</a>
						
              <code id="209">sockets.c:73:21: warning: unused variable 'tv' [-Wunused-variable]</code><br />
						
            
            <a class="navhash" href="#210">#</a>
						
              <code id="210">      struct timeval tv;</code><br />
						
            
            <a class="navhash" href="#211">#</a>
						
              <code id="211">                     ^</code><br />
						
            
            <a class="navhash" href="#212">#</a>
						
              <code id="212">tetrinet.c:228:6: warning: implicit declaration of function 'memset' [-Wimplicit-function-declaration]</code><br />
						
            
            <a class="navhash" href="#213">#</a>
						
              <code id="213">      memset(piecefreq, 0, sizeof(piecefreq));</code><br />
						
            
            <a class="navhash" href="#214">#</a>
						
              <code id="214">      ^</code><br />
						
            
            <a class="navhash" href="#215">#</a>
						
              <code id="215">sockets.c: In function 'sputs':</code><br />
						
            
            <a class="navhash" href="#216">#</a>
						
              <code id="216">tetrinet.c:228:6: warning: incompatible implicit declaration of built-in function 'memset' [enabled by default]</code><br />
						
            
            <a class="navhash" href="#217">#</a>
						
              <code id="217">sockets.c:94:14: warning: assignment makes pointer from integer without a cast [enabled by default]</code><br />
						
            
            <a class="navhash" href="#218">#</a>
						
              <code id="218">      logfile = fopen(logname, "a");</code><br />
						
            
            <a class="navhash" href="#219">#</a>
						
              <code id="219">              ^</code><br />
						
            
            <a class="navhash" href="#220">#</a>
						
              <code id="220">sockets.c:96:21: error: storage size of 'tv' isn't known</code><br />
						
            
            <a class="navhash" href="#221">#</a>
						
              <code id="221">      struct timeval tv;</code><br />
						
            
            <a class="navhash" href="#222">#</a>
						
              <code id="222">                     ^</code><br />
						
            
            <a class="navhash" href="#223">#</a>
						
              <code id="223">sockets.c:97:24: error: 'NULL' undeclared (first use in this function)</code><br />
						
            
            <a class="navhash" href="#224">#</a>
						
              <code id="224">      gettimeofday(&tv, NULL);</code><br />
						
            
            <a class="navhash" href="#225">#</a>
						
              <code id="225">                        ^</code><br />
						
            
            <a class="navhash" href="#226">#</a>
						
              <code id="226">sockets.c:98:6: warning: incompatible implicit declaration of built-in function 'fprintf' [enabled by default]</code><br />
						
            
            <a class="navhash" href="#227">#</a>
						
              <code id="227">      fprintf(logfile, "[%d.%03d] >>> %s\n",</code><br />
						
            
            <a class="navhash" href="#228">#</a>
						
              <code id="228">      ^</code><br />
						
            
            <a class="navhash" href="#229">#</a>
						
              <code id="229">tetrinet.c:237:6: warning: incompatible implicit declaration of built-in function 'memset' [enabled by default]</code><br />
						
            
            <a class="navhash" href="#230">#</a>
						
              <code id="230">      memset(specialfreq, 0, sizeof(specialfreq));</code><br />
						
            
            <a class="navhash" href="#231">#</a>
						
              <code id="231">      ^</code><br />
						
            
            <a class="navhash" href="#232">#</a>
						
              <code id="232">sockets.c:96:21: warning: unused variable 'tv' [-Wunused-variable]</code><br />
						
            
            <a class="navhash" href="#233">#</a>
						
              <code id="233">      struct timeval tv;</code><br />
						
            
            <a class="navhash" href="#234">#</a>
						
              <code id="234">                     ^</code><br />
						
            
            <a class="navhash" href="#235">#</a>
						
              <code id="235">sockets.c:103:2: warning: implicit declaration of function 'write' [-Wimplicit-function-declaration]</code><br />
						
            
            <a class="navhash" href="#236">#</a>
						
              <code id="236">  n = write(s, str, strlen(str));</code><br />
						
            
            <a class="navhash" href="#237">#</a>
						
              <code id="237">  ^</code><br />
						
            
            <a class="navhash" href="#238">#</a>
						
              <code id="238">sockets.c:103:2: warning: implicit declaration of function 'strlen' [-Wimplicit-function-declaration]</code><br />
						
            
            <a class="navhash" href="#239">#</a>
						
              <code id="239">In file included from tetris.c:11:0:</code><br />
						
            
            <a class="navhash" href="#240">#</a>
						
              <code id="240">tetrinet.h:77:12: warning: built-in function 'log' declared as non-function [enabled by default]</code><br />
						
            
            <a class="navhash" href="#241">#</a>
						
              <code id="241"> extern int log;</code><br />
						
            
            <a class="navhash" href="#242">#</a>
						
              <code id="242">            ^</code><br />
						
            
            <a class="navhash" href="#243">#</a>
						
              <code id="243">sockets.c:103:20: warning: incompatible implicit declaration of built-in function 'strlen' [enabled by default]</code><br />
						
            
            <a class="navhash" href="#244">#</a>
						
              <code id="244">  n = write(s, str, strlen(str));</code><br />
						
            
            <a class="navhash" href="#245">#</a>
						
              <code id="245">                    ^</code><br />
						
            
            <a class="navhash" href="#246">#</a>
						
              <code id="246">tetrinet.c:252:2: warning: incompatible implicit declaration of built-in function 'memset' [enabled by default]</code><br />
						
            
            <a class="navhash" href="#247">#</a>
						
              <code id="247">  memset(&fields[my_playernum-1], 0, sizeof(Field));</code><br />
						
            
            <a class="navhash" href="#248">#</a>
						
              <code id="248">  ^</code><br />
						
            
            <a class="navhash" href="#249">#</a>
						
              <code id="249">sockets.c: In function 'sockprintf':</code><br />
						
            
            <a class="navhash" href="#250">#</a>
						<span class="error">
              <code id="250">sockets.c:118:5: error: unknown type name 'va_list'</code><br />
						</span>
            
            <a class="navhash" href="#251">#</a>
						
              <code id="251">     va_list args;</code><br />
						
            
            <a class="navhash" href="#252">#</a>
						
              <code id="252">     ^</code><br />
						
            
            <a class="navhash" href="#253">#</a>
						
              <code id="253">sockets.c:121:5: warning: implicit declaration of function 'va_start' [-Wimplicit-function-declaration]</code><br />
						
            
            <a class="navhash" href="#254">#</a>
						
              <code id="254">     va_start(args, fmt);</code><br />
						
            
            <a class="navhash" href="#255">#</a>
						
              <code id="255">     ^</code><br />
						
            
            <a class="navhash" href="#256">#</a>
						
              <code id="256">sockets.c:122:5: warning: implicit declaration of function 'vsnprintf' [-Wimplicit-function-declaration]</code><br />
						
            
            <a class="navhash" href="#257">#</a>
						
              <code id="257">     vsnprintf(buf, sizeof(buf), fmt, args);</code><br />
						
            
            <a class="navhash" href="#258">#</a>
						
              <code id="258">     ^</code><br />
						
            
            <a class="navhash" href="#259">#</a>
						
              <code id="259">tetrinet.c:266:2: warning: implicit declaration of function 'sprintf' [-Wimplicit-function-declaration]</code><br />
						
            
            <a class="navhash" href="#260">#</a>
						
              <code id="260">  s = buf + sprintf(buf, "f %d ", my_playernum);</code><br />
						
            
            <a class="navhash" href="#261">#</a>
						
              <code id="261">  ^</code><br />
						
            
            <a class="navhash" href="#262">#</a>
						
              <code id="262">tetrinet.c:266:12: warning: incompatible implicit declaration of built-in function 'sprintf' [enabled by default]</code><br />
						
            
            <a class="navhash" href="#263">#</a>
						
              <code id="263">  s = buf + sprintf(buf, "f %d ", my_playernum);</code><br />
						
            
            <a class="navhash" href="#264">#</a>
						
              <code id="264">            ^</code><br />
						
            
            <a class="navhash" href="#265">#</a>
						
              <code id="265">sockets.c: In function 'conn':</code><br />
						
            
            <a class="navhash" href="#266">#</a>
						
              <code id="266">sockets.c:132:15: error: 'NI_MAXHOST' undeclared (first use in this function)</code><br />
						
            
            <a class="navhash" href="#267">#</a>
						
              <code id="267">     char hbuf[NI_MAXHOST];</code><br />
						
            
            <a class="navhash" href="#268">#</a>
						
              <code id="268">               ^</code><br />
						
            
            <a class="navhash" href="#269">#</a>
						
              <code id="269">sockets.c:133:21: error: storage size of 'hints' isn't known</code><br />
						
            
            <a class="navhash" href="#270">#</a>
						
              <code id="270">     struct addrinfo hints, *res, *res0;</code><br />
						
            
            <a class="navhash" href="#271">#</a>
						
              <code id="271">                     ^</code><br />
						
            
            <a class="navhash" href="#272">#</a>
						
              <code id="272">tetrinet.c:269:3: warning: implicit declaration of function 'rand' [-Wimplicit-function-declaration]</code><br />
						
            
            <a class="navhash" href="#273">#</a>
						
              <code id="273">   fields[my_playernum-1][y][x] = rand()%5 + 1;</code><br />
						
            
            <a class="navhash" href="#274">#</a>
						
              <code id="274">   ^</code><br />
						
            
            <a class="navhash" href="#275">#</a>
						
              <code id="275">sockets.c:142:5: warning: implicit declaration of function 'snprintf' [-Wimplicit-function-declaration]</code><br />
						
            
            <a class="navhash" href="#276">#</a>
						
              <code id="276">     snprintf(service, sizeof(service), "%d", port);</code><br />
						
            
            <a class="navhash" href="#277">#</a>
						
              <code id="277">     ^</code><br />
						
            
            <a class="navhash" href="#278">#</a>
						
              <code id="278">sockets.c:142:5: warning: incompatible implicit declaration of built-in function 'snprintf' [enabled by default]</code><br />
						
            
            <a class="navhash" href="#279">#</a>
						
              <code id="279">sockets.c:143:5: warning: implicit declaration of function 'memset' [-Wimplicit-function-declaration]</code><br />
						
            
            <a class="navhash" href="#280">#</a>
						
              <code id="280">     memset(&hints, 0, sizeof(hints));</code><br />
						
            
            <a class="navhash" href="#281">#</a>
						
              <code id="281">     ^</code><br />
						
            
            <a class="navhash" href="#282">#</a>
						
              <code id="282">sockets.c:143:5: warning: incompatible implicit declaration of built-in function 'memset' [enabled by default]</code><br />
						
            
            <a class="navhash" href="#283">#</a>
						
              <code id="283">sockets.c:144:23: error: 'AF_UNSPEC' undeclared (first use in this function)</code><br />
						
            
            <a class="navhash" href="#284">#</a>
						
              <code id="284">     hints.ai_family = AF_UNSPEC;</code><br />
						
            
            <a class="navhash" href="#285">#</a>
						
              <code id="285">                       ^</code><br />
						
            
            <a class="navhash" href="#286">#</a>
						
              <code id="286">sockets.c:145:25: error: 'SOCK_STREAM' undeclared (first use in this function)</code><br />
						
            
            <a class="navhash" href="#287">#</a>
						
              <code id="287">     hints.ai_socktype = SOCK_STREAM;</code><br />
						
            
            <a class="navhash" href="#288">#</a>
						
              <code id="288">                         ^</code><br />
						
            
            <a class="navhash" href="#289">#</a>
						
              <code id="289">sockets.c:146:5: warning: implicit declaration of function 'getaddrinfo' [-Wimplicit-function-declaration]</code><br />
						
            
            <a class="navhash" href="#290">#</a>
						
              <code id="290">     if (getaddrinfo(host, service, &hints, &res0))</code><br />
						
            
            <a class="navhash" href="#291">#</a>
						
              <code id="291">     ^</code><br />
						
            
            <a class="navhash" href="#292">#</a>
						
              <code id="292">tetrinet.c:292:2: warning: incompatible implicit declaration of built-in function 'memset' [enabled by default]</code><br />
						
            
            <a class="navhash" href="#293">#</a>
						
              <code id="293">  memset(fields, 0, sizeof(fields));</code><br />
						
            
            <a class="navhash" href="#294">#</a>
						
              <code id="294">  ^</code><br />
						
            
            <a class="navhash" href="#295">#</a>
						
              <code id="295">sockets.c:148:36: error: dereferencing pointer to incomplete type</code><br />
						
            
            <a class="navhash" href="#296">#</a>
						
              <code id="296">     for (res = res0; res; res = res->ai_next) {</code><br />
						
            
            <a class="navhash" href="#297">#</a>
						
              <code id="297">                                    ^</code><br />
						
            
            <a class="navhash" href="#298">#</a>
						
              <code id="298">sockets.c:150:2: warning: implicit declaration of function 'socket' [-Wimplicit-function-declaration]</code><br />
						
            
            <a class="navhash" href="#299">#</a>
						
              <code id="299">  sock = socket(res->ai_family, res->ai_socktype, res->ai_protocol);</code><br />
						
            
            <a class="navhash" href="#300">#</a>
						
              <code id="300">  ^</code><br />
						
            
            <a class="navhash" href="#301">#</a>
						
              <code id="301">sockets.c:150:19: error: dereferencing pointer to incomplete type</code><br />
						
            
            <a class="navhash" href="#302">#</a>
						
              <code id="302">  sock = socket(res->ai_family, res->ai_socktype, res->ai_protocol);</code><br />
						
            
            <a class="navhash" href="#303">#</a>
						
              <code id="303">                   ^</code><br />
						
            
            <a class="navhash" href="#304">#</a>
						
              <code id="304">sockets.c:150:35: error: dereferencing pointer to incomplete type</code><br />
						
            
            <a class="navhash" href="#305">#</a>
						
              <code id="305">  sock = socket(res->ai_family, res->ai_socktype, res->ai_protocol);</code><br />
						
            
            <a class="navhash" href="#306">#</a>
						
              <code id="306">                                   ^</code><br />
						
            
            <a class="navhash" href="#307">#</a>
						
              <code id="307">sockets.c:150:53: error: dereferencing pointer to incomplete type</code><br />
						
            
            <a class="navhash" href="#308">#</a>
						
              <code id="308">  sock = socket(res->ai_family, res->ai_socktype, res->ai_protocol);</code><br />
						
            
            <a class="navhash" href="#309">#</a>
						
              <code id="309">                                                     ^</code><br />
						
            
            <a class="navhash" href="#310">#</a>
						
              <code id="310">sockets.c:153:2: warning: implicit declaration of function 'getnameinfo' [-Wimplicit-function-declaration]</code><br />
						
            
            <a class="navhash" href="#311">#</a>
						
              <code id="311">  getnameinfo(res->ai_addr, res->ai_addrlen, hbuf, sizeof(hbuf),</code><br />
						
            
            <a class="navhash" href="#312">#</a>
						
              <code id="312">  ^</code><br />
						
            
            <a class="navhash" href="#313">#</a>
						
              <code id="313">sockets.c:153:17: error: dereferencing pointer to incomplete type</code><br />
						
            
            <a class="navhash" href="#314">#</a>
						
              <code id="314">  getnameinfo(res->ai_addr, res->ai_addrlen, hbuf, sizeof(hbuf),</code><br />
						
            
            <a class="navhash" href="#315">#</a>
						
              <code id="315">                 ^</code><br />
						
            
            <a class="navhash" href="#316">#</a>
						
              <code id="316">sockets.c:153:31: error: dereferencing pointer to incomplete type</code><br />
						
            
            <a class="navhash" href="#317">#</a>
						
              <code id="317">  getnameinfo(res->ai_addr, res->ai_addrlen, hbuf, sizeof(hbuf),</code><br />
						
            
            <a class="navhash" href="#318">#</a>
						
              <code id="318">                               ^</code><br />
						
            
            <a class="navhash" href="#319">#</a>
						
              <code id="319">sockets.c:154:7: error: 'NULL' undeclared (first use in this function)</code><br />
						
            
            <a class="navhash" href="#320">#</a>
						
              <code id="320">       NULL, 0, 0);</code><br />
						
            
            <a class="navhash" href="#321">#</a>
						
              <code id="321">       ^</code><br />
						
            
            <a class="navhash" href="#322">#</a>
						
              <code id="322">sockets.c:155:2: warning: implicit declaration of function 'connect' [-Wimplicit-function-declaration]</code><br />
						
            
            <a class="navhash" href="#323">#</a>
						
              <code id="323">  if (connect(sock, res->ai_addr, res->ai_addrlen) == 0) {</code><br />
						
            
            <a class="navhash" href="#324">#</a>
						
              <code id="324">  ^</code><br />
						
            
            <a class="navhash" href="#325">#</a>
						
              <code id="325">sockets.c:155:23: error: dereferencing pointer to incomplete type</code><br />
						
            
            <a class="navhash" href="#326">#</a>
						
              <code id="326">  if (connect(sock, res->ai_addr, res->ai_addrlen) == 0) {</code><br />
						
            
            <a class="navhash" href="#327">#</a>
						
              <code id="327">                       ^</code><br />
						
            
            <a class="navhash" href="#328">#</a>
						
              <code id="328">sockets.c:155:37: error: dereferencing pointer to incomplete type</code><br />
						
            
            <a class="navhash" href="#329">#</a>
						
              <code id="329">  if (connect(sock, res->ai_addr, res->ai_addrlen) == 0) {</code><br />
						
            
            <a class="navhash" href="#330">#</a>
						
              <code id="330">                                     ^</code><br />
						
            
            <a class="navhash" href="#331">#</a>
						
              <code id="331">sockets.c:157:10: error: dereferencing pointer to incomplete type</code><br />
						
            
            <a class="navhash" href="#332">#</a>
						
              <code id="332">   if (res->ai_family == AF_INET6) {</code><br />
						
            
            <a class="navhash" href="#333">#</a>
						
              <code id="333">          ^</code><br />
						
            
            <a class="navhash" href="#334">#</a>
						
              <code id="334">sockets.c:157:25: error: 'AF_INET6' undeclared (first use in this function)</code><br />
						
            
            <a class="navhash" href="#335">#</a>
						
              <code id="335">   if (res->ai_family == AF_INET6) {</code><br />
						
            
            <a class="navhash" href="#336">#</a>
						
              <code id="336">                         ^</code><br />
						
            
            <a class="navhash" href="#337">#</a>
						
              <code id="337">sockets.c:159:31: error: dereferencing pointer to incomplete type</code><br />
						
            
            <a class="navhash" href="#338">#</a>
						
              <code id="338">    (struct sockaddr_in6 *)(res->ai_addr);</code><br />
						
            
            <a class="navhash" href="#339">#</a>
						
              <code id="339">                               ^</code><br />
						
            
            <a class="navhash" href="#340">#</a>
						
              <code id="340">sockets.c:160:7: warning: implicit declaration of function 'memcpy' [-Wimplicit-function-declaration]</code><br />
						
            
            <a class="navhash" href="#341">#</a>
						
              <code id="341">       memcpy(ipbuf, (char *)(&sin6->sin6_addr) + 12, 4);</code><br />
						
            
            <a class="navhash" href="#342">#</a>
						
              <code id="342">       ^</code><br />
						
            
            <a class="navhash" href="#343">#</a>
						
              <code id="343">sockets.c:160:7: warning: incompatible implicit declaration of built-in function 'memcpy' [enabled by default]</code><br />
						
            
            <a class="navhash" href="#344">#</a>
						
              <code id="344">sockets.c:160:35: error: dereferencing pointer to incomplete type</code><br />
						
            
            <a class="navhash" href="#345">#</a>
						
              <code id="345">       memcpy(ipbuf, (char *)(&sin6->sin6_addr) + 12, 4);</code><br />
						
            
            <a class="navhash" href="#346">#</a>
						
              <code id="346">                                   ^</code><br />
						
            
            <a class="navhash" href="#347">#</a>
						
              <code id="347">tetrinet.c: In function 'partyline_input':</code><br />
						
            
            <a class="navhash" href="#348">#</a>
						
              <code id="348">sockets.c:163:30: error: dereferencing pointer to incomplete type</code><br />
						
            
            <a class="navhash" href="#349">#</a>
						
              <code id="349">    (struct sockaddr_in *)(res->ai_addr);</code><br />
						
            
            <a class="navhash" href="#350">#</a>
						
              <code id="350">                              ^</code><br />
						
            
            <a class="navhash" href="#351">#</a>
						
              <code id="351">sockets.c:164:7: warning: incompatible implicit declaration of built-in function 'memcpy' [enabled by default]</code><br />
						
            
            <a class="navhash" href="#352">#</a>
						
              <code id="352">       memcpy(ipbuf, &sin->sin_addr, 4);</code><br />
						
            
            <a class="navhash" href="#353">#</a>
						
              <code id="353">       ^</code><br />
						
            
            <a class="navhash" href="#354">#</a>
						
              <code id="354">tetrinet.c:409:2: warning: implicit declaration of function 'memmove' [-Wimplicit-function-declaration]</code><br />
						
            
            <a class="navhash" href="#355">#</a>
						
              <code id="355">  memmove(curpos+1, curpos, strlen(curpos)+1);</code><br />
						
            
            <a class="navhash" href="#356">#</a>
						
              <code id="356">  ^</code><br />
						
            
            <a class="navhash" href="#357">#</a>
						
              <code id="357">tetrinet.c:409:2: warning: incompatible implicit declaration of built-in function 'memmove' [enabled by default]</code><br />
						
            
            <a class="navhash" href="#358">#</a>
						
              <code id="358">sockets.c:164:25: error: dereferencing pointer to incomplete type</code><br />
						
            
            <a class="navhash" href="#359">#</a>
						
              <code id="359">       memcpy(ipbuf, &sin->sin_addr, 4);</code><br />
						
            
            <a class="navhash" href="#360">#</a>
						
              <code id="360">                         ^</code><br />
						
            
            <a class="navhash" href="#361">#</a>
						
              <code id="361">tetrinet.c:409:2: warning: implicit declaration of function 'strlen' [-Wimplicit-function-declaration]</code><br />
						
            
            <a class="navhash" href="#362">#</a>
						
              <code id="362">sockets.c:169:15: error: 'errno' undeclared (first use in this function)</code><br />
						
            
            <a class="navhash" href="#363">#</a>
						
              <code id="363">  errno_save = errno;</code><br />
						
            
            <a class="navhash" href="#364">#</a>
						
              <code id="364">               ^</code><br />
						
            
            <a class="navhash" href="#365">#</a>
						
              <code id="365">tetrinet.c:409:28: warning: incompatible implicit declaration of built-in function 'strlen' [enabled by default]</code><br />
						
            
            <a class="navhash" href="#366">#</a>
						
              <code id="366">  memmove(curpos+1, curpos, strlen(curpos)+1);</code><br />
						
            
            <a class="navhash" href="#367">#</a>
						
              <code id="367">                            ^</code><br />
						
            
            <a class="navhash" href="#368">#</a>
						
              <code id="368">sockets.c:170:2: warning: implicit declaration of function 'close' [-Wimplicit-function-declaration]</code><br />
						
            
            <a class="navhash" href="#369">#</a>
						
              <code id="369">  close(sock);</code><br />
						
            
            <a class="navhash" href="#370">#</a>
						
              <code id="370">  ^</code><br />
						
            
            <a class="navhash" href="#371">#</a>
						
              <code id="371">tetrinet.c: In function 'partyline_delete':</code><br />
						
            
            <a class="navhash" href="#372">#</a>
						
              <code id="372">sockets.c:174:5: warning: implicit declaration of function 'freeaddrinfo' [-Wimplicit-function-declaration]</code><br />
						
            
            <a class="navhash" href="#373">#</a>
						
              <code id="373">     freeaddrinfo(res0);</code><br />
						
            
            <a class="navhash" href="#374">#</a>
						
              <code id="374">     ^</code><br />
						
            
            <a class="navhash" href="#375">#</a>
						
              <code id="375">tetris.c: In function 'init_shapes':</code><br />
						
            
            <a class="navhash" href="#376">#</a>
						
              <code id="376">tetrinet.c:422:2: warning: incompatible implicit declaration of built-in function 'memmove' [enabled by default]</code><br />
						
            
            <a class="navhash" href="#377">#</a>
						
              <code id="377">  memmove(curpos, curpos+1, strlen(curpos)-1+1);</code><br />
						
            
            <a class="navhash" href="#378">#</a>
						
              <code id="378">  ^</code><br />
						
            
            <a class="navhash" href="#379">#</a>
						
              <code id="379">tetris.c:155:4: warning: implicit declaration of function 'fprintf' [-Wimplicit-function-declaration]</code><br />
						
            
            <a class="navhash" href="#380">#</a>
						
              <code id="380">    fprintf(stderr, "Piece %d rotation %d: "</code><br />
						
            
            <a class="navhash" href="#381">#</a>
						
              <code id="381">    ^</code><br />
						
            
            <a class="navhash" href="#382">#</a>
						
              <code id="382">sockets.c:133:21: warning: unused variable 'hints' [-Wunused-variable]</code><br />
						
            
            <a class="navhash" href="#383">#</a>
						
              <code id="383">     struct addrinfo hints, *res, *res0;</code><br />
						
            
            <a class="navhash" href="#384">#</a>
						
              <code id="384">                     ^</code><br />
						
            
            <a class="navhash" href="#385">#</a>
						
              <code id="385">tetrinet.c:422:28: warning: incompatible implicit declaration of built-in function 'strlen' [enabled by default]</code><br />
						
            
            <a class="navhash" href="#386">#</a>
						
              <code id="386">  memmove(curpos, curpos+1, strlen(curpos)-1+1);</code><br />
						
            
            <a class="navhash" href="#387">#</a>
						
              <code id="387">                            ^</code><br />
						
            
            <a class="navhash" href="#388">#</a>
						
              <code id="388">tetris.c:155:4: warning: incompatible implicit declaration of built-in function 'fprintf' [enabled by default]</code><br />
						
            
            <a class="navhash" href="#389">#</a>
						
              <code id="389">sockets.c:132:10: warning: unused variable 'hbuf' [-Wunused-variable]</code><br />
						
            
            <a class="navhash" href="#390">#</a>
						
              <code id="390">     char hbuf[NI_MAXHOST];</code><br />
						
            
            <a class="navhash" href="#391">#</a>
						
              <code id="391">          ^</code><br />
						
            
            <a class="navhash" href="#392">#</a>
						
              <code id="392">tetris.c:155:12: error: 'stderr' undeclared (first use in this function)</code><br />
						
            
            <a class="navhash" href="#393">#</a>
						
              <code id="393">    fprintf(stderr, "Piece %d rotation %d: "</code><br />
						
            
            <a class="navhash" href="#394">#</a>
						
              <code id="394">            ^</code><br />
						
            
            <a class="navhash" href="#395">#</a>
						
              <code id="395">tetris.c:155:12: note: each undeclared identifier is reported only once for each function it appears in</code><br />
						
            
            <a class="navhash" href="#396">#</a>
						
              <code id="396">sockets.c: In function 'disconn':</code><br />
						
            
            <a class="navhash" href="#397">#</a>
						
              <code id="397">sockets.c:201:5: warning: implicit declaration of function 'shutdown' [-Wimplicit-function-declaration]</code><br />
						
            
            <a class="navhash" href="#398">#</a>
						
              <code id="398">     shutdown(s, 2);</code><br />
						
            
            <a class="navhash" href="#399">#</a>
						
              <code id="399">     ^</code><br />
						
            
            <a class="navhash" href="#400">#</a>
						
              <code id="400">tetris.c:158:4: warning: implicit declaration of function 'exit' [-Wimplicit-function-declaration]</code><br />
						
            
            <a class="navhash" href="#401">#</a>
						
              <code id="401">    exit(1);</code><br />
						
            
            <a class="navhash" href="#402">#</a>
						
              <code id="402">    ^</code><br />
						
            
            <a class="navhash" href="#403">#</a>
						
              <code id="403">tetris.c:158:4: warning: incompatible implicit declaration of built-in function 'exit' [enabled by default]</code><br />
						
            
            <a class="navhash" href="#404">#</a>
						
              <code id="404">tetrinet.c: In function 'partyline_move':</code><br />
						
            
            <a class="navhash" href="#405">#</a>
						
              <code id="405">tetrinet.c:468:18: warning: incompatible implicit declaration of built-in function 'strlen' [enabled by default]</code><br />
						
            
            <a class="navhash" href="#406">#</a>
						
              <code id="406">  partyline_pos = strlen(partyline_buffer);</code><br />
						
            
            <a class="navhash" href="#407">#</a>
						
              <code id="407">                  ^</code><br />
						
            
            <a class="navhash" href="#408">#</a>
						
              <code id="408">tetris.c:163:3: warning: incompatible implicit declaration of built-in function 'fprintf' [enabled by default]</code><br />
						
            
            <a class="navhash" href="#409">#</a>
						
              <code id="409">   fprintf(stderr, "Piece %d rotation %d missing hot spot!\n",</code><br />
						
            
            <a class="navhash" href="#410">#</a>
						
              <code id="410">   ^</code><br />
						
            
            <a class="navhash" href="#411">#</a>
						
              <code id="411">tetrinet.c: In function 'partyline_enter':</code><br />
						
            
            <a class="navhash" href="#412">#</a>
						
              <code id="412">tetris.c:165:3: warning: incompatible implicit declaration of built-in function 'exit' [enabled by default]</code><br />
						
            
            <a class="navhash" href="#413">#</a>
						
              <code id="413">   exit(1);</code><br />
						
            
            <a class="navhash" href="#414">#</a>
						
              <code id="414">   ^</code><br />
						
            
            <a class="navhash" href="#415">#</a>
						
              <code id="415">tetrinet.c:482:2: warning: implicit declaration of function 'strncasecmp' [-Wimplicit-function-declaration]</code><br />
						
            
            <a class="navhash" href="#416">#</a>
						
              <code id="416">  if (strncasecmp(partyline_buffer, "/me ", 4) == 0) {</code><br />
						
            
            <a class="navhash" href="#417">#</a>
						
              <code id="417">  ^</code><br />
						
            
            <a class="navhash" href="#418">#</a>
						
              <code id="418">tetrinet.c:484:6: warning: incompatible implicit declaration of built-in function 'snprintf' [enabled by default]</code><br />
						
            
            <a class="navhash" href="#419">#</a>
						
              <code id="419">      snprintf(buf, sizeof(buf), "* %s %s", players[my_playernum-1], partyline_buffer+4);</code><br />
						
            
            <a class="navhash" href="#420">#</a>
						
              <code id="420">      ^</code><br />
						
            
            <a class="navhash" href="#421">#</a>
						
              <code id="421">tetrinet.c:486:2: warning: implicit declaration of function 'strcasecmp' [-Wimplicit-function-declaration]</code><br />
						
            
            <a class="navhash" href="#422">#</a>
						
              <code id="422">  } else if (strcasecmp(partyline_buffer, "/start") == 0) {</code><br />
						
            
            <a class="navhash" href="#423">#</a>
						
              <code id="423">  ^</code><br />
						
            
            <a class="navhash" href="#424">#</a>
						
              <code id="424">tetrinet.c:495:10: warning: incompatible implicit declaration of built-in function 'strlen' [enabled by default]</code><br />
						
            
            <a class="navhash" href="#425">#</a>
						
              <code id="425">      if (strlen(partyline_buffer) == 5)</code><br />
						
            
            <a class="navhash" href="#426">#</a>
						
              <code id="426">          ^</code><br />
						
            
            <a class="navhash" href="#427">#</a>
						
              <code id="427">tetrinet.c:496:3: warning: implicit declaration of function 'strcpy' [-Wimplicit-function-declaration]</code><br />
						
            
            <a class="navhash" href="#428">#</a>
						
              <code id="428">   strcpy(partyline_buffer+5, " ");  /* make it "/team " */</code><br />
						
            
            <a class="navhash" href="#429">#</a>
						
              <code id="429">   ^</code><br />
						
            
            <a class="navhash" href="#430">#</a>
						
              <code id="430">tetrinet.c:496:3: warning: incompatible implicit declaration of built-in function 'strcpy' [enabled by default]</code><br />
						
            
            <a class="navhash" href="#431">#</a>
						
              <code id="431">tetrinet.c:500:7: warning: incompatible implicit declaration of built-in function 'free' [enabled by default]</code><br />
						
            
            <a class="navhash" href="#432">#</a>
						
              <code id="432">       free(teams[my_playernum-1]);</code><br />
						
            
            <a class="navhash" href="#433">#</a>
						
              <code id="433">       ^</code><br />
						
            
            <a class="navhash" href="#434">#</a>
						
              <code id="434">tetrinet.c:501:27: warning: incompatible implicit declaration of built-in function 'strdup' [enabled by default]</code><br />
						
            
            <a class="navhash" href="#435">#</a>
						
              <code id="435">   teams[my_playernum-1] = strdup(partyline_buffer+6);</code><br />
						
            
            <a class="navhash" href="#436">#</a>
						
              <code id="436">                           ^</code><br />
						
            
            <a class="navhash" href="#437">#</a>
						
              <code id="437">tetrinet.c:502:3: warning: incompatible implicit declaration of built-in function 'snprintf' [enabled by default]</code><br />
						
            
            <a class="navhash" href="#438">#</a>
						
              <code id="438">   snprintf(buf, sizeof(buf), "*** %s is Now on Team %s", players[my_playernum-1], partyline_buffer+6);</code><br />
						
            
            <a class="navhash" href="#439">#</a>
						
              <code id="439">   ^</code><br />
						
            
            <a class="navhash" href="#440">#</a>
						
              <code id="440">tetrinet.c:506:7: warning: incompatible implicit declaration of built-in function 'free' [enabled by default]</code><br />
						
            
            <a class="navhash" href="#441">#</a>
						
              <code id="441">       free(teams[my_playernum-1]);</code><br />
						
            
            <a class="navhash" href="#442">#</a>
						
              <code id="442">       ^</code><br />
						
            
            <a class="navhash" href="#443">#</a>
						
              <code id="443">tetrinet.c:507:27: error: 'NULL' undeclared (first use in this function)</code><br />
						
            
            <a class="navhash" href="#444">#</a>
						
              <code id="444">   teams[my_playernum-1] = NULL;</code><br />
						
            
            <a class="navhash" href="#445">#</a>
						
              <code id="445">                           ^</code><br />
						
            
            <a class="navhash" href="#446">#</a>
						
              <code id="446">tetrinet.c:508:3: warning: incompatible implicit declaration of built-in function 'snprintf' [enabled by default]</code><br />
						
            
            <a class="navhash" href="#447">#</a>
						
              <code id="447">   snprintf(buf, sizeof(buf), "*** %s is Now Alone", players[my_playernum-1]);</code><br />
						
            
            <a class="navhash" href="#448">#</a>
						
              <code id="448">   ^</code><br />
						
            
            <a class="navhash" href="#449">#</a>
						
              <code id="449">tetris.c: In function 'clear_lines':</code><br />
						
            
            <a class="navhash" href="#450">#</a>
						
              <code id="450">tetris.c:294:5: warning: implicit declaration of function 'memset' [-Wimplicit-function-declaration]</code><br />
						
            
            <a class="navhash" href="#451">#</a>
						
              <code id="451">     memset(new_specials, 0, sizeof(new_specials));</code><br />
						
            
            <a class="navhash" href="#452">#</a>
						
              <code id="452">     ^</code><br />
						
            
            <a class="navhash" href="#453">#</a>
						
              <code id="453">tetrinet.c:516:3: warning: incompatible implicit declaration of built-in function 'snprintf' [enabled by default]</code><br />
						
            
            <a class="navhash" href="#454">#</a>
						
              <code id="454">   snprintf(buf, sizeof(buf), "<%s> %s", players[my_playernum-1], partyline_buffer);</code><br />
						
            
            <a class="navhash" href="#455">#</a>
						
              <code id="455">   ^</code><br />
						
            
            <a class="navhash" href="#456">#</a>
						
              <code id="456">tetris.c:294:5: warning: incompatible implicit declaration of built-in function 'memset' [enabled by default]</code><br />
						
            
            <a class="navhash" href="#457">#</a>
						
              <code id="457">tetrinet.c: In function 'help':</code><br />
						
            
            <a class="navhash" href="#458">#</a>
						
              <code id="458">tetrinet.c:533:5: warning: incompatible implicit declaration of built-in function 'fprintf' [enabled by default]</code><br />
						
            
            <a class="navhash" href="#459">#</a>
						
              <code id="459">     fprintf(stderr,</code><br />
						
            
            <a class="navhash" href="#460">#</a>
						
              <code id="460">     ^</code><br />
						
            
            <a class="navhash" href="#461">#</a>
						
              <code id="461">tetrinet.c:533:13: error: 'stderr' undeclared (first use in this function)</code><br />
						
            
            <a class="navhash" href="#462">#</a>
						
              <code id="462">     fprintf(stderr,</code><br />
						
            
            <a class="navhash" href="#463">#</a>
						
              <code id="463">             ^</code><br />
						
            
            <a class="navhash" href="#464">#</a>
						
              <code id="464">tetrinet.c: In function 'init':</code><br />
						
            
            <a class="navhash" href="#465">#</a>
						
              <code id="465">tetris.c:309:3: warning: implicit declaration of function 'memmove' [-Wimplicit-function-declaration]</code><br />
						
            
            <a class="navhash" href="#466">#</a>
						
              <code id="466">   memmove((*f)[1], (*f)[0], FIELD_WIDTH*y);</code><br />
						
            
            <a class="navhash" href="#467">#</a>
						
              <code id="467">   ^</code><br />
						
            
            <a class="navhash" href="#468">#</a>
						
              <code id="468">tetrinet.c:560:18: error: 'NULL' undeclared (first use in this function)</code><br />
						
            
            <a class="navhash" href="#469">#</a>
						
              <code id="469">     char *nick = NULL, *server = NULL;</code><br />
						
            
            <a class="navhash" href="#470">#</a>
						
              <code id="470">                  ^</code><br />
						
            
            <a class="navhash" href="#471">#</a>
						
              <code id="471">tetris.c:309:3: warning: incompatible implicit declaration of built-in function 'memmove' [enabled by default]</code><br />
						
            
            <a class="navhash" href="#472">#</a>
						
              <code id="472">tetrinet.c:574:5: warning: implicit declaration of function 'getenv' [-Wimplicit-function-declaration]</code><br />
						
            
            <a class="navhash" href="#473">#</a>
						
              <code id="473">     if (getenv("DISPLAY"))</code><br />
						
            
            <a class="navhash" href="#474">#</a>
						
              <code id="474">     ^</code><br />
						
            
            <a class="navhash" href="#475">#</a>
						
              <code id="475">tetrinet.c:580:5: warning: implicit declaration of function 'srand' [-Wimplicit-function-declaration]</code><br />
						
            
            <a class="navhash" href="#476">#</a>
						
              <code id="476">     srand(time(NULL));</code><br />
						
            
            <a class="navhash" href="#477">#</a>
						
              <code id="477">     ^</code><br />
						
            
            <a class="navhash" href="#478">#</a>
						
              <code id="478">tetrinet.c:580:5: warning: implicit declaration of function 'time' [-Wimplicit-function-declaration]</code><br />
						
            
            <a class="navhash" href="#479">#</a>
						
              <code id="479">tetris.c:321:7: warning: implicit declaration of function 'rand' [-Wimplicit-function-declaration]</code><br />
						
            
            <a class="navhash" href="#480">#</a>
						
              <code id="480">       if (windows_mode && rand()%2) {</code><br />
						
            
            <a class="navhash" href="#481">#</a>
						
              <code id="481">       ^</code><br />
						
            
            <a class="navhash" href="#482">#</a>
						
              <code id="482">tetrinet.c:596:7: warning: incompatible implicit declaration of built-in function 'fprintf' [enabled by default]</code><br />
						
            
            <a class="navhash" href="#483">#</a>
						
              <code id="483">       fprintf(stderr, "Option -log requires an argument\n");</code><br />
						
            
            <a class="navhash" href="#484">#</a>
						
              <code id="484">       ^</code><br />
						
            
            <a class="navhash" href="#485">#</a>
						
              <code id="485">tetrinet.c:596:15: error: 'stderr' undeclared (first use in this function)</code><br />
						
            
            <a class="navhash" href="#486">#</a>
						
              <code id="486">       fprintf(stderr, "Option -log requires an argument\n");</code><br />
						
            
            <a class="navhash" href="#487">#</a>
						
              <code id="487">               ^</code><br />
						
            
            <a class="navhash" href="#488">#</a>
						
              <code id="488">tetris.c:322:4: warning: incompatible implicit declaration of built-in function 'memmove' [enabled by default]</code><br />
						
            
            <a class="navhash" href="#489">#</a>
						
              <code id="489">    memmove(specials+1, specials, pos);</code><br />
						
            
            <a class="navhash" href="#490">#</a>
						
              <code id="490">    ^</code><br />
						
            
            <a class="navhash" href="#491">#</a>
						
              <code id="491">tetrinet.c:615:3: warning: incompatible implicit declaration of built-in function 'fprintf' [enabled by default]</code><br />
						
            
            <a class="navhash" href="#492">#</a>
						
              <code id="492">   fprintf(stderr, "Unknown option %s\n", av[i]);</code><br />
						
            
            <a class="navhash" href="#493">#</a>
						
              <code id="493">   ^</code><br />
						
            
            <a class="navhash" href="#494">#</a>
						
              <code id="494">make: *** [Makefile:33: sockets.o] Error 1</code><br />
						
            
            <a class="navhash" href="#495">#</a>
						
              <code id="495">make: *** Waiting for unfinished jobs....</code><br />
						
            
            <a class="navhash" href="#496">#</a>
						
              <code id="496">tetrinet.c:638:9: warning: incompatible implicit declaration of built-in function 'strlen' [enabled by default]</code><br />
						
            
            <a class="navhash" href="#497">#</a>
						
              <code id="497">     if (strlen(nick) > 63)  /* put a reasonable limit on nick length */</code><br />
						
            
            <a class="navhash" href="#498">#</a>
						
              <code id="498">         ^</code><br />
						
            
            <a class="navhash" href="#499">#</a>
						
              <code id="499">tetrinet.c:641:5: warning: pointer targets in passing argument 3 of 'conn' differ in signedness [-Wpointer-sign]</code><br />
						
            
            <a class="navhash" href="#500">#</a>
						
              <code id="500">     if ((server_sock = conn(server, 31457, ip)) < 0) {</code><br />
						
            
            <a class="navhash" href="#501">#</a>
						
              <code id="501">     ^</code><br />
						
            
            <a class="navhash" href="#502">#</a>
						
              <code id="502">In file included from tetrinet.c:17:0:</code><br />
						
            
            <a class="navhash" href="#503">#</a>
						
              <code id="503">sockets.h:15:12: note: expected 'char *' but argument is of type 'unsigned char *'</code><br />
						
            
            <a class="navhash" href="#504">#</a>
						
              <code id="504"> extern int conn(const char *host, int port, char ipbuf[4]);</code><br />
						
            
            <a class="navhash" href="#505">#</a>
						
              <code id="505">            ^</code><br />
						
            
            <a class="navhash" href="#506">#</a>
						
              <code id="506">tetrinet.c:642:2: warning: incompatible implicit declaration of built-in function 'fprintf' [enabled by default]</code><br />
						
            
            <a class="navhash" href="#507">#</a>
						
              <code id="507">  fprintf(stderr, "Couldn't connect to server %s: %s\n",</code><br />
						
            
            <a class="navhash" href="#508">#</a>
						
              <code id="508">  ^</code><br />
						
            
            <a class="navhash" href="#509">#</a>
						
              <code id="509">tetris.c: In function 'send_field':</code><br />
						
            
            <a class="navhash" href="#510">#</a>
						
              <code id="510">tetrinet.c:643:3: warning: implicit declaration of function 'strerror' [-Wimplicit-function-declaration]</code><br />
						
            
            <a class="navhash" href="#511">#</a>
						
              <code id="511">   server, strerror(errno));</code><br />
						
            
            <a class="navhash" href="#512">#</a>
						
              <code id="512">   ^</code><br />
						
            
            <a class="navhash" href="#513">#</a>
						
              <code id="513">tetris.c:405:2: warning: implicit declaration of function 'sprintf' [-Wimplicit-function-declaration]</code><br />
						
            
            <a class="navhash" href="#514">#</a>
						
              <code id="514">  s = buf + sprintf(buf, "f %d ", my_playernum);</code><br />
						
            
            <a class="navhash" href="#515">#</a>
						
              <code id="515">  ^</code><br />
						
            
            <a class="navhash" href="#516">#</a>
						
              <code id="516">tetrinet.c:643:20: error: 'errno' undeclared (first use in this function)</code><br />
						
            
            <a class="navhash" href="#517">#</a>
						
              <code id="517">   server, strerror(errno));</code><br />
						
            
            <a class="navhash" href="#518">#</a>
						
              <code id="518">                    ^</code><br />
						
            
            <a class="navhash" href="#519">#</a>
						
              <code id="519">tetris.c:405:12: warning: incompatible implicit declaration of built-in function 'sprintf' [enabled by default]</code><br />
						
            
            <a class="navhash" href="#520">#</a>
						
              <code id="520">  s = buf + sprintf(buf, "f %d ", my_playernum);</code><br />
						
            
            <a class="navhash" href="#521">#</a>
						
              <code id="521">            ^</code><br />
						
            
            <a class="navhash" href="#522">#</a>
						
              <code id="522">tetrinet.c:646:5: warning: incompatible implicit declaration of built-in function 'sprintf' [enabled by default]</code><br />
						
            
            <a class="navhash" href="#523">#</a>
						
              <code id="523">     sprintf(nickmsg, "tetri%s %s 1.13", tetrifast ? "faster" : "sstart", nick);</code><br />
						
            
            <a class="navhash" href="#524">#</a>
						
              <code id="524">     ^</code><br />
						
            
            <a class="navhash" href="#525">#</a>
						
              <code id="525">tetris.c:424:5: warning: implicit declaration of function 'strlen' [-Wimplicit-function-declaration]</code><br />
						
            
            <a class="navhash" href="#526">#</a>
						
              <code id="526">     || strlen(buf)-4 > FIELD_WIDTH*FIELD_HEIGHT) {</code><br />
						
            
            <a class="navhash" href="#527">#</a>
						
              <code id="527">     ^</code><br />
						
            
            <a class="navhash" href="#528">#</a>
						
              <code id="528">tetrinet.c:659:6: warning: incompatible implicit declaration of built-in function 'fprintf' [enabled by default]</code><br />
						
            
            <a class="navhash" href="#529">#</a>
						
              <code id="529">      fprintf(stderr, "Server %s closed connection\n", server);</code><br />
						
            
            <a class="navhash" href="#530">#</a>
						
              <code id="530">      ^</code><br />
						
            
            <a class="navhash" href="#531">#</a>
						
              <code id="531">tetris.c:424:8: warning: incompatible implicit declaration of built-in function 'strlen' [enabled by default]</code><br />
						
            
            <a class="navhash" href="#532">#</a>
						
              <code id="532">     || strlen(buf)-4 > FIELD_WIDTH*FIELD_HEIGHT) {</code><br />
						
            
            <a class="navhash" href="#533">#</a>
						
              <code id="533">        ^</code><br />
						
            
            <a class="navhash" href="#534">#</a>
						
              <code id="534">tetrinet.c:667:31: warning: incompatible implicit declaration of built-in function 'strdup' [enabled by default]</code><br />
						
            
            <a class="navhash" href="#535">#</a>
						
              <code id="535">     players[my_playernum-1] = strdup(nick);</code><br />
						
            
            <a class="navhash" href="#536">#</a>
						
              <code id="536">                               ^</code><br />
						
            
            <a class="navhash" href="#537">#</a>
						
              <code id="537">tetris.c:426:12: warning: incompatible implicit declaration of built-in function 'sprintf' [enabled by default]</code><br />
						
            
            <a class="navhash" href="#538">#</a>
						
              <code id="538">  s = buf + sprintf(buf, "f %d ", my_playernum);</code><br />
						
            
            <a class="navhash" href="#539">#</a>
						
              <code id="539">            ^</code><br />
						
            
            <a class="navhash" href="#540">#</a>
						
              <code id="540">tetris.c: In function 'new_piece':</code><br />
						
            
            <a class="navhash" href="#541">#</a>
						
              <code id="541">tetris.c:472:14: error: 'NULL' undeclared (first use in this function)</code><br />
						
            
            <a class="navhash" href="#542">#</a>
						
              <code id="542">   send_field(NULL);</code><br />
						
            
            <a class="navhash" href="#543">#</a>
						
              <code id="543">              ^</code><br />
						
            
            <a class="navhash" href="#544">#</a>
						
              <code id="544">tetris.c:482:5: warning: implicit declaration of function 'gettimeofday' [-Wimplicit-function-declaration]</code><br />
						
            
            <a class="navhash" href="#545">#</a>
						
              <code id="545">     gettimeofday(&timeout, NULL);</code><br />
						
            
            <a class="navhash" href="#546">#</a>
						
              <code id="546">     ^</code><br />
						
            
            <a class="navhash" href="#547">#</a>
						
              <code id="547">tetris.c:483:5: error: invalid use of undefined type 'struct timeval'</code><br />
						
            
            <a class="navhash" href="#548">#</a>
						
              <code id="548">     timeout.tv_usec += level_delay() * 1000;</code><br />
						
            
            <a class="navhash" href="#549">#</a>
						
              <code id="549">     ^</code><br />
						
            
            <a class="navhash" href="#550">#</a>
						
              <code id="550">tetris.c:484:5: error: invalid use of undefined type 'struct timeval'</code><br />
						
            
            <a class="navhash" href="#551">#</a>
						
              <code id="551">     timeout.tv_sec += timeout.tv_usec / 1000000;</code><br />
						
            
            <a class="navhash" href="#552">#</a>
						
              <code id="552">     ^</code><br />
						
            
            <a class="navhash" href="#553">#</a>
						
              <code id="553">tetris.c:484:5: error: invalid use of undefined type 'struct timeval'</code><br />
						
            
            <a class="navhash" href="#554">#</a>
						
              <code id="554">tetris.c:485:5: error: invalid use of undefined type 'struct timeval'</code><br />
						
            
            <a class="navhash" href="#555">#</a>
						
              <code id="555">     timeout.tv_usec %= 1000000;</code><br />
						
            
            <a class="navhash" href="#556">#</a>
						
              <code id="556">     ^</code><br />
						
            
            <a class="navhash" href="#557">#</a>
						
              <code id="557">cc1: error: no include path in which to search for stdc-predef.h</code><br />
						
            
            <a class="navhash" href="#558">#</a>
						
              <code id="558">tetris.c: In function 'step_down':</code><br />
						
            
            <a class="navhash" href="#559">#</a>
						
              <code id="559">tetris.c:509:25: error: 'NULL' undeclared (first use in this function)</code><br />
						
            
            <a class="navhash" href="#560">#</a>
						
              <code id="560">  gettimeofday(&timeout, NULL);</code><br />
						
            
            <a class="navhash" href="#561">#</a>
						
              <code id="561">                         ^</code><br />
						
            
            <a class="navhash" href="#562">#</a>
						
              <code id="562">tetris.c:510:2: error: invalid use of undefined type 'struct timeval'</code><br />
						
            
            <a class="navhash" href="#563">#</a>
						
              <code id="563">  timeout.tv_usec += level_delay() * 1000;</code><br />
						
            
            <a class="navhash" href="#564">#</a>
						
              <code id="564">  ^</code><br />
						
            
            <a class="navhash" href="#565">#</a>
						
              <code id="565">tty.c:9:19: error: no include path in which to search for stdio.h</code><br />
						
            
            <a class="navhash" href="#566">#</a>
						
              <code id="566"> #include <stdio.h></code><br />
						
            
            <a class="navhash" href="#567">#</a>
						
              <code id="567">                   ^</code><br />
						
            
            <a class="navhash" href="#568">#</a>
						
              <code id="568">tty.c:10:20: error: no include path in which to search for stdlib.h</code><br />
						
            
            <a class="navhash" href="#569">#</a>
						
              <code id="569"> #include <stdlib.h></code><br />
						
            
            <a class="navhash" href="#570">#</a>
						
              <code id="570">                    ^</code><br />
						
            
            <a class="navhash" href="#571">#</a>
						
              <code id="571">tty.c:11:20: error: no include path in which to search for string.h</code><br />
						
            
            <a class="navhash" href="#572">#</a>
						
              <code id="572"> #include <string.h></code><br />
						
            
            <a class="navhash" href="#573">#</a>
						
              <code id="573">                    ^</code><br />
						
            
            <a class="navhash" href="#574">#</a>
						
              <code id="574">tetris.c:511:2: error: invalid use of undefined type 'struct timeval'</code><br />
						
            
            <a class="navhash" href="#575">#</a>
						
              <code id="575">  timeout.tv_sec += timeout.tv_usec / 1000000;</code><br />
						
            
            <a class="navhash" href="#576">#</a>
						
              <code id="576">  ^</code><br />
						
            
            <a class="navhash" href="#577">#</a>
						
              <code id="577">tetris.c:511:2: error: invalid use of undefined type 'struct timeval'</code><br />
						
            
            <a class="navhash" href="#578">#</a>
						
              <code id="578">tty.c:12:20: error: no include path in which to search for unistd.h</code><br />
						
            
            <a class="navhash" href="#579">#</a>
						
              <code id="579"> #include <unistd.h></code><br />
						
            
            <a class="navhash" href="#580">#</a>
						
              <code id="580">                    ^</code><br />
						
            
            <a class="navhash" href="#581">#</a>
						
              <code id="581">tty.c:13:19: error: no include path in which to search for ctype.h</code><br />
						
            
            <a class="navhash" href="#582">#</a>
						
              <code id="582"> #include <ctype.h></code><br />
						
            
            <a class="navhash" href="#583">#</a>
						
              <code id="583">                   ^</code><br />
						
            
            <a class="navhash" href="#584">#</a>
						
              <code id="584">tty.c:14:20: error: no include path in which to search for curses.h</code><br />
						
            
            <a class="navhash" href="#585">#</a>
						
              <code id="585"> #include <curses.h></code><br />
						
            
            <a class="navhash" href="#586">#</a>
						
              <code id="586">                    ^</code><br />
						
            
            <a class="navhash" href="#587">#</a>
						
              <code id="587">tty.c:15:19: error: no include path in which to search for errno.h</code><br />
						
            
            <a class="navhash" href="#588">#</a>
						
              <code id="588"> #include <errno.h></code><br />
						
            
            <a class="navhash" href="#589">#</a>
						
              <code id="589">                   ^</code><br />
						
            
            <a class="navhash" href="#590">#</a>
						
              <code id="590">tetris.c:512:2: error: invalid use of undefined type 'struct timeval'</code><br />
						
            
            <a class="navhash" href="#591">#</a>
						
              <code id="591">  timeout.tv_usec %= 1000000;</code><br />
						
            
            <a class="navhash" href="#592">#</a>
						
              <code id="592">  ^</code><br />
						
            
            <a class="navhash" href="#593">#</a>
						
              <code id="593">tty.c:16:20: error: no include path in which to search for signal.h</code><br />
						
            
            <a class="navhash" href="#594">#</a>
						
              <code id="594"> #include <signal.h></code><br />
						
            
            <a class="navhash" href="#595">#</a>
						
              <code id="595">                    ^</code><br />
						
            
            <a class="navhash" href="#596">#</a>
						
              <code id="596">tty.c:17:22: error: no include path in which to search for sys/time.h</code><br />
						
            
            <a class="navhash" href="#597">#</a>
						
              <code id="597"> #include <sys/time.h></code><br />
						
            
            <a class="navhash" href="#598">#</a>
						
              <code id="598">                      ^</code><br />
						
            
            <a class="navhash" href="#599">#</a>
						
              <code id="599">tetris.c:518:2: warning: implicit declaration of function 'memcpy' [-Wimplicit-function-declaration]</code><br />
						
            
            <a class="navhash" href="#600">#</a>
						
              <code id="600">  memcpy(&oldfield, f, sizeof(oldfield));</code><br />
						
            
            <a class="navhash" href="#601">#</a>
						
              <code id="601">  ^</code><br />
						
            
            <a class="navhash" href="#602">#</a>
						
              <code id="602">tetris.c:518:2: warning: incompatible implicit declaration of built-in function 'memcpy' [enabled by default]</code><br />
						
            
            <a class="navhash" href="#603">#</a>
						
              <code id="603">tetris.c:528:6: warning: incompatible implicit declaration of built-in function 'sprintf' [enabled by default]</code><br />
						
            
            <a class="navhash" href="#604">#</a>
						
              <code id="604">      sprintf(buf, "cs%d", completed);</code><br />
						
            
            <a class="navhash" href="#605">#</a>
						
              <code id="605">      ^</code><br />
						
            
            <a class="navhash" href="#606">#</a>
						
              <code id="606">In file included from tty.c:18:0:</code><br />
						
            
            <a class="navhash" href="#607">#</a>
						
              <code id="607">tetrinet.h:77:12: warning: built-in function 'log' declared as non-function [enabled by default]</code><br />
						
            
            <a class="navhash" href="#608">#</a>
						
              <code id="608"> extern int log;</code><br />
						
            
            <a class="navhash" href="#609">#</a>
						
              <code id="609">            ^</code><br />
						
            
            <a class="navhash" href="#610">#</a>
						
              <code id="610">tetris.c:547:2: error: invalid use of undefined type 'struct timeval'</code><br />
						
            
            <a class="navhash" href="#611">#</a>
						
              <code id="611">  timeout.tv_usec += tetrifast ? 0 : 600000;</code><br />
						
            
            <a class="navhash" href="#612">#</a>
						
              <code id="612">  ^</code><br />
						
            
            <a class="navhash" href="#613">#</a>
						
              <code id="613">tetris.c:548:2: error: invalid use of undefined type 'struct timeval'</code><br />
						
            
            <a class="navhash" href="#614">#</a>
						
              <code id="614">  timeout.tv_sec += timeout.tv_usec / 1000000;</code><br />
						
            
            <a class="navhash" href="#615">#</a>
						
              <code id="615">  ^</code><br />
						
            
            <a class="navhash" href="#616">#</a>
						
              <code id="616">tetris.c:548:2: error: invalid use of undefined type 'struct timeval'</code><br />
						
            
            <a class="navhash" href="#617">#</a>
						
              <code id="617">tetris.c:549:2: error: invalid use of undefined type 'struct timeval'</code><br />
						
            
            <a class="navhash" href="#618">#</a>
						
              <code id="618">  timeout.tv_usec %= 1000000;</code><br />
						
            
            <a class="navhash" href="#619">#</a>
						
              <code id="619">  ^</code><br />
						
            
            <a class="navhash" href="#620">#</a>
						
              <code id="620">tetris.c: In function 'do_special':</code><br />
						
            
            <a class="navhash" href="#621">#</a>
						
              <code id="621">tetris.c:573:5: warning: incompatible implicit declaration of built-in function 'memcpy' [enabled by default]</code><br />
						
            
            <a class="navhash" href="#622">#</a>
						
              <code id="622">     memcpy(&oldfield, f, sizeof(Field));</code><br />
						
            
            <a class="navhash" href="#623">#</a>
						
              <code id="623">     ^</code><br />
						
            
            <a class="navhash" href="#624">#</a>
						
              <code id="624">tty.c: In function 'wait_for_input':</code><br />
						
            
            <a class="navhash" href="#625">#</a>
						<span class="error">
              <code id="625">tty.c:44:5: error: unknown type name 'fd_set'</code><br />
						</span>
            
            <a class="navhash" href="#626">#</a>
						
              <code id="626">     fd_set fds;</code><br />
						
            
            <a class="navhash" href="#627">#</a>
						
              <code id="627">     ^</code><br />
						
            
            <a class="navhash" href="#628">#</a>
						
              <code id="628">tetris.c:575:5: warning: implicit declaration of function 'strncmp' [-Wimplicit-function-declaration]</code><br />
						
            
            <a class="navhash" href="#629">#</a>
						
              <code id="629">     if (strncmp(type, "cs", 2) == 0) {</code><br />
						
            
            <a class="navhash" href="#630">#</a>
						
              <code id="630">     ^</code><br />
						
            
            <a class="navhash" href="#631">#</a>
						
              <code id="631">tty.c:45:20: error: storage size of 'tv' isn't known</code><br />
						
            
            <a class="navhash" href="#632">#</a>
						
              <code id="632">     struct timeval tv;</code><br />
						
            
            <a class="navhash" href="#633">#</a>
						
              <code id="633">                    ^</code><br />
						
            
            <a class="navhash" href="#634">#</a>
						
              <code id="634">tty.c:49:5: warning: implicit declaration of function 'FD_ZERO' [-Wimplicit-function-declaration]</code><br />
						
            
            <a class="navhash" href="#635">#</a>
						
              <code id="635">     FD_ZERO(&fds);</code><br />
						
            
            <a class="navhash" href="#636">#</a>
						
              <code id="636">     ^</code><br />
						
            
            <a class="navhash" href="#637">#</a>
						
              <code id="637">tetris.c:576:2: warning: implicit declaration of function 'atoi' [-Wimplicit-function-declaration]</code><br />
						
            
            <a class="navhash" href="#638">#</a>
						
              <code id="638">  int nlines = atoi(type+2);</code><br />
						
            
            <a class="navhash" href="#639">#</a>
						
              <code id="639">  ^</code><br />
						
            
            <a class="navhash" href="#640">#</a>
						
              <code id="640">tty.c:50:5: warning: implicit declaration of function 'FD_SET' [-Wimplicit-function-declaration]</code><br />
						
            
            <a class="navhash" href="#641">#</a>
						
              <code id="641">     FD_SET(0, &fds);</code><br />
						
            
            <a class="navhash" href="#642">#</a>
						
              <code id="642">     ^</code><br />
						
            
            <a class="navhash" href="#643">#</a>
						
              <code id="643">tty.c:54:5: warning: implicit declaration of function 'select' [-Wimplicit-function-declaration]</code><br />
						
            
            <a class="navhash" href="#644">#</a>
						
              <code id="644">     while (select(server_sock+1, &fds, NULL, NULL, msec<0 ? NULL : &tv) < 0) {</code><br />
						
            
            <a class="navhash" href="#645">#</a>
						
              <code id="645">     ^</code><br />
						
            
            <a class="navhash" href="#646">#</a>
						
              <code id="646">tetris.c:581:3: warning: implicit declaration of function 'strcmp' [-Wimplicit-function-declaration]</code><br />
						
            
            <a class="navhash" href="#647">#</a>
						
              <code id="647">   || strcmp(teams[my_playernum-1],teams[from-1]) != 0</code><br />
						
            
            <a class="navhash" href="#648">#</a>
						
              <code id="648">   ^</code><br />
						
            
            <a class="navhash" href="#649">#</a>
						
              <code id="649">tty.c:54:40: error: 'NULL' undeclared (first use in this function)</code><br />
						
            
            <a class="navhash" href="#650">#</a>
						
              <code id="650">     while (select(server_sock+1, &fds, NULL, NULL, msec<0 ? NULL : &tv) < 0) {</code><br />
						
            
            <a class="navhash" href="#651">#</a>
						
              <code id="651">                                        ^</code><br />
						
            
            <a class="navhash" href="#652">#</a>
						
              <code id="652">tty.c:54:40: note: each undeclared identifier is reported only once for each function it appears in</code><br />
						
            
            <a class="navhash" href="#653">#</a>
						
              <code id="653">tty.c:55:6: error: 'errno' undeclared (first use in this function)</code><br />
						
            
            <a class="navhash" href="#654">#</a>
						
              <code id="654">  if (errno != EINTR)</code><br />
						
            
            <a class="navhash" href="#655">#</a>
						
              <code id="655">      ^</code><br />
						
            
            <a class="navhash" href="#656">#</a>
						
              <code id="656">tty.c:55:15: error: 'EINTR' undeclared (first use in this function)</code><br />
						
            
            <a class="navhash" href="#657">#</a>
						
              <code id="657">  if (errno != EINTR)</code><br />
						
            
            <a class="navhash" href="#658">#</a>
						
              <code id="658">               ^</code><br />
						
            
            <a class="navhash" href="#659">#</a>
						
              <code id="659">tty.c:56:6: warning: implicit declaration of function 'perror' [-Wimplicit-function-declaration]</code><br />
						
            
            <a class="navhash" href="#660">#</a>
						
              <code id="660">      perror("Warning: select() failed");</code><br />
						
            
            <a class="navhash" href="#661">#</a>
						
              <code id="661">      ^</code><br />
						
            
            <a class="navhash" href="#662">#</a>
						
              <code id="662">tetris.c:584:3: warning: incompatible implicit declaration of built-in function 'memmove' [enabled by default]</code><br />
						
            
            <a class="navhash" href="#663">#</a>
						
              <code id="663">   memmove((*f)[0], (*f)[1], FIELD_WIDTH*(FIELD_HEIGHT-1));</code><br />
						
            
            <a class="navhash" href="#664">#</a>
						
              <code id="664">   ^</code><br />
						
            
            <a class="navhash" href="#665">#</a>
						
              <code id="665">tty.c:58:5: warning: implicit declaration of function 'FD_ISSET' [-Wimplicit-function-declaration]</code><br />
						
            
            <a class="navhash" href="#666">#</a>
						
              <code id="666">     if (FD_ISSET(0, &fds)) {</code><br />
						
            
            <a class="navhash" href="#667">#</a>
						
              <code id="667">     ^</code><br />
						
            
            <a class="navhash" href="#668">#</a>
						
              <code id="668">tty.c:59:2: warning: implicit declaration of function 'getch' [-Wimplicit-function-declaration]</code><br />
						
            
            <a class="navhash" href="#669">#</a>
						
              <code id="669">  c = getch();</code><br />
						
            
            <a class="navhash" href="#670">#</a>
						
              <code id="670">  ^</code><br />
						
            
            <a class="navhash" href="#671">#</a>
						
              <code id="671">tty.c:69:11: error: 'KEY_UP' undeclared (first use in this function)</code><br />
						
            
            <a class="navhash" href="#672">#</a>
						
              <code id="672">  if (c == KEY_UP)</code><br />
						
            
            <a class="navhash" href="#673">#</a>
						
              <code id="673">           ^</code><br />
						
            
            <a class="navhash" href="#674">#</a>
						
              <code id="674">tetris.c:592:2: warning: incompatible implicit declaration of built-in function 'memmove' [enabled by default]</code><br />
						
            
            <a class="navhash" href="#675">#</a>
						
              <code id="675">  memmove((*f)[0], (*f)[1], FIELD_WIDTH*(FIELD_HEIGHT-1));</code><br />
						
            
            <a class="navhash" href="#676">#</a>
						
              <code id="676">  ^</code><br />
						
            
            <a class="navhash" href="#677">#</a>
						
              <code id="677">tty.c:71:16: error: 'KEY_DOWN' undeclared (first use in this function)</code><br />
						
            
            <a class="navhash" href="#678">#</a>
						
              <code id="678">  else if (c == KEY_DOWN)</code><br />
						
            
            <a class="navhash" href="#679">#</a>
						
              <code id="679">                ^</code><br />
						
            
            <a class="navhash" href="#680">#</a>
						
              <code id="680">tty.c:73:16: error: 'KEY_LEFT' undeclared (first use in this function)</code><br />
						
            
            <a class="navhash" href="#681">#</a>
						
              <code id="681">  else if (c == KEY_LEFT)</code><br />
						
            
            <a class="navhash" href="#682">#</a>
						
              <code id="682">                ^</code><br />
						
            
            <a class="navhash" href="#683">#</a>
						
              <code id="683">tty.c:75:16: error: 'KEY_RIGHT' undeclared (first use in this function)</code><br />
						
            
            <a class="navhash" href="#684">#</a>
						
              <code id="684">  else if (c == KEY_RIGHT)</code><br />
						
            
            <a class="navhash" href="#685">#</a>
						
              <code id="685">                ^</code><br />
						
            
            <a class="navhash" href="#686">#</a>
						
              <code id="686">tty.c:77:2: warning: implicit declaration of function 'KEY_F' [-Wimplicit-function-declaration]</code><br />
						
            
            <a class="navhash" href="#687">#</a>
						
              <code id="687">  else if (c == KEY_F(1) || c == ('1'|0x80) || (escape && c == '1'))</code><br />
						
            
            <a class="navhash" href="#688">#</a>
						
              <code id="688">  ^</code><br />
						
            
            <a class="navhash" href="#689">#</a>
						
              <code id="689">tetris.c:608:2: warning: incompatible implicit declaration of built-in function 'memmove' [enabled by default]</code><br />
						
            
            <a class="navhash" href="#690">#</a>
						
              <code id="690">  memmove((*f)[1], (*f)[0], FIELD_WIDTH*(FIELD_HEIGHT-1));</code><br />
						
            
            <a class="navhash" href="#691">#</a>
						
              <code id="691">  ^</code><br />
						
            
            <a class="navhash" href="#692">#</a>
						
              <code id="692">tty.c:101:16: error: 'KEY_BACKSPACE' undeclared (first use in this function)</code><br />
						
            
            <a class="navhash" href="#693">#</a>
						
              <code id="693">  else if (c == KEY_BACKSPACE)</code><br />
						
            
            <a class="navhash" href="#694">#</a>
						
              <code id="694">                ^</code><br />
						
            
            <a class="navhash" href="#695">#</a>
						
              <code id="695">tetris.c:609:2: warning: incompatible implicit declaration of built-in function 'memset' [enabled by default]</code><br />
						
            
            <a class="navhash" href="#696">#</a>
						
              <code id="696">  memset((*f)[0], 0, FIELD_WIDTH);</code><br />
						
            
            <a class="navhash" href="#697">#</a>
						
              <code id="697">  ^</code><br />
						
            
            <a class="navhash" href="#698">#</a>
						
              <code id="698">tty.c:45:20: warning: unused variable 'tv' [-Wunused-variable]</code><br />
						
            
            <a class="navhash" href="#699">#</a>
						
              <code id="699">     struct timeval tv;</code><br />
						
            
            <a class="navhash" href="#700">#</a>
						
              <code id="700">                    ^</code><br />
						
            
            <a class="navhash" href="#701">#</a>
						
              <code id="701">tty.c: At top level:</code><br />
						
            
            <a class="navhash" href="#702">#</a>
						<span class="error">
              <code id="702">tty.c:133:5: error: unknown type name 'WINDOW'</code><br />
						</span>
            
            <a class="navhash" href="#703">#</a>
						
              <code id="703">     WINDOW *win; /* NULL if not currently displayed */</code><br />
						
            
            <a class="navhash" href="#704">#</a>
						
              <code id="704">     ^</code><br />
						
            
            <a class="navhash" href="#705">#</a>
						<span class="error">
              <code id="705">tty.c:143:1: error: unknown type name 'WINDOW'</code><br />
						</span>
            
            <a class="navhash" href="#706">#</a>
						
              <code id="706"> static WINDOW *gmsg_inputwin;</code><br />
						
            
            <a class="navhash" href="#707">#</a>
						
              <code id="707"> ^</code><br />
						
            
            <a class="navhash" href="#708">#</a>
						
              <code id="708">tty.c: In function 'screen_cleanup':</code><br />
						
            
            <a class="navhash" href="#709">#</a>
						
              <code id="709">tty.c:153:5: warning: implicit declaration of function 'wmove' [-Wimplicit-function-declaration]</code><br />
						
            
            <a class="navhash" href="#710">#</a>
						
              <code id="710">     wmove(stdscr, scrheight-1, 0);</code><br />
						
            
            <a class="navhash" href="#711">#</a>
						
              <code id="711">     ^</code><br />
						
            
            <a class="navhash" href="#712">#</a>
						
              <code id="712">tty.c:153:11: error: 'stdscr' undeclared (first use in this function)</code><br />
						
            
            <a class="navhash" href="#713">#</a>
						
              <code id="713">     wmove(stdscr, scrheight-1, 0);</code><br />
						
            
            <a class="navhash" href="#714">#</a>
						
              <code id="714">           ^</code><br />
						
            
            <a class="navhash" href="#715">#</a>
						
              <code id="715">tty.c:154:5: warning: implicit declaration of function 'wrefresh' [-Wimplicit-function-declaration]</code><br />
						
            
            <a class="navhash" href="#716">#</a>
						
              <code id="716">     wrefresh(stdscr);</code><br />
						
            
            <a class="navhash" href="#717">#</a>
						
              <code id="717">     ^</code><br />
						
            
            <a class="navhash" href="#718">#</a>
						
              <code id="718">tty.c:155:5: warning: implicit declaration of function 'endwin' [-Wimplicit-function-declaration]</code><br />
						
            
            <a class="navhash" href="#719">#</a>
						
              <code id="719">     endwin();</code><br />
						
            
            <a class="navhash" href="#720">#</a>
						
              <code id="720">     ^</code><br />
						
            
            <a class="navhash" href="#721">#</a>
						
              <code id="721">tty.c:156:5: warning: implicit declaration of function 'printf' [-Wimplicit-function-declaration]</code><br />
						
            
            <a class="navhash" href="#722">#</a>
						
              <code id="722">     printf("\n");</code><br />
						
            
            <a class="navhash" href="#723">#</a>
						
              <code id="723">     ^</code><br />
						
            
            <a class="navhash" href="#724">#</a>
						
              <code id="724">tty.c:156:5: warning: incompatible implicit declaration of built-in function 'printf' [enabled by default]</code><br />
						
            
            <a class="navhash" href="#725">#</a>
						
              <code id="725">tetris.c:633:2: warning: incompatible implicit declaration of built-in function 'memset' [enabled by default]</code><br />
						
            
            <a class="navhash" href="#726">#</a>
						
              <code id="726">  memset(*f, 0, FIELD_WIDTH*FIELD_HEIGHT);</code><br />
						
            
            <a class="navhash" href="#727">#</a>
						
              <code id="727">  ^</code><br />
						
            
            <a class="navhash" href="#728">#</a>
						
              <code id="728">tty.c: In function 'sighandler':</code><br />
						
            
            <a class="navhash" href="#729">#</a>
						
              <code id="729">tty.c:169:16: error: 'SIGTSTP' undeclared (first use in this function)</code><br />
						
            
            <a class="navhash" href="#730">#</a>
						
              <code id="730">     if (sig != SIGTSTP) {</code><br />
						
            
            <a class="navhash" href="#731">#</a>
						
              <code id="731">                ^</code><br />
						
            
            <a class="navhash" href="#732">#</a>
						
              <code id="732">tty.c:171:13: error: 'SIGINT' undeclared (first use in this function)</code><br />
						
            
            <a class="navhash" href="#733">#</a>
						
              <code id="733">  if (sig != SIGINT)</code><br />
						
            
            <a class="navhash" href="#734">#</a>
						
              <code id="734">             ^</code><br />
						
            
            <a class="navhash" href="#735">#</a>
						
              <code id="735">tty.c:172:6: warning: implicit declaration of function 'fprintf' [-Wimplicit-function-declaration]</code><br />
						
            
            <a class="navhash" href="#736">#</a>
						
              <code id="736">      fprintf(stderr, "%s\n", strsignal(sig));</code><br />
						
            
            <a class="navhash" href="#737">#</a>
						
              <code id="737">      ^</code><br />
						
            
            <a class="navhash" href="#738">#</a>
						
              <code id="738">tty.c:172:6: warning: incompatible implicit declaration of built-in function 'fprintf' [enabled by default]</code><br />
						
            
            <a class="navhash" href="#739">#</a>
						
              <code id="739">tty.c:172:14: error: 'stderr' undeclared (first use in this function)</code><br />
						
            
            <a class="navhash" href="#740">#</a>
						
              <code id="740">      fprintf(stderr, "%s\n", strsignal(sig));</code><br />
						
            
            <a class="navhash" href="#741">#</a>
						
              <code id="741">              ^</code><br />
						
            
            <a class="navhash" href="#742">#</a>
						
              <code id="742">tty.c:172:6: warning: implicit declaration of function 'strsignal' [-Wimplicit-function-declaration]</code><br />
						
            
            <a class="navhash" href="#743">#</a>
						
              <code id="743">      fprintf(stderr, "%s\n", strsignal(sig));</code><br />
						
            
            <a class="navhash" href="#744">#</a>
						
              <code id="744">      ^</code><br />
						
            
            <a class="navhash" href="#745">#</a>
						
              <code id="745">tty.c:173:2: warning: implicit declaration of function 'exit' [-Wimplicit-function-declaration]</code><br />
						
            
            <a class="navhash" href="#746">#</a>
						
              <code id="746">  exit(1);</code><br />
						
            
            <a class="navhash" href="#747">#</a>
						
              <code id="747">  ^</code><br />
						
            
            <a class="navhash" href="#748">#</a>
						
              <code id="748">tty.c:173:2: warning: incompatible implicit declaration of built-in function 'exit' [enabled by default]</code><br />
						
            
            <a class="navhash" href="#749">#</a>
						
              <code id="749">tty.c:176:5: warning: implicit declaration of function 'signal' [-Wimplicit-function-declaration]</code><br />
						
            
            <a class="navhash" href="#750">#</a>
						
              <code id="750">     signal(SIGTSTP, old_tstp);</code><br />
						
            
            <a class="navhash" href="#751">#</a>
						
              <code id="751">     ^</code><br />
						
            
            <a class="navhash" href="#752">#</a>
						
              <code id="752">tetris.c:653:8: warning: implicit declaration of function 'random' [-Wimplicit-function-declaration]</code><br />
						
            
            <a class="navhash" href="#753">#</a>
						
              <code id="753">        xnew = random() % FIELD_WIDTH;</code><br />
						
            
            <a class="navhash" href="#754">#</a>
						
              <code id="754">        ^</code><br />
						
            
            <a class="navhash" href="#755">#</a>
						
              <code id="755">tty.c:177:5: warning: implicit declaration of function 'raise' [-Wimplicit-function-declaration]</code><br />
						
            
            <a class="navhash" href="#756">#</a>
						
              <code id="756">     raise(SIGTSTP);</code><br />
						
            
            <a class="navhash" href="#757">#</a>
						
              <code id="757">     ^</code><br />
						
            
            <a class="navhash" href="#758">#</a>
						
              <code id="758">tty.c:178:5: warning: implicit declaration of function 'doupdate' [-Wimplicit-function-declaration]</code><br />
						
            
            <a class="navhash" href="#759">#</a>
						
              <code id="759">     doupdate();</code><br />
						
            
            <a class="navhash" href="#760">#</a>
						
              <code id="760">     ^</code><br />
						
            
            <a class="navhash" href="#761">#</a>
						
              <code id="761">tty.c: In function 'getcolor':</code><br />
						
            
            <a class="navhash" href="#762">#</a>
						
              <code id="762">tty.c:196:2: warning: implicit declaration of function 'start_color' [-Wimplicit-function-declaration]</code><br />
						
            
            <a class="navhash" href="#763">#</a>
						
              <code id="763">  start_color();</code><br />
						
            
            <a class="navhash" href="#764">#</a>
						
              <code id="764">  ^</code><br />
						
            
            <a class="navhash" href="#765">#</a>
						
              <code id="765">tty.c:197:2: warning: implicit declaration of function 'memset' [-Wimplicit-function-declaration]</code><br />
						
            
            <a class="navhash" href="#766">#</a>
						
              <code id="766">  memset(colors, -1, sizeof(colors));</code><br />
						
            
            <a class="navhash" href="#767">#</a>
						
              <code id="767">  ^</code><br />
						
            
            <a class="navhash" href="#768">#</a>
						
              <code id="768">tty.c:197:2: warning: incompatible implicit declaration of built-in function 'memset' [enabled by default]</code><br />
						
            
            <a class="navhash" href="#769">#</a>
						
              <code id="769">tty.c:198:17: error: 'COLOR_WHITE' undeclared (first use in this function)</code><br />
						
            
            <a class="navhash" href="#770">#</a>
						
              <code id="770">  colors[0][0] = COLOR_WHITE;</code><br />
						
            
            <a class="navhash" href="#771">#</a>
						
              <code id="771">                 ^</code><br />
						
            
            <a class="navhash" href="#772">#</a>
						
              <code id="772">tetris.c:672:3: warning: incompatible implicit declaration of built-in function 'memmove' [enabled by default]</code><br />
						
            
            <a class="navhash" href="#773">#</a>
						
              <code id="773">   memmove((*f)[y], (*f)[y]+1, FIELD_WIDTH-1);</code><br />
						
            
            <a class="navhash" href="#774">#</a>
						
              <code id="774">   ^</code><br />
						
            
            <a class="navhash" href="#775">#</a>
						
              <code id="775">tty.c:199:17: error: 'COLOR_BLACK' undeclared (first use in this function)</code><br />
						
            
            <a class="navhash" href="#776">#</a>
						
              <code id="776">  colors[0][1] = COLOR_BLACK;</code><br />
						
            
            <a class="navhash" href="#777">#</a>
						
              <code id="777">                 ^</code><br />
						
            
            <a class="navhash" href="#778">#</a>
						
              <code id="778">tty.c:202:2: warning: implicit declaration of function 'COLOR_PAIR' [-Wimplicit-function-declaration]</code><br />
						
            
            <a class="navhash" href="#779">#</a>
						
              <code id="779">  return COLOR_PAIR(0);</code><br />
						
            
            <a class="navhash" href="#780">#</a>
						
              <code id="780">  ^</code><br />
						
            
            <a class="navhash" href="#781">#</a>
						
              <code id="781">tty.c:209:6: warning: implicit declaration of function 'init_pair' [-Wimplicit-function-declaration]</code><br />
						
            
            <a class="navhash" href="#782">#</a>
						
              <code id="782">      if (init_pair(i, fg, bg) == ERR)</code><br />
						
            
            <a class="navhash" href="#783">#</a>
						
              <code id="783">      ^</code><br />
						
            
            <a class="navhash" href="#784">#</a>
						
              <code id="784">tty.c:209:34: error: 'ERR' undeclared (first use in this function)</code><br />
						
            
            <a class="navhash" href="#785">#</a>
						
              <code id="785">      if (init_pair(i, fg, bg) == ERR)</code><br />
						
            
            <a class="navhash" href="#786">#</a>
						
              <code id="786">                                  ^</code><br />
						
            
            <a class="navhash" href="#787">#</a>
						
              <code id="787">tetris.c:679:3: warning: incompatible implicit declaration of built-in function 'memmove' [enabled by default]</code><br />
						
            
            <a class="navhash" href="#788">#</a>
						
              <code id="788">   memmove((*f)[y]+1, (*f)[y], FIELD_WIDTH-1);</code><br />
						
            
            <a class="navhash" href="#789">#</a>
						
              <code id="789">   ^</code><br />
						
            
            <a class="navhash" href="#790">#</a>
						
              <code id="790">make: *** [Makefile:33: tetrinet.o] Error 1</code><br />
						
            
            <a class="navhash" href="#791">#</a>
						
              <code id="791">tty.c: In function 'screen_setup':</code><br />
						
            
            <a class="navhash" href="#792">#</a>
						
              <code id="792">tty.c:227:12: error: 'SIGINT' undeclared (first use in this function)</code><br />
						
            
            <a class="navhash" href="#793">#</a>
						
              <code id="793">     signal(SIGINT, SIG_IGN);</code><br />
						
            
            <a class="navhash" href="#794">#</a>
						
              <code id="794">            ^</code><br />
						
            
            <a class="navhash" href="#795">#</a>
						
              <code id="795">tty.c:227:20: error: 'SIG_IGN' undeclared (first use in this function)</code><br />
						
            
            <a class="navhash" href="#796">#</a>
						
              <code id="796">     signal(SIGINT, SIG_IGN);</code><br />
						
            
            <a class="navhash" href="#797">#</a>
						
              <code id="797">                    ^</code><br />
						
            
            <a class="navhash" href="#798">#</a>
						
              <code id="798">tty.c:228:12: error: 'SIGQUIT' undeclared (first use in this function)</code><br />
						
            
            <a class="navhash" href="#799">#</a>
						
              <code id="799">     signal(SIGQUIT, SIG_IGN);</code><br />
						
            
            <a class="navhash" href="#800">#</a>
						
              <code id="800">            ^</code><br />
						
            
            <a class="navhash" href="#801">#</a>
						
              <code id="801">tty.c:229:12: error: 'SIGTSTP' undeclared (first use in this function)</code><br />
						
            
            <a class="navhash" href="#802">#</a>
						
              <code id="802">     signal(SIGTSTP, SIG_IGN);</code><br />
						
            
            <a class="navhash" href="#803">#</a>
						
              <code id="803">            ^</code><br />
						
            
            <a class="navhash" href="#804">#</a>
						
              <code id="804">tty.c:231:5: warning: implicit declaration of function 'initscr' [-Wimplicit-function-declaration]</code><br />
						
            
            <a class="navhash" href="#805">#</a>
						
              <code id="805">     initscr();</code><br />
						
            
            <a class="navhash" href="#806">#</a>
						
              <code id="806">     ^</code><br />
						
            
            <a class="navhash" href="#807">#</a>
						
              <code id="807">tty.c:232:5: warning: implicit declaration of function 'cbreak' [-Wimplicit-function-declaration]</code><br />
						
            
            <a class="navhash" href="#808">#</a>
						
              <code id="808">     cbreak();</code><br />
						
            
            <a class="navhash" href="#809">#</a>
						
              <code id="809">     ^</code><br />
						
            
            <a class="navhash" href="#810">#</a>
						
              <code id="810">tty.c:233:5: warning: implicit declaration of function 'noecho' [-Wimplicit-function-declaration]</code><br />
						
            
            <a class="navhash" href="#811">#</a>
						
              <code id="811">     noecho();</code><br />
						
            
            <a class="navhash" href="#812">#</a>
						
              <code id="812">     ^</code><br />
						
            
            <a class="navhash" href="#813">#</a>
						
              <code id="813">tty.c:234:5: warning: implicit declaration of function 'nodelay' [-Wimplicit-function-declaration]</code><br />
						
            
            <a class="navhash" href="#814">#</a>
						
              <code id="814">     nodelay(stdscr, TRUE);</code><br />
						
            
            <a class="navhash" href="#815">#</a>
						
              <code id="815">     ^</code><br />
						
            
            <a class="navhash" href="#816">#</a>
						
              <code id="816">tty.c:234:13: error: 'stdscr' undeclared (first use in this function)</code><br />
						
            
            <a class="navhash" href="#817">#</a>
						
              <code id="817">     nodelay(stdscr, TRUE);</code><br />
						
            
            <a class="navhash" href="#818">#</a>
						
              <code id="818">             ^</code><br />
						
            
            <a class="navhash" href="#819">#</a>
						
              <code id="819">tty.c:234:21: error: 'TRUE' undeclared (first use in this function)</code><br />
						
            
            <a class="navhash" href="#820">#</a>
						
              <code id="820">     nodelay(stdscr, TRUE);</code><br />
						
            
            <a class="navhash" href="#821">#</a>
						
              <code id="821">                     ^</code><br />
						
            
            <a class="navhash" href="#822">#</a>
						
              <code id="822">tty.c:235:5: warning: implicit declaration of function 'keypad' [-Wimplicit-function-declaration]</code><br />
						
            
            <a class="navhash" href="#823">#</a>
						
              <code id="823">     keypad(stdscr, TRUE);</code><br />
						
            
            <a class="navhash" href="#824">#</a>
						
              <code id="824">     ^</code><br />
						
            
            <a class="navhash" href="#825">#</a>
						
              <code id="825">tetris.c:706:6: warning: incompatible implicit declaration of built-in function 'memset' [enabled by default]</code><br />
						
            
            <a class="navhash" href="#826">#</a>
						
              <code id="826">      memset(fields[my_playernum-1], 0, 6*FIELD_WIDTH);</code><br />
						
            
            <a class="navhash" href="#827">#</a>
						
              <code id="827">      ^</code><br />
						
            
            <a class="navhash" href="#828">#</a>
						
              <code id="828">tty.c:236:5: warning: implicit declaration of function 'leaveok' [-Wimplicit-function-declaration]</code><br />
						
            
            <a class="navhash" href="#829">#</a>
						
              <code id="829">     leaveok(stdscr, TRUE);</code><br />
						
            
            <a class="navhash" href="#830">#</a>
						
              <code id="830">     ^</code><br />
						
            
            <a class="navhash" href="#831">#</a>
						
              <code id="831">tty.c:237:5: warning: implicit declaration of function 'has_colors' [-Wimplicit-function-declaration]</code><br />
						
            
            <a class="navhash" href="#832">#</a>
						
              <code id="832">     if ((has_color = has_colors()))</code><br />
						
            
            <a class="navhash" href="#833">#</a>
						
              <code id="833">     ^</code><br />
						
            
            <a class="navhash" href="#834">#</a>
						
              <code id="834">tty.c:239:5: warning: implicit declaration of function 'getmaxyx' [-Wimplicit-function-declaration]</code><br />
						
            
            <a class="navhash" href="#835">#</a>
						
              <code id="835">     getmaxyx(stdscr, scrheight, scrwidth);</code><br />
						
            
            <a class="navhash" href="#836">#</a>
						
              <code id="836">     ^</code><br />
						
            
            <a class="navhash" href="#837">#</a>
						
              <code id="837">tty.c:243:5: warning: implicit declaration of function 'atexit' [-Wimplicit-function-declaration]</code><br />
						
            
            <a class="navhash" href="#838">#</a>
						
              <code id="838">     atexit(screen_cleanup);</code><br />
						
            
            <a class="navhash" href="#839">#</a>
						
              <code id="839">     ^</code><br />
						
            
            <a class="navhash" href="#840">#</a>
						
              <code id="840">tty.c:248:12: error: 'SIGTERM' undeclared (first use in this function)</code><br />
						
            
            <a class="navhash" href="#841">#</a>
						
              <code id="841">     signal(SIGTERM, sighandler);</code><br />
						
            
            <a class="navhash" href="#842">#</a>
						
              <code id="842">            ^</code><br />
						
            
            <a class="navhash" href="#843">#</a>
						
              <code id="843">tetris.c: In function 'gmsg_input':</code><br />
						
            
            <a class="navhash" href="#844">#</a>
						
              <code id="844">tty.c:249:12: error: 'SIGHUP' undeclared (first use in this function)</code><br />
						
            
            <a class="navhash" href="#845">#</a>
						
              <code id="845">     signal(SIGHUP, sighandler);</code><br />
						
            
            <a class="navhash" href="#846">#</a>
						
              <code id="846">            ^</code><br />
						
            
            <a class="navhash" href="#847">#</a>
						
              <code id="847">tty.c:250:12: error: 'SIGSEGV' undeclared (first use in this function)</code><br />
						
            
            <a class="navhash" href="#848">#</a>
						
              <code id="848">     signal(SIGSEGV, sighandler);</code><br />
						
            
            <a class="navhash" href="#849">#</a>
						
              <code id="849">            ^</code><br />
						
            
            <a class="navhash" href="#850">#</a>
						
              <code id="850">tty.c:251:12: error: 'SIGABRT' undeclared (first use in this function)</code><br />
						
            
            <a class="navhash" href="#851">#</a>
						
              <code id="851">     signal(SIGABRT, sighandler);</code><br />
						
            
            <a class="navhash" href="#852">#</a>
						
              <code id="852">            ^</code><br />
						
            
            <a class="navhash" href="#853">#</a>
						
              <code id="853">tty.c:252:12: error: 'SIGIOT' undeclared (first use in this function)</code><br />
						
            
            <a class="navhash" href="#854">#</a>
						
              <code id="854">     signal(SIGIOT, sighandler);</code><br />
						
            
            <a class="navhash" href="#855">#</a>
						
              <code id="855">            ^</code><br />
						
            
            <a class="navhash" href="#856">#</a>
						
              <code id="856">tty.c:253:12: error: 'SIGTRAP' undeclared (first use in this function)</code><br />
						
            
            <a class="navhash" href="#857">#</a>
						
              <code id="857">     signal(SIGTRAP, sighandler);</code><br />
						
            
            <a class="navhash" href="#858">#</a>
						
              <code id="858">            ^</code><br />
						
            
            <a class="navhash" href="#859">#</a>
						
              <code id="859">tetris.c:739:2: warning: incompatible implicit declaration of built-in function 'memmove' [enabled by default]</code><br />
						
            
            <a class="navhash" href="#860">#</a>
						
              <code id="860">  memmove(curpos+1, curpos, strlen(curpos)+1);</code><br />
						
            
            <a class="navhash" href="#861">#</a>
						
              <code id="861">  ^</code><br />
						
            
            <a class="navhash" href="#862">#</a>
						
              <code id="862">tty.c:254:12: error: 'SIGBUS' undeclared (first use in this function)</code><br />
						
            
            <a class="navhash" href="#863">#</a>
						
              <code id="863">     signal(SIGBUS, sighandler);</code><br />
						
            
            <a class="navhash" href="#864">#</a>
						
              <code id="864">            ^</code><br />
						
            
            <a class="navhash" href="#865">#</a>
						
              <code id="865">tty.c:255:12: error: 'SIGFPE' undeclared (first use in this function)</code><br />
						
            
            <a class="navhash" href="#866">#</a>
						
              <code id="866">     signal(SIGFPE, sighandler);</code><br />
						
            
            <a class="navhash" href="#867">#</a>
						
              <code id="867">            ^</code><br />
						
            
            <a class="navhash" href="#868">#</a>
						
              <code id="868">tty.c:256:12: error: 'SIGUSR1' undeclared (first use in this function)</code><br />
						
            
            <a class="navhash" href="#869">#</a>
						
              <code id="869">     signal(SIGUSR1, sighandler);</code><br />
						
            
            <a class="navhash" href="#870">#</a>
						
              <code id="870">            ^</code><br />
						
            
            <a class="navhash" href="#871">#</a>
						
              <code id="871">tty.c:257:12: error: 'SIGUSR2' undeclared (first use in this function)</code><br />
						
            
            <a class="navhash" href="#872">#</a>
						
              <code id="872">     signal(SIGUSR2, sighandler);</code><br />
						
            
            <a class="navhash" href="#873">#</a>
						
              <code id="873">            ^</code><br />
						
            
            <a class="navhash" href="#874">#</a>
						
              <code id="874">tty.c:258:12: error: 'SIGALRM' undeclared (first use in this function)</code><br />
						
            
            <a class="navhash" href="#875">#</a>
						
              <code id="875">     signal(SIGALRM, sighandler);</code><br />
						
            
            <a class="navhash" href="#876">#</a>
						
              <code id="876">            ^</code><br />
						
            
            <a class="navhash" href="#877">#</a>
						
              <code id="877">tty.c:263:12: error: 'SIGXCPU' undeclared (first use in this function)</code><br />
						
            
            <a class="navhash" href="#878">#</a>
						
              <code id="878">     signal(SIGXCPU, sighandler);</code><br />
						
            
            <a class="navhash" href="#879">#</a>
						
              <code id="879">            ^</code><br />
						
            
            <a class="navhash" href="#880">#</a>
						
              <code id="880">tetris.c:739:28: warning: incompatible implicit declaration of built-in function 'strlen' [enabled by default]</code><br />
						
            
            <a class="navhash" href="#881">#</a>
						
              <code id="881">  memmove(curpos+1, curpos, strlen(curpos)+1);</code><br />
						
            
            <a class="navhash" href="#882">#</a>
						
              <code id="882">                            ^</code><br />
						
            
            <a class="navhash" href="#883">#</a>
						
              <code id="883">tty.c:264:12: error: 'SIGXFSZ' undeclared (first use in this function)</code><br />
						
            
            <a class="navhash" href="#884">#</a>
						
              <code id="884">     signal(SIGXFSZ, sighandler);</code><br />
						
            
            <a class="navhash" href="#885">#</a>
						
              <code id="885">            ^</code><br />
						
            
            <a class="navhash" href="#886">#</a>
						
              <code id="886">tty.c:265:12: error: 'SIGVTALRM' undeclared (first use in this function)</code><br />
						
            
            <a class="navhash" href="#887">#</a>
						
              <code id="887">     signal(SIGVTALRM, sighandler);</code><br />
						
            
            <a class="navhash" href="#888">#</a>
						
              <code id="888">            ^</code><br />
						
            
            <a class="navhash" href="#889">#</a>
						
              <code id="889">tty.c:268:12: error: 'SIGPIPE' undeclared (first use in this function)</code><br />
						
            
            <a class="navhash" href="#890">#</a>
						
              <code id="890">     signal(SIGPIPE, SIG_IGN);</code><br />
						
            
            <a class="navhash" href="#891">#</a>
						
              <code id="891">            ^</code><br />
						
            
            <a class="navhash" href="#892">#</a>
						
              <code id="892">tty.c: In function 'screen_refresh':</code><br />
						
            
            <a class="navhash" href="#893">#</a>
						
              <code id="893">tty.c:278:2: warning: implicit declaration of function 'touchline' [-Wimplicit-function-declaration]</code><br />
						
            
            <a class="navhash" href="#894">#</a>
						
              <code id="894">  touchline(stdscr, gmsg_inputpos, gmsg_inputheight);</code><br />
						
            
            <a class="navhash" href="#895">#</a>
						
              <code id="895">  ^</code><br />
						
            
            <a class="navhash" href="#896">#</a>
						
              <code id="896">tetris.c: In function 'gmsg_delete':</code><br />
						
            
            <a class="navhash" href="#897">#</a>
						
              <code id="897">tty.c:278:12: error: 'stdscr' undeclared (first use in this function)</code><br />
						
            
            <a class="navhash" href="#898">#</a>
						
              <code id="898">  touchline(stdscr, gmsg_inputpos, gmsg_inputheight);</code><br />
						
            
            <a class="navhash" href="#899">#</a>
						
              <code id="899">            ^</code><br />
						
            
            <a class="navhash" href="#900">#</a>
						
              <code id="900">tty.c:285:5: warning: implicit declaration of function 'wnoutrefresh' [-Wimplicit-function-declaration]</code><br />
						
            
            <a class="navhash" href="#901">#</a>
						
              <code id="901">     wnoutrefresh(stdscr);</code><br />
						
            
            <a class="navhash" href="#902">#</a>
						
              <code id="902">     ^</code><br />
						
            
            <a class="navhash" href="#903">#</a>
						
              <code id="903">tty.c: In function 'screen_redraw':</code><br />
						
            
            <a class="navhash" href="#904">#</a>
						
              <code id="904">tetris.c:750:2: warning: incompatible implicit declaration of built-in function 'memmove' [enabled by default]</code><br />
						
            
            <a class="navhash" href="#905">#</a>
						
              <code id="905">  memmove(curpos, curpos+1, strlen(curpos)-1+1);</code><br />
						
            
            <a class="navhash" href="#906">#</a>
						
              <code id="906">  ^</code><br />
						
            
            <a class="navhash" href="#907">#</a>
						
              <code id="907">tty.c:295:5: warning: implicit declaration of function 'clearok' [-Wimplicit-function-declaration]</code><br />
						
            
            <a class="navhash" href="#908">#</a>
						
              <code id="908">     clearok(stdscr, TRUE);</code><br />
						
            
            <a class="navhash" href="#909">#</a>
						
              <code id="909">     ^</code><br />
						
            
            <a class="navhash" href="#910">#</a>
						
              <code id="910">tty.c:295:13: error: 'stdscr' undeclared (first use in this function)</code><br />
						
            
            <a class="navhash" href="#911">#</a>
						
              <code id="911">     clearok(stdscr, TRUE);</code><br />
						
            
            <a class="navhash" href="#912">#</a>
						
              <code id="912">             ^</code><br />
						
            
            <a class="navhash" href="#913">#</a>
						
              <code id="913">tty.c:295:21: error: 'TRUE' undeclared (first use in this function)</code><br />
						
            
            <a class="navhash" href="#914">#</a>
						
              <code id="914">     clearok(stdscr, TRUE);</code><br />
						
            
            <a class="navhash" href="#915">#</a>
						
              <code id="915">                     ^</code><br />
						
            
            <a class="navhash" href="#916">#</a>
						
              <code id="916">tty.c: In function 'outline':</code><br />
						
            
            <a class="navhash" href="#917">#</a>
						
              <code id="917">tty.c:309:6: warning: implicit declaration of function 'scroll' [-Wimplicit-function-declaration]</code><br />
						
            
            <a class="navhash" href="#918">#</a>
						
              <code id="918">      scroll(buf->win);</code><br />
						
            
            <a class="navhash" href="#919">#</a>
						
              <code id="919">      ^</code><br />
						
            
            <a class="navhash" href="#920">#</a>
						
              <code id="920">tty.c:310:2: warning: implicit declaration of function 'memmove' [-Wimplicit-function-declaration]</code><br />
						
            
            <a class="navhash" href="#921">#</a>
						
              <code id="921">  memmove(buf->text, buf->text+1, (buf->height-1) * sizeof(char *));</code><br />
						
            
            <a class="navhash" href="#922">#</a>
						
              <code id="922">  ^</code><br />
						
            
            <a class="navhash" href="#923">#</a>
						
              <code id="923">tetris.c:750:28: warning: incompatible implicit declaration of built-in function 'strlen' [enabled by default]</code><br />
						
            
            <a class="navhash" href="#924">#</a>
						
              <code id="924">  memmove(curpos, curpos+1, strlen(curpos)-1+1);</code><br />
						
            
            <a class="navhash" href="#925">#</a>
						
              <code id="925">                            ^</code><br />
						
            
            <a class="navhash" href="#926">#</a>
						
              <code id="926">tty.c:310:2: warning: incompatible implicit declaration of built-in function 'memmove' [enabled by default]</code><br />
						
            
            <a class="navhash" href="#927">#</a>
						
              <code id="927">tty.c:314:2: warning: implicit declaration of function 'mvwaddstr' [-Wimplicit-function-declaration]</code><br />
						
            
            <a class="navhash" href="#928">#</a>
						
              <code id="928">  mvwaddstr(buf->win, buf->line, 0, s);</code><br />
						
            
            <a class="navhash" href="#929">#</a>
						
              <code id="929">  ^</code><br />
						
            
            <a class="navhash" href="#930">#</a>
						
              <code id="930">tty.c:316:2: warning: implicit declaration of function 'strdup' [-Wimplicit-function-declaration]</code><br />
						
            
            <a class="navhash" href="#931">#</a>
						
              <code id="931">  buf->text[buf->line] = strdup(s);</code><br />
						
            
            <a class="navhash" href="#932">#</a>
						
              <code id="932">  ^</code><br />
						
            
            <a class="navhash" href="#933">#</a>
						
              <code id="933">tty.c:316:25: warning: incompatible implicit declaration of built-in function 'strdup' [enabled by default]</code><br />
						
            
            <a class="navhash" href="#934">#</a>
						
              <code id="934">  buf->text[buf->line] = strdup(s);</code><br />
						
            
            <a class="navhash" href="#935">#</a>
						
              <code id="935">                         ^</code><br />
						
            
            <a class="navhash" href="#936">#</a>
						
              <code id="936">tetris.c: In function 'gmsg_move':</code><br />
						
            
            <a class="navhash" href="#937">#</a>
						
              <code id="937">tty.c: In function 'draw_text':</code><br />
						
            
            <a class="navhash" href="#938">#</a>
						
              <code id="938">tty.c:337:2: warning: implicit declaration of function 'getyx' [-Wimplicit-function-declaration]</code><br />
						
            
            <a class="navhash" href="#939">#</a>
						
              <code id="939">  getyx(stdscr, y, x);</code><br />
						
            
            <a class="navhash" href="#940">#</a>
						
              <code id="940">  ^</code><br />
						
            
            <a class="navhash" href="#941">#</a>
						
              <code id="941">tty.c:337:8: error: 'stdscr' undeclared (first use in this function)</code><br />
						
            
            <a class="navhash" href="#942">#</a>
						
              <code id="942">  getyx(stdscr, y, x);</code><br />
						
            
            <a class="navhash" href="#943">#</a>
						
              <code id="943">        ^</code><br />
						
            
            <a class="navhash" href="#944">#</a>
						
              <code id="944">tty.c:338:2: warning: implicit declaration of function 'attrset' [-Wimplicit-function-declaration]</code><br />
						
            
            <a class="navhash" href="#945">#</a>
						
              <code id="945">  attrset(getcolor(COLOR_WHITE, COLOR_BLACK));</code><br />
						
            
            <a class="navhash" href="#946">#</a>
						
              <code id="946">  ^</code><br />
						
            
            <a class="navhash" href="#947">#</a>
						
              <code id="947">tty.c:338:19: error: 'COLOR_WHITE' undeclared (first use in this function)</code><br />
						
            
            <a class="navhash" href="#948">#</a>
						
              <code id="948">  attrset(getcolor(COLOR_WHITE, COLOR_BLACK));</code><br />
						
            
            <a class="navhash" href="#949">#</a>
						
              <code id="949">                   ^</code><br />
						
            
            <a class="navhash" href="#950">#</a>
						
              <code id="950">tetris.c:788:13: warning: incompatible implicit declaration of built-in function 'strlen' [enabled by default]</code><br />
						
            
            <a class="navhash" href="#951">#</a>
						
              <code id="951">  gmsg_pos = strlen(gmsg_buffer);</code><br />
						
            
            <a class="navhash" href="#952">#</a>
						
              <code id="952">             ^</code><br />
						
            
            <a class="navhash" href="#953">#</a>
						
              <code id="953">tty.c:338:32: error: 'COLOR_BLACK' undeclared (first use in this function)</code><br />
						
            
            <a class="navhash" href="#954">#</a>
						
              <code id="954">  attrset(getcolor(COLOR_WHITE, COLOR_BLACK));</code><br />
						
            
            <a class="navhash" href="#955">#</a>
						
              <code id="955">                                ^</code><br />
						
            
            <a class="navhash" href="#956">#</a>
						
              <code id="956">tty.c:340:5: warning: implicit declaration of function 'isspace' [-Wimplicit-function-declaration]</code><br />
						
            
            <a class="navhash" href="#957">#</a>
						
              <code id="957">     while (*s && isspace(*s))</code><br />
						
            
            <a class="navhash" href="#958">#</a>
						
              <code id="958">     ^</code><br />
						
            
            <a class="navhash" href="#959">#</a>
						
              <code id="959">tetris.c: In function 'gmsg_enter':</code><br />
						
            
            <a class="navhash" href="#960">#</a>
						
              <code id="960">tty.c:342:5: warning: implicit declaration of function 'strlen' [-Wimplicit-function-declaration]</code><br />
						
            
            <a class="navhash" href="#961">#</a>
						
              <code id="961">     while (strlen(s) > buf->width - indent) {</code><br />
						
            
            <a class="navhash" href="#962">#</a>
						
              <code id="962">     ^</code><br />
						
            
            <a class="navhash" href="#963">#</a>
						
              <code id="963">tty.c:342:12: warning: incompatible implicit declaration of built-in function 'strlen' [enabled by default]</code><br />
						
            
            <a class="navhash" href="#964">#</a>
						
              <code id="964">     while (strlen(s) > buf->width - indent) {</code><br />
						
            
            <a class="navhash" href="#965">#</a>
						
              <code id="965">            ^</code><br />
						
            
            <a class="navhash" href="#966">#</a>
						
              <code id="966">tetris.c:798:2: warning: implicit declaration of function 'strncasecmp' [-Wimplicit-function-declaration]</code><br />
						
            
            <a class="navhash" href="#967">#</a>
						
              <code id="967">  if (strncasecmp(gmsg_buffer, "/me ", 4) == 0)</code><br />
						
            
            <a class="navhash" href="#968">#</a>
						
              <code id="968">  ^</code><br />
						
            
            <a class="navhash" href="#969">#</a>
						
              <code id="969">tty.c:352:6: warning: implicit declaration of function 'sprintf' [-Wimplicit-function-declaration]</code><br />
						
            
            <a class="navhash" href="#970">#</a>
						
              <code id="970">      sprintf(str, "%*s", indent, "");</code><br />
						
            
            <a class="navhash" href="#971">#</a>
						
              <code id="971">      ^</code><br />
						
            
            <a class="navhash" href="#972">#</a>
						
              <code id="972">tty.c:352:6: warning: incompatible implicit declaration of built-in function 'sprintf' [enabled by default]</code><br />
						
            
            <a class="navhash" href="#973">#</a>
						
              <code id="973">tty.c:353:2: warning: implicit declaration of function 'strncpy' [-Wimplicit-function-declaration]</code><br />
						
            
            <a class="navhash" href="#974">#</a>
						
              <code id="974">  strncpy(str+indent, s, t-s);</code><br />
						
            
            <a class="navhash" href="#975">#</a>
						
              <code id="975">  ^</code><br />
						
            
            <a class="navhash" href="#976">#</a>
						
              <code id="976">tty.c:353:2: warning: incompatible implicit declaration of built-in function 'strncpy' [enabled by default]</code><br />
						
            
            <a class="navhash" href="#977">#</a>
						
              <code id="977">tetris.c: In function 'new_game':</code><br />
						
            
            <a class="navhash" href="#978">#</a>
						
              <code id="978">tty.c:362:2: warning: incompatible implicit declaration of built-in function 'sprintf' [enabled by default]</code><br />
						
            
            <a class="navhash" href="#979">#</a>
						
              <code id="979">  sprintf(str, "%*s", indent, "");</code><br />
						
            
            <a class="navhash" href="#980">#</a>
						
              <code id="980">  ^</code><br />
						
            
            <a class="navhash" href="#981">#</a>
						
              <code id="981">tty.c:363:5: warning: implicit declaration of function 'strcpy' [-Wimplicit-function-declaration]</code><br />
						
            
            <a class="navhash" href="#982">#</a>
						
              <code id="982">     strcpy(str+indent, s);</code><br />
						
            
            <a class="navhash" href="#983">#</a>
						
              <code id="983">     ^</code><br />
						
            
            <a class="navhash" href="#984">#</a>
						
              <code id="984">tty.c:363:5: warning: incompatible implicit declaration of built-in function 'strcpy' [enabled by default]</code><br />
						
            
            <a class="navhash" href="#985">#</a>
						
              <code id="985">tetris.c:819:28: error: 'NULL' undeclared (first use in this function)</code><br />
						
            
            <a class="navhash" href="#986">#</a>
						
              <code id="986">     gettimeofday(&timeout, NULL);</code><br />
						
            
            <a class="navhash" href="#987">#</a>
						
              <code id="987">                            ^</code><br />
						
            
            <a class="navhash" href="#988">#</a>
						
              <code id="988">tty.c:366:2: warning: implicit declaration of function 'move' [-Wimplicit-function-declaration]</code><br />
						
            
            <a class="navhash" href="#989">#</a>
						
              <code id="989">  move(y, x);</code><br />
						
            
            <a class="navhash" href="#990">#</a>
						
              <code id="990">  ^</code><br />
						
            
            <a class="navhash" href="#991">#</a>
						
              <code id="991">tty.c: In function 'clear_text':</code><br />
						
            
            <a class="navhash" href="#992">#</a>
						
              <code id="992">tetris.c:820:5: error: invalid use of undefined type 'struct timeval'</code><br />
						
            
            <a class="navhash" href="#993">#</a>
						
              <code id="993">     timeout.tv_usec += 1200000;</code><br />
						
            
            <a class="navhash" href="#994">#</a>
						
              <code id="994">     ^</code><br />
						
            
            <a class="navhash" href="#995">#</a>
						
              <code id="995">tty.c:389:3: warning: implicit declaration of function 'free' [-Wimplicit-function-declaration]</code><br />
						
            
            <a class="navhash" href="#996">#</a>
						
              <code id="996">   free(buf->text[i]);</code><br />
						
            
            <a class="navhash" href="#997">#</a>
						
              <code id="997">   ^</code><br />
						
            
            <a class="navhash" href="#998">#</a>
						
              <code id="998">tty.c:389:3: warning: incompatible implicit declaration of built-in function 'free' [enabled by default]</code><br />
						
            
            <a class="navhash" href="#999">#</a>
						
              <code id="999">tty.c:390:18: error: 'NULL' undeclared (first use in this function)</code><br />
						
            
            <a class="navhash" href="#1000">#</a>
						
              <code id="1000">   buf->text[i] = NULL;</code><br />
						
            
            <a class="navhash" href="#1001">#</a>
						
              <code id="1001">                  ^</code><br />
						
            
            <a class="navhash" href="#1002">#</a>
						
              <code id="1002">tty.c:396:2: warning: implicit declaration of function 'werase' [-Wimplicit-function-declaration]</code><br />
						
            
            <a class="navhash" href="#1003">#</a>
						
              <code id="1003">  werase(buf->win);</code><br />
						
            
            <a class="navhash" href="#1004">#</a>
						
              <code id="1004">  ^</code><br />
						
            
            <a class="navhash" href="#1005">#</a>
						
              <code id="1005">tetris.c:821:5: error: invalid use of undefined type 'struct timeval'</code><br />
						
            
            <a class="navhash" href="#1006">#</a>
						
              <code id="1006">     timeout.tv_sec += timeout.tv_usec / 1000000;</code><br />
						
            
            <a class="navhash" href="#1007">#</a>
						
              <code id="1007">     ^</code><br />
						
            
            <a class="navhash" href="#1008">#</a>
						
              <code id="1008">tetris.c:821:5: error: invalid use of undefined type 'struct timeval'</code><br />
						
            
            <a class="navhash" href="#1009">#</a>
						
              <code id="1009">tty.c: In function 'open_textwin':</code><br />
						
            
            <a class="navhash" href="#1010">#</a>
						
              <code id="1010">tty.c:421:2: warning: implicit declaration of function 'snprintf' [-Wimplicit-function-declaration]</code><br />
						
            
            <a class="navhash" href="#1011">#</a>
						
              <code id="1011">  snprintf(str, sizeof(str), "ERROR: bad textwin size (%d,%d)",</code><br />
						
            
            <a class="navhash" href="#1012">#</a>
						
              <code id="1012">  ^</code><br />
						
            
            <a class="navhash" href="#1013">#</a>
						
              <code id="1013">tetris.c:822:5: error: invalid use of undefined type 'struct timeval'</code><br />
						
            
            <a class="navhash" href="#1014">#</a>
						
              <code id="1014">     timeout.tv_usec %= 1000000;</code><br />
						
            
            <a class="navhash" href="#1015">#</a>
						
              <code id="1015">     ^</code><br />
						
            
            <a class="navhash" href="#1016">#</a>
						
              <code id="1016">tty.c:421:2: warning: incompatible implicit declaration of built-in function 'snprintf' [enabled by default]</code><br />
						
            
            <a class="navhash" href="#1017">#</a>
						
              <code id="1017">tty.c:423:2: warning: implicit declaration of function 'addstr' [-Wimplicit-function-declaration]</code><br />
						
            
            <a class="navhash" href="#1018">#</a>
						
              <code id="1018">  addstr(str);</code><br />
						
            
            <a class="navhash" href="#1019">#</a>
						
              <code id="1019">  ^</code><br />
						
            
            <a class="navhash" href="#1020">#</a>
						
              <code id="1020">tetris.c: In function 'tetris_timeout':</code><br />
						
            
            <a class="navhash" href="#1021">#</a>
						
              <code id="1021">tty.c:424:2: warning: incompatible implicit declaration of built-in function 'exit' [enabled by default]</code><br />
						
            
            <a class="navhash" href="#1022">#</a>
						
              <code id="1022">  exit(1);</code><br />
						
            
            <a class="navhash" href="#1023">#</a>
						
              <code id="1023">  ^</code><br />
						
            
            <a class="navhash" href="#1024">#</a>
						
              <code id="1024">tetris.c:838:20: error: storage size of 'tv' isn't known</code><br />
						
            
            <a class="navhash" href="#1025">#</a>
						
              <code id="1025">     struct timeval tv;</code><br />
						
            
            <a class="navhash" href="#1026">#</a>
						
              <code id="1026">                    ^</code><br />
						
            
            <a class="navhash" href="#1027">#</a>
						
              <code id="1027">tty.c:427:2: warning: implicit declaration of function 'subwin' [-Wimplicit-function-declaration]</code><br />
						
            
            <a class="navhash" href="#1028">#</a>
						
              <code id="1028">  buf->win = subwin(stdscr, buf->height, buf->width, buf->y, buf->x);</code><br />
						
            
            <a class="navhash" href="#1029">#</a>
						
              <code id="1029">  ^</code><br />
						
            
            <a class="navhash" href="#1030">#</a>
						
              <code id="1030">tty.c:427:20: error: 'stdscr' undeclared (first use in this function)</code><br />
						
            
            <a class="navhash" href="#1031">#</a>
						
              <code id="1031">  buf->win = subwin(stdscr, buf->height, buf->width, buf->y, buf->x);</code><br />
						
            
            <a class="navhash" href="#1032">#</a>
						
              <code id="1032">                    ^</code><br />
						
            
            <a class="navhash" href="#1033">#</a>
						
              <code id="1033">tetris.c:841:23: error: 'NULL' undeclared (first use in this function)</code><br />
						
            
            <a class="navhash" href="#1034">#</a>
						
              <code id="1034">     gettimeofday(&tv, NULL);</code><br />
						
            
            <a class="navhash" href="#1035">#</a>
						
              <code id="1035">                       ^</code><br />
						
            
            <a class="navhash" href="#1036">#</a>
						
              <code id="1036">tty.c:428:2: warning: implicit declaration of function 'scrollok' [-Wimplicit-function-declaration]</code><br />
						
            
            <a class="navhash" href="#1037">#</a>
						
              <code id="1037">  scrollok(buf->win, TRUE);</code><br />
						
            
            <a class="navhash" href="#1038">#</a>
						
              <code id="1038">  ^</code><br />
						
            
            <a class="navhash" href="#1039">#</a>
						
              <code id="1039">tty.c:428:21: error: 'TRUE' undeclared (first use in this function)</code><br />
						
            
            <a class="navhash" href="#1040">#</a>
						
              <code id="1040">  scrollok(buf->win, TRUE);</code><br />
						
            
            <a class="navhash" href="#1041">#</a>
						
              <code id="1041">                     ^</code><br />
						
            
            <a class="navhash" href="#1042">#</a>
						
              <code id="1042">tetris.c:842:5: error: invalid use of undefined type 'struct timeval'</code><br />
						
            
            <a class="navhash" href="#1043">#</a>
						
              <code id="1043">     t = (timeout.tv_sec - tv.tv_sec) * 1000</code><br />
						
            
            <a class="navhash" href="#1044">#</a>
						
              <code id="1044">     ^</code><br />
						
            
            <a class="navhash" href="#1045">#</a>
						
              <code id="1045">tty.c:431:2: warning: implicit declaration of function 'calloc' [-Wimplicit-function-declaration]</code><br />
						
            
            <a class="navhash" href="#1046">#</a>
						
              <code id="1046">  buf->text = calloc(buf->height, sizeof(char *));</code><br />
						
            
            <a class="navhash" href="#1047">#</a>
						
              <code id="1047">  ^</code><br />
						
            
            <a class="navhash" href="#1048">#</a>
						
              <code id="1048">tty.c:431:14: warning: incompatible implicit declaration of built-in function 'calloc' [enabled by default]</code><br />
						
            
            <a class="navhash" href="#1049">#</a>
						
              <code id="1049">  buf->text = calloc(buf->height, sizeof(char *));</code><br />
						
            
            <a class="navhash" href="#1050">#</a>
						
              <code id="1050">              ^</code><br />
						
            
            <a class="navhash" href="#1051">#</a>
						
              <code id="1051">tetris.c:843:7: error: invalid use of undefined type 'struct timeval'</code><br />
						
            
            <a class="navhash" href="#1052">#</a>
						
              <code id="1052">       + (timeout.tv_usec-tv.tv_usec) / 1000;</code><br />
						
            
            <a class="navhash" href="#1053">#</a>
						
              <code id="1053">       ^</code><br />
						
            
            <a class="navhash" href="#1054">#</a>
						
              <code id="1054">tty.c: In function 'close_textwin':</code><br />
						
            
            <a class="navhash" href="#1055">#</a>
						
              <code id="1055">tty.c:443:2: warning: implicit declaration of function 'delwin' [-Wimplicit-function-declaration]</code><br />
						
            
            <a class="navhash" href="#1056">#</a>
						
              <code id="1056">  delwin(buf->win);</code><br />
						
            
            <a class="navhash" href="#1057">#</a>
						
              <code id="1057">  ^</code><br />
						
            
            <a class="navhash" href="#1058">#</a>
						
              <code id="1058">tty.c:444:13: error: 'NULL' undeclared (first use in this function)</code><br />
						
            
            <a class="navhash" href="#1059">#</a>
						
              <code id="1059">  buf->win = NULL;</code><br />
						
            
            <a class="navhash" href="#1060">#</a>
						
              <code id="1060">             ^</code><br />
						
            
            <a class="navhash" href="#1061">#</a>
						
              <code id="1061">tetris.c:838:20: warning: unused variable 'tv' [-Wunused-variable]</code><br />
						
            
            <a class="navhash" href="#1062">#</a>
						
              <code id="1062">     struct timeval tv;</code><br />
						
            
            <a class="navhash" href="#1063">#</a>
						
              <code id="1063">                    ^</code><br />
						
            
            <a class="navhash" href="#1064">#</a>
						
              <code id="1064">tty.c: In function 'setup_fields':</code><br />
						
            
            <a class="navhash" href="#1065">#</a>
						
              <code id="1065">tty.c:497:27: error: 'A_ATTRIBUTES' undeclared (first use in this function)</code><br />
						
            
            <a class="navhash" href="#1066">#</a>
						
              <code id="1066">     if (!(tile_chars[0] & A_ATTRIBUTES)) {</code><br />
						
            
            <a class="navhash" href="#1067">#</a>
						
              <code id="1067">                           ^</code><br />
						
            
            <a class="navhash" href="#1068">#</a>
						
              <code id="1068">tty.c:499:23: error: 'A_BOLD' undeclared (first use in this function)</code><br />
						
            
            <a class="navhash" href="#1069">#</a>
						
              <code id="1069">      tile_chars[i] |= A_BOLD;</code><br />
						
            
            <a class="navhash" href="#1070">#</a>
						
              <code id="1070">                       ^</code><br />
						
            
            <a class="navhash" href="#1071">#</a>
						
              <code id="1071">tty.c:500:28: error: 'COLOR_BLUE' undeclared (first use in this function)</code><br />
						
            
            <a class="navhash" href="#1072">#</a>
						
              <code id="1072">  tile_chars[1] |= getcolor(COLOR_BLUE, COLOR_BLACK);</code><br />
						
            
            <a class="navhash" href="#1073">#</a>
						
              <code id="1073">                            ^</code><br />
						
            
            <a class="navhash" href="#1074">#</a>
						
              <code id="1074">tty.c:500:40: error: 'COLOR_BLACK' undeclared (first use in this function)</code><br />
						
            
            <a class="navhash" href="#1075">#</a>
						
              <code id="1075">  tile_chars[1] |= getcolor(COLOR_BLUE, COLOR_BLACK);</code><br />
						
            
            <a class="navhash" href="#1076">#</a>
						
              <code id="1076">                                        ^</code><br />
						
            
            <a class="navhash" href="#1077">#</a>
						
              <code id="1077">tty.c:501:28: error: 'COLOR_YELLOW' undeclared (first use in this function)</code><br />
						
            
            <a class="navhash" href="#1078">#</a>
						
              <code id="1078">  tile_chars[2] |= getcolor(COLOR_YELLOW, COLOR_BLACK);</code><br />
						
            
            <a class="navhash" href="#1079">#</a>
						
              <code id="1079">                            ^</code><br />
						
            
            <a class="navhash" href="#1080">#</a>
						
              <code id="1080">tty.c:502:28: error: 'COLOR_GREEN' undeclared (first use in this function)</code><br />
						
            
            <a class="navhash" href="#1081">#</a>
						
              <code id="1081">  tile_chars[3] |= getcolor(COLOR_GREEN, COLOR_BLACK);</code><br />
						
            
            <a class="navhash" href="#1082">#</a>
						
              <code id="1082">                            ^</code><br />
						
            
            <a class="navhash" href="#1083">#</a>
						
              <code id="1083">tty.c:503:28: error: 'COLOR_MAGENTA' undeclared (first use in this function)</code><br />
						
            
            <a class="navhash" href="#1084">#</a>
						
              <code id="1084">  tile_chars[4] |= getcolor(COLOR_MAGENTA, COLOR_BLACK);</code><br />
						
            
            <a class="navhash" href="#1085">#</a>
						
              <code id="1085">                            ^</code><br />
						
            
            <a class="navhash" href="#1086">#</a>
						
              <code id="1086">tetris.c: In function 'tetris_input':</code><br />
						
            
            <a class="navhash" href="#1087">#</a>
						
              <code id="1087">tty.c:504:28: error: 'COLOR_RED' undeclared (first use in this function)</code><br />
						
            
            <a class="navhash" href="#1088">#</a>
						
              <code id="1088">  tile_chars[5] |= getcolor(COLOR_RED, COLOR_BLACK);</code><br />
						
            
            <a class="navhash" href="#1089">#</a>
						
              <code id="1089">                            ^</code><br />
						
            
            <a class="navhash" href="#1090">#</a>
						
              <code id="1090">tty.c:508:13: error: 'stdscr' undeclared (first use in this function)</code><br />
						
            
            <a class="navhash" href="#1091">#</a>
						
              <code id="1091">     leaveok(stdscr, TRUE);</code><br />
						
            
            <a class="navhash" href="#1092">#</a>
						
              <code id="1092">             ^</code><br />
						
            
            <a class="navhash" href="#1093">#</a>
						
              <code id="1093">tetris.c:1004:6: warning: incompatible implicit declaration of built-in function 'memmove' [enabled by default]</code><br />
						
            
            <a class="navhash" href="#1094">#</a>
						
              <code id="1094">      memmove(specials, specials+1, special_capacity-1);</code><br />
						
            
            <a class="navhash" href="#1095">#</a>
						
              <code id="1095">      ^</code><br />
						
            
            <a class="navhash" href="#1096">#</a>
						
              <code id="1096">tty.c:508:21: error: 'TRUE' undeclared (first use in this function)</code><br />
						
            
            <a class="navhash" href="#1097">#</a>
						
              <code id="1097">     leaveok(stdscr, TRUE);</code><br />
						
            
            <a class="navhash" href="#1098">#</a>
						
              <code id="1098">                     ^</code><br />
						
            
            <a class="navhash" href="#1099">#</a>
						
              <code id="1099">tty.c:510:5: warning: implicit declaration of function 'clear' [-Wimplicit-function-declaration]</code><br />
						
            
            <a class="navhash" href="#1100">#</a>
						
              <code id="1100">     clear();</code><br />
						
            
            <a class="navhash" href="#1101">#</a>
						
              <code id="1101">     ^</code><br />
						
            
            <a class="navhash" href="#1102">#</a>
						
              <code id="1102">tty.c:511:22: error: 'COLOR_WHITE' undeclared (first use in this function)</code><br />
						
            
            <a class="navhash" href="#1103">#</a>
						
              <code id="1103">     attrset(getcolor(COLOR_WHITE,COLOR_BLACK));</code><br />
						
            
            <a class="navhash" href="#1104">#</a>
						
              <code id="1104">                      ^</code><br />
						
            
            <a class="navhash" href="#1105">#</a>
						
              <code id="1105">tty.c:530:2: warning: implicit declaration of function 'hline' [-Wimplicit-function-declaration]</code><br />
						
            
            <a class="navhash" href="#1106">#</a>
						
              <code id="1106">  hline(MY_HLINE2, scrwidth);</code><br />
						
            
            <a class="navhash" href="#1107">#</a>
						
              <code id="1107">  ^</code><br />
						
            
            <a class="navhash" href="#1108">#</a>
						
              <code id="1108">tty.c:31:29: error: 'ACS_HLINE' undeclared (first use in this function)</code><br />
						
            
            <a class="navhash" href="#1109">#</a>
						
              <code id="1109"> #define MY_HLINE2 (fancy ? (ACS_HLINE | A_BOLD) : '=')</code><br />
						
            
            <a class="navhash" href="#1110">#</a>
						
              <code id="1110">                             ^</code><br />
						
            
            <a class="navhash" href="#1111">#</a>
						
              <code id="1111">tty.c:530:8: note: in expansion of macro 'MY_HLINE2'</code><br />
						
            
            <a class="navhash" href="#1112">#</a>
						
              <code id="1112">  hline(MY_HLINE2, scrwidth);</code><br />
						
            
            <a class="navhash" href="#1113">#</a>
						
              <code id="1113">        ^</code><br />
						
            
            <a class="navhash" href="#1114">#</a>
						
              <code id="1114">tty.c:540:14: error: 'A_NORMAL' undeclared (first use in this function)</code><br />
						
            
            <a class="navhash" href="#1115">#</a>
						
              <code id="1115">      attrset(A_NORMAL);</code><br />
						
            
            <a class="navhash" href="#1116">#</a>
						
              <code id="1116">              ^</code><br />
						
            
            <a class="navhash" href="#1117">#</a>
						
              <code id="1117">tty.c:557:5: warning: incompatible implicit declaration of built-in function 'sprintf' [enabled by default]</code><br />
						
            
            <a class="navhash" href="#1118">#</a>
						
              <code id="1118">     sprintf(buf, "%d", my_playernum);</code><br />
						
            
            <a class="navhash" href="#1119">#</a>
						
              <code id="1119">     ^</code><br />
						
            
            <a class="navhash" href="#1120">#</a>
						
              <code id="1120">tty.c:558:5: warning: implicit declaration of function 'mvaddstr' [-Wimplicit-function-declaration]</code><br />
						
            
            <a class="navhash" href="#1121">#</a>
						
              <code id="1121">     mvaddstr(y, x-1, buf);</code><br />
						
            
            <a class="navhash" href="#1122">#</a>
						
              <code id="1122">     ^</code><br />
						
            
            <a class="navhash" href="#1123">#</a>
						
              <code id="1123">tty.c:560:2: warning: implicit declaration of function 'mvaddch' [-Wimplicit-function-declaration]</code><br />
						
            
            <a class="navhash" href="#1124">#</a>
						
              <code id="1124">  mvaddch(y+i, x-1, players[my_playernum-1][i-2]);</code><br />
						
            
            <a class="navhash" href="#1125">#</a>
						
              <code id="1125">  ^</code><br />
						
            
            <a class="navhash" href="#1126">#</a>
						
              <code id="1126">tty.c:567:5: warning: implicit declaration of function 'vline' [-Wimplicit-function-declaration]</code><br />
						
            
            <a class="navhash" href="#1127">#</a>
						
              <code id="1127">     vline(MY_VLINE, FIELD_HEIGHT*2);</code><br />
						
            
            <a class="navhash" href="#1128">#</a>
						
              <code id="1128">     ^</code><br />
						
            
            <a class="navhash" href="#1129">#</a>
						
              <code id="1129">tty.c:25:27: error: 'ACS_VLINE' undeclared (first use in this function)</code><br />
						
            
            <a class="navhash" href="#1130">#</a>
						
              <code id="1130"> #define MY_VLINE (fancy ? ACS_VLINE : '|')</code><br />
						
            
            <a class="navhash" href="#1131">#</a>
						
              <code id="1131">                           ^</code><br />
						
            
            <a class="navhash" href="#1132">#</a>
						
              <code id="1132">tty.c:567:11: note: in expansion of macro 'MY_VLINE'</code><br />
						
            
            <a class="navhash" href="#1133">#</a>
						
              <code id="1133">     vline(MY_VLINE, FIELD_HEIGHT*2);</code><br />
						
            
            <a class="navhash" href="#1134">#</a>
						
              <code id="1134">           ^</code><br />
						
            
            <a class="navhash" href="#1135">#</a>
						
              <code id="1135">tty.c:571:5: warning: implicit declaration of function 'addch' [-Wimplicit-function-declaration]</code><br />
						
            
            <a class="navhash" href="#1136">#</a>
						
              <code id="1136">     addch(MY_LLCORNER);</code><br />
						
            
            <a class="navhash" href="#1137">#</a>
						
              <code id="1137">     ^</code><br />
						
            
            <a class="navhash" href="#1138">#</a>
						
              <code id="1138">tty.c:28:30: error: 'ACS_LLCORNER' undeclared (first use in this function)</code><br />
						
            
            <a class="navhash" href="#1139">#</a>
						
              <code id="1139"> #define MY_LLCORNER (fancy ? ACS_LLCORNER : '+')</code><br />
						
            
            <a class="navhash" href="#1140">#</a>
						
              <code id="1140">                              ^</code><br />
						
            
            <a class="navhash" href="#1141">#</a>
						
              <code id="1141">tty.c:571:11: note: in expansion of macro 'MY_LLCORNER'</code><br />
						
            
            <a class="navhash" href="#1142">#</a>
						
              <code id="1142">     addch(MY_LLCORNER);</code><br />
						
            
            <a class="navhash" href="#1143">#</a>
						
              <code id="1143">           ^</code><br />
						
            
            <a class="navhash" href="#1144">#</a>
						
              <code id="1144">tty.c:29:30: error: 'ACS_LRCORNER' undeclared (first use in this function)</code><br />
						
            
            <a class="navhash" href="#1145">#</a>
						
              <code id="1145"> #define MY_LRCORNER (fancy ? ACS_LRCORNER : '+')</code><br />
						
            
            <a class="navhash" href="#1146">#</a>
						
              <code id="1146">                              ^</code><br />
						
            
            <a class="navhash" href="#1147">#</a>
						
              <code id="1147">tty.c:574:11: note: in expansion of macro 'MY_LRCORNER'</code><br />
						
            
            <a class="navhash" href="#1148">#</a>
						
              <code id="1148">     addch(MY_LRCORNER);</code><br />
						
            
            <a class="navhash" href="#1149">#</a>
						
              <code id="1149">           ^</code><br />
						
            
            <a class="navhash" href="#1150">#</a>
						
              <code id="1150">tty.c:26:30: error: 'ACS_ULCORNER' undeclared (first use in this function)</code><br />
						
            
            <a class="navhash" href="#1151">#</a>
						
              <code id="1151"> #define MY_ULCORNER (fancy ? ACS_ULCORNER : '+')</code><br />
						
            
            <a class="navhash" href="#1152">#</a>
						
              <code id="1152">                              ^</code><br />
						
            
            <a class="navhash" href="#1153">#</a>
						
              <code id="1153">tty.c:629:8: note: in expansion of macro 'MY_ULCORNER'</code><br />
						
            
            <a class="navhash" href="#1154">#</a>
						
              <code id="1154">  addch(MY_ULCORNER);</code><br />
						
            
            <a class="navhash" href="#1155">#</a>
						
              <code id="1155">        ^</code><br />
						
            
            <a class="navhash" href="#1156">#</a>
						
              <code id="1156">tty.c:27:30: error: 'ACS_URCORNER' undeclared (first use in this function)</code><br />
						
            
            <a class="navhash" href="#1157">#</a>
						
              <code id="1157"> #define MY_URCORNER (fancy ? ACS_URCORNER : '+')</code><br />
						
            
            <a class="navhash" href="#1158">#</a>
						
              <code id="1158">                              ^</code><br />
						
            
            <a class="navhash" href="#1159">#</a>
						
              <code id="1159">tty.c:631:20: note: in expansion of macro 'MY_URCORNER'</code><br />
						
            
            <a class="navhash" href="#1160">#</a>
						
              <code id="1160">  mvaddch(y-1, x+8, MY_URCORNER);</code><br />
						
            
            <a class="navhash" href="#1161">#</a>
						
              <code id="1161">                    ^</code><br />
						
            
            <a class="navhash" href="#1162">#</a>
						
              <code id="1162">tty.c:658:18: error: 'NULL' undeclared (first use in this function)</code><br />
						
            
            <a class="navhash" href="#1163">#</a>
						
              <code id="1163">  gmsg_inputwin = NULL;</code><br />
						
            
            <a class="navhash" href="#1164">#</a>
						
              <code id="1164">                  ^</code><br />
						
            
            <a class="navhash" href="#1165">#</a>
						
              <code id="1165">tty.c: In function 'draw_own_field':</code><br />
						
            
            <a class="navhash" href="#1166">#</a>
						
              <code id="1166">tty.c:712:15: error: 'COLOR_BLACK' undeclared (first use in this function)</code><br />
						
            
            <a class="navhash" href="#1167">#</a>
						
              <code id="1167">    | getcolor(COLOR_BLACK, COLOR_BLACK) | A_BOLD;</code><br />
						
            
            <a class="navhash" href="#1168">#</a>
						
              <code id="1168">               ^</code><br />
						
            
            <a class="navhash" href="#1169">#</a>
						
              <code id="1169">tty.c:712:43: error: 'A_BOLD' undeclared (first use in this function)</code><br />
						
            
            <a class="navhash" href="#1170">#</a>
						
              <code id="1170">    | getcolor(COLOR_BLACK, COLOR_BLACK) | A_BOLD;</code><br />
						
            
            <a class="navhash" href="#1171">#</a>
						
              <code id="1171">                                           ^</code><br />
						
            
            <a class="navhash" href="#1172">#</a>
						
              <code id="1172">tty.c:724:18: error: 'NULL' undeclared (first use in this function)</code><br />
						
            
            <a class="navhash" href="#1173">#</a>
						
              <code id="1173">  gmsg_inputwin = NULL;</code><br />
						
            
            <a class="navhash" href="#1174">#</a>
						
              <code id="1174">                  ^</code><br />
						
            
            <a class="navhash" href="#1175">#</a>
						
              <code id="1175">tty.c: In function 'draw_other_field':</code><br />
						
            
            <a class="navhash" href="#1176">#</a>
						
              <code id="1176">tty.c:756:18: error: 'NULL' undeclared (first use in this function)</code><br />
						
            
            <a class="navhash" href="#1177">#</a>
						
              <code id="1177">  gmsg_inputwin = NULL;</code><br />
						
            
            <a class="navhash" href="#1178">#</a>
						
              <code id="1178">                  ^</code><br />
						
            
            <a class="navhash" href="#1179">#</a>
						
              <code id="1179">tty.c: In function 'draw_status':</code><br />
						
            
            <a class="navhash" href="#1180">#</a>
						
              <code id="1180">tty.c:774:5: warning: incompatible implicit declaration of built-in function 'sprintf' [enabled by default]</code><br />
						
            
            <a class="navhash" href="#1181">#</a>
						
              <code id="1181">     sprintf(buf, "%d", lines>99999 ? 99999 : lines);</code><br />
						
            
            <a class="navhash" href="#1182">#</a>
						
              <code id="1182">     ^</code><br />
						
            
            <a class="navhash" href="#1183">#</a>
						
              <code id="1183">tty.c: At top level:</code><br />
						
            
            <a class="navhash" href="#1184">#</a>
						
              <code id="1184">tty.c:857:7: error: 'NULL' undeclared here (not in a function)</code><br />
						
            
            <a class="navhash" href="#1185">#</a>
						
              <code id="1185">     { NULL }</code><br />
						
            
            <a class="navhash" href="#1186">#</a>
						
              <code id="1186">       ^</code><br />
						
            
            <a class="navhash" href="#1187">#</a>
						
              <code id="1187">tty.c: In function 'draw_attdef':</code><br />
						
            
            <a class="navhash" href="#1188">#</a>
						
              <code id="1188">tty.c:867:2: warning: implicit declaration of function 'strcmp' [-Wimplicit-function-declaration]</code><br />
						
            
            <a class="navhash" href="#1189">#</a>
						
              <code id="1189">  if (strcmp(type, msgs[i][0]) == 0)</code><br />
						
            
            <a class="navhash" href="#1190">#</a>
						
              <code id="1190">  ^</code><br />
						
            
            <a class="navhash" href="#1191">#</a>
						
              <code id="1191">tty.c:872:5: warning: incompatible implicit declaration of built-in function 'strcpy' [enabled by default]</code><br />
						
            
            <a class="navhash" href="#1192">#</a>
						
              <code id="1192">     strcpy(buf, msgs[i][1]);</code><br />
						
            
            <a class="navhash" href="#1193">#</a>
						
              <code id="1193">     ^</code><br />
						
            
            <a class="navhash" href="#1194">#</a>
						
              <code id="1194">tty.c:874:2: warning: incompatible implicit declaration of built-in function 'sprintf' [enabled by default]</code><br />
						
            
            <a class="navhash" href="#1195">#</a>
						
              <code id="1195">  sprintf(buf+strlen(buf), " on %s", players[to-1]);</code><br />
						
            
            <a class="navhash" href="#1196">#</a>
						
              <code id="1196">  ^</code><br />
						
            
            <a class="navhash" href="#1197">#</a>
						
              <code id="1197">tty.c:874:14: warning: incompatible implicit declaration of built-in function 'strlen' [enabled by default]</code><br />
						
            
            <a class="navhash" href="#1198">#</a>
						
              <code id="1198">  sprintf(buf+strlen(buf), " on %s", players[to-1]);</code><br />
						
            
            <a class="navhash" href="#1199">#</a>
						
              <code id="1199">              ^</code><br />
						
            
            <a class="navhash" href="#1200">#</a>
						
              <code id="1200">tty.c:862:12: warning: variable 'width' set but not used [-Wunused-but-set-variable]</code><br />
						
            
            <a class="navhash" href="#1201">#</a>
						
              <code id="1201">     int i, width;</code><br />
						
            
            <a class="navhash" href="#1202">#</a>
						
              <code id="1202">            ^</code><br />
						
            
            <a class="navhash" href="#1203">#</a>
						
              <code id="1203">tty.c: In function 'draw_gmsg_input':</code><br />
						
            
            <a class="navhash" href="#1204">#</a>
						
              <code id="1204">tty.c:901:22: error: 'COLOR_WHITE' undeclared (first use in this function)</code><br />
						
            
            <a class="navhash" href="#1205">#</a>
						
              <code id="1205">     attrset(getcolor(COLOR_WHITE,COLOR_BLACK));</code><br />
						
            
            <a class="navhash" href="#1206">#</a>
						
              <code id="1206">                      ^</code><br />
						
            
            <a class="navhash" href="#1207">#</a>
						
              <code id="1207">tty.c:901:34: error: 'COLOR_BLACK' undeclared (first use in this function)</code><br />
						
            
            <a class="navhash" href="#1208">#</a>
						
              <code id="1208">     attrset(getcolor(COLOR_WHITE,COLOR_BLACK));</code><br />
						
            
            <a class="navhash" href="#1209">#</a>
						
              <code id="1209">                                  ^</code><br />
						
            
            <a class="navhash" href="#1210">#</a>
						
              <code id="1210">tty.c:901:5: warning: passing argument 1 of 'getcolor' makes integer from pointer without a cast [enabled by default]</code><br />
						
            
            <a class="navhash" href="#1211">#</a>
						
              <code id="1211">     attrset(getcolor(COLOR_WHITE,COLOR_BLACK));</code><br />
						
            
            <a class="navhash" href="#1212">#</a>
						
              <code id="1212">     ^</code><br />
						
            
            <a class="navhash" href="#1213">#</a>
						
              <code id="1213">tty.c:191:13: note: expected 'int' but argument is of type 'const char * (*)[2]'</code><br />
						
            
            <a class="navhash" href="#1214">#</a>
						
              <code id="1214"> static long getcolor(int fg, int bg)</code><br />
						
            
            <a class="navhash" href="#1215">#</a>
						
              <code id="1215">             ^</code><br />
						
            
            <a class="navhash" href="#1216">#</a>
						
              <code id="1216">tty.c:901:5: warning: passing argument 2 of 'getcolor' makes integer from pointer without a cast [enabled by default]</code><br />
						
            
            <a class="navhash" href="#1217">#</a>
						
              <code id="1217">     attrset(getcolor(COLOR_WHITE,COLOR_BLACK));</code><br />
						
            
            <a class="navhash" href="#1218">#</a>
						
              <code id="1218">     ^</code><br />
						
            
            <a class="navhash" href="#1219">#</a>
						
              <code id="1219">tty.c:191:13: note: expected 'int' but argument is of type 'const char * (*)[2]'</code><br />
						
            
            <a class="navhash" href="#1220">#</a>
						
              <code id="1220"> static long getcolor(int fg, int bg)</code><br />
						
            
            <a class="navhash" href="#1221">#</a>
						
              <code id="1221">             ^</code><br />
						
            
            <a class="navhash" href="#1222">#</a>
						
              <code id="1222">tty.c:907:10: error: 'stdscr' undeclared (first use in this function)</code><br />
						
            
            <a class="navhash" href="#1223">#</a>
						
              <code id="1223">   subwin(stdscr, gmsg_inputheight, scrwidth, gmsg_inputpos, 0);</code><br />
						
            
            <a class="navhash" href="#1224">#</a>
						
              <code id="1224">          ^</code><br />
						
            
            <a class="navhash" href="#1225">#</a>
						
              <code id="1225">tty.c:906:16: warning: assignment makes pointer from integer without a cast [enabled by default]</code><br />
						
            
            <a class="navhash" href="#1226">#</a>
						
              <code id="1226">  gmsg_inputwin =</code><br />
						
            
            <a class="navhash" href="#1227">#</a>
						
              <code id="1227">                ^</code><br />
						
            
            <a class="navhash" href="#1228">#</a>
						
              <code id="1228">tty.c:909:25: error: 'FALSE' undeclared (first use in this function)</code><br />
						
            
            <a class="navhash" href="#1229">#</a>
						
              <code id="1229">  leaveok(gmsg_inputwin, FALSE);</code><br />
						
            
            <a class="navhash" href="#1230">#</a>
						
              <code id="1230">                         ^</code><br />
						
            
            <a class="navhash" href="#1231">#</a>
						
              <code id="1231">tty.c:914:9: warning: incompatible implicit declaration of built-in function 'strlen' [enabled by default]</code><br />
						
            
            <a class="navhash" href="#1232">#</a>
						
              <code id="1232">     if (strlen(s) < scrwidth-7) {</code><br />
						
            
            <a class="navhash" href="#1233">#</a>
						
              <code id="1233">         ^</code><br />
						
            
            <a class="navhash" href="#1234">#</a>
						
              <code id="1234">tty.c:919:2: warning: implicit declaration of function 'wclrtoeol' [-Wimplicit-function-declaration]</code><br />
						
            
            <a class="navhash" href="#1235">#</a>
						
              <code id="1235">  wclrtoeol(gmsg_inputwin);</code><br />
						
            
            <a class="navhash" href="#1236">#</a>
						
              <code id="1236">  ^</code><br />
						
            
            <a class="navhash" href="#1237">#</a>
						
              <code id="1237">tty.c:932:2: warning: implicit declaration of function 'mvwaddnstr' [-Wimplicit-function-declaration]</code><br />
						
            
            <a class="navhash" href="#1238">#</a>
						
              <code id="1238">  mvwaddnstr(gmsg_inputwin, 1, 6, s+start, scrwidth-6);</code><br />
						
            
            <a class="navhash" href="#1239">#</a>
						
              <code id="1239">  ^</code><br />
						
            
            <a class="navhash" href="#1240">#</a>
						
              <code id="1240">tty.c: In function 'clear_gmsg_input':</code><br />
						
            
            <a class="navhash" href="#1241">#</a>
						
              <code id="1241">tty.c:947:16: warning: assignment from incompatible pointer type [enabled by default]</code><br />
						
            
            <a class="navhash" href="#1242">#</a>
						
              <code id="1242">  gmsg_inputwin = NULL;</code><br />
						
            
            <a class="navhash" href="#1243">#</a>
						
              <code id="1243">                ^</code><br />
						
            
            <a class="navhash" href="#1244">#</a>
						
              <code id="1244">tty.c:948:10: error: 'stdscr' undeclared (first use in this function)</code><br />
						
            
            <a class="navhash" href="#1245">#</a>
						
              <code id="1245">  leaveok(stdscr, TRUE);</code><br />
						
            
            <a class="navhash" href="#1246">#</a>
						
              <code id="1246">          ^</code><br />
						
            
            <a class="navhash" href="#1247">#</a>
						
              <code id="1247">tty.c:948:18: error: 'TRUE' undeclared (first use in this function)</code><br />
						
            
            <a class="navhash" href="#1248">#</a>
						
              <code id="1248">  leaveok(stdscr, TRUE);</code><br />
						
            
            <a class="navhash" href="#1249">#</a>
						
              <code id="1249">                  ^</code><br />
						
            
            <a class="navhash" href="#1250">#</a>
						
              <code id="1250">tty.c: In function 'setup_partyline':</code><br />
						
            
            <a class="navhash" href="#1251">#</a>
						
              <code id="1251">tty.c:965:22: error: 'COLOR_WHITE' undeclared (first use in this function)</code><br />
						
            
            <a class="navhash" href="#1252">#</a>
						
              <code id="1252">     attrset(getcolor(COLOR_WHITE,COLOR_BLACK));</code><br />
						
            
            <a class="navhash" href="#1253">#</a>
						
              <code id="1253">                      ^</code><br />
						
            
            <a class="navhash" href="#1254">#</a>
						
              <code id="1254">tty.c:965:34: error: 'COLOR_BLACK' undeclared (first use in this function)</code><br />
						
            
            <a class="navhash" href="#1255">#</a>
						
              <code id="1255">     attrset(getcolor(COLOR_WHITE,COLOR_BLACK));</code><br />
						
            
            <a class="navhash" href="#1256">#</a>
						
              <code id="1256">                                  ^</code><br />
						
            
            <a class="navhash" href="#1257">#</a>
						
              <code id="1257">tty.c:965:5: warning: passing argument 1 of 'getcolor' makes integer from pointer without a cast [enabled by default]</code><br />
						
            
            <a class="navhash" href="#1258">#</a>
						
              <code id="1258">     attrset(getcolor(COLOR_WHITE,COLOR_BLACK));</code><br />
						
            
            <a class="navhash" href="#1259">#</a>
						
              <code id="1259">     ^</code><br />
						
            
            <a class="navhash" href="#1260">#</a>
						
              <code id="1260">tty.c:191:13: note: expected 'int' but argument is of type 'const char * (*)[2]'</code><br />
						
            
            <a class="navhash" href="#1261">#</a>
						
              <code id="1261"> static long getcolor(int fg, int bg)</code><br />
						
            
            <a class="navhash" href="#1262">#</a>
						
              <code id="1262">             ^</code><br />
						
            
            <a class="navhash" href="#1263">#</a>
						
              <code id="1263">tty.c:965:5: warning: passing argument 2 of 'getcolor' makes integer from pointer without a cast [enabled by default]</code><br />
						
            
            <a class="navhash" href="#1264">#</a>
						
              <code id="1264">     attrset(getcolor(COLOR_WHITE,COLOR_BLACK));</code><br />
						
            
            <a class="navhash" href="#1265">#</a>
						
              <code id="1265">     ^</code><br />
						
            
            <a class="navhash" href="#1266">#</a>
						
              <code id="1266">tty.c:191:13: note: expected 'int' but argument is of type 'const char * (*)[2]'</code><br />
						
            
            <a class="navhash" href="#1267">#</a>
						
              <code id="1267"> static long getcolor(int fg, int bg)</code><br />
						
            
            <a class="navhash" href="#1268">#</a>
						
              <code id="1268">             ^</code><br />
						
            
            <a class="navhash" href="#1269">#</a>
						
              <code id="1269">tty.c:24:27: error: 'ACS_HLINE' undeclared (first use in this function)</code><br />
						
            
            <a class="navhash" href="#1270">#</a>
						
              <code id="1270"> #define MY_HLINE (fancy ? ACS_HLINE : '-')</code><br />
						
            
            <a class="navhash" href="#1271">#</a>
						
              <code id="1271">                           ^</code><br />
						
            
            <a class="navhash" href="#1272">#</a>
						
              <code id="1272">tty.c:973:11: note: in expansion of macro 'MY_HLINE'</code><br />
						
            
            <a class="navhash" href="#1273">#</a>
						
              <code id="1273">     hline(MY_HLINE, scrwidth);</code><br />
						
            
            <a class="navhash" href="#1274">#</a>
						
              <code id="1274">           ^</code><br />
						
            
            <a class="navhash" href="#1275">#</a>
						
              <code id="1275">tty.c:24:37: warning: pointer/integer type mismatch in conditional expression [enabled by default]</code><br />
						
            
            <a class="navhash" href="#1276">#</a>
						
              <code id="1276"> #define MY_HLINE (fancy ? ACS_HLINE : '-')</code><br />
						
            
            <a class="navhash" href="#1277">#</a>
						
              <code id="1277">                                     ^</code><br />
						
            
            <a class="navhash" href="#1278">#</a>
						
              <code id="1278">tty.c:973:11: note: in expansion of macro 'MY_HLINE'</code><br />
						
            
            <a class="navhash" href="#1279">#</a>
						
              <code id="1279">     hline(MY_HLINE, scrwidth);</code><br />
						
            
            <a class="navhash" href="#1280">#</a>
						
              <code id="1280">           ^</code><br />
						
            
            <a class="navhash" href="#1281">#</a>
						
              <code id="1281">tty.c:31:41: error: 'A_BOLD' undeclared (first use in this function)</code><br />
						
            
            <a class="navhash" href="#1282">#</a>
						
              <code id="1282"> #define MY_HLINE2 (fancy ? (ACS_HLINE | A_BOLD) : '=')</code><br />
						
            
            <a class="navhash" href="#1283">#</a>
						
              <code id="1283">                                         ^</code><br />
						
            
            <a class="navhash" href="#1284">#</a>
						
              <code id="1284">tty.c:978:11: note: in expansion of macro 'MY_HLINE2'</code><br />
						
            
            <a class="navhash" href="#1285">#</a>
						
              <code id="1285">     hline(MY_HLINE2, scrwidth);</code><br />
						
            
            <a class="navhash" href="#1286">#</a>
						
              <code id="1286">           ^</code><br />
						
            
            <a class="navhash" href="#1287">#</a>
						
              <code id="1287">tty.c:31:39: error: invalid operands to binary | (have 'const char * (*)[2]' and 'const char * (*)[2]')</code><br />
						
            
            <a class="navhash" href="#1288">#</a>
						
              <code id="1288"> #define MY_HLINE2 (fancy ? (ACS_HLINE | A_BOLD) : '=')</code><br />
						
            
            <a class="navhash" href="#1289">#</a>
						
              <code id="1289">                                       ^</code><br />
						
            
            <a class="navhash" href="#1290">#</a>
						
              <code id="1290">tty.c:978:11: note: in expansion of macro 'MY_HLINE2'</code><br />
						
            
            <a class="navhash" href="#1291">#</a>
						
              <code id="1291">     hline(MY_HLINE2, scrwidth);</code><br />
						
            
            <a class="navhash" href="#1292">#</a>
						
              <code id="1292">           ^</code><br />
						
            
            <a class="navhash" href="#1293">#</a>
						
              <code id="1293">tty.c:31:49: warning: pointer/integer type mismatch in conditional expression [enabled by default]</code><br />
						
            
            <a class="navhash" href="#1294">#</a>
						
              <code id="1294"> #define MY_HLINE2 (fancy ? (ACS_HLINE | A_BOLD) : '=')</code><br />
						
            
            <a class="navhash" href="#1295">#</a>
						
              <code id="1295">                                                 ^</code><br />
						
            
            <a class="navhash" href="#1296">#</a>
						
              <code id="1296">tty.c:978:11: note: in expansion of macro 'MY_HLINE2'</code><br />
						
            
            <a class="navhash" href="#1297">#</a>
						
              <code id="1297">     hline(MY_HLINE2, scrwidth);</code><br />
						
            
            <a class="navhash" href="#1298">#</a>
						
              <code id="1298">           ^</code><br />
						
            
            <a class="navhash" href="#1299">#</a>
						
              <code id="1299">tty.c:984:13: error: 'A_NORMAL' undeclared (first use in this function)</code><br />
						
            
            <a class="navhash" href="#1300">#</a>
						
              <code id="1300">     attrset(A_NORMAL);</code><br />
						
            
            <a class="navhash" href="#1301">#</a>
						
              <code id="1301">             ^</code><br />
						
            
            <a class="navhash" href="#1302">#</a>
						
              <code id="1302">tty.c:987:13: error: 'stdscr' undeclared (first use in this function)</code><br />
						
            
            <a class="navhash" href="#1303">#</a>
						
              <code id="1303">     leaveok(stdscr, FALSE);</code><br />
						
            
            <a class="navhash" href="#1304">#</a>
						
              <code id="1304">             ^</code><br />
						
            
            <a class="navhash" href="#1305">#</a>
						
              <code id="1305">tty.c:987:21: error: 'FALSE' undeclared (first use in this function)</code><br />
						
            
            <a class="navhash" href="#1306">#</a>
						
              <code id="1306">     leaveok(stdscr, FALSE);</code><br />
						
            
            <a class="navhash" href="#1307">#</a>
						
              <code id="1307">                     ^</code><br />
						
            
            <a class="navhash" href="#1308">#</a>
						
              <code id="1308">tty.c: In function 'draw_partyline_input':</code><br />
						
            
            <a class="navhash" href="#1309">#</a>
						
              <code id="1309">tty.c:997:22: error: 'COLOR_WHITE' undeclared (first use in this function)</code><br />
						
            
            <a class="navhash" href="#1310">#</a>
						
              <code id="1310">     attrset(getcolor(COLOR_WHITE,COLOR_BLACK));</code><br />
						
            
            <a class="navhash" href="#1311">#</a>
						
              <code id="1311">                      ^</code><br />
						
            
            <a class="navhash" href="#1312">#</a>
						
              <code id="1312">tty.c:997:34: error: 'COLOR_BLACK' undeclared (first use in this function)</code><br />
						
            
            <a class="navhash" href="#1313">#</a>
						
              <code id="1313">     attrset(getcolor(COLOR_WHITE,COLOR_BLACK));</code><br />
						
            
            <a class="navhash" href="#1314">#</a>
						
              <code id="1314">                                  ^</code><br />
						
            
            <a class="navhash" href="#1315">#</a>
						
              <code id="1315">tty.c:997:5: warning: passing argument 1 of 'getcolor' makes integer from pointer without a cast [enabled by default]</code><br />
						
            
            <a class="navhash" href="#1316">#</a>
						
              <code id="1316">     attrset(getcolor(COLOR_WHITE,COLOR_BLACK));</code><br />
						
            
            <a class="navhash" href="#1317">#</a>
						
              <code id="1317">     ^</code><br />
						
            
            <a class="navhash" href="#1318">#</a>
						
              <code id="1318">tty.c:191:13: note: expected 'int' but argument is of type 'const char * (*)[2]'</code><br />
						
            
            <a class="navhash" href="#1319">#</a>
						
              <code id="1319"> static long getcolor(int fg, int bg)</code><br />
						
            
            <a class="navhash" href="#1320">#</a>
						
              <code id="1320">             ^</code><br />
						
            
            <a class="navhash" href="#1321">#</a>
						
              <code id="1321">tty.c:997:5: warning: passing argument 2 of 'getcolor' makes integer from pointer without a cast [enabled by default]</code><br />
						
            
            <a class="navhash" href="#1322">#</a>
						
              <code id="1322">     attrset(getcolor(COLOR_WHITE,COLOR_BLACK));</code><br />
						
            
            <a class="navhash" href="#1323">#</a>
						
              <code id="1323">     ^</code><br />
						
            
            <a class="navhash" href="#1324">#</a>
						
              <code id="1324">tty.c:191:13: note: expected 'int' but argument is of type 'const char * (*)[2]'</code><br />
						
            
            <a class="navhash" href="#1325">#</a>
						
              <code id="1325"> static long getcolor(int fg, int bg)</code><br />
						
            
            <a class="navhash" href="#1326">#</a>
						
              <code id="1326">             ^</code><br />
						
            
            <a class="navhash" href="#1327">#</a>
						
              <code id="1327">tty.c:998:9: warning: incompatible implicit declaration of built-in function 'strlen' [enabled by default]</code><br />
						
            
            <a class="navhash" href="#1328">#</a>
						
              <code id="1328">     if (strlen(s) < scrwidth-3) {</code><br />
						
            
            <a class="navhash" href="#1329">#</a>
						
              <code id="1329">         ^</code><br />
						
            
            <a class="navhash" href="#1330">#</a>
						
              <code id="1330">tty.c:1002:2: warning: implicit declaration of function 'clrtoeol' [-Wimplicit-function-declaration]</code><br />
						
            
            <a class="navhash" href="#1331">#</a>
						
              <code id="1331">  clrtoeol();</code><br />
						
            
            <a class="navhash" href="#1332">#</a>
						
              <code id="1332">  ^</code><br />
						
            
            <a class="navhash" href="#1333">#</a>
						
              <code id="1333">tty.c:1014:2: warning: implicit declaration of function 'mvaddnstr' [-Wimplicit-function-declaration]</code><br />
						
            
            <a class="navhash" href="#1334">#</a>
						
              <code id="1334">  mvaddnstr(scrheight-3, 2, s+start, scrwidth-2);</code><br />
						
            
            <a class="navhash" href="#1335">#</a>
						
              <code id="1335">  ^</code><br />
						
            
            <a class="navhash" href="#1336">#</a>
						
              <code id="1336">tty.c: In function 'setup_winlist':</code><br />
						
            
            <a class="navhash" href="#1337">#</a>
						
              <code id="1337">tty.c:1029:13: error: 'stdscr' undeclared (first use in this function)</code><br />
						
            
            <a class="navhash" href="#1338">#</a>
						
              <code id="1338">     leaveok(stdscr, TRUE);</code><br />
						
            
            <a class="navhash" href="#1339">#</a>
						
              <code id="1339">             ^</code><br />
						
            
            <a class="navhash" href="#1340">#</a>
						
              <code id="1340">tty.c:1029:21: error: 'TRUE' undeclared (first use in this function)</code><br />
						
            
            <a class="navhash" href="#1341">#</a>
						
              <code id="1341">     leaveok(stdscr, TRUE);</code><br />
						
            
            <a class="navhash" href="#1342">#</a>
						
              <code id="1342">                     ^</code><br />
						
            
            <a class="navhash" href="#1343">#</a>
						
              <code id="1343">tty.c:1032:22: error: 'COLOR_WHITE' undeclared (first use in this function)</code><br />
						
            
            <a class="navhash" href="#1344">#</a>
						
              <code id="1344">     attrset(getcolor(COLOR_WHITE,COLOR_BLACK));</code><br />
						
            
            <a class="navhash" href="#1345">#</a>
						
              <code id="1345">                      ^</code><br />
						
            
            <a class="navhash" href="#1346">#</a>
						
              <code id="1346">tty.c:1032:34: error: 'COLOR_BLACK' undeclared (first use in this function)</code><br />
						
            
            <a class="navhash" href="#1347">#</a>
						
              <code id="1347">     attrset(getcolor(COLOR_WHITE,COLOR_BLACK));</code><br />
						
            
            <a class="navhash" href="#1348">#</a>
						
              <code id="1348">                                  ^</code><br />
						
            
            <a class="navhash" href="#1349">#</a>
						
              <code id="1349">tty.c:1032:5: warning: passing argument 1 of 'getcolor' makes integer from pointer without a cast [enabled by default]</code><br />
						
            
            <a class="navhash" href="#1350">#</a>
						
              <code id="1350">     attrset(getcolor(COLOR_WHITE,COLOR_BLACK));</code><br />
						
            
            <a class="navhash" href="#1351">#</a>
						
              <code id="1351">     ^</code><br />
						
            
            <a class="navhash" href="#1352">#</a>
						
              <code id="1352">tty.c:191:13: note: expected 'int' but argument is of type 'const char * (*)[2]'</code><br />
						
            
            <a class="navhash" href="#1353">#</a>
						
              <code id="1353"> static long getcolor(int fg, int bg)</code><br />
						
            
            <a class="navhash" href="#1354">#</a>
						
              <code id="1354">             ^</code><br />
						
            
            <a class="navhash" href="#1355">#</a>
						
              <code id="1355">tty.c:1032:5: warning: passing argument 2 of 'getcolor' makes integer from pointer without a cast [enabled by default]</code><br />
						
            
            <a class="navhash" href="#1356">#</a>
						
              <code id="1356">     attrset(getcolor(COLOR_WHITE,COLOR_BLACK));</code><br />
						
            
            <a class="navhash" href="#1357">#</a>
						
              <code id="1357">     ^</code><br />
						
            
            <a class="navhash" href="#1358">#</a>
						
              <code id="1358">tty.c:191:13: note: expected 'int' but argument is of type 'const char * (*)[2]'</code><br />
						
            
            <a class="navhash" href="#1359">#</a>
						
              <code id="1359"> static long getcolor(int fg, int bg)</code><br />
						
            
            <a class="navhash" href="#1360">#</a>
						
              <code id="1360">             ^</code><br />
						
            
            <a class="navhash" href="#1361">#</a>
						
              <code id="1361">tty.c:1035:19: warning: incompatible implicit declaration of built-in function 'strlen' [enabled by default]</code><br />
						
            
            <a class="navhash" href="#1362">#</a>
						
              <code id="1362">  x = scrwidth/2 - strlen(winlist[i].name);</code><br />
						
            
            <a class="navhash" href="#1363">#</a>
						
              <code id="1363">                   ^</code><br />
						
            
            <a class="navhash" href="#1364">#</a>
						
              <code id="1364">tty.c:1044:2: warning: incompatible implicit declaration of built-in function 'snprintf' [enabled by default]</code><br />
						
            
            <a class="navhash" href="#1365">#</a>
						
              <code id="1365">  snprintf(buf, sizeof(buf), "%4d", winlist[i].points);</code><br />
						
            
            <a class="navhash" href="#1366">#</a>
						
              <code id="1366">  ^</code><br />
						
            
            <a class="navhash" href="#1367">#</a>
						
              <code id="1367">tty.c:31:29: error: 'ACS_HLINE' undeclared (first use in this function)</code><br />
						
            
            <a class="navhash" href="#1368">#</a>
						
              <code id="1368"> #define MY_HLINE2 (fancy ? (ACS_HLINE | A_BOLD) : '=')</code><br />
						
            
            <a class="navhash" href="#1369">#</a>
						
              <code id="1369">                             ^</code><br />
						
            
            <a class="navhash" href="#1370">#</a>
						
              <code id="1370">tty.c:1057:11: note: in expansion of macro 'MY_HLINE2'</code><br />
						
            
            <a class="navhash" href="#1371">#</a>
						
              <code id="1371">     hline(MY_HLINE2, scrwidth);</code><br />
						
            
            <a class="navhash" href="#1372">#</a>
						
              <code id="1372">           ^</code><br />
						
            
            <a class="navhash" href="#1373">#</a>
						
              <code id="1373">tty.c:31:41: error: 'A_BOLD' undeclared (first use in this function)</code><br />
						
            
            <a class="navhash" href="#1374">#</a>
						
              <code id="1374"> #define MY_HLINE2 (fancy ? (ACS_HLINE | A_BOLD) : '=')</code><br />
						
            
            <a class="navhash" href="#1375">#</a>
						
              <code id="1375">                                         ^</code><br />
						
            
            <a class="navhash" href="#1376">#</a>
						
              <code id="1376">tty.c:1057:11: note: in expansion of macro 'MY_HLINE2'</code><br />
						
            
            <a class="navhash" href="#1377">#</a>
						
              <code id="1377">     hline(MY_HLINE2, scrwidth);</code><br />
						
            
            <a class="navhash" href="#1378">#</a>
						
              <code id="1378">           ^</code><br />
						
            
            <a class="navhash" href="#1379">#</a>
						
              <code id="1379">tty.c:31:39: error: invalid operands to binary | (have 'const char * (*)[2]' and 'const char * (*)[2]')</code><br />
						
            
            <a class="navhash" href="#1380">#</a>
						
              <code id="1380"> #define MY_HLINE2 (fancy ? (ACS_HLINE | A_BOLD) : '=')</code><br />
						
            
            <a class="navhash" href="#1381">#</a>
						
              <code id="1381">                                       ^</code><br />
						
            
            <a class="navhash" href="#1382">#</a>
						
              <code id="1382">tty.c:1057:11: note: in expansion of macro 'MY_HLINE2'</code><br />
						
            
            <a class="navhash" href="#1383">#</a>
						
              <code id="1383">     hline(MY_HLINE2, scrwidth);</code><br />
						
            
            <a class="navhash" href="#1384">#</a>
						
              <code id="1384">           ^</code><br />
						
            
            <a class="navhash" href="#1385">#</a>
						
              <code id="1385">tty.c:31:49: warning: pointer/integer type mismatch in conditional expression [enabled by default]</code><br />
						
            
            <a class="navhash" href="#1386">#</a>
						
              <code id="1386"> #define MY_HLINE2 (fancy ? (ACS_HLINE | A_BOLD) : '=')</code><br />
						
            
            <a class="navhash" href="#1387">#</a>
						
              <code id="1387">                                                 ^</code><br />
						
            
            <a class="navhash" href="#1388">#</a>
						
              <code id="1388">tty.c:1057:11: note: in expansion of macro 'MY_HLINE2'</code><br />
						
            
            <a class="navhash" href="#1389">#</a>
						
              <code id="1389">     hline(MY_HLINE2, scrwidth);</code><br />
						
            
            <a class="navhash" href="#1390">#</a>
						
              <code id="1390">           ^</code><br />
						
            
            <a class="navhash" href="#1391">#</a>
						
              <code id="1391">make: *** [Makefile:33: tetris.o] Error 1</code><br />
						
            
            <a class="navhash" href="#1392">#</a>
						
              <code id="1392">tty.c:1063:13: error: 'A_NORMAL' undeclared (first use in this function)</code><br />
						
            
            <a class="navhash" href="#1393">#</a>
						
              <code id="1393">     attrset(A_NORMAL);</code><br />
						
            
            <a class="navhash" href="#1394">#</a>
						
              <code id="1394">             ^</code><br />
						
            
            <a class="navhash" href="#1395">#</a>
						
              <code id="1395">tty.c: In function 'wait_for_input':</code><br />
						
            
            <a class="navhash" href="#1396">#</a>
						
              <code id="1396">tty.c:114:1: warning: control reaches end of non-void function [-Wreturn-type]</code><br />
						
            
            <a class="navhash" href="#1397">#</a>
						
              <code id="1397"> }</code><br />
						
            
            <a class="navhash" href="#1398">#</a>
						
              <code id="1398"> ^</code><br />
						
            
            <a class="navhash" href="#1399">#</a>
						
              <code id="1399">make: *** [Makefile:33: tty.o] Error 1</code><br />
						
            
            <a class="navhash" href="#1400">#</a>
						
              <code id="1400">==> ERROR: A failure occurred in build().</code><br />
						
            
            <a class="navhash" href="#1401">#</a>
						
              <code id="1401">    Aborting...</code><br />
						
            
          </div>
        
      </div>
      <br />
    
  </body>
</html>