<!DOCTYPE html>
<html>
<!-- Jinja template for reports of individual builds

  Copyright 2016 Kareem Khazem. All Rights Reserved.
  Licensed under the Apache License, Version 2.0 (the "License");
  you may not use this file except in compliance with the License.
  You may obtain a copy of the License at

 		 http://www.apache.org/licenses/LICENSE-2.0

  Unless required by applicable law or agreed to in writing, software
  distributed under the License is distributed on an "AS IS" BASIS,
  WITHOUT WARRANTIES OR CONDITIONS OF ANY KIND, either express or
  implied.
  See the License for the specific language governing permissions and
  limitations under the License.
-->
  <head>
    <meta charset="UTF-8">
    <title>android/tinycdb</title>
    <link href='https://fonts.googleapis.com/css?family=Roboto:400,900'
          rel='stylesheet' type='text/css'>
    <link
    href='https://fonts.googleapis.com/css?family=Source+Code+Pro:400,700'
          rel='stylesheet' type='text/css'>
    <link href="../style.css" type="text/css" rel="stylesheet">
  </head>
  <body>
    <h1>Build of tinycdb
        with <a href="../index.html">android</a>
        toolchain</h1>
    <p>The build took 00h 00m 54s and was
    NOT successful.</p>
    <p>
    The program in this build is written in the following languages,
    according to <a
    href="http://www.dwheeler.com/sloccount/">sloccount</a>:
    </p>
    <table>
      <tr><th>SLOC</th><th>Language</th></tr>
      
      <tr><td class="loc"><code>1,707</code></td>
          <td class="lang">ansic</td></tr>
      <tr><td class="loc"><code>225</code></td>
          <td class="lang">makefile</td></tr>
      <tr><td class="loc"><code>113</code></td>
          <td class="lang">sh</td></tr>
      <tr><td><code>2,045</code></td>
          <td><em>total</em></td></tr>
    </table>
    <p>
      The process tree of the build process is <a
      href="tinycdb-tree.html">here</a>.
    </p>
    
    
    
    
    
    
    <h2>Log</h2>
    <p>
    To avoid scrolling, you may jump to the <a
    href="#168">last line</a> of the
    invocation of <code>makepkg</code> that was used to build this
    package.
    </p>
    
    
      <div class="block">
        <div class="info">
          <code>Removed vanilla repositories from pacman.conf and added:</code>
        </div>
        
          <div class="output">
            
            <a class="navhash" href="#1">#</a>
						
              <code id="1">[tuscan]</code><br />
						
            
            <a class="navhash" href="#2">#</a>
						
              <code id="2">Server = file:///var/cache/pacman/pkg/</code><br />
						
            
          </div>
        
      </div>
      <br />
    
      <div class="block">
        <div class="command">
          <code><span class="prompt">CMD: </span>pacman -Syy --noconfirm</code>
        </div>
        
          <div class="output">
            
            <a class="navhash" href="#3">#</a>
						
              <code id="3">:: Synchronizing package databases...</code><br />
						
            
            <a class="navhash" href="#4">#</a>
						
              <code id="4">downloading tuscan.db...</code><br />
						
            
          </div>
        
      </div>
      <br />
    
      <div class="block">
        <div class="info">
          <code>Copied permanent toolchain into container-local sysroot</code>
        </div>
        
          <div class="output">
            
            <a class="navhash" href="#5">#</a>
						
              <code id="5">/toolchain_root/arm-linux-androideabi  -->  /sysroot/arm-linux-androideabi</code><br />
						
            
            <a class="navhash" href="#6">#</a>
						
              <code id="6">/toolchain_root/COPYING3.LIB  -->  /sysroot/COPYING3.LIB</code><br />
						
            
            <a class="navhash" href="#7">#</a>
						
              <code id="7">/toolchain_root/sysroot  -->  /sysroot/sysroot</code><br />
						
            
            <a class="navhash" href="#8">#</a>
						
              <code id="8">/toolchain_root/COPYING.RUNTIME  -->  /sysroot/COPYING.RUNTIME</code><br />
						
            
            <a class="navhash" href="#9">#</a>
						
              <code id="9">/toolchain_root/lib  -->  /sysroot/lib</code><br />
						
            
            <a class="navhash" href="#10">#</a>
						
              <code id="10">/toolchain_root/SOURCES  -->  /sysroot/SOURCES</code><br />
						
            
            <a class="navhash" href="#11">#</a>
						
              <code id="11">/toolchain_root/lib64  -->  /sysroot/lib64</code><br />
						
            
            <a class="navhash" href="#12">#</a>
						
              <code id="12">/toolchain_root/share  -->  /sysroot/share</code><br />
						
            
            <a class="navhash" href="#13">#</a>
						
              <code id="13">/toolchain_root/bin  -->  /sysroot/bin</code><br />
						
            
            <a class="navhash" href="#14">#</a>
						
              <code id="14">/toolchain_root/COPYING  -->  /sysroot/COPYING</code><br />
						
            
            <a class="navhash" href="#15">#</a>
						
              <code id="15">/toolchain_root/COPYING3  -->  /sysroot/COPYING3</code><br />
						
            
            <a class="navhash" href="#16">#</a>
						
              <code id="16">/toolchain_root/COPYING.LIB  -->  /sysroot/COPYING.LIB</code><br />
						
            
            <a class="navhash" href="#17">#</a>
						
              <code id="17">/toolchain_root/include  -->  /sysroot/include</code><br />
						
            
            <a class="navhash" href="#18">#</a>
						
              <code id="18">/toolchain_root/libexec  -->  /sysroot/libexec</code><br />
						
            
          </div>
        
      </div>
      <br />
    
      <div class="block">
        <div class="command">
          <code><span class="prompt">CMD: </span>sudo -u tuscan PATH=/sysroot/bin:/sysroot/libexec/gcc/arm-linux-androideabi/4.8:/usr/local/sbin:/usr/local/bin:/usr/sbin:/usr/bin:/sbin:/bin CC=arm-linux-androideabi-gcc CXX=arm-linux-androideabi-g++ red makepkg --noextract --syncdeps --skipinteg --skippgpcheck --skipchecksums --noconfirm --nocolor --log --noprogressbar --nocheck</code>
        </div>
        
          <div class="output">
            
            <a class="navhash" href="#19">#</a>
						
              <code id="19">==> Making package: tinycdb 0.78-2 (Tue Apr  4 21:42:02 UTC 2017)</code><br />
						
            
            <a class="navhash" href="#20">#</a>
						
              <code id="20">==> Checking runtime dependencies...</code><br />
						
            
            <a class="navhash" href="#21">#</a>
						
              <code id="21">==> Checking buildtime dependencies...</code><br />
						
            
            <a class="navhash" href="#22">#</a>
						
              <code id="22">==> WARNING: Using existing $srcdir/ tree</code><br />
						
            
            <a class="navhash" href="#23">#</a>
						
              <code id="23">==> Starting build()...</code><br />
						
            
            <a class="navhash" href="#24">#</a>
						
              <code id="24">cc  -D_FILE_OFFSET_BITS=64 -c cdb_init.c</code><br />
						
            
            <a class="navhash" href="#25">#</a>
						
              <code id="25">cc  -D_FILE_OFFSET_BITS=64 -c cdb_find.c</code><br />
						
            
            <a class="navhash" href="#26">#</a>
						
              <code id="26">cc  -D_FILE_OFFSET_BITS=64 -c cdb_findnext.c</code><br />
						
            
            <a class="navhash" href="#27">#</a>
						
              <code id="27">cc  -D_FILE_OFFSET_BITS=64 -c cdb_seq.c</code><br />
						
            
            <a class="navhash" href="#28">#</a>
						
              <code id="28">cc1: error: no include path in which to search for stdc-predef.h</code><br />
						
            
            <a class="navhash" href="#29">#</a>
						
              <code id="29">cc1: error: no include path in which to search for stdc-predef.h</code><br />
						
            
            <a class="navhash" href="#30">#</a>
						
              <code id="30">In file included from cdb_find.c:7:0:</code><br />
						
            
            <a class="navhash" href="#31">#</a>
						
              <code id="31">cdb_int.h:8:19: error: no include path in which to search for errno.h</code><br />
						
            
            <a class="navhash" href="#32">#</a>
						
              <code id="32"> #include <errno.h></code><br />
						
            
            <a class="navhash" href="#33">#</a>
						
              <code id="33">                   ^</code><br />
						
            
            <a class="navhash" href="#34">#</a>
						
              <code id="34">cdb_int.h:9:20: error: no include path in which to search for string.h</code><br />
						
            
            <a class="navhash" href="#35">#</a>
						
              <code id="35"> #include <string.h></code><br />
						
            
            <a class="navhash" href="#36">#</a>
						
              <code id="36">                    ^</code><br />
						
            
            <a class="navhash" href="#37">#</a>
						
              <code id="37">cdb_find.c: In function 'cdb_find':</code><br />
						
            
            <a class="navhash" href="#38">#</a>
						
              <code id="38">cdb_find.c:38:12: error: 'errno' undeclared (first use in this function)</code><br />
						
            
            <a class="navhash" href="#39">#</a>
						
              <code id="39">     return errno = EPROTO, -1;</code><br />
						
            
            <a class="navhash" href="#40">#</a>
						
              <code id="40">            ^</code><br />
						
            
            <a class="navhash" href="#41">#</a>
						
              <code id="41">cdb_find.c:38:12: note: each undeclared identifier is reported only once for each function it appears in</code><br />
						
            
            <a class="navhash" href="#42">#</a>
						
              <code id="42">In file included from cdb_findnext.c:9:0:</code><br />
						
            
            <a class="navhash" href="#43">#</a>
						
              <code id="43">cdb_int.h:8:19: error: no include path in which to search for errno.h</code><br />
						
            
            <a class="navhash" href="#44">#</a>
						
              <code id="44"> #include <errno.h></code><br />
						
            
            <a class="navhash" href="#45">#</a>
						
              <code id="45">                   ^</code><br />
						
            
            <a class="navhash" href="#46">#</a>
						
              <code id="46">cdb_int.h:9:20: error: no include path in which to search for string.h</code><br />
						
            
            <a class="navhash" href="#47">#</a>
						
              <code id="47"> #include <string.h></code><br />
						
            
            <a class="navhash" href="#48">#</a>
						
              <code id="48">                    ^</code><br />
						
            
            <a class="navhash" href="#49">#</a>
						
              <code id="49">In file included from cdb_find.c:7:0:</code><br />
						
            
            <a class="navhash" href="#50">#</a>
						
              <code id="50">cdb_int.h:12:17: error: 'EINVAL' undeclared (first use in this function)</code><br />
						
            
            <a class="navhash" href="#51">#</a>
						
              <code id="51"> # define EPROTO EINVAL</code><br />
						
            
            <a class="navhash" href="#52">#</a>
						
              <code id="52">                 ^</code><br />
						
            
            <a class="navhash" href="#53">#</a>
						
              <code id="53">cdb_find.c:38:20: note: in expansion of macro 'EPROTO'</code><br />
						
            
            <a class="navhash" href="#54">#</a>
						
              <code id="54">     return errno = EPROTO, -1;</code><br />
						
            
            <a class="navhash" href="#55">#</a>
						
              <code id="55">                    ^</code><br />
						
            
            <a class="navhash" href="#56">#</a>
						
              <code id="56">cdb_findnext.c: In function 'cdb_findinit':</code><br />
						
            
            <a class="navhash" href="#57">#</a>
						
              <code id="57">cdb_findnext.c:32:12: error: 'errno' undeclared (first use in this function)</code><br />
						
            
            <a class="navhash" href="#58">#</a>
						
              <code id="58">     return errno = EPROTO, -1;</code><br />
						
            
            <a class="navhash" href="#59">#</a>
						
              <code id="59">            ^</code><br />
						
            
            <a class="navhash" href="#60">#</a>
						
              <code id="60">cdb_findnext.c:32:12: note: each undeclared identifier is reported only once for each function it appears in</code><br />
						
            
            <a class="navhash" href="#61">#</a>
						
              <code id="61">In file included from cdb_findnext.c:9:0:</code><br />
						
            
            <a class="navhash" href="#62">#</a>
						
              <code id="62">cdb_int.h:12:17: error: 'EINVAL' undeclared (first use in this function)</code><br />
						
            
            <a class="navhash" href="#63">#</a>
						
              <code id="63"> # define EPROTO EINVAL</code><br />
						
            
            <a class="navhash" href="#64">#</a>
						
              <code id="64">                 ^</code><br />
						
            
            <a class="navhash" href="#65">#</a>
						
              <code id="65">cdb_findnext.c:32:20: note: in expansion of macro 'EPROTO'</code><br />
						
            
            <a class="navhash" href="#66">#</a>
						
              <code id="66">     return errno = EPROTO, -1;</code><br />
						
            
            <a class="navhash" href="#67">#</a>
						
              <code id="67">                    ^</code><br />
						
            
            <a class="navhash" href="#68">#</a>
						
              <code id="68">cc1: error: no include path in which to search for stdc-predef.h</code><br />
						
            
            <a class="navhash" href="#69">#</a>
						
              <code id="69">cdb_findnext.c: In function 'cdb_findnext':</code><br />
						
            
            <a class="navhash" href="#70">#</a>
						
              <code id="70">cdb_findnext.c:57:9: error: 'errno' undeclared (first use in this function)</code><br />
						
            
            <a class="navhash" href="#71">#</a>
						
              <code id="71">  return errno = EPROTO, -1;</code><br />
						
            
            <a class="navhash" href="#72">#</a>
						
              <code id="72">         ^</code><br />
						
            
            <a class="navhash" href="#73">#</a>
						
              <code id="73">In file included from cdb_findnext.c:9:0:</code><br />
						
            
            <a class="navhash" href="#74">#</a>
						
              <code id="74">cdb_int.h:12:17: error: 'EINVAL' undeclared (first use in this function)</code><br />
						
            
            <a class="navhash" href="#75">#</a>
						
              <code id="75"> # define EPROTO EINVAL</code><br />
						
            
            <a class="navhash" href="#76">#</a>
						
              <code id="76">                 ^</code><br />
						
            
            <a class="navhash" href="#77">#</a>
						
              <code id="77">cdb_findnext.c:57:17: note: in expansion of macro 'EPROTO'</code><br />
						
            
            <a class="navhash" href="#78">#</a>
						
              <code id="78">  return errno = EPROTO, -1;</code><br />
						
            
            <a class="navhash" href="#79">#</a>
						
              <code id="79">                 ^</code><br />
						
            
            <a class="navhash" href="#80">#</a>
						
              <code id="80">cc1: error: no include path in which to search for stdc-predef.h</code><br />
						
            
            <a class="navhash" href="#81">#</a>
						
              <code id="81">In file included from cdb_seq.c:7:0:</code><br />
						
            
            <a class="navhash" href="#82">#</a>
						
              <code id="82">cdb_int.h:8:19: error: no include path in which to search for errno.h</code><br />
						
            
            <a class="navhash" href="#83">#</a>
						
              <code id="83"> #include <errno.h></code><br />
						
            
            <a class="navhash" href="#84">#</a>
						
              <code id="84">                   ^</code><br />
						
            
            <a class="navhash" href="#85">#</a>
						
              <code id="85">cdb_int.h:9:20: error: no include path in which to search for string.h</code><br />
						
            
            <a class="navhash" href="#86">#</a>
						
              <code id="86"> #include <string.h></code><br />
						
            
            <a class="navhash" href="#87">#</a>
						
              <code id="87">                    ^</code><br />
						
            
            <a class="navhash" href="#88">#</a>
						
              <code id="88">cdb_init.c:7:23: error: no include path in which to search for sys/types.h</code><br />
						
            
            <a class="navhash" href="#89">#</a>
						
              <code id="89"> #include <sys/types.h></code><br />
						
            
            <a class="navhash" href="#90">#</a>
						
              <code id="90">                       ^</code><br />
						
            
            <a class="navhash" href="#91">#</a>
						
              <code id="91">cdb_init.c:11:23: error: no include path in which to search for sys/mman.h</code><br />
						
            
            <a class="navhash" href="#92">#</a>
						
              <code id="92"> # include <sys/mman.h></code><br />
						
            
            <a class="navhash" href="#93">#</a>
						
              <code id="93">                       ^</code><br />
						
            
            <a class="navhash" href="#94">#</a>
						
              <code id="94">cdb_init.c:16:22: error: no include path in which to search for sys/stat.h</code><br />
						
            
            <a class="navhash" href="#95">#</a>
						
              <code id="95"> #include <sys/stat.h></code><br />
						
            
            <a class="navhash" href="#96">#</a>
						
              <code id="96">                      ^</code><br />
						
            
            <a class="navhash" href="#97">#</a>
						
              <code id="97">cdb_seq.c: In function 'cdb_seqnext':</code><br />
						
            
            <a class="navhash" href="#98">#</a>
						
              <code id="98">cdb_seq.c:21:12: error: 'errno' undeclared (first use in this function)</code><br />
						
            
            <a class="navhash" href="#99">#</a>
						
              <code id="99">     return errno = EPROTO, -1;</code><br />
						
            
            <a class="navhash" href="#100">#</a>
						
              <code id="100">            ^</code><br />
						
            
            <a class="navhash" href="#101">#</a>
						
              <code id="101">cdb_seq.c:21:12: note: each undeclared identifier is reported only once for each function it appears in</code><br />
						
            
            <a class="navhash" href="#102">#</a>
						
              <code id="102">In file included from cdb_seq.c:7:0:</code><br />
						
            
            <a class="navhash" href="#103">#</a>
						
              <code id="103">cdb_int.h:12:17: error: 'EINVAL' undeclared (first use in this function)</code><br />
						
            
            <a class="navhash" href="#104">#</a>
						
              <code id="104"> # define EPROTO EINVAL</code><br />
						
            
            <a class="navhash" href="#105">#</a>
						
              <code id="105">                 ^</code><br />
						
            
            <a class="navhash" href="#106">#</a>
						
              <code id="106">cdb_seq.c:21:20: note: in expansion of macro 'EPROTO'</code><br />
						
            
            <a class="navhash" href="#107">#</a>
						
              <code id="107">     return errno = EPROTO, -1;</code><br />
						
            
            <a class="navhash" href="#108">#</a>
						
              <code id="108">                    ^</code><br />
						
            
            <a class="navhash" href="#109">#</a>
						
              <code id="109">In file included from cdb_init.c:17:0:</code><br />
						
            
            <a class="navhash" href="#110">#</a>
						
              <code id="110">cdb_int.h:8:19: error: no include path in which to search for errno.h</code><br />
						
            
            <a class="navhash" href="#111">#</a>
						
              <code id="111"> #include <errno.h></code><br />
						
            
            <a class="navhash" href="#112">#</a>
						
              <code id="112">                   ^</code><br />
						
            
            <a class="navhash" href="#113">#</a>
						
              <code id="113">cdb_int.h:9:20: error: no include path in which to search for string.h</code><br />
						
            
            <a class="navhash" href="#114">#</a>
						
              <code id="114"> #include <string.h></code><br />
						
            
            <a class="navhash" href="#115">#</a>
						
              <code id="115">                    ^</code><br />
						
            
            <a class="navhash" href="#116">#</a>
						
              <code id="116">cdb_init.c: In function 'cdb_init':</code><br />
						
            
            <a class="navhash" href="#117">#</a>
						
              <code id="117">cdb_init.c:22:15: error: storage size of 'st' isn't known</code><br />
						
            
            <a class="navhash" href="#118">#</a>
						
              <code id="118">   struct stat st;</code><br />
						
            
            <a class="navhash" href="#119">#</a>
						
              <code id="119">               ^</code><br />
						
            
            <a class="navhash" href="#120">#</a>
						
              <code id="120">cdb_init.c:34:12: error: 'errno' undeclared (first use in this function)</code><br />
						
            
            <a class="navhash" href="#121">#</a>
						
              <code id="121">     return errno = EPROTO, -1;</code><br />
						
            
            <a class="navhash" href="#122">#</a>
						
              <code id="122">            ^</code><br />
						
            
            <a class="navhash" href="#123">#</a>
						
              <code id="123">cdb_init.c:34:12: note: each undeclared identifier is reported only once for each function it appears in</code><br />
						
            
            <a class="navhash" href="#124">#</a>
						
              <code id="124">In file included from cdb_init.c:17:0:</code><br />
						
            
            <a class="navhash" href="#125">#</a>
						
              <code id="125">cdb_int.h:12:17: error: 'EINVAL' undeclared (first use in this function)</code><br />
						
            
            <a class="navhash" href="#126">#</a>
						
              <code id="126"> # define EPROTO EINVAL</code><br />
						
            
            <a class="navhash" href="#127">#</a>
						
              <code id="127">                 ^</code><br />
						
            
            <a class="navhash" href="#128">#</a>
						
              <code id="128">cdb_init.c:34:20: note: in expansion of macro 'EPROTO'</code><br />
						
            
            <a class="navhash" href="#129">#</a>
						
              <code id="129">     return errno = EPROTO, -1;</code><br />
						
            
            <a class="navhash" href="#130">#</a>
						
              <code id="130">                    ^</code><br />
						
            
            <a class="navhash" href="#131">#</a>
						
              <code id="131">cdb_init.c:49:30: error: 'NULL' undeclared (first use in this function)</code><br />
						
            
            <a class="navhash" href="#132">#</a>
						
              <code id="132">   mem = (unsigned char*)mmap(NULL, fsize, PROT_READ, MAP_SHARED, fd, 0);</code><br />
						
            
            <a class="navhash" href="#133">#</a>
						
              <code id="133">                              ^</code><br />
						
            
            <a class="navhash" href="#134">#</a>
						
              <code id="134">cdb_init.c:49:43: error: 'PROT_READ' undeclared (first use in this function)</code><br />
						
            
            <a class="navhash" href="#135">#</a>
						
              <code id="135">   mem = (unsigned char*)mmap(NULL, fsize, PROT_READ, MAP_SHARED, fd, 0);</code><br />
						
            
            <a class="navhash" href="#136">#</a>
						
              <code id="136">                                           ^</code><br />
						
            
            <a class="navhash" href="#137">#</a>
						
              <code id="137">cdb_init.c:49:54: error: 'MAP_SHARED' undeclared (first use in this function)</code><br />
						
            
            <a class="navhash" href="#138">#</a>
						
              <code id="138">   mem = (unsigned char*)mmap(NULL, fsize, PROT_READ, MAP_SHARED, fd, 0);</code><br />
						
            
            <a class="navhash" href="#139">#</a>
						
              <code id="139">                                                      ^</code><br />
						
            
            <a class="navhash" href="#140">#</a>
						
              <code id="140">cdb_init.c: In function 'cdb_free':</code><br />
						
            
            <a class="navhash" href="#141">#</a>
						
              <code id="141">cdb_init.c:90:21: error: 'NULL' undeclared (first use in this function)</code><br />
						
            
            <a class="navhash" href="#142">#</a>
						
              <code id="142">     cdbp->cdb_mem = NULL;</code><br />
						
            
            <a class="navhash" href="#143">#</a>
						
              <code id="143">                     ^</code><br />
						
            
            <a class="navhash" href="#144">#</a>
						
              <code id="144">cdb_init.c: In function 'cdb_get':</code><br />
						
            
            <a class="navhash" href="#145">#</a>
						
              <code id="145">cdb_init.c:99:5: error: 'errno' undeclared (first use in this function)</code><br />
						
            
            <a class="navhash" href="#146">#</a>
						
              <code id="146">     errno = EPROTO;</code><br />
						
            
            <a class="navhash" href="#147">#</a>
						
              <code id="147">     ^</code><br />
						
            
            <a class="navhash" href="#148">#</a>
						
              <code id="148">In file included from cdb_init.c:17:0:</code><br />
						
            
            <a class="navhash" href="#149">#</a>
						
              <code id="149">cdb_int.h:12:17: error: 'EINVAL' undeclared (first use in this function)</code><br />
						
            
            <a class="navhash" href="#150">#</a>
						
              <code id="150"> # define EPROTO EINVAL</code><br />
						
            
            <a class="navhash" href="#151">#</a>
						
              <code id="151">                 ^</code><br />
						
            
            <a class="navhash" href="#152">#</a>
						
              <code id="152">cdb_init.c:99:13: note: in expansion of macro 'EPROTO'</code><br />
						
            
            <a class="navhash" href="#153">#</a>
						
              <code id="153">     errno = EPROTO;</code><br />
						
            
            <a class="navhash" href="#154">#</a>
						
              <code id="154">             ^</code><br />
						
            
            <a class="navhash" href="#155">#</a>
						
              <code id="155">cdb_init.c:100:12: error: 'NULL' undeclared (first use in this function)</code><br />
						
            
            <a class="navhash" href="#156">#</a>
						
              <code id="156">     return NULL;</code><br />
						
            
            <a class="navhash" href="#157">#</a>
						
              <code id="157">            ^</code><br />
						
            
            <a class="navhash" href="#158">#</a>
						
              <code id="158">cdb_init.c: In function 'cdb_read':</code><br />
						
            
            <a class="navhash" href="#159">#</a>
						
              <code id="159">make: *** [Makefile:107: cdb_find.o] Error 1</code><br />
						
            
            <a class="navhash" href="#160">#</a>
						
              <code id="160">cdb_init.c:110:3: warning: incompatible implicit declaration of built-in function 'memcpy' [enabled by default]</code><br />
						
            
            <a class="navhash" href="#161">#</a>
						
              <code id="161">   memcpy(buf, data, len);</code><br />
						
            
            <a class="navhash" href="#162">#</a>
						
              <code id="162">   ^</code><br />
						
            
            <a class="navhash" href="#163">#</a>
						
              <code id="163">make: *** Waiting for unfinished jobs....</code><br />
						
            
            <a class="navhash" href="#164">#</a>
						
              <code id="164">make: *** [Makefile:107: cdb_findnext.o] Error 1</code><br />
						
            
            <a class="navhash" href="#165">#</a>
						
              <code id="165">make: *** [Makefile:107: cdb_seq.o] Error 1</code><br />
						
            
            <a class="navhash" href="#166">#</a>
						
              <code id="166">make: *** [Makefile:107: cdb_init.o] Error 1</code><br />
						
            
            <a class="navhash" href="#167">#</a>
						
              <code id="167">==> ERROR: A failure occurred in build().</code><br />
						
            
            <a class="navhash" href="#168">#</a>
						
              <code id="168">    Aborting...</code><br />
						
            
          </div>
        
      </div>
      <br />
    
  </body>
</html>