<!DOCTYPE html>
<html>
<!-- Jinja template for reports of individual builds

  Copyright 2016 Kareem Khazem. All Rights Reserved.
  Licensed under the Apache License, Version 2.0 (the "License");
  you may not use this file except in compliance with the License.
  You may obtain a copy of the License at

 		 http://www.apache.org/licenses/LICENSE-2.0

  Unless required by applicable law or agreed to in writing, software
  distributed under the License is distributed on an "AS IS" BASIS,
  WITHOUT WARRANTIES OR CONDITIONS OF ANY KIND, either express or
  implied.
  See the License for the specific language governing permissions and
  limitations under the License.
-->
  <head>
    <meta charset="UTF-8">
    <title>android/uboot-tools</title>
    <link href='https://fonts.googleapis.com/css?family=Roboto:400,900'
          rel='stylesheet' type='text/css'>
    <link
    href='https://fonts.googleapis.com/css?family=Source+Code+Pro:400,700'
          rel='stylesheet' type='text/css'>
    <link href="../style.css" type="text/css" rel="stylesheet">
  </head>
  <body>
    <h1>Build of uboot-tools
        with <a href="../index.html">android</a>
        toolchain</h1>
    <p>The build took 00h 01m 17s and was
    NOT successful.</p>
    <p>
    The program in this build is written in the following languages,
    according to <a
    href="http://www.dwheeler.com/sloccount/">sloccount</a>:
    </p>
    <table>
      <tr><th>SLOC</th><th>Language</th></tr>
      
      <tr><td class="loc"><code>1,180,153</code></td>
          <td class="lang">ansic</td></tr>
      <tr><td class="loc"><code>31,648</code></td>
          <td class="lang">asm</td></tr>
      <tr><td class="loc"><code>8,830</code></td>
          <td class="lang">python</td></tr>
      <tr><td class="loc"><code>8,014</code></td>
          <td class="lang">perl</td></tr>
      <tr><td class="loc"><code>6,413</code></td>
          <td class="lang">makefile</td></tr>
      <tr><td class="loc"><code>2,453</code></td>
          <td class="lang">sh</td></tr>
      <tr><td class="loc"><code>1,829</code></td>
          <td class="lang">cpp</td></tr>
      <tr><td class="loc"><code>604</code></td>
          <td class="lang">yacc</td></tr>
      <tr><td class="loc"><code>363</code></td>
          <td class="lang">lex</td></tr>
      <tr><td class="loc"><code>28</code></td>
          <td class="lang">tcl</td></tr>
      <tr><td class="loc"><code>14</code></td>
          <td class="lang">sed</td></tr>
      <tr><td class="loc"><code>6</code></td>
          <td class="lang">awk</td></tr>
      <tr><td><code>1,240,355</code></td>
          <td><em>total</em></td></tr>
    </table>
    <p>
      The process tree of the build process is <a
      href="uboot-tools-tree.html">here</a>.
    </p>
    
    
    
    
    
    <h2>List of Errors</h2>
    <ul>
      
      <li>unknown_type
        <ul>
          
          <li><a href="#109">scripts/basic/fixdep.c:220:48: error: unknown type name 'size_t'</a></li>
          
          <li><a href="#166">scripts/basic/fixdep.c:323:39: error: unknown type name 'size_t'</a></li>
          
        </ul>
      </li>
      
    </ul>
    
    
    <h2>Log</h2>
    <p>
    To avoid scrolling, you may jump to the <a
    href="#239">last line</a> of the
    invocation of <code>makepkg</code> that was used to build this
    package.
    </p>
    
    
      <div class="block">
        <div class="info">
          <code>Removed vanilla repositories from pacman.conf and added:</code>
        </div>
        
          <div class="output">
            
            <a class="navhash" href="#1">#</a>
						
              <code id="1">[tuscan]</code><br />
						
            
            <a class="navhash" href="#2">#</a>
						
              <code id="2">Server = file:///var/cache/pacman/pkg/</code><br />
						
            
          </div>
        
      </div>
      <br />
    
      <div class="block">
        <div class="command">
          <code><span class="prompt">CMD: </span>pacman -Syy --noconfirm</code>
        </div>
        
          <div class="output">
            
            <a class="navhash" href="#3">#</a>
						
              <code id="3">:: Synchronizing package databases...</code><br />
						
            
            <a class="navhash" href="#4">#</a>
						
              <code id="4">downloading tuscan.db...</code><br />
						
            
          </div>
        
      </div>
      <br />
    
      <div class="block">
        <div class="info">
          <code>Copied permanent toolchain into container-local sysroot</code>
        </div>
        
          <div class="output">
            
            <a class="navhash" href="#5">#</a>
						
              <code id="5">/toolchain_root/arm-linux-androideabi  -->  /sysroot/arm-linux-androideabi</code><br />
						
            
            <a class="navhash" href="#6">#</a>
						
              <code id="6">/toolchain_root/COPYING3.LIB  -->  /sysroot/COPYING3.LIB</code><br />
						
            
            <a class="navhash" href="#7">#</a>
						
              <code id="7">/toolchain_root/sysroot  -->  /sysroot/sysroot</code><br />
						
            
            <a class="navhash" href="#8">#</a>
						
              <code id="8">/toolchain_root/COPYING.RUNTIME  -->  /sysroot/COPYING.RUNTIME</code><br />
						
            
            <a class="navhash" href="#9">#</a>
						
              <code id="9">/toolchain_root/lib  -->  /sysroot/lib</code><br />
						
            
            <a class="navhash" href="#10">#</a>
						
              <code id="10">/toolchain_root/SOURCES  -->  /sysroot/SOURCES</code><br />
						
            
            <a class="navhash" href="#11">#</a>
						
              <code id="11">/toolchain_root/lib64  -->  /sysroot/lib64</code><br />
						
            
            <a class="navhash" href="#12">#</a>
						
              <code id="12">/toolchain_root/share  -->  /sysroot/share</code><br />
						
            
            <a class="navhash" href="#13">#</a>
						
              <code id="13">/toolchain_root/bin  -->  /sysroot/bin</code><br />
						
            
            <a class="navhash" href="#14">#</a>
						
              <code id="14">/toolchain_root/COPYING  -->  /sysroot/COPYING</code><br />
						
            
            <a class="navhash" href="#15">#</a>
						
              <code id="15">/toolchain_root/COPYING3  -->  /sysroot/COPYING3</code><br />
						
            
            <a class="navhash" href="#16">#</a>
						
              <code id="16">/toolchain_root/COPYING.LIB  -->  /sysroot/COPYING.LIB</code><br />
						
            
            <a class="navhash" href="#17">#</a>
						
              <code id="17">/toolchain_root/include  -->  /sysroot/include</code><br />
						
            
            <a class="navhash" href="#18">#</a>
						
              <code id="18">/toolchain_root/libexec  -->  /sysroot/libexec</code><br />
						
            
          </div>
        
      </div>
      <br />
    
      <div class="block">
        <div class="command">
          <code><span class="prompt">CMD: </span>sudo -u tuscan PATH=/sysroot/bin:/sysroot/libexec/gcc/arm-linux-androideabi/4.8:/usr/local/sbin:/usr/local/bin:/usr/sbin:/usr/bin:/sbin:/bin CC=arm-linux-androideabi-gcc CXX=arm-linux-androideabi-g++ red makepkg --noextract --syncdeps --skipinteg --skippgpcheck --skipchecksums --noconfirm --nocolor --log --noprogressbar --nocheck</code>
        </div>
        
          <div class="output">
            
            <a class="navhash" href="#19">#</a>
						
              <code id="19">==> Making package: uboot-tools 2016.03-1 (Tue Apr  4 21:01:41 UTC 2017)</code><br />
						
            
            <a class="navhash" href="#20">#</a>
						
              <code id="20">==> Checking runtime dependencies...</code><br />
						
            
            <a class="navhash" href="#21">#</a>
						
              <code id="21">==> Checking buildtime dependencies...</code><br />
						
            
            <a class="navhash" href="#22">#</a>
						
              <code id="22">==> WARNING: Using existing $srcdir/ tree</code><br />
						
            
            <a class="navhash" href="#23">#</a>
						
              <code id="23">==> Starting build()...</code><br />
						
            
            <a class="navhash" href="#24">#</a>
						
              <code id="24">  HOSTCC  scripts/basic/fixdep</code><br />
						
            
            <a class="navhash" href="#25">#</a>
						
              <code id="25">cc1: error: no include path in which to search for stdc-predef.h</code><br />
						
            
            <a class="navhash" href="#26">#</a>
						
              <code id="26">scripts/basic/fixdep.c:106:23: error: no include path in which to search for sys/types.h</code><br />
						
            
            <a class="navhash" href="#27">#</a>
						
              <code id="27"> #include <sys/types.h></code><br />
						
            
            <a class="navhash" href="#28">#</a>
						
              <code id="28">                       ^</code><br />
						
            
            <a class="navhash" href="#29">#</a>
						
              <code id="29">scripts/basic/fixdep.c:107:22: error: no include path in which to search for sys/stat.h</code><br />
						
            
            <a class="navhash" href="#30">#</a>
						
              <code id="30"> #include <sys/stat.h></code><br />
						
            
            <a class="navhash" href="#31">#</a>
						
              <code id="31">                      ^</code><br />
						
            
            <a class="navhash" href="#32">#</a>
						
              <code id="32">scripts/basic/fixdep.c:108:22: error: no include path in which to search for sys/mman.h</code><br />
						
            
            <a class="navhash" href="#33">#</a>
						
              <code id="33"> #include <sys/mman.h></code><br />
						
            
            <a class="navhash" href="#34">#</a>
						
              <code id="34">                      ^</code><br />
						
            
            <a class="navhash" href="#35">#</a>
						
              <code id="35">scripts/basic/fixdep.c:109:20: error: no include path in which to search for unistd.h</code><br />
						
            
            <a class="navhash" href="#36">#</a>
						
              <code id="36"> #include <unistd.h></code><br />
						
            
            <a class="navhash" href="#37">#</a>
						
              <code id="37">                    ^</code><br />
						
            
            <a class="navhash" href="#38">#</a>
						
              <code id="38">scripts/basic/fixdep.c:110:19: error: no include path in which to search for fcntl.h</code><br />
						
            
            <a class="navhash" href="#39">#</a>
						
              <code id="39"> #include <fcntl.h></code><br />
						
            
            <a class="navhash" href="#40">#</a>
						
              <code id="40">                   ^</code><br />
						
            
            <a class="navhash" href="#41">#</a>
						
              <code id="41">scripts/basic/fixdep.c:111:20: error: no include path in which to search for string.h</code><br />
						
            
            <a class="navhash" href="#42">#</a>
						
              <code id="42"> #include <string.h></code><br />
						
            
            <a class="navhash" href="#43">#</a>
						
              <code id="43">                    ^</code><br />
						
            
            <a class="navhash" href="#44">#</a>
						
              <code id="44">scripts/basic/fixdep.c:112:20: error: no include path in which to search for stdlib.h</code><br />
						
            
            <a class="navhash" href="#45">#</a>
						
              <code id="45"> #include <stdlib.h></code><br />
						
            
            <a class="navhash" href="#46">#</a>
						
              <code id="46">                    ^</code><br />
						
            
            <a class="navhash" href="#47">#</a>
						
              <code id="47">scripts/basic/fixdep.c:113:19: error: no include path in which to search for stdio.h</code><br />
						
            
            <a class="navhash" href="#48">#</a>
						
              <code id="48"> #include <stdio.h></code><br />
						
            
            <a class="navhash" href="#49">#</a>
						
              <code id="49">                   ^</code><br />
						
            
            <a class="navhash" href="#50">#</a>
						
              <code id="50">scripts/basic/fixdep.c:114:20: error: no include path in which to search for limits.h</code><br />
						
            
            <a class="navhash" href="#51">#</a>
						
              <code id="51"> #include <limits.h></code><br />
						
            
            <a class="navhash" href="#52">#</a>
						
              <code id="52">                    ^</code><br />
						
            
            <a class="navhash" href="#53">#</a>
						
              <code id="53">scripts/basic/fixdep.c:115:19: error: no include path in which to search for ctype.h</code><br />
						
            
            <a class="navhash" href="#54">#</a>
						
              <code id="54"> #include <ctype.h></code><br />
						
            
            <a class="navhash" href="#55">#</a>
						
              <code id="55">                   ^</code><br />
						
            
            <a class="navhash" href="#56">#</a>
						
              <code id="56">scripts/basic/fixdep.c:116:23: error: no include path in which to search for arpa/inet.h</code><br />
						
            
            <a class="navhash" href="#57">#</a>
						
              <code id="57"> #include <arpa/inet.h></code><br />
						
            
            <a class="navhash" href="#58">#</a>
						
              <code id="58">                       ^</code><br />
						
            
            <a class="navhash" href="#59">#</a>
						
              <code id="59">scripts/basic/fixdep.c: In function 'usage':</code><br />
						
            
            <a class="navhash" href="#60">#</a>
						
              <code id="60">scripts/basic/fixdep.c:130:2: warning: implicit declaration of function 'fprintf' [-Wimplicit-function-declaration]</code><br />
						
            
            <a class="navhash" href="#61">#</a>
						
              <code id="61">  fprintf(stderr, "Usage: fixdep <depfile> <target> <cmdline>\n");</code><br />
						
            
            <a class="navhash" href="#62">#</a>
						
              <code id="62">  ^</code><br />
						
            
            <a class="navhash" href="#63">#</a>
						
              <code id="63">scripts/basic/fixdep.c:130:2: warning: incompatible implicit declaration of built-in function 'fprintf' [enabled by default]</code><br />
						
            
            <a class="navhash" href="#64">#</a>
						
              <code id="64">scripts/basic/fixdep.c:130:10: error: 'stderr' undeclared (first use in this function)</code><br />
						
            
            <a class="navhash" href="#65">#</a>
						
              <code id="65">  fprintf(stderr, "Usage: fixdep <depfile> <target> <cmdline>\n");</code><br />
						
            
            <a class="navhash" href="#66">#</a>
						
              <code id="66">          ^</code><br />
						
            
            <a class="navhash" href="#67">#</a>
						
              <code id="67">scripts/basic/fixdep.c:130:10: note: each undeclared identifier is reported only once for each function it appears in</code><br />
						
            
            <a class="navhash" href="#68">#</a>
						
              <code id="68">scripts/basic/fixdep.c:131:2: warning: implicit declaration of function 'exit' [-Wimplicit-function-declaration]</code><br />
						
            
            <a class="navhash" href="#69">#</a>
						
              <code id="69">  exit(1);</code><br />
						
            
            <a class="navhash" href="#70">#</a>
						
              <code id="70">  ^</code><br />
						
            
            <a class="navhash" href="#71">#</a>
						
              <code id="71">scripts/basic/fixdep.c:131:2: warning: incompatible implicit declaration of built-in function 'exit' [enabled by default]</code><br />
						
            
            <a class="navhash" href="#72">#</a>
						
              <code id="72">scripts/basic/fixdep.c: In function 'print_cmdline':</code><br />
						
            
            <a class="navhash" href="#73">#</a>
						
              <code id="73">scripts/basic/fixdep.c:139:2: warning: implicit declaration of function 'printf' [-Wimplicit-function-declaration]</code><br />
						
            
            <a class="navhash" href="#74">#</a>
						
              <code id="74">  printf("cmd_%s := %s\n\n", target, cmdline);</code><br />
						
            
            <a class="navhash" href="#75">#</a>
						
              <code id="75">  ^</code><br />
						
            
            <a class="navhash" href="#76">#</a>
						
              <code id="76">scripts/basic/fixdep.c:139:2: warning: incompatible implicit declaration of built-in function 'printf' [enabled by default]</code><br />
						
            
            <a class="navhash" href="#77">#</a>
						
              <code id="77">scripts/basic/fixdep.c: In function 'is_defined_config':</code><br />
						
            
            <a class="navhash" href="#78">#</a>
						
              <code id="78">scripts/basic/fixdep.c:171:7: warning: implicit declaration of function 'memcmp' [-Wimplicit-function-declaration]</code><br />
						
            
            <a class="navhash" href="#79">#</a>
						
              <code id="79">       memcmp(aux->name, name, len) == 0)</code><br />
						
            
            <a class="navhash" href="#80">#</a>
						
              <code id="80">       ^</code><br />
						
            
            <a class="navhash" href="#81">#</a>
						
              <code id="81">scripts/basic/fixdep.c: In function 'define_config':</code><br />
						
            
            <a class="navhash" href="#82">#</a>
						
              <code id="82">scripts/basic/fixdep.c:182:9: warning: implicit declaration of function 'malloc' [-Wimplicit-function-declaration]</code><br />
						
            
            <a class="navhash" href="#83">#</a>
						
              <code id="83">  struct item *aux = malloc(sizeof(*aux) + len);</code><br />
						
            
            <a class="navhash" href="#84">#</a>
						
              <code id="84">         ^</code><br />
						
            
            <a class="navhash" href="#85">#</a>
						
              <code id="85">scripts/basic/fixdep.c:182:21: warning: incompatible implicit declaration of built-in function 'malloc' [enabled by default]</code><br />
						
            
            <a class="navhash" href="#86">#</a>
						
              <code id="86">  struct item *aux = malloc(sizeof(*aux) + len);</code><br />
						
            
            <a class="navhash" href="#87">#</a>
						
              <code id="87">                     ^</code><br />
						
            
            <a class="navhash" href="#88">#</a>
						
              <code id="88">scripts/basic/fixdep.c:185:3: warning: implicit declaration of function 'perror' [-Wimplicit-function-declaration]</code><br />
						
            
            <a class="navhash" href="#89">#</a>
						
              <code id="89">   perror("fixdep:malloc");</code><br />
						
            
            <a class="navhash" href="#90">#</a>
						
              <code id="90">   ^</code><br />
						
            
            <a class="navhash" href="#91">#</a>
						
              <code id="91">scripts/basic/fixdep.c:186:3: warning: incompatible implicit declaration of built-in function 'exit' [enabled by default]</code><br />
						
            
            <a class="navhash" href="#92">#</a>
						
              <code id="92">   exit(1);</code><br />
						
            
            <a class="navhash" href="#93">#</a>
						
              <code id="93">   ^</code><br />
						
            
            <a class="navhash" href="#94">#</a>
						
              <code id="94">scripts/basic/fixdep.c:188:2: warning: implicit declaration of function 'memcpy' [-Wimplicit-function-declaration]</code><br />
						
            
            <a class="navhash" href="#95">#</a>
						
              <code id="95">  memcpy(aux->name, name, len);</code><br />
						
            
            <a class="navhash" href="#96">#</a>
						
              <code id="96">  ^</code><br />
						
            
            <a class="navhash" href="#97">#</a>
						
              <code id="97">scripts/basic/fixdep.c:188:2: warning: incompatible implicit declaration of built-in function 'memcpy' [enabled by default]</code><br />
						
            
            <a class="navhash" href="#98">#</a>
						
              <code id="98">scripts/basic/fixdep.c: In function 'use_config':</code><br />
						
            
            <a class="navhash" href="#99">#</a>
						
              <code id="99">scripts/basic/fixdep.c:208:2: warning: incompatible implicit declaration of built-in function 'printf' [enabled by default]</code><br />
						
            
            <a class="navhash" href="#100">#</a>
						
              <code id="100">  printf("    $(wildcard include/config/");</code><br />
						
            
            <a class="navhash" href="#101">#</a>
						
              <code id="101">  ^</code><br />
						
            
            <a class="navhash" href="#102">#</a>
						
              <code id="102">scripts/basic/fixdep.c:214:4: warning: implicit declaration of function 'tolower' [-Wimplicit-function-declaration]</code><br />
						
            
            <a class="navhash" href="#103">#</a>
						
              <code id="103">    c = tolower(c);</code><br />
						
            
            <a class="navhash" href="#104">#</a>
						
              <code id="104">    ^</code><br />
						
            
            <a class="navhash" href="#105">#</a>
						
              <code id="105">scripts/basic/fixdep.c:215:3: warning: implicit declaration of function 'putchar' [-Wimplicit-function-declaration]</code><br />
						
            
            <a class="navhash" href="#106">#</a>
						
              <code id="106">   putchar(c);</code><br />
						
            
            <a class="navhash" href="#107">#</a>
						
              <code id="107">   ^</code><br />
						
            
            <a class="navhash" href="#108">#</a>
						
              <code id="108">scripts/basic/fixdep.c: At top level:</code><br />
						
            
            <a class="navhash" href="#109">#</a>
						<span class="error">
              <code id="109">scripts/basic/fixdep.c:220:48: error: unknown type name 'size_t'</code><br />
						</span>
            
            <a class="navhash" href="#110">#</a>
						
              <code id="110"> static void parse_config_file(const char *map, size_t len)</code><br />
						
            
            <a class="navhash" href="#111">#</a>
						
              <code id="111">                                                ^</code><br />
						
            
            <a class="navhash" href="#112">#</a>
						
              <code id="112">scripts/basic/fixdep.c: In function 'strrcmp':</code><br />
						
            
            <a class="navhash" href="#113">#</a>
						
              <code id="113">scripts/basic/fixdep.c:278:2: warning: implicit declaration of function 'strlen' [-Wimplicit-function-declaration]</code><br />
						
            
            <a class="navhash" href="#114">#</a>
						
              <code id="114">  int slen = strlen(s);</code><br />
						
            
            <a class="navhash" href="#115">#</a>
						
              <code id="115">  ^</code><br />
						
            
            <a class="navhash" href="#116">#</a>
						
              <code id="116">scripts/basic/fixdep.c:278:13: warning: incompatible implicit declaration of built-in function 'strlen' [enabled by default]</code><br />
						
            
            <a class="navhash" href="#117">#</a>
						
              <code id="117">  int slen = strlen(s);</code><br />
						
            
            <a class="navhash" href="#118">#</a>
						
              <code id="118">             ^</code><br />
						
            
            <a class="navhash" href="#119">#</a>
						
              <code id="119">scripts/basic/fixdep.c: In function 'do_config_file':</code><br />
						
            
            <a class="navhash" href="#120">#</a>
						
              <code id="120">scripts/basic/fixdep.c:289:14: error: storage size of 'st' isn't known</code><br />
						
            
            <a class="navhash" href="#121">#</a>
						
              <code id="121">  struct stat st;</code><br />
						
            
            <a class="navhash" href="#122">#</a>
						
              <code id="122">              ^</code><br />
						
            
            <a class="navhash" href="#123">#</a>
						
              <code id="123">scripts/basic/fixdep.c:293:2: warning: implicit declaration of function 'open' [-Wimplicit-function-declaration]</code><br />
						
            
            <a class="navhash" href="#124">#</a>
						
              <code id="124">  fd = open(filename, O_RDONLY);</code><br />
						
            
            <a class="navhash" href="#125">#</a>
						
              <code id="125">  ^</code><br />
						
            
            <a class="navhash" href="#126">#</a>
						
              <code id="126">scripts/basic/fixdep.c:293:22: error: 'O_RDONLY' undeclared (first use in this function)</code><br />
						
            
            <a class="navhash" href="#127">#</a>
						
              <code id="127">  fd = open(filename, O_RDONLY);</code><br />
						
            
            <a class="navhash" href="#128">#</a>
						
              <code id="128">                      ^</code><br />
						
            
            <a class="navhash" href="#129">#</a>
						
              <code id="129">scripts/basic/fixdep.c:295:3: warning: incompatible implicit declaration of built-in function 'fprintf' [enabled by default]</code><br />
						
            
            <a class="navhash" href="#130">#</a>
						
              <code id="130">   fprintf(stderr, "fixdep: error opening config file: ");</code><br />
						
            
            <a class="navhash" href="#131">#</a>
						
              <code id="131">   ^</code><br />
						
            
            <a class="navhash" href="#132">#</a>
						
              <code id="132">scripts/basic/fixdep.c:295:11: error: 'stderr' undeclared (first use in this function)</code><br />
						
            
            <a class="navhash" href="#133">#</a>
						
              <code id="133">   fprintf(stderr, "fixdep: error opening config file: ");</code><br />
						
            
            <a class="navhash" href="#134">#</a>
						
              <code id="134">           ^</code><br />
						
            
            <a class="navhash" href="#135">#</a>
						
              <code id="135">scripts/basic/fixdep.c:297:3: warning: incompatible implicit declaration of built-in function 'exit' [enabled by default]</code><br />
						
            
            <a class="navhash" href="#136">#</a>
						
              <code id="136">   exit(2);</code><br />
						
            
            <a class="navhash" href="#137">#</a>
						
              <code id="137">   ^</code><br />
						
            
            <a class="navhash" href="#138">#</a>
						
              <code id="138">scripts/basic/fixdep.c:299:2: warning: implicit declaration of function 'fstat' [-Wimplicit-function-declaration]</code><br />
						
            
            <a class="navhash" href="#139">#</a>
						
              <code id="139">  fstat(fd, &st);</code><br />
						
            
            <a class="navhash" href="#140">#</a>
						
              <code id="140">  ^</code><br />
						
            
            <a class="navhash" href="#141">#</a>
						
              <code id="141">scripts/basic/fixdep.c:301:3: warning: implicit declaration of function 'close' [-Wimplicit-function-declaration]</code><br />
						
            
            <a class="navhash" href="#142">#</a>
						
              <code id="142">   close(fd);</code><br />
						
            
            <a class="navhash" href="#143">#</a>
						
              <code id="143">   ^</code><br />
						
            
            <a class="navhash" href="#144">#</a>
						
              <code id="144">scripts/basic/fixdep.c:304:2: warning: implicit declaration of function 'mmap' [-Wimplicit-function-declaration]</code><br />
						
            
            <a class="navhash" href="#145">#</a>
						
              <code id="145">  map = mmap(NULL, st.st_size, PROT_READ, MAP_PRIVATE, fd, 0);</code><br />
						
            
            <a class="navhash" href="#146">#</a>
						
              <code id="146">  ^</code><br />
						
            
            <a class="navhash" href="#147">#</a>
						
              <code id="147">scripts/basic/fixdep.c:304:13: error: 'NULL' undeclared (first use in this function)</code><br />
						
            
            <a class="navhash" href="#148">#</a>
						
              <code id="148">  map = mmap(NULL, st.st_size, PROT_READ, MAP_PRIVATE, fd, 0);</code><br />
						
            
            <a class="navhash" href="#149">#</a>
						
              <code id="149">             ^</code><br />
						
            
            <a class="navhash" href="#150">#</a>
						
              <code id="150">scripts/basic/fixdep.c:304:31: error: 'PROT_READ' undeclared (first use in this function)</code><br />
						
            
            <a class="navhash" href="#151">#</a>
						
              <code id="151">  map = mmap(NULL, st.st_size, PROT_READ, MAP_PRIVATE, fd, 0);</code><br />
						
            
            <a class="navhash" href="#152">#</a>
						
              <code id="152">                               ^</code><br />
						
            
            <a class="navhash" href="#153">#</a>
						
              <code id="153">scripts/basic/fixdep.c:304:42: error: 'MAP_PRIVATE' undeclared (first use in this function)</code><br />
						
            
            <a class="navhash" href="#154">#</a>
						
              <code id="154">  map = mmap(NULL, st.st_size, PROT_READ, MAP_PRIVATE, fd, 0);</code><br />
						
            
            <a class="navhash" href="#155">#</a>
						
              <code id="155">                                          ^</code><br />
						
            
            <a class="navhash" href="#156">#</a>
						
              <code id="156">scripts/basic/fixdep.c:311:2: warning: implicit declaration of function 'parse_config_file' [-Wimplicit-function-declaration]</code><br />
						
            
            <a class="navhash" href="#157">#</a>
						
              <code id="157">  parse_config_file(map, st.st_size);</code><br />
						
            
            <a class="navhash" href="#158">#</a>
						
              <code id="158">  ^</code><br />
						
            
            <a class="navhash" href="#159">#</a>
						
              <code id="159">scripts/basic/fixdep.c:313:2: warning: implicit declaration of function 'munmap' [-Wimplicit-function-declaration]</code><br />
						
            
            <a class="navhash" href="#160">#</a>
						
              <code id="160">  munmap(map, st.st_size);</code><br />
						
            
            <a class="navhash" href="#161">#</a>
						
              <code id="161">  ^</code><br />
						
            
            <a class="navhash" href="#162">#</a>
						
              <code id="162">scripts/basic/fixdep.c:289:14: warning: unused variable 'st' [-Wunused-variable]</code><br />
						
            
            <a class="navhash" href="#163">#</a>
						
              <code id="163">  struct stat st;</code><br />
						
            
            <a class="navhash" href="#164">#</a>
						
              <code id="164">              ^</code><br />
						
            
            <a class="navhash" href="#165">#</a>
						
              <code id="165">scripts/basic/fixdep.c: At top level:</code><br />
						
            
            <a class="navhash" href="#166">#</a>
						<span class="error">
              <code id="166">scripts/basic/fixdep.c:323:39: error: unknown type name 'size_t'</code><br />
						</span>
            
            <a class="navhash" href="#167">#</a>
						
              <code id="167"> static void parse_dep_file(void *map, size_t len)</code><br />
						
            
            <a class="navhash" href="#168">#</a>
						
              <code id="168">                                       ^</code><br />
						
            
            <a class="navhash" href="#169">#</a>
						
              <code id="169">scripts/basic/fixdep.c: In function 'print_deps':</code><br />
						
            
            <a class="navhash" href="#170">#</a>
						
              <code id="170">scripts/basic/fixdep.c:405:14: error: storage size of 'st' isn't known</code><br />
						
            
            <a class="navhash" href="#171">#</a>
						
              <code id="171">  struct stat st;</code><br />
						
            
            <a class="navhash" href="#172">#</a>
						
              <code id="172">              ^</code><br />
						
            
            <a class="navhash" href="#173">#</a>
						
              <code id="173">scripts/basic/fixdep.c:409:21: error: 'O_RDONLY' undeclared (first use in this function)</code><br />
						
            
            <a class="navhash" href="#174">#</a>
						
              <code id="174">  fd = open(depfile, O_RDONLY);</code><br />
						
            
            <a class="navhash" href="#175">#</a>
						
              <code id="175">                     ^</code><br />
						
            
            <a class="navhash" href="#176">#</a>
						
              <code id="176">scripts/basic/fixdep.c:411:3: warning: incompatible implicit declaration of built-in function 'fprintf' [enabled by default]</code><br />
						
            
            <a class="navhash" href="#177">#</a>
						
              <code id="177">   fprintf(stderr, "fixdep: error opening depfile: ");</code><br />
						
            
            <a class="navhash" href="#178">#</a>
						
              <code id="178">   ^</code><br />
						
            
            <a class="navhash" href="#179">#</a>
						
              <code id="179">scripts/basic/fixdep.c:411:11: error: 'stderr' undeclared (first use in this function)</code><br />
						
            
            <a class="navhash" href="#180">#</a>
						
              <code id="180">   fprintf(stderr, "fixdep: error opening depfile: ");</code><br />
						
            
            <a class="navhash" href="#181">#</a>
						
              <code id="181">           ^</code><br />
						
            
            <a class="navhash" href="#182">#</a>
						
              <code id="182">scripts/basic/fixdep.c:413:3: warning: incompatible implicit declaration of built-in function 'exit' [enabled by default]</code><br />
						
            
            <a class="navhash" href="#183">#</a>
						
              <code id="183">   exit(2);</code><br />
						
            
            <a class="navhash" href="#184">#</a>
						
              <code id="184">   ^</code><br />
						
            
            <a class="navhash" href="#185">#</a>
						
              <code id="185">scripts/basic/fixdep.c:416:3: warning: incompatible implicit declaration of built-in function 'fprintf' [enabled by default]</code><br />
						
            
            <a class="navhash" href="#186">#</a>
						
              <code id="186">   fprintf(stderr, "fixdep: error fstat'ing depfile: ");</code><br />
						
            
            <a class="navhash" href="#187">#</a>
						
              <code id="187">   ^</code><br />
						
            
            <a class="navhash" href="#188">#</a>
						
              <code id="188">scripts/basic/fixdep.c:418:3: warning: incompatible implicit declaration of built-in function 'exit' [enabled by default]</code><br />
						
            
            <a class="navhash" href="#189">#</a>
						
              <code id="189">   exit(2);</code><br />
						
            
            <a class="navhash" href="#190">#</a>
						
              <code id="190">   ^</code><br />
						
            
            <a class="navhash" href="#191">#</a>
						
              <code id="191">scripts/basic/fixdep.c:421:3: warning: incompatible implicit declaration of built-in function 'fprintf' [enabled by default]</code><br />
						
            
            <a class="navhash" href="#192">#</a>
						
              <code id="192">   fprintf(stderr,"fixdep: %s is empty\n",depfile);</code><br />
						
            
            <a class="navhash" href="#193">#</a>
						
              <code id="193">   ^</code><br />
						
            
            <a class="navhash" href="#194">#</a>
						
              <code id="194">scripts/basic/fixdep.c:425:13: error: 'NULL' undeclared (first use in this function)</code><br />
						
            
            <a class="navhash" href="#195">#</a>
						
              <code id="195">  map = mmap(NULL, st.st_size, PROT_READ, MAP_PRIVATE, fd, 0);</code><br />
						
            
            <a class="navhash" href="#196">#</a>
						
              <code id="196">             ^</code><br />
						
            
            <a class="navhash" href="#197">#</a>
						
              <code id="197">scripts/basic/fixdep.c:425:31: error: 'PROT_READ' undeclared (first use in this function)</code><br />
						
            
            <a class="navhash" href="#198">#</a>
						
              <code id="198">  map = mmap(NULL, st.st_size, PROT_READ, MAP_PRIVATE, fd, 0);</code><br />
						
            
            <a class="navhash" href="#199">#</a>
						
              <code id="199">                               ^</code><br />
						
            
            <a class="navhash" href="#200">#</a>
						
              <code id="200">scripts/basic/fixdep.c:425:42: error: 'MAP_PRIVATE' undeclared (first use in this function)</code><br />
						
            
            <a class="navhash" href="#201">#</a>
						
              <code id="201">  map = mmap(NULL, st.st_size, PROT_READ, MAP_PRIVATE, fd, 0);</code><br />
						
            
            <a class="navhash" href="#202">#</a>
						
              <code id="202">                                          ^</code><br />
						
            
            <a class="navhash" href="#203">#</a>
						
              <code id="203">scripts/basic/fixdep.c:432:2: warning: implicit declaration of function 'parse_dep_file' [-Wimplicit-function-declaration]</code><br />
						
            
            <a class="navhash" href="#204">#</a>
						
              <code id="204">  parse_dep_file(map, st.st_size);</code><br />
						
            
            <a class="navhash" href="#205">#</a>
						
              <code id="205">  ^</code><br />
						
            
            <a class="navhash" href="#206">#</a>
						
              <code id="206">scripts/basic/fixdep.c:405:14: warning: unused variable 'st' [-Wunused-variable]</code><br />
						
            
            <a class="navhash" href="#207">#</a>
						
              <code id="207">  struct stat st;</code><br />
						
            
            <a class="navhash" href="#208">#</a>
						
              <code id="208">              ^</code><br />
						
            
            <a class="navhash" href="#209">#</a>
						
              <code id="209">scripts/basic/fixdep.c: In function 'traps':</code><br />
						
            
            <a class="navhash" href="#210">#</a>
						
              <code id="210">scripts/basic/fixdep.c:444:2: warning: implicit declaration of function 'ntohl' [-Wimplicit-function-declaration]</code><br />
						
            
            <a class="navhash" href="#211">#</a>
						
              <code id="211">  if (*p != INT_CONF) {</code><br />
						
            
            <a class="navhash" href="#212">#</a>
						
              <code id="212">  ^</code><br />
						
            
            <a class="navhash" href="#213">#</a>
						
              <code id="213">scripts/basic/fixdep.c:445:3: warning: incompatible implicit declaration of built-in function 'fprintf' [enabled by default]</code><br />
						
            
            <a class="navhash" href="#214">#</a>
						
              <code id="214">   fprintf(stderr, "fixdep: sizeof(int) != 4 or wrong endianness? %#x\n",</code><br />
						
            
            <a class="navhash" href="#215">#</a>
						
              <code id="215">   ^</code><br />
						
            
            <a class="navhash" href="#216">#</a>
						
              <code id="216">scripts/basic/fixdep.c:445:11: error: 'stderr' undeclared (first use in this function)</code><br />
						
            
            <a class="navhash" href="#217">#</a>
						
              <code id="217">   fprintf(stderr, "fixdep: sizeof(int) != 4 or wrong endianness? %#x\n",</code><br />
						
            
            <a class="navhash" href="#218">#</a>
						
              <code id="218">           ^</code><br />
						
            
            <a class="navhash" href="#219">#</a>
						
              <code id="219">scripts/basic/fixdep.c:447:3: warning: incompatible implicit declaration of built-in function 'exit' [enabled by default]</code><br />
						
            
            <a class="navhash" href="#220">#</a>
						
              <code id="220">   exit(2);</code><br />
						
            
            <a class="navhash" href="#221">#</a>
						
              <code id="221">   ^</code><br />
						
            
            <a class="navhash" href="#222">#</a>
						
              <code id="222">scripts/basic/fixdep.c: In function 'main':</code><br />
						
            
            <a class="navhash" href="#223">#</a>
						
              <code id="223">scripts/basic/fixdep.c:463:2: warning: implicit declaration of function 'strncmp' [-Wimplicit-function-declaration]</code><br />
						
            
            <a class="navhash" href="#224">#</a>
						
              <code id="224">  if (!strncmp(target, "spl/", 4) || !strncmp(target, "tpl/", 4))</code><br />
						
            
            <a class="navhash" href="#225">#</a>
						
              <code id="225">  ^</code><br />
						
            
            <a class="navhash" href="#226">#</a>
						
              <code id="226">scripts/basic/fixdep.c: At top level:</code><br />
						
            
            <a class="navhash" href="#227">#</a>
						
              <code id="227">scripts/basic/fixdep.c:198:13: warning: 'use_config' defined but not used [-Wunused-function]</code><br />
						
            
            <a class="navhash" href="#228">#</a>
						
              <code id="228"> static void use_config(const char *m, int slen)</code><br />
						
            
            <a class="navhash" href="#229">#</a>
						
              <code id="229">             ^</code><br />
						
            
            <a class="navhash" href="#230">#</a>
						
              <code id="230">scripts/basic/fixdep.c:276:12: warning: 'strrcmp' defined but not used [-Wunused-function]</code><br />
						
            
            <a class="navhash" href="#231">#</a>
						
              <code id="231"> static int strrcmp(char *s, char *sub)</code><br />
						
            
            <a class="navhash" href="#232">#</a>
						
              <code id="232">            ^</code><br />
						
            
            <a class="navhash" href="#233">#</a>
						
              <code id="233">scripts/basic/fixdep.c:287:13: warning: 'do_config_file' defined but not used [-Wunused-function]</code><br />
						
            
            <a class="navhash" href="#234">#</a>
						
              <code id="234"> static void do_config_file(const char *filename)</code><br />
						
            
            <a class="navhash" href="#235">#</a>
						
              <code id="235">             ^</code><br />
						
            
            <a class="navhash" href="#236">#</a>
						
              <code id="236">make[1]: *** [scripts/Makefile.host:94: scripts/basic/fixdep] Error 1</code><br />
						
            
            <a class="navhash" href="#237">#</a>
						
              <code id="237">make: *** [Makefile:397: scripts_basic] Error 2</code><br />
						
            
            <a class="navhash" href="#238">#</a>
						
              <code id="238">==> ERROR: A failure occurred in build().</code><br />
						
            
            <a class="navhash" href="#239">#</a>
						
              <code id="239">    Aborting...</code><br />
						
            
          </div>
        
      </div>
      <br />
    
  </body>
</html>