<!DOCTYPE html>
<html>
<!-- Jinja template for reports of individual builds

  Copyright 2016 Kareem Khazem. All Rights Reserved.
  Licensed under the Apache License, Version 2.0 (the "License");
  you may not use this file except in compliance with the License.
  You may obtain a copy of the License at

 		 http://www.apache.org/licenses/LICENSE-2.0

  Unless required by applicable law or agreed to in writing, software
  distributed under the License is distributed on an "AS IS" BASIS,
  WITHOUT WARRANTIES OR CONDITIONS OF ANY KIND, either express or
  implied.
  See the License for the specific language governing permissions and
  limitations under the License.
-->
  <head>
    <meta charset="UTF-8">
    <title>android/wavegain</title>
    <link href='https://fonts.googleapis.com/css?family=Roboto:400,900'
          rel='stylesheet' type='text/css'>
    <link
    href='https://fonts.googleapis.com/css?family=Source+Code+Pro:400,700'
          rel='stylesheet' type='text/css'>
    <link href="../style.css" type="text/css" rel="stylesheet">
  </head>
  <body>
    <h1>Build of wavegain
        with <a href="../index.html">android</a>
        toolchain</h1>
    <p>The build took 00h 00m 42s and was
    NOT successful.</p>
    <p>
    The program in this build is written in the following languages,
    according to <a
    href="http://www.dwheeler.com/sloccount/">sloccount</a>:
    </p>
    <table>
      <tr><th>SLOC</th><th>Language</th></tr>
      
      <tr><td class="loc"><code>4,453</code></td>
          <td class="lang">ansic</td></tr>
      <tr><td><code>4,453</code></td>
          <td><em>total</em></td></tr>
    </table>
    <p>
      The process tree of the build process is <a
      href="wavegain-tree.html">here</a>.
    </p>
    
    
      <p>
      Several sub-process invocations were improper; see the process tree
      for details. Summary:
      </p>
      <ul>
        <li>hardcoded invocation:<ul>
            <li>&times;1: /usr/sbin/gcc</li>
        </ul></li>
      </ul>
    
    
    
    
    <h2>List of Errors</h2>
    <ul>
      
      <li>unknown_type
        <ul>
          
          <li><a href="#54">audio.h:81:2: error: unknown type name 'FILE'</a></li>
          
          <li><a href="#57">audio.h:89:20: error: unknown type name 'FILE'</a></li>
          
          <li><a href="#60">audio.h:111:2: error: unknown type name 'FILE'</a></li>
          
          <li><a href="#63">audio.h:126:31: error: unknown type name 'FILE'</a></li>
          
          <li><a href="#66">audio.h:128:14: error: unknown type name 'FILE'</a></li>
          
          <li><a href="#69">audio.h:129:14: error: unknown type name 'FILE'</a></li>
          
          <li><a href="#72">audio.h:130:15: error: unknown type name 'FILE'</a></li>
          
          <li><a href="#75">audio.h:154:2: error: unknown type name 'FILE'</a></li>
          
          <li><a href="#78">audio.h:165:23: error: unknown type name 'FILE'</a></li>
          
          <li><a href="#133">audio.c:301:31: error: unknown type name 'FILE'</a></li>
          
          <li><a href="#136">audio.c:341:25: error: unknown type name 'FILE'</a></li>
          
          <li><a href="#139">audio.c:359:27: error: unknown type name 'FILE'</a></li>
          
          <li><a href="#142">audio.c:385:28: error: unknown type name 'FILE'</a></li>
          
          <li><a href="#145">audio.c:404:28: error: unknown type name 'FILE'</a></li>
          
          <li><a href="#169">audio.c:476:15: error: unknown type name 'FILE'</a></li>
          
          <li><a href="#172">audio.c:605:14: error: unknown type name 'FILE'</a></li>
          
          <li><a href="#206">audio.c:916:14: error: unknown type name 'FILE'</a></li>
          
          <li><a href="#232">audio.c:1011:24: error: unknown type name 'FILE'</a></li>
          
          <li><a href="#345">gain_analysis.h:47:87: error: unknown type name 'size_t'</a></li>
          
          <li><a href="#481">gain_analysis.h:47:87: error: unknown type name 'size_t'</a></li>
          
          <li><a href="#489">audio.h:81:2: error: unknown type name 'FILE'</a></li>
          
          <li><a href="#492">audio.h:89:20: error: unknown type name 'FILE'</a></li>
          
          <li><a href="#495">audio.h:111:2: error: unknown type name 'FILE'</a></li>
          
          <li><a href="#498">audio.h:126:31: error: unknown type name 'FILE'</a></li>
          
          <li><a href="#501">audio.h:128:14: error: unknown type name 'FILE'</a></li>
          
          <li><a href="#504">audio.h:129:14: error: unknown type name 'FILE'</a></li>
          
          <li><a href="#507">audio.h:130:15: error: unknown type name 'FILE'</a></li>
          
          <li><a href="#510">audio.h:154:2: error: unknown type name 'FILE'</a></li>
          
          <li><a href="#513">audio.h:165:23: error: unknown type name 'FILE'</a></li>
          
          <li><a href="#703">misc.c:36:2: error: unknown type name 'va_list'</a></li>
          
          <li><a href="#719">misc.c:75:2: error: unknown type name 'va_list'</a></li>
          
          <li><a href="#722">misc.c:76:2: error: unknown type name 'FILE'</a></li>
          
          <li><a href="#768">recurse.c:53:2: error: unknown type name 'DIR'</a></li>
          
          <li><a href="#913">gain_analysis.h:47:87: error: unknown type name 'size_t'</a></li>
          
          <li><a href="#920">audio.h:81:2: error: unknown type name 'FILE'</a></li>
          
          <li><a href="#923">audio.h:89:20: error: unknown type name 'FILE'</a></li>
          
          <li><a href="#926">audio.h:111:2: error: unknown type name 'FILE'</a></li>
          
          <li><a href="#929">audio.h:126:31: error: unknown type name 'FILE'</a></li>
          
          <li><a href="#932">audio.h:128:14: error: unknown type name 'FILE'</a></li>
          
          <li><a href="#935">audio.h:129:14: error: unknown type name 'FILE'</a></li>
          
          <li><a href="#938">audio.h:130:15: error: unknown type name 'FILE'</a></li>
          
          <li><a href="#941">audio.h:154:2: error: unknown type name 'FILE'</a></li>
          
          <li><a href="#944">audio.h:165:23: error: unknown type name 'FILE'</a></li>
          
          <li><a href="#951">wavegain.c:134:2: error: unknown type name 'FILE'</a></li>
          
          <li><a href="#1034">wavegain.c:377:2: error: unknown type name 'FILE'</a></li>
          
        </ul>
      </li>
      
      <li>parse_error
        <ul>
          
          <li><a href="#354">gain_analysis.c:236:51: error: expected declaration specifiers or '...' before 'size_t'</a></li>
          
          <li><a href="#357">gain_analysis.c:316:53: error: expected declaration specifiers or '...' before 'size_t'</a></li>
          
          <li><a href="#372">gain_analysis.c:417:77: error: expected declaration specifiers or '...' before 'size_t'</a></li>
          
          <li><a href="#375">gain_analysis.c:632:34: error: expected declaration specifiers or '...' before 'size_t'</a></li>
          
          <li><a href="#737">misc.c:90:49: error: expected expression before ')' token</a></li>
          
        </ul>
      </li>
      
    </ul>
    
    
    <h2>Log</h2>
    <p>
    To avoid scrolling, you may jump to the <a
    href="#1107">last line</a> of the
    invocation of <code>makepkg</code> that was used to build this
    package.
    </p>
    
    
      <div class="block">
        <div class="info">
          <code>Removed vanilla repositories from pacman.conf and added:</code>
        </div>
        
          <div class="output">
            
            <a class="navhash" href="#1">#</a>
						
              <code id="1">[tuscan]</code><br />
						
            
            <a class="navhash" href="#2">#</a>
						
              <code id="2">Server = file:///var/cache/pacman/pkg/</code><br />
						
            
          </div>
        
      </div>
      <br />
    
      <div class="block">
        <div class="command">
          <code><span class="prompt">CMD: </span>pacman -Syy --noconfirm</code>
        </div>
        
          <div class="output">
            
            <a class="navhash" href="#3">#</a>
						
              <code id="3">:: Synchronizing package databases...</code><br />
						
            
            <a class="navhash" href="#4">#</a>
						
              <code id="4">downloading tuscan.db...</code><br />
						
            
          </div>
        
      </div>
      <br />
    
      <div class="block">
        <div class="info">
          <code>Copied permanent toolchain into container-local sysroot</code>
        </div>
        
          <div class="output">
            
            <a class="navhash" href="#5">#</a>
						
              <code id="5">/toolchain_root/arm-linux-androideabi  -->  /sysroot/arm-linux-androideabi</code><br />
						
            
            <a class="navhash" href="#6">#</a>
						
              <code id="6">/toolchain_root/COPYING3.LIB  -->  /sysroot/COPYING3.LIB</code><br />
						
            
            <a class="navhash" href="#7">#</a>
						
              <code id="7">/toolchain_root/sysroot  -->  /sysroot/sysroot</code><br />
						
            
            <a class="navhash" href="#8">#</a>
						
              <code id="8">/toolchain_root/COPYING.RUNTIME  -->  /sysroot/COPYING.RUNTIME</code><br />
						
            
            <a class="navhash" href="#9">#</a>
						
              <code id="9">/toolchain_root/lib  -->  /sysroot/lib</code><br />
						
            
            <a class="navhash" href="#10">#</a>
						
              <code id="10">/toolchain_root/SOURCES  -->  /sysroot/SOURCES</code><br />
						
            
            <a class="navhash" href="#11">#</a>
						
              <code id="11">/toolchain_root/lib64  -->  /sysroot/lib64</code><br />
						
            
            <a class="navhash" href="#12">#</a>
						
              <code id="12">/toolchain_root/share  -->  /sysroot/share</code><br />
						
            
            <a class="navhash" href="#13">#</a>
						
              <code id="13">/toolchain_root/bin  -->  /sysroot/bin</code><br />
						
            
            <a class="navhash" href="#14">#</a>
						
              <code id="14">/toolchain_root/COPYING  -->  /sysroot/COPYING</code><br />
						
            
            <a class="navhash" href="#15">#</a>
						
              <code id="15">/toolchain_root/COPYING3  -->  /sysroot/COPYING3</code><br />
						
            
            <a class="navhash" href="#16">#</a>
						
              <code id="16">/toolchain_root/COPYING.LIB  -->  /sysroot/COPYING.LIB</code><br />
						
            
            <a class="navhash" href="#17">#</a>
						
              <code id="17">/toolchain_root/include  -->  /sysroot/include</code><br />
						
            
            <a class="navhash" href="#18">#</a>
						
              <code id="18">/toolchain_root/libexec  -->  /sysroot/libexec</code><br />
						
            
          </div>
        
      </div>
      <br />
    
      <div class="block">
        <div class="command">
          <code><span class="prompt">CMD: </span>sudo -u tuscan PATH=/sysroot/bin:/sysroot/libexec/gcc/arm-linux-androideabi/4.8:/usr/local/sbin:/usr/local/bin:/usr/sbin:/usr/bin:/sbin:/bin CC=arm-linux-androideabi-gcc CXX=arm-linux-androideabi-g++ red makepkg --noextract --syncdeps --skipinteg --skippgpcheck --skipchecksums --noconfirm --nocolor --log --noprogressbar --nocheck</code>
        </div>
        
          <div class="output">
            
            <a class="navhash" href="#19">#</a>
						
              <code id="19">==> Making package: wavegain 1.3.1-2 (Tue Aug 23 13:42:19 UTC 2016)</code><br />
						
            
            <a class="navhash" href="#20">#</a>
						
              <code id="20">==> Checking runtime dependencies...</code><br />
						
            
            <a class="navhash" href="#21">#</a>
						
              <code id="21">==> Checking buildtime dependencies...</code><br />
						
            
            <a class="navhash" href="#22">#</a>
						
              <code id="22">==> WARNING: Using existing $srcdir/ tree</code><br />
						
            
            <a class="navhash" href="#23">#</a>
						
              <code id="23">==> Starting build()...</code><br />
						
            
            <a class="navhash" href="#24">#</a>
						
              <code id="24">cc1: error: no include path in which to search for stdc-predef.h</code><br />
						
            
            <a class="navhash" href="#25">#</a>
						
              <code id="25">audio.c:29:20: error: no include path in which to search for stdlib.h</code><br />
						
            
            <a class="navhash" href="#26">#</a>
						
              <code id="26"> #include <stdlib.h></code><br />
						
            
            <a class="navhash" href="#27">#</a>
						
              <code id="27">                    ^</code><br />
						
            
            <a class="navhash" href="#28">#</a>
						
              <code id="28">audio.c:30:19: error: no include path in which to search for stdio.h</code><br />
						
            
            <a class="navhash" href="#29">#</a>
						
              <code id="29"> #include <stdio.h></code><br />
						
            
            <a class="navhash" href="#30">#</a>
						
              <code id="30">                   ^</code><br />
						
            
            <a class="navhash" href="#31">#</a>
						
              <code id="31">audio.c:31:20: error: no include path in which to search for string.h</code><br />
						
            
            <a class="navhash" href="#32">#</a>
						
              <code id="32"> #include <string.h></code><br />
						
            
            <a class="navhash" href="#33">#</a>
						
              <code id="33">                    ^</code><br />
						
            
            <a class="navhash" href="#34">#</a>
						
              <code id="34">audio.c:32:23: error: no include path in which to search for sys/types.h</code><br />
						
            
            <a class="navhash" href="#35">#</a>
						
              <code id="35"> #include <sys/types.h></code><br />
						
            
            <a class="navhash" href="#36">#</a>
						
              <code id="36">                       ^</code><br />
						
            
            <a class="navhash" href="#37">#</a>
						
              <code id="37">audio.c:33:18: error: no include path in which to search for math.h</code><br />
						
            
            <a class="navhash" href="#38">#</a>
						
              <code id="38"> #include <math.h></code><br />
						
            
            <a class="navhash" href="#39">#</a>
						
              <code id="39">                  ^</code><br />
						
            
            <a class="navhash" href="#40">#</a>
						
              <code id="40">audio.c:39:22: error: no include path in which to search for sys/io.h</code><br />
						
            
            <a class="navhash" href="#41">#</a>
						
              <code id="41"> #  include <sys/io.h></code><br />
						
            
            <a class="navhash" href="#42">#</a>
						
              <code id="42">                      ^</code><br />
						
            
            <a class="navhash" href="#43">#</a>
						
              <code id="43">audio.c:43:19: error: no include path in which to search for fcntl.h</code><br />
						
            
            <a class="navhash" href="#44">#</a>
						
              <code id="44"> #include <fcntl.h></code><br />
						
            
            <a class="navhash" href="#45">#</a>
						
              <code id="45">                   ^</code><br />
						
            
            <a class="navhash" href="#46">#</a>
						
              <code id="46">audio.c:46:20: error: no include path in which to search for malloc.h</code><br />
						
            
            <a class="navhash" href="#47">#</a>
						
              <code id="47"> #include <malloc.h></code><br />
						
            
            <a class="navhash" href="#48">#</a>
						
              <code id="48">                    ^</code><br />
						
            
            <a class="navhash" href="#49">#</a>
						
              <code id="49">In file included from audio.c:53:0:</code><br />
						
            
            <a class="navhash" href="#50">#</a>
						
              <code id="50">audio.h:32:19: error: no include path in which to search for stdio.h</code><br />
						
            
            <a class="navhash" href="#51">#</a>
						
              <code id="51"> #include <stdio.h></code><br />
						
            
            <a class="navhash" href="#52">#</a>
						
              <code id="52">                   ^</code><br />
						
            
            <a class="navhash" href="#53">#</a>
						
              <code id="53">In file included from audio.c:53:0:</code><br />
						
            
            <a class="navhash" href="#54">#</a>
						<span class="error">
              <code id="54">audio.h:81:2: error: unknown type name 'FILE'</code><br />
						</span>
            
            <a class="navhash" href="#55">#</a>
						
              <code id="55">  FILE *out;</code><br />
						
            
            <a class="navhash" href="#56">#</a>
						
              <code id="56">  ^</code><br />
						
            
            <a class="navhash" href="#57">#</a>
						<span class="error">
              <code id="57">audio.h:89:20: error: unknown type name 'FILE'</code><br />
						</span>
            
            <a class="navhash" href="#58">#</a>
						
              <code id="58">  int  (*open_func)(FILE *in, wavegain_opt *opt, unsigned char *buf, int buflen);</code><br />
						
            
            <a class="navhash" href="#59">#</a>
						
              <code id="59">                    ^</code><br />
						
            
            <a class="navhash" href="#60">#</a>
						<span class="error">
              <code id="60">audio.h:111:2: error: unknown type name 'FILE'</code><br />
						</span>
            
            <a class="navhash" href="#61">#</a>
						
              <code id="61">  FILE  *f;</code><br />
						
            
            <a class="navhash" href="#62">#</a>
						
              <code id="62">  ^</code><br />
						
            
            <a class="navhash" href="#63">#</a>
						<span class="error">
              <code id="63">audio.h:126:31: error: unknown type name 'FILE'</code><br />
						</span>
            
            <a class="navhash" href="#64">#</a>
						
              <code id="64"> input_format *open_audio_file(FILE *in, wavegain_opt *opt);</code><br />
						
            
            <a class="navhash" href="#65">#</a>
						
              <code id="65">                               ^</code><br />
						
            
            <a class="navhash" href="#66">#</a>
						<span class="error">
              <code id="66">audio.h:128:14: error: unknown type name 'FILE'</code><br />
						</span>
            
            <a class="navhash" href="#67">#</a>
						
              <code id="67"> int raw_open(FILE *in, wavegain_opt *opt);</code><br />
						
            
            <a class="navhash" href="#68">#</a>
						
              <code id="68">              ^</code><br />
						
            
            <a class="navhash" href="#69">#</a>
						<span class="error">
              <code id="69">audio.h:129:14: error: unknown type name 'FILE'</code><br />
						</span>
            
            <a class="navhash" href="#70">#</a>
						
              <code id="70"> int wav_open(FILE *in, wavegain_opt *opt, unsigned char *buf, int buflen);</code><br />
						
            
            <a class="navhash" href="#71">#</a>
						
              <code id="71">              ^</code><br />
						
            
            <a class="navhash" href="#72">#</a>
						<span class="error">
              <code id="72">audio.h:130:15: error: unknown type name 'FILE'</code><br />
						</span>
            
            <a class="navhash" href="#73">#</a>
						
              <code id="73"> int aiff_open(FILE *in, wavegain_opt *opt, unsigned char *buf, int buflen);</code><br />
						
            
            <a class="navhash" href="#74">#</a>
						
              <code id="74">               ^</code><br />
						
            
            <a class="navhash" href="#75">#</a>
						<span class="error">
              <code id="75">audio.h:154:2: error: unknown type name 'FILE'</code><br />
						</span>
            
            <a class="navhash" href="#76">#</a>
						
              <code id="76">  FILE          *sndfile;</code><br />
						
            
            <a class="navhash" href="#77">#</a>
						
              <code id="77">  ^</code><br />
						
            
            <a class="navhash" href="#78">#</a>
						<span class="error">
              <code id="78">audio.h:165:23: error: unknown type name 'FILE'</code><br />
						</span>
            
            <a class="navhash" href="#79">#</a>
						
              <code id="79"> void close_audio_file(FILE *in, audio_file *aufile, wavegain_opt *opt);</code><br />
						
            
            <a class="navhash" href="#80">#</a>
						
              <code id="80">                       ^</code><br />
						
            
            <a class="navhash" href="#81">#</a>
						
              <code id="81">audio.c:94:15: error: 'wav_open' undeclared here (not in a function)</code><br />
						
            
            <a class="navhash" href="#82">#</a>
						
              <code id="82">  {wav_id, 12, wav_open, wav_close, "wav", N_("WAV file reader")},</code><br />
						
            
            <a class="navhash" href="#83">#</a>
						
              <code id="83">               ^</code><br />
						
            
            <a class="navhash" href="#84">#</a>
						
              <code id="84">audio.c:94:2: warning: initialization from incompatible pointer type [enabled by default]</code><br />
						
            
            <a class="navhash" href="#85">#</a>
						
              <code id="85">  {wav_id, 12, wav_open, wav_close, "wav", N_("WAV file reader")},</code><br />
						
            
            <a class="navhash" href="#86">#</a>
						
              <code id="86">  ^</code><br />
						
            
            <a class="navhash" href="#87">#</a>
						
              <code id="87">audio.c:94:2: warning: (near initialization for 'formats[0].format') [enabled by default]</code><br />
						
            
            <a class="navhash" href="#88">#</a>
						
              <code id="88">audio.c:94:2: warning: excess elements in struct initializer [enabled by default]</code><br />
						
            
            <a class="navhash" href="#89">#</a>
						
              <code id="89">audio.c:94:2: warning: (near initialization for 'formats[0]') [enabled by default]</code><br />
						
            
            <a class="navhash" href="#90">#</a>
						
              <code id="90">audio.c:95:16: error: 'aiff_open' undeclared here (not in a function)</code><br />
						
            
            <a class="navhash" href="#91">#</a>
						
              <code id="91">  {aiff_id, 12, aiff_open, wav_close, "aiff", N_("AIFF/AIFC file reader")},</code><br />
						
            
            <a class="navhash" href="#92">#</a>
						
              <code id="92">                ^</code><br />
						
            
            <a class="navhash" href="#93">#</a>
						
              <code id="93">audio.c:95:2: warning: initialization from incompatible pointer type [enabled by default]</code><br />
						
            
            <a class="navhash" href="#94">#</a>
						
              <code id="94">  {aiff_id, 12, aiff_open, wav_close, "aiff", N_("AIFF/AIFC file reader")},</code><br />
						
            
            <a class="navhash" href="#95">#</a>
						
              <code id="95">  ^</code><br />
						
            
            <a class="navhash" href="#96">#</a>
						
              <code id="96">audio.c:95:2: warning: (near initialization for 'formats[1].format') [enabled by default]</code><br />
						
            
            <a class="navhash" href="#97">#</a>
						
              <code id="97">audio.c:95:2: warning: excess elements in struct initializer [enabled by default]</code><br />
						
            
            <a class="navhash" href="#98">#</a>
						
              <code id="98">audio.c:95:2: warning: (near initialization for 'formats[1]') [enabled by default]</code><br />
						
            
            <a class="navhash" href="#99">#</a>
						
              <code id="99">audio.c:96:3: error: 'NULL' undeclared here (not in a function)</code><br />
						
            
            <a class="navhash" href="#100">#</a>
						
              <code id="100">  {NULL, 0, NULL, NULL, NULL, NULL}</code><br />
						
            
            <a class="navhash" href="#101">#</a>
						
              <code id="101">   ^</code><br />
						
            
            <a class="navhash" href="#102">#</a>
						
              <code id="102">audio.c:96:2: warning: excess elements in struct initializer [enabled by default]</code><br />
						
            
            <a class="navhash" href="#103">#</a>
						
              <code id="103">  {NULL, 0, NULL, NULL, NULL, NULL}</code><br />
						
            
            <a class="navhash" href="#104">#</a>
						
              <code id="104">  ^</code><br />
						
            
            <a class="navhash" href="#105">#</a>
						
              <code id="105">audio.c:96:2: warning: (near initialization for 'formats[2]') [enabled by default]</code><br />
						
            
            <a class="navhash" href="#106">#</a>
						
              <code id="106">audio.c: In function 'write_d64_be':</code><br />
						
            
            <a class="navhash" href="#107">#</a>
						
              <code id="107">audio.c:225:2: warning: incompatible implicit declaration of built-in function 'memset' [enabled by default]</code><br />
						
            
            <a class="navhash" href="#108">#</a>
						
              <code id="108">  memset (out, 0, sizeof (double));</code><br />
						
            
            <a class="navhash" href="#109">#</a>
						
              <code id="109">  ^</code><br />
						
            
            <a class="navhash" href="#110">#</a>
						
              <code id="110">audio.c:235:7: warning: incompatible implicit declaration of built-in function 'frexp' [enabled by default]</code><br />
						
            
            <a class="navhash" href="#111">#</a>
						
              <code id="111">  in = frexp (in, &exponent);</code><br />
						
            
            <a class="navhash" href="#112">#</a>
						
              <code id="112">       ^</code><br />
						
            
            <a class="navhash" href="#113">#</a>
						
              <code id="113">audio.c:243:20: warning: incompatible implicit declaration of built-in function 'floor' [enabled by default]</code><br />
						
            
            <a class="navhash" href="#114">#</a>
						
              <code id="114">  mantissa = lrint (floor (in));</code><br />
						
            
            <a class="navhash" href="#115">#</a>
						
              <code id="115">                    ^</code><br />
						
            
            <a class="navhash" href="#116">#</a>
						
              <code id="116">audio.c:250:7: warning: incompatible implicit declaration of built-in function 'fmod' [enabled by default]</code><br />
						
            
            <a class="navhash" href="#117">#</a>
						
              <code id="117">  in = fmod (in, 1.0);</code><br />
						
            
            <a class="navhash" href="#118">#</a>
						
              <code id="118">       ^</code><br />
						
            
            <a class="navhash" href="#119">#</a>
						
              <code id="119">audio.c: In function 'write_d64_le':</code><br />
						
            
            <a class="navhash" href="#120">#</a>
						
              <code id="120">audio.c:265:2: warning: incompatible implicit declaration of built-in function 'memset' [enabled by default]</code><br />
						
            
            <a class="navhash" href="#121">#</a>
						
              <code id="121">  memset (out, 0, sizeof (double));</code><br />
						
            
            <a class="navhash" href="#122">#</a>
						
              <code id="122">  ^</code><br />
						
            
            <a class="navhash" href="#123">#</a>
						
              <code id="123">audio.c:275:7: warning: incompatible implicit declaration of built-in function 'frexp' [enabled by default]</code><br />
						
            
            <a class="navhash" href="#124">#</a>
						
              <code id="124">  in = frexp (in, &exponent);</code><br />
						
            
            <a class="navhash" href="#125">#</a>
						
              <code id="125">       ^</code><br />
						
            
            <a class="navhash" href="#126">#</a>
						
              <code id="126">audio.c:283:20: warning: incompatible implicit declaration of built-in function 'floor' [enabled by default]</code><br />
						
            
            <a class="navhash" href="#127">#</a>
						
              <code id="127">  mantissa = lrint (floor (in));</code><br />
						
            
            <a class="navhash" href="#128">#</a>
						
              <code id="128">                    ^</code><br />
						
            
            <a class="navhash" href="#129">#</a>
						
              <code id="129">audio.c:290:7: warning: incompatible implicit declaration of built-in function 'fmod' [enabled by default]</code><br />
						
            
            <a class="navhash" href="#130">#</a>
						
              <code id="130">  in = fmod (in, 1.0);</code><br />
						
            
            <a class="navhash" href="#131">#</a>
						
              <code id="131">       ^</code><br />
						
            
            <a class="navhash" href="#132">#</a>
						
              <code id="132">audio.c: At top level:</code><br />
						
            
            <a class="navhash" href="#133">#</a>
						<span class="error">
              <code id="133">audio.c:301:31: error: unknown type name 'FILE'</code><br />
						</span>
            
            <a class="navhash" href="#134">#</a>
						
              <code id="134"> input_format *open_audio_file(FILE *in, wavegain_opt *opt)</code><br />
						
            
            <a class="navhash" href="#135">#</a>
						
              <code id="135">                               ^</code><br />
						
            
            <a class="navhash" href="#136">#</a>
						<span class="error">
              <code id="136">audio.c:341:25: error: unknown type name 'FILE'</code><br />
						</span>
            
            <a class="navhash" href="#137">#</a>
						
              <code id="137"> static int seek_forward(FILE *in, Int64_t length)</code><br />
						
            
            <a class="navhash" href="#138">#</a>
						
              <code id="138">                         ^</code><br />
						
            
            <a class="navhash" href="#139">#</a>
						<span class="error">
              <code id="139">audio.c:359:27: error: unknown type name 'FILE'</code><br />
						</span>
            
            <a class="navhash" href="#140">#</a>
						
              <code id="140"> static int find_wav_chunk(FILE *in, char *type, Int64_t *len)</code><br />
						
            
            <a class="navhash" href="#141">#</a>
						
              <code id="141">                           ^</code><br />
						
            
            <a class="navhash" href="#142">#</a>
						<span class="error">
              <code id="142">audio.c:385:28: error: unknown type name 'FILE'</code><br />
						</span>
            
            <a class="navhash" href="#143">#</a>
						
              <code id="143"> static int find_gain_chunk(FILE *in, Int64_t *len)</code><br />
						
            
            <a class="navhash" href="#144">#</a>
						
              <code id="144">                            ^</code><br />
						
            
            <a class="navhash" href="#145">#</a>
						<span class="error">
              <code id="145">audio.c:404:28: error: unknown type name 'FILE'</code><br />
						</span>
            
            <a class="navhash" href="#146">#</a>
						
              <code id="146"> static int find_aiff_chunk(FILE *in, char *type, unsigned int *len)</code><br />
						
            
            <a class="navhash" href="#147">#</a>
						
              <code id="147">                            ^</code><br />
						
            
            <a class="navhash" href="#148">#</a>
						
              <code id="148">audio.c: In function 'read_IEEE80':</code><br />
						
            
            <a class="navhash" href="#149">#</a>
						
              <code id="149">audio.c:441:11: error: 'HUGE_VAL' undeclared (first use in this function)</code><br />
						
            
            <a class="navhash" href="#150">#</a>
						
              <code id="150">    return HUGE_VAL; /* Really NaN, but this won't happen in reality */</code><br />
						
            
            <a class="navhash" href="#151">#</a>
						
              <code id="151">           ^</code><br />
						
            
            <a class="navhash" href="#152">#</a>
						
              <code id="152">audio.c:441:11: note: each undeclared identifier is reported only once for each function it appears in</code><br />
						
            
            <a class="navhash" href="#153">#</a>
						
              <code id="153">audio.c:441:4: error: incompatible types when returning type 'struct input_format *' but 'double' was expected</code><br />
						
            
            <a class="navhash" href="#154">#</a>
						
              <code id="154">    return HUGE_VAL; /* Really NaN, but this won't happen in reality */</code><br />
						
            
            <a class="navhash" href="#155">#</a>
						
              <code id="155">    ^</code><br />
						
            
            <a class="navhash" href="#156">#</a>
						
              <code id="156">audio.c:444:12: error: wrong type argument to unary minus</code><br />
						
            
            <a class="navhash" href="#157">#</a>
						
              <code id="157">     return -HUGE_VAL;</code><br />
						
            
            <a class="navhash" href="#158">#</a>
						
              <code id="158">            ^</code><br />
						
            
            <a class="navhash" href="#159">#</a>
						
              <code id="159">audio.c:444:5: error: incompatible types when returning type 'struct input_format *' but 'double' was expected</code><br />
						
            
            <a class="navhash" href="#160">#</a>
						
              <code id="160">     return -HUGE_VAL;</code><br />
						
            
            <a class="navhash" href="#161">#</a>
						
              <code id="161">     ^</code><br />
						
            
            <a class="navhash" href="#162">#</a>
						
              <code id="162">audio.c:446:5: error: incompatible types when returning type 'struct input_format *' but 'double' was expected</code><br />
						
            
            <a class="navhash" href="#163">#</a>
						
              <code id="163">     return HUGE_VAL;</code><br />
						
            
            <a class="navhash" href="#164">#</a>
						
              <code id="164">     ^</code><br />
						
            
            <a class="navhash" href="#165">#</a>
						
              <code id="165">audio.c:450:6: warning: incompatible implicit declaration of built-in function 'ldexp' [enabled by default]</code><br />
						
            
            <a class="navhash" href="#166">#</a>
						
              <code id="166">  f = ldexp(f, 32);</code><br />
						
            
            <a class="navhash" href="#167">#</a>
						
              <code id="167">      ^</code><br />
						
            
            <a class="navhash" href="#168">#</a>
						
              <code id="168">audio.c: At top level:</code><br />
						
            
            <a class="navhash" href="#169">#</a>
						<span class="error">
              <code id="169">audio.c:476:15: error: unknown type name 'FILE'</code><br />
						</span>
            
            <a class="navhash" href="#170">#</a>
						
              <code id="170"> int aiff_open(FILE *in, wavegain_opt *opt, unsigned char *buf, int buflen)</code><br />
						
            
            <a class="navhash" href="#171">#</a>
						
              <code id="171">               ^</code><br />
						
            
            <a class="navhash" href="#172">#</a>
						<span class="error">
              <code id="172">audio.c:605:14: error: unknown type name 'FILE'</code><br />
						</span>
            
            <a class="navhash" href="#173">#</a>
						
              <code id="173"> int wav_open(FILE *in, wavegain_opt *opt, unsigned char *oldbuf, int buflen)</code><br />
						
            
            <a class="navhash" href="#174">#</a>
						
              <code id="174">              ^</code><br />
						
            
            <a class="navhash" href="#175">#</a>
						
              <code id="175">audio.c: In function 'wav_read':</code><br />
						
            
            <a class="navhash" href="#176">#</a>
						
              <code id="176">audio.c:783:21: warning: incompatible implicit declaration of built-in function 'alloca' [enabled by default]</code><br />
						
            
            <a class="navhash" href="#177">#</a>
						
              <code id="177">  signed char *buf = alloca(samples*sampbyte*f->channels);</code><br />
						
            
            <a class="navhash" href="#178">#</a>
						
              <code id="178">                     ^</code><br />
						
            
            <a class="navhash" href="#179">#</a>
						
              <code id="179">audio.c:791:24: error: 'SEEK_SET' undeclared (first use in this function)</code><br />
						
            
            <a class="navhash" href="#180">#</a>
						
              <code id="180">   FSEEK64(f->f, chunk, SEEK_SET);</code><br />
						
            
            <a class="navhash" href="#181">#</a>
						
              <code id="181">                        ^</code><br />
						
            
            <a class="navhash" href="#182">#</a>
						
              <code id="182">audio.c:845:4: warning: incompatible implicit declaration of built-in function 'fprintf' [enabled by default]</code><br />
						
            
            <a class="navhash" href="#183">#</a>
						
              <code id="183">    fprintf(stderr, "Big endian 24 bit PCM data is not currently "</code><br />
						
            
            <a class="navhash" href="#184">#</a>
						
              <code id="184">    ^</code><br />
						
            
            <a class="navhash" href="#185">#</a>
						
              <code id="185">audio.c:845:12: error: 'stderr' undeclared (first use in this function)</code><br />
						
            
            <a class="navhash" href="#186">#</a>
						
              <code id="186">    fprintf(stderr, "Big endian 24 bit PCM data is not currently "</code><br />
						
            
            <a class="navhash" href="#187">#</a>
						
              <code id="187">            ^</code><br />
						
            
            <a class="navhash" href="#188">#</a>
						
              <code id="188">audio.c:866:4: warning: incompatible implicit declaration of built-in function 'fprintf' [enabled by default]</code><br />
						
            
            <a class="navhash" href="#189">#</a>
						
              <code id="189">    fprintf(stderr, "Big endian 32 bit PCM data is not currently "</code><br />
						
            
            <a class="navhash" href="#190">#</a>
						
              <code id="190">    ^</code><br />
						
            
            <a class="navhash" href="#191">#</a>
						
              <code id="191">audio.c:872:3: warning: incompatible implicit declaration of built-in function 'fprintf' [enabled by default]</code><br />
						
            
            <a class="navhash" href="#192">#</a>
						
              <code id="192">   fprintf(stderr, "Internal error: attempt to read unsupported "</code><br />
						
            
            <a class="navhash" href="#193">#</a>
						
              <code id="193">   ^</code><br />
						
            
            <a class="navhash" href="#194">#</a>
						
              <code id="194">audio.c: In function 'wav_ieee_read':</code><br />
						
            
            <a class="navhash" href="#195">#</a>
						
              <code id="195">audio.c:883:15: warning: incompatible implicit declaration of built-in function 'alloca' [enabled by default]</code><br />
						
            
            <a class="navhash" href="#196">#</a>
						
              <code id="196">  float *buf = alloca(samples * 4 * f->channels); /* de-interleave buffer */</code><br />
						
            
            <a class="navhash" href="#197">#</a>
						
              <code id="197">               ^</code><br />
						
            
            <a class="navhash" href="#198">#</a>
						
              <code id="198">audio.c:891:24: error: 'SEEK_SET' undeclared (first use in this function)</code><br />
						
            
            <a class="navhash" href="#199">#</a>
						
              <code id="199">   FSEEK64(f->f, chunk, SEEK_SET);</code><br />
						
            
            <a class="navhash" href="#200">#</a>
						
              <code id="200">                        ^</code><br />
						
            
            <a class="navhash" href="#201">#</a>
						
              <code id="201">audio.c: In function 'wav_close':</code><br />
						
            
            <a class="navhash" href="#202">#</a>
						
              <code id="202">audio.c:913:2: warning: incompatible implicit declaration of built-in function 'free' [enabled by default]</code><br />
						
            
            <a class="navhash" href="#203">#</a>
						
              <code id="203">  free(f);</code><br />
						
            
            <a class="navhash" href="#204">#</a>
						
              <code id="204">  ^</code><br />
						
            
            <a class="navhash" href="#205">#</a>
						
              <code id="205">audio.c: At top level:</code><br />
						
            
            <a class="navhash" href="#206">#</a>
						<span class="error">
              <code id="206">audio.c:916:14: error: unknown type name 'FILE'</code><br />
						</span>
            
            <a class="navhash" href="#207">#</a>
						
              <code id="207"> int raw_open(FILE *in, wavegain_opt *opt)</code><br />
						
            
            <a class="navhash" href="#208">#</a>
						
              <code id="208">              ^</code><br />
						
            
            <a class="navhash" href="#209">#</a>
						
              <code id="209">audio.c: In function 'open_output_audio_file':</code><br />
						
            
            <a class="navhash" href="#210">#</a>
						
              <code id="210">audio.c:947:23: warning: incompatible implicit declaration of built-in function 'malloc' [enabled by default]</code><br />
						
            
            <a class="navhash" href="#211">#</a>
						
              <code id="211">  audio_file *aufile = malloc(sizeof(audio_file));</code><br />
						
            
            <a class="navhash" href="#212">#</a>
						
              <code id="212">                       ^</code><br />
						
            
            <a class="navhash" href="#213">#</a>
						
              <code id="213">audio.c:958:21: error: 'stdout' undeclared (first use in this function)</code><br />
						
            
            <a class="navhash" href="#214">#</a>
						
              <code id="214">   aufile->sndfile = stdout;</code><br />
						
            
            <a class="navhash" href="#215">#</a>
						
              <code id="215">                     ^</code><br />
						
            
            <a class="navhash" href="#216">#</a>
						
              <code id="216">audio.c:958:19: warning: assignment from incompatible pointer type [enabled by default]</code><br />
						
            
            <a class="navhash" href="#217">#</a>
						
              <code id="217">   aufile->sndfile = stdout;</code><br />
						
            
            <a class="navhash" href="#218">#</a>
						
              <code id="218">                   ^</code><br />
						
            
            <a class="navhash" href="#219">#</a>
						
              <code id="219">audio.c:964:19: warning: assignment makes pointer from integer without a cast [enabled by default]</code><br />
						
            
            <a class="navhash" href="#220">#</a>
						
              <code id="220">   aufile->sndfile = fopen(infile, "wb");</code><br />
						
            
            <a class="navhash" href="#221">#</a>
						
              <code id="221">                   ^</code><br />
						
            
            <a class="navhash" href="#222">#</a>
						
              <code id="222">audio.c:966:22: warning: comparison of distinct pointer types lacks a cast [enabled by default]</code><br />
						
            
            <a class="navhash" href="#223">#</a>
						
              <code id="223">  if (aufile->sndfile == NULL) {</code><br />
						
            
            <a class="navhash" href="#224">#</a>
						
              <code id="224">                      ^</code><br />
						
            
            <a class="navhash" href="#225">#</a>
						
              <code id="225">audio.c:968:4: warning: incompatible implicit declaration of built-in function 'free' [enabled by default]</code><br />
						
            
            <a class="navhash" href="#226">#</a>
						
              <code id="226">    free(aufile);</code><br />
						
            
            <a class="navhash" href="#227">#</a>
						
              <code id="227">    ^</code><br />
						
            
            <a class="navhash" href="#228">#</a>
						
              <code id="228">audio.c:969:3: warning: return from incompatible pointer type [enabled by default]</code><br />
						
            
            <a class="navhash" href="#229">#</a>
						
              <code id="229">   return NULL;</code><br />
						
            
            <a class="navhash" href="#230">#</a>
						
              <code id="230">   ^</code><br />
						
            
            <a class="navhash" href="#231">#</a>
						
              <code id="231">audio.c: At top level:</code><br />
						
            
            <a class="navhash" href="#232">#</a>
						<span class="error">
              <code id="232">audio.c:1011:24: error: unknown type name 'FILE'</code><br />
						</span>
            
            <a class="navhash" href="#233">#</a>
						
              <code id="233"> void close_audio_file( FILE *in, audio_file *aufile, wavegain_opt *opt)</code><br />
						
            
            <a class="navhash" href="#234">#</a>
						
              <code id="234">                        ^</code><br />
						
            
            <a class="navhash" href="#235">#</a>
						
              <code id="235">audio.c: In function 'write_wav_header':</code><br />
						
            
            <a class="navhash" href="#236">#</a>
						
              <code id="236">audio.c:1145:12: warning: incompatible implicit declaration of built-in function 'malloc' [enabled by default]</code><br />
						
            
            <a class="navhash" href="#237">#</a>
						
              <code id="237">   if ((q = malloc(sizeof(char) * (opt->header_size + 16))) == NULL)</code><br />
						
            
            <a class="navhash" href="#238">#</a>
						
              <code id="238">            ^</code><br />
						
            
            <a class="navhash" href="#239">#</a>
						
              <code id="239">audio.c:1145:60: warning: comparison of distinct pointer types lacks a cast [enabled by default]</code><br />
						
            
            <a class="navhash" href="#240">#</a>
						
              <code id="240">   if ((q = malloc(sizeof(char) * (opt->header_size + 16))) == NULL)</code><br />
						
            
            <a class="navhash" href="#241">#</a>
						
              <code id="241">                                                            ^</code><br />
						
            
            <a class="navhash" href="#242">#</a>
						
              <code id="242">audio.c:1146:4: warning: incompatible implicit declaration of built-in function 'fprintf' [enabled by default]</code><br />
						
            
            <a class="navhash" href="#243">#</a>
						
              <code id="243">    fprintf(stderr, "Error: unable to allocate memory for header\n");</code><br />
						
            
            <a class="navhash" href="#244">#</a>
						
              <code id="244">    ^</code><br />
						
            
            <a class="navhash" href="#245">#</a>
						
              <code id="245">audio.c:1146:12: error: 'stderr' undeclared (first use in this function)</code><br />
						
            
            <a class="navhash" href="#246">#</a>
						
              <code id="246">    fprintf(stderr, "Error: unable to allocate memory for header\n");</code><br />
						
            
            <a class="navhash" href="#247">#</a>
						
              <code id="247">            ^</code><br />
						
            
            <a class="navhash" href="#248">#</a>
						
              <code id="248">audio.c:1149:4: warning: incompatible implicit declaration of built-in function 'memcpy' [enabled by default]</code><br />
						
            
            <a class="navhash" href="#249">#</a>
						
              <code id="249">    memcpy(r, opt->header, p - opt->header);</code><br />
						
            
            <a class="navhash" href="#250">#</a>
						
              <code id="250">    ^</code><br />
						
            
            <a class="navhash" href="#251">#</a>
						
              <code id="251">audio.c:1160:3: warning: incompatible implicit declaration of built-in function 'memcpy' [enabled by default]</code><br />
						
            
            <a class="navhash" href="#252">#</a>
						
              <code id="252">   memcpy(r, p, (opt->header_size - (p - opt->header)));</code><br />
						
            
            <a class="navhash" href="#253">#</a>
						
              <code id="253">   ^</code><br />
						
            
            <a class="navhash" href="#254">#</a>
						
              <code id="254">audio.c:1167:4: warning: incompatible implicit declaration of built-in function 'fwrite' [enabled by default]</code><br />
						
            
            <a class="navhash" href="#255">#</a>
						
              <code id="255">    fwrite(q, opt->header_size + 16, 1, aufile->sndfile);</code><br />
						
            
            <a class="navhash" href="#256">#</a>
						
              <code id="256">    ^</code><br />
						
            
            <a class="navhash" href="#257">#</a>
						
              <code id="257">audio.c:1171:9: warning: incompatible implicit declaration of built-in function 'free' [enabled by default]</code><br />
						
            
            <a class="navhash" href="#258">#</a>
						
              <code id="258">   if(q) free(q);</code><br />
						
            
            <a class="navhash" href="#259">#</a>
						
              <code id="259">         ^</code><br />
						
            
            <a class="navhash" href="#260">#</a>
						
              <code id="260">audio.c:1179:4: warning: incompatible implicit declaration of built-in function 'fwrite' [enabled by default]</code><br />
						
            
            <a class="navhash" href="#261">#</a>
						
              <code id="261">    fwrite(opt->header, opt->header_size, 1, aufile->sndfile);</code><br />
						
            
            <a class="navhash" href="#262">#</a>
						
              <code id="262">    ^</code><br />
						
            
            <a class="navhash" href="#263">#</a>
						
              <code id="263">audio.c: In function 'write_aiff_header':</code><br />
						
            
            <a class="navhash" href="#264">#</a>
						
              <code id="264">audio.c:1292:9: warning: incompatible implicit declaration of built-in function 'fwrite' [enabled by default]</code><br />
						
            
            <a class="navhash" href="#265">#</a>
						
              <code id="265">  return fwrite(header, sizeof(header), 1, aufile->sndfile);</code><br />
						
            
            <a class="navhash" href="#266">#</a>
						
              <code id="266">         ^</code><br />
						
            
            <a class="navhash" href="#267">#</a>
						
              <code id="267">audio.c: In function 'write_audio_8bit':</code><br />
						
            
            <a class="navhash" href="#268">#</a>
						
              <code id="268">audio.c:1300:27: warning: incompatible implicit declaration of built-in function 'malloc' [enabled by default]</code><br />
						
            
            <a class="navhash" href="#269">#</a>
						
              <code id="269">  unsigned char    *data = malloc(samples*aufile->bits_per_sample*sizeof(char)/8);</code><br />
						
            
            <a class="navhash" href="#270">#</a>
						
              <code id="270">                           ^</code><br />
						
            
            <a class="navhash" href="#271">#</a>
						
              <code id="271">audio.c:1307:8: warning: incompatible implicit declaration of built-in function 'fwrite' [enabled by default]</code><br />
						
            
            <a class="navhash" href="#272">#</a>
						
              <code id="272">  ret = fwrite(data, samples*aufile->bits_per_sample/8, 1, aufile->sndfile);</code><br />
						
            
            <a class="navhash" href="#273">#</a>
						
              <code id="273">        ^</code><br />
						
            
            <a class="navhash" href="#274">#</a>
						
              <code id="274">audio.c:1310:3: warning: incompatible implicit declaration of built-in function 'free' [enabled by default]</code><br />
						
            
            <a class="navhash" href="#275">#</a>
						
              <code id="275">   free(data);</code><br />
						
            
            <a class="navhash" href="#276">#</a>
						
              <code id="276">   ^</code><br />
						
            
            <a class="navhash" href="#277">#</a>
						
              <code id="277">audio.c: In function 'write_audio_16bit':</code><br />
						
            
            <a class="navhash" href="#278">#</a>
						
              <code id="278">audio.c:1320:23: warning: incompatible implicit declaration of built-in function 'malloc' [enabled by default]</code><br />
						
            
            <a class="navhash" href="#279">#</a>
						
              <code id="279">  char         *data = malloc(samples*aufile->bits_per_sample*sizeof(char)/8);</code><br />
						
            
            <a class="navhash" href="#280">#</a>
						
              <code id="280">                       ^</code><br />
						
            
            <a class="navhash" href="#281">#</a>
						
              <code id="281">audio.c:1341:8: warning: incompatible implicit declaration of built-in function 'fwrite' [enabled by default]</code><br />
						
            
            <a class="navhash" href="#282">#</a>
						
              <code id="282">  ret = fwrite(data, samples*aufile->bits_per_sample/8, 1, aufile->sndfile);</code><br />
						
            
            <a class="navhash" href="#283">#</a>
						
              <code id="283">        ^</code><br />
						
            
            <a class="navhash" href="#284">#</a>
						
              <code id="284">audio.c:1344:3: warning: incompatible implicit declaration of built-in function 'free' [enabled by default]</code><br />
						
            
            <a class="navhash" href="#285">#</a>
						
              <code id="285">   free(data);</code><br />
						
            
            <a class="navhash" href="#286">#</a>
						
              <code id="286">   ^</code><br />
						
            
            <a class="navhash" href="#287">#</a>
						
              <code id="287">audio.c: In function 'write_audio_24bit':</code><br />
						
            
            <a class="navhash" href="#288">#</a>
						
              <code id="288">audio.c:1354:23: warning: incompatible implicit declaration of built-in function 'malloc' [enabled by default]</code><br />
						
            
            <a class="navhash" href="#289">#</a>
						
              <code id="289">  char         *data = malloc(samples*aufile->bits_per_sample*sizeof(char)/8);</code><br />
						
            
            <a class="navhash" href="#290">#</a>
						
              <code id="290">                       ^</code><br />
						
            
            <a class="navhash" href="#291">#</a>
						
              <code id="291">audio.c:1364:8: warning: incompatible implicit declaration of built-in function 'fwrite' [enabled by default]</code><br />
						
            
            <a class="navhash" href="#292">#</a>
						
              <code id="292">  ret = fwrite(data, samples*aufile->bits_per_sample/8, 1, aufile->sndfile);</code><br />
						
            
            <a class="navhash" href="#293">#</a>
						
              <code id="293">        ^</code><br />
						
            
            <a class="navhash" href="#294">#</a>
						
              <code id="294">audio.c:1367:3: warning: incompatible implicit declaration of built-in function 'free' [enabled by default]</code><br />
						
            
            <a class="navhash" href="#295">#</a>
						
              <code id="295">   free(data);</code><br />
						
            
            <a class="navhash" href="#296">#</a>
						
              <code id="296">   ^</code><br />
						
            
            <a class="navhash" href="#297">#</a>
						
              <code id="297">audio.c: In function 'write_audio_32bit':</code><br />
						
            
            <a class="navhash" href="#298">#</a>
						
              <code id="298">audio.c:1377:23: warning: incompatible implicit declaration of built-in function 'malloc' [enabled by default]</code><br />
						
            
            <a class="navhash" href="#299">#</a>
						
              <code id="299">  char         *data = malloc(samples*aufile->bits_per_sample*sizeof(char)/8);</code><br />
						
            
            <a class="navhash" href="#300">#</a>
						
              <code id="300">                       ^</code><br />
						
            
            <a class="navhash" href="#301">#</a>
						
              <code id="301">audio.c:1388:8: warning: incompatible implicit declaration of built-in function 'fwrite' [enabled by default]</code><br />
						
            
            <a class="navhash" href="#302">#</a>
						
              <code id="302">  ret = fwrite(data, samples*aufile->bits_per_sample/8, 1, aufile->sndfile);</code><br />
						
            
            <a class="navhash" href="#303">#</a>
						
              <code id="303">        ^</code><br />
						
            
            <a class="navhash" href="#304">#</a>
						
              <code id="304">audio.c:1391:3: warning: incompatible implicit declaration of built-in function 'free' [enabled by default]</code><br />
						
            
            <a class="navhash" href="#305">#</a>
						
              <code id="305">   free(data);</code><br />
						
            
            <a class="navhash" href="#306">#</a>
						
              <code id="306">   ^</code><br />
						
            
            <a class="navhash" href="#307">#</a>
						
              <code id="307">audio.c: In function 'write_audio_float':</code><br />
						
            
            <a class="navhash" href="#308">#</a>
						
              <code id="308">audio.c:1401:24: warning: incompatible implicit declaration of built-in function 'malloc' [enabled by default]</code><br />
						
            
            <a class="navhash" href="#309">#</a>
						
              <code id="309">  unsigned char *data = malloc(samples*aufile->bits_per_sample*sizeof(char)/8);</code><br />
						
            
            <a class="navhash" href="#310">#</a>
						
              <code id="310">                        ^</code><br />
						
            
            <a class="navhash" href="#311">#</a>
						
              <code id="311">audio.c:1422:15: warning: incompatible implicit declaration of built-in function 'frexp' [enabled by default]</code><br />
						
            
            <a class="navhash" href="#312">#</a>
						
              <code id="312">   in = (float)frexp(in, &exponent);</code><br />
						
            
            <a class="navhash" href="#313">#</a>
						
              <code id="313">               ^</code><br />
						
            
            <a class="navhash" href="#314">#</a>
						
              <code id="314">audio.c:1439:8: warning: incompatible implicit declaration of built-in function 'fwrite' [enabled by default]</code><br />
						
            
            <a class="navhash" href="#315">#</a>
						
              <code id="315">  ret = fwrite(data, samples*aufile->bits_per_sample/8, 1, aufile->sndfile);</code><br />
						
            
            <a class="navhash" href="#316">#</a>
						
              <code id="316">        ^</code><br />
						
            
            <a class="navhash" href="#317">#</a>
						
              <code id="317">audio.c:1442:3: warning: incompatible implicit declaration of built-in function 'free' [enabled by default]</code><br />
						
            
            <a class="navhash" href="#318">#</a>
						
              <code id="318">   free(data);</code><br />
						
            
            <a class="navhash" href="#319">#</a>
						
              <code id="319">   ^</code><br />
						
            
            <a class="navhash" href="#320">#</a>
						
              <code id="320">cc1: error: no include path in which to search for stdc-predef.h</code><br />
						
            
            <a class="navhash" href="#321">#</a>
						
              <code id="321">dither.c:11:20: error: no include path in which to search for string.h</code><br />
						
            
            <a class="navhash" href="#322">#</a>
						
              <code id="322"> #include <string.h></code><br />
						
            
            <a class="navhash" href="#323">#</a>
						
              <code id="323">                    ^</code><br />
						
            
            <a class="navhash" href="#324">#</a>
						
              <code id="324">dither.c: In function 'Init_Dither':</code><br />
						
            
            <a class="navhash" href="#325">#</a>
						
              <code id="325">dither.c:174:2: warning: incompatible implicit declaration of built-in function 'memset' [enabled by default]</code><br />
						
            
            <a class="navhash" href="#326">#</a>
						
              <code id="326">  memset ( Dither.ErrorHistory , 0, sizeof (Dither.ErrorHistory ) );</code><br />
						
            
            <a class="navhash" href="#327">#</a>
						
              <code id="327">  ^</code><br />
						
            
            <a class="navhash" href="#328">#</a>
						
              <code id="328">cc1: error: no include path in which to search for stdc-predef.h</code><br />
						
            
            <a class="navhash" href="#329">#</a>
						
              <code id="329">gain_analysis.c:95:19: error: no include path in which to search for stdio.h</code><br />
						
            
            <a class="navhash" href="#330">#</a>
						
              <code id="330"> #include <stdio.h></code><br />
						
            
            <a class="navhash" href="#331">#</a>
						
              <code id="331">                   ^</code><br />
						
            
            <a class="navhash" href="#332">#</a>
						
              <code id="332">gain_analysis.c:96:20: error: no include path in which to search for stdlib.h</code><br />
						
            
            <a class="navhash" href="#333">#</a>
						
              <code id="333"> #include <stdlib.h></code><br />
						
            
            <a class="navhash" href="#334">#</a>
						
              <code id="334">                    ^</code><br />
						
            
            <a class="navhash" href="#335">#</a>
						
              <code id="335">gain_analysis.c:97:20: error: no include path in which to search for string.h</code><br />
						
            
            <a class="navhash" href="#336">#</a>
						
              <code id="336"> #include <string.h></code><br />
						
            
            <a class="navhash" href="#337">#</a>
						
              <code id="337">                    ^</code><br />
						
            
            <a class="navhash" href="#338">#</a>
						
              <code id="338">gain_analysis.c:98:18: error: no include path in which to search for math.h</code><br />
						
            
            <a class="navhash" href="#339">#</a>
						
              <code id="339"> #include <math.h></code><br />
						
            
            <a class="navhash" href="#340">#</a>
						
              <code id="340">                  ^</code><br />
						
            
            <a class="navhash" href="#341">#</a>
						
              <code id="341">In file included from gain_analysis.c:105:0:</code><br />
						
            
            <a class="navhash" href="#342">#</a>
						
              <code id="342">gain_analysis.h:31:20: error: no include path in which to search for stddef.h</code><br />
						
            
            <a class="navhash" href="#343">#</a>
						
              <code id="343"> #include <stddef.h></code><br />
						
            
            <a class="navhash" href="#344">#</a>
						
              <code id="344">                    ^</code><br />
						
            
            <a class="navhash" href="#345">#</a>
						<span class="error">
              <code id="345">gain_analysis.h:47:87: error: unknown type name 'size_t'</code><br />
						</span>
            
            <a class="navhash" href="#346">#</a>
						
              <code id="346"> int     AnalyzeSamples   ( const Float_t* left_samples, const Float_t* right_samples, size_t num_samples, int num_channels );</code><br />
						
            
            <a class="navhash" href="#347">#</a>
						
              <code id="347">                                                                                       ^</code><br />
						
            
            <a class="navhash" href="#348">#</a>
						
              <code id="348">gain_analysis.c:123:34: error: 'size_t' undeclared here (not in a function)</code><br />
						
            
            <a class="navhash" href="#349">#</a>
						
              <code id="349"> #define MAX_SAMPLES_PER_WINDOW  (size_t) (MAX_SAMP_FREQ * RMS_WINDOW_TIME + 1)      // max. Samples per Time slice</code><br />
						
            
            <a class="navhash" href="#350">#</a>
						
              <code id="350">                                  ^</code><br />
						
            
            <a class="navhash" href="#351">#</a>
						
              <code id="351">gain_analysis.c:128:29: note: in expansion of macro 'MAX_SAMPLES_PER_WINDOW'</code><br />
						
            
            <a class="navhash" href="#352">#</a>
						
              <code id="352"> Float_t          lstepbuf  [MAX_SAMPLES_PER_WINDOW + MAX_ORDER];</code><br />
						
            
            <a class="navhash" href="#353">#</a>
						
              <code id="353">                             ^</code><br />
						
            
            <a class="navhash" href="#354">#</a>
						<span class="error">
              <code id="354">gain_analysis.c:236:51: error: expected declaration specifiers or '...' before 'size_t'</code><br />
						</span>
            
            <a class="navhash" href="#355">#</a>
						
              <code id="355"> filterYule(const Float_t* input, Float_t* output, size_t nSamples, const Float_t* kernel)</code><br />
						
            
            <a class="navhash" href="#356">#</a>
						
              <code id="356">                                                   ^</code><br />
						
            
            <a class="navhash" href="#357">#</a>
						<span class="error">
              <code id="357">gain_analysis.c:316:53: error: expected declaration specifiers or '...' before 'size_t'</code><br />
						</span>
            
            <a class="navhash" href="#358">#</a>
						
              <code id="358"> filterButter(const Float_t* input, Float_t* output, size_t nSamples, const Float_t* kernel)</code><br />
						
            
            <a class="navhash" href="#359">#</a>
						
              <code id="359">                                                     ^</code><br />
						
            
            <a class="navhash" href="#360">#</a>
						
              <code id="360">gain_analysis.c: In function 'ResetSampleFrequency':</code><br />
						
            
            <a class="navhash" href="#361">#</a>
						
              <code id="361">gain_analysis.c:377:26: warning: incompatible implicit declaration of built-in function 'ceil' [enabled by default]</code><br />
						
            
            <a class="navhash" href="#362">#</a>
						
              <code id="362">     sampleWindow = (int) ceil (samplefreq * RMS_WINDOW_TIME);</code><br />
						
            
            <a class="navhash" href="#363">#</a>
						
              <code id="363">                          ^</code><br />
						
            
            <a class="navhash" href="#364">#</a>
						
              <code id="364">gain_analysis.c:386:5: warning: incompatible implicit declaration of built-in function 'memset' [enabled by default]</code><br />
						
            
            <a class="navhash" href="#365">#</a>
						
              <code id="365">     memset ( A, 0, sizeof(A) );</code><br />
						
            
            <a class="navhash" href="#366">#</a>
						
              <code id="366">     ^</code><br />
						
            
            <a class="navhash" href="#367">#</a>
						
              <code id="367">gain_analysis.c: In function 'InitGainAnalysis':</code><br />
						
            
            <a class="navhash" href="#368">#</a>
						
              <code id="368">gain_analysis.c:405:5: warning: incompatible implicit declaration of built-in function 'memset' [enabled by default]</code><br />
						
            
            <a class="navhash" href="#369">#</a>
						
              <code id="369">     memset ( B, 0, sizeof(B) );</code><br />
						
            
            <a class="navhash" href="#370">#</a>
						
              <code id="370">     ^</code><br />
						
            
            <a class="navhash" href="#371">#</a>
						
              <code id="371">gain_analysis.c: At top level:</code><br />
						
            
            <a class="navhash" href="#372">#</a>
						<span class="error">
              <code id="372">gain_analysis.c:417:77: error: expected declaration specifiers or '...' before 'size_t'</code><br />
						</span>
            
            <a class="navhash" href="#373">#</a>
						
              <code id="373"> AnalyzeSamples ( const Float_t* left_samples, const Float_t* right_samples, size_t num_samples, int num_channels )</code><br />
						
            
            <a class="navhash" href="#374">#</a>
						
              <code id="374">                                                                             ^</code><br />
						
            
            <a class="navhash" href="#375">#</a>
						<span class="error">
              <code id="375">gain_analysis.c:632:34: error: expected declaration specifiers or '...' before 'size_t'</code><br />
						</span>
            
            <a class="navhash" href="#376">#</a>
						
              <code id="376"> analyzeResult ( Uint32_t* Array, size_t len )</code><br />
						
            
            <a class="navhash" href="#377">#</a>
						
              <code id="377">                                  ^</code><br />
						
            
            <a class="navhash" href="#378">#</a>
						
              <code id="378">cc1: error: no include path in which to search for stdc-predef.h</code><br />
						
            
            <a class="navhash" href="#379">#</a>
						
              <code id="379">getopt.c:42:19: error: no include path in which to search for stdio.h</code><br />
						
            
            <a class="navhash" href="#380">#</a>
						
              <code id="380"> #include <stdio.h></code><br />
						
            
            <a class="navhash" href="#381">#</a>
						
              <code id="381">                   ^</code><br />
						
            
            <a class="navhash" href="#382">#</a>
						
              <code id="382">getopt.c:201:20: error: no include path in which to search for string.h</code><br />
						
            
            <a class="navhash" href="#383">#</a>
						
              <code id="383"> #include <string.h></code><br />
						
            
            <a class="navhash" href="#384">#</a>
						
              <code id="384">                    ^</code><br />
						
            
            <a class="navhash" href="#385">#</a>
						
              <code id="385">getopt.c: In function '_getopt_initialize':</code><br />
						
            
            <a class="navhash" href="#386">#</a>
						
              <code id="386">getopt.c:397:14: error: 'NULL' undeclared (first use in this function)</code><br />
						
            
            <a class="navhash" href="#387">#</a>
						
              <code id="387">   nextchar = NULL;</code><br />
						
            
            <a class="navhash" href="#388">#</a>
						
              <code id="388">              ^</code><br />
						
            
            <a class="navhash" href="#389">#</a>
						
              <code id="389">getopt.c:397:14: note: each undeclared identifier is reported only once for each function it appears in</code><br />
						
            
            <a class="navhash" href="#390">#</a>
						
              <code id="390">getopt.c: In function '_getopt_internal':</code><br />
						
            
            <a class="navhash" href="#391">#</a>
						
              <code id="391">getopt.c:516:12: error: 'NULL' undeclared (first use in this function)</code><br />
						
            
            <a class="navhash" href="#392">#</a>
						
              <code id="392">   optarg = NULL;</code><br />
						
            
            <a class="navhash" href="#393">#</a>
						
              <code id="393">            ^</code><br />
						
            
            <a class="navhash" href="#394">#</a>
						
              <code id="394">getopt.c:651:21: warning: incompatible implicit declaration of built-in function 'strlen' [enabled by default]</code><br />
						
            
            <a class="navhash" href="#395">#</a>
						
              <code id="395">   == (unsigned int) strlen (p->name))</code><br />
						
            
            <a class="navhash" href="#396">#</a>
						
              <code id="396">                     ^</code><br />
						
            
            <a class="navhash" href="#397">#</a>
						
              <code id="397">getopt.c:673:6: warning: incompatible implicit declaration of built-in function 'fprintf' [enabled by default]</code><br />
						
            
            <a class="navhash" href="#398">#</a>
						
              <code id="398">      fprintf (stderr, _("%s: option `%s' is ambiguous\n"),</code><br />
						
            
            <a class="navhash" href="#399">#</a>
						
              <code id="399">      ^</code><br />
						
            
            <a class="navhash" href="#400">#</a>
						
              <code id="400">getopt.c:673:15: error: 'stderr' undeclared (first use in this function)</code><br />
						
            
            <a class="navhash" href="#401">#</a>
						
              <code id="401">      fprintf (stderr, _("%s: option `%s' is ambiguous\n"),</code><br />
						
            
            <a class="navhash" href="#402">#</a>
						
              <code id="402">               ^</code><br />
						
            
            <a class="navhash" href="#403">#</a>
						
              <code id="403">getopt.c:675:16: warning: incompatible implicit declaration of built-in function 'strlen' [enabled by default]</code><br />
						
            
            <a class="navhash" href="#404">#</a>
						
              <code id="404">    nextchar += strlen (nextchar);</code><br />
						
            
            <a class="navhash" href="#405">#</a>
						
              <code id="405">                ^</code><br />
						
            
            <a class="navhash" href="#406">#</a>
						
              <code id="406">getopt.c:697:4: warning: incompatible implicit declaration of built-in function 'fprintf' [enabled by default]</code><br />
						
            
            <a class="navhash" href="#407">#</a>
						
              <code id="407">    fprintf (stderr,</code><br />
						
            
            <a class="navhash" href="#408">#</a>
						
              <code id="408">    ^</code><br />
						
            
            <a class="navhash" href="#409">#</a>
						
              <code id="409">getopt.c:707:17: warning: incompatible implicit declaration of built-in function 'strlen' [enabled by default]</code><br />
						
            
            <a class="navhash" href="#410">#</a>
						
              <code id="410">     nextchar += strlen (nextchar);</code><br />
						
            
            <a class="navhash" href="#411">#</a>
						
              <code id="411">                 ^</code><br />
						
            
            <a class="navhash" href="#412">#</a>
						
              <code id="412">getopt.c:720:7: warning: incompatible implicit declaration of built-in function 'fprintf' [enabled by default]</code><br />
						
            
            <a class="navhash" href="#413">#</a>
						
              <code id="413">       fprintf (stderr,</code><br />
						
            
            <a class="navhash" href="#414">#</a>
						
              <code id="414">       ^</code><br />
						
            
            <a class="navhash" href="#415">#</a>
						
              <code id="415">getopt.c:723:17: warning: incompatible implicit declaration of built-in function 'strlen' [enabled by default]</code><br />
						
            
            <a class="navhash" href="#416">#</a>
						
              <code id="416">     nextchar += strlen (nextchar);</code><br />
						
            
            <a class="navhash" href="#417">#</a>
						
              <code id="417">                 ^</code><br />
						
            
            <a class="navhash" href="#418">#</a>
						
              <code id="418">getopt.c:728:16: warning: incompatible implicit declaration of built-in function 'strlen' [enabled by default]</code><br />
						
            
            <a class="navhash" href="#419">#</a>
						
              <code id="419">    nextchar += strlen (nextchar);</code><br />
						
            
            <a class="navhash" href="#420">#</a>
						
              <code id="420">                ^</code><br />
						
            
            <a class="navhash" href="#421">#</a>
						
              <code id="421">getopt.c:750:3: warning: incompatible implicit declaration of built-in function 'fprintf' [enabled by default]</code><br />
						
            
            <a class="navhash" href="#422">#</a>
						
              <code id="422">   fprintf (stderr, _("%s: unrecognized option `--%s'\n"),</code><br />
						
            
            <a class="navhash" href="#423">#</a>
						
              <code id="423">   ^</code><br />
						
            
            <a class="navhash" href="#424">#</a>
						
              <code id="424">getopt.c:780:8: warning: incompatible implicit declaration of built-in function 'fprintf' [enabled by default]</code><br />
						
            
            <a class="navhash" href="#425">#</a>
						
              <code id="425">        fprintf (stderr, _("%s: illegal option -- %c\n"),</code><br />
						
            
            <a class="navhash" href="#426">#</a>
						
              <code id="426">        ^</code><br />
						
            
            <a class="navhash" href="#427">#</a>
						
              <code id="427">getopt.c:813:3: warning: incompatible implicit declaration of built-in function 'fprintf' [enabled by default]</code><br />
						
            
            <a class="navhash" href="#428">#</a>
						
              <code id="428">   fprintf (stderr, _("%s: option requires an argument -- %c\n"),</code><br />
						
            
            <a class="navhash" href="#429">#</a>
						
              <code id="429">   ^</code><br />
						
            
            <a class="navhash" href="#430">#</a>
						
              <code id="430">getopt.c:839:51: warning: incompatible implicit declaration of built-in function 'strlen' [enabled by default]</code><br />
						
            
            <a class="navhash" href="#431">#</a>
						
              <code id="431">        if ((unsigned int) (nameend - nextchar) == strlen (p->name))</code><br />
						
            
            <a class="navhash" href="#432">#</a>
						
              <code id="432">                                                   ^</code><br />
						
            
            <a class="navhash" href="#433">#</a>
						
              <code id="433">getopt.c:860:8: warning: incompatible implicit declaration of built-in function 'fprintf' [enabled by default]</code><br />
						
            
            <a class="navhash" href="#434">#</a>
						
              <code id="434">        fprintf (stderr, _("%s: option `-W %s' is ambiguous\n"),</code><br />
						
            
            <a class="navhash" href="#435">#</a>
						
              <code id="435">        ^</code><br />
						
            
            <a class="navhash" href="#436">#</a>
						
              <code id="436">getopt.c:862:18: warning: incompatible implicit declaration of built-in function 'strlen' [enabled by default]</code><br />
						
            
            <a class="navhash" href="#437">#</a>
						
              <code id="437">      nextchar += strlen (nextchar);</code><br />
						
            
            <a class="navhash" href="#438">#</a>
						
              <code id="438">                  ^</code><br />
						
            
            <a class="navhash" href="#439">#</a>
						
              <code id="439">getopt.c:878:9: warning: incompatible implicit declaration of built-in function 'fprintf' [enabled by default]</code><br />
						
            
            <a class="navhash" href="#440">#</a>
						
              <code id="440">         fprintf (stderr, _("\</code><br />
						
            
            <a class="navhash" href="#441">#</a>
						
              <code id="441">         ^</code><br />
						
            
            <a class="navhash" href="#442">#</a>
						
              <code id="442">getopt.c:882:19: warning: incompatible implicit declaration of built-in function 'strlen' [enabled by default]</code><br />
						
            
            <a class="navhash" href="#443">#</a>
						
              <code id="443">       nextchar += strlen (nextchar);</code><br />
						
            
            <a class="navhash" href="#444">#</a>
						
              <code id="444">                   ^</code><br />
						
            
            <a class="navhash" href="#445">#</a>
						
              <code id="445">getopt.c:893:9: warning: incompatible implicit declaration of built-in function 'fprintf' [enabled by default]</code><br />
						
            
            <a class="navhash" href="#446">#</a>
						
              <code id="446">         fprintf (stderr,</code><br />
						
            
            <a class="navhash" href="#447">#</a>
						
              <code id="447">         ^</code><br />
						
            
            <a class="navhash" href="#448">#</a>
						
              <code id="448">getopt.c:896:19: warning: incompatible implicit declaration of built-in function 'strlen' [enabled by default]</code><br />
						
            
            <a class="navhash" href="#449">#</a>
						
              <code id="449">       nextchar += strlen (nextchar);</code><br />
						
            
            <a class="navhash" href="#450">#</a>
						
              <code id="450">                   ^</code><br />
						
            
            <a class="navhash" href="#451">#</a>
						
              <code id="451">getopt.c:900:18: warning: incompatible implicit declaration of built-in function 'strlen' [enabled by default]</code><br />
						
            
            <a class="navhash" href="#452">#</a>
						
              <code id="452">      nextchar += strlen (nextchar);</code><br />
						
            
            <a class="navhash" href="#453">#</a>
						
              <code id="453">                  ^</code><br />
						
            
            <a class="navhash" href="#454">#</a>
						
              <code id="454">getopt.c:942:7: warning: incompatible implicit declaration of built-in function 'fprintf' [enabled by default]</code><br />
						
            
            <a class="navhash" href="#455">#</a>
						
              <code id="455">       fprintf (stderr,</code><br />
						
            
            <a class="navhash" href="#456">#</a>
						
              <code id="456">       ^</code><br />
						
            
            <a class="navhash" href="#457">#</a>
						
              <code id="457">cc1: error: no include path in which to search for stdc-predef.h</code><br />
						
            
            <a class="navhash" href="#458">#</a>
						
              <code id="458">getopt1.c:35:19: error: no include path in which to search for stdio.h</code><br />
						
            
            <a class="navhash" href="#459">#</a>
						
              <code id="459"> #include <stdio.h></code><br />
						
            
            <a class="navhash" href="#460">#</a>
						
              <code id="460">                   ^</code><br />
						
            
            <a class="navhash" href="#461">#</a>
						
              <code id="461">cc1: error: no include path in which to search for stdc-predef.h</code><br />
						
            
            <a class="navhash" href="#462">#</a>
						
              <code id="462">main.c:19:19: error: no include path in which to search for ctype.h</code><br />
						
            
            <a class="navhash" href="#463">#</a>
						
              <code id="463"> #include <ctype.h></code><br />
						
            
            <a class="navhash" href="#464">#</a>
						
              <code id="464">                   ^</code><br />
						
            
            <a class="navhash" href="#465">#</a>
						
              <code id="465">main.c:21:19: error: no include path in which to search for stdio.h</code><br />
						
            
            <a class="navhash" href="#466">#</a>
						
              <code id="466"> #include <stdio.h></code><br />
						
            
            <a class="navhash" href="#467">#</a>
						
              <code id="467">                   ^</code><br />
						
            
            <a class="navhash" href="#468">#</a>
						
              <code id="468">main.c:22:20: error: no include path in which to search for stdlib.h</code><br />
						
            
            <a class="navhash" href="#469">#</a>
						
              <code id="469"> #include <stdlib.h></code><br />
						
            
            <a class="navhash" href="#470">#</a>
						
              <code id="470">                    ^</code><br />
						
            
            <a class="navhash" href="#471">#</a>
						
              <code id="471">main.c:23:20: error: no include path in which to search for string.h</code><br />
						
            
            <a class="navhash" href="#472">#</a>
						
              <code id="472"> #include <string.h></code><br />
						
            
            <a class="navhash" href="#473">#</a>
						
              <code id="473">                    ^</code><br />
						
            
            <a class="navhash" href="#474">#</a>
						
              <code id="474">main.c:24:18: error: no include path in which to search for math.h</code><br />
						
            
            <a class="navhash" href="#475">#</a>
						
              <code id="475"> #include <math.h></code><br />
						
            
            <a class="navhash" href="#476">#</a>
						
              <code id="476">                  ^</code><br />
						
            
            <a class="navhash" href="#477">#</a>
						
              <code id="477">In file included from main.c:26:0:</code><br />
						
            
            <a class="navhash" href="#478">#</a>
						
              <code id="478">gain_analysis.h:31:20: error: no include path in which to search for stddef.h</code><br />
						
            
            <a class="navhash" href="#479">#</a>
						
              <code id="479"> #include <stddef.h></code><br />
						
            
            <a class="navhash" href="#480">#</a>
						
              <code id="480">                    ^</code><br />
						
            
            <a class="navhash" href="#481">#</a>
						<span class="error">
              <code id="481">gain_analysis.h:47:87: error: unknown type name 'size_t'</code><br />
						</span>
            
            <a class="navhash" href="#482">#</a>
						
              <code id="482"> int     AnalyzeSamples   ( const Float_t* left_samples, const Float_t* right_samples, size_t num_samples, int num_channels );</code><br />
						
            
            <a class="navhash" href="#483">#</a>
						
              <code id="483">                                                                                       ^</code><br />
						
            
            <a class="navhash" href="#484">#</a>
						
              <code id="484">In file included from main.c:28:0:</code><br />
						
            
            <a class="navhash" href="#485">#</a>
						
              <code id="485">audio.h:32:19: error: no include path in which to search for stdio.h</code><br />
						
            
            <a class="navhash" href="#486">#</a>
						
              <code id="486"> #include <stdio.h></code><br />
						
            
            <a class="navhash" href="#487">#</a>
						
              <code id="487">                   ^</code><br />
						
            
            <a class="navhash" href="#488">#</a>
						
              <code id="488">In file included from main.c:28:0:</code><br />
						
            
            <a class="navhash" href="#489">#</a>
						<span class="error">
              <code id="489">audio.h:81:2: error: unknown type name 'FILE'</code><br />
						</span>
            
            <a class="navhash" href="#490">#</a>
						
              <code id="490">  FILE *out;</code><br />
						
            
            <a class="navhash" href="#491">#</a>
						
              <code id="491">  ^</code><br />
						
            
            <a class="navhash" href="#492">#</a>
						<span class="error">
              <code id="492">audio.h:89:20: error: unknown type name 'FILE'</code><br />
						</span>
            
            <a class="navhash" href="#493">#</a>
						
              <code id="493">  int  (*open_func)(FILE *in, wavegain_opt *opt, unsigned char *buf, int buflen);</code><br />
						
            
            <a class="navhash" href="#494">#</a>
						
              <code id="494">                    ^</code><br />
						
            
            <a class="navhash" href="#495">#</a>
						<span class="error">
              <code id="495">audio.h:111:2: error: unknown type name 'FILE'</code><br />
						</span>
            
            <a class="navhash" href="#496">#</a>
						
              <code id="496">  FILE  *f;</code><br />
						
            
            <a class="navhash" href="#497">#</a>
						
              <code id="497">  ^</code><br />
						
            
            <a class="navhash" href="#498">#</a>
						<span class="error">
              <code id="498">audio.h:126:31: error: unknown type name 'FILE'</code><br />
						</span>
            
            <a class="navhash" href="#499">#</a>
						
              <code id="499"> input_format *open_audio_file(FILE *in, wavegain_opt *opt);</code><br />
						
            
            <a class="navhash" href="#500">#</a>
						
              <code id="500">                               ^</code><br />
						
            
            <a class="navhash" href="#501">#</a>
						<span class="error">
              <code id="501">audio.h:128:14: error: unknown type name 'FILE'</code><br />
						</span>
            
            <a class="navhash" href="#502">#</a>
						
              <code id="502"> int raw_open(FILE *in, wavegain_opt *opt);</code><br />
						
            
            <a class="navhash" href="#503">#</a>
						
              <code id="503">              ^</code><br />
						
            
            <a class="navhash" href="#504">#</a>
						<span class="error">
              <code id="504">audio.h:129:14: error: unknown type name 'FILE'</code><br />
						</span>
            
            <a class="navhash" href="#505">#</a>
						
              <code id="505"> int wav_open(FILE *in, wavegain_opt *opt, unsigned char *buf, int buflen);</code><br />
						
            
            <a class="navhash" href="#506">#</a>
						
              <code id="506">              ^</code><br />
						
            
            <a class="navhash" href="#507">#</a>
						<span class="error">
              <code id="507">audio.h:130:15: error: unknown type name 'FILE'</code><br />
						</span>
            
            <a class="navhash" href="#508">#</a>
						
              <code id="508"> int aiff_open(FILE *in, wavegain_opt *opt, unsigned char *buf, int buflen);</code><br />
						
            
            <a class="navhash" href="#509">#</a>
						
              <code id="509">               ^</code><br />
						
            
            <a class="navhash" href="#510">#</a>
						<span class="error">
              <code id="510">audio.h:154:2: error: unknown type name 'FILE'</code><br />
						</span>
            
            <a class="navhash" href="#511">#</a>
						
              <code id="511">  FILE          *sndfile;</code><br />
						
            
            <a class="navhash" href="#512">#</a>
						
              <code id="512">  ^</code><br />
						
            
            <a class="navhash" href="#513">#</a>
						<span class="error">
              <code id="513">audio.h:165:23: error: unknown type name 'FILE'</code><br />
						</span>
            
            <a class="navhash" href="#514">#</a>
						
              <code id="514"> void close_audio_file(FILE *in, audio_file *aufile, wavegain_opt *opt);</code><br />
						
            
            <a class="navhash" href="#515">#</a>
						
              <code id="515">                       ^</code><br />
						
            
            <a class="navhash" href="#516">#</a>
						
              <code id="516">main.c: In function 'alloc_node':</code><br />
						
            
            <a class="navhash" href="#517">#</a>
						
              <code id="517">main.c:67:9: warning: incompatible implicit declaration of built-in function 'calloc' [enabled by default]</code><br />
						
            
            <a class="navhash" href="#518">#</a>
						
              <code id="518">  node = calloc(1, sizeof(*node));</code><br />
						
            
            <a class="navhash" href="#519">#</a>
						
              <code id="519">         ^</code><br />
						
            
            <a class="navhash" href="#520">#</a>
						
              <code id="520">main.c:69:14: error: 'NULL' undeclared (first use in this function)</code><br />
						
            
            <a class="navhash" href="#521">#</a>
						
              <code id="521">  if (node != NULL) {</code><br />
						
            
            <a class="navhash" href="#522">#</a>
						
              <code id="522">              ^</code><br />
						
            
            <a class="navhash" href="#523">#</a>
						
              <code id="523">main.c:69:14: note: each undeclared identifier is reported only once for each function it appears in</code><br />
						
            
            <a class="navhash" href="#524">#</a>
						
              <code id="524">main.c:70:20: warning: incompatible implicit declaration of built-in function 'strdup' [enabled by default]</code><br />
						
            
            <a class="navhash" href="#525">#</a>
						
              <code id="525">   node->filename = strdup(file);</code><br />
						
            
            <a class="navhash" href="#526">#</a>
						
              <code id="526">                    ^</code><br />
						
            
            <a class="navhash" href="#527">#</a>
						
              <code id="527">main.c:81:3: warning: incompatible implicit declaration of built-in function 'free' [enabled by default]</code><br />
						
            
            <a class="navhash" href="#528">#</a>
						
              <code id="528">   free(node);</code><br />
						
            
            <a class="navhash" href="#529">#</a>
						
              <code id="529">   ^</code><br />
						
            
            <a class="navhash" href="#530">#</a>
						
              <code id="530">main.c:84:2: warning: incompatible implicit declaration of built-in function 'fprintf' [enabled by default]</code><br />
						
            
            <a class="navhash" href="#531">#</a>
						
              <code id="531">  fprintf(stderr, _("Out of memory\n"));</code><br />
						
            
            <a class="navhash" href="#532">#</a>
						
              <code id="532">  ^</code><br />
						
            
            <a class="navhash" href="#533">#</a>
						
              <code id="533">main.c:84:10: error: 'stderr' undeclared (first use in this function)</code><br />
						
            
            <a class="navhash" href="#534">#</a>
						
              <code id="534">  fprintf(stderr, _("Out of memory\n"));</code><br />
						
            
            <a class="navhash" href="#535">#</a>
						
              <code id="535">          ^</code><br />
						
            
            <a class="navhash" href="#536">#</a>
						
              <code id="536">main.c: In function 'add_to_list':</code><br />
						
            
            <a class="navhash" href="#537">#</a>
						
              <code id="537">main.c:103:15: error: 'NULL' undeclared (first use in this function)</code><br />
						
            
            <a class="navhash" href="#538">#</a>
						
              <code id="538">  if (*list == NULL) {</code><br />
						
            
            <a class="navhash" href="#539">#</a>
						
              <code id="539">               ^</code><br />
						
            
            <a class="navhash" href="#540">#</a>
						
              <code id="540">main.c: In function 'free_list':</code><br />
						
            
            <a class="navhash" href="#541">#</a>
						
              <code id="541">main.c:135:17: error: 'NULL' undeclared (first use in this function)</code><br />
						
            
            <a class="navhash" href="#542">#</a>
						
              <code id="542">  while (list != NULL) {</code><br />
						
            
            <a class="navhash" href="#543">#</a>
						
              <code id="543">                 ^</code><br />
						
            
            <a class="navhash" href="#544">#</a>
						
              <code id="544">main.c:137:3: warning: incompatible implicit declaration of built-in function 'free' [enabled by default]</code><br />
						
            
            <a class="navhash" href="#545">#</a>
						
              <code id="545">   free((void *) list->filename);</code><br />
						
            
            <a class="navhash" href="#546">#</a>
						
              <code id="546">   ^</code><br />
						
            
            <a class="navhash" href="#547">#</a>
						
              <code id="547">main.c: In function 'ftos':</code><br />
						
            
            <a class="navhash" href="#548">#</a>
						
              <code id="548">main.c:146:2: warning: incompatible implicit declaration of built-in function 'sprintf' [enabled by default]</code><br />
						
            
            <a class="navhash" href="#549">#</a>
						
              <code id="549">  sprintf(s_floatToAscii, format, f);</code><br />
						
            
            <a class="navhash" href="#550">#</a>
						
              <code id="550">  ^</code><br />
						
            
            <a class="navhash" href="#551">#</a>
						
              <code id="551">main.c: In function 'process_files':</code><br />
						
            
            <a class="navhash" href="#552">#</a>
						
              <code id="552">main.c:173:19: error: 'NULL' undeclared (first use in this function)</code><br />
						
            
            <a class="navhash" href="#553">#</a>
						
              <code id="553">  if (file_list == NULL)</code><br />
						
            
            <a class="navhash" href="#554">#</a>
						
              <code id="554">                   ^</code><br />
						
            
            <a class="navhash" href="#555">#</a>
						
              <code id="555">main.c:184:5: warning: incompatible implicit declaration of built-in function 'fprintf' [enabled by default]</code><br />
						
            
            <a class="navhash" href="#556">#</a>
						
              <code id="556">     fprintf(stderr, " Error processing GAIN for file - %s\n", file->filename);</code><br />
						
            
            <a class="navhash" href="#557">#</a>
						
              <code id="557">     ^</code><br />
						
            
            <a class="navhash" href="#558">#</a>
						
              <code id="558">main.c:184:13: error: 'stderr' undeclared (first use in this function)</code><br />
						
            
            <a class="navhash" href="#559">#</a>
						
              <code id="559">     fprintf(stderr, " Error processing GAIN for file - %s\n", file->filename);</code><br />
						
            
            <a class="navhash" href="#560">#</a>
						
              <code id="560">             ^</code><br />
						
            
            <a class="navhash" href="#561">#</a>
						
              <code id="561">main.c:216:4: warning: incompatible implicit declaration of built-in function 'fprintf' [enabled by default]</code><br />
						
            
            <a class="navhash" href="#562">#</a>
						
              <code id="562">    fprintf(stderr, " ********************* Album DC Offset | %4d  |  %4d  | ***************\n",</code><br />
						
            
            <a class="navhash" href="#563">#</a>
						
              <code id="563">    ^</code><br />
						
            
            <a class="navhash" href="#564">#</a>
						
              <code id="564">main.c:224:3: warning: incompatible implicit declaration of built-in function 'fprintf' [enabled by default]</code><br />
						
            
            <a class="navhash" href="#565">#</a>
						
              <code id="565">   fprintf(stderr, "\n");</code><br />
						
            
            <a class="navhash" href="#566">#</a>
						
              <code id="566">   ^</code><br />
						
            
            <a class="navhash" href="#567">#</a>
						
              <code id="567">main.c:230:12: warning: incompatible implicit declaration of built-in function 'pow' [enabled by default]</code><br />
						
            
            <a class="navhash" href="#568">#</a>
						
              <code id="568">    scale = pow(10., Gain * 0.05);</code><br />
						
            
            <a class="navhash" href="#569">#</a>
						
              <code id="569">            ^</code><br />
						
            
            <a class="navhash" href="#570">#</a>
						
              <code id="570">main.c:241:13: error: 'stdout' undeclared (first use in this function)</code><br />
						
            
            <a class="navhash" href="#571">#</a>
						
              <code id="571">     fprintf(stdout, "%8.6lf", scale);</code><br />
						
            
            <a class="navhash" href="#572">#</a>
						
              <code id="572">             ^</code><br />
						
            
            <a class="navhash" href="#573">#</a>
						
              <code id="573">main.c:245:16: warning: incompatible implicit declaration of built-in function 'log10' [enabled by default]</code><br />
						
            
            <a class="navhash" href="#574">#</a>
						
              <code id="574">     dB = 20. * log10(scale);</code><br />
						
            
            <a class="navhash" href="#575">#</a>
						
              <code id="575">                ^</code><br />
						
            
            <a class="navhash" href="#576">#</a>
						
              <code id="576">main.c:283:2: warning: incompatible implicit declaration of built-in function 'fprintf' [enabled by default]</code><br />
						
            
            <a class="navhash" href="#577">#</a>
						
              <code id="577">  fprintf(stderr, "\n WaveGain Processing completed normally\n");</code><br />
						
            
            <a class="navhash" href="#578">#</a>
						
              <code id="578">  ^</code><br />
						
            
            <a class="navhash" href="#579">#</a>
						
              <code id="579">main.c: In function 'usage':</code><br />
						
            
            <a class="navhash" href="#580">#</a>
						
              <code id="580">main.c:349:2: warning: incompatible implicit declaration of built-in function 'fprintf' [enabled by default]</code><br />
						
            
            <a class="navhash" href="#581">#</a>
						
              <code id="581">  fprintf(stdout, _("WaveGain v" WAVEGAIN_VERSION " Compiled " __DATE__ ".\n"));</code><br />
						
            
            <a class="navhash" href="#582">#</a>
						
              <code id="582">  ^</code><br />
						
            
            <a class="navhash" href="#583">#</a>
						
              <code id="583">main.c:349:10: error: 'stdout' undeclared (first use in this function)</code><br />
						
            
            <a class="navhash" href="#584">#</a>
						
              <code id="584">  fprintf(stdout, _("WaveGain v" WAVEGAIN_VERSION " Compiled " __DATE__ ".\n"));</code><br />
						
            
            <a class="navhash" href="#585">#</a>
						
              <code id="585">          ^</code><br />
						
            
            <a class="navhash" href="#586">#</a>
						
              <code id="586">main.c: At top level:</code><br />
						
            
            <a class="navhash" href="#587">#</a>
						
              <code id="587">main.c:441:14: error: 'NULL' undeclared here (not in a function)</code><br />
						
            
            <a class="navhash" href="#588">#</a>
						
              <code id="588">  {"help", 0, NULL, 'h'},</code><br />
						
            
            <a class="navhash" href="#589">#</a>
						
              <code id="589">              ^</code><br />
						
            
            <a class="navhash" href="#590">#</a>
						
              <code id="590">main.c: In function 'main':</code><br />
						
            
            <a class="navhash" href="#591">#</a>
						
              <code id="591">main.c:489:2: warning: incompatible implicit declaration of built-in function 'memset' [enabled by default]</code><br />
						
            
            <a class="navhash" href="#592">#</a>
						
              <code id="592">  memset(&settings, 0, sizeof(settings));</code><br />
						
            
            <a class="navhash" href="#593">#</a>
						
              <code id="593">  ^</code><br />
						
            
            <a class="navhash" href="#594">#</a>
						
              <code id="594">main.c:517:6: warning: incompatible implicit declaration of built-in function 'fprintf' [enabled by default]</code><br />
						
            
            <a class="navhash" href="#595">#</a>
						
              <code id="595">      fprintf(stderr, "Internal error parsing command line options\n");</code><br />
						
            
            <a class="navhash" href="#596">#</a>
						
              <code id="596">      ^</code><br />
						
            
            <a class="navhash" href="#597">#</a>
						
              <code id="597">main.c:517:14: error: 'stderr' undeclared (first use in this function)</code><br />
						
            
            <a class="navhash" href="#598">#</a>
						
              <code id="598">      fprintf(stderr, "Internal error parsing command line options\n");</code><br />
						
            
            <a class="navhash" href="#599">#</a>
						
              <code id="599">              ^</code><br />
						
            
            <a class="navhash" href="#600">#</a>
						
              <code id="600">main.c:517:6: warning: passing argument 1 of 'fprintf' discards 'const' qualifier from pointer target type [enabled by default]</code><br />
						
            
            <a class="navhash" href="#601">#</a>
						
              <code id="601">      fprintf(stderr, "Internal error parsing command line options\n");</code><br />
						
            
            <a class="navhash" href="#602">#</a>
						
              <code id="602">      ^</code><br />
						
            
            <a class="navhash" href="#603">#</a>
						
              <code id="603">main.c:517:6: note: expected 'void *' but argument is of type 'const struct option *'</code><br />
						
            
            <a class="navhash" href="#604">#</a>
						
              <code id="604">main.c:518:6: warning: incompatible implicit declaration of built-in function 'exit' [enabled by default]</code><br />
						
            
            <a class="navhash" href="#605">#</a>
						
              <code id="605">      exit(1);</code><br />
						
            
            <a class="navhash" href="#606">#</a>
						
              <code id="606">      ^</code><br />
						
            
            <a class="navhash" href="#607">#</a>
						
              <code id="607">main.c:523:5: warning: incompatible implicit declaration of built-in function 'exit' [enabled by default]</code><br />
						
            
            <a class="navhash" href="#608">#</a>
						
              <code id="608">     exit(0);</code><br />
						
            
            <a class="navhash" href="#609">#</a>
						
              <code id="609">     ^</code><br />
						
            
            <a class="navhash" href="#610">#</a>
						
              <code id="610">main.c:567:5: warning: incompatible implicit declaration of built-in function 'strcpy' [enabled by default]</code><br />
						
            
            <a class="navhash" href="#611">#</a>
						
              <code id="611">     strcpy(log_file_name, LOG_NAME);</code><br />
						
            
            <a class="navhash" href="#612">#</a>
						
              <code id="612">     ^</code><br />
						
            
            <a class="navhash" href="#613">#</a>
						
              <code id="613">main.c:580:11: warning: incompatible implicit declaration of built-in function 'sscanf' [enabled by default]</code><br />
						
            
            <a class="navhash" href="#614">#</a>
						
              <code id="614">        if(sscanf(optarg, "%d", &settings.shapingtype) != 1) {</code><br />
						
            
            <a class="navhash" href="#615">#</a>
						
              <code id="615">           ^</code><br />
						
            
            <a class="navhash" href="#616">#</a>
						
              <code id="616">main.c:581:10: warning: incompatible implicit declaration of built-in function 'fprintf' [enabled by default]</code><br />
						
            
            <a class="navhash" href="#617">#</a>
						
              <code id="617">          fprintf(stderr, "Warning: dither type %s not recognised, using default\n", optarg);</code><br />
						
            
            <a class="navhash" href="#618">#</a>
						
              <code id="618">          ^</code><br />
						
            
            <a class="navhash" href="#619">#</a>
						
              <code id="619">main.c:581:10: warning: passing argument 1 of 'fprintf' discards 'const' qualifier from pointer target type [enabled by default]</code><br />
						
            
            <a class="navhash" href="#620">#</a>
						
              <code id="620">main.c:581:10: note: expected 'void *' but argument is of type 'const struct option *'</code><br />
						
            
            <a class="navhash" href="#621">#</a>
						
              <code id="621">main.c:600:10: warning: incompatible implicit declaration of built-in function 'fprintf' [enabled by default]</code><br />
						
            
            <a class="navhash" href="#622">#</a>
						
              <code id="622">          fprintf(stderr, "Warning: manual gain %s not recognised, ignoring\n", optarg);</code><br />
						
            
            <a class="navhash" href="#623">#</a>
						
              <code id="623">          ^</code><br />
						
            
            <a class="navhash" href="#624">#</a>
						
              <code id="624">main.c:600:10: warning: passing argument 1 of 'fprintf' discards 'const' qualifier from pointer target type [enabled by default]</code><br />
						
            
            <a class="navhash" href="#625">#</a>
						
              <code id="625">main.c:600:10: note: expected 'void *' but argument is of type 'const struct option *'</code><br />
						
            
            <a class="navhash" href="#626">#</a>
						
              <code id="626">main.c:604:10: warning: incompatible implicit declaration of built-in function 'fprintf' [enabled by default]</code><br />
						
            
            <a class="navhash" href="#627">#</a>
						
              <code id="627">          fprintf(stderr, "Warning: manual gain %s is out of range, "</code><br />
						
            
            <a class="navhash" href="#628">#</a>
						
              <code id="628">          ^</code><br />
						
            
            <a class="navhash" href="#629">#</a>
						
              <code id="629">main.c:605:23: warning: passing argument 1 of 'fprintf' discards 'const' qualifier from pointer target type [enabled by default]</code><br />
						
            
            <a class="navhash" href="#630">#</a>
						
              <code id="630">                       "applying gain of -20.0dB\n", optarg);</code><br />
						
            
            <a class="navhash" href="#631">#</a>
						
              <code id="631">                       ^</code><br />
						
            
            <a class="navhash" href="#632">#</a>
						
              <code id="632">main.c:605:23: note: expected 'void *' but argument is of type 'const struct option *'</code><br />
						
            
            <a class="navhash" href="#633">#</a>
						
              <code id="633">main.c:609:10: warning: incompatible implicit declaration of built-in function 'fprintf' [enabled by default]</code><br />
						
            
            <a class="navhash" href="#634">#</a>
						
              <code id="634">          fprintf(stderr, "Warning: manual gain %s is out of range, "</code><br />
						
            
            <a class="navhash" href="#635">#</a>
						
              <code id="635">          ^</code><br />
						
            
            <a class="navhash" href="#636">#</a>
						
              <code id="636">main.c:610:23: warning: passing argument 1 of 'fprintf' discards 'const' qualifier from pointer target type [enabled by default]</code><br />
						
            
            <a class="navhash" href="#637">#</a>
						
              <code id="637">                       "applying gain of +12.0dB\n", optarg);</code><br />
						
            
            <a class="navhash" href="#638">#</a>
						
              <code id="638">                       ^</code><br />
						
            
            <a class="navhash" href="#639">#</a>
						
              <code id="639">main.c:610:23: note: expected 'void *' but argument is of type 'const struct option *'</code><br />
						
            
            <a class="navhash" href="#640">#</a>
						
              <code id="640">main.c:617:10: warning: incompatible implicit declaration of built-in function 'fprintf' [enabled by default]</code><br />
						
            
            <a class="navhash" href="#641">#</a>
						
              <code id="641">          fprintf(stderr, "Warning: output format %s not recognised, using default\n", optarg);</code><br />
						
            
            <a class="navhash" href="#642">#</a>
						
              <code id="642">          ^</code><br />
						
            
            <a class="navhash" href="#643">#</a>
						
              <code id="643">main.c:617:10: warning: passing argument 1 of 'fprintf' discards 'const' qualifier from pointer target type [enabled by default]</code><br />
						
            
            <a class="navhash" href="#644">#</a>
						
              <code id="644">main.c:617:10: note: expected 'void *' but argument is of type 'const struct option *'</code><br />
						
            
            <a class="navhash" href="#645">#</a>
						
              <code id="645">main.c:651:10: warning: incompatible implicit declaration of built-in function 'fprintf' [enabled by default]</code><br />
						
            
            <a class="navhash" href="#646">#</a>
						
              <code id="646">          fprintf(stderr, "Warning: output format %s not recognised, using default\n", optarg);</code><br />
						
            
            <a class="navhash" href="#647">#</a>
						
              <code id="647">          ^</code><br />
						
            
            <a class="navhash" href="#648">#</a>
						
              <code id="648">main.c:651:10: warning: passing argument 1 of 'fprintf' discards 'const' qualifier from pointer target type [enabled by default]</code><br />
						
            
            <a class="navhash" href="#649">#</a>
						
              <code id="649">main.c:651:10: note: expected 'void *' but argument is of type 'const struct option *'</code><br />
						
            
            <a class="navhash" href="#650">#</a>
						
              <code id="650">main.c:693:3: warning: incompatible implicit declaration of built-in function 'fprintf' [enabled by default]</code><br />
						
            
            <a class="navhash" href="#651">#</a>
						
              <code id="651">   fprintf(stderr, _("No files specified.\n"));</code><br />
						
            
            <a class="navhash" href="#652">#</a>
						
              <code id="652">   ^</code><br />
						
            
            <a class="navhash" href="#653">#</a>
						
              <code id="653">main.c:693:3: warning: passing argument 1 of 'fprintf' discards 'const' qualifier from pointer target type [enabled by default]</code><br />
						
            
            <a class="navhash" href="#654">#</a>
						
              <code id="654">main.c:693:3: note: expected 'void *' but argument is of type 'const struct option *'</code><br />
						
            
            <a class="navhash" href="#655">#</a>
						
              <code id="655">main.c:695:10: error: 'EXIT_SUCCESS' undeclared (first use in this function)</code><br />
						
            
            <a class="navhash" href="#656">#</a>
						
              <code id="656">   return EXIT_SUCCESS;</code><br />
						
            
            <a class="navhash" href="#657">#</a>
						
              <code id="657">          ^</code><br />
						
            
            <a class="navhash" href="#658">#</a>
						
              <code id="658">main.c:695:3: warning: return makes integer from pointer without a cast [enabled by default]</code><br />
						
            
            <a class="navhash" href="#659">#</a>
						
              <code id="659">   return EXIT_SUCCESS;</code><br />
						
            
            <a class="navhash" href="#660">#</a>
						
              <code id="660">   ^</code><br />
						
            
            <a class="navhash" href="#661">#</a>
						
              <code id="661">main.c:718:12: error: 'EXIT_FAILURE' undeclared (first use in this function)</code><br />
						
            
            <a class="navhash" href="#662">#</a>
						
              <code id="662">     return EXIT_FAILURE;</code><br />
						
            
            <a class="navhash" href="#663">#</a>
						
              <code id="663">            ^</code><br />
						
            
            <a class="navhash" href="#664">#</a>
						
              <code id="664">main.c:718:5: warning: return makes integer from pointer without a cast [enabled by default]</code><br />
						
            
            <a class="navhash" href="#665">#</a>
						
              <code id="665">     return EXIT_FAILURE;</code><br />
						
            
            <a class="navhash" href="#666">#</a>
						
              <code id="666">     ^</code><br />
						
            
            <a class="navhash" href="#667">#</a>
						
              <code id="667">main.c:729:22: warning: assignment from incompatible pointer type [enabled by default]</code><br />
						
            
            <a class="navhash" href="#668">#</a>
						
              <code id="668">   settings.file_list = NULL;</code><br />
						
            
            <a class="navhash" href="#669">#</a>
						
              <code id="669">                      ^</code><br />
						
            
            <a class="navhash" href="#670">#</a>
						
              <code id="670">main.c:730:21: warning: incompatible implicit declaration of built-in function 'free' [enabled by default]</code><br />
						
            
            <a class="navhash" href="#671">#</a>
						
              <code id="671">   if (settings.cmd) free(settings.cmd);</code><br />
						
            
            <a class="navhash" href="#672">#</a>
						
              <code id="672">                     ^</code><br />
						
            
            <a class="navhash" href="#673">#</a>
						
              <code id="673">main.c:731:16: warning: assignment from incompatible pointer type [enabled by default]</code><br />
						
            
            <a class="navhash" href="#674">#</a>
						
              <code id="674">   settings.cmd = NULL;</code><br />
						
            
            <a class="navhash" href="#675">#</a>
						
              <code id="675">                ^</code><br />
						
            
            <a class="navhash" href="#676">#</a>
						
              <code id="676">main.c:734:2: warning: return makes integer from pointer without a cast [enabled by default]</code><br />
						
            
            <a class="navhash" href="#677">#</a>
						
              <code id="677">  return (ret < 0) ? EXIT_FAILURE : EXIT_SUCCESS;</code><br />
						
            
            <a class="navhash" href="#678">#</a>
						
              <code id="678">  ^</code><br />
						
            
            <a class="navhash" href="#679">#</a>
						
              <code id="679">cc1: error: no include path in which to search for stdc-predef.h</code><br />
						
            
            <a class="navhash" href="#680">#</a>
						
              <code id="680">misc.c:9:20: error: no include path in which to search for stdarg.h</code><br />
						
            
            <a class="navhash" href="#681">#</a>
						
              <code id="681"> #include <stdarg.h></code><br />
						
            
            <a class="navhash" href="#682">#</a>
						
              <code id="682">                    ^</code><br />
						
            
            <a class="navhash" href="#683">#</a>
						
              <code id="683">misc.c:10:19: error: no include path in which to search for stdio.h</code><br />
						
            
            <a class="navhash" href="#684">#</a>
						
              <code id="684"> #include <stdio.h></code><br />
						
            
            <a class="navhash" href="#685">#</a>
						
              <code id="685">                   ^</code><br />
						
            
            <a class="navhash" href="#686">#</a>
						
              <code id="686">misc.c:11:20: error: no include path in which to search for stdlib.h</code><br />
						
            
            <a class="navhash" href="#687">#</a>
						
              <code id="687"> #include <stdlib.h></code><br />
						
            
            <a class="navhash" href="#688">#</a>
						
              <code id="688">                    ^</code><br />
						
            
            <a class="navhash" href="#689">#</a>
						
              <code id="689">misc.c:12:20: error: no include path in which to search for string.h</code><br />
						
            
            <a class="navhash" href="#690">#</a>
						
              <code id="690"> #include <string.h></code><br />
						
            
            <a class="navhash" href="#691">#</a>
						
              <code id="691">                    ^</code><br />
						
            
            <a class="navhash" href="#692">#</a>
						
              <code id="692">misc.c:18:19: error: no include path in which to search for errno.h</code><br />
						
            
            <a class="navhash" href="#693">#</a>
						
              <code id="693"> #include <errno.h></code><br />
						
            
            <a class="navhash" href="#694">#</a>
						
              <code id="694">                   ^</code><br />
						
            
            <a class="navhash" href="#695">#</a>
						
              <code id="695">misc.c:19:19: error: no include path in which to search for ctype.h</code><br />
						
            
            <a class="navhash" href="#696">#</a>
						
              <code id="696"> #include <ctype.h></code><br />
						
            
            <a class="navhash" href="#697">#</a>
						
              <code id="697">                   ^</code><br />
						
            
            <a class="navhash" href="#698">#</a>
						
              <code id="698">misc.c: In function 'file_error':</code><br />
						
            
            <a class="navhash" href="#699">#</a>
						
              <code id="699">misc.c:35:16: error: 'errno' undeclared (first use in this function)</code><br />
						
            
            <a class="navhash" href="#700">#</a>
						
              <code id="700">  int err_num = errno;</code><br />
						
            
            <a class="navhash" href="#701">#</a>
						
              <code id="701">                ^</code><br />
						
            
            <a class="navhash" href="#702">#</a>
						
              <code id="702">misc.c:35:16: note: each undeclared identifier is reported only once for each function it appears in</code><br />
						
            
            <a class="navhash" href="#703">#</a>
						<span class="error">
              <code id="703">misc.c:36:2: error: unknown type name 'va_list'</code><br />
						</span>
            
            <a class="navhash" href="#704">#</a>
						
              <code id="704">  va_list args;</code><br />
						
            
            <a class="navhash" href="#705">#</a>
						
              <code id="705">  ^</code><br />
						
            
            <a class="navhash" href="#706">#</a>
						
              <code id="706">misc.c:39:11: error: 'stderr' undeclared (first use in this function)</code><br />
						
            
            <a class="navhash" href="#707">#</a>
						
              <code id="707">  vfprintf(stderr, message, args);</code><br />
						
            
            <a class="navhash" href="#708">#</a>
						
              <code id="708">           ^</code><br />
						
            
            <a class="navhash" href="#709">#</a>
						
              <code id="709">misc.c:42:2: warning: incompatible implicit declaration of built-in function 'fprintf' [enabled by default]</code><br />
						
            
            <a class="navhash" href="#710">#</a>
						
              <code id="710">  fprintf(stderr, strerror(err_num));</code><br />
						
            
            <a class="navhash" href="#711">#</a>
						
              <code id="711">  ^</code><br />
						
            
            <a class="navhash" href="#712">#</a>
						
              <code id="712">misc.c:42:2: warning: passing argument 2 of 'fprintf' makes pointer from integer without a cast [enabled by default]</code><br />
						
            
            <a class="navhash" href="#713">#</a>
						
              <code id="713">misc.c:42:2: note: expected 'const char *' but argument is of type 'int'</code><br />
						
            
            <a class="navhash" href="#714">#</a>
						
              <code id="714">misc.c: In function 'last_path':</code><br />
						
            
            <a class="navhash" href="#715">#</a>
						
              <code id="715">misc.c:60:11: warning: incompatible implicit declaration of built-in function 'strlen' [enabled by default]</code><br />
						
            
            <a class="navhash" href="#716">#</a>
						
              <code id="716">  for (i = strlen(path) - 1; i >= 0; i--) {</code><br />
						
            
            <a class="navhash" href="#717">#</a>
						
              <code id="717">           ^</code><br />
						
            
            <a class="navhash" href="#718">#</a>
						
              <code id="718">misc.c: In function 'write_log':</code><br />
						
            
            <a class="navhash" href="#719">#</a>
						<span class="error">
              <code id="719">misc.c:75:2: error: unknown type name 'va_list'</code><br />
						</span>
            
            <a class="navhash" href="#720">#</a>
						
              <code id="720">  va_list ap;</code><br />
						
            
            <a class="navhash" href="#721">#</a>
						
              <code id="721">  ^</code><br />
						
            
            <a class="navhash" href="#722">#</a>
						<span class="error">
              <code id="722">misc.c:76:2: error: unknown type name 'FILE'</code><br />
						</span>
            
            <a class="navhash" href="#723">#</a>
						
              <code id="723">  FILE *fp;</code><br />
						
            
            <a class="navhash" href="#724">#</a>
						
              <code id="724">  ^</code><br />
						
            
            <a class="navhash" href="#725">#</a>
						
              <code id="725">misc.c:83:6: warning: incompatible implicit declaration of built-in function 'strlen' [enabled by default]</code><br />
						
            
            <a class="navhash" href="#726">#</a>
						
              <code id="726">  if (strlen(fmt) > 750)</code><br />
						
            
            <a class="navhash" href="#727">#</a>
						
              <code id="727">      ^</code><br />
						
            
            <a class="navhash" href="#728">#</a>
						
              <code id="728">misc.c:84:3: warning: incompatible implicit declaration of built-in function 'sprintf' [enabled by default]</code><br />
						
            
            <a class="navhash" href="#729">#</a>
						
              <code id="729">   sprintf(msgbuf, "%s %s", "<buffer overflow> ", fmt);</code><br />
						
            
            <a class="navhash" href="#730">#</a>
						
              <code id="730">   ^</code><br />
						
            
            <a class="navhash" href="#731">#</a>
						
              <code id="731">misc.c:90:10: warning: assignment makes pointer from integer without a cast [enabled by default]</code><br />
						
            
            <a class="navhash" href="#732">#</a>
						
              <code id="732">  if ((fp = fopen(log_file_name, "a")) == (FILE *)NULL)</code><br />
						
            
            <a class="navhash" href="#733">#</a>
						
              <code id="733">          ^</code><br />
						
            
            <a class="navhash" href="#734">#</a>
						
              <code id="734">misc.c:90:43: error: 'FILE' undeclared (first use in this function)</code><br />
						
            
            <a class="navhash" href="#735">#</a>
						
              <code id="735">  if ((fp = fopen(log_file_name, "a")) == (FILE *)NULL)</code><br />
						
            
            <a class="navhash" href="#736">#</a>
						
              <code id="736">                                           ^</code><br />
						
            
            <a class="navhash" href="#737">#</a>
						<span class="error">
              <code id="737">misc.c:90:49: error: expected expression before ')' token</code><br />
						</span>
            
            <a class="navhash" href="#738">#</a>
						
              <code id="738">  if ((fp = fopen(log_file_name, "a")) == (FILE *)NULL)</code><br />
						
            
            <a class="navhash" href="#739">#</a>
						
              <code id="739">                                                 ^</code><br />
						
            
            <a class="navhash" href="#740">#</a>
						
              <code id="740">misc.c:93:2: warning: incompatible implicit declaration of built-in function 'fprintf' [enabled by default]</code><br />
						
            
            <a class="navhash" href="#741">#</a>
						
              <code id="741">  fprintf(fp, "%s", msgbuf);</code><br />
						
            
            <a class="navhash" href="#742">#</a>
						
              <code id="742">  ^</code><br />
						
            
            <a class="navhash" href="#743">#</a>
						
              <code id="743">cc1: error: no include path in which to search for stdc-predef.h</code><br />
						
            
            <a class="navhash" href="#744">#</a>
						
              <code id="744">recurse.c:15:19: error: no include path in which to search for stdio.h</code><br />
						
            
            <a class="navhash" href="#745">#</a>
						
              <code id="745"> #include <stdio.h></code><br />
						
            
            <a class="navhash" href="#746">#</a>
						
              <code id="746">                   ^</code><br />
						
            
            <a class="navhash" href="#747">#</a>
						
              <code id="747">recurse.c:16:20: error: no include path in which to search for string.h</code><br />
						
            
            <a class="navhash" href="#748">#</a>
						
              <code id="748"> #include <string.h></code><br />
						
            
            <a class="navhash" href="#749">#</a>
						
              <code id="749">                    ^</code><br />
						
            
            <a class="navhash" href="#750">#</a>
						
              <code id="750">recurse.c:17:20: error: no include path in which to search for stdlib.h</code><br />
						
            
            <a class="navhash" href="#751">#</a>
						
              <code id="751"> #include <stdlib.h></code><br />
						
            
            <a class="navhash" href="#752">#</a>
						
              <code id="752">                    ^</code><br />
						
            
            <a class="navhash" href="#753">#</a>
						
              <code id="753">recurse.c:18:19: error: no include path in which to search for errno.h</code><br />
						
            
            <a class="navhash" href="#754">#</a>
						
              <code id="754"> #include <errno.h></code><br />
						
            
            <a class="navhash" href="#755">#</a>
						
              <code id="755">                   ^</code><br />
						
            
            <a class="navhash" href="#756">#</a>
						
              <code id="756">recurse.c:19:22: error: no include path in which to search for sys/stat.h</code><br />
						
            
            <a class="navhash" href="#757">#</a>
						
              <code id="757"> #include <sys/stat.h></code><br />
						
            
            <a class="navhash" href="#758">#</a>
						
              <code id="758">                      ^</code><br />
						
            
            <a class="navhash" href="#759">#</a>
						
              <code id="759">recurse.c:20:23: error: no include path in which to search for sys/types.h</code><br />
						
            
            <a class="navhash" href="#760">#</a>
						
              <code id="760"> #include <sys/types.h></code><br />
						
            
            <a class="navhash" href="#761">#</a>
						
              <code id="761">                       ^</code><br />
						
            
            <a class="navhash" href="#762">#</a>
						
              <code id="762">recurse.c:25:20: error: no include path in which to search for dirent.h</code><br />
						
            
            <a class="navhash" href="#763">#</a>
						
              <code id="763"> #include <dirent.h></code><br />
						
            
            <a class="navhash" href="#764">#</a>
						
              <code id="764">                    ^</code><br />
						
            
            <a class="navhash" href="#765">#</a>
						
              <code id="765">recurse.c:26:20: error: no include path in which to search for unistd.h</code><br />
						
            
            <a class="navhash" href="#766">#</a>
						
              <code id="766"> #include <unistd.h></code><br />
						
            
            <a class="navhash" href="#767">#</a>
						
              <code id="767">                    ^</code><br />
						
            
            <a class="navhash" href="#768">#</a>
						<span class="error">
              <code id="768">recurse.c:53:2: error: unknown type name 'DIR'</code><br />
						</span>
            
            <a class="navhash" href="#769">#</a>
						
              <code id="769">  DIR* dir;</code><br />
						
            
            <a class="navhash" href="#770">#</a>
						
              <code id="770">  ^</code><br />
						
            
            <a class="navhash" href="#771">#</a>
						
              <code id="771">recurse.c: In function 'is_dir':</code><br />
						
            
            <a class="navhash" href="#772">#</a>
						
              <code id="772">recurse.c:69:14: error: storage size of 'stat_buf' isn't known</code><br />
						
            
            <a class="navhash" href="#773">#</a>
						
              <code id="773">  struct stat stat_buf;</code><br />
						
            
            <a class="navhash" href="#774">#</a>
						
              <code id="774">              ^</code><br />
						
            
            <a class="navhash" href="#775">#</a>
						
              <code id="775">recurse.c:76:29: error: 'S_IFDIR' undeclared (first use in this function)</code><br />
						
            
            <a class="navhash" href="#776">#</a>
						
              <code id="776">  return (stat_buf.st_mode & S_IFDIR) ? 1 : 0;</code><br />
						
            
            <a class="navhash" href="#777">#</a>
						
              <code id="777">                             ^</code><br />
						
            
            <a class="navhash" href="#778">#</a>
						
              <code id="778">recurse.c:76:29: note: each undeclared identifier is reported only once for each function it appears in</code><br />
						
            
            <a class="navhash" href="#779">#</a>
						
              <code id="779">recurse.c: In function 'match':</code><br />
						
            
            <a class="navhash" href="#780">#</a>
						
              <code id="780">recurse.c:152:29: error: 'NULL' undeclared (first use in this function)</code><br />
						
            
            <a class="navhash" href="#781">#</a>
						
              <code id="781">  const char* last_pattern = NULL;</code><br />
						
            
            <a class="navhash" href="#782">#</a>
						
              <code id="782">                             ^</code><br />
						
            
            <a class="navhash" href="#783">#</a>
						
              <code id="783">recurse.c: In function 'open_dir':</code><br />
						
            
            <a class="navhash" href="#784">#</a>
						
              <code id="784">recurse.c:329:25: warning: incompatible implicit declaration of built-in function 'calloc' [enabled by default]</code><br />
						
            
            <a class="navhash" href="#785">#</a>
						
              <code id="785">  result = (DIRECTORY *) calloc(1, sizeof(DIRECTORY));</code><br />
						
            
            <a class="navhash" href="#786">#</a>
						
              <code id="786">                         ^</code><br />
						
            
            <a class="navhash" href="#787">#</a>
						
              <code id="787">recurse.c:331:16: error: 'NULL' undeclared (first use in this function)</code><br />
						
            
            <a class="navhash" href="#788">#</a>
						
              <code id="788">  if (result != NULL) {</code><br />
						
            
            <a class="navhash" href="#789">#</a>
						
              <code id="789">                ^</code><br />
						
            
            <a class="navhash" href="#790">#</a>
						
              <code id="790">recurse.c:333:15: warning: assignment makes pointer from integer without a cast [enabled by default]</code><br />
						
            
            <a class="navhash" href="#791">#</a>
						
              <code id="791">   result->dir = opendir(".");</code><br />
						
            
            <a class="navhash" href="#792">#</a>
						
              <code id="792">               ^</code><br />
						
            
            <a class="navhash" href="#793">#</a>
						
              <code id="793">recurse.c:336:18: warning: assignment makes pointer from integer without a cast [enabled by default]</code><br />
						
            
            <a class="navhash" href="#794">#</a>
						
              <code id="794">    result->entry = readdir(result->dir);</code><br />
						
            
            <a class="navhash" href="#795">#</a>
						
              <code id="795">                  ^</code><br />
						
            
            <a class="navhash" href="#796">#</a>
						
              <code id="796">recurse.c:339:33: error: dereferencing pointer to incomplete type</code><br />
						
            
            <a class="navhash" href="#797">#</a>
						
              <code id="797">     result->name = result->entry->d_name;</code><br />
						
            
            <a class="navhash" href="#798">#</a>
						
              <code id="798">                                 ^</code><br />
						
            
            <a class="navhash" href="#799">#</a>
						
              <code id="799">recurse.c:346:3: warning: incompatible implicit declaration of built-in function 'free' [enabled by default]</code><br />
						
            
            <a class="navhash" href="#800">#</a>
						
              <code id="800">   free(result);</code><br />
						
            
            <a class="navhash" href="#801">#</a>
						
              <code id="801">   ^</code><br />
						
            
            <a class="navhash" href="#802">#</a>
						
              <code id="802">recurse.c:351:2: warning: incompatible implicit declaration of built-in function 'fprintf' [enabled by default]</code><br />
						
            
            <a class="navhash" href="#803">#</a>
						
              <code id="803">  fprintf(stderr, _("Out of memory\n"));</code><br />
						
            
            <a class="navhash" href="#804">#</a>
						
              <code id="804">  ^</code><br />
						
            
            <a class="navhash" href="#805">#</a>
						
              <code id="805">recurse.c:351:10: error: 'stderr' undeclared (first use in this function)</code><br />
						
            
            <a class="navhash" href="#806">#</a>
						
              <code id="806">  fprintf(stderr, _("Out of memory\n"));</code><br />
						
            
            <a class="navhash" href="#807">#</a>
						
              <code id="807">          ^</code><br />
						
            
            <a class="navhash" href="#808">#</a>
						
              <code id="808">recurse.c: In function 'read_dir':</code><br />
						
            
            <a class="navhash" href="#809">#</a>
						
              <code id="809">recurse.c:366:19: warning: assignment makes pointer from integer without a cast [enabled by default]</code><br />
						
            
            <a class="navhash" href="#810">#</a>
						
              <code id="810">  directory->entry = readdir(directory->dir);</code><br />
						
            
            <a class="navhash" href="#811">#</a>
						
              <code id="811">                   ^</code><br />
						
            
            <a class="navhash" href="#812">#</a>
						
              <code id="812">recurse.c:368:26: error: 'NULL' undeclared (first use in this function)</code><br />
						
            
            <a class="navhash" href="#813">#</a>
						
              <code id="813">  if (directory->entry != NULL) {</code><br />
						
            
            <a class="navhash" href="#814">#</a>
						
              <code id="814">                          ^</code><br />
						
            
            <a class="navhash" href="#815">#</a>
						
              <code id="815">recurse.c:369:37: error: dereferencing pointer to incomplete type</code><br />
						
            
            <a class="navhash" href="#816">#</a>
						
              <code id="816">   directory->name = directory->entry->d_name;</code><br />
						
            
            <a class="navhash" href="#817">#</a>
						
              <code id="817">                                     ^</code><br />
						
            
            <a class="navhash" href="#818">#</a>
						
              <code id="818">recurse.c:374:27: error: 'errno' undeclared (first use in this function)</code><br />
						
            
            <a class="navhash" href="#819">#</a>
						
              <code id="819">  directory->read_error = (errno != 0);</code><br />
						
            
            <a class="navhash" href="#820">#</a>
						
              <code id="820">                           ^</code><br />
						
            
            <a class="navhash" href="#821">#</a>
						
              <code id="821">recurse.c: In function 'close_dir':</code><br />
						
            
            <a class="navhash" href="#822">#</a>
						
              <code id="822">recurse.c:397:19: error: 'NULL' undeclared (first use in this function)</code><br />
						
            
            <a class="navhash" href="#823">#</a>
						
              <code id="823">  if (directory != NULL) {</code><br />
						
            
            <a class="navhash" href="#824">#</a>
						
              <code id="824">                   ^</code><br />
						
            
            <a class="navhash" href="#825">#</a>
						
              <code id="825">recurse.c:403:3: warning: incompatible implicit declaration of built-in function 'free' [enabled by default]</code><br />
						
            
            <a class="navhash" href="#826">#</a>
						
              <code id="826">   free(directory);</code><br />
						
            
            <a class="navhash" href="#827">#</a>
						
              <code id="827">   ^</code><br />
						
            
            <a class="navhash" href="#828">#</a>
						
              <code id="828">recurse.c: In function 'process_directory':</code><br />
						
            
            <a class="navhash" href="#829">#</a>
						
              <code id="829">recurse.c:433:20: error: 'NULL' undeclared (first use in this function)</code><br />
						
            
            <a class="navhash" href="#830">#</a>
						
              <code id="830">  old_path = getcwd(NULL, 1024);</code><br />
						
            
            <a class="navhash" href="#831">#</a>
						
              <code id="831">                    ^</code><br />
						
            
            <a class="navhash" href="#832">#</a>
						
              <code id="832">recurse.c:440:14: warning: incompatible implicit declaration of built-in function 'malloc' [enabled by default]</code><br />
						
            
            <a class="navhash" href="#833">#</a>
						
              <code id="833">  full_path = malloc(strlen(current) + strlen(path) + 2);</code><br />
						
            
            <a class="navhash" href="#834">#</a>
						
              <code id="834">              ^</code><br />
						
            
            <a class="navhash" href="#835">#</a>
						
              <code id="835">recurse.c:440:21: warning: incompatible implicit declaration of built-in function 'strlen' [enabled by default]</code><br />
						
            
            <a class="navhash" href="#836">#</a>
						
              <code id="836">  full_path = malloc(strlen(current) + strlen(path) + 2);</code><br />
						
            
            <a class="navhash" href="#837">#</a>
						
              <code id="837">                     ^</code><br />
						
            
            <a class="navhash" href="#838">#</a>
						
              <code id="838">recurse.c:443:3: warning: incompatible implicit declaration of built-in function 'free' [enabled by default]</code><br />
						
            
            <a class="navhash" href="#839">#</a>
						
              <code id="839">   free(old_path);</code><br />
						
            
            <a class="navhash" href="#840">#</a>
						
              <code id="840">   ^</code><br />
						
            
            <a class="navhash" href="#841">#</a>
						
              <code id="841">recurse.c:444:3: warning: incompatible implicit declaration of built-in function 'fprintf' [enabled by default]</code><br />
						
            
            <a class="navhash" href="#842">#</a>
						
              <code id="842">   fprintf(stderr, _("Out of memory"));</code><br />
						
            
            <a class="navhash" href="#843">#</a>
						
              <code id="843">   ^</code><br />
						
            
            <a class="navhash" href="#844">#</a>
						
              <code id="844">recurse.c:444:11: error: 'stderr' undeclared (first use in this function)</code><br />
						
            
            <a class="navhash" href="#845">#</a>
						
              <code id="845">   fprintf(stderr, _("Out of memory"));</code><br />
						
            
            <a class="navhash" href="#846">#</a>
						
              <code id="846">           ^</code><br />
						
            
            <a class="navhash" href="#847">#</a>
						
              <code id="847">recurse.c:448:2: warning: incompatible implicit declaration of built-in function 'strcpy' [enabled by default]</code><br />
						
            
            <a class="navhash" href="#848">#</a>
						
              <code id="848">  strcpy(full_path, current);</code><br />
						
            
            <a class="navhash" href="#849">#</a>
						
              <code id="849">  ^</code><br />
						
            
            <a class="navhash" href="#850">#</a>
						
              <code id="850">recurse.c:451:3: warning: incompatible implicit declaration of built-in function 'strcat' [enabled by default]</code><br />
						
            
            <a class="navhash" href="#851">#</a>
						
              <code id="851">   strcat(full_path, PATH_SEPARATOR);</code><br />
						
            
            <a class="navhash" href="#852">#</a>
						
              <code id="852">   ^</code><br />
						
            
            <a class="navhash" href="#853">#</a>
						
              <code id="853">recurse.c:494:4: warning: incompatible implicit declaration of built-in function 'fprintf' [enabled by default]</code><br />
						
            
            <a class="navhash" href="#854">#</a>
						
              <code id="854">    fprintf(stderr, _("\nProcessing directory '%s':\n"), full_path);</code><br />
						
            
            <a class="navhash" href="#855">#</a>
						
              <code id="855">    ^</code><br />
						
            
            <a class="navhash" href="#856">#</a>
						
              <code id="856">recurse.c:509:2: warning: incompatible implicit declaration of built-in function 'free' [enabled by default]</code><br />
						
            
            <a class="navhash" href="#857">#</a>
						
              <code id="857">  free(old_path);</code><br />
						
            
            <a class="navhash" href="#858">#</a>
						
              <code id="858">  ^</code><br />
						
            
            <a class="navhash" href="#859">#</a>
						
              <code id="859">recurse.c: In function 'process_argument':</code><br />
						
            
            <a class="navhash" href="#860">#</a>
						
              <code id="860">recurse.c:528:17: warning: incompatible implicit declaration of built-in function 'strdup' [enabled by default]</code><br />
						
            
            <a class="navhash" href="#861">#</a>
						
              <code id="861">  char* buffer = strdup(path);</code><br />
						
            
            <a class="navhash" href="#862">#</a>
						
              <code id="862">                 ^</code><br />
						
            
            <a class="navhash" href="#863">#</a>
						
              <code id="863">recurse.c:534:16: error: 'NULL' undeclared (first use in this function)</code><br />
						
            
            <a class="navhash" href="#864">#</a>
						
              <code id="864">  if (buffer == NULL) {</code><br />
						
            
            <a class="navhash" href="#865">#</a>
						
              <code id="865">                ^</code><br />
						
            
            <a class="navhash" href="#866">#</a>
						
              <code id="866">recurse.c:535:3: warning: incompatible implicit declaration of built-in function 'fprintf' [enabled by default]</code><br />
						
            
            <a class="navhash" href="#867">#</a>
						
              <code id="867">   fprintf(stderr, _("Out of memory\n"));</code><br />
						
            
            <a class="navhash" href="#868">#</a>
						
              <code id="868">   ^</code><br />
						
            
            <a class="navhash" href="#869">#</a>
						
              <code id="869">recurse.c:535:11: error: 'stderr' undeclared (first use in this function)</code><br />
						
            
            <a class="navhash" href="#870">#</a>
						
              <code id="870">   fprintf(stderr, _("Out of memory\n"));</code><br />
						
            
            <a class="navhash" href="#871">#</a>
						
              <code id="871">           ^</code><br />
						
            
            <a class="navhash" href="#872">#</a>
						
              <code id="872">recurse.c:556:16: warning: incompatible implicit declaration of built-in function 'strlen' [enabled by default]</code><br />
						
            
            <a class="navhash" href="#873">#</a>
						
              <code id="873">  my_path_len = strlen(my_path);</code><br />
						
            
            <a class="navhash" href="#874">#</a>
						
              <code id="874">                ^</code><br />
						
            
            <a class="navhash" href="#875">#</a>
						
              <code id="875">recurse.c:581:4: warning: incompatible implicit declaration of built-in function 'fprintf' [enabled by default]</code><br />
						
            
            <a class="navhash" href="#876">#</a>
						
              <code id="876">    fprintf(stderr, _("'%s' is a file, not a folder\n"), my_path);</code><br />
						
            
            <a class="navhash" href="#877">#</a>
						
              <code id="877">    ^</code><br />
						
            
            <a class="navhash" href="#878">#</a>
						
              <code id="878">recurse.c:588:2: warning: incompatible implicit declaration of built-in function 'free' [enabled by default]</code><br />
						
            
            <a class="navhash" href="#879">#</a>
						
              <code id="879">  free(buffer);</code><br />
						
            
            <a class="navhash" href="#880">#</a>
						
              <code id="880">  ^</code><br />
						
            
            <a class="navhash" href="#881">#</a>
						
              <code id="881">cc1: error: no include path in which to search for stdc-predef.h</code><br />
						
            
            <a class="navhash" href="#882">#</a>
						
              <code id="882">wavegain.c:19:19: error: no include path in which to search for stdio.h</code><br />
						
            
            <a class="navhash" href="#883">#</a>
						
              <code id="883"> #include <stdio.h></code><br />
						
            
            <a class="navhash" href="#884">#</a>
						
              <code id="884">                   ^</code><br />
						
            
            <a class="navhash" href="#885">#</a>
						
              <code id="885">wavegain.c:20:20: error: no include path in which to search for stdlib.h</code><br />
						
            
            <a class="navhash" href="#886">#</a>
						
              <code id="886"> #include <stdlib.h></code><br />
						
            
            <a class="navhash" href="#887">#</a>
						
              <code id="887">                    ^</code><br />
						
            
            <a class="navhash" href="#888">#</a>
						
              <code id="888">wavegain.c:21:18: error: no include path in which to search for math.h</code><br />
						
            
            <a class="navhash" href="#889">#</a>
						
              <code id="889"> #include <math.h></code><br />
						
            
            <a class="navhash" href="#890">#</a>
						
              <code id="890">                  ^</code><br />
						
            
            <a class="navhash" href="#891">#</a>
						
              <code id="891">wavegain.c:22:20: error: no include path in which to search for string.h</code><br />
						
            
            <a class="navhash" href="#892">#</a>
						
              <code id="892"> #include <string.h></code><br />
						
            
            <a class="navhash" href="#893">#</a>
						
              <code id="893">                    ^</code><br />
						
            
            <a class="navhash" href="#894">#</a>
						
              <code id="894">wavegain.c:23:18: error: no include path in which to search for time.h</code><br />
						
            
            <a class="navhash" href="#895">#</a>
						
              <code id="895"> #include <time.h></code><br />
						
            
            <a class="navhash" href="#896">#</a>
						
              <code id="896">                  ^</code><br />
						
            
            <a class="navhash" href="#897">#</a>
						
              <code id="897">wavegain.c:24:19: error: no include path in which to search for ctype.h</code><br />
						
            
            <a class="navhash" href="#898">#</a>
						
              <code id="898"> #include <ctype.h></code><br />
						
            
            <a class="navhash" href="#899">#</a>
						
              <code id="899">                   ^</code><br />
						
            
            <a class="navhash" href="#900">#</a>
						
              <code id="900">wavegain.c:31:22: error: no include path in which to search for sys/io.h</code><br />
						
            
            <a class="navhash" href="#901">#</a>
						
              <code id="901"> #  include <sys/io.h></code><br />
						
            
            <a class="navhash" href="#902">#</a>
						
              <code id="902">                      ^</code><br />
						
            
            <a class="navhash" href="#903">#</a>
						
              <code id="903">wavegain.c:35:19: error: no include path in which to search for fcntl.h</code><br />
						
            
            <a class="navhash" href="#904">#</a>
						
              <code id="904"> #include <fcntl.h></code><br />
						
            
            <a class="navhash" href="#905">#</a>
						
              <code id="905">                   ^</code><br />
						
            
            <a class="navhash" href="#906">#</a>
						
              <code id="906">wavegain.c:38:20: error: no include path in which to search for malloc.h</code><br />
						
            
            <a class="navhash" href="#907">#</a>
						
              <code id="907"> #include <malloc.h></code><br />
						
            
            <a class="navhash" href="#908">#</a>
						
              <code id="908">                    ^</code><br />
						
            
            <a class="navhash" href="#909">#</a>
						
              <code id="909">In file included from wavegain.c:41:0:</code><br />
						
            
            <a class="navhash" href="#910">#</a>
						
              <code id="910">gain_analysis.h:31:20: error: no include path in which to search for stddef.h</code><br />
						
            
            <a class="navhash" href="#911">#</a>
						
              <code id="911"> #include <stddef.h></code><br />
						
            
            <a class="navhash" href="#912">#</a>
						
              <code id="912">                    ^</code><br />
						
            
            <a class="navhash" href="#913">#</a>
						<span class="error">
              <code id="913">gain_analysis.h:47:87: error: unknown type name 'size_t'</code><br />
						</span>
            
            <a class="navhash" href="#914">#</a>
						
              <code id="914"> int     AnalyzeSamples   ( const Float_t* left_samples, const Float_t* right_samples, size_t num_samples, int num_channels );</code><br />
						
            
            <a class="navhash" href="#915">#</a>
						
              <code id="915">                                                                                       ^</code><br />
						
            
            <a class="navhash" href="#916">#</a>
						
              <code id="916">In file included from wavegain.c:45:0:</code><br />
						
            
            <a class="navhash" href="#917">#</a>
						
              <code id="917">audio.h:32:19: error: no include path in which to search for stdio.h</code><br />
						
            
            <a class="navhash" href="#918">#</a>
						
              <code id="918"> #include <stdio.h></code><br />
						
            
            <a class="navhash" href="#919">#</a>
						
              <code id="919">                   ^</code><br />
						
            
            <a class="navhash" href="#920">#</a>
						<span class="error">
              <code id="920">audio.h:81:2: error: unknown type name 'FILE'</code><br />
						</span>
            
            <a class="navhash" href="#921">#</a>
						
              <code id="921">  FILE *out;</code><br />
						
            
            <a class="navhash" href="#922">#</a>
						
              <code id="922">  ^</code><br />
						
            
            <a class="navhash" href="#923">#</a>
						<span class="error">
              <code id="923">audio.h:89:20: error: unknown type name 'FILE'</code><br />
						</span>
            
            <a class="navhash" href="#924">#</a>
						
              <code id="924">  int  (*open_func)(FILE *in, wavegain_opt *opt, unsigned char *buf, int buflen);</code><br />
						
            
            <a class="navhash" href="#925">#</a>
						
              <code id="925">                    ^</code><br />
						
            
            <a class="navhash" href="#926">#</a>
						<span class="error">
              <code id="926">audio.h:111:2: error: unknown type name 'FILE'</code><br />
						</span>
            
            <a class="navhash" href="#927">#</a>
						
              <code id="927">  FILE  *f;</code><br />
						
            
            <a class="navhash" href="#928">#</a>
						
              <code id="928">  ^</code><br />
						
            
            <a class="navhash" href="#929">#</a>
						<span class="error">
              <code id="929">audio.h:126:31: error: unknown type name 'FILE'</code><br />
						</span>
            
            <a class="navhash" href="#930">#</a>
						
              <code id="930"> input_format *open_audio_file(FILE *in, wavegain_opt *opt);</code><br />
						
            
            <a class="navhash" href="#931">#</a>
						
              <code id="931">                               ^</code><br />
						
            
            <a class="navhash" href="#932">#</a>
						<span class="error">
              <code id="932">audio.h:128:14: error: unknown type name 'FILE'</code><br />
						</span>
            
            <a class="navhash" href="#933">#</a>
						
              <code id="933"> int raw_open(FILE *in, wavegain_opt *opt);</code><br />
						
            
            <a class="navhash" href="#934">#</a>
						
              <code id="934">              ^</code><br />
						
            
            <a class="navhash" href="#935">#</a>
						<span class="error">
              <code id="935">audio.h:129:14: error: unknown type name 'FILE'</code><br />
						</span>
            
            <a class="navhash" href="#936">#</a>
						
              <code id="936"> int wav_open(FILE *in, wavegain_opt *opt, unsigned char *buf, int buflen);</code><br />
						
            
            <a class="navhash" href="#937">#</a>
						
              <code id="937">              ^</code><br />
						
            
            <a class="navhash" href="#938">#</a>
						<span class="error">
              <code id="938">audio.h:130:15: error: unknown type name 'FILE'</code><br />
						</span>
            
            <a class="navhash" href="#939">#</a>
						
              <code id="939"> int aiff_open(FILE *in, wavegain_opt *opt, unsigned char *buf, int buflen);</code><br />
						
            
            <a class="navhash" href="#940">#</a>
						
              <code id="940">               ^</code><br />
						
            
            <a class="navhash" href="#941">#</a>
						<span class="error">
              <code id="941">audio.h:154:2: error: unknown type name 'FILE'</code><br />
						</span>
            
            <a class="navhash" href="#942">#</a>
						
              <code id="942">  FILE          *sndfile;</code><br />
						
            
            <a class="navhash" href="#943">#</a>
						
              <code id="943">  ^</code><br />
						
            
            <a class="navhash" href="#944">#</a>
						<span class="error">
              <code id="944">audio.h:165:23: error: unknown type name 'FILE'</code><br />
						</span>
            
            <a class="navhash" href="#945">#</a>
						
              <code id="945"> void close_audio_file(FILE *in, audio_file *aufile, wavegain_opt *opt);</code><br />
						
            
            <a class="navhash" href="#946">#</a>
						
              <code id="946">                       ^</code><br />
						
            
            <a class="navhash" href="#947">#</a>
						
              <code id="947">wavegain.c: In function 'get_gain':</code><br />
						
            
            <a class="navhash" href="#948">#</a>
						
              <code id="948">wavegain.c:133:26: warning: incompatible implicit declaration of built-in function 'malloc' [enabled by default]</code><br />
						
            
            <a class="navhash" href="#949">#</a>
						
              <code id="949">  wavegain_opt *wg_opts = malloc(sizeof(wavegain_opt));</code><br />
						
            
            <a class="navhash" href="#950">#</a>
						
              <code id="950">                          ^</code><br />
						
            
            <a class="navhash" href="#951">#</a>
						<span class="error">
              <code id="951">wavegain.c:134:2: error: unknown type name 'FILE'</code><br />
						</span>
            
            <a class="navhash" href="#952">#</a>
						
              <code id="952">  FILE         *infile;</code><br />
						
            
            <a class="navhash" href="#953">#</a>
						
              <code id="953">  ^</code><br />
						
            
            <a class="navhash" href="#954">#</a>
						
              <code id="954">wavegain.c:145:2: warning: incompatible implicit declaration of built-in function 'memset' [enabled by default]</code><br />
						
            
            <a class="navhash" href="#955">#</a>
						
              <code id="955">  memset(wg_opts, 0, sizeof(wavegain_opt));</code><br />
						
            
            <a class="navhash" href="#956">#</a>
						
              <code id="956">  ^</code><br />
						
            
            <a class="navhash" href="#957">#</a>
						
              <code id="957">wavegain.c:150:12: error: 'stdin' undeclared (first use in this function)</code><br />
						
            
            <a class="navhash" href="#958">#</a>
						
              <code id="958">   infile = stdin;</code><br />
						
            
            <a class="navhash" href="#959">#</a>
						
              <code id="959">            ^</code><br />
						
            
            <a class="navhash" href="#960">#</a>
						
              <code id="960">wavegain.c:150:12: note: each undeclared identifier is reported only once for each function it appears in</code><br />
						
            
            <a class="navhash" href="#961">#</a>
						
              <code id="961">wavegain.c:158:10: warning: assignment makes pointer from integer without a cast [enabled by default]</code><br />
						
            
            <a class="navhash" href="#962">#</a>
						
              <code id="962">   infile = fopen(filename, "rb");</code><br />
						
            
            <a class="navhash" href="#963">#</a>
						
              <code id="963">          ^</code><br />
						
            
            <a class="navhash" href="#964">#</a>
						
              <code id="964">wavegain.c:160:16: error: 'NULL' undeclared (first use in this function)</code><br />
						
            
            <a class="navhash" href="#965">#</a>
						
              <code id="965">  if (infile == NULL) {</code><br />
						
            
            <a class="navhash" href="#966">#</a>
						
              <code id="966">                ^</code><br />
						
            
            <a class="navhash" href="#967">#</a>
						
              <code id="967">wavegain.c:161:3: warning: incompatible implicit declaration of built-in function 'fprintf' [enabled by default]</code><br />
						
            
            <a class="navhash" href="#968">#</a>
						
              <code id="968">   fprintf (stderr, " Not able to open input file %s.\n", filename) ;</code><br />
						
            
            <a class="navhash" href="#969">#</a>
						
              <code id="969">   ^</code><br />
						
            
            <a class="navhash" href="#970">#</a>
						
              <code id="970">wavegain.c:161:12: error: 'stderr' undeclared (first use in this function)</code><br />
						
            
            <a class="navhash" href="#971">#</a>
						
              <code id="971">   fprintf (stderr, " Not able to open input file %s.\n", filename) ;</code><br />
						
            
            <a class="navhash" href="#972">#</a>
						
              <code id="972">            ^</code><br />
						
            
            <a class="navhash" href="#973">#</a>
						
              <code id="973">wavegain.c:170:9: warning: assignment makes pointer from integer without a cast [enabled by default]</code><br />
						
            
            <a class="navhash" href="#974">#</a>
						
              <code id="974">  format = open_audio_file(infile, wg_opts);</code><br />
						
            
            <a class="navhash" href="#975">#</a>
						
              <code id="975">         ^</code><br />
						
            
            <a class="navhash" href="#976">#</a>
						
              <code id="976">wavegain.c:173:3: warning: incompatible implicit declaration of built-in function 'fprintf' [enabled by default]</code><br />
						
            
            <a class="navhash" href="#977">#</a>
						
              <code id="977">   fprintf (stderr, " Unrecognized file format for %s.\n", filename);</code><br />
						
            
            <a class="navhash" href="#978">#</a>
						
              <code id="978">   ^</code><br />
						
            
            <a class="navhash" href="#979">#</a>
						
              <code id="979">wavegain.c:178:3: warning: incompatible implicit declaration of built-in function 'fprintf' [enabled by default]</code><br />
						
            
            <a class="navhash" href="#980">#</a>
						
              <code id="980">   fprintf (stderr, " Skipping File %s, it has already been processed.\n", filename);</code><br />
						
            
            <a class="navhash" href="#981">#</a>
						
              <code id="981">   ^</code><br />
						
            
            <a class="navhash" href="#982">#</a>
						
              <code id="982">wavegain.c:184:3: warning: incompatible implicit declaration of built-in function 'fprintf' [enabled by default]</code><br />
						
            
            <a class="navhash" href="#983">#</a>
						
              <code id="983">   fprintf(stderr, " Unsupported number of channels.\n");</code><br />
						
            
            <a class="navhash" href="#984">#</a>
						
              <code id="984">   ^</code><br />
						
            
            <a class="navhash" href="#985">#</a>
						
              <code id="985">wavegain.c:191:4: warning: incompatible implicit declaration of built-in function 'fprintf' [enabled by default]</code><br />
						
            
            <a class="navhash" href="#986">#</a>
						
              <code id="986">    fprintf(stderr, " Error Initializing Gain Analysis (non-standard samplerate?)\n");</code><br />
						
            
            <a class="navhash" href="#987">#</a>
						
              <code id="987">    ^</code><br />
						
            
            <a class="navhash" href="#988">#</a>
						
              <code id="988">wavegain.c:198:3: warning: incompatible implicit declaration of built-in function 'fprintf' [enabled by default]</code><br />
						
            
            <a class="navhash" href="#989">#</a>
						
              <code id="989">   fprintf(stderr, "\n Analyzing...\n\n");</code><br />
						
            
            <a class="navhash" href="#990">#</a>
						
              <code id="990">   ^</code><br />
						
            
            <a class="navhash" href="#991">#</a>
						
              <code id="991">wavegain.c:251:7: warning: incompatible implicit declaration of built-in function 'fprintf' [enabled by default]</code><br />
						
            
            <a class="navhash" href="#992">#</a>
						
              <code id="992">       fprintf(stderr, " Error processing samples.\n");</code><br />
						
            
            <a class="navhash" href="#993">#</a>
						
              <code id="993">       ^</code><br />
						
            
            <a class="navhash" href="#994">#</a>
						
              <code id="994">wavegain.c:253:23: warning: incompatible implicit declaration of built-in function 'free' [enabled by default]</code><br />
						
            
            <a class="navhash" href="#995">#</a>
						
              <code id="995">        if (buffer[i]) free(buffer[i]);</code><br />
						
            
            <a class="navhash" href="#996">#</a>
						
              <code id="996">                       ^</code><br />
						
            
            <a class="navhash" href="#997">#</a>
						
              <code id="997">wavegain.c:261:19: warning: incompatible implicit declaration of built-in function 'free' [enabled by default]</code><br />
						
            
            <a class="navhash" href="#998">#</a>
						
              <code id="998">    if (buffer[i]) free(buffer[i]);</code><br />
						
            
            <a class="navhash" href="#999">#</a>
						
              <code id="999">                   ^</code><br />
						
            
            <a class="navhash" href="#1000">#</a>
						
              <code id="1000">wavegain.c:300:7: warning: incompatible implicit declaration of built-in function 'fprintf' [enabled by default]</code><br />
						
            
            <a class="navhash" href="#1001">#</a>
						
              <code id="1001">       fprintf(stderr, " Error processing samples.\n");</code><br />
						
            
            <a class="navhash" href="#1002">#</a>
						
              <code id="1002">       ^</code><br />
						
            
            <a class="navhash" href="#1003">#</a>
						
              <code id="1003">wavegain.c:302:23: warning: incompatible implicit declaration of built-in function 'free' [enabled by default]</code><br />
						
            
            <a class="navhash" href="#1004">#</a>
						
              <code id="1004">        if (buffer[i]) free(buffer[i]);</code><br />
						
            
            <a class="navhash" href="#1005">#</a>
						
              <code id="1005">                       ^</code><br />
						
            
            <a class="navhash" href="#1006">#</a>
						
              <code id="1006">wavegain.c:311:19: warning: incompatible implicit declaration of built-in function 'free' [enabled by default]</code><br />
						
            
            <a class="navhash" href="#1007">#</a>
						
              <code id="1007">    if (buffer[i]) free(buffer[i]);</code><br />
						
            
            <a class="navhash" href="#1008">#</a>
						
              <code id="1008">                   ^</code><br />
						
            
            <a class="navhash" href="#1009">#</a>
						
              <code id="1009">wavegain.c:314:15: warning: incompatible implicit declaration of built-in function 'free' [enabled by default]</code><br />
						
            
            <a class="navhash" href="#1010">#</a>
						
              <code id="1010">   if (buffer) free(buffer);</code><br />
						
            
            <a class="navhash" href="#1011">#</a>
						
              <code id="1011">               ^</code><br />
						
            
            <a class="navhash" href="#1012">#</a>
						
              <code id="1012">wavegain.c:320:11: warning: incompatible implicit declaration of built-in function 'pow' [enabled by default]</code><br />
						
            
            <a class="navhash" href="#1013">#</a>
						
              <code id="1013">  scale = (pow(10., *track_gain * 0.05));</code><br />
						
            
            <a class="navhash" href="#1014">#</a>
						
              <code id="1014">           ^</code><br />
						
            
            <a class="navhash" href="#1015">#</a>
						
              <code id="1015">wavegain.c:331:20: warning: incompatible implicit declaration of built-in function 'log10' [enabled by default]</code><br />
						
            
            <a class="navhash" href="#1016">#</a>
						
              <code id="1016">         dB = 20. * log10(scale);</code><br />
						
            
            <a class="navhash" href="#1017">#</a>
						
              <code id="1017">                    ^</code><br />
						
            
            <a class="navhash" href="#1018">#</a>
						
              <code id="1018">wavegain.c:344:3: warning: incompatible implicit declaration of built-in function 'fprintf' [enabled by default]</code><br />
						
            
            <a class="navhash" href="#1019">#</a>
						
              <code id="1019">   fprintf(stderr, " %+6.2lf dB | %6.0lf | %5.2lf | %8.0lf | %4d  |  %4d  | %s\n",</code><br />
						
            
            <a class="navhash" href="#1020">#</a>
						
              <code id="1020">   ^</code><br />
						
            
            <a class="navhash" href="#1021">#</a>
						
              <code id="1021">wavegain.c:352:3: warning: incompatible implicit declaration of built-in function 'fprintf' [enabled by default]</code><br />
						
            
            <a class="navhash" href="#1022">#</a>
						
              <code id="1022">   fprintf(stdout, "%8.6lf", scale);</code><br />
						
            
            <a class="navhash" href="#1023">#</a>
						
              <code id="1023">   ^</code><br />
						
            
            <a class="navhash" href="#1024">#</a>
						
              <code id="1024">wavegain.c:352:11: error: 'stdout' undeclared (first use in this function)</code><br />
						
            
            <a class="navhash" href="#1025">#</a>
						
              <code id="1025">   fprintf(stdout, "%8.6lf", scale);</code><br />
						
            
            <a class="navhash" href="#1026">#</a>
						
              <code id="1026">           ^</code><br />
						
            
            <a class="navhash" href="#1027">#</a>
						
              <code id="1027">wavegain.c:362:3: warning: incompatible implicit declaration of built-in function 'free' [enabled by default]</code><br />
						
            
            <a class="navhash" href="#1028">#</a>
						
              <code id="1028">   free(wg_opts);</code><br />
						
            
            <a class="navhash" href="#1029">#</a>
						
              <code id="1029">   ^</code><br />
						
            
            <a class="navhash" href="#1030">#</a>
						
              <code id="1030">wavegain.c: In function 'write_gains':</code><br />
						
            
            <a class="navhash" href="#1031">#</a>
						
              <code id="1031">wavegain.c:376:26: warning: incompatible implicit declaration of built-in function 'malloc' [enabled by default]</code><br />
						
            
            <a class="navhash" href="#1032">#</a>
						
              <code id="1032">  wavegain_opt *wg_opts = malloc(sizeof(wavegain_opt));</code><br />
						
            
            <a class="navhash" href="#1033">#</a>
						
              <code id="1033">                          ^</code><br />
						
            
            <a class="navhash" href="#1034">#</a>
						<span class="error">
              <code id="1034">wavegain.c:377:2: error: unknown type name 'FILE'</code><br />
						</span>
            
            <a class="navhash" href="#1035">#</a>
						
              <code id="1035">  FILE         *infile;</code><br />
						
            
            <a class="navhash" href="#1036">#</a>
						
              <code id="1036">  ^</code><br />
						
            
            <a class="navhash" href="#1037">#</a>
						
              <code id="1037">wavegain.c:394:2: warning: incompatible implicit declaration of built-in function 'memset' [enabled by default]</code><br />
						
            
            <a class="navhash" href="#1038">#</a>
						
              <code id="1038">  memset(wg_opts, 0, sizeof(wavegain_opt));</code><br />
						
            
            <a class="navhash" href="#1039">#</a>
						
              <code id="1039">  ^</code><br />
						
            
            <a class="navhash" href="#1040">#</a>
						
              <code id="1040">wavegain.c:399:9: warning: assignment makes pointer from integer without a cast [enabled by default]</code><br />
						
            
            <a class="navhash" href="#1041">#</a>
						
              <code id="1041">  infile = fopen(filename, "rb");</code><br />
						
            
            <a class="navhash" href="#1042">#</a>
						
              <code id="1042">         ^</code><br />
						
            
            <a class="navhash" href="#1043">#</a>
						
              <code id="1043">wavegain.c:401:16: error: 'NULL' undeclared (first use in this function)</code><br />
						
            
            <a class="navhash" href="#1044">#</a>
						
              <code id="1044">  if (infile == NULL) {</code><br />
						
            
            <a class="navhash" href="#1045">#</a>
						
              <code id="1045">                ^</code><br />
						
            
            <a class="navhash" href="#1046">#</a>
						
              <code id="1046">wavegain.c:402:3: warning: incompatible implicit declaration of built-in function 'fprintf' [enabled by default]</code><br />
						
            
            <a class="navhash" href="#1047">#</a>
						
              <code id="1047">   fprintf (stderr, " Not able to open input file %s.\n", filename) ;</code><br />
						
            
            <a class="navhash" href="#1048">#</a>
						
              <code id="1048">   ^</code><br />
						
            
            <a class="navhash" href="#1049">#</a>
						
              <code id="1049">wavegain.c:402:12: error: 'stderr' undeclared (first use in this function)</code><br />
						
            
            <a class="navhash" href="#1050">#</a>
						
              <code id="1050">   fprintf (stderr, " Not able to open input file %s.\n", filename) ;</code><br />
						
            
            <a class="navhash" href="#1051">#</a>
						
              <code id="1051">            ^</code><br />
						
            
            <a class="navhash" href="#1052">#</a>
						
              <code id="1052">wavegain.c:412:9: warning: assignment makes pointer from integer without a cast [enabled by default]</code><br />
						
            
            <a class="navhash" href="#1053">#</a>
						
              <code id="1053">  format = open_audio_file(infile, wg_opts);</code><br />
						
            
            <a class="navhash" href="#1054">#</a>
						
              <code id="1054">         ^</code><br />
						
            
            <a class="navhash" href="#1055">#</a>
						
              <code id="1055">wavegain.c:416:4: warning: incompatible implicit declaration of built-in function 'free' [enabled by default]</code><br />
						
            
            <a class="navhash" href="#1056">#</a>
						
              <code id="1056">    free(wg_opts);</code><br />
						
            
            <a class="navhash" href="#1057">#</a>
						
              <code id="1057">    ^</code><br />
						
            
            <a class="navhash" href="#1058">#</a>
						
              <code id="1058">wavegain.c:419:3: warning: incompatible implicit declaration of built-in function 'fprintf' [enabled by default]</code><br />
						
            
            <a class="navhash" href="#1059">#</a>
						
              <code id="1059">   fprintf (stderr, " Unrecognized file format for %s.\n", filename) ;</code><br />
						
            
            <a class="navhash" href="#1060">#</a>
						
              <code id="1060">   ^</code><br />
						
            
            <a class="navhash" href="#1061">#</a>
						
              <code id="1061">wavegain.c:424:4: warning: incompatible implicit declaration of built-in function 'free' [enabled by default]</code><br />
						
            
            <a class="navhash" href="#1062">#</a>
						
              <code id="1062">    free(wg_opts);</code><br />
						
            
            <a class="navhash" href="#1063">#</a>
						
              <code id="1063">    ^</code><br />
						
            
            <a class="navhash" href="#1064">#</a>
						
              <code id="1064">wavegain.c:426:3: warning: incompatible implicit declaration of built-in function 'fprintf' [enabled by default]</code><br />
						
            
            <a class="navhash" href="#1065">#</a>
						
              <code id="1065">   fprintf(stderr, " Skipping file: %s - 'gain' chunk not found.\n", filename);</code><br />
						
            
            <a class="navhash" href="#1066">#</a>
						
              <code id="1066">   ^</code><br />
						
            
            <a class="navhash" href="#1067">#</a>
						
              <code id="1067">wavegain.c:435:4: warning: incompatible implicit declaration of built-in function 'free' [enabled by default]</code><br />
						
            
            <a class="navhash" href="#1068">#</a>
						
              <code id="1068">    free(wg_opts);</code><br />
						
            
            <a class="navhash" href="#1069">#</a>
						
              <code id="1069">    ^</code><br />
						
            
            <a class="navhash" href="#1070">#</a>
						
              <code id="1070">wavegain.c:437:3: warning: incompatible implicit declaration of built-in function 'fprintf' [enabled by default]</code><br />
						
            
            <a class="navhash" href="#1071">#</a>
						
              <code id="1071">   fprintf(stderr, " Skipping file: %s - Gain already undone.\n", filename);</code><br />
						
            
            <a class="navhash" href="#1072">#</a>
						
              <code id="1072">   ^</code><br />
						
            
            <a class="navhash" href="#1073">#</a>
						
              <code id="1073">wavegain.c:531:3: warning: incompatible implicit declaration of built-in function 'snprintf' [enabled by default]</code><br />
						
            
            <a class="navhash" href="#1074">#</a>
						
              <code id="1074">   snprintf(tempSerial, 6, "%d", serial);</code><br />
						
            
            <a class="navhash" href="#1075">#</a>
						
              <code id="1075">   ^</code><br />
						
            
            <a class="navhash" href="#1076">#</a>
						
              <code id="1076">wavegain.c:532:3: warning: incompatible implicit declaration of built-in function 'strncpy' [enabled by default]</code><br />
						
            
            <a class="navhash" href="#1077">#</a>
						
              <code id="1077">   strncpy(tempName, TEMP_NAME, 17);</code><br />
						
            
            <a class="navhash" href="#1078">#</a>
						
              <code id="1078">   ^</code><br />
						
            
            <a class="navhash" href="#1079">#</a>
						
              <code id="1079">wavegain.c:533:3: warning: incompatible implicit declaration of built-in function 'printf' [enabled by default]</code><br />
						
            
            <a class="navhash" href="#1080">#</a>
						
              <code id="1080">   printf("tempName=%s tempSerial=%s\n", tempName, tempSerial);</code><br />
						
            
            <a class="navhash" href="#1081">#</a>
						
              <code id="1081">   ^</code><br />
						
            
            <a class="navhash" href="#1082">#</a>
						
              <code id="1082">wavegain.c:534:3: warning: incompatible implicit declaration of built-in function 'strncat' [enabled by default]</code><br />
						
            
            <a class="navhash" href="#1083">#</a>
						
              <code id="1083">   strncat(tempName, tempSerial, 6);</code><br />
						
            
            <a class="navhash" href="#1084">#</a>
						
              <code id="1084">   ^</code><br />
						
            
            <a class="navhash" href="#1085">#</a>
						
              <code id="1085">wavegain.c:539:4: warning: incompatible implicit declaration of built-in function 'fprintf' [enabled by default]</code><br />
						
            
            <a class="navhash" href="#1086">#</a>
						
              <code id="1086">    fprintf (stderr, " Not able to open output file %s.\n", TEMP_NAME);</code><br />
						
            
            <a class="navhash" href="#1087">#</a>
						
              <code id="1087">    ^</code><br />
						
            
            <a class="navhash" href="#1088">#</a>
						
              <code id="1088">wavegain.c:548:24: warning: incompatible implicit declaration of built-in function 'log10' [enabled by default]</code><br />
						
            
            <a class="navhash" href="#1089">#</a>
						
              <code id="1089">           Gain = 20. * log10(scale);</code><br />
						
            
            <a class="navhash" href="#1090">#</a>
						
              <code id="1090">                        ^</code><br />
						
            
            <a class="navhash" href="#1091">#</a>
						
              <code id="1091">wavegain.c:557:12: warning: incompatible implicit declaration of built-in function 'pow' [enabled by default]</code><br />
						
            
            <a class="navhash" href="#1092">#</a>
						
              <code id="1092">    scale = pow(10., Gain * 0.05);</code><br />
						
            
            <a class="navhash" href="#1093">#</a>
						
              <code id="1093">            ^</code><br />
						
            
            <a class="navhash" href="#1094">#</a>
						
              <code id="1094">wavegain.c:561:3: warning: incompatible implicit declaration of built-in function 'fprintf' [enabled by default]</code><br />
						
            
            <a class="navhash" href="#1095">#</a>
						
              <code id="1095">   fprintf(stderr, "                                             \r");</code><br />
						
            
            <a class="navhash" href="#1096">#</a>
						
              <code id="1096">   ^</code><br />
						
            
            <a class="navhash" href="#1097">#</a>
						
              <code id="1097">wavegain.c:618:21: warning: incompatible implicit declaration of built-in function 'tanh' [enabled by default]</code><br />
						
            
            <a class="navhash" href="#1098">#</a>
						
              <code id="1098">         pcm[k][j] = tanh((pcm[k][j] + 0.5) / (1-0.5)) * (1-0.5) - 0.5;</code><br />
						
            
            <a class="navhash" href="#1099">#</a>
						
              <code id="1099">                     ^</code><br />
						
            
            <a class="navhash" href="#1100">#</a>
						
              <code id="1100">wavegain.c:647:5: warning: incompatible implicit declaration of built-in function 'free' [enabled by default]</code><br />
						
            
            <a class="navhash" href="#1101">#</a>
						
              <code id="1101">     free(sample_buffer);</code><br />
						
            
            <a class="navhash" href="#1102">#</a>
						
              <code id="1102">     ^</code><br />
						
            
            <a class="navhash" href="#1103">#</a>
						
              <code id="1103">wavegain.c:651:16: warning: incompatible implicit declaration of built-in function 'free' [enabled by default]</code><br />
						
            
            <a class="navhash" href="#1104">#</a>
						
              <code id="1104">    if (pcm[i]) free(pcm[i]);</code><br />
						
            
            <a class="navhash" href="#1105">#</a>
						
              <code id="1105">                ^</code><br />
						
            
            <a class="navhash" href="#1106">#</a>
						
              <code id="1106">==> ERROR: A failure occurred in build().</code><br />
						
            
            <a class="navhash" href="#1107">#</a>
						
              <code id="1107">    Aborting...</code><br />
						
            
          </div>
        
      </div>
      <br />
    
  </body>
</html>