<!DOCTYPE html>
<html>
<!-- Jinja template for reports of individual builds

  Copyright 2016 Kareem Khazem. All Rights Reserved.
  Licensed under the Apache License, Version 2.0 (the "License");
  you may not use this file except in compliance with the License.
  You may obtain a copy of the License at

 		 http://www.apache.org/licenses/LICENSE-2.0

  Unless required by applicable law or agreed to in writing, software
  distributed under the License is distributed on an "AS IS" BASIS,
  WITHOUT WARRANTIES OR CONDITIONS OF ANY KIND, either express or
  implied.
  See the License for the specific language governing permissions and
  limitations under the License.
-->
  <head>
    <meta charset="UTF-8">
    <title>android/xa</title>
    <link href='https://fonts.googleapis.com/css?family=Roboto:400,900'
          rel='stylesheet' type='text/css'>
    <link
    href='https://fonts.googleapis.com/css?family=Source+Code+Pro:400,700'
          rel='stylesheet' type='text/css'>
    <link href="../style.css" type="text/css" rel="stylesheet">
  </head>
  <body>
    <h1>Build of xa
        with <a href="../index.html">android</a>
        toolchain</h1>
    <p>The build took 00h 01m 00s and was
    NOT successful.</p>
    <p>
    The program in this build is written in the following languages,
    according to <a
    href="http://www.dwheeler.com/sloccount/">sloccount</a>:
    </p>
    <table>
      <tr><th>SLOC</th><th>Language</th></tr>
      
      <tr><td class="loc"><code>6,381</code></td>
          <td class="lang">ansic</td></tr>
      <tr><td class="loc"><code>552</code></td>
          <td class="lang">asm</td></tr>
      <tr><td class="loc"><code>242</code></td>
          <td class="lang">makefile</td></tr>
      <tr><td class="loc"><code>90</code></td>
          <td class="lang">perl</td></tr>
      <tr><td class="loc"><code>53</code></td>
          <td class="lang">sh</td></tr>
      <tr><td><code>7,318</code></td>
          <td><em>total</em></td></tr>
    </table>
    <p>
      The process tree of the build process is <a
      href="xa-tree.html">here</a>.
    </p>
    
    
    
    
    
    <h2>List of Errors</h2>
    <ul>
      
      <li>unknown_type
        <ul>
          
          <li><a href="#39">xar.h:33:14: error: unknown type name 'FILE'</a></li>
          
          <li><a href="#42">xar.h:34:14: error: unknown type name 'FILE'</a></li>
          
          <li><a href="#45">xar.h:40:13: error: unknown type name 'FILE'</a></li>
          
          <li><a href="#48">xar.h:45:14: error: unknown type name 'FILE'</a></li>
          
          <li><a href="#55">xal.h:37:17: error: unknown type name 'FILE'</a></li>
          
          <li><a href="#58">xal.h:51:13: error: unknown type name 'FILE'</a></li>
          
          <li><a href="#104">uncpk.c:35:1: error: unknown type name 'FILE'</a></li>
          
          <li><a href="#108">xah2.h:26:2: error: unknown type name 'FILE'</a></li>
          
          <li><a href="#117">uncpk.c:39:12: error: unknown type name 'FILE'</a></li>
          
          <li><a href="#127">uncpk.c:60:2: error: unknown type name 'size_t'</a></li>
          
          <li><a href="#134">uncpk.c:61:2: error: unknown type name 'FILE'</a></li>
          
          <li><a href="#140">xal.h:37:17: error: unknown type name 'FILE'</a></li>
          
          <li><a href="#152">xal.h:51:13: error: unknown type name 'FILE'</a></li>
          
          <li><a href="#156">xam.h:22:1: error: unknown type name 'FILE'</a></li>
          
          <li><a href="#166">xao.h:26:14: error: unknown type name 'FILE'</a></li>
          
          <li><a href="#169">xao.h:29:1: error: unknown type name 'size_t'</a></li>
          
          <li><a href="#179">xar.h:33:14: error: unknown type name 'FILE'</a></li>
          
          <li><a href="#182">xar.h:34:14: error: unknown type name 'FILE'</a></li>
          
          <li><a href="#186">xar.h:33:14: error: unknown type name 'FILE'</a></li>
          
          <li><a href="#192">xar.h:34:14: error: unknown type name 'FILE'</a></li>
          
          <li><a href="#195">xar.h:40:13: error: unknown type name 'FILE'</a></li>
          
          <li><a href="#201">xar.h:40:13: error: unknown type name 'FILE'</a></li>
          
          <li><a href="#204">xar.h:45:14: error: unknown type name 'FILE'</a></li>
          
          <li><a href="#207">xar.h:45:14: error: unknown type name 'FILE'</a></li>
          
          <li><a href="#214">xah2.h:26:2: error: unknown type name 'FILE'</a></li>
          
          <li><a href="#239">xam.h:22:1: error: unknown type name 'FILE'</a></li>
          
          <li><a href="#247">xa.c:75:1: error: unknown type name 'time_t'</a></li>
          
          <li><a href="#250">xa.c:76:1: error: unknown type name 'FILE'</a></li>
          
          <li><a href="#253">xal.h:37:17: error: unknown type name 'FILE'</a></li>
          
          <li><a href="#259">xa.c:82:24: error: unknown type name 'FILE'</a></li>
          
          <li><a href="#262">xal.h:51:13: error: unknown type name 'FILE'</a></li>
          
          <li><a href="#279">xal.c:114:1: error: unknown type name 'FILE'</a></li>
          
          <li><a href="#432">xal.c:463:13: error: unknown type name 'FILE'</a></li>
          
          <li><a href="#511">printcbm.c:44:12: error: unknown type name 'FILE'</a></li>
          
          <li><a href="#518">printcbm.c:57:2: error: unknown type name 'FILE'</a></li>
          
          <li><a href="#530">xa.c:680:4: error: unknown type name 'FILE'</a></li>
          
          <li><a href="#570">xa.c:819:35: error: unknown type name 'FILE'</a></li>
          
        </ul>
      </li>
      
    </ul>
    
    
    <h2>Log</h2>
    <p>
    To avoid scrolling, you may jump to the <a
    href="#599">last line</a> of the
    invocation of <code>makepkg</code> that was used to build this
    package.
    </p>
    
    
      <div class="block">
        <div class="info">
          <code>Removed vanilla repositories from pacman.conf and added:</code>
        </div>
        
          <div class="output">
            
            <a class="navhash" href="#1">#</a>
						
              <code id="1">[tuscan]</code><br />
						
            
            <a class="navhash" href="#2">#</a>
						
              <code id="2">Server = file:///var/cache/pacman/pkg/</code><br />
						
            
          </div>
        
      </div>
      <br />
    
      <div class="block">
        <div class="command">
          <code><span class="prompt">CMD: </span>pacman -Syy --noconfirm</code>
        </div>
        
          <div class="output">
            
            <a class="navhash" href="#3">#</a>
						
              <code id="3">:: Synchronizing package databases...</code><br />
						
            
            <a class="navhash" href="#4">#</a>
						
              <code id="4">downloading tuscan.db...</code><br />
						
            
          </div>
        
      </div>
      <br />
    
      <div class="block">
        <div class="info">
          <code>Copied permanent toolchain into container-local sysroot</code>
        </div>
        
          <div class="output">
            
            <a class="navhash" href="#5">#</a>
						
              <code id="5">/toolchain_root/arm-linux-androideabi  -->  /sysroot/arm-linux-androideabi</code><br />
						
            
            <a class="navhash" href="#6">#</a>
						
              <code id="6">/toolchain_root/COPYING3.LIB  -->  /sysroot/COPYING3.LIB</code><br />
						
            
            <a class="navhash" href="#7">#</a>
						
              <code id="7">/toolchain_root/sysroot  -->  /sysroot/sysroot</code><br />
						
            
            <a class="navhash" href="#8">#</a>
						
              <code id="8">/toolchain_root/COPYING.RUNTIME  -->  /sysroot/COPYING.RUNTIME</code><br />
						
            
            <a class="navhash" href="#9">#</a>
						
              <code id="9">/toolchain_root/lib  -->  /sysroot/lib</code><br />
						
            
            <a class="navhash" href="#10">#</a>
						
              <code id="10">/toolchain_root/SOURCES  -->  /sysroot/SOURCES</code><br />
						
            
            <a class="navhash" href="#11">#</a>
						
              <code id="11">/toolchain_root/lib64  -->  /sysroot/lib64</code><br />
						
            
            <a class="navhash" href="#12">#</a>
						
              <code id="12">/toolchain_root/share  -->  /sysroot/share</code><br />
						
            
            <a class="navhash" href="#13">#</a>
						
              <code id="13">/toolchain_root/bin  -->  /sysroot/bin</code><br />
						
            
            <a class="navhash" href="#14">#</a>
						
              <code id="14">/toolchain_root/COPYING  -->  /sysroot/COPYING</code><br />
						
            
            <a class="navhash" href="#15">#</a>
						
              <code id="15">/toolchain_root/COPYING3  -->  /sysroot/COPYING3</code><br />
						
            
            <a class="navhash" href="#16">#</a>
						
              <code id="16">/toolchain_root/COPYING.LIB  -->  /sysroot/COPYING.LIB</code><br />
						
            
            <a class="navhash" href="#17">#</a>
						
              <code id="17">/toolchain_root/include  -->  /sysroot/include</code><br />
						
            
            <a class="navhash" href="#18">#</a>
						
              <code id="18">/toolchain_root/libexec  -->  /sysroot/libexec</code><br />
						
            
          </div>
        
      </div>
      <br />
    
      <div class="block">
        <div class="command">
          <code><span class="prompt">CMD: </span>sudo -u tuscan PATH=/sysroot/bin:/sysroot/libexec/gcc/arm-linux-androideabi/4.8:/usr/local/sbin:/usr/local/bin:/usr/sbin:/usr/bin:/sbin:/bin CC=arm-linux-androideabi-gcc CXX=arm-linux-androideabi-g++ red makepkg --noextract --syncdeps --skipinteg --skippgpcheck --skipchecksums --noconfirm --nocolor --log --noprogressbar --nocheck</code>
        </div>
        
          <div class="output">
            
            <a class="navhash" href="#19">#</a>
						
              <code id="19">==> Making package: xa 2.3.7-1 (Tue Apr  4 20:41:24 UTC 2017)</code><br />
						
            
            <a class="navhash" href="#20">#</a>
						
              <code id="20">==> Checking runtime dependencies...</code><br />
						
            
            <a class="navhash" href="#21">#</a>
						
              <code id="21">==> Checking buildtime dependencies...</code><br />
						
            
            <a class="navhash" href="#22">#</a>
						
              <code id="22">==> WARNING: Using existing $srcdir/ tree</code><br />
						
            
            <a class="navhash" href="#23">#</a>
						
              <code id="23">==> Starting build()...</code><br />
						
            
            <a class="navhash" href="#24">#</a>
						
              <code id="24">rm -f xa</code><br />
						
            
            <a class="navhash" href="#25">#</a>
						
              <code id="25">(cd src && LD=gcc CC="gcc -O2" make)</code><br />
						
            
            <a class="navhash" href="#26">#</a>
						
              <code id="26">(cd misc && CC="gcc -O2" make)</code><br />
						
            
            <a class="navhash" href="#27">#</a>
						
              <code id="27">make[1]: Entering directory '/tmp/xa/src/xa-2.3.7/src'</code><br />
						
            
            <a class="navhash" href="#28">#</a>
						
              <code id="28">gcc -O2 -O2   -c -o xa.o xa.c</code><br />
						
            
            <a class="navhash" href="#29">#</a>
						
              <code id="29">gcc -O2 -O2   -c -o xaa.o xaa.c</code><br />
						
            
            <a class="navhash" href="#30">#</a>
						
              <code id="30">gcc -O2 -O2   -c -o xal.o xal.c</code><br />
						
            
            <a class="navhash" href="#31">#</a>
						
              <code id="31">make[1]: Entering directory '/tmp/xa/src/xa-2.3.7/misc'</code><br />
						
            
            <a class="navhash" href="#32">#</a>
						
              <code id="32">cp mkrom.sh ../mkrom.sh</code><br />
						
            
            <a class="navhash" href="#33">#</a>
						
              <code id="33">gcc -O2 -O2 uncpk.c -o ../uncpk</code><br />
						
            
            <a class="navhash" href="#34">#</a>
						
              <code id="34">cc1: error: no include path in which to search for stdc-predef.h</code><br />
						
            
            <a class="navhash" href="#35">#</a>
						
              <code id="35">xaa.c:22:19: error: no include path in which to search for stdio.h</code><br />
						
            
            <a class="navhash" href="#36">#</a>
						
              <code id="36"> #include <stdio.h></code><br />
						
            
            <a class="navhash" href="#37">#</a>
						
              <code id="37">                   ^</code><br />
						
            
            <a class="navhash" href="#38">#</a>
						
              <code id="38">In file included from xaa.c:27:0:</code><br />
						
            
            <a class="navhash" href="#39">#</a>
						<span class="error">
              <code id="39">xar.h:33:14: error: unknown type name 'FILE'</code><br />
						</span>
            
            <a class="navhash" href="#40">#</a>
						
              <code id="40"> int rt_write(FILE *fp, int pc);</code><br />
						
            
            <a class="navhash" href="#41">#</a>
						
              <code id="41">              ^</code><br />
						
            
            <a class="navhash" href="#42">#</a>
						<span class="error">
              <code id="42">xar.h:34:14: error: unknown type name 'FILE'</code><br />
						</span>
            
            <a class="navhash" href="#43">#</a>
						
              <code id="43"> int rd_write(FILE *fp, int pc);</code><br />
						
            
            <a class="navhash" href="#44">#</a>
						
              <code id="44">              ^</code><br />
						
            
            <a class="navhash" href="#45">#</a>
						<span class="error">
              <code id="45">xar.h:40:13: error: unknown type name 'FILE'</code><br />
						</span>
            
            <a class="navhash" href="#46">#</a>
						
              <code id="46"> int h_write(FILE *fp, int mode, int tlen, int dlen, int blen, int zlen,</code><br />
						
            
            <a class="navhash" href="#47">#</a>
						
              <code id="47">             ^</code><br />
						
            
            <a class="navhash" href="#48">#</a>
						<span class="error">
              <code id="48">xar.h:45:14: error: unknown type name 'FILE'</code><br />
						</span>
            
            <a class="navhash" href="#49">#</a>
						
              <code id="49"> void seg_end(FILE *);</code><br />
						
            
            <a class="navhash" href="#50">#</a>
						
              <code id="50">              ^</code><br />
						
            
            <a class="navhash" href="#51">#</a>
						
              <code id="51">In file included from xaa.c:29:0:</code><br />
						
            
            <a class="navhash" href="#52">#</a>
						
              <code id="52">xal.h:22:34: error: no include path in which to search for stdio.h</code><br />
						
            
            <a class="navhash" href="#53">#</a>
						
              <code id="53"> #include <stdio.h> /* for FILE */</code><br />
						
            
            <a class="navhash" href="#54">#</a>
						
              <code id="54">                                  ^</code><br />
						
            
            <a class="navhash" href="#55">#</a>
						<span class="error">
              <code id="55">xal.h:37:17: error: unknown type name 'FILE'</code><br />
						</span>
            
            <a class="navhash" href="#56">#</a>
						
              <code id="56"> void printllist(FILE *fp);</code><br />
						
            
            <a class="navhash" href="#57">#</a>
						
              <code id="57">                 ^</code><br />
						
            
            <a class="navhash" href="#58">#</a>
						<span class="error">
              <code id="58">xal.h:51:13: error: unknown type name 'FILE'</code><br />
						</span>
            
            <a class="navhash" href="#59">#</a>
						
              <code id="59"> int l_write(FILE *fp);</code><br />
						
            
            <a class="navhash" href="#60">#</a>
						
              <code id="60">             ^</code><br />
						
            
            <a class="navhash" href="#61">#</a>
						
              <code id="61">make[1]: *** [<builtin>: xaa.o] Error 1</code><br />
						
            
            <a class="navhash" href="#62">#</a>
						
              <code id="62">make[1]: *** Waiting for unfinished jobs....</code><br />
						
            
            <a class="navhash" href="#63">#</a>
						
              <code id="63">gcc -O2 -O2 printcbm.c -o ../printcbm</code><br />
						
            
            <a class="navhash" href="#64">#</a>
						
              <code id="64">cc1: error: no include path in which to search for stdc-predef.h</code><br />
						
            
            <a class="navhash" href="#65">#</a>
						
              <code id="65">xa.c:23:18: error: no include path in which to search for time.h</code><br />
						
            
            <a class="navhash" href="#66">#</a>
						
              <code id="66"> #include <time.h></code><br />
						
            
            <a class="navhash" href="#67">#</a>
						
              <code id="67">                  ^</code><br />
						
            
            <a class="navhash" href="#68">#</a>
						
              <code id="68">xa.c:24:19: error: no include path in which to search for ctype.h</code><br />
						
            
            <a class="navhash" href="#69">#</a>
						
              <code id="69"> #include <ctype.h></code><br />
						
            
            <a class="navhash" href="#70">#</a>
						
              <code id="70">                   ^</code><br />
						
            
            <a class="navhash" href="#71">#</a>
						
              <code id="71">xa.c:25:19: error: no include path in which to search for stdio.h</code><br />
						
            
            <a class="navhash" href="#72">#</a>
						
              <code id="72"> #include <stdio.h></code><br />
						
            
            <a class="navhash" href="#73">#</a>
						
              <code id="73">                   ^</code><br />
						
            
            <a class="navhash" href="#74">#</a>
						
              <code id="74">xa.c:26:20: error: no include path in which to search for stdlib.h</code><br />
						
            
            <a class="navhash" href="#75">#</a>
						
              <code id="75"> #include <stdlib.h></code><br />
						
            
            <a class="navhash" href="#76">#</a>
						
              <code id="76">                    ^</code><br />
						
            
            <a class="navhash" href="#77">#</a>
						
              <code id="77">xa.c:27:20: error: no include path in which to search for string.h</code><br />
						
            
            <a class="navhash" href="#78">#</a>
						
              <code id="78"> #include <string.h></code><br />
						
            
            <a class="navhash" href="#79">#</a>
						
              <code id="79">                    ^</code><br />
						
            
            <a class="navhash" href="#80">#</a>
						
              <code id="80">xa.c:29:20: error: no include path in which to search for unistd.h</code><br />
						
            
            <a class="navhash" href="#81">#</a>
						
              <code id="81"> #include <unistd.h></code><br />
						
            
            <a class="navhash" href="#82">#</a>
						
              <code id="82">                    ^</code><br />
						
            
            <a class="navhash" href="#83">#</a>
						
              <code id="83">cc1: error: no include path in which to search for stdc-predef.h</code><br />
						
            
            <a class="navhash" href="#84">#</a>
						
              <code id="84">uncpk.c:21:19: error: no include path in which to search for stdio.h</code><br />
						
            
            <a class="navhash" href="#85">#</a>
						
              <code id="85"> #include <stdio.h></code><br />
						
            
            <a class="navhash" href="#86">#</a>
						
              <code id="86">                   ^</code><br />
						
            
            <a class="navhash" href="#87">#</a>
						
              <code id="87">uncpk.c:22:20: error: no include path in which to search for stdlib.h</code><br />
						
            
            <a class="navhash" href="#88">#</a>
						
              <code id="88"> #include <stdlib.h></code><br />
						
            
            <a class="navhash" href="#89">#</a>
						
              <code id="89">                    ^</code><br />
						
            
            <a class="navhash" href="#90">#</a>
						
              <code id="90">uncpk.c:23:20: error: no include path in which to search for string.h</code><br />
						
            
            <a class="navhash" href="#91">#</a>
						
              <code id="91"> #include <string.h></code><br />
						
            
            <a class="navhash" href="#92">#</a>
						
              <code id="92">                    ^</code><br />
						
            
            <a class="navhash" href="#93">#</a>
						
              <code id="93">In file included from uncpk.c:25:0:</code><br />
						
            
            <a class="navhash" href="#94">#</a>
						
              <code id="94">version.h: In function 'version':</code><br />
						
            
            <a class="navhash" href="#95">#</a>
						
              <code id="95">cc1: error: no include path in which to search for stdc-predef.h</code><br />
						
            
            <a class="navhash" href="#96">#</a>
						
              <code id="96">version.h:25:2: warning: incompatible implicit declaration of built-in function 'fprintf' [enabled by default]</code><br />
						
            
            <a class="navhash" href="#97">#</a>
						
              <code id="97">  fprintf(stdout,</code><br />
						
            
            <a class="navhash" href="#98">#</a>
						
              <code id="98">  ^</code><br />
						
            
            <a class="navhash" href="#99">#</a>
						
              <code id="99">version.h:25:10: error: 'stdout' undeclared (first use in this function)</code><br />
						
            
            <a class="navhash" href="#100">#</a>
						
              <code id="100">  fprintf(stdout,</code><br />
						
            
            <a class="navhash" href="#101">#</a>
						
              <code id="101">          ^</code><br />
						
            
            <a class="navhash" href="#102">#</a>
						
              <code id="102">version.h:25:10: note: each undeclared identifier is reported only once for each function it appears in</code><br />
						
            
            <a class="navhash" href="#103">#</a>
						
              <code id="103">uncpk.c: At top level:</code><br />
						
            
            <a class="navhash" href="#104">#</a>
						<span class="error">
              <code id="104">uncpk.c:35:1: error: unknown type name 'FILE'</code><br />
						</span>
            
            <a class="navhash" href="#105">#</a>
						
              <code id="105"> FILE *fp;</code><br />
						
            
            <a class="navhash" href="#106">#</a>
						
              <code id="106"> ^</code><br />
						
            
            <a class="navhash" href="#107">#</a>
						
              <code id="107">In file included from xa.c:37:0:</code><br />
						
            
            <a class="navhash" href="#108">#</a>
						<span class="error">
              <code id="108">xah2.h:26:2: error: unknown type name 'FILE'</code><br />
						</span>
            
            <a class="navhash" href="#109">#</a>
						
              <code id="109">  FILE *filep;</code><br />
						
            
            <a class="navhash" href="#110">#</a>
						
              <code id="110">  ^</code><br />
						
            
            <a class="navhash" href="#111">#</a>
						
              <code id="111">xal.c:22:19: error: no include path in which to search for stdio.h</code><br />
						
            
            <a class="navhash" href="#112">#</a>
						
              <code id="112"> #include <stdio.h></code><br />
						
            
            <a class="navhash" href="#113">#</a>
						
              <code id="113">                   ^</code><br />
						
            
            <a class="navhash" href="#114">#</a>
						
              <code id="114">xal.c:23:20: error: no include path in which to search for stdlib.h</code><br />
						
            
            <a class="navhash" href="#115">#</a>
						
              <code id="115"> #include <stdlib.h></code><br />
						
            
            <a class="navhash" href="#116">#</a>
						
              <code id="116">                    ^</code><br />
						
            
            <a class="navhash" href="#117">#</a>
						<span class="error">
              <code id="117">uncpk.c:39:12: error: unknown type name 'FILE'</code><br />
						</span>
            
            <a class="navhash" href="#118">#</a>
						
              <code id="118"> void usage(FILE *fp)</code><br />
						
            
            <a class="navhash" href="#119">#</a>
						
              <code id="119">            ^</code><br />
						
            
            <a class="navhash" href="#120">#</a>
						
              <code id="120">xal.c:24:20: error: no include path in which to search for string.h</code><br />
						
            
            <a class="navhash" href="#121">#</a>
						
              <code id="121"> #include <string.h></code><br />
						
            
            <a class="navhash" href="#122">#</a>
						
              <code id="122">                    ^</code><br />
						
            
            <a class="navhash" href="#123">#</a>
						
              <code id="123">xal.c:25:19: error: no include path in which to search for ctype.h</code><br />
						
            
            <a class="navhash" href="#124">#</a>
						
              <code id="124"> #include <ctype.h></code><br />
						
            
            <a class="navhash" href="#125">#</a>
						
              <code id="125">                   ^</code><br />
						
            
            <a class="navhash" href="#126">#</a>
						
              <code id="126">uncpk.c: In function 'main':</code><br />
						
            
            <a class="navhash" href="#127">#</a>
						<span class="error">
              <code id="127">uncpk.c:60:2: error: unknown type name 'size_t'</code><br />
						</span>
            
            <a class="navhash" href="#128">#</a>
						
              <code id="128">  size_t n,n2;</code><br />
						
            
            <a class="navhash" href="#129">#</a>
						
              <code id="129">  ^</code><br />
						
            
            <a class="navhash" href="#130">#</a>
						
              <code id="130">In file included from xa.c:41:0:</code><br />
						
            
            <a class="navhash" href="#131">#</a>
						
              <code id="131">xal.h:22:34: error: no include path in which to search for stdio.h</code><br />
						
            
            <a class="navhash" href="#132">#</a>
						
              <code id="132"> #include <stdio.h> /* for FILE */</code><br />
						
            
            <a class="navhash" href="#133">#</a>
						
              <code id="133">                                  ^</code><br />
						
            
            <a class="navhash" href="#134">#</a>
						<span class="error">
              <code id="134">uncpk.c:61:2: error: unknown type name 'FILE'</code><br />
						</span>
            
            <a class="navhash" href="#135">#</a>
						
              <code id="135">  FILE *fp,*fpo=NULL;</code><br />
						
            
            <a class="navhash" href="#136">#</a>
						
              <code id="136">  ^</code><br />
						
            
            <a class="navhash" href="#137">#</a>
						
              <code id="137">uncpk.c:61:16: error: 'NULL' undeclared (first use in this function)</code><br />
						
            
            <a class="navhash" href="#138">#</a>
						
              <code id="138">  FILE *fp,*fpo=NULL;</code><br />
						
            
            <a class="navhash" href="#139">#</a>
						
              <code id="139">                ^</code><br />
						
            
            <a class="navhash" href="#140">#</a>
						<span class="error">
              <code id="140">xal.h:37:17: error: unknown type name 'FILE'</code><br />
						</span>
            
            <a class="navhash" href="#141">#</a>
						
              <code id="141"> void printllist(FILE *fp);</code><br />
						
            
            <a class="navhash" href="#142">#</a>
						
              <code id="142">                 ^</code><br />
						
            
            <a class="navhash" href="#143">#</a>
						
              <code id="143">uncpk.c:64:10: error: 'stderr' undeclared (first use in this function)</code><br />
						
            
            <a class="navhash" href="#144">#</a>
						
              <code id="144">    usage(stderr);</code><br />
						
            
            <a class="navhash" href="#145">#</a>
						
              <code id="145">          ^</code><br />
						
            
            <a class="navhash" href="#146">#</a>
						
              <code id="146">uncpk.c:65:4: warning: incompatible implicit declaration of built-in function 'exit' [enabled by default]</code><br />
						
            
            <a class="navhash" href="#147">#</a>
						
              <code id="147">    exit(1);</code><br />
						
            
            <a class="navhash" href="#148">#</a>
						
              <code id="148">    ^</code><br />
						
            
            <a class="navhash" href="#149">#</a>
						
              <code id="149">uncpk.c:68:6: warning: incompatible implicit declaration of built-in function 'strstr' [enabled by default]</code><br />
						
            
            <a class="navhash" href="#150">#</a>
						
              <code id="150">  if (strstr(argv[1], "--help")) {</code><br />
						
            
            <a class="navhash" href="#151">#</a>
						
              <code id="151">      ^</code><br />
						
            
            <a class="navhash" href="#152">#</a>
						<span class="error">
              <code id="152">xal.h:51:13: error: unknown type name 'FILE'</code><br />
						</span>
            
            <a class="navhash" href="#153">#</a>
						
              <code id="153"> int l_write(FILE *fp);</code><br />
						
            
            <a class="navhash" href="#154">#</a>
						
              <code id="154">             ^</code><br />
						
            
            <a class="navhash" href="#155">#</a>
						
              <code id="155">In file included from xa.c:42:0:</code><br />
						
            
            <a class="navhash" href="#156">#</a>
						<span class="error">
              <code id="156">xam.h:22:1: error: unknown type name 'FILE'</code><br />
						</span>
            
            <a class="navhash" href="#157">#</a>
						
              <code id="157"> FILE *xfopen(const char *fn, const char *mode);</code><br />
						
            
            <a class="navhash" href="#158">#</a>
						
              <code id="158"> ^</code><br />
						
            
            <a class="navhash" href="#159">#</a>
						
              <code id="159">uncpk.c:69:17: error: 'stdout' undeclared (first use in this function)</code><br />
						
            
            <a class="navhash" href="#160">#</a>
						
              <code id="160">           usage(stdout);</code><br />
						
            
            <a class="navhash" href="#161">#</a>
						
              <code id="161">                 ^</code><br />
						
            
            <a class="navhash" href="#162">#</a>
						
              <code id="162">uncpk.c:70:4: warning: incompatible implicit declaration of built-in function 'exit' [enabled by default]</code><br />
						
            
            <a class="navhash" href="#163">#</a>
						
              <code id="163">    exit(0);</code><br />
						
            
            <a class="navhash" href="#164">#</a>
						
              <code id="164">    ^</code><br />
						
            
            <a class="navhash" href="#165">#</a>
						
              <code id="165">In file included from xa.c:43:0:</code><br />
						
            
            <a class="navhash" href="#166">#</a>
						<span class="error">
              <code id="166">xao.h:26:14: error: unknown type name 'FILE'</code><br />
						</span>
            
            <a class="navhash" href="#167">#</a>
						
              <code id="167"> void o_write(FILE *fp);</code><br />
						
            
            <a class="navhash" href="#168">#</a>
						
              <code id="168">              ^</code><br />
						
            
            <a class="navhash" href="#169">#</a>
						<span class="error">
              <code id="169">xao.h:29:1: error: unknown type name 'size_t'</code><br />
						</span>
            
            <a class="navhash" href="#170">#</a>
						
              <code id="170"> size_t o_length(void);</code><br />
						
            
            <a class="navhash" href="#171">#</a>
						
              <code id="171"> ^</code><br />
						
            
            <a class="navhash" href="#172">#</a>
						
              <code id="172">uncpk.c:75:4: warning: incompatible implicit declaration of built-in function 'exit' [enabled by default]</code><br />
						
            
            <a class="navhash" href="#173">#</a>
						
              <code id="173">    exit(0);</code><br />
						
            
            <a class="navhash" href="#174">#</a>
						
              <code id="174">    ^</code><br />
						
            
            <a class="navhash" href="#175">#</a>
						
              <code id="175">uncpk.c:78:5: warning: incompatible implicit declaration of built-in function 'strchr' [enabled by default]</code><br />
						
            
            <a class="navhash" href="#176">#</a>
						
              <code id="176">  if(strchr(argv[1],(int)'l')) {</code><br />
						
            
            <a class="navhash" href="#177">#</a>
						
              <code id="177">     ^</code><br />
						
            
            <a class="navhash" href="#178">#</a>
						
              <code id="178">In file included from xal.c:31:0:</code><br />
						
            
            <a class="navhash" href="#179">#</a>
						<span class="error">
              <code id="179">xar.h:33:14: error: unknown type name 'FILE'</code><br />
						</span>
            
            <a class="navhash" href="#180">#</a>
						
              <code id="180"> int rt_write(FILE *fp, int pc);</code><br />
						
            
            <a class="navhash" href="#181">#</a>
						
              <code id="181">              ^</code><br />
						
            
            <a class="navhash" href="#182">#</a>
						<span class="error">
              <code id="182">xar.h:34:14: error: unknown type name 'FILE'</code><br />
						</span>
            
            <a class="navhash" href="#183">#</a>
						
              <code id="183"> int rd_write(FILE *fp, int pc);</code><br />
						
            
            <a class="navhash" href="#184">#</a>
						
              <code id="184">              ^</code><br />
						
            
            <a class="navhash" href="#185">#</a>
						
              <code id="185">In file included from xa.c:45:0:</code><br />
						
            
            <a class="navhash" href="#186">#</a>
						<span class="error">
              <code id="186">xar.h:33:14: error: unknown type name 'FILE'</code><br />
						</span>
            
            <a class="navhash" href="#187">#</a>
						
              <code id="187"> int rt_write(FILE *fp, int pc);</code><br />
						
            
            <a class="navhash" href="#188">#</a>
						
              <code id="188">              ^</code><br />
						
            
            <a class="navhash" href="#189">#</a>
						
              <code id="189">uncpk.c:94:5: warning: incompatible implicit declaration of built-in function 'exit' [enabled by default]</code><br />
						
            
            <a class="navhash" href="#190">#</a>
						
              <code id="190">     exit(1);</code><br />
						
            
            <a class="navhash" href="#191">#</a>
						
              <code id="191">     ^</code><br />
						
            
            <a class="navhash" href="#192">#</a>
						<span class="error">
              <code id="192">xar.h:34:14: error: unknown type name 'FILE'</code><br />
						</span>
            
            <a class="navhash" href="#193">#</a>
						
              <code id="193"> int rd_write(FILE *fp, int pc);</code><br />
						
            
            <a class="navhash" href="#194">#</a>
						
              <code id="194">              ^</code><br />
						
            
            <a class="navhash" href="#195">#</a>
						<span class="error">
              <code id="195">xar.h:40:13: error: unknown type name 'FILE'</code><br />
						</span>
            
            <a class="navhash" href="#196">#</a>
						
              <code id="196"> int h_write(FILE *fp, int mode, int tlen, int dlen, int blen, int zlen,</code><br />
						
            
            <a class="navhash" href="#197">#</a>
						
              <code id="197">             ^</code><br />
						
            
            <a class="navhash" href="#198">#</a>
						
              <code id="198">uncpk.c:97:8: warning: assignment makes pointer from integer without a cast [enabled by default]</code><br />
						
            
            <a class="navhash" href="#199">#</a>
						
              <code id="199">     fpo=fopen(argv[2],"ab");</code><br />
						
            
            <a class="navhash" href="#200">#</a>
						
              <code id="200">        ^</code><br />
						
            
            <a class="navhash" href="#201">#</a>
						<span class="error">
              <code id="201">xar.h:40:13: error: unknown type name 'FILE'</code><br />
						</span>
            
            <a class="navhash" href="#202">#</a>
						
              <code id="202"> int h_write(FILE *fp, int mode, int tlen, int dlen, int blen, int zlen,</code><br />
						
            
            <a class="navhash" href="#203">#</a>
						
              <code id="203">             ^</code><br />
						
            
            <a class="navhash" href="#204">#</a>
						<span class="error">
              <code id="204">xar.h:45:14: error: unknown type name 'FILE'</code><br />
						</span>
            
            <a class="navhash" href="#205">#</a>
						
              <code id="205"> void seg_end(FILE *);</code><br />
						
            
            <a class="navhash" href="#206">#</a>
						
              <code id="206">              ^</code><br />
						
            
            <a class="navhash" href="#207">#</a>
						<span class="error">
              <code id="207">xar.h:45:14: error: unknown type name 'FILE'</code><br />
						</span>
            
            <a class="navhash" href="#208">#</a>
						
              <code id="208"> void seg_end(FILE *);</code><br />
						
            
            <a class="navhash" href="#209">#</a>
						
              <code id="209">              ^</code><br />
						
            
            <a class="navhash" href="#210">#</a>
						
              <code id="210">uncpk.c:100:8: warning: assignment makes pointer from integer without a cast [enabled by default]</code><br />
						
            
            <a class="navhash" href="#211">#</a>
						
              <code id="211">     fpo=fopen(argv[2],"wb");</code><br />
						
            
            <a class="navhash" href="#212">#</a>
						
              <code id="212">        ^</code><br />
						
            
            <a class="navhash" href="#213">#</a>
						
              <code id="213">In file included from xal.c:32:0:</code><br />
						
            
            <a class="navhash" href="#214">#</a>
						<span class="error">
              <code id="214">xah2.h:26:2: error: unknown type name 'FILE'</code><br />
						</span>
            
            <a class="navhash" href="#215">#</a>
						
              <code id="215">  FILE *filep;</code><br />
						
            
            <a class="navhash" href="#216">#</a>
						
              <code id="216">  ^</code><br />
						
            
            <a class="navhash" href="#217">#</a>
						
              <code id="217">uncpk.c:105:19: warning: incompatible implicit declaration of built-in function 'printf' [enabled by default]</code><br />
						
            
            <a class="navhash" href="#218">#</a>
						
              <code id="218">       if(verbose) printf("%s\n",argv[i]);</code><br />
						
            
            <a class="navhash" href="#219">#</a>
						
              <code id="219">                   ^</code><br />
						
            
            <a class="navhash" href="#220">#</a>
						
              <code id="220">uncpk.c:106:9: warning: assignment makes pointer from integer without a cast [enabled by default]</code><br />
						
            
            <a class="navhash" href="#221">#</a>
						
              <code id="221">       fp=fopen(argv[i],"rb");</code><br />
						
            
            <a class="navhash" href="#222">#</a>
						
              <code id="222">         ^</code><br />
						
            
            <a class="navhash" href="#223">#</a>
						
              <code id="223">In file included from xa.c:49:0:</code><br />
						
            
            <a class="navhash" href="#224">#</a>
						
              <code id="224">version.h: In function 'version':</code><br />
						
            
            <a class="navhash" href="#225">#</a>
						
              <code id="225">version.h:25:2: warning: incompatible implicit declaration of built-in function 'fprintf' [enabled by default]</code><br />
						
            
            <a class="navhash" href="#226">#</a>
						
              <code id="226">  fprintf(stdout,</code><br />
						
            
            <a class="navhash" href="#227">#</a>
						
              <code id="227">  ^</code><br />
						
            
            <a class="navhash" href="#228">#</a>
						
              <code id="228">uncpk.c:109:9: warning: incompatible implicit declaration of built-in function 'fprintf' [enabled by default]</code><br />
						
            
            <a class="navhash" href="#229">#</a>
						
              <code id="229">         fprintf(fpo,"%s",argv[i]);</code><br />
						
            
            <a class="navhash" href="#230">#</a>
						
              <code id="230">         ^</code><br />
						
            
            <a class="navhash" href="#231">#</a>
						
              <code id="231">version.h:25:10: error: 'stdout' undeclared (first use in this function)</code><br />
						
            
            <a class="navhash" href="#232">#</a>
						
              <code id="232">  fprintf(stdout,</code><br />
						
            
            <a class="navhash" href="#233">#</a>
						
              <code id="233">          ^</code><br />
						
            
            <a class="navhash" href="#234">#</a>
						
              <code id="234">version.h:25:10: note: each undeclared identifier is reported only once for each function it appears in</code><br />
						
            
            <a class="navhash" href="#235">#</a>
						
              <code id="235">uncpk.c:112:18: error: 'EOF' undeclared (first use in this function)</code><br />
						
            
            <a class="navhash" href="#236">#</a>
						
              <code id="236">         while(c!=EOF) {</code><br />
						
            
            <a class="navhash" href="#237">#</a>
						
              <code id="237">                  ^</code><br />
						
            
            <a class="navhash" href="#238">#</a>
						
              <code id="238">In file included from xal.c:38:0:</code><br />
						
            
            <a class="navhash" href="#239">#</a>
						<span class="error">
              <code id="239">xam.h:22:1: error: unknown type name 'FILE'</code><br />
						</span>
            
            <a class="navhash" href="#240">#</a>
						
              <code id="240"> FILE *xfopen(const char *fn, const char *mode);</code><br />
						
            
            <a class="navhash" href="#241">#</a>
						
              <code id="241"> ^</code><br />
						
            
            <a class="navhash" href="#242">#</a>
						
              <code id="242">In file included from xal.c:39:0:</code><br />
						
            
            <a class="navhash" href="#243">#</a>
						
              <code id="243">xal.h:22:34: error: no include path in which to search for stdio.h</code><br />
						
            
            <a class="navhash" href="#244">#</a>
						
              <code id="244"> #include <stdio.h> /* for FILE */</code><br />
						
            
            <a class="navhash" href="#245">#</a>
						
              <code id="245">                                  ^</code><br />
						
            
            <a class="navhash" href="#246">#</a>
						
              <code id="246">xa.c: At top level:</code><br />
						
            
            <a class="navhash" href="#247">#</a>
						<span class="error">
              <code id="247">xa.c:75:1: error: unknown type name 'time_t'</code><br />
						</span>
            
            <a class="navhash" href="#248">#</a>
						
              <code id="248"> static time_t tim1, tim2;</code><br />
						
            
            <a class="navhash" href="#249">#</a>
						
              <code id="249"> ^</code><br />
						
            
            <a class="navhash" href="#250">#</a>
						<span class="error">
              <code id="250">xa.c:76:1: error: unknown type name 'FILE'</code><br />
						</span>
            
            <a class="navhash" href="#251">#</a>
						
              <code id="251"> static FILE *fpout, *fperr, *fplab;</code><br />
						
            
            <a class="navhash" href="#252">#</a>
						
              <code id="252"> ^</code><br />
						
            
            <a class="navhash" href="#253">#</a>
						<span class="error">
              <code id="253">xal.h:37:17: error: unknown type name 'FILE'</code><br />
						</span>
            
            <a class="navhash" href="#254">#</a>
						
              <code id="254"> void printllist(FILE *fp);</code><br />
						
            
            <a class="navhash" href="#255">#</a>
						
              <code id="255">                 ^</code><br />
						
            
            <a class="navhash" href="#256">#</a>
						
              <code id="256">uncpk.c:132:9: warning: incompatible implicit declaration of built-in function 'fprintf' [enabled by default]</code><br />
						
            
            <a class="navhash" href="#257">#</a>
						
              <code id="257">         fprintf(stderr,"Couldn't open file '%s' for reading!",argv[i]);</code><br />
						
            
            <a class="navhash" href="#258">#</a>
						
              <code id="258">         ^</code><br />
						
            
            <a class="navhash" href="#259">#</a>
						<span class="error">
              <code id="259">xa.c:82:24: error: unknown type name 'FILE'</code><br />
						</span>
            
            <a class="navhash" href="#260">#</a>
						
              <code id="260"> static void usage(int, FILE *);</code><br />
						
            
            <a class="navhash" href="#261">#</a>
						
              <code id="261">                        ^</code><br />
						
            
            <a class="navhash" href="#262">#</a>
						<span class="error">
              <code id="262">xal.h:51:13: error: unknown type name 'FILE'</code><br />
						</span>
            
            <a class="navhash" href="#263">#</a>
						
              <code id="263"> int l_write(FILE *fp);</code><br />
						
            
            <a class="navhash" href="#264">#</a>
						
              <code id="264">             ^</code><br />
						
            
            <a class="navhash" href="#265">#</a>
						
              <code id="265">uncpk.c:137:5: warning: incompatible implicit declaration of built-in function 'fprintf' [enabled by default]</code><br />
						
            
            <a class="navhash" href="#266">#</a>
						
              <code id="266">     fprintf(stderr,"Couldn't open file '%s' for writing!",argv[1]);</code><br />
						
            
            <a class="navhash" href="#267">#</a>
						
              <code id="267">     ^</code><br />
						
            
            <a class="navhash" href="#268">#</a>
						
              <code id="268">uncpk.c:142:5: warning: incompatible implicit declaration of built-in function 'exit' [enabled by default]</code><br />
						
            
            <a class="navhash" href="#269">#</a>
						
              <code id="269">     exit(1);</code><br />
						
            
            <a class="navhash" href="#270">#</a>
						
              <code id="270">     ^</code><br />
						
            
            <a class="navhash" href="#271">#</a>
						
              <code id="271">xa.c: In function 'main':</code><br />
						
            
            <a class="navhash" href="#272">#</a>
						
              <code id="272">uncpk.c:144:5: warning: assignment makes pointer from integer without a cast [enabled by default]</code><br />
						
            
            <a class="navhash" href="#273">#</a>
						
              <code id="273">   fp=fopen(argv[2],"rb");</code><br />
						
            
            <a class="navhash" href="#274">#</a>
						
              <code id="274">     ^</code><br />
						
            
            <a class="navhash" href="#275">#</a>
						
              <code id="275">xa.c:110:21: error: 'NULL' undeclared (first use in this function)</code><br />
						
            
            <a class="navhash" href="#276">#</a>
						
              <code id="276">      signed char *s=NULL;</code><br />
						
            
            <a class="navhash" href="#277">#</a>
						
              <code id="277">                     ^</code><br />
						
            
            <a class="navhash" href="#278">#</a>
						
              <code id="278">xal.c: In function 'printllist':</code><br />
						
            
            <a class="navhash" href="#279">#</a>
						<span class="error">
              <code id="279">xal.c:114:1: error: unknown type name 'FILE'</code><br />
						</span>
            
            <a class="navhash" href="#280">#</a>
						
              <code id="280"> FILE *fp;</code><br />
						
            
            <a class="navhash" href="#281">#</a>
						
              <code id="281"> ^</code><br />
						
            
            <a class="navhash" href="#282">#</a>
						
              <code id="282">uncpk.c:158:27: warning: incompatible implicit declaration of built-in function 'printf' [enabled by default]</code><br />
						
            
            <a class="navhash" href="#283">#</a>
						
              <code id="283">          if(verbose+list) printf("%s\n",name);</code><br />
						
            
            <a class="navhash" href="#284">#</a>
						
              <code id="284">                           ^</code><br />
						
            
            <a class="navhash" href="#285">#</a>
						
              <code id="285">xal.c:118:20: error: 'NULL' undeclared (first use in this function)</code><br />
						
            
            <a class="navhash" href="#286">#</a>
						
              <code id="286">      char *fname = NULL;</code><br />
						
            
            <a class="navhash" href="#287">#</a>
						
              <code id="287">                    ^</code><br />
						
            
            <a class="navhash" href="#288">#</a>
						
              <code id="288">xal.c:118:20: note: each undeclared identifier is reported only once for each function it appears in</code><br />
						
            
            <a class="navhash" href="#289">#</a>
						
              <code id="289">xa.c:138:17: warning: incompatible implicit declaration of built-in function 'strrchr' [enabled by default]</code><br />
						
            
            <a class="navhash" href="#290">#</a>
						
              <code id="290">      if((tmpp = strrchr(argv[0],'/'))) {</code><br />
						
            
            <a class="navhash" href="#291">#</a>
						
              <code id="291">                 ^</code><br />
						
            
            <a class="navhash" href="#292">#</a>
						
              <code id="292">uncpk.c:161:8: warning: assignment makes pointer from integer without a cast [enabled by default]</code><br />
						
            
            <a class="navhash" href="#293">#</a>
						
              <code id="293">     fpo=fopen(name,"wb");</code><br />
						
            
            <a class="navhash" href="#294">#</a>
						
              <code id="294">        ^</code><br />
						
            
            <a class="navhash" href="#295">#</a>
						
              <code id="295">uncpk.c:163:8: warning: incompatible implicit declaration of built-in function 'fprintf' [enabled by default]</code><br />
						
            
            <a class="navhash" href="#296">#</a>
						
              <code id="296">        fprintf(stderr,"Couldn't open output file %s !\n",name);</code><br />
						
            
            <a class="navhash" href="#297">#</a>
						
              <code id="297">        ^</code><br />
						
            
            <a class="navhash" href="#298">#</a>
						
              <code id="298">xal.c:123:10: warning: incompatible implicit declaration of built-in function 'fprintf' [enabled by default]</code><br />
						
            
            <a class="navhash" href="#299">#</a>
						
              <code id="299">          fprintf(fp,"%s, 0x%04x, %d, 0x%04x\n",ltp->n,ltp->val,ltp->blk, </code><br />
						
            
            <a class="navhash" href="#300">#</a>
						
              <code id="300">          ^</code><br />
						
            
            <a class="navhash" href="#301">#</a>
						
              <code id="301">xa.c:154:15: warning: incompatible implicit declaration of built-in function 'malloc' [enabled by default]</code><br />
						
            
            <a class="navhash" href="#302">#</a>
						
              <code id="302">      ifiles = malloc(mifiles*sizeof(char*));</code><br />
						
            
            <a class="navhash" href="#303">#</a>
						
              <code id="303">               ^</code><br />
						
            
            <a class="navhash" href="#304">#</a>
						
              <code id="304">uncpk.c:195:5: warning: incompatible implicit declaration of built-in function 'fprintf' [enabled by default]</code><br />
						
            
            <a class="navhash" href="#305">#</a>
						
              <code id="305">     fprintf(stderr,"Unexpected end of file!\n");</code><br />
						
            
            <a class="navhash" href="#306">#</a>
						
              <code id="306">     ^</code><br />
						
            
            <a class="navhash" href="#307">#</a>
						
              <code id="307">xa.c:159:25: error: 'stderr' undeclared (first use in this function)</code><br />
						
            
            <a class="navhash" href="#308">#</a>
						
              <code id="308">           usage(w65816, stderr);</code><br />
						
            
            <a class="navhash" href="#309">#</a>
						
              <code id="309">                         ^</code><br />
						
            
            <a class="navhash" href="#310">#</a>
						
              <code id="310">xal.c: In function 'lg_set':</code><br />
						
            
            <a class="navhash" href="#311">#</a>
						
              <code id="311">uncpk.c:200:6: warning: incompatible implicit declaration of built-in function 'fprintf' [enabled by default]</code><br />
						
            
            <a class="navhash" href="#312">#</a>
						
              <code id="312">      fprintf(stderr,"Wrong Version!\n");</code><br />
						
            
            <a class="navhash" href="#313">#</a>
						
              <code id="313">      ^</code><br />
						
            
            <a class="navhash" href="#314">#</a>
						
              <code id="314">xa.c:160:11: warning: incompatible implicit declaration of built-in function 'exit' [enabled by default]</code><br />
						
            
            <a class="navhash" href="#315">#</a>
						
              <code id="315">           exit(1);</code><br />
						
            
            <a class="navhash" href="#316">#</a>
						
              <code id="316">           ^</code><br />
						
            
            <a class="navhash" href="#317">#</a>
						
              <code id="317">xal.c:148:4: warning: incompatible implicit declaration of built-in function 'fprintf' [enabled by default]</code><br />
						
            
            <a class="navhash" href="#318">#</a>
						
              <code id="318">    fprintf(stderr,"Warning: global label doubly defined!\n");</code><br />
						
            
            <a class="navhash" href="#319">#</a>
						
              <code id="319">    ^</code><br />
						
            
            <a class="navhash" href="#320">#</a>
						
              <code id="320">xal.c:148:12: error: 'stderr' undeclared (first use in this function)</code><br />
						
            
            <a class="navhash" href="#321">#</a>
						
              <code id="321">    fprintf(stderr,"Warning: global label doubly defined!\n");</code><br />
						
            
            <a class="navhash" href="#322">#</a>
						
              <code id="322">            ^</code><br />
						
            
            <a class="navhash" href="#323">#</a>
						
              <code id="323">uncpk.c:203:4: warning: incompatible implicit declaration of built-in function 'fprintf' [enabled by default]</code><br />
						
            
            <a class="navhash" href="#324">#</a>
						
              <code id="324">    fprintf(stderr,"File %s not found!\n",argv[1]);</code><br />
						
            
            <a class="navhash" href="#325">#</a>
						
              <code id="325">    ^</code><br />
						
            
            <a class="navhash" href="#326">#</a>
						
              <code id="326">xa.c:163:10: warning: incompatible implicit declaration of built-in function 'strstr' [enabled by default]</code><br />
						
            
            <a class="navhash" href="#327">#</a>
						
              <code id="327">      if (strstr(argv[1], "--help")) {</code><br />
						
            
            <a class="navhash" href="#328">#</a>
						
              <code id="328">          ^</code><br />
						
            
            <a class="navhash" href="#329">#</a>
						
              <code id="329">xa.c:164:25: error: 'stdout' undeclared (first use in this function)</code><br />
						
            
            <a class="navhash" href="#330">#</a>
						
              <code id="330">           usage(w65816, stdout);</code><br />
						
            
            <a class="navhash" href="#331">#</a>
						
              <code id="331">                         ^</code><br />
						
            
            <a class="navhash" href="#332">#</a>
						
              <code id="332">xa.c:165:4: warning: incompatible implicit declaration of built-in function 'exit' [enabled by default]</code><br />
						
            
            <a class="navhash" href="#333">#</a>
						
              <code id="333">    exit(0);</code><br />
						
            
            <a class="navhash" href="#334">#</a>
						
              <code id="334">    ^</code><br />
						
            
            <a class="navhash" href="#335">#</a>
						
              <code id="335">xa.c:170:4: warning: incompatible implicit declaration of built-in function 'exit' [enabled by default]</code><br />
						
            
            <a class="navhash" href="#336">#</a>
						
              <code id="336">    exit(0);</code><br />
						
            
            <a class="navhash" href="#337">#</a>
						
              <code id="337">    ^</code><br />
						
            
            <a class="navhash" href="#338">#</a>
						
              <code id="338">xa.c:199:4: warning: incompatible implicit declaration of built-in function 'fprintf' [enabled by default]</code><br />
						
            
            <a class="navhash" href="#339">#</a>
						
              <code id="339">    fprintf(stderr, "-p requires a character argument\n");</code><br />
						
            
            <a class="navhash" href="#340">#</a>
						
              <code id="340">    ^</code><br />
						
            
            <a class="navhash" href="#341">#</a>
						
              <code id="341">xa.c:200:4: warning: incompatible implicit declaration of built-in function 'exit' [enabled by default]</code><br />
						
            
            <a class="navhash" href="#342">#</a>
						
              <code id="342">    exit(1);</code><br />
						
            
            <a class="navhash" href="#343">#</a>
						
              <code id="343">    ^</code><br />
						
            
            <a class="navhash" href="#344">#</a>
						
              <code id="344">xa.c:203:4: warning: incompatible implicit declaration of built-in function 'fprintf' [enabled by default]</code><br />
						
            
            <a class="navhash" href="#345">#</a>
						
              <code id="345">    fprintf(stderr,</code><br />
						
            
            <a class="navhash" href="#346">#</a>
						
              <code id="346">    ^</code><br />
						
            
            <a class="navhash" href="#347">#</a>
						
              <code id="347">xal.c: In function 'l_addocc':</code><br />
						
            
            <a class="navhash" href="#348">#</a>
						
              <code id="348">xal.c:284:9: error: 'NULL' undeclared (first use in this function)</code><br />
						
            
            <a class="navhash" href="#349">#</a>
						
              <code id="349">      pp=NULL;</code><br />
						
            
            <a class="navhash" href="#350">#</a>
						
              <code id="350">         ^</code><br />
						
            
            <a class="navhash" href="#351">#</a>
						
              <code id="351">xal.c:291:10: warning: incompatible implicit declaration of built-in function 'malloc' [enabled by default]</code><br />
						
            
            <a class="navhash" href="#352">#</a>
						
              <code id="352">      p = malloc(sizeof(LabOcc));</code><br />
						
            
            <a class="navhash" href="#353">#</a>
						
              <code id="353">          ^</code><br />
						
            
            <a class="navhash" href="#354">#</a>
						
              <code id="354">xal.c:293:2: warning: incompatible implicit declaration of built-in function 'fprintf' [enabled by default]</code><br />
						
            
            <a class="navhash" href="#355">#</a>
						
              <code id="355">  fprintf(stderr,"Oops, out of memory!\n");</code><br />
						
            
            <a class="navhash" href="#356">#</a>
						
              <code id="356">  ^</code><br />
						
            
            <a class="navhash" href="#357">#</a>
						
              <code id="357">xal.c:293:10: error: 'stderr' undeclared (first use in this function)</code><br />
						
            
            <a class="navhash" href="#358">#</a>
						
              <code id="358">  fprintf(stderr,"Oops, out of memory!\n");</code><br />
						
            
            <a class="navhash" href="#359">#</a>
						
              <code id="359">          ^</code><br />
						
            
            <a class="navhash" href="#360">#</a>
						
              <code id="360">xal.c:294:2: warning: incompatible implicit declaration of built-in function 'exit' [enabled by default]</code><br />
						
            
            <a class="navhash" href="#361">#</a>
						
              <code id="361">  exit(1);</code><br />
						
            
            <a class="navhash" href="#362">#</a>
						
              <code id="362">  ^</code><br />
						
            
            <a class="navhash" href="#363">#</a>
						
              <code id="363">xal.c: In function 'll_def':</code><br />
						
            
            <a class="navhash" href="#364">#</a>
						
              <code id="364">xal.c:348:17: warning: incompatible implicit declaration of built-in function 'malloc' [enabled by default]</code><br />
						
            
            <a class="navhash" href="#365">#</a>
						
              <code id="365">  afile->la.lt = malloc(afile->la.ltm * sizeof(Labtab));</code><br />
						
            
            <a class="navhash" href="#366">#</a>
						
              <code id="366">                 ^</code><br />
						
            
            <a class="navhash" href="#367">#</a>
						
              <code id="367">xal.c:352:17: warning: incompatible implicit declaration of built-in function 'realloc' [enabled by default]</code><br />
						
            
            <a class="navhash" href="#368">#</a>
						
              <code id="368">  afile->la.lt = realloc(afile->la.lt, afile->la.ltm * sizeof(Labtab));</code><br />
						
            
            <a class="navhash" href="#369">#</a>
						
              <code id="369">                 ^</code><br />
						
            
            <a class="navhash" href="#370">#</a>
						
              <code id="370">xa.c:335:13: warning: incompatible implicit declaration of built-in function 'realloc' [enabled by default]</code><br />
						
            
            <a class="navhash" href="#371">#</a>
						
              <code id="371">      ifiles=realloc(ifiles, mifiles*sizeof(char*));</code><br />
						
            
            <a class="navhash" href="#372">#</a>
						
              <code id="372">             ^</code><br />
						
            
            <a class="navhash" href="#373">#</a>
						
              <code id="373">xal.c:355:2: warning: incompatible implicit declaration of built-in function 'fprintf' [enabled by default]</code><br />
						
            
            <a class="navhash" href="#374">#</a>
						
              <code id="374">  fprintf(stderr, "Oops: no memory!\n");</code><br />
						
            
            <a class="navhash" href="#375">#</a>
						
              <code id="375">  ^</code><br />
						
            
            <a class="navhash" href="#376">#</a>
						
              <code id="376">xa.c:337:3: warning: incompatible implicit declaration of built-in function 'fprintf' [enabled by default]</code><br />
						
            
            <a class="navhash" href="#377">#</a>
						
              <code id="377">   fprintf(stderr, "Oops: couldn't alloc enough mem for filelist table..!\n");</code><br />
						
            
            <a class="navhash" href="#378">#</a>
						
              <code id="378">   ^</code><br />
						
            
            <a class="navhash" href="#379">#</a>
						
              <code id="379">xal.c:355:10: error: 'stderr' undeclared (first use in this function)</code><br />
						
            
            <a class="navhash" href="#380">#</a>
						
              <code id="380">  fprintf(stderr, "Oops: no memory!\n");</code><br />
						
            
            <a class="navhash" href="#381">#</a>
						
              <code id="381">          ^</code><br />
						
            
            <a class="navhash" href="#382">#</a>
						
              <code id="382">xa.c:338:3: warning: incompatible implicit declaration of built-in function 'exit' [enabled by default]</code><br />
						
            
            <a class="navhash" href="#383">#</a>
						
              <code id="383">   exit(1);</code><br />
						
            
            <a class="navhash" href="#384">#</a>
						
              <code id="384">   ^</code><br />
						
            
            <a class="navhash" href="#385">#</a>
						
              <code id="385">xal.c:356:2: warning: incompatible implicit declaration of built-in function 'exit' [enabled by default]</code><br />
						
            
            <a class="navhash" href="#386">#</a>
						
              <code id="386">  exit(1);</code><br />
						
            
            <a class="navhash" href="#387">#</a>
						
              <code id="387">  ^</code><br />
						
            
            <a class="navhash" href="#388">#</a>
						
              <code id="388">xa.c:345:2: warning: incompatible implicit declaration of built-in function 'fprintf' [enabled by default]</code><br />
						
            
            <a class="navhash" href="#389">#</a>
						
              <code id="389">  fprintf(stderr, "No input files given!\n");</code><br />
						
            
            <a class="navhash" href="#390">#</a>
						
              <code id="390">  ^</code><br />
						
            
            <a class="navhash" href="#391">#</a>
						
              <code id="391">xa.c:346:2: warning: incompatible implicit declaration of built-in function 'exit' [enabled by default]</code><br />
						
            
            <a class="navhash" href="#392">#</a>
						
              <code id="392">  exit(0);</code><br />
						
            
            <a class="navhash" href="#393">#</a>
						
              <code id="393">  ^</code><br />
						
            
            <a class="navhash" href="#394">#</a>
						
              <code id="394">xal.c:373:9: warning: incompatible implicit declaration of built-in function 'malloc' [enabled by default]</code><br />
						
            
            <a class="navhash" href="#395">#</a>
						
              <code id="395">    s2 = malloc(j+1);</code><br />
						
            
            <a class="navhash" href="#396">#</a>
						
              <code id="396">         ^</code><br />
						
            
            <a class="navhash" href="#397">#</a>
						
              <code id="397">xa.c:350:2: warning: incompatible implicit declaration of built-in function 'strcpy' [enabled by default]</code><br />
						
            
            <a class="navhash" href="#398">#</a>
						
              <code id="398">  strcpy(old_e, ifiles[0]);</code><br />
						
            
            <a class="navhash" href="#399">#</a>
						
              <code id="399">  ^</code><br />
						
            
            <a class="navhash" href="#400">#</a>
						
              <code id="400">xal.c:375:3: warning: incompatible implicit declaration of built-in function 'fprintf' [enabled by default]</code><br />
						
            
            <a class="navhash" href="#401">#</a>
						
              <code id="401">   fprintf(stderr,"Oops: no memory!\n");</code><br />
						
            
            <a class="navhash" href="#402">#</a>
						
              <code id="402">   ^</code><br />
						
            
            <a class="navhash" href="#403">#</a>
						
              <code id="403">xal.c:376:3: warning: incompatible implicit declaration of built-in function 'exit' [enabled by default]</code><br />
						
            
            <a class="navhash" href="#404">#</a>
						
              <code id="404">   exit(1);</code><br />
						
            
            <a class="navhash" href="#405">#</a>
						
              <code id="405">   ^</code><br />
						
            
            <a class="navhash" href="#406">#</a>
						
              <code id="406">xa.c:358:18: warning: incompatible implicit declaration of built-in function 'fprintf' [enabled by default]</code><br />
						
            
            <a class="navhash" href="#407">#</a>
						
              <code id="407">      if(verbose) fprintf(stderr, "%s\n",copyright);</code><br />
						
            
            <a class="navhash" href="#408">#</a>
						
              <code id="408">                  ^</code><br />
						
            
            <a class="navhash" href="#409">#</a>
						
              <code id="409">xal.c:378:4: warning: incompatible implicit declaration of built-in function 'strncpy' [enabled by default]</code><br />
						
            
            <a class="navhash" href="#410">#</a>
						
              <code id="410">    strncpy(s2,s,j);</code><br />
						
            
            <a class="navhash" href="#411">#</a>
						
              <code id="411">    ^</code><br />
						
            
            <a class="navhash" href="#412">#</a>
						
              <code id="412">xal.c:390:29: error: 'NULL' undeclared (first use in this function)</code><br />
						
            
            <a class="navhash" href="#413">#</a>
						
              <code id="413">                ltp->occlist=NULL;</code><br />
						
            
            <a class="navhash" href="#414">#</a>
						
              <code id="414">                             ^</code><br />
						
            
            <a class="navhash" href="#415">#</a>
						
              <code id="415">xa.c:370:2: warning: incompatible implicit declaration of built-in function 'exit' [enabled by default]</code><br />
						
            
            <a class="navhash" href="#416">#</a>
						
              <code id="416">  exit(1);</code><br />
						
            
            <a class="navhash" href="#417">#</a>
						
              <code id="417">  ^</code><br />
						
            
            <a class="navhash" href="#418">#</a>
						
              <code id="418">xa.c:384:9: warning: passing argument 1 of 'logout' makes pointer from integer without a cast [enabled by default]</code><br />
						
            
            <a class="navhash" href="#419">#</a>
						
              <code id="419">         if(verbose) logout(ctime(&tim1));</code><br />
						
            
            <a class="navhash" href="#420">#</a>
						
              <code id="420">         ^</code><br />
						
            
            <a class="navhash" href="#421">#</a>
						
              <code id="421">In file included from xa.c:40:0:</code><br />
						
            
            <a class="navhash" href="#422">#</a>
						
              <code id="422">xa.h:47:6: note: expected 'char *' but argument is of type 'int'</code><br />
						
            
            <a class="navhash" href="#423">#</a>
						
              <code id="423"> void logout(char *s);</code><br />
						
            
            <a class="navhash" href="#424">#</a>
						
              <code id="424">      ^</code><br />
						
            
            <a class="navhash" href="#425">#</a>
						
              <code id="425">xa.c:404:18: warning: incompatible implicit declaration of built-in function 'sprintf' [enabled by default]</code><br />
						
            
            <a class="navhash" href="#426">#</a>
						
              <code id="426">                  sprintf(out,"xAss65: Pass 1: %s\n",ifile);</code><br />
						
            
            <a class="navhash" href="#427">#</a>
						
              <code id="427">                  ^</code><br />
						
            
            <a class="navhash" href="#428">#</a>
						
              <code id="428">xal.c: At top level:</code><br />
						
            
            <a class="navhash" href="#429">#</a>
						
              <code id="429">xa.c:424:4: warning: incompatible implicit declaration of built-in function 'sprintf' [enabled by default]</code><br />
						
            
            <a class="navhash" href="#430">#</a>
						
              <code id="430">    sprintf(out,"Still %d blocks open at end of file!\n",er);</code><br />
						
            
            <a class="navhash" href="#431">#</a>
						
              <code id="431">    ^</code><br />
						
            
            <a class="navhash" href="#432">#</a>
						<span class="error">
              <code id="432">xal.c:463:13: error: unknown type name 'FILE'</code><br />
						</span>
            
            <a class="navhash" href="#433">#</a>
						
              <code id="433"> int l_write(FILE *fp)</code><br />
						
            
            <a class="navhash" href="#434">#</a>
						
              <code id="434">             ^</code><br />
						
            
            <a class="navhash" href="#435">#</a>
						
              <code id="435">xa.c:429:6: warning: incompatible implicit declaration of built-in function 'sprintf' [enabled by default]</code><br />
						
            
            <a class="navhash" href="#436">#</a>
						
              <code id="436">      sprintf(out,"Warning: text segment ($%04x) start address doesn't align to %d!\n", tbase, align);</code><br />
						
            
            <a class="navhash" href="#437">#</a>
						
              <code id="437">      ^</code><br />
						
            
            <a class="navhash" href="#438">#</a>
						
              <code id="438">make[1]: *** [Makefile:13: ../uncpk] Error 1</code><br />
						
            
            <a class="navhash" href="#439">#</a>
						
              <code id="439">make[1]: *** Waiting for unfinished jobs....</code><br />
						
            
            <a class="navhash" href="#440">#</a>
						
              <code id="440">xa.c:433:6: warning: incompatible implicit declaration of built-in function 'sprintf' [enabled by default]</code><br />
						
            
            <a class="navhash" href="#441">#</a>
						
              <code id="441">      sprintf(out,"Warning: data segment ($%04x) start address doesn't align to %d!\n", dbase, align);</code><br />
						
            
            <a class="navhash" href="#442">#</a>
						
              <code id="442">      ^</code><br />
						
            
            <a class="navhash" href="#443">#</a>
						
              <code id="443">xa.c:437:6: warning: incompatible implicit declaration of built-in function 'sprintf' [enabled by default]</code><br />
						
            
            <a class="navhash" href="#444">#</a>
						
              <code id="444">      sprintf(out,"Warning: bss segment ($%04x) start address doesn't align to %d!\n", bbase, align);</code><br />
						
            
            <a class="navhash" href="#445">#</a>
						
              <code id="445">      ^</code><br />
						
            
            <a class="navhash" href="#446">#</a>
						
              <code id="446">xa.c:441:6: warning: incompatible implicit declaration of built-in function 'sprintf' [enabled by default]</code><br />
						
            
            <a class="navhash" href="#447">#</a>
						
              <code id="447">      sprintf(out,"Warning: zero segment ($%04x) start address doesn't align to %d!\n", zbase, align);</code><br />
						
            
            <a class="navhash" href="#448">#</a>
						
              <code id="448">      ^</code><br />
						
            
            <a class="navhash" href="#449">#</a>
						
              <code id="449">xa.c:509:6: warning: incompatible implicit declaration of built-in function 'free' [enabled by default]</code><br />
						
            
            <a class="navhash" href="#450">#</a>
						
              <code id="450">      free(ifiles);</code><br />
						
            
            <a class="navhash" href="#451">#</a>
						
              <code id="451">      ^</code><br />
						
            
            <a class="navhash" href="#452">#</a>
						
              <code id="452">xa.c: In function 'printstat':</code><br />
						
            
            <a class="navhash" href="#453">#</a>
						
              <code id="453">xa.c:517:2: warning: incompatible implicit declaration of built-in function 'sprintf' [enabled by default]</code><br />
						
            
            <a class="navhash" href="#454">#</a>
						
              <code id="454">  sprintf(out," %8d of %8d label used\n",ga_lab(),gm_lab()); logout(out);</code><br />
						
            
            <a class="navhash" href="#455">#</a>
						
              <code id="455">  ^</code><br />
						
            
            <a class="navhash" href="#456">#</a>
						
              <code id="456">xa.c: In function 'setfext':</code><br />
						
            
            <a class="navhash" href="#457">#</a>
						
              <code id="457">xa.c:559:19: warning: incompatible implicit declaration of built-in function 'strlen' [enabled by default]</code><br />
						
            
            <a class="navhash" href="#458">#</a>
						
              <code id="458">      int j,i=(int)strlen(s);</code><br />
						
            
            <a class="navhash" href="#459">#</a>
						
              <code id="459">                   ^</code><br />
						
            
            <a class="navhash" href="#460">#</a>
						
              <code id="460">xa.c:568:16: warning: incompatible implicit declaration of built-in function 'strcpy' [enabled by default]</code><br />
						
            
            <a class="navhash" href="#461">#</a>
						
              <code id="461">                strcpy(s+i,ext);</code><br />
						
            
            <a class="navhash" href="#462">#</a>
						
              <code id="462">                ^</code><br />
						
            
            <a class="navhash" href="#463">#</a>
						
              <code id="463">xa.c:573:16: warning: incompatible implicit declaration of built-in function 'strcpy' [enabled by default]</code><br />
						
            
            <a class="navhash" href="#464">#</a>
						
              <code id="464">                strcpy(s+j,ext);</code><br />
						
            
            <a class="navhash" href="#465">#</a>
						
              <code id="465">                ^</code><br />
						
            
            <a class="navhash" href="#466">#</a>
						
              <code id="466">xa.c:578:11: warning: incompatible implicit declaration of built-in function 'strcpy' [enabled by default]</code><br />
						
            
            <a class="navhash" href="#467">#</a>
						
              <code id="467">           strcpy(s+i,ext);</code><br />
						
            
            <a class="navhash" href="#468">#</a>
						
              <code id="468">           ^</code><br />
						
            
            <a class="navhash" href="#469">#</a>
						
              <code id="469">xa.c: In function 'pass2':</code><br />
						
            
            <a class="navhash" href="#470">#</a>
						
              <code id="470">xa.c:602:27: error: 'NULL' undeclared (first use in this function)</code><br />
						
            
            <a class="navhash" href="#471">#</a>
						
              <code id="471">      signed char *dataseg=NULL;</code><br />
						
            
            <a class="navhash" href="#472">#</a>
						
              <code id="472">                           ^</code><br />
						
            
            <a class="navhash" href="#473">#</a>
						
              <code id="473">xa.c:607:18: warning: incompatible implicit declaration of built-in function 'malloc' [enabled by default]</code><br />
						
            
            <a class="navhash" href="#474">#</a>
						
              <code id="474">      if((dataseg=malloc(dlen))) {</code><br />
						
            
            <a class="navhash" href="#475">#</a>
						
              <code id="475">                  ^</code><br />
						
            
            <a class="navhash" href="#476">#</a>
						
              <code id="476">xa.c:609:3: warning: incompatible implicit declaration of built-in function 'fprintf' [enabled by default]</code><br />
						
            
            <a class="navhash" href="#477">#</a>
						
              <code id="477">   fprintf(stderr, "Couldn't alloc dataseg memory...\n");</code><br />
						
            
            <a class="navhash" href="#478">#</a>
						
              <code id="478">   ^</code><br />
						
            
            <a class="navhash" href="#479">#</a>
						
              <code id="479">xa.c:609:11: error: 'stderr' undeclared (first use in this function)</code><br />
						
            
            <a class="navhash" href="#480">#</a>
						
              <code id="480">   fprintf(stderr, "Couldn't alloc dataseg memory...\n");</code><br />
						
            
            <a class="navhash" href="#481">#</a>
						
              <code id="481">           ^</code><br />
						
            
            <a class="navhash" href="#482">#</a>
						
              <code id="482">xa.c:610:3: warning: incompatible implicit declaration of built-in function 'exit' [enabled by default]</code><br />
						
            
            <a class="navhash" href="#483">#</a>
						
              <code id="483">   exit(1);</code><br />
						
            
            <a class="navhash" href="#484">#</a>
						
              <code id="484">   ^</code><br />
						
            
            <a class="navhash" href="#485">#</a>
						
              <code id="485">cc1: error: no include path in which to search for stdc-predef.h</code><br />
						
            
            <a class="navhash" href="#486">#</a>
						
              <code id="486">xa.c:633:7: warning: incompatible implicit declaration of built-in function 'memcpy' [enabled by default]</code><br />
						
            
            <a class="navhash" href="#487">#</a>
						
              <code id="487">       memcpy(&datei.fname, afile->mn.tmp+afile->mn.tmpe+3, sizeof(datei.fname));</code><br />
						
            
            <a class="navhash" href="#488">#</a>
						
              <code id="488">       ^</code><br />
						
            
            <a class="navhash" href="#489">#</a>
						
              <code id="489">printcbm.c:21:19: error: no include path in which to search for stdio.h</code><br />
						
            
            <a class="navhash" href="#490">#</a>
						
              <code id="490"> #include <stdio.h></code><br />
						
            
            <a class="navhash" href="#491">#</a>
						
              <code id="491">                   ^</code><br />
						
            
            <a class="navhash" href="#492">#</a>
						
              <code id="492">printcbm.c:22:20: error: no include path in which to search for stdlib.h</code><br />
						
            
            <a class="navhash" href="#493">#</a>
						
              <code id="493"> #include <stdlib.h></code><br />
						
            
            <a class="navhash" href="#494">#</a>
						
              <code id="494">                    ^</code><br />
						
            
            <a class="navhash" href="#495">#</a>
						
              <code id="495">printcbm.c:23:20: error: no include path in which to search for string.h</code><br />
						
            
            <a class="navhash" href="#496">#</a>
						
              <code id="496"> #include <string.h></code><br />
						
            
            <a class="navhash" href="#497">#</a>
						
              <code id="497">                    ^</code><br />
						
            
            <a class="navhash" href="#498">#</a>
						
              <code id="498">In file included from printcbm.c:25:0:</code><br />
						
            
            <a class="navhash" href="#499">#</a>
						
              <code id="499">version.h: In function 'version':</code><br />
						
            
            <a class="navhash" href="#500">#</a>
						
              <code id="500">version.h:25:2: warning: incompatible implicit declaration of built-in function 'fprintf' [enabled by default]</code><br />
						
            
            <a class="navhash" href="#501">#</a>
						
              <code id="501">  fprintf(stdout,</code><br />
						
            
            <a class="navhash" href="#502">#</a>
						
              <code id="502">  ^</code><br />
						
            
            <a class="navhash" href="#503">#</a>
						
              <code id="503">version.h:25:10: error: 'stdout' undeclared (first use in this function)</code><br />
						
            
            <a class="navhash" href="#504">#</a>
						
              <code id="504">  fprintf(stdout,</code><br />
						
            
            <a class="navhash" href="#505">#</a>
						
              <code id="505">          ^</code><br />
						
            
            <a class="navhash" href="#506">#</a>
						
              <code id="506">version.h:25:10: note: each undeclared identifier is reported only once for each function it appears in</code><br />
						
            
            <a class="navhash" href="#507">#</a>
						
              <code id="507">xa.c:659:7: warning: incompatible implicit declaration of built-in function 'memcpy' [enabled by default]</code><br />
						
            
            <a class="navhash" href="#508">#</a>
						
              <code id="508">       memcpy(datap,afile->mn.tmp+afile->mn.tmpe,ll);</code><br />
						
            
            <a class="navhash" href="#509">#</a>
						
              <code id="509">       ^</code><br />
						
            
            <a class="navhash" href="#510">#</a>
						
              <code id="510">printcbm.c: At top level:</code><br />
						
            
            <a class="navhash" href="#511">#</a>
						<span class="error">
              <code id="511">printcbm.c:44:12: error: unknown type name 'FILE'</code><br />
						</span>
            
            <a class="navhash" href="#512">#</a>
						
              <code id="512"> void usage(FILE *fp)</code><br />
						
            
            <a class="navhash" href="#513">#</a>
						
              <code id="513">            ^</code><br />
						
            
            <a class="navhash" href="#514">#</a>
						
              <code id="514">xa.c:671:7: warning: incompatible implicit declaration of built-in function 'memset' [enabled by default]</code><br />
						
            
            <a class="navhash" href="#515">#</a>
						
              <code id="515">       memset(datap, c, ll);</code><br />
						
            
            <a class="navhash" href="#516">#</a>
						
              <code id="516">       ^</code><br />
						
            
            <a class="navhash" href="#517">#</a>
						
              <code id="517">printcbm.c: In function 'main':</code><br />
						
            
            <a class="navhash" href="#518">#</a>
						<span class="error">
              <code id="518">printcbm.c:57:2: error: unknown type name 'FILE'</code><br />
						</span>
            
            <a class="navhash" href="#519">#</a>
						
              <code id="519">  FILE *fp;</code><br />
						
            
            <a class="navhash" href="#520">#</a>
						
              <code id="520">  ^</code><br />
						
            
            <a class="navhash" href="#521">#</a>
						
              <code id="521">printcbm.c:61:9: error: 'stderr' undeclared (first use in this function)</code><br />
						
            
            <a class="navhash" href="#522">#</a>
						
              <code id="522">   usage(stderr);</code><br />
						
            
            <a class="navhash" href="#523">#</a>
						
              <code id="523">         ^</code><br />
						
            
            <a class="navhash" href="#524">#</a>
						
              <code id="524">printcbm.c:62:3: warning: incompatible implicit declaration of built-in function 'exit' [enabled by default]</code><br />
						
            
            <a class="navhash" href="#525">#</a>
						
              <code id="525">   exit(1);</code><br />
						
            
            <a class="navhash" href="#526">#</a>
						
              <code id="526">   ^</code><br />
						
            
            <a class="navhash" href="#527">#</a>
						
              <code id="527">printcbm.c:65:6: warning: incompatible implicit declaration of built-in function 'strstr' [enabled by default]</code><br />
						
            
            <a class="navhash" href="#528">#</a>
						
              <code id="528">  if (strstr(argv[1], "--help")) {</code><br />
						
            
            <a class="navhash" href="#529">#</a>
						
              <code id="529">      ^</code><br />
						
            
            <a class="navhash" href="#530">#</a>
						<span class="error">
              <code id="530">xa.c:680:4: error: unknown type name 'FILE'</code><br />
						</span>
            
            <a class="navhash" href="#531">#</a>
						
              <code id="531">    FILE *foo;</code><br />
						
            
            <a class="navhash" href="#532">#</a>
						
              <code id="532">    ^</code><br />
						
            
            <a class="navhash" href="#533">#</a>
						
              <code id="533">printcbm.c:66:9: error: 'stdout' undeclared (first use in this function)</code><br />
						
            
            <a class="navhash" href="#534">#</a>
						
              <code id="534">   usage(stdout);</code><br />
						
            
            <a class="navhash" href="#535">#</a>
						
              <code id="535">         ^</code><br />
						
            
            <a class="navhash" href="#536">#</a>
						
              <code id="536">printcbm.c:67:3: warning: incompatible implicit declaration of built-in function 'exit' [enabled by default]</code><br />
						
            
            <a class="navhash" href="#537">#</a>
						
              <code id="537">   exit(0);</code><br />
						
            
            <a class="navhash" href="#538">#</a>
						
              <code id="538">   ^</code><br />
						
            
            <a class="navhash" href="#539">#</a>
						
              <code id="539">printcbm.c:72:3: warning: incompatible implicit declaration of built-in function 'exit' [enabled by default]</code><br />
						
            
            <a class="navhash" href="#540">#</a>
						
              <code id="540">   exit(0);</code><br />
						
            
            <a class="navhash" href="#541">#</a>
						
              <code id="541">   ^</code><br />
						
            
            <a class="navhash" href="#542">#</a>
						
              <code id="542">printcbm.c:75:5: warning: assignment makes pointer from integer without a cast [enabled by default]</code><br />
						
            
            <a class="navhash" href="#543">#</a>
						
              <code id="543">  fp = fopen(argv[1], "rb");</code><br />
						
            
            <a class="navhash" href="#544">#</a>
						
              <code id="544">     ^</code><br />
						
            
            <a class="navhash" href="#545">#</a>
						
              <code id="545">printcbm.c:81:15: error: 'EOF' undeclared (first use in this function)</code><br />
						
            
            <a class="navhash" href="#546">#</a>
						
              <code id="546">   while (b != EOF) {</code><br />
						
            
            <a class="navhash" href="#547">#</a>
						
              <code id="547">               ^</code><br />
						
            
            <a class="navhash" href="#548">#</a>
						
              <code id="548">printcbm.c:88:5: warning: incompatible implicit declaration of built-in function 'printf' [enabled by default]</code><br />
						
            
            <a class="navhash" href="#549">#</a>
						
              <code id="549">     printf("%d ", a);</code><br />
						
            
            <a class="navhash" href="#550">#</a>
						
              <code id="550">     ^</code><br />
						
            
            <a class="navhash" href="#551">#</a>
						
              <code id="551">xa.c:719:14: warning: assignment makes pointer from integer without a cast [enabled by default]</code><br />
						
            
            <a class="navhash" href="#552">#</a>
						
              <code id="552">    if (!(foo = fopen(binfnam, "r"))) {</code><br />
						
            
            <a class="navhash" href="#553">#</a>
						
              <code id="553">              ^</code><br />
						
            
            <a class="navhash" href="#554">#</a>
						
              <code id="554">printcbm.c:105:3: warning: incompatible implicit declaration of built-in function 'printf' [enabled by default]</code><br />
						
            
            <a class="navhash" href="#555">#</a>
						
              <code id="555">   printf("File %s not found!\n", argv[1]);</code><br />
						
            
            <a class="navhash" href="#556">#</a>
						
              <code id="556">   ^</code><br />
						
            
            <a class="navhash" href="#557">#</a>
						
              <code id="557">xa.c:723:24: error: 'SEEK_SET' undeclared (first use in this function)</code><br />
						
            
            <a class="navhash" href="#558">#</a>
						
              <code id="558">     fseek(foo, offset, SEEK_SET);</code><br />
						
            
            <a class="navhash" href="#559">#</a>
						
              <code id="559">                        ^</code><br />
						
            
            <a class="navhash" href="#560">#</a>
						
              <code id="560">xa.c:731:7: warning: incompatible implicit declaration of built-in function 'memset' [enabled by default]</code><br />
						
            
            <a class="navhash" href="#561">#</a>
						
              <code id="561">       memset(datap++, i, 1);</code><br />
						
            
            <a class="navhash" href="#562">#</a>
						
              <code id="562">       ^</code><br />
						
            
            <a class="navhash" href="#563">#</a>
						
              <code id="563">xa.c:743:15: warning: incompatible implicit declaration of built-in function 'fwrite' [enabled by default]</code><br />
						
            
            <a class="navhash" href="#564">#</a>
						
              <code id="564">        if((ll=fwrite(dataseg, 1, dlen, fpout))<dlen) {</code><br />
						
            
            <a class="navhash" href="#565">#</a>
						
              <code id="565">               ^</code><br />
						
            
            <a class="navhash" href="#566">#</a>
						
              <code id="566">xa.c:744:2: warning: incompatible implicit declaration of built-in function 'fprintf' [enabled by default]</code><br />
						
            
            <a class="navhash" href="#567">#</a>
						
              <code id="567">  fprintf(stderr, "Problems writing %d bytes, return gives %d\n",dlen,ll);</code><br />
						
            
            <a class="navhash" href="#568">#</a>
						
              <code id="568">  ^</code><br />
						
            
            <a class="navhash" href="#569">#</a>
						
              <code id="569">xa.c: At top level:</code><br />
						
            
            <a class="navhash" href="#570">#</a>
						<span class="error">
              <code id="570">xa.c:819:35: error: unknown type name 'FILE'</code><br />
						</span>
            
            <a class="navhash" href="#571">#</a>
						
              <code id="571"> static void usage(int default816, FILE *fp)</code><br />
						
            
            <a class="navhash" href="#572">#</a>
						
              <code id="572">                                   ^</code><br />
						
            
            <a class="navhash" href="#573">#</a>
						
              <code id="573">make[1]: *** [Makefile:16: ../printcbm] Error 1</code><br />
						
            
            <a class="navhash" href="#574">#</a>
						
              <code id="574">make[1]: Leaving directory '/tmp/xa/src/xa-2.3.7/misc'</code><br />
						
            
            <a class="navhash" href="#575">#</a>
						
              <code id="575">make[1]: *** [<builtin>: xal.o] Error 1</code><br />
						
            
            <a class="navhash" href="#576">#</a>
						
              <code id="576">xa.c: In function 'errout':</code><br />
						
            
            <a class="navhash" href="#577">#</a>
						
              <code id="577">xa.c:1095:4: warning: incompatible implicit declaration of built-in function 'sprintf' [enabled by default]</code><br />
						
            
            <a class="navhash" href="#578">#</a>
						
              <code id="578">    sprintf(out,"%s:line %d: %04x: Warning - %s\n",</code><br />
						
            
            <a class="navhash" href="#579">#</a>
						
              <code id="579">    ^</code><br />
						
            
            <a class="navhash" href="#580">#</a>
						
              <code id="580">xa.c:1099:11: warning: incompatible implicit declaration of built-in function 'sprintf' [enabled by default]</code><br />
						
            
            <a class="navhash" href="#581">#</a>
						
              <code id="581">           sprintf(out,"%s:line %d: %04x: Unknown error # %d\n",</code><br />
						
            
            <a class="navhash" href="#582">#</a>
						
              <code id="582">           ^</code><br />
						
            
            <a class="navhash" href="#583">#</a>
						
              <code id="583">xa.c:1105:11: warning: incompatible implicit declaration of built-in function 'sprintf' [enabled by default]</code><br />
						
            
            <a class="navhash" href="#584">#</a>
						
              <code id="584">           sprintf(out,"%s:line %d: %04x:Label '%s' not defined\n",</code><br />
						
            
            <a class="navhash" href="#585">#</a>
						
              <code id="585">           ^</code><br />
						
            
            <a class="navhash" href="#586">#</a>
						
              <code id="586">xa.c: In function 'logout':</code><br />
						
            
            <a class="navhash" href="#587">#</a>
						
              <code id="587">xa.c:1125:6: warning: incompatible implicit declaration of built-in function 'fprintf' [enabled by default]</code><br />
						
            
            <a class="navhash" href="#588">#</a>
						
              <code id="588">      fprintf(stderr, "%s",s);</code><br />
						
            
            <a class="navhash" href="#589">#</a>
						
              <code id="589">      ^</code><br />
						
            
            <a class="navhash" href="#590">#</a>
						
              <code id="590">xa.c:1125:14: error: 'stderr' undeclared (first use in this function)</code><br />
						
            
            <a class="navhash" href="#591">#</a>
						
              <code id="591">      fprintf(stderr, "%s",s);</code><br />
						
            
            <a class="navhash" href="#592">#</a>
						
              <code id="592">              ^</code><br />
						
            
            <a class="navhash" href="#593">#</a>
						
              <code id="593">make: *** [Makefile:41: uncpk] Error 2</code><br />
						
            
            <a class="navhash" href="#594">#</a>
						
              <code id="594">make: *** Waiting for unfinished jobs....</code><br />
						
            
            <a class="navhash" href="#595">#</a>
						
              <code id="595">make[1]: *** [<builtin>: xa.o] Error 1</code><br />
						
            
            <a class="navhash" href="#596">#</a>
						
              <code id="596">make[1]: Leaving directory '/tmp/xa/src/xa-2.3.7/src'</code><br />
						
            
            <a class="navhash" href="#597">#</a>
						
              <code id="597">make: *** [Makefile:35: xa] Error 2</code><br />
						
            
            <a class="navhash" href="#598">#</a>
						
              <code id="598">==> ERROR: A failure occurred in build().</code><br />
						
            
            <a class="navhash" href="#599">#</a>
						
              <code id="599">    Aborting...</code><br />
						
            
          </div>
        
      </div>
      <br />
    
  </body>
</html>