<!DOCTYPE html>
<html>
<!-- Jinja template for reports of individual builds

  Copyright 2016 Kareem Khazem. All Rights Reserved.
  Licensed under the Apache License, Version 2.0 (the "License");
  you may not use this file except in compliance with the License.
  You may obtain a copy of the License at

 		 http://www.apache.org/licenses/LICENSE-2.0

  Unless required by applicable law or agreed to in writing, software
  distributed under the License is distributed on an "AS IS" BASIS,
  WITHOUT WARRANTIES OR CONDITIONS OF ANY KIND, either express or
  implied.
  See the License for the specific language governing permissions and
  limitations under the License.
-->
  <head>
    <meta charset="UTF-8">
    <title>musl/js17</title>
    <link href='https://fonts.googleapis.com/css?family=Roboto:400,900'
          rel='stylesheet' type='text/css'>
    <link
    href='https://fonts.googleapis.com/css?family=Source+Code+Pro:400,700'
          rel='stylesheet' type='text/css'>
    <link href="../style.css" type="text/css" rel="stylesheet">
  </head>
  <body>
    <h1>Build of js17
        with <a href="../index.html">musl</a>
        toolchain</h1>
    <p>The build took 00h 01m 29s and was
    NOT successful.</p>
    <p>
    The program in this build is written in the following languages,
    according to <a
    href="http://www.dwheeler.com/sloccount/">sloccount</a>:
    </p>
    <table>
      <tr><th>SLOC</th><th>Language</th></tr>
      
      <tr><td class="loc"><code>217,368</code></td>
          <td class="lang">cpp</td></tr>
      <tr><td class="loc"><code>38,040</code></td>
          <td class="lang">ansic</td></tr>
      <tr><td class="loc"><code>11,671</code></td>
          <td class="lang">sh</td></tr>
      <tr><td class="loc"><code>9,917</code></td>
          <td class="lang">asm</td></tr>
      <tr><td class="loc"><code>4,801</code></td>
          <td class="lang">python</td></tr>
      <tr><td class="loc"><code>623</code></td>
          <td class="lang">perl</td></tr>
      <tr><td class="loc"><code>449</code></td>
          <td class="lang">exp</td></tr>
      <tr><td><code>282,869</code></td>
          <td><em>total</em></td></tr>
    </table>
    <p>
      The process tree of the build process is <a
      href="js17-tree.html">here</a>.
    </p>
    
    
    
    
    
    <h2>List of Errors</h2>
    <ul>
      
      <li>configure_error
        <ul>
          
          <li><a href="#199">configure: error: No system readline library found.</a></li>
          
        </ul>
      </li>
      
    </ul>
    
    
    <h2>Log</h2>
    <p>
    To avoid scrolling, you may jump to the <a
    href="#201">last line</a> of the
    invocation of <code>makepkg</code> that was used to build this
    package.
    </p>
    
    
      <div class="block">
        <div class="info">
          <code>Removed vanilla repositories from pacman.conf and added:</code>
        </div>
        
          <div class="output">
            
            <a class="navhash" href="#1">#</a>
						
              <code id="1">[tuscan]</code><br />
						
            
            <a class="navhash" href="#2">#</a>
						
              <code id="2">Server = file:///var/cache/pacman/pkg/</code><br />
						
            
          </div>
        
      </div>
      <br />
    
      <div class="block">
        <div class="command">
          <code><span class="prompt">CMD: </span>pacman -Syy --noconfirm</code>
        </div>
        
          <div class="output">
            
            <a class="navhash" href="#3">#</a>
						
              <code id="3">:: Synchronizing package databases...</code><br />
						
            
            <a class="navhash" href="#4">#</a>
						
              <code id="4">downloading tuscan.db...</code><br />
						
            
          </div>
        
      </div>
      <br />
    
      <div class="block">
        <div class="info">
          <code>There were existing files in /sysroot, using those</code>
        </div>
        
          <div class="output">
            
            <a class="navhash" href="#5">#</a>
						
              <code id="5">/sysroot/lib</code><br />
						
            
            <a class="navhash" href="#6">#</a>
						
              <code id="6">/sysroot/share</code><br />
						
            
            <a class="navhash" href="#7">#</a>
						
              <code id="7">/sysroot/bin</code><br />
						
            
            <a class="navhash" href="#8">#</a>
						
              <code id="8">/sysroot/include</code><br />
						
            
            <a class="navhash" href="#9">#</a>
						
              <code id="9">/sysroot/libexec</code><br />
						
            
          </div>
        
      </div>
      <br />
    
      <div class="block">
        <div class="command">
          <code><span class="prompt">CMD: </span>sudo -u tuscan PATH=/sysroot/bin:/usr/local/sbin:/usr/local/bin:/usr/sbin:/usr/bin:/sbin:/bin CC=clang CXX=clang++ red makepkg --noextract --syncdeps --skipinteg --skippgpcheck --skipchecksums --noconfirm --nocolor --log --noprogressbar --nocheck</code>
        </div>
        
          <div class="output">
            
            <a class="navhash" href="#10">#</a>
						
              <code id="10">==> Making package: js17 17.0.0-3 (Mon Aug 22 06:46:30 UTC 2016)</code><br />
						
            
            <a class="navhash" href="#11">#</a>
						
              <code id="11">==> Checking runtime dependencies...</code><br />
						
            
            <a class="navhash" href="#12">#</a>
						
              <code id="12">==> Checking buildtime dependencies...</code><br />
						
            
            <a class="navhash" href="#13">#</a>
						
              <code id="13">==> WARNING: Using existing $srcdir/ tree</code><br />
						
            
            <a class="navhash" href="#14">#</a>
						
              <code id="14">==> Starting build()...</code><br />
						
            
            <a class="navhash" href="#15">#</a>
						
              <code id="15">creating cache ./config.cache</code><br />
						
            
            <a class="navhash" href="#16">#</a>
						
              <code id="16">checking host system type... x86_64-unknown-linux-gnu</code><br />
						
            
            <a class="navhash" href="#17">#</a>
						
              <code id="17">checking target system type... x86_64-unknown-linux-gnu</code><br />
						
            
            <a class="navhash" href="#18">#</a>
						
              <code id="18">checking build system type... x86_64-unknown-linux-gnu</code><br />
						
            
            <a class="navhash" href="#19">#</a>
						
              <code id="19">checking for gawk... gawk</code><br />
						
            
            <a class="navhash" href="#20">#</a>
						
              <code id="20">checking for perl5... no</code><br />
						
            
            <a class="navhash" href="#21">#</a>
						
              <code id="21">checking for perl... /usr/sbin/perl</code><br />
						
            
            <a class="navhash" href="#22">#</a>
						
              <code id="22">Can't use 'defined(@array)' (Maybe you should just omit the defined()?) at ./config/milestone.pl line 58.</code><br />
						
            
            <a class="navhash" href="#23">#</a>
						
              <code id="23">Can't use 'defined(@array)' (Maybe you should just omit the defined()?) at ./config/milestone.pl line 58.</code><br />
						
            
            <a class="navhash" href="#24">#</a>
						
              <code id="24">checking for gcc... clang</code><br />
						
            
            <a class="navhash" href="#25">#</a>
						
              <code id="25">checking whether the C compiler (clang  ) works... yes</code><br />
						
            
            <a class="navhash" href="#26">#</a>
						
              <code id="26">checking whether the C compiler (clang  ) is a cross-compiler... yes</code><br />
						
            
            <a class="navhash" href="#27">#</a>
						
              <code id="27">checking whether we are using GNU C... yes</code><br />
						
            
            <a class="navhash" href="#28">#</a>
						
              <code id="28">checking whether clang accepts -g... yes</code><br />
						
            
            <a class="navhash" href="#29">#</a>
						
              <code id="29">checking for c++... clang++</code><br />
						
            
            <a class="navhash" href="#30">#</a>
						
              <code id="30">checking whether the C++ compiler (clang++  ) works... yes</code><br />
						
            
            <a class="navhash" href="#31">#</a>
						
              <code id="31">checking whether the C++ compiler (clang++  ) is a cross-compiler... yes</code><br />
						
            
            <a class="navhash" href="#32">#</a>
						
              <code id="32">checking whether we are using GNU C++... yes</code><br />
						
            
            <a class="navhash" href="#33">#</a>
						
              <code id="33">checking whether clang++ accepts -g... yes</code><br />
						
            
            <a class="navhash" href="#34">#</a>
						
              <code id="34">checking for ranlib... ranlib</code><br />
						
            
            <a class="navhash" href="#35">#</a>
						
              <code id="35">checking for as... /sysroot/bin/as</code><br />
						
            
            <a class="navhash" href="#36">#</a>
						
              <code id="36">checking for ar... ar</code><br />
						
            
            <a class="navhash" href="#37">#</a>
						
              <code id="37">checking for ld... ld</code><br />
						
            
            <a class="navhash" href="#38">#</a>
						
              <code id="38">checking for strip... strip</code><br />
						
            
            <a class="navhash" href="#39">#</a>
						
              <code id="39">checking for windres... no</code><br />
						
            
            <a class="navhash" href="#40">#</a>
						
              <code id="40">checking how to run the C preprocessor... clang -E</code><br />
						
            
            <a class="navhash" href="#41">#</a>
						
              <code id="41">checking how to run the C++ preprocessor... clang++ -E</code><br />
						
            
            <a class="navhash" href="#42">#</a>
						
              <code id="42">checking for sb-conf... no</code><br />
						
            
            <a class="navhash" href="#43">#</a>
						
              <code id="43">checking for ve... no</code><br />
						
            
            <a class="navhash" href="#44">#</a>
						
              <code id="44">checking for a BSD compatible install... /usr/bin/install -c</code><br />
						
            
            <a class="navhash" href="#45">#</a>
						
              <code id="45">checking whether ln -s works... yes</code><br />
						
            
            <a class="navhash" href="#46">#</a>
						
              <code id="46">checking for minimum required perl version >= 5.006... 5.024000</code><br />
						
            
            <a class="navhash" href="#47">#</a>
						
              <code id="47">checking for full perl installation... yes</code><br />
						
            
            <a class="navhash" href="#48">#</a>
						
              <code id="48">checking for python2.7... /usr/sbin/python2.7</code><br />
						
            
            <a class="navhash" href="#49">#</a>
						
              <code id="49">checking for doxygen... /usr/sbin/doxygen</code><br />
						
            
            <a class="navhash" href="#50">#</a>
						
              <code id="50">checking for autoconf... /usr/sbin/autoconf</code><br />
						
            
            <a class="navhash" href="#51">#</a>
						
              <code id="51">checking for makedepend... no</code><br />
						
            
            <a class="navhash" href="#52">#</a>
						
              <code id="52">checking for xargs... /usr/sbin/xargs</code><br />
						
            
            <a class="navhash" href="#53">#</a>
						
              <code id="53">checking for gmake... no</code><br />
						
            
            <a class="navhash" href="#54">#</a>
						
              <code id="54">checking for make... /usr/sbin/make</code><br />
						
            
            <a class="navhash" href="#55">#</a>
						
              <code id="55">checking for X... libraries /usr/lib, headers /usr/include</code><br />
						
            
            <a class="navhash" href="#56">#</a>
						
              <code id="56">checking for dnet_ntoa in -ldnet... no</code><br />
						
            
            <a class="navhash" href="#57">#</a>
						
              <code id="57">checking for dnet_ntoa in -ldnet_stub... no</code><br />
						
            
            <a class="navhash" href="#58">#</a>
						
              <code id="58">checking for gethostbyname... yes</code><br />
						
            
            <a class="navhash" href="#59">#</a>
						
              <code id="59">checking for connect... yes</code><br />
						
            
            <a class="navhash" href="#60">#</a>
						
              <code id="60">checking for remove... yes</code><br />
						
            
            <a class="navhash" href="#61">#</a>
						
              <code id="61">checking for shmat... yes</code><br />
						
            
            <a class="navhash" href="#62">#</a>
						
              <code id="62">checking for IceConnectionNumber in -lICE... yes</code><br />
						
            
            <a class="navhash" href="#63">#</a>
						
              <code id="63">checking that static assertion macros used in autoconf tests work... yes</code><br />
						
            
            <a class="navhash" href="#64">#</a>
						
              <code id="64">checking whether the C compiler supports -Werror=return-type... yes</code><br />
						
            
            <a class="navhash" href="#65">#</a>
						
              <code id="65">checking whether the C compiler supports -Wtype-limits... yes</code><br />
						
            
            <a class="navhash" href="#66">#</a>
						
              <code id="66">checking whether the C compiler supports -Wempty-body... yes</code><br />
						
            
            <a class="navhash" href="#67">#</a>
						
              <code id="67">checking whether the C compiler supports -Wno-overlength-strings... yes</code><br />
						
            
            <a class="navhash" href="#68">#</a>
						
              <code id="68">checking whether the C++ compiler supports -Werror=return-type... yes</code><br />
						
            
            <a class="navhash" href="#69">#</a>
						
              <code id="69">checking whether the C++ compiler supports -Wtype-limits... yes</code><br />
						
            
            <a class="navhash" href="#70">#</a>
						
              <code id="70">checking whether the C++ compiler supports -Wempty-body... yes</code><br />
						
            
            <a class="navhash" href="#71">#</a>
						
              <code id="71">checking whether the C++ compiler supports -Wno-overlength-strings... yes</code><br />
						
            
            <a class="navhash" href="#72">#</a>
						
              <code id="72">checking whether the C++ compiler supports -Wno-invalid-offsetof... yes</code><br />
						
            
            <a class="navhash" href="#73">#</a>
						
              <code id="73">checking whether the C++ compiler supports -Wno-variadic-macros... yes</code><br />
						
            
            <a class="navhash" href="#74">#</a>
						
              <code id="74">checking whether the C++ compiler supports -Wno-extended-offsetof... yes</code><br />
						
            
            <a class="navhash" href="#75">#</a>
						
              <code id="75">checking whether ld has archive extraction flags... yes</code><br />
						
            
            <a class="navhash" href="#76">#</a>
						
              <code id="76">checking for 64-bit OS... yes</code><br />
						
            
            <a class="navhash" href="#77">#</a>
						
              <code id="77">checking for Python version >= 2.5 but not 3.x... yes</code><br />
						
            
            <a class="navhash" href="#78">#</a>
						
              <code id="78">checking for custom <stdint.h> implementation... none specified</code><br />
						
            
            <a class="navhash" href="#79">#</a>
						
              <code id="79">checking whether the linker supports Identical Code Folding... yes</code><br />
						
            
            <a class="navhash" href="#80">#</a>
						
              <code id="80">checking whether removing dead symbols breaks debugging... no</code><br />
						
            
            <a class="navhash" href="#81">#</a>
						
              <code id="81">checking for ANSI C header files... yes</code><br />
						
            
            <a class="navhash" href="#82">#</a>
						
              <code id="82">checking for working const... yes</code><br />
						
            
            <a class="navhash" href="#83">#</a>
						
              <code id="83">checking for mode_t... yes</code><br />
						
            
            <a class="navhash" href="#84">#</a>
						
              <code id="84">checking for off_t... yes</code><br />
						
            
            <a class="navhash" href="#85">#</a>
						
              <code id="85">checking for pid_t... yes</code><br />
						
            
            <a class="navhash" href="#86">#</a>
						
              <code id="86">checking for size_t... yes</code><br />
						
            
            <a class="navhash" href="#87">#</a>
						
              <code id="87">checking for __stdcall... no</code><br />
						
            
            <a class="navhash" href="#88">#</a>
						
              <code id="88">checking for ssize_t... yes</code><br />
						
            
            <a class="navhash" href="#89">#</a>
						
              <code id="89">checking for st_blksize in struct stat... yes</code><br />
						
            
            <a class="navhash" href="#90">#</a>
						
              <code id="90">checking for siginfo_t... yes</code><br />
						
            
            <a class="navhash" href="#91">#</a>
						
              <code id="91">checking for the size of void*... 8</code><br />
						
            
            <a class="navhash" href="#92">#</a>
						
              <code id="92">checking for the alignment of void*... 8</code><br />
						
            
            <a class="navhash" href="#93">#</a>
						
              <code id="93">checking for the size of double... 8</code><br />
						
            
            <a class="navhash" href="#94">#</a>
						
              <code id="94">checking for endian.h... yes</code><br />
						
            
            <a class="navhash" href="#95">#</a>
						
              <code id="95">checking for machine/endian.h... no</code><br />
						
            
            <a class="navhash" href="#96">#</a>
						
              <code id="96">checking for sys/isa_defs.h... no</code><br />
						
            
            <a class="navhash" href="#97">#</a>
						
              <code id="97">checking for uint... yes</code><br />
						
            
            <a class="navhash" href="#98">#</a>
						
              <code id="98">checking for uint_t... no</code><br />
						
            
            <a class="navhash" href="#99">#</a>
						
              <code id="99">checking for uname.domainname... yes</code><br />
						
            
            <a class="navhash" href="#100">#</a>
						
              <code id="100">checking for uname.__domainname... no</code><br />
						
            
            <a class="navhash" href="#101">#</a>
						
              <code id="101">checking for visibility(hidden) attribute... yes</code><br />
						
            
            <a class="navhash" href="#102">#</a>
						
              <code id="102">checking for visibility(default) attribute... yes</code><br />
						
            
            <a class="navhash" href="#103">#</a>
						
              <code id="103">checking for visibility pragma support... yes</code><br />
						
            
            <a class="navhash" href="#104">#</a>
						
              <code id="104">checking For gcc visibility bug with class-level attributes (GCC bug 26905)... no</code><br />
						
            
            <a class="navhash" href="#105">#</a>
						
              <code id="105">checking For x86_64 gcc visibility bug with builtins (GCC bug 20297)... no</code><br />
						
            
            <a class="navhash" href="#106">#</a>
						
              <code id="106">checking for gcc PR49911... no</code><br />
						
            
            <a class="navhash" href="#107">#</a>
						
              <code id="107">checking for dirent.h that defines DIR... yes</code><br />
						
            
            <a class="navhash" href="#108">#</a>
						
              <code id="108">checking for opendir in -ldir... no</code><br />
						
            
            <a class="navhash" href="#109">#</a>
						
              <code id="109">checking for sys/byteorder.h... no</code><br />
						
            
            <a class="navhash" href="#110">#</a>
						
              <code id="110">checking for compat.h... no</code><br />
						
            
            <a class="navhash" href="#111">#</a>
						
              <code id="111">checking for getopt.h... yes</code><br />
						
            
            <a class="navhash" href="#112">#</a>
						
              <code id="112">checking for sys/bitypes.h... no</code><br />
						
            
            <a class="navhash" href="#113">#</a>
						
              <code id="113">checking for memory.h... yes</code><br />
						
            
            <a class="navhash" href="#114">#</a>
						
              <code id="114">checking for unistd.h... yes</code><br />
						
            
            <a class="navhash" href="#115">#</a>
						
              <code id="115">checking for gnu/libc-version.h... no</code><br />
						
            
            <a class="navhash" href="#116">#</a>
						
              <code id="116">checking for nl_types.h... yes</code><br />
						
            
            <a class="navhash" href="#117">#</a>
						
              <code id="117">checking for malloc.h... yes</code><br />
						
            
            <a class="navhash" href="#118">#</a>
						
              <code id="118">checking for X11/XKBlib.h... no</code><br />
						
            
            <a class="navhash" href="#119">#</a>
						
              <code id="119">checking for io.h... no</code><br />
						
            
            <a class="navhash" href="#120">#</a>
						
              <code id="120">checking for cpuid.h... yes</code><br />
						
            
            <a class="navhash" href="#121">#</a>
						
              <code id="121">checking for sys/statvfs.h... yes</code><br />
						
            
            <a class="navhash" href="#122">#</a>
						
              <code id="122">checking for sys/statfs.h... yes</code><br />
						
            
            <a class="navhash" href="#123">#</a>
						
              <code id="123">checking for sys/vfs.h... yes</code><br />
						
            
            <a class="navhash" href="#124">#</a>
						
              <code id="124">checking for sys/mount.h... yes</code><br />
						
            
            <a class="navhash" href="#125">#</a>
						
              <code id="125">checking for sys/quota.h... yes</code><br />
						
            
            <a class="navhash" href="#126">#</a>
						
              <code id="126">checking for linux/quota.h... no</code><br />
						
            
            <a class="navhash" href="#127">#</a>
						
              <code id="127">checking for mmintrin.h... yes</code><br />
						
            
            <a class="navhash" href="#128">#</a>
						
              <code id="128">checking for new... yes</code><br />
						
            
            <a class="navhash" href="#129">#</a>
						
              <code id="129">checking for sys/cdefs.h... no</code><br />
						
            
            <a class="navhash" href="#130">#</a>
						
              <code id="130">checking for linux/perf_event.h... no</code><br />
						
            
            <a class="navhash" href="#131">#</a>
						
              <code id="131">checking for gethostbyname_r in -lc_r... no</code><br />
						
            
            <a class="navhash" href="#132">#</a>
						
              <code id="132">checking for library containing dlopen... none required</code><br />
						
            
            <a class="navhash" href="#133">#</a>
						
              <code id="133">checking for dlfcn.h... yes</code><br />
						
            
            <a class="navhash" href="#134">#</a>
						
              <code id="134">checking for dladdr... yes</code><br />
						
            
            <a class="navhash" href="#135">#</a>
						
              <code id="135">checking for socket in -lsocket... no</code><br />
						
            
            <a class="navhash" href="#136">#</a>
						
              <code id="136">checking for pthread_create in -lpthreads... no</code><br />
						
            
            <a class="navhash" href="#137">#</a>
						
              <code id="137">checking for pthread_create in -lpthread... yes</code><br />
						
            
            <a class="navhash" href="#138">#</a>
						
              <code id="138">checking whether clang accepts -pthread... yes</code><br />
						
            
            <a class="navhash" href="#139">#</a>
						
              <code id="139">checking whether clang needs -traditional... no</code><br />
						
            
            <a class="navhash" href="#140">#</a>
						
              <code id="140">checking for 8-bit clean memcmp... no</code><br />
						
            
            <a class="navhash" href="#141">#</a>
						
              <code id="141">checking for fchmod... yes</code><br />
						
            
            <a class="navhash" href="#142">#</a>
						
              <code id="142">checking for flockfile... yes</code><br />
						
            
            <a class="navhash" href="#143">#</a>
						
              <code id="143">checking for getc_unlocked... yes</code><br />
						
            
            <a class="navhash" href="#144">#</a>
						
              <code id="144">checking for _getc_nolock... no</code><br />
						
            
            <a class="navhash" href="#145">#</a>
						
              <code id="145">checking for getpagesize... yes</code><br />
						
            
            <a class="navhash" href="#146">#</a>
						
              <code id="146">checking for lchown... yes</code><br />
						
            
            <a class="navhash" href="#147">#</a>
						
              <code id="147">checking for localtime_r... yes</code><br />
						
            
            <a class="navhash" href="#148">#</a>
						
              <code id="148">checking for lstat64... yes</code><br />
						
            
            <a class="navhash" href="#149">#</a>
						
              <code id="149">checking for memmove... yes</code><br />
						
            
            <a class="navhash" href="#150">#</a>
						
              <code id="150">checking for random... yes</code><br />
						
            
            <a class="navhash" href="#151">#</a>
						
              <code id="151">checking for rint... yes</code><br />
						
            
            <a class="navhash" href="#152">#</a>
						
              <code id="152">checking for sbrk... yes</code><br />
						
            
            <a class="navhash" href="#153">#</a>
						
              <code id="153">checking for snprintf... yes</code><br />
						
            
            <a class="navhash" href="#154">#</a>
						
              <code id="154">checking for stat64... yes</code><br />
						
            
            <a class="navhash" href="#155">#</a>
						
              <code id="155">checking for statvfs... yes</code><br />
						
            
            <a class="navhash" href="#156">#</a>
						
              <code id="156">checking for statvfs64... yes</code><br />
						
            
            <a class="navhash" href="#157">#</a>
						
              <code id="157">checking for strerror... yes</code><br />
						
            
            <a class="navhash" href="#158">#</a>
						
              <code id="158">checking for strtok_r... yes</code><br />
						
            
            <a class="navhash" href="#159">#</a>
						
              <code id="159">checking for truncate64... yes</code><br />
						
            
            <a class="navhash" href="#160">#</a>
						
              <code id="160">checking for wcrtomb... yes</code><br />
						
            
            <a class="navhash" href="#161">#</a>
						
              <code id="161">checking for mbrtowc... yes</code><br />
						
            
            <a class="navhash" href="#162">#</a>
						
              <code id="162">checking for res_ninit()... no</code><br />
						
            
            <a class="navhash" href="#163">#</a>
						
              <code id="163">checking for gnu_get_libc_version()... no</code><br />
						
            
            <a class="navhash" href="#164">#</a>
						
              <code id="164">checking for an implementation of va_copy()... no</code><br />
						
            
            <a class="navhash" href="#165">#</a>
						
              <code id="165">checking for an implementation of __va_copy()... no</code><br />
						
            
            <a class="navhash" href="#166">#</a>
						
              <code id="166">checking whether va_lists can be copied by value... yes</code><br />
						
            
            <a class="navhash" href="#167">#</a>
						
              <code id="167">checking for modern C++ template specialization syntax support... yes</code><br />
						
            
            <a class="navhash" href="#168">#</a>
						
              <code id="168">checking whether partial template specialization works... yes</code><br />
						
            
            <a class="navhash" href="#169">#</a>
						
              <code id="169">checking whether the C++ "using" keyword resolves ambiguity... yes</code><br />
						
            
            <a class="navhash" href="#170">#</a>
						
              <code id="170">checking for C++ dynamic_cast to void*... no</code><br />
						
            
            <a class="navhash" href="#171">#</a>
						
              <code id="171">checking whether C++ requires implementation of unused virtual methods... yes</code><br />
						
            
            <a class="navhash" href="#172">#</a>
						
              <code id="172">checking for trouble comparing to zero near std::operator!=()... no</code><br />
						
            
            <a class="navhash" href="#173">#</a>
						
              <code id="173">checking for __thread keyword for TLS variables... yes</code><br />
						
            
            <a class="navhash" href="#174">#</a>
						
              <code id="174">checking for malloc.h... (cached) yes</code><br />
						
            
            <a class="navhash" href="#175">#</a>
						
              <code id="175">checking for strndup... yes</code><br />
						
            
            <a class="navhash" href="#176">#</a>
						
              <code id="176">checking for posix_memalign... yes</code><br />
						
            
            <a class="navhash" href="#177">#</a>
						
              <code id="177">checking for memalign... yes</code><br />
						
            
            <a class="navhash" href="#178">#</a>
						
              <code id="178">checking for valloc... yes</code><br />
						
            
            <a class="navhash" href="#179">#</a>
						
              <code id="179">checking for __attribute__((always_inline))... yes</code><br />
						
            
            <a class="navhash" href="#180">#</a>
						
              <code id="180">checking for __attribute__((malloc))... yes</code><br />
						
            
            <a class="navhash" href="#181">#</a>
						
              <code id="181">checking for __attribute__((warn_unused_result))... yes</code><br />
						
            
            <a class="navhash" href="#182">#</a>
						
              <code id="182">checking for LC_MESSAGES... yes</code><br />
						
            
            <a class="navhash" href="#183">#</a>
						
              <code id="183">checking for localeconv... yes</code><br />
						
            
            <a class="navhash" href="#184">#</a>
						
              <code id="184">checking for nspr-config... /usr/sbin/nspr-config</code><br />
						
            
            <a class="navhash" href="#185">#</a>
						
              <code id="185">checking for NSPR - version >= 4.9.2... yes</code><br />
						
            
            <a class="navhash" href="#186">#</a>
						
              <code id="186">checking for gzread in -lz... no</code><br />
						
            
            <a class="navhash" href="#187">#</a>
						
              <code id="187">checking for valid optimization flags... yes</code><br />
						
            
            <a class="navhash" href="#188">#</a>
						
              <code id="188">checking for __cxa_demangle... yes</code><br />
						
            
            <a class="navhash" href="#189">#</a>
						
              <code id="189">checking for unwind.h... yes</code><br />
						
            
            <a class="navhash" href="#190">#</a>
						
              <code id="190">checking for _Unwind_Backtrace... no</code><br />
						
            
            <a class="navhash" href="#191">#</a>
						
              <code id="191">checking for -pipe support... yes</code><br />
						
            
            <a class="navhash" href="#192">#</a>
						
              <code id="192">checking whether C compiler supports -fprofile-generate... yes</code><br />
						
            
            <a class="navhash" href="#193">#</a>
						
              <code id="193">checking whether C++ compiler has -pedantic long long bug... no</code><br />
						
            
            <a class="navhash" href="#194">#</a>
						
              <code id="194">checking for correct overload resolution with const and templates... no</code><br />
						
            
            <a class="navhash" href="#195">#</a>
						
              <code id="195">checking for tm_zone tm_gmtoff in struct tm... yes</code><br />
						
            
            <a class="navhash" href="#196">#</a>
						
              <code id="196">checking what kind of list files are supported by the linker... linkerscript</code><br />
						
            
            <a class="navhash" href="#197">#</a>
						
              <code id="197">checking what kind of ordering can be done with the linker... section-ordering-file</code><br />
						
            
            <a class="navhash" href="#198">#</a>
						
              <code id="198">checking for readline in -lreadline... no</code><br />
						
            
            <a class="navhash" href="#199">#</a>
						<span class="error">
              <code id="199">configure: error: No system readline library found.</code><br />
						</span>
            
            <a class="navhash" href="#200">#</a>
						
              <code id="200">==> ERROR: A failure occurred in build().</code><br />
						
            
            <a class="navhash" href="#201">#</a>
						
              <code id="201">    Aborting...</code><br />
						
            
          </div>
        
      </div>
      <br />
    
      <div class="block">
        <div class="info">
          <code>Printing config logfiles</code>
        </div>
        
      </div>
      <br />
    
      <div class="block">
        <div class="command">
          <code><span class="prompt">CMD: </span>config logfiles '/tmp/js17/src/mozjs17.0.0/js/src/config.log'</code>
        </div>
        
          <div class="output">
            
            <a class="navhash" href="#202">#</a>
						
              <code id="202">This file contains any messages produced by compilers while</code><br />
						
            
            <a class="navhash" href="#203">#</a>
						
              <code id="203">running configure, to aid debugging if configure makes a mistake.</code><br />
						
            
            <a class="navhash" href="#204">#</a>
						
              <code id="204"></code><br />
						
            
            <a class="navhash" href="#205">#</a>
						
              <code id="205">configure:850: checking host system type</code><br />
						
            
            <a class="navhash" href="#206">#</a>
						
              <code id="206">configure:871: checking target system type</code><br />
						
            
            <a class="navhash" href="#207">#</a>
						
              <code id="207">configure:889: checking build system type</code><br />
						
            
            <a class="navhash" href="#208">#</a>
						
              <code id="208">configure:951: checking for gawk</code><br />
						
            
            <a class="navhash" href="#209">#</a>
						
              <code id="209">configure:1196: checking for perl5</code><br />
						
            
            <a class="navhash" href="#210">#</a>
						
              <code id="210">configure:1196: checking for perl</code><br />
						
            
            <a class="navhash" href="#211">#</a>
						
              <code id="211">configure:2566: checking for gcc</code><br />
						
            
            <a class="navhash" href="#212">#</a>
						
              <code id="212">configure:2679: checking whether the C compiler (clang  ) works</code><br />
						
            
            <a class="navhash" href="#213">#</a>
						
              <code id="213">configure:2695: clang -o conftest    conftest.c  1>&5</code><br />
						
            
            <a class="navhash" href="#214">#</a>
						
              <code id="214">configure:2692:1: warning: type specifier missing, defaults to 'int' [-Wimplicit-int]</code><br />
						
            
            <a class="navhash" href="#215">#</a>
						
              <code id="215">main(){return(0);}</code><br />
						
            
            <a class="navhash" href="#216">#</a>
						
              <code id="216">^</code><br />
						
            
            <a class="navhash" href="#217">#</a>
						
              <code id="217">1 warning generated.</code><br />
						
            
            <a class="navhash" href="#218">#</a>
						
              <code id="218">configure:2721: checking whether the C compiler (clang  ) is a cross-compiler</code><br />
						
            
            <a class="navhash" href="#219">#</a>
						
              <code id="219">configure:2726: checking whether we are using GNU C</code><br />
						
            
            <a class="navhash" href="#220">#</a>
						
              <code id="220">configure:2735: clang -E conftest.c</code><br />
						
            
            <a class="navhash" href="#221">#</a>
						
              <code id="221">configure:2754: checking whether clang accepts -g</code><br />
						
            
            <a class="navhash" href="#222">#</a>
						
              <code id="222">configure:2790: checking for c++</code><br />
						
            
            <a class="navhash" href="#223">#</a>
						
              <code id="223">configure:2822: checking whether the C++ compiler (clang++  ) works</code><br />
						
            
            <a class="navhash" href="#224">#</a>
						
              <code id="224">configure:2838: clang++ -o conftest    conftest.C  1>&5</code><br />
						
            
            <a class="navhash" href="#225">#</a>
						
              <code id="225">configure:2864: checking whether the C++ compiler (clang++  ) is a cross-compiler</code><br />
						
            
            <a class="navhash" href="#226">#</a>
						
              <code id="226">configure:2869: checking whether we are using GNU C++</code><br />
						
            
            <a class="navhash" href="#227">#</a>
						
              <code id="227">configure:2878: clang++ -E conftest.C</code><br />
						
            
            <a class="navhash" href="#228">#</a>
						
              <code id="228">configure:2897: checking whether clang++ accepts -g</code><br />
						
            
            <a class="navhash" href="#229">#</a>
						
              <code id="229">configure:2946: clang -c   conftest.c 1>&5</code><br />
						
            
            <a class="navhash" href="#230">#</a>
						
              <code id="230">configure:2963: clang -c   conftest.c 1>&5</code><br />
						
            
            <a class="navhash" href="#231">#</a>
						
              <code id="231">configure:2959:1: warning: implicitly declaring library function 'exit' with type 'void (int) __attribute__((noreturn))' [-Wimplicit-function-declaration]</code><br />
						
            
            <a class="navhash" href="#232">#</a>
						
              <code id="232">exit (42);</code><br />
						
            
            <a class="navhash" href="#233">#</a>
						
              <code id="233">^</code><br />
						
            
            <a class="navhash" href="#234">#</a>
						
              <code id="234">configure:2959:1: note: include the header <stdlib.h> or explicitly provide a declaration for 'exit'</code><br />
						
            
            <a class="navhash" href="#235">#</a>
						
              <code id="235">1 warning generated.</code><br />
						
            
            <a class="navhash" href="#236">#</a>
						
              <code id="236">configure:2982: checking for ranlib</code><br />
						
            
            <a class="navhash" href="#237">#</a>
						
              <code id="237">configure:3014: checking for as</code><br />
						
            
            <a class="navhash" href="#238">#</a>
						
              <code id="238">configure:3068: checking for ar</code><br />
						
            
            <a class="navhash" href="#239">#</a>
						
              <code id="239">configure:3103: checking for ld</code><br />
						
            
            <a class="navhash" href="#240">#</a>
						
              <code id="240">configure:3138: checking for strip</code><br />
						
            
            <a class="navhash" href="#241">#</a>
						
              <code id="241">configure:3173: checking for windres</code><br />
						
            
            <a class="navhash" href="#242">#</a>
						
              <code id="242">configure:3729: checking how to run the C preprocessor</code><br />
						
            
            <a class="navhash" href="#243">#</a>
						
              <code id="243">configure:3750: clang -E  conftest.c >/dev/null 2>conftest.out</code><br />
						
            
            <a class="navhash" href="#244">#</a>
						
              <code id="244">configure:3809: checking how to run the C++ preprocessor</code><br />
						
            
            <a class="navhash" href="#245">#</a>
						
              <code id="245">configure:3827: clang++ -E  conftest.C >/dev/null 2>conftest.out</code><br />
						
            
            <a class="navhash" href="#246">#</a>
						
              <code id="246">configure:3919: checking for sb-conf</code><br />
						
            
            <a class="navhash" href="#247">#</a>
						
              <code id="247">configure:3919: checking for ve</code><br />
						
            
            <a class="navhash" href="#248">#</a>
						
              <code id="248">configure:3981: checking for a BSD compatible install</code><br />
						
            
            <a class="navhash" href="#249">#</a>
						
              <code id="249">configure:4034: checking whether ln -s works</code><br />
						
            
            <a class="navhash" href="#250">#</a>
						
              <code id="250">configure:4057: checking for minimum required perl version >= 5.006</code><br />
						
            
            <a class="navhash" href="#251">#</a>
						
              <code id="251">configure:4068: checking for full perl installation</code><br />
						
            
            <a class="navhash" href="#252">#</a>
						
              <code id="252">configure:4083: checking for python2.7</code><br />
						
            
            <a class="navhash" href="#253">#</a>
						
              <code id="253">configure:4143: checking for doxygen</code><br />
						
            
            <a class="navhash" href="#254">#</a>
						
              <code id="254">configure:4192: checking for autoconf</code><br />
						
            
            <a class="navhash" href="#255">#</a>
						
              <code id="255">configure:4241: checking for makedepend</code><br />
						
            
            <a class="navhash" href="#256">#</a>
						
              <code id="256">configure:4289: checking for xargs</code><br />
						
            
            <a class="navhash" href="#257">#</a>
						
              <code id="257">configure:4638: checking for gmake</code><br />
						
            
            <a class="navhash" href="#258">#</a>
						
              <code id="258">configure:4638: checking for make</code><br />
						
            
            <a class="navhash" href="#259">#</a>
						
              <code id="259">configure:4705: checking for X</code><br />
						
            
            <a class="navhash" href="#260">#</a>
						
              <code id="260">configure:4772: clang -E  conftest.c >/dev/null 2>conftest.out</code><br />
						
            
            <a class="navhash" href="#261">#</a>
						
              <code id="261">configure:4768:10: fatal error: 'X11/Intrinsic.h' file not found</code><br />
						
            
            <a class="navhash" href="#262">#</a>
						
              <code id="262">#include <X11/Intrinsic.h></code><br />
						
            
            <a class="navhash" href="#263">#</a>
						
              <code id="263">^</code><br />
						
            
            <a class="navhash" href="#264">#</a>
						
              <code id="264">1 error generated.</code><br />
						
            
            <a class="navhash" href="#265">#</a>
						
              <code id="265">configure: failed program was:</code><br />
						
            
            <a class="navhash" href="#266">#</a>
						
              <code id="266">#line 4767 "configure"</code><br />
						
            
            <a class="navhash" href="#267">#</a>
						
              <code id="267">#include "confdefs.h"</code><br />
						
            
            <a class="navhash" href="#268">#</a>
						
              <code id="268">#include <X11/Intrinsic.h></code><br />
						
            
            <a class="navhash" href="#269">#</a>
						
              <code id="269">configure:4848: clang -o conftest    conftest.c -lXt  1>&5</code><br />
						
            
            <a class="navhash" href="#270">#</a>
						
              <code id="270">configure:4844:1: warning: implicit declaration of function 'XtMalloc' is invalid in C99 [-Wimplicit-function-declaration]</code><br />
						
            
            <a class="navhash" href="#271">#</a>
						
              <code id="271">XtMalloc()</code><br />
						
            
            <a class="navhash" href="#272">#</a>
						
              <code id="272">^</code><br />
						
            
            <a class="navhash" href="#273">#</a>
						
              <code id="273">1 warning generated.</code><br />
						
            
            <a class="navhash" href="#274">#</a>
						
              <code id="274">/sysroot/bin/ld: error: cannot find -lXt</code><br />
						
            
            <a class="navhash" href="#275">#</a>
						
              <code id="275">/tmp/conftest-c0a3ec.o:conftest.c:function main: error: undefined reference to 'XtMalloc'</code><br />
						
            
            <a class="navhash" href="#276">#</a>
						
              <code id="276">clang-3.8: error: linker command failed with exit code 1 (use -v to see invocation)</code><br />
						
            
            <a class="navhash" href="#277">#</a>
						
              <code id="277">configure: failed program was:</code><br />
						
            
            <a class="navhash" href="#278">#</a>
						
              <code id="278">#line 4841 "configure"</code><br />
						
            
            <a class="navhash" href="#279">#</a>
						
              <code id="279">#include "confdefs.h"</code><br />
						
            
            <a class="navhash" href="#280">#</a>
						
              <code id="280"></code><br />
						
            
            <a class="navhash" href="#281">#</a>
						
              <code id="281">int main() {</code><br />
						
            
            <a class="navhash" href="#282">#</a>
						
              <code id="282">XtMalloc()</code><br />
						
            
            <a class="navhash" href="#283">#</a>
						
              <code id="283">; return 0; }</code><br />
						
            
            <a class="navhash" href="#284">#</a>
						
              <code id="284">configure:5022: checking for dnet_ntoa in -ldnet</code><br />
						
            
            <a class="navhash" href="#285">#</a>
						
              <code id="285">configure:5041: clang -o conftest    conftest.c -ldnet   1>&5</code><br />
						
            
            <a class="navhash" href="#286">#</a>
						
              <code id="286">/sysroot/bin/ld: error: cannot find -ldnet</code><br />
						
            
            <a class="navhash" href="#287">#</a>
						
              <code id="287">/tmp/conftest-c8b3d7.o:conftest.c:function main: error: undefined reference to 'dnet_ntoa'</code><br />
						
            
            <a class="navhash" href="#288">#</a>
						
              <code id="288">clang-3.8: error: linker command failed with exit code 1 (use -v to see invocation)</code><br />
						
            
            <a class="navhash" href="#289">#</a>
						
              <code id="289">configure: failed program was:</code><br />
						
            
            <a class="navhash" href="#290">#</a>
						
              <code id="290">#line 5030 "configure"</code><br />
						
            
            <a class="navhash" href="#291">#</a>
						
              <code id="291">#include "confdefs.h"</code><br />
						
            
            <a class="navhash" href="#292">#</a>
						
              <code id="292">/* Override any gcc2 internal prototype to avoid an error.  */</code><br />
						
            
            <a class="navhash" href="#293">#</a>
						
              <code id="293">/* We use char because int might match the return type of a gcc2</code><br />
						
            
            <a class="navhash" href="#294">#</a>
						
              <code id="294">builtin and then its argument prototype would still apply.  */</code><br />
						
            
            <a class="navhash" href="#295">#</a>
						
              <code id="295">char dnet_ntoa();</code><br />
						
            
            <a class="navhash" href="#296">#</a>
						
              <code id="296"></code><br />
						
            
            <a class="navhash" href="#297">#</a>
						
              <code id="297">int main() {</code><br />
						
            
            <a class="navhash" href="#298">#</a>
						
              <code id="298">dnet_ntoa()</code><br />
						
            
            <a class="navhash" href="#299">#</a>
						
              <code id="299">; return 0; }</code><br />
						
            
            <a class="navhash" href="#300">#</a>
						
              <code id="300">configure:5063: checking for dnet_ntoa in -ldnet_stub</code><br />
						
            
            <a class="navhash" href="#301">#</a>
						
              <code id="301">configure:5082: clang -o conftest    conftest.c -ldnet_stub   1>&5</code><br />
						
            
            <a class="navhash" href="#302">#</a>
						
              <code id="302">/sysroot/bin/ld: error: cannot find -ldnet_stub</code><br />
						
            
            <a class="navhash" href="#303">#</a>
						
              <code id="303">/tmp/conftest-4a5b44.o:conftest.c:function main: error: undefined reference to 'dnet_ntoa'</code><br />
						
            
            <a class="navhash" href="#304">#</a>
						
              <code id="304">clang-3.8: error: linker command failed with exit code 1 (use -v to see invocation)</code><br />
						
            
            <a class="navhash" href="#305">#</a>
						
              <code id="305">configure: failed program was:</code><br />
						
            
            <a class="navhash" href="#306">#</a>
						
              <code id="306">#line 5071 "configure"</code><br />
						
            
            <a class="navhash" href="#307">#</a>
						
              <code id="307">#include "confdefs.h"</code><br />
						
            
            <a class="navhash" href="#308">#</a>
						
              <code id="308">/* Override any gcc2 internal prototype to avoid an error.  */</code><br />
						
            
            <a class="navhash" href="#309">#</a>
						
              <code id="309">/* We use char because int might match the return type of a gcc2</code><br />
						
            
            <a class="navhash" href="#310">#</a>
						
              <code id="310">builtin and then its argument prototype would still apply.  */</code><br />
						
            
            <a class="navhash" href="#311">#</a>
						
              <code id="311">char dnet_ntoa();</code><br />
						
            
            <a class="navhash" href="#312">#</a>
						
              <code id="312"></code><br />
						
            
            <a class="navhash" href="#313">#</a>
						
              <code id="313">int main() {</code><br />
						
            
            <a class="navhash" href="#314">#</a>
						
              <code id="314">dnet_ntoa()</code><br />
						
            
            <a class="navhash" href="#315">#</a>
						
              <code id="315">; return 0; }</code><br />
						
            
            <a class="navhash" href="#316">#</a>
						
              <code id="316">configure:5111: checking for gethostbyname</code><br />
						
            
            <a class="navhash" href="#317">#</a>
						
              <code id="317">configure:5139: clang -o conftest    conftest.c  1>&5</code><br />
						
            
            <a class="navhash" href="#318">#</a>
						
              <code id="318">configure:5209: checking for connect</code><br />
						
            
            <a class="navhash" href="#319">#</a>
						
              <code id="319">configure:5237: clang -o conftest    conftest.c  1>&5</code><br />
						
            
            <a class="navhash" href="#320">#</a>
						
              <code id="320">configure:5301: checking for remove</code><br />
						
            
            <a class="navhash" href="#321">#</a>
						
              <code id="321">configure:5329: clang -o conftest    conftest.c  1>&5</code><br />
						
            
            <a class="navhash" href="#322">#</a>
						
              <code id="322">configure:5393: checking for shmat</code><br />
						
            
            <a class="navhash" href="#323">#</a>
						
              <code id="323">configure:5421: clang -o conftest    conftest.c  1>&5</code><br />
						
            
            <a class="navhash" href="#324">#</a>
						
              <code id="324">configure:5494: checking for IceConnectionNumber in -lICE</code><br />
						
            
            <a class="navhash" href="#325">#</a>
						
              <code id="325">configure:5513: clang -o conftest    -L/usr/lib conftest.c -lICE   1>&5</code><br />
						
            
            <a class="navhash" href="#326">#</a>
						
              <code id="326">configure:5904: clang -c   conftest.c 1>&5</code><br />
						
            
            <a class="navhash" href="#327">#</a>
						
              <code id="327">configure:5900:15: error: use of undeclared identifier '__thumb2__'</code><br />
						
            
            <a class="navhash" href="#328">#</a>
						
              <code id="328">return sizeof(__thumb2__);</code><br />
						
            
            <a class="navhash" href="#329">#</a>
						
              <code id="329">^</code><br />
						
            
            <a class="navhash" href="#330">#</a>
						
              <code id="330">1 error generated.</code><br />
						
            
            <a class="navhash" href="#331">#</a>
						
              <code id="331">configure: failed program was:</code><br />
						
            
            <a class="navhash" href="#332">#</a>
						
              <code id="332">#line 5897 "configure"</code><br />
						
            
            <a class="navhash" href="#333">#</a>
						
              <code id="333">#include "confdefs.h"</code><br />
						
            
            <a class="navhash" href="#334">#</a>
						
              <code id="334"></code><br />
						
            
            <a class="navhash" href="#335">#</a>
						
              <code id="335">int main() {</code><br />
						
            
            <a class="navhash" href="#336">#</a>
						
              <code id="336">return sizeof(__thumb2__);</code><br />
						
            
            <a class="navhash" href="#337">#</a>
						
              <code id="337">; return 0; }</code><br />
						
            
            <a class="navhash" href="#338">#</a>
						
              <code id="338">configure:6098: checking that static assertion macros used in autoconf tests work</code><br />
						
            
            <a class="navhash" href="#339">#</a>
						
              <code id="339">configure:6119: clang -c   conftest.c 1>&5</code><br />
						
            
            <a class="navhash" href="#340">#</a>
						
              <code id="340">configure:6136: clang -c   conftest.c 1>&5</code><br />
						
            
            <a class="navhash" href="#341">#</a>
						
              <code id="341">configure:6136:1: error: 'static_assert_line_6136' declared as an array with a negative size</code><br />
						
            
            <a class="navhash" href="#342">#</a>
						
              <code id="342">CONFIGURE_STATIC_ASSERT(0)</code><br />
						
            
            <a class="navhash" href="#343">#</a>
						
              <code id="343">^~~~~~~~~~~~~~~~~~~~~~~~~~</code><br />
						
            
            <a class="navhash" href="#344">#</a>
						
              <code id="344">configure:6131:44: note: expanded from macro 'CONFIGURE_STATIC_ASSERT'</code><br />
						
            
            <a class="navhash" href="#345">#</a>
						
              <code id="345">#define CONFIGURE_STATIC_ASSERT(condition) CONFIGURE_STATIC_ASSERT_IMPL(condition, __LINE__)</code><br />
						
            
            <a class="navhash" href="#346">#</a>
						
              <code id="346">^~~~~~~~~~~~~~~~~~~~~~~~~~~~~~~~~~~~~~~~~~~~~~~~~</code><br />
						
            
            <a class="navhash" href="#347">#</a>
						
              <code id="347">configure:6132:55: note: expanded from macro 'CONFIGURE_STATIC_ASSERT_IMPL'</code><br />
						
            
            <a class="navhash" href="#348">#</a>
						
              <code id="348">#define CONFIGURE_STATIC_ASSERT_IMPL(condition, line) CONFIGURE_STATIC_ASSERT_IMPL2(condition, line)</code><br />
						
            
            <a class="navhash" href="#349">#</a>
						
              <code id="349">^~~~~~~~~~~~~~~~~~~~~~~~~~~~~~~~~~~~~~~~~~~~~~</code><br />
						
            
            <a class="navhash" href="#350">#</a>
						
              <code id="350">configure:6133:94: note: expanded from macro 'CONFIGURE_STATIC_ASSERT_IMPL2'</code><br />
						
            
            <a class="navhash" href="#351">#</a>
						
              <code id="351">#define CONFIGURE_STATIC_ASSERT_IMPL2(condition, line) typedef int static_assert_line_##line[(condition) ? 1 : -1]</code><br />
						
            
            <a class="navhash" href="#352">#</a>
						
              <code id="352">^~~~~~~~~~~~~~~~~~~~</code><br />
						
            
            <a class="navhash" href="#353">#</a>
						
              <code id="353">1 error generated.</code><br />
						
            
            <a class="navhash" href="#354">#</a>
						
              <code id="354">configure: failed program was:</code><br />
						
            
            <a class="navhash" href="#355">#</a>
						
              <code id="355">#line 6129 "configure"</code><br />
						
            
            <a class="navhash" href="#356">#</a>
						
              <code id="356">#include "confdefs.h"</code><br />
						
            
            <a class="navhash" href="#357">#</a>
						
              <code id="357"></code><br />
						
            
            <a class="navhash" href="#358">#</a>
						
              <code id="358">#define CONFIGURE_STATIC_ASSERT(condition) CONFIGURE_STATIC_ASSERT_IMPL(condition, __LINE__)</code><br />
						
            
            <a class="navhash" href="#359">#</a>
						
              <code id="359">#define CONFIGURE_STATIC_ASSERT_IMPL(condition, line) CONFIGURE_STATIC_ASSERT_IMPL2(condition, line)</code><br />
						
            
            <a class="navhash" href="#360">#</a>
						
              <code id="360">#define CONFIGURE_STATIC_ASSERT_IMPL2(condition, line) typedef int static_assert_line_##line[(condition) ? 1 : -1]</code><br />
						
            
            <a class="navhash" href="#361">#</a>
						
              <code id="361"></code><br />
						
            
            <a class="navhash" href="#362">#</a>
						
              <code id="362">int main() {</code><br />
						
            
            <a class="navhash" href="#363">#</a>
						
              <code id="363">CONFIGURE_STATIC_ASSERT(0)</code><br />
						
            
            <a class="navhash" href="#364">#</a>
						
              <code id="364">; return 0; }</code><br />
						
            
            <a class="navhash" href="#365">#</a>
						
              <code id="365">configure:6159: clang++ -c   conftest.C 1>&5</code><br />
						
            
            <a class="navhash" href="#366">#</a>
						
              <code id="366">configure:6176: clang++ -c   conftest.C 1>&5</code><br />
						
            
            <a class="navhash" href="#367">#</a>
						
              <code id="367">configure:6176:1: error: 'static_assert_line_6176' declared as an array with a negative size</code><br />
						
            
            <a class="navhash" href="#368">#</a>
						
              <code id="368">CONFIGURE_STATIC_ASSERT(0)</code><br />
						
            
            <a class="navhash" href="#369">#</a>
						
              <code id="369">^~~~~~~~~~~~~~~~~~~~~~~~~~</code><br />
						
            
            <a class="navhash" href="#370">#</a>
						
              <code id="370">configure:6171:44: note: expanded from macro 'CONFIGURE_STATIC_ASSERT'</code><br />
						
            
            <a class="navhash" href="#371">#</a>
						
              <code id="371">#define CONFIGURE_STATIC_ASSERT(condition) CONFIGURE_STATIC_ASSERT_IMPL(condition, __LINE__)</code><br />
						
            
            <a class="navhash" href="#372">#</a>
						
              <code id="372">^~~~~~~~~~~~~~~~~~~~~~~~~~~~~~~~~~~~~~~~~~~~~~~~~</code><br />
						
            
            <a class="navhash" href="#373">#</a>
						
              <code id="373">configure:6172:55: note: expanded from macro 'CONFIGURE_STATIC_ASSERT_IMPL'</code><br />
						
            
            <a class="navhash" href="#374">#</a>
						
              <code id="374">#define CONFIGURE_STATIC_ASSERT_IMPL(condition, line) CONFIGURE_STATIC_ASSERT_IMPL2(condition, line)</code><br />
						
            
            <a class="navhash" href="#375">#</a>
						
              <code id="375">^~~~~~~~~~~~~~~~~~~~~~~~~~~~~~~~~~~~~~~~~~~~~~</code><br />
						
            
            <a class="navhash" href="#376">#</a>
						
              <code id="376">configure:6173:94: note: expanded from macro 'CONFIGURE_STATIC_ASSERT_IMPL2'</code><br />
						
            
            <a class="navhash" href="#377">#</a>
						
              <code id="377">#define CONFIGURE_STATIC_ASSERT_IMPL2(condition, line) typedef int static_assert_line_##line[(condition) ? 1 : -1]</code><br />
						
            
            <a class="navhash" href="#378">#</a>
						
              <code id="378">^~~~~~~~~~~~~~~~~~~~</code><br />
						
            
            <a class="navhash" href="#379">#</a>
						
              <code id="379">1 error generated.</code><br />
						
            
            <a class="navhash" href="#380">#</a>
						
              <code id="380">configure: failed program was:</code><br />
						
            
            <a class="navhash" href="#381">#</a>
						
              <code id="381">#line 6169 "configure"</code><br />
						
            
            <a class="navhash" href="#382">#</a>
						
              <code id="382">#include "confdefs.h"</code><br />
						
            
            <a class="navhash" href="#383">#</a>
						
              <code id="383"></code><br />
						
            
            <a class="navhash" href="#384">#</a>
						
              <code id="384">#define CONFIGURE_STATIC_ASSERT(condition) CONFIGURE_STATIC_ASSERT_IMPL(condition, __LINE__)</code><br />
						
            
            <a class="navhash" href="#385">#</a>
						
              <code id="385">#define CONFIGURE_STATIC_ASSERT_IMPL(condition, line) CONFIGURE_STATIC_ASSERT_IMPL2(condition, line)</code><br />
						
            
            <a class="navhash" href="#386">#</a>
						
              <code id="386">#define CONFIGURE_STATIC_ASSERT_IMPL2(condition, line) typedef int static_assert_line_##line[(condition) ? 1 : -1]</code><br />
						
            
            <a class="navhash" href="#387">#</a>
						
              <code id="387"></code><br />
						
            
            <a class="navhash" href="#388">#</a>
						
              <code id="388">int main() {</code><br />
						
            
            <a class="navhash" href="#389">#</a>
						
              <code id="389">CONFIGURE_STATIC_ASSERT(0)</code><br />
						
            
            <a class="navhash" href="#390">#</a>
						
              <code id="390">; return 0; }</code><br />
						
            
            <a class="navhash" href="#391">#</a>
						
              <code id="391">configure:6321: checking whether the C compiler supports -Werror=return-type</code><br />
						
            
            <a class="navhash" href="#392">#</a>
						
              <code id="392">configure:6344: clang -c  -Werror -Werror=return-type -Qunused-arguments  conftest.c 1>&5</code><br />
						
            
            <a class="navhash" href="#393">#</a>
						
              <code id="393">configure:6372: checking whether the C compiler supports -Wtype-limits</code><br />
						
            
            <a class="navhash" href="#394">#</a>
						
              <code id="394">configure:6395: clang -c  -Werror -Wtype-limits -Qunused-arguments  conftest.c 1>&5</code><br />
						
            
            <a class="navhash" href="#395">#</a>
						
              <code id="395">configure:6423: checking whether the C compiler supports -Wempty-body</code><br />
						
            
            <a class="navhash" href="#396">#</a>
						
              <code id="396">configure:6446: clang -c  -Werror -Wempty-body -Qunused-arguments  conftest.c 1>&5</code><br />
						
            
            <a class="navhash" href="#397">#</a>
						
              <code id="397">configure:6480: checking whether the C compiler supports -Wno-overlength-strings</code><br />
						
            
            <a class="navhash" href="#398">#</a>
						
              <code id="398">configure:6503: clang -c  -Werror -Woverlength-strings -Qunused-arguments  conftest.c 1>&5</code><br />
						
            
            <a class="navhash" href="#399">#</a>
						
              <code id="399">configure:6584: checking whether the C++ compiler supports -Werror=return-type</code><br />
						
            
            <a class="navhash" href="#400">#</a>
						
              <code id="400">configure:6607: clang++ -c  -Werror -Werror=return-type -Qunused-arguments  conftest.C 1>&5</code><br />
						
            
            <a class="navhash" href="#401">#</a>
						
              <code id="401">configure:6635: checking whether the C++ compiler supports -Wtype-limits</code><br />
						
            
            <a class="navhash" href="#402">#</a>
						
              <code id="402">configure:6658: clang++ -c  -Werror -Wtype-limits -Qunused-arguments  conftest.C 1>&5</code><br />
						
            
            <a class="navhash" href="#403">#</a>
						
              <code id="403">configure:6686: checking whether the C++ compiler supports -Wempty-body</code><br />
						
            
            <a class="navhash" href="#404">#</a>
						
              <code id="404">configure:6709: clang++ -c  -Werror -Wempty-body -Qunused-arguments  conftest.C 1>&5</code><br />
						
            
            <a class="navhash" href="#405">#</a>
						
              <code id="405">configure:6745: checking whether the C++ compiler supports -Wno-overlength-strings</code><br />
						
            
            <a class="navhash" href="#406">#</a>
						
              <code id="406">configure:6768: clang++ -c  -Werror -Woverlength-strings -Qunused-arguments  conftest.C 1>&5</code><br />
						
            
            <a class="navhash" href="#407">#</a>
						
              <code id="407">configure:6796: checking whether the C++ compiler supports -Wno-invalid-offsetof</code><br />
						
            
            <a class="navhash" href="#408">#</a>
						
              <code id="408">configure:6819: clang++ -c  -Werror -Winvalid-offsetof -Qunused-arguments  conftest.C 1>&5</code><br />
						
            
            <a class="navhash" href="#409">#</a>
						
              <code id="409">configure:6847: checking whether the C++ compiler supports -Wno-variadic-macros</code><br />
						
            
            <a class="navhash" href="#410">#</a>
						
              <code id="410">configure:6870: clang++ -c  -Werror -Wvariadic-macros -Qunused-arguments  conftest.C 1>&5</code><br />
						
            
            <a class="navhash" href="#411">#</a>
						
              <code id="411">configure:6922: checking whether the C++ compiler supports -Wno-extended-offsetof</code><br />
						
            
            <a class="navhash" href="#412">#</a>
						
              <code id="412">configure:6945: clang++ -c  -Werror -Wextended-offsetof -Qunused-arguments  conftest.C 1>&5</code><br />
						
            
            <a class="navhash" href="#413">#</a>
						
              <code id="413">configure:6983: checking whether ld has archive extraction flags</code><br />
						
            
            <a class="navhash" href="#414">#</a>
						
              <code id="414">configure:7007: clang -o conftest  -Qunused-arguments  -Wl,--whole-archive conftest.c -Wl,--no-whole-archive 1>&5</code><br />
						
            
            <a class="navhash" href="#415">#</a>
						
              <code id="415">configure:7042: checking for 64-bit OS</code><br />
						
            
            <a class="navhash" href="#416">#</a>
						
              <code id="416">configure:7051: clang -c  -Qunused-arguments  conftest.c 1>&5</code><br />
						
            
            <a class="navhash" href="#417">#</a>
						
              <code id="417">configure:7174: checking for Python version >= 2.5 but not 3.x</code><br />
						
            
            <a class="navhash" href="#418">#</a>
						
              <code id="418">configure:7185: checking for custom <stdint.h> implementation</code><br />
						
            
            <a class="navhash" href="#419">#</a>
						
              <code id="419">configure:8539: checking whether the linker supports Identical Code Folding</code><br />
						
            
            <a class="navhash" href="#420">#</a>
						
              <code id="420">configure:8548: clang -o conftest  -Wl,--icf=safe -ffunction-sections conftest.c  1>&2</code><br />
						
            
            <a class="navhash" href="#421">#</a>
						
              <code id="421">configure:8570: clang -o conftest  -ffunction-sections -fdata-sections -Qunused-arguments   -Wl,--icf=safe -Wl,--print-icf-sections conftest.c  1>&5</code><br />
						
            
            <a class="navhash" href="#422">#</a>
						
              <code id="422">/sysroot/bin/ld: ICF Converged after 2 iteration(s)</code><br />
						
            
            <a class="navhash" href="#423">#</a>
						
              <code id="423">/sysroot/bin/ld: ICF folding section '.text' in file '/sysroot/bin/../lib/clang/3.8.0/crtbegin.o' into '.text' in file '/sysroot/bin/../lib/crti.o'</code><br />
						
            
            <a class="navhash" href="#424">#</a>
						
              <code id="424">/sysroot/bin/ld: ICF folding section '.text' in file '/tmp/conftest-3b2fb1.o' into '.text' in file '/sysroot/bin/../lib/crti.o'</code><br />
						
            
            <a class="navhash" href="#425">#</a>
						
              <code id="425">/sysroot/bin/ld: ICF folding section '.text' in file '/sysroot/bin/../lib/clang/3.8.0/crtend.o' into '.text' in file '/sysroot/bin/../lib/crti.o'</code><br />
						
            
            <a class="navhash" href="#426">#</a>
						
              <code id="426">/sysroot/bin/ld: ICF folding section '.text' in file '/sysroot/bin/../lib/crtn.o' into '.text' in file '/sysroot/bin/../lib/crti.o'</code><br />
						
            
            <a class="navhash" href="#427">#</a>
						
              <code id="427">configure:8588: checking whether removing dead symbols breaks debugging</code><br />
						
            
            <a class="navhash" href="#428">#</a>
						
              <code id="428">configure:8595: clang -o conftest.o  -ffunction-sections -fdata-sections -g -c conftest.c 1>&2</code><br />
						
            
            <a class="navhash" href="#429">#</a>
						
              <code id="429">configure:8596: clang -o conftest  -Wl,--icf=safe -g -Wl,--gc-sections conftest.o  1>&2</code><br />
						
            
            <a class="navhash" href="#430">#</a>
						
              <code id="430">configure:8619: checking for ANSI C header files</code><br />
						
            
            <a class="navhash" href="#431">#</a>
						
              <code id="431">configure:8632: clang -E -Qunused-arguments  conftest.c >/dev/null 2>conftest.out</code><br />
						
            
            <a class="navhash" href="#432">#</a>
						
              <code id="432">configure:8726: checking for working const</code><br />
						
            
            <a class="navhash" href="#433">#</a>
						
              <code id="433">configure:8780: clang -c  -ffunction-sections -fdata-sections -Qunused-arguments  conftest.c 1>&5</code><br />
						
            
            <a class="navhash" href="#434">#</a>
						
              <code id="434">configure:8804: checking for mode_t</code><br />
						
            
            <a class="navhash" href="#435">#</a>
						
              <code id="435">configure:8840: checking for off_t</code><br />
						
            
            <a class="navhash" href="#436">#</a>
						
              <code id="436">configure:8876: checking for pid_t</code><br />
						
            
            <a class="navhash" href="#437">#</a>
						
              <code id="437">configure:8912: checking for size_t</code><br />
						
            
            <a class="navhash" href="#438">#</a>
						
              <code id="438">configure:8955: checking for __stdcall</code><br />
						
            
            <a class="navhash" href="#439">#</a>
						
              <code id="439">configure:8969: clang++ -c  -fno-rtti -ffunction-sections -fdata-sections -fno-exceptions -Qunused-arguments  conftest.C 1>&5</code><br />
						
            
            <a class="navhash" href="#440">#</a>
						
              <code id="440">configure:8963:48: warning: calling convention '__stdcall' ignored for this target [-Wignored-attributes]</code><br />
						
            
            <a class="navhash" href="#441">#</a>
						
              <code id="441">template <> struct foo<void (__stdcall*)()> {};</code><br />
						
            
            <a class="navhash" href="#442">#</a>
						
              <code id="442">^</code><br />
						
            
            <a class="navhash" href="#443">#</a>
						
              <code id="443">configure:8963:38: error: redefinition of 'foo<void (*)()>'</code><br />
						
            
            <a class="navhash" href="#444">#</a>
						
              <code id="444">template <> struct foo<void (__stdcall*)()> {};</code><br />
						
            
            <a class="navhash" href="#445">#</a>
						
              <code id="445">^~~~~~~~~~~~~~~~~~~~~~~~</code><br />
						
            
            <a class="navhash" href="#446">#</a>
						
              <code id="446">configure:8962:38: note: previous definition is here</code><br />
						
            
            <a class="navhash" href="#447">#</a>
						
              <code id="447">template <> struct foo<void (*)()> {};</code><br />
						
            
            <a class="navhash" href="#448">#</a>
						
              <code id="448">^</code><br />
						
            
            <a class="navhash" href="#449">#</a>
						
              <code id="449">1 warning and 1 error generated.</code><br />
						
            
            <a class="navhash" href="#450">#</a>
						
              <code id="450">configure: failed program was:</code><br />
						
            
            <a class="navhash" href="#451">#</a>
						
              <code id="451">#line 8960 "configure"</code><br />
						
            
            <a class="navhash" href="#452">#</a>
						
              <code id="452">#include "confdefs.h"</code><br />
						
            
            <a class="navhash" href="#453">#</a>
						
              <code id="453">template <typename Method> struct foo;</code><br />
						
            
            <a class="navhash" href="#454">#</a>
						
              <code id="454">template <> struct foo<void (*)()> {};</code><br />
						
            
            <a class="navhash" href="#455">#</a>
						
              <code id="455">template <> struct foo<void (__stdcall*)()> {};</code><br />
						
            
            <a class="navhash" href="#456">#</a>
						
              <code id="456">int main() {</code><br />
						
            
            <a class="navhash" href="#457">#</a>
						
              <code id="457"></code><br />
						
            
            <a class="navhash" href="#458">#</a>
						
              <code id="458">; return 0; }</code><br />
						
            
            <a class="navhash" href="#459">#</a>
						
              <code id="459">configure:9001: checking for ssize_t</code><br />
						
            
            <a class="navhash" href="#460">#</a>
						
              <code id="460">configure:9014: clang -c  -ffunction-sections -fdata-sections -Qunused-arguments  conftest.c 1>&5</code><br />
						
            
            <a class="navhash" href="#461">#</a>
						
              <code id="461">configure:9039: checking for st_blksize in struct stat</code><br />
						
            
            <a class="navhash" href="#462">#</a>
						
              <code id="462">configure:9052: clang -c  -ffunction-sections -fdata-sections -Qunused-arguments  conftest.c 1>&5</code><br />
						
            
            <a class="navhash" href="#463">#</a>
						
              <code id="463">configure:9048:18: warning: expression result unused [-Wunused-value]</code><br />
						
            
            <a class="navhash" href="#464">#</a>
						
              <code id="464">struct stat s; s.st_blksize;</code><br />
						
            
            <a class="navhash" href="#465">#</a>
						
              <code id="465">~ ^~~~~~~~~~</code><br />
						
            
            <a class="navhash" href="#466">#</a>
						
              <code id="466">1 warning generated.</code><br />
						
            
            <a class="navhash" href="#467">#</a>
						
              <code id="467">configure:9076: checking for siginfo_t</code><br />
						
            
            <a class="navhash" href="#468">#</a>
						
              <code id="468">configure:9089: clang -c  -ffunction-sections -fdata-sections -Qunused-arguments  conftest.c 1>&5</code><br />
						
            
            <a class="navhash" href="#469">#</a>
						
              <code id="469">configure:9116: checking for the size of void*</code><br />
						
            
            <a class="navhash" href="#470">#</a>
						
              <code id="470">configure:9134: clang -c  -ffunction-sections -fdata-sections -Qunused-arguments  conftest.c 1>&5</code><br />
						
            
            <a class="navhash" href="#471">#</a>
						
              <code id="471">configure:9128:28: error: 'a' declared as an array with a negative size</code><br />
						
            
            <a class="navhash" href="#472">#</a>
						
              <code id="472">int a[sizeof (void*) == 4 ? 1 : -1];</code><br />
						
            
            <a class="navhash" href="#473">#</a>
						
              <code id="473">^~~~~~~~~~~~~~~~~~~~~~~~~~~~</code><br />
						
            
            <a class="navhash" href="#474">#</a>
						
              <code id="474">1 error generated.</code><br />
						
            
            <a class="navhash" href="#475">#</a>
						
              <code id="475">configure: failed program was:</code><br />
						
            
            <a class="navhash" href="#476">#</a>
						
              <code id="476">#line 9124 "configure"</code><br />
						
            
            <a class="navhash" href="#477">#</a>
						
              <code id="477">#include "confdefs.h"</code><br />
						
            
            <a class="navhash" href="#478">#</a>
						
              <code id="478"></code><br />
						
            
            <a class="navhash" href="#479">#</a>
						
              <code id="479">int main() {</code><br />
						
            
            <a class="navhash" href="#480">#</a>
						
              <code id="480"></code><br />
						
            
            <a class="navhash" href="#481">#</a>
						
              <code id="481">int a[sizeof (void*) == 4 ? 1 : -1];</code><br />
						
            
            <a class="navhash" href="#482">#</a>
						
              <code id="482">return 0;</code><br />
						
            
            <a class="navhash" href="#483">#</a>
						
              <code id="483"></code><br />
						
            
            <a class="navhash" href="#484">#</a>
						
              <code id="484">; return 0; }</code><br />
						
            
            <a class="navhash" href="#485">#</a>
						
              <code id="485">configure:9134: clang -c  -ffunction-sections -fdata-sections -Qunused-arguments  conftest.c 1>&5</code><br />
						
            
            <a class="navhash" href="#486">#</a>
						
              <code id="486">configure:9180: checking for the alignment of void*</code><br />
						
            
            <a class="navhash" href="#487">#</a>
						
              <code id="487">configure:9201: clang -c  -ffunction-sections -fdata-sections -Qunused-arguments  conftest.c 1>&5</code><br />
						
            
            <a class="navhash" href="#488">#</a>
						
              <code id="488">configure:9195:28: error: 'a' declared as an array with a negative size</code><br />
						
            
            <a class="navhash" href="#489">#</a>
						
              <code id="489">int a[offsetof(struct aligner, a) == 2 ? 1 : -1];</code><br />
						
            
            <a class="navhash" href="#490">#</a>
						
              <code id="490">^~~~~~~~~~~~~~~~~~~~~~~~~~~~~~~~~~~~~~~~~</code><br />
						
            
            <a class="navhash" href="#491">#</a>
						
              <code id="491">/sysroot/bin/../lib/clang/3.8.0/include/stddef.h:120:24: note: expanded from macro 'offsetof'</code><br />
						
            
            <a class="navhash" href="#492">#</a>
						
              <code id="492">#define offsetof(t, d) __builtin_offsetof(t, d)</code><br />
						
            
            <a class="navhash" href="#493">#</a>
						
              <code id="493">^</code><br />
						
            
            <a class="navhash" href="#494">#</a>
						
              <code id="494">1 error generated.</code><br />
						
            
            <a class="navhash" href="#495">#</a>
						
              <code id="495">configure: failed program was:</code><br />
						
            
            <a class="navhash" href="#496">#</a>
						
              <code id="496">#line 9188 "configure"</code><br />
						
            
            <a class="navhash" href="#497">#</a>
						
              <code id="497">#include "confdefs.h"</code><br />
						
            
            <a class="navhash" href="#498">#</a>
						
              <code id="498"></code><br />
						
            
            <a class="navhash" href="#499">#</a>
						
              <code id="499">#include <stddef.h></code><br />
						
            
            <a class="navhash" href="#500">#</a>
						
              <code id="500">struct aligner { char c; void* a; };</code><br />
						
            
            <a class="navhash" href="#501">#</a>
						
              <code id="501"></code><br />
						
            
            <a class="navhash" href="#502">#</a>
						
              <code id="502">int main() {</code><br />
						
            
            <a class="navhash" href="#503">#</a>
						
              <code id="503"></code><br />
						
            
            <a class="navhash" href="#504">#</a>
						
              <code id="504">int a[offsetof(struct aligner, a) == 2 ? 1 : -1];</code><br />
						
            
            <a class="navhash" href="#505">#</a>
						
              <code id="505">return 0;</code><br />
						
            
            <a class="navhash" href="#506">#</a>
						
              <code id="506"></code><br />
						
            
            <a class="navhash" href="#507">#</a>
						
              <code id="507">; return 0; }</code><br />
						
            
            <a class="navhash" href="#508">#</a>
						
              <code id="508">configure:9201: clang -c  -ffunction-sections -fdata-sections -Qunused-arguments  conftest.c 1>&5</code><br />
						
            
            <a class="navhash" href="#509">#</a>
						
              <code id="509">configure:9195:28: error: 'a' declared as an array with a negative size</code><br />
						
            
            <a class="navhash" href="#510">#</a>
						
              <code id="510">int a[offsetof(struct aligner, a) == 4 ? 1 : -1];</code><br />
						
            
            <a class="navhash" href="#511">#</a>
						
              <code id="511">^~~~~~~~~~~~~~~~~~~~~~~~~~~~~~~~~~~~~~~~~</code><br />
						
            
            <a class="navhash" href="#512">#</a>
						
              <code id="512">/sysroot/bin/../lib/clang/3.8.0/include/stddef.h:120:24: note: expanded from macro 'offsetof'</code><br />
						
            
            <a class="navhash" href="#513">#</a>
						
              <code id="513">#define offsetof(t, d) __builtin_offsetof(t, d)</code><br />
						
            
            <a class="navhash" href="#514">#</a>
						
              <code id="514">^</code><br />
						
            
            <a class="navhash" href="#515">#</a>
						
              <code id="515">1 error generated.</code><br />
						
            
            <a class="navhash" href="#516">#</a>
						
              <code id="516">configure: failed program was:</code><br />
						
            
            <a class="navhash" href="#517">#</a>
						
              <code id="517">#line 9188 "configure"</code><br />
						
            
            <a class="navhash" href="#518">#</a>
						
              <code id="518">#include "confdefs.h"</code><br />
						
            
            <a class="navhash" href="#519">#</a>
						
              <code id="519"></code><br />
						
            
            <a class="navhash" href="#520">#</a>
						
              <code id="520">#include <stddef.h></code><br />
						
            
            <a class="navhash" href="#521">#</a>
						
              <code id="521">struct aligner { char c; void* a; };</code><br />
						
            
            <a class="navhash" href="#522">#</a>
						
              <code id="522"></code><br />
						
            
            <a class="navhash" href="#523">#</a>
						
              <code id="523">int main() {</code><br />
						
            
            <a class="navhash" href="#524">#</a>
						
              <code id="524"></code><br />
						
            
            <a class="navhash" href="#525">#</a>
						
              <code id="525">int a[offsetof(struct aligner, a) == 4 ? 1 : -1];</code><br />
						
            
            <a class="navhash" href="#526">#</a>
						
              <code id="526">return 0;</code><br />
						
            
            <a class="navhash" href="#527">#</a>
						
              <code id="527"></code><br />
						
            
            <a class="navhash" href="#528">#</a>
						
              <code id="528">; return 0; }</code><br />
						
            
            <a class="navhash" href="#529">#</a>
						
              <code id="529">configure:9201: clang -c  -ffunction-sections -fdata-sections -Qunused-arguments  conftest.c 1>&5</code><br />
						
            
            <a class="navhash" href="#530">#</a>
						
              <code id="530">configure:9227: checking for the size of double</code><br />
						
            
            <a class="navhash" href="#531">#</a>
						
              <code id="531">configure:9245: clang -c  -ffunction-sections -fdata-sections -Qunused-arguments  conftest.c 1>&5</code><br />
						
            
            <a class="navhash" href="#532">#</a>
						
              <code id="532">configure:9239:28: error: 'a' declared as an array with a negative size</code><br />
						
            
            <a class="navhash" href="#533">#</a>
						
              <code id="533">int a[sizeof (double) == 6 ? 1 : -1];</code><br />
						
            
            <a class="navhash" href="#534">#</a>
						
              <code id="534">^~~~~~~~~~~~~~~~~~~~~~~~~~~~~</code><br />
						
            
            <a class="navhash" href="#535">#</a>
						
              <code id="535">1 error generated.</code><br />
						
            
            <a class="navhash" href="#536">#</a>
						
              <code id="536">configure: failed program was:</code><br />
						
            
            <a class="navhash" href="#537">#</a>
						
              <code id="537">#line 9235 "configure"</code><br />
						
            
            <a class="navhash" href="#538">#</a>
						
              <code id="538">#include "confdefs.h"</code><br />
						
            
            <a class="navhash" href="#539">#</a>
						
              <code id="539"></code><br />
						
            
            <a class="navhash" href="#540">#</a>
						
              <code id="540">int main() {</code><br />
						
            
            <a class="navhash" href="#541">#</a>
						
              <code id="541"></code><br />
						
            
            <a class="navhash" href="#542">#</a>
						
              <code id="542">int a[sizeof (double) == 6 ? 1 : -1];</code><br />
						
            
            <a class="navhash" href="#543">#</a>
						
              <code id="543">return 0;</code><br />
						
            
            <a class="navhash" href="#544">#</a>
						
              <code id="544"></code><br />
						
            
            <a class="navhash" href="#545">#</a>
						
              <code id="545">; return 0; }</code><br />
						
            
            <a class="navhash" href="#546">#</a>
						
              <code id="546">configure:9245: clang -c  -ffunction-sections -fdata-sections -Qunused-arguments  conftest.c 1>&5</code><br />
						
            
            <a class="navhash" href="#547">#</a>
						
              <code id="547">configure:9274: checking for endian.h</code><br />
						
            
            <a class="navhash" href="#548">#</a>
						
              <code id="548">configure:9287: clang -c  -ffunction-sections -fdata-sections -Qunused-arguments  conftest.c 1>&5</code><br />
						
            
            <a class="navhash" href="#549">#</a>
						
              <code id="549">configure:9330: checking for machine/endian.h</code><br />
						
            
            <a class="navhash" href="#550">#</a>
						
              <code id="550">configure:9343: clang -c  -ffunction-sections -fdata-sections -Qunused-arguments  conftest.c 1>&5</code><br />
						
            
            <a class="navhash" href="#551">#</a>
						
              <code id="551">configure:9337:10: fatal error: 'machine/endian.h' file not found</code><br />
						
            
            <a class="navhash" href="#552">#</a>
						
              <code id="552">#include <machine/endian.h></code><br />
						
            
            <a class="navhash" href="#553">#</a>
						
              <code id="553">^</code><br />
						
            
            <a class="navhash" href="#554">#</a>
						
              <code id="554">1 error generated.</code><br />
						
            
            <a class="navhash" href="#555">#</a>
						
              <code id="555">configure: failed program was:</code><br />
						
            
            <a class="navhash" href="#556">#</a>
						
              <code id="556">#line 9335 "configure"</code><br />
						
            
            <a class="navhash" href="#557">#</a>
						
              <code id="557">#include "confdefs.h"</code><br />
						
            
            <a class="navhash" href="#558">#</a>
						
              <code id="558">#include <sys/types.h></code><br />
						
            
            <a class="navhash" href="#559">#</a>
						
              <code id="559">#include <machine/endian.h></code><br />
						
            
            <a class="navhash" href="#560">#</a>
						
              <code id="560">int main() {</code><br />
						
            
            <a class="navhash" href="#561">#</a>
						
              <code id="561"></code><br />
						
            
            <a class="navhash" href="#562">#</a>
						
              <code id="562">; return 0; }</code><br />
						
            
            <a class="navhash" href="#563">#</a>
						
              <code id="563">configure:9386: checking for sys/isa_defs.h</code><br />
						
            
            <a class="navhash" href="#564">#</a>
						
              <code id="564">configure:9399: clang -c  -ffunction-sections -fdata-sections -Qunused-arguments  conftest.c 1>&5</code><br />
						
            
            <a class="navhash" href="#565">#</a>
						
              <code id="565">configure:9393:10: fatal error: 'sys/isa_defs.h' file not found</code><br />
						
            
            <a class="navhash" href="#566">#</a>
						
              <code id="566">#include <sys/isa_defs.h></code><br />
						
            
            <a class="navhash" href="#567">#</a>
						
              <code id="567">^</code><br />
						
            
            <a class="navhash" href="#568">#</a>
						
              <code id="568">1 error generated.</code><br />
						
            
            <a class="navhash" href="#569">#</a>
						
              <code id="569">configure: failed program was:</code><br />
						
            
            <a class="navhash" href="#570">#</a>
						
              <code id="570">#line 9391 "configure"</code><br />
						
            
            <a class="navhash" href="#571">#</a>
						
              <code id="571">#include "confdefs.h"</code><br />
						
            
            <a class="navhash" href="#572">#</a>
						
              <code id="572"></code><br />
						
            
            <a class="navhash" href="#573">#</a>
						
              <code id="573">#include <sys/isa_defs.h></code><br />
						
            
            <a class="navhash" href="#574">#</a>
						
              <code id="574">int main() {</code><br />
						
            
            <a class="navhash" href="#575">#</a>
						
              <code id="575"></code><br />
						
            
            <a class="navhash" href="#576">#</a>
						
              <code id="576">; return 0; }</code><br />
						
            
            <a class="navhash" href="#577">#</a>
						
              <code id="577">configure:9439: checking for uint</code><br />
						
            
            <a class="navhash" href="#578">#</a>
						
              <code id="578">configure:9452: clang -c  -ffunction-sections -fdata-sections -Qunused-arguments  conftest.c 1>&5</code><br />
						
            
            <a class="navhash" href="#579">#</a>
						
              <code id="579">configure:9477: checking for uint_t</code><br />
						
            
            <a class="navhash" href="#580">#</a>
						
              <code id="580">configure:9490: clang -c  -ffunction-sections -fdata-sections -Qunused-arguments  conftest.c 1>&5</code><br />
						
            
            <a class="navhash" href="#581">#</a>
						
              <code id="581">configure:9486:1: error: unknown type name 'uint_t'; did you mean 'uint8_t'?</code><br />
						
            
            <a class="navhash" href="#582">#</a>
						
              <code id="582">uint_t foo = 0;</code><br />
						
            
            <a class="navhash" href="#583">#</a>
						
              <code id="583">^~~~~~</code><br />
						
            
            <a class="navhash" href="#584">#</a>
						
              <code id="584">uint8_t</code><br />
						
            
            <a class="navhash" href="#585">#</a>
						
              <code id="585">/sysroot/include/bits/alltypes.h:162:25: note: 'uint8_t' declared here</code><br />
						
            
            <a class="navhash" href="#586">#</a>
						
              <code id="586">typedef unsigned char   uint8_t;</code><br />
						
            
            <a class="navhash" href="#587">#</a>
						
              <code id="587">^</code><br />
						
            
            <a class="navhash" href="#588">#</a>
						
              <code id="588">1 error generated.</code><br />
						
            
            <a class="navhash" href="#589">#</a>
						
              <code id="589">configure: failed program was:</code><br />
						
            
            <a class="navhash" href="#590">#</a>
						
              <code id="590">#line 9482 "configure"</code><br />
						
            
            <a class="navhash" href="#591">#</a>
						
              <code id="591">#include "confdefs.h"</code><br />
						
            
            <a class="navhash" href="#592">#</a>
						
              <code id="592">#include <stdio.h></code><br />
						
            
            <a class="navhash" href="#593">#</a>
						
              <code id="593">#include <sys/types.h></code><br />
						
            
            <a class="navhash" href="#594">#</a>
						
              <code id="594">int main() {</code><br />
						
            
            <a class="navhash" href="#595">#</a>
						
              <code id="595">uint_t foo = 0;</code><br />
						
            
            <a class="navhash" href="#596">#</a>
						
              <code id="596">; return 0; }</code><br />
						
            
            <a class="navhash" href="#597">#</a>
						
              <code id="597">configure:9524: checking for uname.domainname</code><br />
						
            
            <a class="navhash" href="#598">#</a>
						
              <code id="598">configure:9537: clang++ -c  -fno-rtti -ffunction-sections -fdata-sections -fno-exceptions -Qunused-arguments  conftest.C 1>&5</code><br />
						
            
            <a class="navhash" href="#599">#</a>
						
              <code id="599">configure:9564: checking for uname.__domainname</code><br />
						
            
            <a class="navhash" href="#600">#</a>
						
              <code id="600">configure:9577: clang++ -c  -fno-rtti -ffunction-sections -fdata-sections -fno-exceptions -Qunused-arguments  conftest.C 1>&5</code><br />
						
            
            <a class="navhash" href="#601">#</a>
						
              <code id="601">configure:9573:62: error: no member named '__domainname' in 'utsname'; did you mean 'domainname'?</code><br />
						
            
            <a class="navhash" href="#602">#</a>
						
              <code id="602">(void)uname(res);  if (res != 0) { domain = res->__domainname; }</code><br />
						
            
            <a class="navhash" href="#603">#</a>
						
              <code id="603">^~~~~~~~~~~~</code><br />
						
            
            <a class="navhash" href="#604">#</a>
						
              <code id="604">domainname</code><br />
						
            
            <a class="navhash" href="#605">#</a>
						
              <code id="605">/sysroot/include/sys/utsname.h:18:7: note: 'domainname' declared here</code><br />
						
            
            <a class="navhash" href="#606">#</a>
						
              <code id="606">char domainname[65];</code><br />
						
            
            <a class="navhash" href="#607">#</a>
						
              <code id="607">^</code><br />
						
            
            <a class="navhash" href="#608">#</a>
						
              <code id="608">1 error generated.</code><br />
						
            
            <a class="navhash" href="#609">#</a>
						
              <code id="609">configure: failed program was:</code><br />
						
            
            <a class="navhash" href="#610">#</a>
						
              <code id="610">#line 9569 "configure"</code><br />
						
            
            <a class="navhash" href="#611">#</a>
						
              <code id="611">#include "confdefs.h"</code><br />
						
            
            <a class="navhash" href="#612">#</a>
						
              <code id="612">#include <sys/utsname.h></code><br />
						
            
            <a class="navhash" href="#613">#</a>
						
              <code id="613">int main() {</code><br />
						
            
            <a class="navhash" href="#614">#</a>
						
              <code id="614">struct utsname *res; char *domain;</code><br />
						
            
            <a class="navhash" href="#615">#</a>
						
              <code id="615">(void)uname(res);  if (res != 0) { domain = res->__domainname; }</code><br />
						
            
            <a class="navhash" href="#616">#</a>
						
              <code id="616">; return 0; }</code><br />
						
            
            <a class="navhash" href="#617">#</a>
						
              <code id="617">configure:9613: checking for visibility(hidden) attribute</code><br />
						
            
            <a class="navhash" href="#618">#</a>
						
              <code id="618">configure:9641: checking for visibility(default) attribute</code><br />
						
            
            <a class="navhash" href="#619">#</a>
						
              <code id="619">configure:9669: checking for visibility pragma support</code><br />
						
            
            <a class="navhash" href="#620">#</a>
						
              <code id="620">configure:9694: checking For gcc visibility bug with class-level attributes (GCC bug 26905)</code><br />
						
            
            <a class="navhash" href="#621">#</a>
						
              <code id="621">configure:9722: checking For x86_64 gcc visibility bug with builtins (GCC bug 20297)</code><br />
						
            
            <a class="navhash" href="#622">#</a>
						
              <code id="622">configure:9774: checking for gcc PR49911</code><br />
						
            
            <a class="navhash" href="#623">#</a>
						
              <code id="623">configure:9869: checking for dirent.h that defines DIR</code><br />
						
            
            <a class="navhash" href="#624">#</a>
						
              <code id="624">configure:9882: clang -c  -ffunction-sections -fdata-sections -Qunused-arguments  conftest.c 1>&5</code><br />
						
            
            <a class="navhash" href="#625">#</a>
						
              <code id="625">configure:9910: checking for opendir in -ldir</code><br />
						
            
            <a class="navhash" href="#626">#</a>
						
              <code id="626">configure:9929: clang -o conftest  -ffunction-sections -fdata-sections -Qunused-arguments   -Wl,--icf=safe conftest.c -ldir   1>&5</code><br />
						
            
            <a class="navhash" href="#627">#</a>
						
              <code id="627">/sysroot/bin/ld: error: cannot find -ldir</code><br />
						
            
            <a class="navhash" href="#628">#</a>
						
              <code id="628">clang-3.8: error: linker command failed with exit code 1 (use -v to see invocation)</code><br />
						
            
            <a class="navhash" href="#629">#</a>
						
              <code id="629">configure: failed program was:</code><br />
						
            
            <a class="navhash" href="#630">#</a>
						
              <code id="630">#line 9918 "configure"</code><br />
						
            
            <a class="navhash" href="#631">#</a>
						
              <code id="631">#include "confdefs.h"</code><br />
						
            
            <a class="navhash" href="#632">#</a>
						
              <code id="632">/* Override any gcc2 internal prototype to avoid an error.  */</code><br />
						
            
            <a class="navhash" href="#633">#</a>
						
              <code id="633">/* We use char because int might match the return type of a gcc2</code><br />
						
            
            <a class="navhash" href="#634">#</a>
						
              <code id="634">builtin and then its argument prototype would still apply.  */</code><br />
						
            
            <a class="navhash" href="#635">#</a>
						
              <code id="635">char opendir();</code><br />
						
            
            <a class="navhash" href="#636">#</a>
						
              <code id="636"></code><br />
						
            
            <a class="navhash" href="#637">#</a>
						
              <code id="637">int main() {</code><br />
						
            
            <a class="navhash" href="#638">#</a>
						
              <code id="638">opendir()</code><br />
						
            
            <a class="navhash" href="#639">#</a>
						
              <code id="639">; return 0; }</code><br />
						
            
            <a class="navhash" href="#640">#</a>
						
              <code id="640">configure:10004: checking for sys/byteorder.h</code><br />
						
            
            <a class="navhash" href="#641">#</a>
						
              <code id="641">configure:10017: clang -c  -ffunction-sections -fdata-sections -Qunused-arguments  conftest.c 1>&5</code><br />
						
            
            <a class="navhash" href="#642">#</a>
						
              <code id="642">configure:10011:10: fatal error: 'sys/byteorder.h' file not found</code><br />
						
            
            <a class="navhash" href="#643">#</a>
						
              <code id="643">#include <sys/byteorder.h></code><br />
						
            
            <a class="navhash" href="#644">#</a>
						
              <code id="644">^</code><br />
						
            
            <a class="navhash" href="#645">#</a>
						
              <code id="645">1 error generated.</code><br />
						
            
            <a class="navhash" href="#646">#</a>
						
              <code id="646">configure: failed program was:</code><br />
						
            
            <a class="navhash" href="#647">#</a>
						
              <code id="647">#line 10009 "configure"</code><br />
						
            
            <a class="navhash" href="#648">#</a>
						
              <code id="648">#include "confdefs.h"</code><br />
						
            
            <a class="navhash" href="#649">#</a>
						
              <code id="649"></code><br />
						
            
            <a class="navhash" href="#650">#</a>
						
              <code id="650">#include <sys/byteorder.h></code><br />
						
            
            <a class="navhash" href="#651">#</a>
						
              <code id="651">int main() {</code><br />
						
            
            <a class="navhash" href="#652">#</a>
						
              <code id="652"></code><br />
						
            
            <a class="navhash" href="#653">#</a>
						
              <code id="653">; return 0; }</code><br />
						
            
            <a class="navhash" href="#654">#</a>
						
              <code id="654">configure:10004: checking for compat.h</code><br />
						
            
            <a class="navhash" href="#655">#</a>
						
              <code id="655">configure:10017: clang -c  -ffunction-sections -fdata-sections -Qunused-arguments  conftest.c 1>&5</code><br />
						
            
            <a class="navhash" href="#656">#</a>
						
              <code id="656">configure:10011:10: fatal error: 'compat.h' file not found</code><br />
						
            
            <a class="navhash" href="#657">#</a>
						
              <code id="657">#include <compat.h></code><br />
						
            
            <a class="navhash" href="#658">#</a>
						
              <code id="658">^</code><br />
						
            
            <a class="navhash" href="#659">#</a>
						
              <code id="659">1 error generated.</code><br />
						
            
            <a class="navhash" href="#660">#</a>
						
              <code id="660">configure: failed program was:</code><br />
						
            
            <a class="navhash" href="#661">#</a>
						
              <code id="661">#line 10009 "configure"</code><br />
						
            
            <a class="navhash" href="#662">#</a>
						
              <code id="662">#include "confdefs.h"</code><br />
						
            
            <a class="navhash" href="#663">#</a>
						
              <code id="663"></code><br />
						
            
            <a class="navhash" href="#664">#</a>
						
              <code id="664">#include <compat.h></code><br />
						
            
            <a class="navhash" href="#665">#</a>
						
              <code id="665">int main() {</code><br />
						
            
            <a class="navhash" href="#666">#</a>
						
              <code id="666"></code><br />
						
            
            <a class="navhash" href="#667">#</a>
						
              <code id="667">; return 0; }</code><br />
						
            
            <a class="navhash" href="#668">#</a>
						
              <code id="668">configure:10004: checking for getopt.h</code><br />
						
            
            <a class="navhash" href="#669">#</a>
						
              <code id="669">configure:10017: clang -c  -ffunction-sections -fdata-sections -Qunused-arguments  conftest.c 1>&5</code><br />
						
            
            <a class="navhash" href="#670">#</a>
						
              <code id="670">configure:10004: checking for sys/bitypes.h</code><br />
						
            
            <a class="navhash" href="#671">#</a>
						
              <code id="671">configure:10017: clang -c  -ffunction-sections -fdata-sections -Qunused-arguments  conftest.c 1>&5</code><br />
						
            
            <a class="navhash" href="#672">#</a>
						
              <code id="672">configure:10011:10: fatal error: 'sys/bitypes.h' file not found</code><br />
						
            
            <a class="navhash" href="#673">#</a>
						
              <code id="673">#include <sys/bitypes.h></code><br />
						
            
            <a class="navhash" href="#674">#</a>
						
              <code id="674">^</code><br />
						
            
            <a class="navhash" href="#675">#</a>
						
              <code id="675">1 error generated.</code><br />
						
            
            <a class="navhash" href="#676">#</a>
						
              <code id="676">configure: failed program was:</code><br />
						
            
            <a class="navhash" href="#677">#</a>
						
              <code id="677">#line 10009 "configure"</code><br />
						
            
            <a class="navhash" href="#678">#</a>
						
              <code id="678">#include "confdefs.h"</code><br />
						
            
            <a class="navhash" href="#679">#</a>
						
              <code id="679"></code><br />
						
            
            <a class="navhash" href="#680">#</a>
						
              <code id="680">#include <sys/bitypes.h></code><br />
						
            
            <a class="navhash" href="#681">#</a>
						
              <code id="681">int main() {</code><br />
						
            
            <a class="navhash" href="#682">#</a>
						
              <code id="682"></code><br />
						
            
            <a class="navhash" href="#683">#</a>
						
              <code id="683">; return 0; }</code><br />
						
            
            <a class="navhash" href="#684">#</a>
						
              <code id="684">configure:10004: checking for memory.h</code><br />
						
            
            <a class="navhash" href="#685">#</a>
						
              <code id="685">configure:10017: clang -c  -ffunction-sections -fdata-sections -Qunused-arguments  conftest.c 1>&5</code><br />
						
            
            <a class="navhash" href="#686">#</a>
						
              <code id="686">configure:10004: checking for unistd.h</code><br />
						
            
            <a class="navhash" href="#687">#</a>
						
              <code id="687">configure:10017: clang -c  -ffunction-sections -fdata-sections -Qunused-arguments  conftest.c 1>&5</code><br />
						
            
            <a class="navhash" href="#688">#</a>
						
              <code id="688">configure:10004: checking for gnu/libc-version.h</code><br />
						
            
            <a class="navhash" href="#689">#</a>
						
              <code id="689">configure:10017: clang -c  -ffunction-sections -fdata-sections -Qunused-arguments  conftest.c 1>&5</code><br />
						
            
            <a class="navhash" href="#690">#</a>
						
              <code id="690">configure:10011:10: fatal error: 'gnu/libc-version.h' file not found</code><br />
						
            
            <a class="navhash" href="#691">#</a>
						
              <code id="691">#include <gnu/libc-version.h></code><br />
						
            
            <a class="navhash" href="#692">#</a>
						
              <code id="692">^</code><br />
						
            
            <a class="navhash" href="#693">#</a>
						
              <code id="693">1 error generated.</code><br />
						
            
            <a class="navhash" href="#694">#</a>
						
              <code id="694">configure: failed program was:</code><br />
						
            
            <a class="navhash" href="#695">#</a>
						
              <code id="695">#line 10009 "configure"</code><br />
						
            
            <a class="navhash" href="#696">#</a>
						
              <code id="696">#include "confdefs.h"</code><br />
						
            
            <a class="navhash" href="#697">#</a>
						
              <code id="697"></code><br />
						
            
            <a class="navhash" href="#698">#</a>
						
              <code id="698">#include <gnu/libc-version.h></code><br />
						
            
            <a class="navhash" href="#699">#</a>
						
              <code id="699">int main() {</code><br />
						
            
            <a class="navhash" href="#700">#</a>
						
              <code id="700"></code><br />
						
            
            <a class="navhash" href="#701">#</a>
						
              <code id="701">; return 0; }</code><br />
						
            
            <a class="navhash" href="#702">#</a>
						
              <code id="702">configure:10004: checking for nl_types.h</code><br />
						
            
            <a class="navhash" href="#703">#</a>
						
              <code id="703">configure:10017: clang -c  -ffunction-sections -fdata-sections -Qunused-arguments  conftest.c 1>&5</code><br />
						
            
            <a class="navhash" href="#704">#</a>
						
              <code id="704">configure:10004: checking for malloc.h</code><br />
						
            
            <a class="navhash" href="#705">#</a>
						
              <code id="705">configure:10017: clang -c  -ffunction-sections -fdata-sections -Qunused-arguments  conftest.c 1>&5</code><br />
						
            
            <a class="navhash" href="#706">#</a>
						
              <code id="706">configure:10004: checking for X11/XKBlib.h</code><br />
						
            
            <a class="navhash" href="#707">#</a>
						
              <code id="707">configure:10017: clang -c  -ffunction-sections -fdata-sections -Qunused-arguments  conftest.c 1>&5</code><br />
						
            
            <a class="navhash" href="#708">#</a>
						
              <code id="708">configure:10011:10: fatal error: 'X11/XKBlib.h' file not found</code><br />
						
            
            <a class="navhash" href="#709">#</a>
						
              <code id="709">#include <X11/XKBlib.h></code><br />
						
            
            <a class="navhash" href="#710">#</a>
						
              <code id="710">^</code><br />
						
            
            <a class="navhash" href="#711">#</a>
						
              <code id="711">1 error generated.</code><br />
						
            
            <a class="navhash" href="#712">#</a>
						
              <code id="712">configure: failed program was:</code><br />
						
            
            <a class="navhash" href="#713">#</a>
						
              <code id="713">#line 10009 "configure"</code><br />
						
            
            <a class="navhash" href="#714">#</a>
						
              <code id="714">#include "confdefs.h"</code><br />
						
            
            <a class="navhash" href="#715">#</a>
						
              <code id="715"></code><br />
						
            
            <a class="navhash" href="#716">#</a>
						
              <code id="716">#include <X11/XKBlib.h></code><br />
						
            
            <a class="navhash" href="#717">#</a>
						
              <code id="717">int main() {</code><br />
						
            
            <a class="navhash" href="#718">#</a>
						
              <code id="718"></code><br />
						
            
            <a class="navhash" href="#719">#</a>
						
              <code id="719">; return 0; }</code><br />
						
            
            <a class="navhash" href="#720">#</a>
						
              <code id="720">configure:10004: checking for io.h</code><br />
						
            
            <a class="navhash" href="#721">#</a>
						
              <code id="721">configure:10017: clang -c  -ffunction-sections -fdata-sections -Qunused-arguments  conftest.c 1>&5</code><br />
						
            
            <a class="navhash" href="#722">#</a>
						
              <code id="722">configure:10011:10: fatal error: 'io.h' file not found</code><br />
						
            
            <a class="navhash" href="#723">#</a>
						
              <code id="723">#include <io.h></code><br />
						
            
            <a class="navhash" href="#724">#</a>
						
              <code id="724">^</code><br />
						
            
            <a class="navhash" href="#725">#</a>
						
              <code id="725">1 error generated.</code><br />
						
            
            <a class="navhash" href="#726">#</a>
						
              <code id="726">configure: failed program was:</code><br />
						
            
            <a class="navhash" href="#727">#</a>
						
              <code id="727">#line 10009 "configure"</code><br />
						
            
            <a class="navhash" href="#728">#</a>
						
              <code id="728">#include "confdefs.h"</code><br />
						
            
            <a class="navhash" href="#729">#</a>
						
              <code id="729"></code><br />
						
            
            <a class="navhash" href="#730">#</a>
						
              <code id="730">#include <io.h></code><br />
						
            
            <a class="navhash" href="#731">#</a>
						
              <code id="731">int main() {</code><br />
						
            
            <a class="navhash" href="#732">#</a>
						
              <code id="732"></code><br />
						
            
            <a class="navhash" href="#733">#</a>
						
              <code id="733">; return 0; }</code><br />
						
            
            <a class="navhash" href="#734">#</a>
						
              <code id="734">configure:10004: checking for cpuid.h</code><br />
						
            
            <a class="navhash" href="#735">#</a>
						
              <code id="735">configure:10017: clang -c  -ffunction-sections -fdata-sections -Qunused-arguments  conftest.c 1>&5</code><br />
						
            
            <a class="navhash" href="#736">#</a>
						
              <code id="736">configure:10052: checking for sys/statvfs.h</code><br />
						
            
            <a class="navhash" href="#737">#</a>
						
              <code id="737">configure:10065: clang -c  -ffunction-sections -fdata-sections -Qunused-arguments  conftest.c 1>&5</code><br />
						
            
            <a class="navhash" href="#738">#</a>
						
              <code id="738">configure:10052: checking for sys/statfs.h</code><br />
						
            
            <a class="navhash" href="#739">#</a>
						
              <code id="739">configure:10065: clang -c  -ffunction-sections -fdata-sections -Qunused-arguments  conftest.c 1>&5</code><br />
						
            
            <a class="navhash" href="#740">#</a>
						
              <code id="740">configure:10052: checking for sys/vfs.h</code><br />
						
            
            <a class="navhash" href="#741">#</a>
						
              <code id="741">configure:10065: clang -c  -ffunction-sections -fdata-sections -Qunused-arguments  conftest.c 1>&5</code><br />
						
            
            <a class="navhash" href="#742">#</a>
						
              <code id="742">configure:10052: checking for sys/mount.h</code><br />
						
            
            <a class="navhash" href="#743">#</a>
						
              <code id="743">configure:10065: clang -c  -ffunction-sections -fdata-sections -Qunused-arguments  conftest.c 1>&5</code><br />
						
            
            <a class="navhash" href="#744">#</a>
						
              <code id="744">configure:10099: checking for sys/quota.h</code><br />
						
            
            <a class="navhash" href="#745">#</a>
						
              <code id="745">configure:10112: clang -c  -ffunction-sections -fdata-sections -Qunused-arguments  conftest.c 1>&5</code><br />
						
            
            <a class="navhash" href="#746">#</a>
						
              <code id="746">configure:10145: checking for linux/quota.h</code><br />
						
            
            <a class="navhash" href="#747">#</a>
						
              <code id="747">configure:10158: clang -c  -ffunction-sections -fdata-sections -Qunused-arguments  conftest.c 1>&5</code><br />
						
            
            <a class="navhash" href="#748">#</a>
						
              <code id="748">configure:10152:10: fatal error: 'linux/quota.h' file not found</code><br />
						
            
            <a class="navhash" href="#749">#</a>
						
              <code id="749">#include <linux/quota.h></code><br />
						
            
            <a class="navhash" href="#750">#</a>
						
              <code id="750">^</code><br />
						
            
            <a class="navhash" href="#751">#</a>
						
              <code id="751">1 error generated.</code><br />
						
            
            <a class="navhash" href="#752">#</a>
						
              <code id="752">configure: failed program was:</code><br />
						
            
            <a class="navhash" href="#753">#</a>
						
              <code id="753">#line 10150 "configure"</code><br />
						
            
            <a class="navhash" href="#754">#</a>
						
              <code id="754">#include "confdefs.h"</code><br />
						
            
            <a class="navhash" href="#755">#</a>
						
              <code id="755"></code><br />
						
            
            <a class="navhash" href="#756">#</a>
						
              <code id="756">#include <linux/quota.h></code><br />
						
            
            <a class="navhash" href="#757">#</a>
						
              <code id="757">int main() {</code><br />
						
            
            <a class="navhash" href="#758">#</a>
						
              <code id="758"></code><br />
						
            
            <a class="navhash" href="#759">#</a>
						
              <code id="759">; return 0; }</code><br />
						
            
            <a class="navhash" href="#760">#</a>
						
              <code id="760">configure:10192: checking for mmintrin.h</code><br />
						
            
            <a class="navhash" href="#761">#</a>
						
              <code id="761">configure:10205: clang -c  -ffunction-sections -fdata-sections -Qunused-arguments  conftest.c 1>&5</code><br />
						
            
            <a class="navhash" href="#762">#</a>
						
              <code id="762">configure:10245: checking for new</code><br />
						
            
            <a class="navhash" href="#763">#</a>
						
              <code id="763">configure:10258: clang++ -c  -fno-rtti -ffunction-sections -fdata-sections -fno-exceptions -Qunused-arguments  conftest.C 1>&5</code><br />
						
            
            <a class="navhash" href="#764">#</a>
						
              <code id="764">configure:10357: checking for sys/cdefs.h</code><br />
						
            
            <a class="navhash" href="#765">#</a>
						
              <code id="765">configure:10370: clang -c  -ffunction-sections -fdata-sections -Qunused-arguments  conftest.c 1>&5</code><br />
						
            
            <a class="navhash" href="#766">#</a>
						
              <code id="766">configure:10364:10: fatal error: 'sys/cdefs.h' file not found</code><br />
						
            
            <a class="navhash" href="#767">#</a>
						
              <code id="767">#include <sys/cdefs.h></code><br />
						
            
            <a class="navhash" href="#768">#</a>
						
              <code id="768">^</code><br />
						
            
            <a class="navhash" href="#769">#</a>
						
              <code id="769">1 error generated.</code><br />
						
            
            <a class="navhash" href="#770">#</a>
						
              <code id="770">configure: failed program was:</code><br />
						
            
            <a class="navhash" href="#771">#</a>
						
              <code id="771">#line 10362 "configure"</code><br />
						
            
            <a class="navhash" href="#772">#</a>
						
              <code id="772">#include "confdefs.h"</code><br />
						
            
            <a class="navhash" href="#773">#</a>
						
              <code id="773"></code><br />
						
            
            <a class="navhash" href="#774">#</a>
						
              <code id="774">#include <sys/cdefs.h></code><br />
						
            
            <a class="navhash" href="#775">#</a>
						
              <code id="775">int main() {</code><br />
						
            
            <a class="navhash" href="#776">#</a>
						
              <code id="776"></code><br />
						
            
            <a class="navhash" href="#777">#</a>
						
              <code id="777">; return 0; }</code><br />
						
            
            <a class="navhash" href="#778">#</a>
						
              <code id="778">configure:10422: checking for linux/perf_event.h</code><br />
						
            
            <a class="navhash" href="#779">#</a>
						
              <code id="779">configure:10435: clang -c  -ffunction-sections -fdata-sections  -Qunused-arguments  conftest.c 1>&5</code><br />
						
            
            <a class="navhash" href="#780">#</a>
						
              <code id="780">configure:10429:10: fatal error: 'linux/perf_event.h' file not found</code><br />
						
            
            <a class="navhash" href="#781">#</a>
						
              <code id="781">#include <linux/perf_event.h></code><br />
						
            
            <a class="navhash" href="#782">#</a>
						
              <code id="782">^</code><br />
						
            
            <a class="navhash" href="#783">#</a>
						
              <code id="783">1 error generated.</code><br />
						
            
            <a class="navhash" href="#784">#</a>
						
              <code id="784">configure: failed program was:</code><br />
						
            
            <a class="navhash" href="#785">#</a>
						
              <code id="785">#line 10427 "configure"</code><br />
						
            
            <a class="navhash" href="#786">#</a>
						
              <code id="786">#include "confdefs.h"</code><br />
						
            
            <a class="navhash" href="#787">#</a>
						
              <code id="787"></code><br />
						
            
            <a class="navhash" href="#788">#</a>
						
              <code id="788">#include <linux/perf_event.h></code><br />
						
            
            <a class="navhash" href="#789">#</a>
						
              <code id="789">int main() {</code><br />
						
            
            <a class="navhash" href="#790">#</a>
						
              <code id="790"></code><br />
						
            
            <a class="navhash" href="#791">#</a>
						
              <code id="791">; return 0; }</code><br />
						
            
            <a class="navhash" href="#792">#</a>
						
              <code id="792">configure:10498: checking for gethostbyname_r in -lc_r</code><br />
						
            
            <a class="navhash" href="#793">#</a>
						
              <code id="793">configure:10517: clang -o conftest  -ffunction-sections -fdata-sections -Qunused-arguments   -Wl,--icf=safe conftest.c -lc_r   1>&5</code><br />
						
            
            <a class="navhash" href="#794">#</a>
						
              <code id="794">/sysroot/bin/ld: error: cannot find -lc_r</code><br />
						
            
            <a class="navhash" href="#795">#</a>
						
              <code id="795">clang-3.8: error: linker command failed with exit code 1 (use -v to see invocation)</code><br />
						
            
            <a class="navhash" href="#796">#</a>
						
              <code id="796">configure: failed program was:</code><br />
						
            
            <a class="navhash" href="#797">#</a>
						
              <code id="797">#line 10506 "configure"</code><br />
						
            
            <a class="navhash" href="#798">#</a>
						
              <code id="798">#include "confdefs.h"</code><br />
						
            
            <a class="navhash" href="#799">#</a>
						
              <code id="799">/* Override any gcc2 internal prototype to avoid an error.  */</code><br />
						
            
            <a class="navhash" href="#800">#</a>
						
              <code id="800">/* We use char because int might match the return type of a gcc2</code><br />
						
            
            <a class="navhash" href="#801">#</a>
						
              <code id="801">builtin and then its argument prototype would still apply.  */</code><br />
						
            
            <a class="navhash" href="#802">#</a>
						
              <code id="802">char gethostbyname_r();</code><br />
						
            
            <a class="navhash" href="#803">#</a>
						
              <code id="803"></code><br />
						
            
            <a class="navhash" href="#804">#</a>
						
              <code id="804">int main() {</code><br />
						
            
            <a class="navhash" href="#805">#</a>
						
              <code id="805">gethostbyname_r()</code><br />
						
            
            <a class="navhash" href="#806">#</a>
						
              <code id="806">; return 0; }</code><br />
						
            
            <a class="navhash" href="#807">#</a>
						
              <code id="807">configure:10558: checking for library containing dlopen</code><br />
						
            
            <a class="navhash" href="#808">#</a>
						
              <code id="808">configure:10576: clang -o conftest  -ffunction-sections -fdata-sections -Qunused-arguments   -Wl,--icf=safe conftest.c  1>&5</code><br />
						
            
            <a class="navhash" href="#809">#</a>
						
              <code id="809">configure:10616: checking for dlfcn.h</code><br />
						
            
            <a class="navhash" href="#810">#</a>
						
              <code id="810">configure:10629: clang -c  -ffunction-sections -fdata-sections -Qunused-arguments  conftest.c 1>&5</code><br />
						
            
            <a class="navhash" href="#811">#</a>
						
              <code id="811">configure:10666: checking for dladdr</code><br />
						
            
            <a class="navhash" href="#812">#</a>
						
              <code id="812">configure:10694: clang -o conftest  -ffunction-sections -fdata-sections -D_GNU_SOURCE -Qunused-arguments   -Wl,--icf=safe conftest.c  1>&5</code><br />
						
            
            <a class="navhash" href="#813">#</a>
						
              <code id="813">configure:10838: checking for socket in -lsocket</code><br />
						
            
            <a class="navhash" href="#814">#</a>
						
              <code id="814">configure:10857: clang -o conftest  -ffunction-sections -fdata-sections -Qunused-arguments   -Wl,--icf=safe conftest.c -lsocket   1>&5</code><br />
						
            
            <a class="navhash" href="#815">#</a>
						
              <code id="815">/sysroot/bin/ld: error: cannot find -lsocket</code><br />
						
            
            <a class="navhash" href="#816">#</a>
						
              <code id="816">clang-3.8: error: linker command failed with exit code 1 (use -v to see invocation)</code><br />
						
            
            <a class="navhash" href="#817">#</a>
						
              <code id="817">configure: failed program was:</code><br />
						
            
            <a class="navhash" href="#818">#</a>
						
              <code id="818">#line 10846 "configure"</code><br />
						
            
            <a class="navhash" href="#819">#</a>
						
              <code id="819">#include "confdefs.h"</code><br />
						
            
            <a class="navhash" href="#820">#</a>
						
              <code id="820">/* Override any gcc2 internal prototype to avoid an error.  */</code><br />
						
            
            <a class="navhash" href="#821">#</a>
						
              <code id="821">/* We use char because int might match the return type of a gcc2</code><br />
						
            
            <a class="navhash" href="#822">#</a>
						
              <code id="822">builtin and then its argument prototype would still apply.  */</code><br />
						
            
            <a class="navhash" href="#823">#</a>
						
              <code id="823">char socket();</code><br />
						
            
            <a class="navhash" href="#824">#</a>
						
              <code id="824"></code><br />
						
            
            <a class="navhash" href="#825">#</a>
						
              <code id="825">int main() {</code><br />
						
            
            <a class="navhash" href="#826">#</a>
						
              <code id="826">socket()</code><br />
						
            
            <a class="navhash" href="#827">#</a>
						
              <code id="827">; return 0; }</code><br />
						
            
            <a class="navhash" href="#828">#</a>
						
              <code id="828">configure:10896: checking for pthread_create in -lpthreads</code><br />
						
            
            <a class="navhash" href="#829">#</a>
						
              <code id="829">clang -o dummy dummy.c  -ffunction-sections -fdata-sections -Qunused-arguments  -lpthreads  -Wl,--icf=safe</code><br />
						
            
            <a class="navhash" href="#830">#</a>
						
              <code id="830">dummy.c:4:38: warning: control reaches end of non-void function [-Wreturn-type]</code><br />
						
            
            <a class="navhash" href="#831">#</a>
						
              <code id="831">void *foo(void *v) { int a = 1;  }</code><br />
						
            
            <a class="navhash" href="#832">#</a>
						
              <code id="832">^</code><br />
						
            
            <a class="navhash" href="#833">#</a>
						
              <code id="833">1 warning generated.</code><br />
						
            
            <a class="navhash" href="#834">#</a>
						
              <code id="834">/sysroot/bin/ld: error: cannot find -lpthreads</code><br />
						
            
            <a class="navhash" href="#835">#</a>
						
              <code id="835">clang-3.8: error: linker command failed with exit code 1 (use -v to see invocation)</code><br />
						
            
            <a class="navhash" href="#836">#</a>
						
              <code id="836">configure:10919: checking for pthread_create in -lpthread</code><br />
						
            
            <a class="navhash" href="#837">#</a>
						
              <code id="837">clang -o dummy dummy.c  -ffunction-sections -fdata-sections -Qunused-arguments  -lpthread  -Wl,--icf=safe</code><br />
						
            
            <a class="navhash" href="#838">#</a>
						
              <code id="838">dummy.c:4:38: warning: control reaches end of non-void function [-Wreturn-type]</code><br />
						
            
            <a class="navhash" href="#839">#</a>
						
              <code id="839">void *foo(void *v) { int a = 1;  }</code><br />
						
            
            <a class="navhash" href="#840">#</a>
						
              <code id="840">^</code><br />
						
            
            <a class="navhash" href="#841">#</a>
						
              <code id="841">1 warning generated.</code><br />
						
            
            <a class="navhash" href="#842">#</a>
						
              <code id="842">configure:11024: checking whether clang accepts -pthread</code><br />
						
            
            <a class="navhash" href="#843">#</a>
						
              <code id="843">configure:11152: checking whether clang needs -traditional</code><br />
						
            
            <a class="navhash" href="#844">#</a>
						
              <code id="844">configure:11159:10: fatal error: 'sgtty.h' file not found</code><br />
						
            
            <a class="navhash" href="#845">#</a>
						
              <code id="845">#include <sgtty.h></code><br />
						
            
            <a class="navhash" href="#846">#</a>
						
              <code id="846">^</code><br />
						
            
            <a class="navhash" href="#847">#</a>
						
              <code id="847">1 error generated.</code><br />
						
            
            <a class="navhash" href="#848">#</a>
						
              <code id="848">configure:11177:10: fatal error: 'termio.h' file not found</code><br />
						
            
            <a class="navhash" href="#849">#</a>
						
              <code id="849">#include <termio.h></code><br />
						
            
            <a class="navhash" href="#850">#</a>
						
              <code id="850">^</code><br />
						
            
            <a class="navhash" href="#851">#</a>
						
              <code id="851">1 error generated.</code><br />
						
            
            <a class="navhash" href="#852">#</a>
						
              <code id="852">configure:11198: checking for 8-bit clean memcmp</code><br />
						
            
            <a class="navhash" href="#853">#</a>
						
              <code id="853">configure:11238: checking for fchmod</code><br />
						
            
            <a class="navhash" href="#854">#</a>
						
              <code id="854">configure:11266: clang -o conftest  -ffunction-sections -fdata-sections -pthread -Qunused-arguments  -lpthread  -Wl,--icf=safe conftest.c  1>&5</code><br />
						
            
            <a class="navhash" href="#855">#</a>
						
              <code id="855">configure:11238: checking for flockfile</code><br />
						
            
            <a class="navhash" href="#856">#</a>
						
              <code id="856">configure:11266: clang -o conftest  -ffunction-sections -fdata-sections -pthread -Qunused-arguments  -lpthread  -Wl,--icf=safe conftest.c  1>&5</code><br />
						
            
            <a class="navhash" href="#857">#</a>
						
              <code id="857">configure:11238: checking for getc_unlocked</code><br />
						
            
            <a class="navhash" href="#858">#</a>
						
              <code id="858">configure:11266: clang -o conftest  -ffunction-sections -fdata-sections -pthread -Qunused-arguments  -lpthread  -Wl,--icf=safe conftest.c  1>&5</code><br />
						
            
            <a class="navhash" href="#859">#</a>
						
              <code id="859">configure:11238: checking for _getc_nolock</code><br />
						
            
            <a class="navhash" href="#860">#</a>
						
              <code id="860">configure:11266: clang -o conftest  -ffunction-sections -fdata-sections -pthread -Qunused-arguments  -lpthread  -Wl,--icf=safe conftest.c  1>&5</code><br />
						
            
            <a class="navhash" href="#861">#</a>
						
              <code id="861">/tmp/conftest-a74cd1.o:conftest.c:function main: error: undefined reference to '_getc_nolock'</code><br />
						
            
            <a class="navhash" href="#862">#</a>
						
              <code id="862">clang-3.8: error: linker command failed with exit code 1 (use -v to see invocation)</code><br />
						
            
            <a class="navhash" href="#863">#</a>
						
              <code id="863">configure: failed program was:</code><br />
						
            
            <a class="navhash" href="#864">#</a>
						
              <code id="864">#line 11243 "configure"</code><br />
						
            
            <a class="navhash" href="#865">#</a>
						
              <code id="865">#include "confdefs.h"</code><br />
						
            
            <a class="navhash" href="#866">#</a>
						
              <code id="866">/* System header to define __stub macros and hopefully few prototypes,</code><br />
						
            
            <a class="navhash" href="#867">#</a>
						
              <code id="867">which can conflict with char _getc_nolock(); below.  */</code><br />
						
            
            <a class="navhash" href="#868">#</a>
						
              <code id="868">#include <assert.h></code><br />
						
            
            <a class="navhash" href="#869">#</a>
						
              <code id="869">/* Override any gcc2 internal prototype to avoid an error.  */</code><br />
						
            
            <a class="navhash" href="#870">#</a>
						
              <code id="870">/* We use char because int might match the return type of a gcc2</code><br />
						
            
            <a class="navhash" href="#871">#</a>
						
              <code id="871">builtin and then its argument prototype would still apply.  */</code><br />
						
            
            <a class="navhash" href="#872">#</a>
						
              <code id="872">char _getc_nolock();</code><br />
						
            
            <a class="navhash" href="#873">#</a>
						
              <code id="873"></code><br />
						
            
            <a class="navhash" href="#874">#</a>
						
              <code id="874">int main() {</code><br />
						
            
            <a class="navhash" href="#875">#</a>
						
              <code id="875"></code><br />
						
            
            <a class="navhash" href="#876">#</a>
						
              <code id="876">/* The GNU C library defines this for functions which it implements</code><br />
						
            
            <a class="navhash" href="#877">#</a>
						
              <code id="877">to always fail with ENOSYS.  Some functions are actually named</code><br />
						
            
            <a class="navhash" href="#878">#</a>
						
              <code id="878">something starting with __ and the normal name is an alias.  */</code><br />
						
            
            <a class="navhash" href="#879">#</a>
						
              <code id="879">#if defined (__stub__getc_nolock) || defined (__stub____getc_nolock)</code><br />
						
            
            <a class="navhash" href="#880">#</a>
						
              <code id="880">choke me</code><br />
						
            
            <a class="navhash" href="#881">#</a>
						
              <code id="881">#else</code><br />
						
            
            <a class="navhash" href="#882">#</a>
						
              <code id="882">_getc_nolock();</code><br />
						
            
            <a class="navhash" href="#883">#</a>
						
              <code id="883">#endif</code><br />
						
            
            <a class="navhash" href="#884">#</a>
						
              <code id="884"></code><br />
						
            
            <a class="navhash" href="#885">#</a>
						
              <code id="885">; return 0; }</code><br />
						
            
            <a class="navhash" href="#886">#</a>
						
              <code id="886">configure:11238: checking for getpagesize</code><br />
						
            
            <a class="navhash" href="#887">#</a>
						
              <code id="887">configure:11266: clang -o conftest  -ffunction-sections -fdata-sections -pthread -Qunused-arguments  -lpthread  -Wl,--icf=safe conftest.c  1>&5</code><br />
						
            
            <a class="navhash" href="#888">#</a>
						
              <code id="888">configure:11238: checking for lchown</code><br />
						
            
            <a class="navhash" href="#889">#</a>
						
              <code id="889">configure:11266: clang -o conftest  -ffunction-sections -fdata-sections -pthread -Qunused-arguments  -lpthread  -Wl,--icf=safe conftest.c  1>&5</code><br />
						
            
            <a class="navhash" href="#890">#</a>
						
              <code id="890">configure:11238: checking for localtime_r</code><br />
						
            
            <a class="navhash" href="#891">#</a>
						
              <code id="891">configure:11266: clang -o conftest  -ffunction-sections -fdata-sections -pthread -Qunused-arguments  -lpthread  -Wl,--icf=safe conftest.c  1>&5</code><br />
						
            
            <a class="navhash" href="#892">#</a>
						
              <code id="892">configure:11238: checking for lstat64</code><br />
						
            
            <a class="navhash" href="#893">#</a>
						
              <code id="893">configure:11266: clang -o conftest  -ffunction-sections -fdata-sections -pthread -Qunused-arguments  -lpthread  -Wl,--icf=safe conftest.c  1>&5</code><br />
						
            
            <a class="navhash" href="#894">#</a>
						
              <code id="894">configure:11238: checking for memmove</code><br />
						
            
            <a class="navhash" href="#895">#</a>
						
              <code id="895">configure:11266: clang -o conftest  -ffunction-sections -fdata-sections -pthread -Qunused-arguments  -lpthread  -Wl,--icf=safe conftest.c  1>&5</code><br />
						
            
            <a class="navhash" href="#896">#</a>
						
              <code id="896">configure:11250:6: warning: incompatible redeclaration of library function 'memmove' [-Wincompatible-library-redeclaration]</code><br />
						
            
            <a class="navhash" href="#897">#</a>
						
              <code id="897">char memmove();</code><br />
						
            
            <a class="navhash" href="#898">#</a>
						
              <code id="898">^</code><br />
						
            
            <a class="navhash" href="#899">#</a>
						
              <code id="899">configure:11250:6: note: 'memmove' is a builtin with type 'void *(void *, const void *, unsigned long)'</code><br />
						
            
            <a class="navhash" href="#900">#</a>
						
              <code id="900">1 warning generated.</code><br />
						
            
            <a class="navhash" href="#901">#</a>
						
              <code id="901">configure:11238: checking for random</code><br />
						
            
            <a class="navhash" href="#902">#</a>
						
              <code id="902">configure:11266: clang -o conftest  -ffunction-sections -fdata-sections -pthread -Qunused-arguments  -lpthread  -Wl,--icf=safe conftest.c  1>&5</code><br />
						
            
            <a class="navhash" href="#903">#</a>
						
              <code id="903">configure:11238: checking for rint</code><br />
						
            
            <a class="navhash" href="#904">#</a>
						
              <code id="904">configure:11266: clang -o conftest  -ffunction-sections -fdata-sections -pthread -Qunused-arguments  -lpthread  -Wl,--icf=safe conftest.c  1>&5</code><br />
						
            
            <a class="navhash" href="#905">#</a>
						
              <code id="905">configure:11250:6: warning: incompatible redeclaration of library function 'rint' [-Wincompatible-library-redeclaration]</code><br />
						
            
            <a class="navhash" href="#906">#</a>
						
              <code id="906">char rint();</code><br />
						
            
            <a class="navhash" href="#907">#</a>
						
              <code id="907">^</code><br />
						
            
            <a class="navhash" href="#908">#</a>
						
              <code id="908">configure:11250:6: note: 'rint' is a builtin with type 'double (double)'</code><br />
						
            
            <a class="navhash" href="#909">#</a>
						
              <code id="909">1 warning generated.</code><br />
						
            
            <a class="navhash" href="#910">#</a>
						
              <code id="910">configure:11238: checking for sbrk</code><br />
						
            
            <a class="navhash" href="#911">#</a>
						
              <code id="911">configure:11266: clang -o conftest  -ffunction-sections -fdata-sections -pthread -Qunused-arguments  -lpthread  -Wl,--icf=safe conftest.c  1>&5</code><br />
						
            
            <a class="navhash" href="#912">#</a>
						
              <code id="912">configure:11238: checking for snprintf</code><br />
						
            
            <a class="navhash" href="#913">#</a>
						
              <code id="913">configure:11266: clang -o conftest  -ffunction-sections -fdata-sections -pthread -Qunused-arguments  -lpthread  -Wl,--icf=safe conftest.c  1>&5</code><br />
						
            
            <a class="navhash" href="#914">#</a>
						
              <code id="914">configure:11250:6: warning: incompatible redeclaration of library function 'snprintf' [-Wincompatible-library-redeclaration]</code><br />
						
            
            <a class="navhash" href="#915">#</a>
						
              <code id="915">char snprintf();</code><br />
						
            
            <a class="navhash" href="#916">#</a>
						
              <code id="916">^</code><br />
						
            
            <a class="navhash" href="#917">#</a>
						
              <code id="917">configure:11250:6: note: 'snprintf' is a builtin with type 'int (char *, unsigned long, const char *, ...)'</code><br />
						
            
            <a class="navhash" href="#918">#</a>
						
              <code id="918">1 warning generated.</code><br />
						
            
            <a class="navhash" href="#919">#</a>
						
              <code id="919">configure:11238: checking for stat64</code><br />
						
            
            <a class="navhash" href="#920">#</a>
						
              <code id="920">configure:11266: clang -o conftest  -ffunction-sections -fdata-sections -pthread -Qunused-arguments  -lpthread  -Wl,--icf=safe conftest.c  1>&5</code><br />
						
            
            <a class="navhash" href="#921">#</a>
						
              <code id="921">configure:11238: checking for statvfs</code><br />
						
            
            <a class="navhash" href="#922">#</a>
						
              <code id="922">configure:11266: clang -o conftest  -ffunction-sections -fdata-sections -pthread -Qunused-arguments  -lpthread  -Wl,--icf=safe conftest.c  1>&5</code><br />
						
            
            <a class="navhash" href="#923">#</a>
						
              <code id="923">configure:11238: checking for statvfs64</code><br />
						
            
            <a class="navhash" href="#924">#</a>
						
              <code id="924">configure:11266: clang -o conftest  -ffunction-sections -fdata-sections -pthread -Qunused-arguments  -lpthread  -Wl,--icf=safe conftest.c  1>&5</code><br />
						
            
            <a class="navhash" href="#925">#</a>
						
              <code id="925">configure:11238: checking for strerror</code><br />
						
            
            <a class="navhash" href="#926">#</a>
						
              <code id="926">configure:11266: clang -o conftest  -ffunction-sections -fdata-sections -pthread -Qunused-arguments  -lpthread  -Wl,--icf=safe conftest.c  1>&5</code><br />
						
            
            <a class="navhash" href="#927">#</a>
						
              <code id="927">configure:11250:6: warning: incompatible redeclaration of library function 'strerror' [-Wincompatible-library-redeclaration]</code><br />
						
            
            <a class="navhash" href="#928">#</a>
						
              <code id="928">char strerror();</code><br />
						
            
            <a class="navhash" href="#929">#</a>
						
              <code id="929">^</code><br />
						
            
            <a class="navhash" href="#930">#</a>
						
              <code id="930">configure:11250:6: note: 'strerror' is a builtin with type 'char *(int)'</code><br />
						
            
            <a class="navhash" href="#931">#</a>
						
              <code id="931">1 warning generated.</code><br />
						
            
            <a class="navhash" href="#932">#</a>
						
              <code id="932">configure:11238: checking for strtok_r</code><br />
						
            
            <a class="navhash" href="#933">#</a>
						
              <code id="933">configure:11266: clang -o conftest  -ffunction-sections -fdata-sections -pthread -Qunused-arguments  -lpthread  -Wl,--icf=safe conftest.c  1>&5</code><br />
						
            
            <a class="navhash" href="#934">#</a>
						
              <code id="934">configure:11238: checking for truncate64</code><br />
						
            
            <a class="navhash" href="#935">#</a>
						
              <code id="935">configure:11266: clang -o conftest  -ffunction-sections -fdata-sections -pthread -Qunused-arguments  -lpthread  -Wl,--icf=safe conftest.c  1>&5</code><br />
						
            
            <a class="navhash" href="#936">#</a>
						
              <code id="936">configure:11302: clang -o conftest  -ffunction-sections -fdata-sections -pthread -Qunused-arguments  -lpthread  -Wl,--icf=safe conftest.c  1>&5</code><br />
						
            
            <a class="navhash" href="#937">#</a>
						
              <code id="937">configure:11296:10: fatal error: 'windows.h' file not found</code><br />
						
            
            <a class="navhash" href="#938">#</a>
						
              <code id="938">#include <windows.h></code><br />
						
            
            <a class="navhash" href="#939">#</a>
						
              <code id="939">^</code><br />
						
            
            <a class="navhash" href="#940">#</a>
						
              <code id="940">1 error generated.</code><br />
						
            
            <a class="navhash" href="#941">#</a>
						
              <code id="941">configure: failed program was:</code><br />
						
            
            <a class="navhash" href="#942">#</a>
						
              <code id="942">#line 11295 "configure"</code><br />
						
            
            <a class="navhash" href="#943">#</a>
						
              <code id="943">#include "confdefs.h"</code><br />
						
            
            <a class="navhash" href="#944">#</a>
						
              <code id="944">#include <windows.h></code><br />
						
            
            <a class="navhash" href="#945">#</a>
						
              <code id="945">int main() {</code><br />
						
            
            <a class="navhash" href="#946">#</a>
						
              <code id="946">SYSTEMTIME st;FILETIME ft;SystemTimeToFileTime(&st,&ft);</code><br />
						
            
            <a class="navhash" href="#947">#</a>
						
              <code id="947">; return 0; }</code><br />
						
            
            <a class="navhash" href="#948">#</a>
						
              <code id="948">configure:11329: clang -o conftest  -ffunction-sections -fdata-sections -pthread -Qunused-arguments  -lpthread  -Wl,--icf=safe conftest.c  1>&5</code><br />
						
            
            <a class="navhash" href="#949">#</a>
						
              <code id="949">configure:11323:10: fatal error: 'windows.h' file not found</code><br />
						
            
            <a class="navhash" href="#950">#</a>
						
              <code id="950">#include <windows.h></code><br />
						
            
            <a class="navhash" href="#951">#</a>
						
              <code id="951">^</code><br />
						
            
            <a class="navhash" href="#952">#</a>
						
              <code id="952">1 error generated.</code><br />
						
            
            <a class="navhash" href="#953">#</a>
						
              <code id="953">configure: failed program was:</code><br />
						
            
            <a class="navhash" href="#954">#</a>
						
              <code id="954">#line 11322 "configure"</code><br />
						
            
            <a class="navhash" href="#955">#</a>
						
              <code id="955">#include "confdefs.h"</code><br />
						
            
            <a class="navhash" href="#956">#</a>
						
              <code id="956">#include <windows.h></code><br />
						
            
            <a class="navhash" href="#957">#</a>
						
              <code id="957">int main() {</code><br />
						
            
            <a class="navhash" href="#958">#</a>
						
              <code id="958">FILETIME ft;GetSystemTimeAsFileTime(&ft);</code><br />
						
            
            <a class="navhash" href="#959">#</a>
						
              <code id="959">; return 0; }</code><br />
						
            
            <a class="navhash" href="#960">#</a>
						
              <code id="960">configure:11359: checking for wcrtomb</code><br />
						
            
            <a class="navhash" href="#961">#</a>
						
              <code id="961">configure:11371: clang++ -o conftest  -fno-rtti -ffunction-sections -fdata-sections -fno-exceptions -pthread -Qunused-arguments  -lpthread  -Wl,--icf=safe conftest.C  1>&5</code><br />
						
            
            <a class="navhash" href="#962">#</a>
						
              <code id="962">configure:11394: checking for mbrtowc</code><br />
						
            
            <a class="navhash" href="#963">#</a>
						
              <code id="963">configure:11406: clang++ -o conftest  -fno-rtti -ffunction-sections -fdata-sections -fno-exceptions -pthread -Qunused-arguments  -lpthread  -Wl,--icf=safe conftest.C  1>&5</code><br />
						
            
            <a class="navhash" href="#964">#</a>
						
              <code id="964">configure:11438: checking for res_ninit()</code><br />
						
            
            <a class="navhash" href="#965">#</a>
						
              <code id="965">configure:11455: clang -o conftest  -ffunction-sections -fdata-sections -pthread -Qunused-arguments  -lpthread  -Wl,--icf=safe conftest.c  1>&5</code><br />
						
            
            <a class="navhash" href="#966">#</a>
						
              <code id="966">configure:11451:11: warning: implicit declaration of function 'res_ninit' is invalid in C99 [-Wimplicit-function-declaration]</code><br />
						
            
            <a class="navhash" href="#967">#</a>
						
              <code id="967">int foo = res_ninit(&_res);</code><br />
						
            
            <a class="navhash" href="#968">#</a>
						
              <code id="968">^</code><br />
						
            
            <a class="navhash" href="#969">#</a>
						
              <code id="969">1 warning generated.</code><br />
						
            
            <a class="navhash" href="#970">#</a>
						
              <code id="970">/tmp/conftest-c0b8da.o:conftest.c:function main: error: undefined reference to 'res_ninit'</code><br />
						
            
            <a class="navhash" href="#971">#</a>
						
              <code id="971">clang-3.8: error: linker command failed with exit code 1 (use -v to see invocation)</code><br />
						
            
            <a class="navhash" href="#972">#</a>
						
              <code id="972">configure: failed program was:</code><br />
						
            
            <a class="navhash" href="#973">#</a>
						
              <code id="973">#line 11443 "configure"</code><br />
						
            
            <a class="navhash" href="#974">#</a>
						
              <code id="974">#include "confdefs.h"</code><br />
						
            
            <a class="navhash" href="#975">#</a>
						
              <code id="975"></code><br />
						
            
            <a class="navhash" href="#976">#</a>
						
              <code id="976">#ifdef linux</code><br />
						
            
            <a class="navhash" href="#977">#</a>
						
              <code id="977">#define _BSD_SOURCE 1</code><br />
						
            
            <a class="navhash" href="#978">#</a>
						
              <code id="978">#endif</code><br />
						
            
            <a class="navhash" href="#979">#</a>
						
              <code id="979">#include <resolv.h></code><br />
						
            
            <a class="navhash" href="#980">#</a>
						
              <code id="980"></code><br />
						
            
            <a class="navhash" href="#981">#</a>
						
              <code id="981">int main() {</code><br />
						
            
            <a class="navhash" href="#982">#</a>
						
              <code id="982">int foo = res_ninit(&_res);</code><br />
						
            
            <a class="navhash" href="#983">#</a>
						
              <code id="983">; return 0; }</code><br />
						
            
            <a class="navhash" href="#984">#</a>
						
              <code id="984">configure:11488: checking for gnu_get_libc_version()</code><br />
						
            
            <a class="navhash" href="#985">#</a>
						
              <code id="985">configure:11504: clang++ -o conftest  -fno-rtti -ffunction-sections -fdata-sections -fno-exceptions -pthread -Qunused-arguments  -lpthread  -Wl,--icf=safe conftest.C  1>&5</code><br />
						
            
            <a class="navhash" href="#986">#</a>
						
              <code id="986">configure:11500:29: error: use of undeclared identifier 'gnu_get_libc_version'</code><br />
						
            
            <a class="navhash" href="#987">#</a>
						
              <code id="987">const char *glibc_version = gnu_get_libc_version();</code><br />
						
            
            <a class="navhash" href="#988">#</a>
						
              <code id="988">^</code><br />
						
            
            <a class="navhash" href="#989">#</a>
						
              <code id="989">1 error generated.</code><br />
						
            
            <a class="navhash" href="#990">#</a>
						
              <code id="990">configure: failed program was:</code><br />
						
            
            <a class="navhash" href="#991">#</a>
						
              <code id="991">#line 11493 "configure"</code><br />
						
            
            <a class="navhash" href="#992">#</a>
						
              <code id="992">#include "confdefs.h"</code><br />
						
            
            <a class="navhash" href="#993">#</a>
						
              <code id="993"></code><br />
						
            
            <a class="navhash" href="#994">#</a>
						
              <code id="994">#ifdef HAVE_GNU_LIBC_VERSION_H</code><br />
						
            
            <a class="navhash" href="#995">#</a>
						
              <code id="995">#include <gnu/libc-version.h></code><br />
						
            
            <a class="navhash" href="#996">#</a>
						
              <code id="996">#endif</code><br />
						
            
            <a class="navhash" href="#997">#</a>
						
              <code id="997"></code><br />
						
            
            <a class="navhash" href="#998">#</a>
						
              <code id="998">int main() {</code><br />
						
            
            <a class="navhash" href="#999">#</a>
						
              <code id="999">const char *glibc_version = gnu_get_libc_version();</code><br />
						
            
            <a class="navhash" href="#1000">#</a>
						
              <code id="1000">; return 0; }</code><br />
						
            
            <a class="navhash" href="#1001">#</a>
						
              <code id="1001">configure:11538: checking for an implementation of va_copy()</code><br />
						
            
            <a class="navhash" href="#1002">#</a>
						
              <code id="1002">configure:11579: checking for an implementation of __va_copy()</code><br />
						
            
            <a class="navhash" href="#1003">#</a>
						
              <code id="1003">configure:11620: checking whether va_lists can be copied by value</code><br />
						
            
            <a class="navhash" href="#1004">#</a>
						
              <code id="1004">configure:11757: checking for modern C++ template specialization syntax support</code><br />
						
            
            <a class="navhash" href="#1005">#</a>
						
              <code id="1005">configure:11772: clang++ -c  -fno-rtti -ffunction-sections -fdata-sections -fno-exceptions -pthread -Qunused-arguments  conftest.C 1>&5</code><br />
						
            
            <a class="navhash" href="#1006">#</a>
						
              <code id="1006">configure:11790: checking whether partial template specialization works</code><br />
						
            
            <a class="navhash" href="#1007">#</a>
						
              <code id="1007">configure:11803: clang++ -c  -fno-rtti -ffunction-sections -fdata-sections -fno-exceptions -pthread -Qunused-arguments  conftest.C 1>&5</code><br />
						
            
            <a class="navhash" href="#1008">#</a>
						
              <code id="1008">configure:11827: checking whether the C++ "using" keyword resolves ambiguity</code><br />
						
            
            <a class="navhash" href="#1009">#</a>
						
              <code id="1009">configure:11848: clang++ -c  -fno-rtti -ffunction-sections -fdata-sections -fno-exceptions -pthread -Qunused-arguments  conftest.C 1>&5</code><br />
						
            
            <a class="navhash" href="#1010">#</a>
						
              <code id="1010">configure:11872: checking for C++ dynamic_cast to void*</code><br />
						
            
            <a class="navhash" href="#1011">#</a>
						
              <code id="1011">configure:11923: checking whether C++ requires implementation of unused virtual methods</code><br />
						
            
            <a class="navhash" href="#1012">#</a>
						
              <code id="1012">configure:11935: clang++ -o conftest  -fno-rtti -ffunction-sections -fdata-sections -fno-exceptions -pthread -Qunused-arguments  -lpthread  -Wl,--icf=safe conftest.C  1>&5</code><br />
						
            
            <a class="navhash" href="#1013">#</a>
						
              <code id="1013">/tmp/conftest-75d7e9.o:conftest.C:function X::X(): error: undefined reference to 'vtable for X'</code><br />
						
            
            <a class="navhash" href="#1014">#</a>
						
              <code id="1014">/sysroot/bin/ld: the vtable symbol may be undefined because the class is missing its key function</code><br />
						
            
            <a class="navhash" href="#1015">#</a>
						
              <code id="1015">clang-3.8: error: linker command failed with exit code 1 (use -v to see invocation)</code><br />
						
            
            <a class="navhash" href="#1016">#</a>
						
              <code id="1016">configure: failed program was:</code><br />
						
            
            <a class="navhash" href="#1017">#</a>
						
              <code id="1017">#line 11928 "configure"</code><br />
						
            
            <a class="navhash" href="#1018">#</a>
						
              <code id="1018">#include "confdefs.h"</code><br />
						
            
            <a class="navhash" href="#1019">#</a>
						
              <code id="1019">class X {private: virtual void never_called();};</code><br />
						
            
            <a class="navhash" href="#1020">#</a>
						
              <code id="1020">int main() {</code><br />
						
            
            <a class="navhash" href="#1021">#</a>
						
              <code id="1021">X x;</code><br />
						
            
            <a class="navhash" href="#1022">#</a>
						
              <code id="1022">; return 0; }</code><br />
						
            
            <a class="navhash" href="#1023">#</a>
						
              <code id="1023">configure:11961: checking for trouble comparing to zero near std::operator!=()</code><br />
						
            
            <a class="navhash" href="#1024">#</a>
						
              <code id="1024">configure:11977: clang++ -c  -fno-rtti -ffunction-sections -fdata-sections -fno-exceptions -pthread -Qunused-arguments  conftest.C 1>&5</code><br />
						
            
            <a class="navhash" href="#1025">#</a>
						
              <code id="1025">configure:12007: checking for __thread keyword for TLS variables</code><br />
						
            
            <a class="navhash" href="#1026">#</a>
						
              <code id="1026">configure:12019: clang++ -o conftest  -fno-rtti -ffunction-sections -fdata-sections -fno-exceptions -pthread -Qunused-arguments  -lpthread  -Wl,--icf=safe -fPIC -shared -Wl,-z,defs -Wl,--gc-sections  conftest.C  1>&5</code><br />
						
            
            <a class="navhash" href="#1027">#</a>
						
              <code id="1027">configure:12059: checking for malloc.h</code><br />
						
            
            <a class="navhash" href="#1028">#</a>
						
              <code id="1028">configure:12180: checking for strndup</code><br />
						
            
            <a class="navhash" href="#1029">#</a>
						
              <code id="1029">configure:12211: clang++ -o conftest  -fno-rtti -ffunction-sections -fdata-sections -fno-exceptions -pthread -Qunused-arguments  -lpthread  -Wl,--icf=safe conftest.C  1>&5</code><br />
						
            
            <a class="navhash" href="#1030">#</a>
						
              <code id="1030">configure:12180: checking for posix_memalign</code><br />
						
            
            <a class="navhash" href="#1031">#</a>
						
              <code id="1031">configure:12211: clang++ -o conftest  -fno-rtti -ffunction-sections -fdata-sections -fno-exceptions -pthread -Qunused-arguments  -lpthread  -Wl,--icf=safe conftest.C  1>&5</code><br />
						
            
            <a class="navhash" href="#1032">#</a>
						
              <code id="1032">configure:12180: checking for memalign</code><br />
						
            
            <a class="navhash" href="#1033">#</a>
						
              <code id="1033">configure:12211: clang++ -o conftest  -fno-rtti -ffunction-sections -fdata-sections -fno-exceptions -pthread -Qunused-arguments  -lpthread  -Wl,--icf=safe conftest.C  1>&5</code><br />
						
            
            <a class="navhash" href="#1034">#</a>
						
              <code id="1034">configure:12180: checking for valloc</code><br />
						
            
            <a class="navhash" href="#1035">#</a>
						
              <code id="1035">configure:12211: clang++ -o conftest  -fno-rtti -ffunction-sections -fdata-sections -fno-exceptions -pthread -Qunused-arguments  -lpthread  -Wl,--icf=safe conftest.C  1>&5</code><br />
						
            
            <a class="navhash" href="#1036">#</a>
						
              <code id="1036">configure:12241: checking for __attribute__((always_inline))</code><br />
						
            
            <a class="navhash" href="#1037">#</a>
						
              <code id="1037">configure:12253: clang++ -c  -fno-rtti -ffunction-sections -fdata-sections -fno-exceptions -pthread -Qunused-arguments  conftest.C 1>&5</code><br />
						
            
            <a class="navhash" href="#1038">#</a>
						
              <code id="1038">configure:12268: checking for __attribute__((malloc))</code><br />
						
            
            <a class="navhash" href="#1039">#</a>
						
              <code id="1039">configure:12280: clang++ -c  -fno-rtti -ffunction-sections -fdata-sections -fno-exceptions -pthread -Qunused-arguments  conftest.C 1>&5</code><br />
						
            
            <a class="navhash" href="#1040">#</a>
						
              <code id="1040">configure:12295: checking for __attribute__((warn_unused_result))</code><br />
						
            
            <a class="navhash" href="#1041">#</a>
						
              <code id="1041">configure:12307: clang++ -c  -fno-rtti -ffunction-sections -fdata-sections -fno-exceptions -pthread -Qunused-arguments  conftest.C 1>&5</code><br />
						
            
            <a class="navhash" href="#1042">#</a>
						
              <code id="1042">configure:12331: checking for LC_MESSAGES</code><br />
						
            
            <a class="navhash" href="#1043">#</a>
						
              <code id="1043">configure:12343: clang -c  -ffunction-sections -fdata-sections -pthread -Qunused-arguments  conftest.c 1>&5</code><br />
						
            
            <a class="navhash" href="#1044">#</a>
						
              <code id="1044">configure:12369: checking for localeconv</code><br />
						
            
            <a class="navhash" href="#1045">#</a>
						
              <code id="1045">configure:12397: clang -o conftest  -ffunction-sections -fdata-sections -pthread -Qunused-arguments  -lpthread  -Wl,--icf=safe conftest.c  1>&5</code><br />
						
            
            <a class="navhash" href="#1046">#</a>
						
              <code id="1046">configure:12584: checking for nspr-config</code><br />
						
            
            <a class="navhash" href="#1047">#</a>
						
              <code id="1047">configure:12619: checking for NSPR - version >= 4.9.2</code><br />
						
            
            <a class="navhash" href="#1048">#</a>
						
              <code id="1048">configure:12691: clang -c  -ffunction-sections -fdata-sections -pthread -I/usr/include/nspr -Qunused-arguments  conftest.c 1>&5</code><br />
						
            
            <a class="navhash" href="#1049">#</a>
						
              <code id="1049">configure:12733: checking for gzread in -lz</code><br />
						
            
            <a class="navhash" href="#1050">#</a>
						
              <code id="1050">configure:12752: clang -o conftest  -ffunction-sections -fdata-sections -pthread -Qunused-arguments  -lpthread  -Wl,--icf=safe conftest.c -lz   1>&5</code><br />
						
            
            <a class="navhash" href="#1051">#</a>
						
              <code id="1051">/sysroot/bin/ld: error: cannot find -lz</code><br />
						
            
            <a class="navhash" href="#1052">#</a>
						
              <code id="1052">/tmp/conftest-b91854.o:conftest.c:function main: error: undefined reference to 'gzread'</code><br />
						
            
            <a class="navhash" href="#1053">#</a>
						
              <code id="1053">clang-3.8: error: linker command failed with exit code 1 (use -v to see invocation)</code><br />
						
            
            <a class="navhash" href="#1054">#</a>
						
              <code id="1054">configure: failed program was:</code><br />
						
            
            <a class="navhash" href="#1055">#</a>
						
              <code id="1055">#line 12741 "configure"</code><br />
						
            
            <a class="navhash" href="#1056">#</a>
						
              <code id="1056">#include "confdefs.h"</code><br />
						
            
            <a class="navhash" href="#1057">#</a>
						
              <code id="1057">/* Override any gcc2 internal prototype to avoid an error.  */</code><br />
						
            
            <a class="navhash" href="#1058">#</a>
						
              <code id="1058">/* We use char because int might match the return type of a gcc2</code><br />
						
            
            <a class="navhash" href="#1059">#</a>
						
              <code id="1059">builtin and then its argument prototype would still apply.  */</code><br />
						
            
            <a class="navhash" href="#1060">#</a>
						
              <code id="1060">char gzread();</code><br />
						
            
            <a class="navhash" href="#1061">#</a>
						
              <code id="1061"></code><br />
						
            
            <a class="navhash" href="#1062">#</a>
						
              <code id="1062">int main() {</code><br />
						
            
            <a class="navhash" href="#1063">#</a>
						
              <code id="1063">gzread()</code><br />
						
            
            <a class="navhash" href="#1064">#</a>
						
              <code id="1064">; return 0; }</code><br />
						
            
            <a class="navhash" href="#1065">#</a>
						
              <code id="1065">configure:13205: checking for valid optimization flags</code><br />
						
            
            <a class="navhash" href="#1066">#</a>
						
              <code id="1066">configure:13216: clang -c  -ffunction-sections -fdata-sections -pthread -O3 -freorder-blocks  -Qunused-arguments  conftest.c 1>&5</code><br />
						
            
            <a class="navhash" href="#1067">#</a>
						
              <code id="1067">clang-3.8: warning: optimization flag '-freorder-blocks' is not supported</code><br />
						
            
            <a class="navhash" href="#1068">#</a>
						
              <code id="1068">configure:14103: checking for __cxa_demangle</code><br />
						
            
            <a class="navhash" href="#1069">#</a>
						
              <code id="1069">configure:14134: clang++ -o conftest  -fno-rtti -ffunction-sections -fdata-sections -fno-exceptions -pthread -Qunused-arguments  -lpthread  -Wl,--icf=safe conftest.C  1>&5</code><br />
						
            
            <a class="navhash" href="#1070">#</a>
						
              <code id="1070">configure:14188: checking for unwind.h</code><br />
						
            
            <a class="navhash" href="#1071">#</a>
						
              <code id="1071">configure:14201: clang -c  -ffunction-sections -fdata-sections -pthread -Qunused-arguments  conftest.c 1>&5</code><br />
						
            
            <a class="navhash" href="#1072">#</a>
						
              <code id="1072">configure:14218: checking for _Unwind_Backtrace</code><br />
						
            
            <a class="navhash" href="#1073">#</a>
						
              <code id="1073">configure:14246: clang -o conftest  -ffunction-sections -fdata-sections -pthread -Qunused-arguments  -lpthread  -Wl,--icf=safe conftest.c  1>&5</code><br />
						
            
            <a class="navhash" href="#1074">#</a>
						
              <code id="1074">/tmp/conftest-b64b30.o:conftest.c:function main: error: undefined reference to '_Unwind_Backtrace'</code><br />
						
            
            <a class="navhash" href="#1075">#</a>
						
              <code id="1075">clang-3.8: error: linker command failed with exit code 1 (use -v to see invocation)</code><br />
						
            
            <a class="navhash" href="#1076">#</a>
						
              <code id="1076">configure: failed program was:</code><br />
						
            
            <a class="navhash" href="#1077">#</a>
						
              <code id="1077">#line 14223 "configure"</code><br />
						
            
            <a class="navhash" href="#1078">#</a>
						
              <code id="1078">#include "confdefs.h"</code><br />
						
            
            <a class="navhash" href="#1079">#</a>
						
              <code id="1079">/* System header to define __stub macros and hopefully few prototypes,</code><br />
						
            
            <a class="navhash" href="#1080">#</a>
						
              <code id="1080">which can conflict with char _Unwind_Backtrace(); below.  */</code><br />
						
            
            <a class="navhash" href="#1081">#</a>
						
              <code id="1081">#include <assert.h></code><br />
						
            
            <a class="navhash" href="#1082">#</a>
						
              <code id="1082">/* Override any gcc2 internal prototype to avoid an error.  */</code><br />
						
            
            <a class="navhash" href="#1083">#</a>
						
              <code id="1083">/* We use char because int might match the return type of a gcc2</code><br />
						
            
            <a class="navhash" href="#1084">#</a>
						
              <code id="1084">builtin and then its argument prototype would still apply.  */</code><br />
						
            
            <a class="navhash" href="#1085">#</a>
						
              <code id="1085">char _Unwind_Backtrace();</code><br />
						
            
            <a class="navhash" href="#1086">#</a>
						
              <code id="1086"></code><br />
						
            
            <a class="navhash" href="#1087">#</a>
						
              <code id="1087">int main() {</code><br />
						
            
            <a class="navhash" href="#1088">#</a>
						
              <code id="1088"></code><br />
						
            
            <a class="navhash" href="#1089">#</a>
						
              <code id="1089">/* The GNU C library defines this for functions which it implements</code><br />
						
            
            <a class="navhash" href="#1090">#</a>
						
              <code id="1090">to always fail with ENOSYS.  Some functions are actually named</code><br />
						
            
            <a class="navhash" href="#1091">#</a>
						
              <code id="1091">something starting with __ and the normal name is an alias.  */</code><br />
						
            
            <a class="navhash" href="#1092">#</a>
						
              <code id="1092">#if defined (__stub__Unwind_Backtrace) || defined (__stub____Unwind_Backtrace)</code><br />
						
            
            <a class="navhash" href="#1093">#</a>
						
              <code id="1093">choke me</code><br />
						
            
            <a class="navhash" href="#1094">#</a>
						
              <code id="1094">#else</code><br />
						
            
            <a class="navhash" href="#1095">#</a>
						
              <code id="1095">_Unwind_Backtrace();</code><br />
						
            
            <a class="navhash" href="#1096">#</a>
						
              <code id="1096">#endif</code><br />
						
            
            <a class="navhash" href="#1097">#</a>
						
              <code id="1097"></code><br />
						
            
            <a class="navhash" href="#1098">#</a>
						
              <code id="1098">; return 0; }</code><br />
						
            
            <a class="navhash" href="#1099">#</a>
						
              <code id="1099">configure:14338: checking for -pipe support</code><br />
						
            
            <a class="navhash" href="#1100">#</a>
						
              <code id="1100">configure:14352: checking whether C compiler supports -fprofile-generate</code><br />
						
            
            <a class="navhash" href="#1101">#</a>
						
              <code id="1101">configure:14361: clang -c  -ffunction-sections -fdata-sections -pthread -pipe -fprofile-generate -fprofile-correction -Qunused-arguments  conftest.c 1>&5</code><br />
						
            
            <a class="navhash" href="#1102">#</a>
						
              <code id="1102">clang-3.8: warning: optimization flag '-fprofile-correction' is not supported</code><br />
						
            
            <a class="navhash" href="#1103">#</a>
						
              <code id="1103">configure:14425: checking whether C++ compiler has -pedantic long long bug</code><br />
						
            
            <a class="navhash" href="#1104">#</a>
						
              <code id="1104">configure:14434: clang++ -c  -fno-rtti -ffunction-sections -fdata-sections -fno-exceptions -pthread -pipe -pedantic -Qunused-arguments  -Wall -Wpointer-arith -Woverloaded-virtual -Werror=return-type -Wtype-limits -Wempty-body -Wno-ctor-dtor-privacy -Wno-overlength-strings -Wno-invalid-offsetof -Wno-variadic-macros -Wno-c++0x-extensions -Wno-extended-offsetof -Wno-unknown-warning-option -Wno-return-type-c-linkage -Wno-mismatched-tags -Wno-long-long -Qunused-arguments  conftest.C 1>&5</code><br />
						
            
            <a class="navhash" href="#1105">#</a>
						
              <code id="1105">configure:14434:1: warning: unused typedef 'static_assert_line_14434' [-Wunused-local-typedef]</code><br />
						
            
            <a class="navhash" href="#1106">#</a>
						
              <code id="1106">CONFIGURE_STATIC_ASSERT(sizeof(long long) == 8)</code><br />
						
            
            <a class="navhash" href="#1107">#</a>
						
              <code id="1107">^</code><br />
						
            
            <a class="navhash" href="#1108">#</a>
						
              <code id="1108">configure:14429:44: note: expanded from macro 'CONFIGURE_STATIC_ASSERT'</code><br />
						
            
            <a class="navhash" href="#1109">#</a>
						
              <code id="1109">#define CONFIGURE_STATIC_ASSERT(condition) CONFIGURE_STATIC_ASSERT_IMPL(condition, __LINE__)</code><br />
						
            
            <a class="navhash" href="#1110">#</a>
						
              <code id="1110">^</code><br />
						
            
            <a class="navhash" href="#1111">#</a>
						
              <code id="1111">configure:14430:55: note: expanded from macro 'CONFIGURE_STATIC_ASSERT_IMPL'</code><br />
						
            
            <a class="navhash" href="#1112">#</a>
						
              <code id="1112">#define CONFIGURE_STATIC_ASSERT_IMPL(condition, line) CONFIGURE_STATIC_ASSERT_IMPL2(condition, line)</code><br />
						
            
            <a class="navhash" href="#1113">#</a>
						
              <code id="1113">^</code><br />
						
            
            <a class="navhash" href="#1114">#</a>
						
              <code id="1114">configure:14431:68: note: expanded from macro 'CONFIGURE_STATIC_ASSERT_IMPL2'</code><br />
						
            
            <a class="navhash" href="#1115">#</a>
						
              <code id="1115">#define CONFIGURE_STATIC_ASSERT_IMPL2(condition, line) typedef int static_assert_line_##line[(condition) ? 1 : -1]</code><br />
						
            
            <a class="navhash" href="#1116">#</a>
						
              <code id="1116">^</code><br />
						
            
            <a class="navhash" href="#1117">#</a>
						
              <code id="1117"><scratch space>:3:1: note: expanded from here</code><br />
						
            
            <a class="navhash" href="#1118">#</a>
						
              <code id="1118">static_assert_line_14434</code><br />
						
            
            <a class="navhash" href="#1119">#</a>
						
              <code id="1119">^</code><br />
						
            
            <a class="navhash" href="#1120">#</a>
						
              <code id="1120">1 warning generated.</code><br />
						
            
            <a class="navhash" href="#1121">#</a>
						
              <code id="1121">configure:14461: checking for correct overload resolution with const and templates</code><br />
						
            
            <a class="navhash" href="#1122">#</a>
						
              <code id="1122">configure:14496: clang++ -c  -fno-rtti -ffunction-sections -fdata-sections -fno-exceptions -pthread -pipe -pedantic -Qunused-arguments  -Wall -Wpointer-arith -Woverloaded-virtual -Werror=return-type -Wtype-limits -Wempty-body -Wno-ctor-dtor-privacy -Wno-overlength-strings -Wno-invalid-offsetof -Wno-variadic-macros -Wno-c++0x-extensions -Wno-extended-offsetof -Wno-unknown-warning-option -Wno-return-type-c-linkage -Wno-mismatched-tags -Wno-long-long -Qunused-arguments  conftest.C 1>&5</code><br />
						
            
            <a class="navhash" href="#1123">#</a>
						
              <code id="1123">configure:14522: checking for tm_zone tm_gmtoff in struct tm</code><br />
						
            
            <a class="navhash" href="#1124">#</a>
						
              <code id="1124">configure:14534: clang++ -c  -fno-rtti -ffunction-sections -fdata-sections -fno-exceptions -pthread -pipe -Qunused-arguments  conftest.C 1>&5</code><br />
						
            
            <a class="navhash" href="#1125">#</a>
						
              <code id="1125">configure:14576: checking what kind of list files are supported by the linker</code><br />
						
            
            <a class="navhash" href="#1126">#</a>
						
              <code id="1126">configure:14581: clang -o conftest.o -c  -ffunction-sections -fdata-sections -pthread -pipe -Qunused-arguments  conftest.c 1>&5</code><br />
						
            
            <a class="navhash" href="#1127">#</a>
						
              <code id="1127">configure:14583: clang -o conftest -lpthread  -Wl,--icf=safe conftest.list  1>&5</code><br />
						
            
            <a class="navhash" href="#1128">#</a>
						
              <code id="1128">configure:14607: checking what kind of ordering can be done with the linker</code><br />
						
            
            <a class="navhash" href="#1129">#</a>
						
              <code id="1129">configure:14622: clang -o conftest  -ffunction-sections -fdata-sections -pthread -pipe -Qunused-arguments  -lpthread  -Wl,--icf=safe -Wl,--section-ordering-file,conftest.order conftest.c  1>&5</code><br />
						
            
            <a class="navhash" href="#1130">#</a>
						
              <code id="1130">configure:14745: checking for readline in -lreadline</code><br />
						
            
            <a class="navhash" href="#1131">#</a>
						
              <code id="1131">configure:14764: clang -o conftest  -ffunction-sections -fdata-sections -pthread -pipe -Qunused-arguments  -lpthread  -Wl,--icf=safe conftest.c -lreadline   1>&5</code><br />
						
            
            <a class="navhash" href="#1132">#</a>
						
              <code id="1132">/sysroot/bin/ld: error: cannot find -lreadline</code><br />
						
            
            <a class="navhash" href="#1133">#</a>
						
              <code id="1133">/tmp/conftest-dfc20f.o:conftest.c:function main: error: undefined reference to 'readline'</code><br />
						
            
            <a class="navhash" href="#1134">#</a>
						
              <code id="1134">clang-3.8: error: linker command failed with exit code 1 (use -v to see invocation)</code><br />
						
            
            <a class="navhash" href="#1135">#</a>
						
              <code id="1135">configure: failed program was:</code><br />
						
            
            <a class="navhash" href="#1136">#</a>
						
              <code id="1136">#line 14753 "configure"</code><br />
						
            
            <a class="navhash" href="#1137">#</a>
						
              <code id="1137">#include "confdefs.h"</code><br />
						
            
            <a class="navhash" href="#1138">#</a>
						
              <code id="1138">/* Override any gcc2 internal prototype to avoid an error.  */</code><br />
						
            
            <a class="navhash" href="#1139">#</a>
						
              <code id="1139">/* We use char because int might match the return type of a gcc2</code><br />
						
            
            <a class="navhash" href="#1140">#</a>
						
              <code id="1140">builtin and then its argument prototype would still apply.  */</code><br />
						
            
            <a class="navhash" href="#1141">#</a>
						
              <code id="1141">char readline();</code><br />
						
            
            <a class="navhash" href="#1142">#</a>
						
              <code id="1142"></code><br />
						
            
            <a class="navhash" href="#1143">#</a>
						
              <code id="1143">int main() {</code><br />
						
            
            <a class="navhash" href="#1144">#</a>
						
              <code id="1144">readline()</code><br />
						
            
            <a class="navhash" href="#1145">#</a>
						
              <code id="1145">; return 0; }</code><br />
						
            
          </div>
        
      </div>
      <br />
    
  </body>
</html>