<!DOCTYPE html>
<html>
<!-- Jinja template for reports of individual builds

  Copyright 2016 Kareem Khazem. All Rights Reserved.
  Licensed under the Apache License, Version 2.0 (the "License");
  you may not use this file except in compliance with the License.
  You may obtain a copy of the License at

 		 http://www.apache.org/licenses/LICENSE-2.0

  Unless required by applicable law or agreed to in writing, software
  distributed under the License is distributed on an "AS IS" BASIS,
  WITHOUT WARRANTIES OR CONDITIONS OF ANY KIND, either express or
  implied.
  See the License for the specific language governing permissions and
  limitations under the License.
-->
  <head>
    <meta charset="UTF-8">
    <title>musl/perl-curses</title>
    <link href='https://fonts.googleapis.com/css?family=Roboto:400,900'
          rel='stylesheet' type='text/css'>
    <link
    href='https://fonts.googleapis.com/css?family=Source+Code+Pro:400,700'
          rel='stylesheet' type='text/css'>
    <link href="../style.css" type="text/css" rel="stylesheet">
  </head>
  <body>
    <h1>Build of perl-curses
        with <a href="../index.html">musl</a>
        toolchain</h1>
    <p>The build took 00h 01m 02s and was
    NOT successful.</p>
    <p>
      The process tree of the build process is <a
      href="perl-curses-tree.html">here</a>.
    </p>
    
    
      <p>
      Several sub-process invocations were improper; see the process tree
      for details. Summary:
      </p>
      <ul>
        <li>empty path:<ul>
            <li>&times;1: </li>
        </ul></li>
      
        <li>hardcoded invocation:<ul>
            <li>&times;349: /usr/sbin/cc</li>
        </ul></li>
      </ul>
    
    
    
    <p>
    Due to the failure of this package to build, we did not attempt to
    build several packages that depend on this one. Those packages are:
    </p>
    <ul>
      
      <li><a href="perl-curses-ui-poe.html">perl-curses-ui-poe</a></li>
      
      <li><a href="asciiquarium.html">asciiquarium</a></li>
      
      <li><a href="perl-curses-ui.html">perl-curses-ui</a></li>
      
      <li><a href="perl-term-animation.html">perl-term-animation</a></li>
      
    </ul>
    
    
    <h2>List of Errors</h2>
    <ul>
      
      <li>missing_header
        <ul>
          
          <li><a href="#389">./c-config.h:7:10: fatal error: 'ncurses.h' file not found</a></li>
          
        </ul>
      </li>
      
    </ul>
    
    <h2>Log</h2>
    
      <div class="block">
        <div class="info">
          <code>Removed vanilla repositories from pacman.conf and added:</code>
        </div>
        
          <div class="output">
            
            <a class="navhash" href="#1">#</a>
						
              <code id="1">[tuscan]</code><br />
						
            
            <a class="navhash" href="#2">#</a>
						
              <code id="2">Server = file:///var/cache/pacman/pkg/</code><br />
						
            
          </div>
        
      </div>
      <br />
    
      <div class="block">
        <div class="command">
          <code><span class="prompt">CMD: </span>pacman -Syy --noconfirm</code>
        </div>
        
          <div class="output">
            
            <a class="navhash" href="#3">#</a>
						
              <code id="3">:: Synchronizing package databases...</code><br />
						
            
            <a class="navhash" href="#4">#</a>
						
              <code id="4">downloading tuscan.db...</code><br />
						
            
          </div>
        
      </div>
      <br />
    
      <div class="block">
        <div class="info">
          <code>Copying directory '/toolchain_root/lib' to '/sysroot/lib'</code>
        </div>
        
      </div>
      <br />
    
      <div class="block">
        <div class="info">
          <code>Copying directory '/toolchain_root/share' to '/sysroot/share'</code>
        </div>
        
      </div>
      <br />
    
      <div class="block">
        <div class="info">
          <code>Copying directory '/toolchain_root/bin' to '/sysroot/bin'</code>
        </div>
        
      </div>
      <br />
    
      <div class="block">
        <div class="info">
          <code>Copying directory '/toolchain_root/include' to '/sysroot/include'</code>
        </div>
        
      </div>
      <br />
    
      <div class="block">
        <div class="info">
          <code>Copying directory '/toolchain_root/libexec' to '/sysroot/libexec'</code>
        </div>
        
      </div>
      <br />
    
      <div class="block">
        <div class="command">
          <code><span class="prompt">CMD: </span>sudo -u tuscan PATH=/sysroot/bin:/usr/local/sbin:/usr/local/bin:/usr/sbin:/usr/bin:/sbin:/bin CC=clang CXX=clang++ SYSROOT=/sysroot/ LIBRARY_PATH=/sysroot/lib CXXFLAGS=-stdlib-libc++ CPATH=/sysroot/include red makepkg --noextract --syncdeps --skipinteg --skippgpcheck --skipchecksums --noconfirm --nocolor --log --noprogressbar --nocheck</code>
        </div>
        
          <div class="output">
            
            <a class="navhash" href="#5">#</a>
						
              <code id="5">==> Making package: perl-curses 1.33-2 (Wed Aug 10 23:36:11 UTC 2016)</code><br />
						
            
            <a class="navhash" href="#6">#</a>
						
              <code id="6">==> Checking runtime dependencies...</code><br />
						
            
            <a class="navhash" href="#7">#</a>
						
              <code id="7">==> Checking buildtime dependencies...</code><br />
						
            
            <a class="navhash" href="#8">#</a>
						
              <code id="8">==> WARNING: Using existing $srcdir/ tree</code><br />
						
            
            <a class="navhash" href="#9">#</a>
						
              <code id="9">==> Starting build()...</code><br />
						
            
            <a class="navhash" href="#10">#</a>
						
              <code id="10">GEN    function:  not applicable</code><br />
						
            
            <a class="navhash" href="#11">#</a>
						
              <code id="11">PANELS functions: not enabled</code><br />
						
            
            <a class="navhash" href="#12">#</a>
						
              <code id="12">MENUS  functions: not enabled</code><br />
						
            
            <a class="navhash" href="#13">#</a>
						
              <code id="13">FORMS  functions: not enabled</code><br />
						
            
            <a class="navhash" href="#14">#</a>
						
              <code id="14"></code><br />
						
            
            <a class="navhash" href="#15">#</a>
						
              <code id="15">Making a guess for -I and -L/-l options...</code><br />
						
            
            <a class="navhash" href="#16">#</a>
						
              <code id="16">Guesses:</code><br />
						
            
            <a class="navhash" href="#17">#</a>
						
              <code id="17">  includes:    ''</code><br />
						
            
            <a class="navhash" href="#18">#</a>
						
              <code id="18">  libs:        '-lncurses'</code><br />
						
            
            <a class="navhash" href="#19">#</a>
						
              <code id="19">  Curses type: ncurses</code><br />
						
            
            <a class="navhash" href="#20">#</a>
						
              <code id="20">Making a guess for "c-config.h"...</code><br />
						
            
            <a class="navhash" href="#21">#</a>
						
              <code id="21">Choosing hints file 'hints/c-linux.ncurses.h'</code><br />
						
            
            <a class="navhash" href="#22">#</a>
						
              <code id="22">Checking if your kit is complete...</code><br />
						
            
            <a class="navhash" href="#23">#</a>
						
              <code id="23">Looks good</code><br />
						
            
            <a class="navhash" href="#24">#</a>
						
              <code id="24">Generating a Unix-style Makefile</code><br />
						
            
            <a class="navhash" href="#25">#</a>
						
              <code id="25">Writing Makefile for Curses</code><br />
						
            
            <a class="navhash" href="#26">#</a>
						
              <code id="26">Writing MYMETA.yml and MYMETA.json</code><br />
						
            
            <a class="navhash" href="#27">#</a>
						
              <code id="27">Running Mkbootstrap for Curses ()</code><br />
						
            
            <a class="navhash" href="#28">#</a>
						
              <code id="28">chmod 644 "Curses.bs"</code><br />
						
            
            <a class="navhash" href="#29">#</a>
						
              <code id="29">"/usr/bin/perl" test.syms </code><br />
						
            
            <a class="navhash" href="#30">#</a>
						
              <code id="30">Checking capabilities of the Ncurses libraries.</code><br />
						
            
            <a class="navhash" href="#31">#</a>
						
              <code id="31">Set CURSES_VERBOSE environment variable to see the details of the tests.</code><br />
						
            
            <a class="navhash" href="#32">#</a>
						
              <code id="32"></code><br />
						
            
            <a class="navhash" href="#33">#</a>
						
              <code id="33">Doing test compiles with the compile command 'cc -DSYM="_C_SYM_"  -D_REENTRANT -D_GNU_SOURCE -fwrapv -fno-strict-aliasing -pipe -fstack-protector-strong -I/usr/local/include -D_LARGEFILE_SOURCE -D_FILE_OFFSET_BITS=64 -o _C_FILE_ _C_FILE_.c  -L/usr/local/lib -lncurses>/dev/null 2>&1'</code><br />
						
            
            <a class="navhash" href="#34">#</a>
						
              <code id="34">function 'waddch' NOT found</code><br />
						
            
            <a class="navhash" href="#35">#</a>
						
              <code id="35">cp Curses.pm blib/lib/Curses.pm</code><br />
						
            
            <a class="navhash" href="#36">#</a>
						
              <code id="36">function 'wechochar' NOT found</code><br />
						
            
            <a class="navhash" href="#37">#</a>
						
              <code id="37">function 'waddchstr' NOT found</code><br />
						
            
            <a class="navhash" href="#38">#</a>
						
              <code id="38">function 'waddchnstr' NOT found</code><br />
						
            
            <a class="navhash" href="#39">#</a>
						
              <code id="39">function 'waddstr' NOT found</code><br />
						
            
            <a class="navhash" href="#40">#</a>
						
              <code id="40">function 'waddnstr' NOT found</code><br />
						
            
            <a class="navhash" href="#41">#</a>
						
              <code id="41">function 'wattroff' NOT found</code><br />
						
            
            <a class="navhash" href="#42">#</a>
						
              <code id="42">function 'wattron' NOT found</code><br />
						
            
            <a class="navhash" href="#43">#</a>
						
              <code id="43">function 'wattrset' NOT found</code><br />
						
            
            <a class="navhash" href="#44">#</a>
						
              <code id="44">function 'wstandend' NOT found</code><br />
						
            
            <a class="navhash" href="#45">#</a>
						
              <code id="45">function 'wstandout' NOT found</code><br />
						
            
            <a class="navhash" href="#46">#</a>
						
              <code id="46">function 'wattr_get' NOT found</code><br />
						
            
            <a class="navhash" href="#47">#</a>
						
              <code id="47">function 'wattr_off' NOT found</code><br />
						
            
            <a class="navhash" href="#48">#</a>
						
              <code id="48">function 'wattr_on' NOT found</code><br />
						
            
            <a class="navhash" href="#49">#</a>
						
              <code id="49">function 'wattr_set' NOT found</code><br />
						
            
            <a class="navhash" href="#50">#</a>
						
              <code id="50">function 'wchgat' NOT found</code><br />
						
            
            <a class="navhash" href="#51">#</a>
						
              <code id="51">function 'COLOR_PAIR' NOT found</code><br />
						
            
            <a class="navhash" href="#52">#</a>
						
              <code id="52">function 'PAIR_NUMBER' NOT found</code><br />
						
            
            <a class="navhash" href="#53">#</a>
						
              <code id="53">function 'beep' NOT found</code><br />
						
            
            <a class="navhash" href="#54">#</a>
						
              <code id="54">function 'flash' NOT found</code><br />
						
            
            <a class="navhash" href="#55">#</a>
						
              <code id="55">function 'wbkgd' NOT found</code><br />
						
            
            <a class="navhash" href="#56">#</a>
						
              <code id="56">function 'wbkgdset' NOT found</code><br />
						
            
            <a class="navhash" href="#57">#</a>
						
              <code id="57">function 'getbkgd' NOT found</code><br />
						
            
            <a class="navhash" href="#58">#</a>
						
              <code id="58">function 'wborder' NOT found</code><br />
						
            
            <a class="navhash" href="#59">#</a>
						
              <code id="59">function 'box' NOT found</code><br />
						
            
            <a class="navhash" href="#60">#</a>
						
              <code id="60">function 'whline' NOT found</code><br />
						
            
            <a class="navhash" href="#61">#</a>
						
              <code id="61">function 'wvline' NOT found</code><br />
						
            
            <a class="navhash" href="#62">#</a>
						
              <code id="62">function 'werase' NOT found</code><br />
						
            
            <a class="navhash" href="#63">#</a>
						
              <code id="63">function 'wclear' NOT found</code><br />
						
            
            <a class="navhash" href="#64">#</a>
						
              <code id="64">function 'wclrtobot' NOT found</code><br />
						
            
            <a class="navhash" href="#65">#</a>
						
              <code id="65">function 'wclrtoeol' NOT found</code><br />
						
            
            <a class="navhash" href="#66">#</a>
						
              <code id="66">function 'start_color' NOT found</code><br />
						
            
            <a class="navhash" href="#67">#</a>
						
              <code id="67">function 'init_pair' NOT found</code><br />
						
            
            <a class="navhash" href="#68">#</a>
						
              <code id="68">function 'init_color' NOT found</code><br />
						
            
            <a class="navhash" href="#69">#</a>
						
              <code id="69">function 'has_colors' NOT found</code><br />
						
            
            <a class="navhash" href="#70">#</a>
						
              <code id="70">function 'can_change_color' NOT found</code><br />
						
            
            <a class="navhash" href="#71">#</a>
						
              <code id="71">function 'color_content' NOT found</code><br />
						
            
            <a class="navhash" href="#72">#</a>
						
              <code id="72">function 'pair_content' NOT found</code><br />
						
            
            <a class="navhash" href="#73">#</a>
						
              <code id="73">function 'wdelch' NOT found</code><br />
						
            
            <a class="navhash" href="#74">#</a>
						
              <code id="74">function 'wdeleteln' NOT found</code><br />
						
            
            <a class="navhash" href="#75">#</a>
						
              <code id="75">function 'winsdelln' NOT found</code><br />
						
            
            <a class="navhash" href="#76">#</a>
						
              <code id="76">function 'winsertln' NOT found</code><br />
						
            
            <a class="navhash" href="#77">#</a>
						
              <code id="77">function 'wgetch' NOT found</code><br />
						
            
            <a class="navhash" href="#78">#</a>
						
              <code id="78">function 'ungetch' NOT found</code><br />
						
            
            <a class="navhash" href="#79">#</a>
						
              <code id="79">function 'has_key' NOT found</code><br />
						
            
            <a class="navhash" href="#80">#</a>
						
              <code id="80">function 'KEY_F' NOT found</code><br />
						
            
            <a class="navhash" href="#81">#</a>
						
              <code id="81">function 'wgetstr' NOT found</code><br />
						
            
            <a class="navhash" href="#82">#</a>
						
              <code id="82">function 'wgetnstr' NOT found</code><br />
						
            
            <a class="navhash" href="#83">#</a>
						
              <code id="83">function 'getyx' NOT found</code><br />
						
            
            <a class="navhash" href="#84">#</a>
						
              <code id="84">function 'getparyx' NOT found</code><br />
						
            
            <a class="navhash" href="#85">#</a>
						
              <code id="85">function 'getbegyx' NOT found</code><br />
						
            
            <a class="navhash" href="#86">#</a>
						
              <code id="86">function 'getmaxyx' NOT found</code><br />
						
            
            <a class="navhash" href="#87">#</a>
						
              <code id="87">function 'winch' NOT found</code><br />
						
            
            <a class="navhash" href="#88">#</a>
						
              <code id="88">function 'winchstr' NOT found</code><br />
						
            
            <a class="navhash" href="#89">#</a>
						
              <code id="89">function 'winchnstr' NOT found</code><br />
						
            
            <a class="navhash" href="#90">#</a>
						
              <code id="90">function 'initscr' NOT found</code><br />
						
            
            <a class="navhash" href="#91">#</a>
						
              <code id="91">function 'endwin' NOT found</code><br />
						
            
            <a class="navhash" href="#92">#</a>
						
              <code id="92">function 'isendwin' NOT found</code><br />
						
            
            <a class="navhash" href="#93">#</a>
						
              <code id="93">function 'newterm' NOT found</code><br />
						
            
            <a class="navhash" href="#94">#</a>
						
              <code id="94">function 'set_term' NOT found</code><br />
						
            
            <a class="navhash" href="#95">#</a>
						
              <code id="95">function 'delscreen' NOT found</code><br />
						
            
            <a class="navhash" href="#96">#</a>
						
              <code id="96">function 'cbreak' NOT found</code><br />
						
            
            <a class="navhash" href="#97">#</a>
						
              <code id="97">function 'cbreak' returns void</code><br />
						
            
            <a class="navhash" href="#98">#</a>
						
              <code id="98">function 'nocbreak' NOT found</code><br />
						
            
            <a class="navhash" href="#99">#</a>
						
              <code id="99">function 'nocbreak' returns void</code><br />
						
            
            <a class="navhash" href="#100">#</a>
						
              <code id="100">function 'echo' NOT found</code><br />
						
            
            <a class="navhash" href="#101">#</a>
						
              <code id="101">function 'echo' returns void</code><br />
						
            
            <a class="navhash" href="#102">#</a>
						
              <code id="102">function 'noecho' NOT found</code><br />
						
            
            <a class="navhash" href="#103">#</a>
						
              <code id="103">function 'noecho' returns void</code><br />
						
            
            <a class="navhash" href="#104">#</a>
						
              <code id="104">function 'halfdelay' NOT found</code><br />
						
            
            <a class="navhash" href="#105">#</a>
						
              <code id="105">function 'intrflush' NOT found</code><br />
						
            
            <a class="navhash" href="#106">#</a>
						
              <code id="106">function 'keypad' NOT found</code><br />
						
            
            <a class="navhash" href="#107">#</a>
						
              <code id="107">function 'meta' NOT found</code><br />
						
            
            <a class="navhash" href="#108">#</a>
						
              <code id="108">function 'nodelay' NOT found</code><br />
						
            
            <a class="navhash" href="#109">#</a>
						
              <code id="109">function 'notimeout' NOT found</code><br />
						
            
            <a class="navhash" href="#110">#</a>
						
              <code id="110">function 'raw' NOT found</code><br />
						
            
            <a class="navhash" href="#111">#</a>
						
              <code id="111">function 'raw' returns void</code><br />
						
            
            <a class="navhash" href="#112">#</a>
						
              <code id="112">function 'noraw' NOT found</code><br />
						
            
            <a class="navhash" href="#113">#</a>
						
              <code id="113">function 'noraw' returns void</code><br />
						
            
            <a class="navhash" href="#114">#</a>
						
              <code id="114">function 'qiflush' NOT found</code><br />
						
            
            <a class="navhash" href="#115">#</a>
						
              <code id="115">function 'noqiflush' NOT found</code><br />
						
            
            <a class="navhash" href="#116">#</a>
						
              <code id="116">function 'wtimeout' NOT found</code><br />
						
            
            <a class="navhash" href="#117">#</a>
						
              <code id="117">function 'typeahead' NOT found</code><br />
						
            
            <a class="navhash" href="#118">#</a>
						
              <code id="118">function 'winsch' NOT found</code><br />
						
            
            <a class="navhash" href="#119">#</a>
						
              <code id="119">function 'winsstr' NOT found</code><br />
						
            
            <a class="navhash" href="#120">#</a>
						
              <code id="120">function 'winsnstr' NOT found</code><br />
						
            
            <a class="navhash" href="#121">#</a>
						
              <code id="121">function 'winstr' NOT found</code><br />
						
            
            <a class="navhash" href="#122">#</a>
						
              <code id="122">function 'winnstr' NOT found</code><br />
						
            
            <a class="navhash" href="#123">#</a>
						
              <code id="123">function 'def_prog_mode' NOT found</code><br />
						
            
            <a class="navhash" href="#124">#</a>
						
              <code id="124">function 'def_shell_mode' NOT found</code><br />
						
            
            <a class="navhash" href="#125">#</a>
						
              <code id="125">function 'reset_prog_mode' NOT found</code><br />
						
            
            <a class="navhash" href="#126">#</a>
						
              <code id="126">function 'reset_shell_mode' NOT found</code><br />
						
            
            <a class="navhash" href="#127">#</a>
						
              <code id="127">function 'resetty' NOT found</code><br />
						
            
            <a class="navhash" href="#128">#</a>
						
              <code id="128">function 'savetty' NOT found</code><br />
						
            
            <a class="navhash" href="#129">#</a>
						
              <code id="129">function 'getsyx' NOT found</code><br />
						
            
            <a class="navhash" href="#130">#</a>
						
              <code id="130">function 'getsyx' returns void</code><br />
						
            
            <a class="navhash" href="#131">#</a>
						
              <code id="131">function 'setsyx' NOT found</code><br />
						
            
            <a class="navhash" href="#132">#</a>
						
              <code id="132">function 'setsyx' returns void</code><br />
						
            
            <a class="navhash" href="#133">#</a>
						
              <code id="133">function 'curs_set' NOT found</code><br />
						
            
            <a class="navhash" href="#134">#</a>
						
              <code id="134">function 'napms' NOT found</code><br />
						
            
            <a class="navhash" href="#135">#</a>
						
              <code id="135">function 'wmove' NOT found</code><br />
						
            
            <a class="navhash" href="#136">#</a>
						
              <code id="136">function 'clearok' NOT found</code><br />
						
            
            <a class="navhash" href="#137">#</a>
						
              <code id="137">function 'idlok' NOT found</code><br />
						
            
            <a class="navhash" href="#138">#</a>
						
              <code id="138">function 'idlok' returns void</code><br />
						
            
            <a class="navhash" href="#139">#</a>
						
              <code id="139">function 'idcok' NOT found</code><br />
						
            
            <a class="navhash" href="#140">#</a>
						
              <code id="140">function 'immedok' NOT found</code><br />
						
            
            <a class="navhash" href="#141">#</a>
						
              <code id="141">function 'leaveok' NOT found</code><br />
						
            
            <a class="navhash" href="#142">#</a>
						
              <code id="142">function 'wsetscrreg' NOT found</code><br />
						
            
            <a class="navhash" href="#143">#</a>
						
              <code id="143">function 'scrollok' NOT found</code><br />
						
            
            <a class="navhash" href="#144">#</a>
						
              <code id="144">function 'nl' NOT found</code><br />
						
            
            <a class="navhash" href="#145">#</a>
						
              <code id="145">function 'nl' returns void</code><br />
						
            
            <a class="navhash" href="#146">#</a>
						
              <code id="146">function 'nonl' NOT found</code><br />
						
            
            <a class="navhash" href="#147">#</a>
						
              <code id="147">function 'nonl' returns void</code><br />
						
            
            <a class="navhash" href="#148">#</a>
						
              <code id="148">function 'overlay' NOT found</code><br />
						
            
            <a class="navhash" href="#149">#</a>
						
              <code id="149">function 'overwrite' NOT found</code><br />
						
            
            <a class="navhash" href="#150">#</a>
						
              <code id="150">function 'copywin' NOT found</code><br />
						
            
            <a class="navhash" href="#151">#</a>
						
              <code id="151">function 'newpad' NOT found</code><br />
						
            
            <a class="navhash" href="#152">#</a>
						
              <code id="152">function 'subpad' NOT found</code><br />
						
            
            <a class="navhash" href="#153">#</a>
						
              <code id="153">function 'prefresh' NOT found</code><br />
						
            
            <a class="navhash" href="#154">#</a>
						
              <code id="154">function 'pnoutrefresh' NOT found</code><br />
						
            
            <a class="navhash" href="#155">#</a>
						
              <code id="155">function 'pechochar' NOT found</code><br />
						
            
            <a class="navhash" href="#156">#</a>
						
              <code id="156">function 'wrefresh' NOT found</code><br />
						
            
            <a class="navhash" href="#157">#</a>
						
              <code id="157">function 'wnoutrefresh' NOT found</code><br />
						
            
            <a class="navhash" href="#158">#</a>
						
              <code id="158">function 'doupdate' NOT found</code><br />
						
            
            <a class="navhash" href="#159">#</a>
						
              <code id="159">function 'redrawwin' NOT found</code><br />
						
            
            <a class="navhash" href="#160">#</a>
						
              <code id="160">function 'wredrawln' NOT found</code><br />
						
            
            <a class="navhash" href="#161">#</a>
						
              <code id="161">function 'scr_dump' NOT found</code><br />
						
            
            <a class="navhash" href="#162">#</a>
						
              <code id="162">function 'scr_restore' NOT found</code><br />
						
            
            <a class="navhash" href="#163">#</a>
						
              <code id="163">function 'scr_init' NOT found</code><br />
						
            
            <a class="navhash" href="#164">#</a>
						
              <code id="164">function 'scr_set' NOT found</code><br />
						
            
            <a class="navhash" href="#165">#</a>
						
              <code id="165">function 'scroll' NOT found</code><br />
						
            
            <a class="navhash" href="#166">#</a>
						
              <code id="166">function 'wscrl' NOT found</code><br />
						
            
            <a class="navhash" href="#167">#</a>
						
              <code id="167">function 'slk_init' NOT found</code><br />
						
            
            <a class="navhash" href="#168">#</a>
						
              <code id="168">function 'slk_set' NOT found</code><br />
						
            
            <a class="navhash" href="#169">#</a>
						
              <code id="169">function 'slk_refresh' NOT found</code><br />
						
            
            <a class="navhash" href="#170">#</a>
						
              <code id="170">function 'slk_noutrefresh' NOT found</code><br />
						
            
            <a class="navhash" href="#171">#</a>
						
              <code id="171">function 'slk_label' NOT found</code><br />
						
            
            <a class="navhash" href="#172">#</a>
						
              <code id="172">function 'slk_clear' NOT found</code><br />
						
            
            <a class="navhash" href="#173">#</a>
						
              <code id="173">function 'slk_restore' NOT found</code><br />
						
            
            <a class="navhash" href="#174">#</a>
						
              <code id="174">function 'slk_touch' NOT found</code><br />
						
            
            <a class="navhash" href="#175">#</a>
						
              <code id="175">function 'slk_attron' NOT found</code><br />
						
            
            <a class="navhash" href="#176">#</a>
						
              <code id="176">function 'slk_attrset' NOT found</code><br />
						
            
            <a class="navhash" href="#177">#</a>
						
              <code id="177">function 'slk_attr' NOT found</code><br />
						
            
            <a class="navhash" href="#178">#</a>
						
              <code id="178">function 'slk_attroff' NOT found</code><br />
						
            
            <a class="navhash" href="#179">#</a>
						
              <code id="179">function 'slk_color' NOT found</code><br />
						
            
            <a class="navhash" href="#180">#</a>
						
              <code id="180">function 'baudrate' NOT found</code><br />
						
            
            <a class="navhash" href="#181">#</a>
						
              <code id="181">function 'erasechar' NOT found</code><br />
						
            
            <a class="navhash" href="#182">#</a>
						
              <code id="182">function 'has_ic' NOT found</code><br />
						
            
            <a class="navhash" href="#183">#</a>
						
              <code id="183">function 'has_il' NOT found</code><br />
						
            
            <a class="navhash" href="#184">#</a>
						
              <code id="184">function 'killchar' NOT found</code><br />
						
            
            <a class="navhash" href="#185">#</a>
						
              <code id="185">function 'termattrs' NOT found</code><br />
						
            
            <a class="navhash" href="#186">#</a>
						
              <code id="186">function 'termname' NOT found</code><br />
						
            
            <a class="navhash" href="#187">#</a>
						
              <code id="187">function 'touchwin' NOT found</code><br />
						
            
            <a class="navhash" href="#188">#</a>
						
              <code id="188">function 'untouchwin' NOT found</code><br />
						
            
            <a class="navhash" href="#189">#</a>
						
              <code id="189">function 'wtouchln' NOT found</code><br />
						
            
            <a class="navhash" href="#190">#</a>
						
              <code id="190">function 'is_linetouched' NOT found</code><br />
						
            
            <a class="navhash" href="#191">#</a>
						
              <code id="191">function 'is_wintouched' NOT found</code><br />
						
            
            <a class="navhash" href="#192">#</a>
						
              <code id="192">function 'unctrl' NOT found</code><br />
						
            
            <a class="navhash" href="#193">#</a>
						
              <code id="193">function 'keyname' NOT found</code><br />
						
            
            <a class="navhash" href="#194">#</a>
						
              <code id="194">function 'filter' NOT found</code><br />
						
            
            <a class="navhash" href="#195">#</a>
						
              <code id="195">function 'filter' returns void</code><br />
						
            
            <a class="navhash" href="#196">#</a>
						
              <code id="196">function 'use_env' NOT found</code><br />
						
            
            <a class="navhash" href="#197">#</a>
						
              <code id="197">function 'putwin' NOT found</code><br />
						
            
            <a class="navhash" href="#198">#</a>
						
              <code id="198">function 'getwin' NOT found</code><br />
						
            
            <a class="navhash" href="#199">#</a>
						
              <code id="199">function 'delay_output' NOT found</code><br />
						
            
            <a class="navhash" href="#200">#</a>
						
              <code id="200">function 'flushinp' NOT found</code><br />
						
            
            <a class="navhash" href="#201">#</a>
						
              <code id="201">function 'newwin' NOT found</code><br />
						
            
            <a class="navhash" href="#202">#</a>
						
              <code id="202">function 'delwin' NOT found</code><br />
						
            
            <a class="navhash" href="#203">#</a>
						
              <code id="203">function 'mvwin' NOT found</code><br />
						
            
            <a class="navhash" href="#204">#</a>
						
              <code id="204">function 'subwin' NOT found</code><br />
						
            
            <a class="navhash" href="#205">#</a>
						
              <code id="205">function 'derwin' NOT found</code><br />
						
            
            <a class="navhash" href="#206">#</a>
						
              <code id="206">function 'mvderwin' NOT found</code><br />
						
            
            <a class="navhash" href="#207">#</a>
						
              <code id="207">function 'dupwin' NOT found</code><br />
						
            
            <a class="navhash" href="#208">#</a>
						
              <code id="208">function 'wsyncup' NOT found</code><br />
						
            
            <a class="navhash" href="#209">#</a>
						
              <code id="209">function 'syncok' NOT found</code><br />
						
            
            <a class="navhash" href="#210">#</a>
						
              <code id="210">function 'wcursyncup' NOT found</code><br />
						
            
            <a class="navhash" href="#211">#</a>
						
              <code id="211">function 'wsyncdown' NOT found</code><br />
						
            
            <a class="navhash" href="#212">#</a>
						
              <code id="212">function 'getmouse' NOT found</code><br />
						
            
            <a class="navhash" href="#213">#</a>
						
              <code id="213">function 'ungetmouse' NOT found</code><br />
						
            
            <a class="navhash" href="#214">#</a>
						
              <code id="214">function 'mousemask' NOT found</code><br />
						
            
            <a class="navhash" href="#215">#</a>
						
              <code id="215">function 'wenclose' NOT found</code><br />
						
            
            <a class="navhash" href="#216">#</a>
						
              <code id="216">function 'wmouse_trafo' NOT found</code><br />
						
            
            <a class="navhash" href="#217">#</a>
						
              <code id="217">function 'mouseinterval' NOT found</code><br />
						
            
            <a class="navhash" href="#218">#</a>
						
              <code id="218">function 'BUTTON_RELEASE' NOT found</code><br />
						
            
            <a class="navhash" href="#219">#</a>
						
              <code id="219">function 'BUTTON_PRESS' NOT found</code><br />
						
            
            <a class="navhash" href="#220">#</a>
						
              <code id="220">function 'BUTTON_CLICK' NOT found</code><br />
						
            
            <a class="navhash" href="#221">#</a>
						
              <code id="221">function 'BUTTON_DOUBLE_CLICK' NOT found</code><br />
						
            
            <a class="navhash" href="#222">#</a>
						
              <code id="222">function 'BUTTON_TRIPLE_CLICK' NOT found</code><br />
						
            
            <a class="navhash" href="#223">#</a>
						
              <code id="223">function 'BUTTON_RESERVED_EVENT' NOT found</code><br />
						
            
            <a class="navhash" href="#224">#</a>
						
              <code id="224">Negative repeat count does nothing at test.syms line 272, <IN> line 196.</code><br />
						
            
            <a class="navhash" href="#225">#</a>
						
              <code id="225">function 'use_default_colors' NOT found</code><br />
						
            
            <a class="navhash" href="#226">#</a>
						
              <code id="226">function 'assume_default_colors' NOT found</code><br />
						
            
            <a class="navhash" href="#227">#</a>
						
              <code id="227">Negative repeat count does nothing at test.syms line 272, <IN> line 198.</code><br />
						
            
            <a class="navhash" href="#228">#</a>
						
              <code id="228">function 'define_key' NOT found</code><br />
						
            
            <a class="navhash" href="#229">#</a>
						
              <code id="229">function 'keybound' NOT found</code><br />
						
            
            <a class="navhash" href="#230">#</a>
						
              <code id="230">function 'keyok' NOT found</code><br />
						
            
            <a class="navhash" href="#231">#</a>
						
              <code id="231">function 'resizeterm' NOT found</code><br />
						
            
            <a class="navhash" href="#232">#</a>
						
              <code id="232">function 'wresize' NOT found</code><br />
						
            
            <a class="navhash" href="#233">#</a>
						
              <code id="233">function 'getmaxy' NOT found</code><br />
						
            
            <a class="navhash" href="#234">#</a>
						
              <code id="234">function 'getmaxx' NOT found</code><br />
						
            
            <a class="navhash" href="#235">#</a>
						
              <code id="235">function 'flusok' NOT found</code><br />
						
            
            <a class="navhash" href="#236">#</a>
						
              <code id="236">function 'getcap' NOT found</code><br />
						
            
            <a class="navhash" href="#237">#</a>
						
              <code id="237">function 'touchoverlap' NOT found</code><br />
						
            
            <a class="navhash" href="#238">#</a>
						
              <code id="238">function 'new_panel' NOT found</code><br />
						
            
            <a class="navhash" href="#239">#</a>
						
              <code id="239">function 'bottom_panel' NOT found</code><br />
						
            
            <a class="navhash" href="#240">#</a>
						
              <code id="240">function 'top_panel' NOT found</code><br />
						
            
            <a class="navhash" href="#241">#</a>
						
              <code id="241">function 'show_panel' NOT found</code><br />
						
            
            <a class="navhash" href="#242">#</a>
						
              <code id="242">function 'update_panels' NOT found</code><br />
						
            
            <a class="navhash" href="#243">#</a>
						
              <code id="243">function 'hide_panel' NOT found</code><br />
						
            
            <a class="navhash" href="#244">#</a>
						
              <code id="244">function 'panel_window' NOT found</code><br />
						
            
            <a class="navhash" href="#245">#</a>
						
              <code id="245">function 'replace_panel' NOT found</code><br />
						
            
            <a class="navhash" href="#246">#</a>
						
              <code id="246">function 'move_panel' NOT found</code><br />
						
            
            <a class="navhash" href="#247">#</a>
						
              <code id="247">function 'panel_hidden' NOT found</code><br />
						
            
            <a class="navhash" href="#248">#</a>
						
              <code id="248">function 'panel_above' NOT found</code><br />
						
            
            <a class="navhash" href="#249">#</a>
						
              <code id="249">function 'panel_below' NOT found</code><br />
						
            
            <a class="navhash" href="#250">#</a>
						
              <code id="250">function 'set_panel_userptr' NOT found</code><br />
						
            
            <a class="navhash" href="#251">#</a>
						
              <code id="251">function 'panel_userptr' NOT found</code><br />
						
            
            <a class="navhash" href="#252">#</a>
						
              <code id="252">function 'del_panel' NOT found</code><br />
						
            
            <a class="navhash" href="#253">#</a>
						
              <code id="253">function 'set_menu_fore' NOT found</code><br />
						
            
            <a class="navhash" href="#254">#</a>
						
              <code id="254">function 'menu_fore' NOT found</code><br />
						
            
            <a class="navhash" href="#255">#</a>
						
              <code id="255">function 'set_menu_back' NOT found</code><br />
						
            
            <a class="navhash" href="#256">#</a>
						
              <code id="256">function 'menu_back' NOT found</code><br />
						
            
            <a class="navhash" href="#257">#</a>
						
              <code id="257">function 'set_menu_grey' NOT found</code><br />
						
            
            <a class="navhash" href="#258">#</a>
						
              <code id="258">function 'menu_grey' NOT found</code><br />
						
            
            <a class="navhash" href="#259">#</a>
						
              <code id="259">function 'set_menu_pad' NOT found</code><br />
						
            
            <a class="navhash" href="#260">#</a>
						
              <code id="260">function 'menu_pad' NOT found</code><br />
						
            
            <a class="navhash" href="#261">#</a>
						
              <code id="261">function 'pos_menu_cursor' NOT found</code><br />
						
            
            <a class="navhash" href="#262">#</a>
						
              <code id="262">function 'menu_driver' NOT found</code><br />
						
            
            <a class="navhash" href="#263">#</a>
						
              <code id="263">function 'set_menu_format' NOT found</code><br />
						
            
            <a class="navhash" href="#264">#</a>
						
              <code id="264">function 'menu_format' NOT found</code><br />
						
            
            <a class="navhash" href="#265">#</a>
						
              <code id="265">function 'set_menu_items' NOT found</code><br />
						
            
            <a class="navhash" href="#266">#</a>
						
              <code id="266">function 'menu_items' NOT found</code><br />
						
            
            <a class="navhash" href="#267">#</a>
						
              <code id="267">function 'item_count' NOT found</code><br />
						
            
            <a class="navhash" href="#268">#</a>
						
              <code id="268">function 'set_menu_mark' NOT found</code><br />
						
            
            <a class="navhash" href="#269">#</a>
						
              <code id="269">function 'menu_mark' NOT found</code><br />
						
            
            <a class="navhash" href="#270">#</a>
						
              <code id="270">function 'new_menu' NOT found</code><br />
						
            
            <a class="navhash" href="#271">#</a>
						
              <code id="271">function 'free_menu' NOT found</code><br />
						
            
            <a class="navhash" href="#272">#</a>
						
              <code id="272">function 'menu_opts' NOT found</code><br />
						
            
            <a class="navhash" href="#273">#</a>
						
              <code id="273">function 'set_menu_opts' NOT found</code><br />
						
            
            <a class="navhash" href="#274">#</a>
						
              <code id="274">function 'menu_opts_on' NOT found</code><br />
						
            
            <a class="navhash" href="#275">#</a>
						
              <code id="275">function 'menu_opts_off' NOT found</code><br />
						
            
            <a class="navhash" href="#276">#</a>
						
              <code id="276">function 'set_menu_pattern' NOT found</code><br />
						
            
            <a class="navhash" href="#277">#</a>
						
              <code id="277">function 'menu_pattern' NOT found</code><br />
						
            
            <a class="navhash" href="#278">#</a>
						
              <code id="278">function 'post_menu' NOT found</code><br />
						
            
            <a class="navhash" href="#279">#</a>
						
              <code id="279">function 'unpost_menu' NOT found</code><br />
						
            
            <a class="navhash" href="#280">#</a>
						
              <code id="280">function 'set_menu_userptr' NOT found</code><br />
						
            
            <a class="navhash" href="#281">#</a>
						
              <code id="281">function 'menu_userptr' NOT found</code><br />
						
            
            <a class="navhash" href="#282">#</a>
						
              <code id="282">function 'set_menu_win' NOT found</code><br />
						
            
            <a class="navhash" href="#283">#</a>
						
              <code id="283">function 'menu_win' NOT found</code><br />
						
            
            <a class="navhash" href="#284">#</a>
						
              <code id="284">function 'set_menu_sub' NOT found</code><br />
						
            
            <a class="navhash" href="#285">#</a>
						
              <code id="285">function 'menu_sub' NOT found</code><br />
						
            
            <a class="navhash" href="#286">#</a>
						
              <code id="286">function 'scale_menu' NOT found</code><br />
						
            
            <a class="navhash" href="#287">#</a>
						
              <code id="287">function 'set_current_item' NOT found</code><br />
						
            
            <a class="navhash" href="#288">#</a>
						
              <code id="288">function 'current_item' NOT found</code><br />
						
            
            <a class="navhash" href="#289">#</a>
						
              <code id="289">function 'set_top_row' NOT found</code><br />
						
            
            <a class="navhash" href="#290">#</a>
						
              <code id="290">function 'top_row' NOT found</code><br />
						
            
            <a class="navhash" href="#291">#</a>
						
              <code id="291">function 'item_index' NOT found</code><br />
						
            
            <a class="navhash" href="#292">#</a>
						
              <code id="292">function 'item_name' NOT found</code><br />
						
            
            <a class="navhash" href="#293">#</a>
						
              <code id="293">function 'item_description' NOT found</code><br />
						
            
            <a class="navhash" href="#294">#</a>
						
              <code id="294">function 'new_item' NOT found</code><br />
						
            
            <a class="navhash" href="#295">#</a>
						
              <code id="295">function 'free_item' NOT found</code><br />
						
            
            <a class="navhash" href="#296">#</a>
						
              <code id="296">function 'set_item_opts' NOT found</code><br />
						
            
            <a class="navhash" href="#297">#</a>
						
              <code id="297">function 'item_opts_on' NOT found</code><br />
						
            
            <a class="navhash" href="#298">#</a>
						
              <code id="298">function 'item_opts_off' NOT found</code><br />
						
            
            <a class="navhash" href="#299">#</a>
						
              <code id="299">function 'item_opts' NOT found</code><br />
						
            
            <a class="navhash" href="#300">#</a>
						
              <code id="300">function 'item_userptr' NOT found</code><br />
						
            
            <a class="navhash" href="#301">#</a>
						
              <code id="301">function 'set_item_userptr' NOT found</code><br />
						
            
            <a class="navhash" href="#302">#</a>
						
              <code id="302">function 'set_item_value' NOT found</code><br />
						
            
            <a class="navhash" href="#303">#</a>
						
              <code id="303">function 'item_value' NOT found</code><br />
						
            
            <a class="navhash" href="#304">#</a>
						
              <code id="304">function 'item_visible' NOT found</code><br />
						
            
            <a class="navhash" href="#305">#</a>
						
              <code id="305">function 'menu_request_name' NOT found</code><br />
						
            
            <a class="navhash" href="#306">#</a>
						
              <code id="306">function 'menu_request_by_name' NOT found</code><br />
						
            
            <a class="navhash" href="#307">#</a>
						
              <code id="307">Negative repeat count does nothing at test.syms line 272, <IN> line 277.</code><br />
						
            
            <a class="navhash" href="#308">#</a>
						
              <code id="308">function 'set_menu_spacing' NOT found</code><br />
						
            
            <a class="navhash" href="#309">#</a>
						
              <code id="309">function 'menu_spacing' NOT found</code><br />
						
            
            <a class="navhash" href="#310">#</a>
						
              <code id="310">function 'pos_form_cursor' NOT found</code><br />
						
            
            <a class="navhash" href="#311">#</a>
						
              <code id="311">function 'data_ahead' NOT found</code><br />
						
            
            <a class="navhash" href="#312">#</a>
						
              <code id="312">function 'data_behind' NOT found</code><br />
						
            
            <a class="navhash" href="#313">#</a>
						
              <code id="313">function 'form_driver' NOT found</code><br />
						
            
            <a class="navhash" href="#314">#</a>
						
              <code id="314">function 'set_form_fields' NOT found</code><br />
						
            
            <a class="navhash" href="#315">#</a>
						
              <code id="315">function 'form_fields' NOT found</code><br />
						
            
            <a class="navhash" href="#316">#</a>
						
              <code id="316">function 'field_count' NOT found</code><br />
						
            
            <a class="navhash" href="#317">#</a>
						
              <code id="317">function 'move_field' NOT found</code><br />
						
            
            <a class="navhash" href="#318">#</a>
						
              <code id="318">function 'new_form' NOT found</code><br />
						
            
            <a class="navhash" href="#319">#</a>
						
              <code id="319">function 'free_form' NOT found</code><br />
						
            
            <a class="navhash" href="#320">#</a>
						
              <code id="320">function 'set_new_page' NOT found</code><br />
						
            
            <a class="navhash" href="#321">#</a>
						
              <code id="321">function 'new_page' NOT found</code><br />
						
            
            <a class="navhash" href="#322">#</a>
						
              <code id="322">function 'set_form_opts' NOT found</code><br />
						
            
            <a class="navhash" href="#323">#</a>
						
              <code id="323">function 'form_opts_on' NOT found</code><br />
						
            
            <a class="navhash" href="#324">#</a>
						
              <code id="324">function 'form_opts_off' NOT found</code><br />
						
            
            <a class="navhash" href="#325">#</a>
						
              <code id="325">function 'form_opts' NOT found</code><br />
						
            
            <a class="navhash" href="#326">#</a>
						
              <code id="326">function 'set_current_field' NOT found</code><br />
						
            
            <a class="navhash" href="#327">#</a>
						
              <code id="327">function 'current_field' NOT found</code><br />
						
            
            <a class="navhash" href="#328">#</a>
						
              <code id="328">function 'set_form_page' NOT found</code><br />
						
            
            <a class="navhash" href="#329">#</a>
						
              <code id="329">function 'form_page' NOT found</code><br />
						
            
            <a class="navhash" href="#330">#</a>
						
              <code id="330">function 'field_index' NOT found</code><br />
						
            
            <a class="navhash" href="#331">#</a>
						
              <code id="331">function 'post_form' NOT found</code><br />
						
            
            <a class="navhash" href="#332">#</a>
						
              <code id="332">function 'unpost_form' NOT found</code><br />
						
            
            <a class="navhash" href="#333">#</a>
						
              <code id="333">function 'set_form_userptr' NOT found</code><br />
						
            
            <a class="navhash" href="#334">#</a>
						
              <code id="334">function 'form_userptr' NOT found</code><br />
						
            
            <a class="navhash" href="#335">#</a>
						
              <code id="335">function 'set_form_win' NOT found</code><br />
						
            
            <a class="navhash" href="#336">#</a>
						
              <code id="336">function 'form_win' NOT found</code><br />
						
            
            <a class="navhash" href="#337">#</a>
						
              <code id="337">function 'set_form_sub' NOT found</code><br />
						
            
            <a class="navhash" href="#338">#</a>
						
              <code id="338">function 'form_sub' NOT found</code><br />
						
            
            <a class="navhash" href="#339">#</a>
						
              <code id="339">function 'scale_form' NOT found</code><br />
						
            
            <a class="navhash" href="#340">#</a>
						
              <code id="340">function 'set_field_fore' NOT found</code><br />
						
            
            <a class="navhash" href="#341">#</a>
						
              <code id="341">function 'field_fore' NOT found</code><br />
						
            
            <a class="navhash" href="#342">#</a>
						
              <code id="342">function 'set_field_back' NOT found</code><br />
						
            
            <a class="navhash" href="#343">#</a>
						
              <code id="343">function 'field_back' NOT found</code><br />
						
            
            <a class="navhash" href="#344">#</a>
						
              <code id="344">function 'set_field_pad' NOT found</code><br />
						
            
            <a class="navhash" href="#345">#</a>
						
              <code id="345">function 'field_pad' NOT found</code><br />
						
            
            <a class="navhash" href="#346">#</a>
						
              <code id="346">function 'set_field_buffer' NOT found</code><br />
						
            
            <a class="navhash" href="#347">#</a>
						
              <code id="347">function 'field_buffer' NOT found</code><br />
						
            
            <a class="navhash" href="#348">#</a>
						
              <code id="348">function 'set_field_status' NOT found</code><br />
						
            
            <a class="navhash" href="#349">#</a>
						
              <code id="349">function 'field_status' NOT found</code><br />
						
            
            <a class="navhash" href="#350">#</a>
						
              <code id="350">function 'set_max_field' NOT found</code><br />
						
            
            <a class="navhash" href="#351">#</a>
						
              <code id="351">function 'field_info' NOT found</code><br />
						
            
            <a class="navhash" href="#352">#</a>
						
              <code id="352">function 'dynamic_field_info' NOT found</code><br />
						
            
            <a class="navhash" href="#353">#</a>
						
              <code id="353">function 'set_field_just' NOT found</code><br />
						
            
            <a class="navhash" href="#354">#</a>
						
              <code id="354">function 'field_just' NOT found</code><br />
						
            
            <a class="navhash" href="#355">#</a>
						
              <code id="355">function 'new_field' NOT found</code><br />
						
            
            <a class="navhash" href="#356">#</a>
						
              <code id="356">function 'dup_field' NOT found</code><br />
						
            
            <a class="navhash" href="#357">#</a>
						
              <code id="357">function 'link_field' NOT found</code><br />
						
            
            <a class="navhash" href="#358">#</a>
						
              <code id="358">function 'free_field' NOT found</code><br />
						
            
            <a class="navhash" href="#359">#</a>
						
              <code id="359">function 'set_field_opts' NOT found</code><br />
						
            
            <a class="navhash" href="#360">#</a>
						
              <code id="360">function 'field_opts_on' NOT found</code><br />
						
            
            <a class="navhash" href="#361">#</a>
						
              <code id="361">function 'field_opts_off' NOT found</code><br />
						
            
            <a class="navhash" href="#362">#</a>
						
              <code id="362">function 'field_opts' NOT found</code><br />
						
            
            <a class="navhash" href="#363">#</a>
						
              <code id="363">function 'set_field_userptr' NOT found</code><br />
						
            
            <a class="navhash" href="#364">#</a>
						
              <code id="364">function 'field_userptr' NOT found</code><br />
						
            
            <a class="navhash" href="#365">#</a>
						
              <code id="365">function 'field_arg' NOT found</code><br />
						
            
            <a class="navhash" href="#366">#</a>
						
              <code id="366">function 'form_request_name' NOT found</code><br />
						
            
            <a class="navhash" href="#367">#</a>
						
              <code id="367">function 'form_request_by_name' NOT found</code><br />
						
            
            <a class="navhash" href="#368">#</a>
						
              <code id="368">Negative repeat count does nothing at test.syms line 272, <IN> line 337.</code><br />
						
            
            <a class="navhash" href="#369">#</a>
						
              <code id="369">variable 'LINES' NOT found</code><br />
						
            
            <a class="navhash" href="#370">#</a>
						
              <code id="370">variable 'COLS' NOT found</code><br />
						
            
            <a class="navhash" href="#371">#</a>
						
              <code id="371">variable 'stdscr' NOT found</code><br />
						
            
            <a class="navhash" href="#372">#</a>
						
              <code id="372">variable 'curscr' NOT found</code><br />
						
            
            <a class="navhash" href="#373">#</a>
						
              <code id="373">variable 'COLORS' NOT found</code><br />
						
            
            <a class="navhash" href="#374">#</a>
						
              <code id="374">variable 'COLOR_PAIRS' NOT found</code><br />
						
            
            <a class="navhash" href="#375">#</a>
						
              <code id="375">typedef 'attr_t' NOT found</code><br />
						
            
            <a class="navhash" href="#376">#</a>
						
              <code id="376">typedef 'bool' NOT found</code><br />
						
            
            <a class="navhash" href="#377">#</a>
						
              <code id="377">typedef 'chtype' NOT found</code><br />
						
            
            <a class="navhash" href="#378">#</a>
						
              <code id="378">typedef 'MEVENT' NOT found</code><br />
						
            
            <a class="navhash" href="#379">#</a>
						
              <code id="379">typedef 'mmask_t' NOT found</code><br />
						
            
            <a class="navhash" href="#380">#</a>
						
              <code id="380">typedef 'SCREEN' NOT found</code><br />
						
            
            <a class="navhash" href="#381">#</a>
						
              <code id="381">function 'waddnwstr' NOT found</code><br />
						
            
            <a class="navhash" href="#382">#</a>
						
              <code id="382">function 'wget_wch' NOT found</code><br />
						
            
            <a class="navhash" href="#383">#</a>
						
              <code id="383">function 'wgetn_wstr' NOT found</code><br />
						
            
            <a class="navhash" href="#384">#</a>
						
              <code id="384">function 'winnwstr' NOT found</code><br />
						
            
            <a class="navhash" href="#385">#</a>
						
              <code id="385">function 'wins_nwstr' NOT found</code><br />
						
            
            <a class="navhash" href="#386">#</a>
						
              <code id="386">function 'unget_wch' NOT found</code><br />
						
            
            <a class="navhash" href="#387">#</a>
						
              <code id="387">cc -c   -D_REENTRANT -D_GNU_SOURCE -fwrapv -fno-strict-aliasing -pipe -fstack-protector-strong -I/usr/local/include -D_LARGEFILE_SOURCE -D_FILE_OFFSET_BITS=64 -march=x86-64 -mtune=generic -O2 -pipe -fstack-protector-strong   -DVERSION=\"1.33\" -DXS_VERSION=\"1.33\" -fPIC "-I/usr/lib/perl5/core_perl/CORE"   Curses.c</code><br />
						
            
            <a class="navhash" href="#388">#</a>
						
              <code id="388">In file included from Curses.c:13:</code><br />
						
            
            <a class="navhash" href="#389">#</a>
						<span class="error">
              <code id="389">./c-config.h:7:10: fatal error: 'ncurses.h' file not found</code><br />
						</span>
            
            <a class="navhash" href="#390">#</a>
						
              <code id="390">#include <ncurses.h></code><br />
						
            
            <a class="navhash" href="#391">#</a>
						
              <code id="391">         ^</code><br />
						
            
            <a class="navhash" href="#392">#</a>
						
              <code id="392">1 error generated.</code><br />
						
            
            <a class="navhash" href="#393">#</a>
						
              <code id="393">make: *** [Makefile:361: Curses.o] Error 1</code><br />
						
            
            <a class="navhash" href="#394">#</a>
						
              <code id="394">==> ERROR: A failure occurred in build().</code><br />
						
            
            <a class="navhash" href="#395">#</a>
						
              <code id="395">    Aborting...</code><br />
						
            
          </div>
        
      </div>
      <br />
    
      <div class="block">
        <div class="info">
          <code>Printing config.logs</code>
        </div>
        
      </div>
      <br />
    
  </body>
</html>