<!DOCTYPE html>
<html>
<!-- Jinja template for reports of individual builds

  Copyright 2016 Kareem Khazem. All Rights Reserved.
  Licensed under the Apache License, Version 2.0 (the "License");
  you may not use this file except in compliance with the License.
  You may obtain a copy of the License at

 		 http://www.apache.org/licenses/LICENSE-2.0

  Unless required by applicable law or agreed to in writing, software
  distributed under the License is distributed on an "AS IS" BASIS,
  WITHOUT WARRANTIES OR CONDITIONS OF ANY KIND, either express or
  implied.
  See the License for the specific language governing permissions and
  limitations under the License.
-->
  <head>
    <meta charset="UTF-8">
    <title>musl/python-apsw</title>
    <link href='https://fonts.googleapis.com/css?family=Roboto:400,900'
          rel='stylesheet' type='text/css'>
    <link
    href='https://fonts.googleapis.com/css?family=Source+Code+Pro:400,700'
          rel='stylesheet' type='text/css'>
    <link href="../style.css" type="text/css" rel="stylesheet">
  </head>
  <body>
    <h1>Build of python-apsw
        with <a href="../index.html">musl</a>
        toolchain</h1>
    <p>The build took 00h 04m 29s and was
    NOT successful.</p>
    <p>
    The program in this build is written in the following languages,
    according to <a
    href="http://www.dwheeler.com/sloccount/">sloccount</a>:
    </p>
    <table>
      <tr><th>SLOC</th><th>Language</th></tr>
      
      <tr><td class="loc"><code>10,947</code></td>
          <td class="lang">python</td></tr>
      <tr><td class="loc"><code>9,307</code></td>
          <td class="lang">ansic</td></tr>
      <tr><td class="loc"><code>255</code></td>
          <td class="lang">makefile</td></tr>
      <tr><td class="loc"><code>66</code></td>
          <td class="lang">sh</td></tr>
      <tr><td><code>20,575</code></td>
          <td><em>total</em></td></tr>
    </table>
    <p>
      The process tree of the build process is <a
      href="python-apsw-tree.html">here</a>.
    </p>
    
    
    
    
    
    <h2>List of Errors</h2>
    <ul>
      
      <li>missing_header
        <ul>
          
          <li><a href="#23">src/apsw.c:59:10: fatal error: 'sqlite3.h' file not found</a></li>
          
        </ul>
      </li>
      
    </ul>
    
    
    <h2>Log</h2>
    <p>
    To avoid scrolling, you may jump to the <a
    href="#31">last line</a> of the
    invocation of <code>makepkg</code> that was used to build this
    package.
    </p>
    
    
      <div class="block">
        <div class="info">
          <code>Removed vanilla repositories from pacman.conf and added:</code>
        </div>
        
          <div class="output">
            
            <a class="navhash" href="#1">#</a>
						
              <code id="1">[tuscan]</code><br />
						
            
            <a class="navhash" href="#2">#</a>
						
              <code id="2">Server = file:///var/cache/pacman/pkg/</code><br />
						
            
          </div>
        
      </div>
      <br />
    
      <div class="block">
        <div class="command">
          <code><span class="prompt">CMD: </span>pacman -Syy --noconfirm</code>
        </div>
        
          <div class="output">
            
            <a class="navhash" href="#3">#</a>
						
              <code id="3">:: Synchronizing package databases...</code><br />
						
            
            <a class="navhash" href="#4">#</a>
						
              <code id="4">downloading tuscan.db...</code><br />
						
            
          </div>
        
      </div>
      <br />
    
      <div class="block">
        <div class="info">
          <code>There were existing files in /sysroot, using those</code>
        </div>
        
          <div class="output">
            
            <a class="navhash" href="#5">#</a>
						
              <code id="5">/sysroot/lib</code><br />
						
            
            <a class="navhash" href="#6">#</a>
						
              <code id="6">/sysroot/share</code><br />
						
            
            <a class="navhash" href="#7">#</a>
						
              <code id="7">/sysroot/bin</code><br />
						
            
            <a class="navhash" href="#8">#</a>
						
              <code id="8">/sysroot/include</code><br />
						
            
            <a class="navhash" href="#9">#</a>
						
              <code id="9">/sysroot/libexec</code><br />
						
            
          </div>
        
      </div>
      <br />
    
      <div class="block">
        <div class="command">
          <code><span class="prompt">CMD: </span>sudo -u tuscan PATH=/sysroot/bin:/usr/local/sbin:/usr/local/bin:/usr/sbin:/usr/bin:/sbin:/bin CC=clang CXX=clang++ red makepkg --noextract --syncdeps --skipinteg --skippgpcheck --skipchecksums --noconfirm --nocolor --log --noprogressbar --nocheck</code>
        </div>
        
          <div class="output">
            
            <a class="navhash" href="#10">#</a>
						
              <code id="10">==> Making package: python-apsw 3.12.2-1 (Mon Mar  6 21:22:20 UTC 2017)</code><br />
						
            
            <a class="navhash" href="#11">#</a>
						
              <code id="11">==> Checking runtime dependencies...</code><br />
						
            
            <a class="navhash" href="#12">#</a>
						
              <code id="12">==> Checking buildtime dependencies...</code><br />
						
            
            <a class="navhash" href="#13">#</a>
						
              <code id="13">==> WARNING: Using existing $srcdir/ tree</code><br />
						
            
            <a class="navhash" href="#14">#</a>
						
              <code id="14">==> Starting build()...</code><br />
						
            
            <a class="navhash" href="#15">#</a>
						
              <code id="15">running build</code><br />
						
            
            <a class="navhash" href="#16">#</a>
						
              <code id="16">running build_ext</code><br />
						
            
            <a class="navhash" href="#17">#</a>
						
              <code id="17">SQLite: Using system sqlite include/libraries</code><br />
						
            
            <a class="navhash" href="#18">#</a>
						
              <code id="18">building 'apsw' extension</code><br />
						
            
            <a class="navhash" href="#19">#</a>
						
              <code id="19">creating build</code><br />
						
            
            <a class="navhash" href="#20">#</a>
						
              <code id="20">creating build/temp.linux-x86_64-3.5</code><br />
						
            
            <a class="navhash" href="#21">#</a>
						
              <code id="21">creating build/temp.linux-x86_64-3.5/src</code><br />
						
            
            <a class="navhash" href="#22">#</a>
						
              <code id="22">clang -DNDEBUG -g -fwrapv -O3 -Wall -Wstrict-prototypes -fPIC -DEXPERIMENTAL=1 -DNDEBUG=1 -DAPSW_FORK_CHECKER=1 -Isrc -I/usr/include/python3.5m -c src/apsw.c -o build/temp.linux-x86_64-3.5/src/apsw.o</code><br />
						
            
            <a class="navhash" href="#23">#</a>
						<span class="error">
              <code id="23">src/apsw.c:59:10: fatal error: 'sqlite3.h' file not found</code><br />
						</span>
            
            <a class="navhash" href="#24">#</a>
						
              <code id="24">#include "sqlite3.h"</code><br />
						
            
            <a class="navhash" href="#25">#</a>
						
              <code id="25">         ^</code><br />
						
            
            <a class="navhash" href="#26">#</a>
						
              <code id="26">1 error generated.</code><br />
						
            
            <a class="navhash" href="#27">#</a>
						
              <code id="27">/usr/lib/python3.5/site-packages/setuptools/dist.py:285: UserWarning: Normalizing '3.12.2-r1' to '3.12.2.post1'</code><br />
						
            
            <a class="navhash" href="#28">#</a>
						
              <code id="28">  normalized_version,</code><br />
						
            
            <a class="navhash" href="#29">#</a>
						
              <code id="29">error: command 'clang' failed with exit status 1</code><br />
						
            
            <a class="navhash" href="#30">#</a>
						
              <code id="30">==> ERROR: A failure occurred in build().</code><br />
						
            
            <a class="navhash" href="#31">#</a>
						
              <code id="31">    Aborting...</code><br />
						
            
          </div>
        
      </div>
      <br />
    
  </body>
</html>