<!DOCTYPE html>
<html>
<!-- Jinja template for reports of individual builds

  Copyright 2016 Kareem Khazem. All Rights Reserved.
  Licensed under the Apache License, Version 2.0 (the "License");
  you may not use this file except in compliance with the License.
  You may obtain a copy of the License at

 		 http://www.apache.org/licenses/LICENSE-2.0

  Unless required by applicable law or agreed to in writing, software
  distributed under the License is distributed on an "AS IS" BASIS,
  WITHOUT WARRANTIES OR CONDITIONS OF ANY KIND, either express or
  implied.
  See the License for the specific language governing permissions and
  limitations under the License.
-->
  <head>
    <meta charset="UTF-8">
    <title>musl/sbsigntools</title>
    <link href='https://fonts.googleapis.com/css?family=Roboto:400,900'
          rel='stylesheet' type='text/css'>
    <link
    href='https://fonts.googleapis.com/css?family=Source+Code+Pro:400,700'
          rel='stylesheet' type='text/css'>
    <link href="../style.css" type="text/css" rel="stylesheet">
  </head>
  <body>
    <h1>Build of sbsigntools
        with <a href="../index.html">musl</a>
        toolchain</h1>
    <p>The build took 00h 01m 55s and was
    NOT successful.</p>
    <p>
    The program in this build is written in the following languages,
    according to <a
    href="http://www.dwheeler.com/sloccount/">sloccount</a>:
    </p>
    <table>
      <tr><th>SLOC</th><th>Language</th></tr>
      
      <tr><td class="loc"><code>149,516</code></td>
          <td class="lang">ansic</td></tr>
      <tr><td class="loc"><code>2,419</code></td>
          <td class="lang">asm</td></tr>
      <tr><td class="loc"><code>838</code></td>
          <td class="lang">makefile</td></tr>
      <tr><td class="loc"><code>800</code></td>
          <td class="lang">sh</td></tr>
      <tr><td class="loc"><code>339</code></td>
          <td class="lang">python</td></tr>
      <tr><td class="loc"><code>245</code></td>
          <td class="lang">php</td></tr>
      <tr><td class="loc"><code>66</code></td>
          <td class="lang">perl</td></tr>
      <tr><td class="loc"><code>45</code></td>
          <td class="lang">cpp</td></tr>
      <tr><td><code>154,268</code></td>
          <td><em>total</em></td></tr>
    </table>
    <p>
      The process tree of the build process is <a
      href="sbsigntools-tree.html">here</a>.
    </p>
    
    
    
    
    <p>
    Due to the failure of this package to build, we did not attempt to
    build several packages that depend on this one. Those packages are:
    </p>
    <ul>
      
      <li><a href="efitools.html">efitools</a></li>
      
    </ul>
    
    
    <h2>List of Errors</h2>
    <ul>
      
      <li>missing_header
        <ul>
          
          <li><a href="#49">./ccan/compiler/compiler.h:3:10: fatal error: 'config.h' file not found</a></li>
          
          <li><a href="#54">./ccan/typesafe_cb/typesafe_cb.h:4:10: fatal error: 'config.h' file not found</a></li>
          
          <li><a href="#58">ccan/str/debug.c:1:10: fatal error: 'config.h' file not found</a></li>
          
          <li><a href="#64">./ccan/str/str.h:4:10: fatal error: 'config.h' file not found</a></li>
          
          <li><a href="#68">./ccan/time/time.h:4:10: fatal error: 'config.h' file not found</a></li>
          
          <li><a href="#74">./ccan/typesafe_cb/typesafe_cb.h:4:10: fatal error: 'config.h' file not found</a></li>
          
          <li><a href="#80">./ccan/typesafe_cb/typesafe_cb.h:4:10: fatal error: 'config.h' file not found</a></li>
          
          <li><a href="#86">./ccan/str/str.h:4:10: fatal error: 'config.h' file not found</a></li>
          
          <li><a href="#91">./ccan/compiler/compiler.h:3:10: fatal error: 'config.h' file not found</a></li>
          
          <li><a href="#96">./ccan/str/str.h:4:10: fatal error: 'config.h' file not found</a></li>
          
          <li><a href="#104">./ccan/typesafe_cb/typesafe_cb.h:4:10: fatal error: 'config.h' file not found</a></li>
          
          <li><a href="#113">./ccan/compiler/compiler.h:3:10: fatal error: 'config.h' file not found</a></li>
          
          <li><a href="#118">./ccan/typesafe_cb/typesafe_cb.h:4:10: fatal error: 'config.h' file not found</a></li>
          
          <li><a href="#123">ccan/str/debug.c:1:10: fatal error: 'config.h' file not found</a></li>
          
          <li><a href="#128">./ccan/str/str.h:4:10: fatal error: 'config.h' file not found</a></li>
          
          <li><a href="#134">./ccan/typesafe_cb/typesafe_cb.h:4:10: fatal error: 'config.h' file not found</a></li>
          
          <li><a href="#139">./ccan/typesafe_cb/typesafe_cb.h:4:10: fatal error: 'config.h' file not found</a></li>
          
          <li><a href="#144">./ccan/time/time.h:4:10: fatal error: 'config.h' file not found</a></li>
          
          <li><a href="#148">./ccan/str/str.h:4:10: fatal error: 'config.h' file not found</a></li>
          
          <li><a href="#161">./ccan/str/str.h:4:10: fatal error: 'config.h' file not found</a></li>
          
          <li><a href="#168">./ccan/typesafe_cb/typesafe_cb.h:4:10: fatal error: 'config.h' file not found</a></li>
          
        </ul>
      </li>
      
    </ul>
    
    
    <h2>Log</h2>
    <p>
    To avoid scrolling, you may jump to the <a
    href="#191">last line</a> of the
    invocation of <code>makepkg</code> that was used to build this
    package.
    </p>
    
    
      <div class="block">
        <div class="info">
          <code>Removed vanilla repositories from pacman.conf and added:</code>
        </div>
        
          <div class="output">
            
            <a class="navhash" href="#1">#</a>
						
              <code id="1">[tuscan]</code><br />
						
            
            <a class="navhash" href="#2">#</a>
						
              <code id="2">Server = file:///var/cache/pacman/pkg/</code><br />
						
            
          </div>
        
      </div>
      <br />
    
      <div class="block">
        <div class="command">
          <code><span class="prompt">CMD: </span>pacman -Syy --noconfirm</code>
        </div>
        
          <div class="output">
            
            <a class="navhash" href="#3">#</a>
						
              <code id="3">:: Synchronizing package databases...</code><br />
						
            
            <a class="navhash" href="#4">#</a>
						
              <code id="4">downloading tuscan.db...</code><br />
						
            
          </div>
        
      </div>
      <br />
    
      <div class="block">
        <div class="info">
          <code>There were existing files in /sysroot, using those</code>
        </div>
        
          <div class="output">
            
            <a class="navhash" href="#5">#</a>
						
              <code id="5">/sysroot/lib</code><br />
						
            
            <a class="navhash" href="#6">#</a>
						
              <code id="6">/sysroot/share</code><br />
						
            
            <a class="navhash" href="#7">#</a>
						
              <code id="7">/sysroot/bin</code><br />
						
            
            <a class="navhash" href="#8">#</a>
						
              <code id="8">/sysroot/include</code><br />
						
            
            <a class="navhash" href="#9">#</a>
						
              <code id="9">/sysroot/libexec</code><br />
						
            
          </div>
        
      </div>
      <br />
    
      <div class="block">
        <div class="command">
          <code><span class="prompt">CMD: </span>sudo -u tuscan PATH=/sysroot/bin:/usr/local/sbin:/usr/local/bin:/usr/sbin:/usr/bin:/sbin:/bin CC=clang CXX=clang++ red makepkg --noextract --syncdeps --skipinteg --skippgpcheck --skipchecksums --noconfirm --nocolor --log --noprogressbar --nocheck</code>
        </div>
        
          <div class="output">
            
            <a class="navhash" href="#10">#</a>
						
              <code id="10">==> Making package: sbsigntools 0.8-1 (Wed Apr  5 01:57:24 UTC 2017)</code><br />
						
            
            <a class="navhash" href="#11">#</a>
						
              <code id="11">==> Checking runtime dependencies...</code><br />
						
            
            <a class="navhash" href="#12">#</a>
						
              <code id="12">==> Checking buildtime dependencies...</code><br />
						
            
            <a class="navhash" href="#13">#</a>
						
              <code id="13">==> Installing missing dependencies...</code><br />
						
            
            <a class="navhash" href="#14">#</a>
						
              <code id="14">resolving dependencies...</code><br />
						
            
            <a class="navhash" href="#15">#</a>
						
              <code id="15">looking for conflicting packages...</code><br />
						
            
            <a class="navhash" href="#16">#</a>
						
              <code id="16"></code><br />
						
            
            <a class="navhash" href="#17">#</a>
						
              <code id="17">Packages (3) perl-locale-gettext-1.07-2  gnu-efi-libs-3.0.3-1  help2man-1.47.3-2</code><br />
						
            
            <a class="navhash" href="#18">#</a>
						
              <code id="18"></code><br />
						
            
            <a class="navhash" href="#19">#</a>
						
              <code id="19">Total Installed Size:  1.92 MiB</code><br />
						
            
            <a class="navhash" href="#20">#</a>
						
              <code id="20"></code><br />
						
            
            <a class="navhash" href="#21">#</a>
						
              <code id="21">:: Proceed with installation? [Y/n] </code><br />
						
            
            <a class="navhash" href="#22">#</a>
						
              <code id="22">checking keyring...</code><br />
						
            
            <a class="navhash" href="#23">#</a>
						
              <code id="23">checking package integrity...</code><br />
						
            
            <a class="navhash" href="#24">#</a>
						
              <code id="24">loading package files...</code><br />
						
            
            <a class="navhash" href="#25">#</a>
						
              <code id="25">checking for file conflicts...</code><br />
						
            
            <a class="navhash" href="#26">#</a>
						
              <code id="26">checking available disk space...</code><br />
						
            
            <a class="navhash" href="#27">#</a>
						
              <code id="27">:: Processing package changes...</code><br />
						
            
            <a class="navhash" href="#28">#</a>
						
              <code id="28">installing gnu-efi-libs...</code><br />
						
            
            <a class="navhash" href="#29">#</a>
						
              <code id="29">installing perl-locale-gettext...</code><br />
						
            
            <a class="navhash" href="#30">#</a>
						
              <code id="30">installing help2man...</code><br />
						
            
            <a class="navhash" href="#31">#</a>
						
              <code id="31">:: Running post-transaction hooks...</code><br />
						
            
            <a class="navhash" href="#32">#</a>
						
              <code id="32">(1/2) Updating manpage index...</code><br />
						
            
            <a class="navhash" href="#33">#</a>
						
              <code id="33">(2/2) Updating the info directory file...</code><br />
						
            
            <a class="navhash" href="#34">#</a>
						
              <code id="34">==> WARNING: Using existing $srcdir/ tree</code><br />
						
            
            <a class="navhash" href="#35">#</a>
						
              <code id="35">==> Starting build()...</code><br />
						
            
            <a class="navhash" href="#36">#</a>
						
              <code id="36">Submodule 'lib/ccan.git' (git://git.ozlabs.org/~ccan/ccan) registered for path 'lib/ccan.git'</code><br />
						
            
            <a class="navhash" href="#37">#</a>
						
              <code id="37">Cloning into '/tmp/sbsigntools/src/sbsigntools/lib/ccan.git'...</code><br />
						
            
            <a class="navhash" href="#38">#</a>
						
              <code id="38">Submodule path 'lib/ccan.git': checked out 'b1f28e17227f2320d07fe052a8a48942fe17caa5'</code><br />
						
            
            <a class="navhash" href="#39">#</a>
						
              <code id="39">Building ccan_depends</code><br />
						
            
            <a class="navhash" href="#40">#</a>
						
              <code id="40">tools/configurator/configurator.c:368:39: warning: if statement has empty body [-Wempty-body]</code><br />
						
            
            <a class="navhash" href="#41">#</a>
						
              <code id="41">                if (system("cat " INPUT_FILE) == -1);</code><br />
						
            
            <a class="navhash" href="#42">#</a>
						
              <code id="42">                                                    ^</code><br />
						
            
            <a class="navhash" href="#43">#</a>
						
              <code id="43">tools/configurator/configurator.c:368:39: note: put the semicolon on a separate line to silence this warning</code><br />
						
            
            <a class="navhash" href="#44">#</a>
						
              <code id="44">1 warning generated.</code><br />
						
            
            <a class="navhash" href="#45">#</a>
						
              <code id="45">configurator: Test for HAVE_32BIT_OFF_T did not compile:</code><br />
						
            
            <a class="navhash" href="#46">#</a>
						
              <code id="46"></code><br />
						
            
            <a class="navhash" href="#47">#</a>
						
              <code id="47">In file included from tools/ccan_depends.c:1:</code><br />
						
            
            <a class="navhash" href="#48">#</a>
						
              <code id="48">In file included from tools/tools.h:4:</code><br />
						
            
            <a class="navhash" href="#49">#</a>
						<span class="error">
              <code id="49">./ccan/compiler/compiler.h:3:10: fatal error: 'config.h' file not found</code><br />
						</span>
            
            <a class="navhash" href="#50">#</a>
						
              <code id="50">#include "config.h"</code><br />
						
            
            <a class="navhash" href="#51">#</a>
						
              <code id="51">         ^</code><br />
						
            
            <a class="navhash" href="#52">#</a>
						
              <code id="52">In file included from ccan/grab_file/grab_file.c:3:</code><br />
						
            
            <a class="navhash" href="#53">#</a>
						
              <code id="53">In file included from ./ccan/talloc/talloc.h:29:</code><br />
						
            
            <a class="navhash" href="#54">#</a>
						<span class="error">
              <code id="54">./ccan/typesafe_cb/typesafe_cb.h:4:10: fatal error: 'config.h' file not found</code><br />
						</span>
            
            <a class="navhash" href="#55">#</a>
						
              <code id="55">#include "config.h"</code><br />
						
            
            <a class="navhash" href="#56">#</a>
						
              <code id="56">         ^</code><br />
						
            
            <a class="navhash" href="#57">#</a>
						
              <code id="57">1 error generated.</code><br />
						
            
            <a class="navhash" href="#58">#</a>
						<span class="error">
              <code id="58">ccan/str/debug.c:1:10: fatal error: 'config.h' file not found</code><br />
						</span>
            
            <a class="navhash" href="#59">#</a>
						
              <code id="59">#include "config.h"</code><br />
						
            
            <a class="navhash" href="#60">#</a>
						
              <code id="60">         ^</code><br />
						
            
            <a class="navhash" href="#61">#</a>
						
              <code id="61">1 error generated.</code><br />
						
            
            <a class="navhash" href="#62">#</a>
						
              <code id="62">1 error generated.</code><br />
						
            
            <a class="navhash" href="#63">#</a>
						
              <code id="63">In file included from ccan/str/str.c:1:</code><br />
						
            
            <a class="navhash" href="#64">#</a>
						<span class="error">
              <code id="64">./ccan/str/str.h:4:10: fatal error: 'config.h' file not found</code><br />
						</span>
            
            <a class="navhash" href="#65">#</a>
						
              <code id="65">#include "config.h"</code><br />
						
            
            <a class="navhash" href="#66">#</a>
						
              <code id="66">         ^</code><br />
						
            
            <a class="navhash" href="#67">#</a>
						
              <code id="67">In file included from ccan/time/time.c:2:</code><br />
						
            
            <a class="navhash" href="#68">#</a>
						<span class="error">
              <code id="68">./ccan/time/time.h:4:10: fatal error: 'config.h' file not found</code><br />
						</span>
            
            <a class="navhash" href="#69">#</a>
						
              <code id="69">#include "config.h"</code><br />
						
            
            <a class="navhash" href="#70">#</a>
						
              <code id="70">         ^</code><br />
						
            
            <a class="navhash" href="#71">#</a>
						
              <code id="71">1 error generated.</code><br />
						
            
            <a class="navhash" href="#72">#</a>
						
              <code id="72">In file included from ccan/talloc/talloc.c:34:</code><br />
						
            
            <a class="navhash" href="#73">#</a>
						
              <code id="73">In file included from ccan/talloc/talloc.h:29:</code><br />
						
            
            <a class="navhash" href="#74">#</a>
						<span class="error">
              <code id="74">./ccan/typesafe_cb/typesafe_cb.h:4:10: fatal error: 'config.h' file not found</code><br />
						</span>
            
            <a class="navhash" href="#75">#</a>
						
              <code id="75">#include "config.h"</code><br />
						
            
            <a class="navhash" href="#76">#</a>
						
              <code id="76">         ^</code><br />
						
            
            <a class="navhash" href="#77">#</a>
						
              <code id="77">1 error generated.</code><br />
						
            
            <a class="navhash" href="#78">#</a>
						
              <code id="78">In file included from ccan/str_talloc/str_talloc.c:12:</code><br />
						
            
            <a class="navhash" href="#79">#</a>
						
              <code id="79">In file included from ./ccan/talloc/talloc.h:29:</code><br />
						
            
            <a class="navhash" href="#80">#</a>
						<span class="error">
              <code id="80">./ccan/typesafe_cb/typesafe_cb.h:4:10: fatal error: 'config.h' file not found</code><br />
						</span>
            
            <a class="navhash" href="#81">#</a>
						
              <code id="81">#include "config.h"</code><br />
						
            
            <a class="navhash" href="#82">#</a>
						
              <code id="82">         ^</code><br />
						
            
            <a class="navhash" href="#83">#</a>
						
              <code id="83">1 error generated.</code><br />
						
            
            <a class="navhash" href="#84">#</a>
						
              <code id="84">1 error generated.</code><br />
						
            
            <a class="navhash" href="#85">#</a>
						
              <code id="85">In file included from tools/read_config_header.c:2:</code><br />
						
            
            <a class="navhash" href="#86">#</a>
						<span class="error">
              <code id="86">./ccan/str/str.h:4:10: fatal error: 'config.h' file not found</code><br />
						</span>
            
            <a class="navhash" href="#87">#</a>
						
              <code id="87">#include "config.h"</code><br />
						
            
            <a class="navhash" href="#88">#</a>
						
              <code id="88">         ^</code><br />
						
            
            <a class="navhash" href="#89">#</a>
						
              <code id="89">In file included from tools/compile.c:1:</code><br />
						
            
            <a class="navhash" href="#90">#</a>
						
              <code id="90">In file included from tools/tools.h:4:</code><br />
						
            
            <a class="navhash" href="#91">#</a>
						<span class="error">
              <code id="91">./ccan/compiler/compiler.h:3:10: fatal error: 'config.h' file not found</code><br />
						</span>
            
            <a class="navhash" href="#92">#</a>
						
              <code id="92">#include "config.h"</code><br />
						
            
            <a class="navhash" href="#93">#</a>
						
              <code id="93">         ^</code><br />
						
            
            <a class="navhash" href="#94">#</a>
						
              <code id="94">1 error generated.</code><br />
						
            
            <a class="navhash" href="#95">#</a>
						
              <code id="95">In file included from tools/depends.c:1:</code><br />
						
            
            <a class="navhash" href="#96">#</a>
						<span class="error">
              <code id="96">./ccan/str/str.h:4:10: fatal error: 'config.h' file not found</code><br />
						</span>
            
            <a class="navhash" href="#97">#</a>
						
              <code id="97">#include "config.h"</code><br />
						
            
            <a class="navhash" href="#98">#</a>
						
              <code id="98">         ^</code><br />
						
            
            <a class="navhash" href="#99">#</a>
						
              <code id="99">1 error generated.</code><br />
						
            
            <a class="navhash" href="#100">#</a>
						
              <code id="100">make: INTERNAL: Exiting with 3 jobserver tokens (should be 0)!</code><br />
						
            
            <a class="navhash" href="#101">#</a>
						
              <code id="101">make: INTERNAL: Exiting with 2 jobserver tokens available; should be 4!</code><br />
						
            
            <a class="navhash" href="#102">#</a>
						
              <code id="102">In file included from tools/tools.c:1:</code><br />
						
            
            <a class="navhash" href="#103">#</a>
						
              <code id="103">In file included from ./ccan/talloc/talloc.h:29:</code><br />
						
            
            <a class="navhash" href="#104">#</a>
						<span class="error">
              <code id="104">./ccan/typesafe_cb/typesafe_cb.h:4:10: fatal error: 'config.h' file not found</code><br />
						</span>
            
            <a class="navhash" href="#105">#</a>
						
              <code id="105">#include "config.h"</code><br />
						
            
            <a class="navhash" href="#106">#</a>
						
              <code id="106">         ^</code><br />
						
            
            <a class="navhash" href="#107">#</a>
						
              <code id="107">1 error generated.</code><br />
						
            
            <a class="navhash" href="#108">#</a>
						
              <code id="108">1 error generated.</code><br />
						
            
            <a class="navhash" href="#109">#</a>
						
              <code id="109">configurator: Test for HAVE_32BIT_OFF_T did not compile:</code><br />
						
            
            <a class="navhash" href="#110">#</a>
						
              <code id="110"></code><br />
						
            
            <a class="navhash" href="#111">#</a>
						
              <code id="111">In file included from tools/ccan_depends.c:1:</code><br />
						
            
            <a class="navhash" href="#112">#</a>
						
              <code id="112">In file included from tools/tools.h:4:</code><br />
						
            
            <a class="navhash" href="#113">#</a>
						<span class="error">
              <code id="113">./ccan/compiler/compiler.h:3:10: fatal error: 'config.h' file not found</code><br />
						</span>
            
            <a class="navhash" href="#114">#</a>
						
              <code id="114">#include "config.h"</code><br />
						
            
            <a class="navhash" href="#115">#</a>
						
              <code id="115">         ^</code><br />
						
            
            <a class="navhash" href="#116">#</a>
						
              <code id="116">In file included from ccan/grab_file/grab_file.c:3:</code><br />
						
            
            <a class="navhash" href="#117">#</a>
						
              <code id="117">In file included from ./ccan/talloc/talloc.h:29:</code><br />
						
            
            <a class="navhash" href="#118">#</a>
						<span class="error">
              <code id="118">./ccan/typesafe_cb/typesafe_cb.h:4:10: fatal error: 'config.h' file not found</code><br />
						</span>
            
            <a class="navhash" href="#119">#</a>
						
              <code id="119">#include "config.h"</code><br />
						
            
            <a class="navhash" href="#120">#</a>
						
              <code id="120">         ^</code><br />
						
            
            <a class="navhash" href="#121">#</a>
						
              <code id="121">1 error generated.</code><br />
						
            
            <a class="navhash" href="#122">#</a>
						
              <code id="122">1 error generated.</code><br />
						
            
            <a class="navhash" href="#123">#</a>
						<span class="error">
              <code id="123">ccan/str/debug.c:1:10: fatal error: 'config.h' file not found</code><br />
						</span>
            
            <a class="navhash" href="#124">#</a>
						
              <code id="124">#include "config.h"</code><br />
						
            
            <a class="navhash" href="#125">#</a>
						
              <code id="125">         ^</code><br />
						
            
            <a class="navhash" href="#126">#</a>
						
              <code id="126">1 error generated.</code><br />
						
            
            <a class="navhash" href="#127">#</a>
						
              <code id="127">In file included from ccan/str/str.c:1:</code><br />
						
            
            <a class="navhash" href="#128">#</a>
						<span class="error">
              <code id="128">./ccan/str/str.h:4:10: fatal error: 'config.h' file not found</code><br />
						</span>
            
            <a class="navhash" href="#129">#</a>
						
              <code id="129">#include "config.h"</code><br />
						
            
            <a class="navhash" href="#130">#</a>
						
              <code id="130">         ^</code><br />
						
            
            <a class="navhash" href="#131">#</a>
						
              <code id="131">1 error generated.</code><br />
						
            
            <a class="navhash" href="#132">#</a>
						
              <code id="132">In file included from ccan/talloc/talloc.c:34:</code><br />
						
            
            <a class="navhash" href="#133">#</a>
						
              <code id="133">In file included from ccan/talloc/talloc.h:29:</code><br />
						
            
            <a class="navhash" href="#134">#</a>
						<span class="error">
              <code id="134">./ccan/typesafe_cb/typesafe_cb.h:4:10: fatal error: 'config.h' file not found</code><br />
						</span>
            
            <a class="navhash" href="#135">#</a>
						
              <code id="135">#include "config.h"</code><br />
						
            
            <a class="navhash" href="#136">#</a>
						
              <code id="136">         ^</code><br />
						
            
            <a class="navhash" href="#137">#</a>
						
              <code id="137">In file included from ccan/str_talloc/str_talloc.c:12:</code><br />
						
            
            <a class="navhash" href="#138">#</a>
						
              <code id="138">In file included from ./ccan/talloc/talloc.h:29:</code><br />
						
            
            <a class="navhash" href="#139">#</a>
						<span class="error">
              <code id="139">./ccan/typesafe_cb/typesafe_cb.h:4:10: fatal error: 'config.h' file not found</code><br />
						</span>
            
            <a class="navhash" href="#140">#</a>
						
              <code id="140">#include "config.h"</code><br />
						
            
            <a class="navhash" href="#141">#</a>
						
              <code id="141">         ^</code><br />
						
            
            <a class="navhash" href="#142">#</a>
						
              <code id="142">1 error generated.</code><br />
						
            
            <a class="navhash" href="#143">#</a>
						
              <code id="143">In file included from ccan/time/time.c:2:</code><br />
						
            
            <a class="navhash" href="#144">#</a>
						<span class="error">
              <code id="144">./ccan/time/time.h:4:10: fatal error: 'config.h' file not found</code><br />
						</span>
            
            <a class="navhash" href="#145">#</a>
						
              <code id="145">#include "config.h"</code><br />
						
            
            <a class="navhash" href="#146">#</a>
						
              <code id="146">         ^</code><br />
						
            
            <a class="navhash" href="#147">#</a>
						
              <code id="147">In file included from tools/read_config_header.c:2:</code><br />
						
            
            <a class="navhash" href="#148">#</a>
						<span class="error">
              <code id="148">./ccan/str/str.h:4:10: fatal error: 'config.h' file not found</code><br />
						</span>
            
            <a class="navhash" href="#149">#</a>
						
              <code id="149">#include "config.h"</code><br />
						
            
            <a class="navhash" href="#150">#</a>
						
              <code id="150">         ^</code><br />
						
            
            <a class="navhash" href="#151">#</a>
						
              <code id="151">1 error generated.</code><br />
						
            
            <a class="navhash" href="#152">#</a>
						
              <code id="152">1 error generated.</code><br />
						
            
            <a class="navhash" href="#153">#</a>
						
              <code id="153">In file included from tools/compile.c:1:</code><br />
						
            
            <a class="navhash" href="#154">#</a>
						
              <code id="154">In file included from tools/tools.h:4:</code><br />
						
            
            <a class="navhash" href="#155">#</a>
						
              <code id="155">./ccan/compiler/compiler.h:31: error10 generated.</code><br />
						
            
            <a class="navhash" href="#156">#</a>
						
              <code id="156">: fatal error: 'config.h' file not found</code><br />
						
            
            <a class="navhash" href="#157">#</a>
						
              <code id="157">#include "config.h"</code><br />
						
            
            <a class="navhash" href="#158">#</a>
						
              <code id="158">         ^</code><br />
						
            
            <a class="navhash" href="#159">#</a>
						
              <code id="159">1 error generated.</code><br />
						
            
            <a class="navhash" href="#160">#</a>
						
              <code id="160">In file included from tools/depends.c:1:</code><br />
						
            
            <a class="navhash" href="#161">#</a>
						<span class="error">
              <code id="161">./ccan/str/str.h:4:10: fatal error: 'config.h' file not found</code><br />
						</span>
            
            <a class="navhash" href="#162">#</a>
						
              <code id="162">#include "config.h"</code><br />
						
            
            <a class="navhash" href="#163">#</a>
						
              <code id="163">         ^</code><br />
						
            
            <a class="navhash" href="#164">#</a>
						
              <code id="164">make: *** No rule to make target 'tools/ccan_depends.o', needed by 'tools/ccan_depends'.  Stop.</code><br />
						
            
            <a class="navhash" href="#165">#</a>
						
              <code id="165">make: *** Waiting for unfinished jobs....</code><br />
						
            
            <a class="navhash" href="#166">#</a>
						
              <code id="166">In file included from tools/tools.c:1:</code><br />
						
            
            <a class="navhash" href="#167">#</a>
						
              <code id="167">In file included from ./ccan/talloc/talloc.h:29:</code><br />
						
            
            <a class="navhash" href="#168">#</a>
						<span class="error">
              <code id="168">./ccan/typesafe_cb/typesafe_cb.h:4:10: fatal error: 'config.h' file not found</code><br />
						</span>
            
            <a class="navhash" href="#169">#</a>
						
              <code id="169">#include "config.h"</code><br />
						
            
            <a class="navhash" href="#170">#</a>
						
              <code id="170">         ^</code><br />
						
            
            <a class="navhash" href="#171">#</a>
						
              <code id="171">1 error generated.</code><br />
						
            
            <a class="navhash" href="#172">#</a>
						
              <code id="172">1 error generated.</code><br />
						
            
            <a class="navhash" href="#173">#</a>
						
              <code id="173">Unescaped left brace in regex is deprecated, passed through in regex; marked by <-- HERE in m/\${ <-- HERE ([^ \t=:+{}]+)}/ at /usr/bin/automake line 3936.</code><br />
						
            
            <a class="navhash" href="#174">#</a>
						
              <code id="174">configure.ac:10: installing './compile'</code><br />
						
            
            <a class="navhash" href="#175">#</a>
						
              <code id="175">configure.ac:3: installing './install-sh'</code><br />
						
            
            <a class="navhash" href="#176">#</a>
						
              <code id="176">configure.ac:3: installing './missing'</code><br />
						
            
            <a class="navhash" href="#177">#</a>
						
              <code id="177">Makefile.am: installing './INSTALL'</code><br />
						
            
            <a class="navhash" href="#178">#</a>
						
              <code id="178">configure.ac:76: error: required file 'lib/ccan/Makefile.in' not found</code><br />
						
            
            <a class="navhash" href="#179">#</a>
						
              <code id="179">Makefile.am:2: error: required directory ./lib/ccan does not exist</code><br />
						
            
            <a class="navhash" href="#180">#</a>
						
              <code id="180">src/Makefile.am: installing './depcomp'</code><br />
						
            
            <a class="navhash" href="#181">#</a>
						
              <code id="181">tests/Makefile.am:27: warning: deprecated feature: target 'test-i386.pecoff' overrides 'test-i386.pecoff$(EXEEXT)'</code><br />
						
            
            <a class="navhash" href="#182">#</a>
						
              <code id="182">tests/Makefile.am:27: change your target to read 'test-i386.pecoff$(EXEEXT)'</code><br />
						
            
            <a class="navhash" href="#183">#</a>
						
              <code id="183">/usr/share/automake-1.15/am/program.am: target 'test-i386.pecoff$(EXEEXT)' was defined here</code><br />
						
            
            <a class="navhash" href="#184">#</a>
						
              <code id="184">tests/Makefile.am:9:   while processing program 'test-i386.pecoff'</code><br />
						
            
            <a class="navhash" href="#185">#</a>
						
              <code id="185">tests/Makefile.am:23: warning: deprecated feature: target 'test-x86_64.pecoff' overrides 'test-x86_64.pecoff$(EXEEXT)'</code><br />
						
            
            <a class="navhash" href="#186">#</a>
						
              <code id="186">tests/Makefile.am:23: change your target to read 'test-x86_64.pecoff$(EXEEXT)'</code><br />
						
            
            <a class="navhash" href="#187">#</a>
						
              <code id="187">/usr/share/automake-1.15/am/program.am: target 'test-x86_64.pecoff$(EXEEXT)' was defined here</code><br />
						
            
            <a class="navhash" href="#188">#</a>
						
              <code id="188">tests/Makefile.am:9:   while processing program 'test-x86_64.pecoff'</code><br />
						
            
            <a class="navhash" href="#189">#</a>
						
              <code id="189">parallel-tests: installing './test-driver'</code><br />
						
            
            <a class="navhash" href="#190">#</a>
						
              <code id="190">==> ERROR: A failure occurred in build().</code><br />
						
            
            <a class="navhash" href="#191">#</a>
						
              <code id="191">    Aborting...</code><br />
						
            
          </div>
        
      </div>
      <br />
    
  </body>
</html>