<!DOCTYPE html>
<html>
<!-- Jinja template for reports of individual builds

  Copyright 2016 Kareem Khazem. All Rights Reserved.
  Licensed under the Apache License, Version 2.0 (the "License");
  you may not use this file except in compliance with the License.
  You may obtain a copy of the License at

 		 http://www.apache.org/licenses/LICENSE-2.0

  Unless required by applicable law or agreed to in writing, software
  distributed under the License is distributed on an "AS IS" BASIS,
  WITHOUT WARRANTIES OR CONDITIONS OF ANY KIND, either express or
  implied.
  See the License for the specific language governing permissions and
  limitations under the License.
-->
  <head>
    <meta charset="UTF-8">
    <title>musl/unittestpp</title>
    <link href='https://fonts.googleapis.com/css?family=Roboto:400,900'
          rel='stylesheet' type='text/css'>
    <link
    href='https://fonts.googleapis.com/css?family=Source+Code+Pro:400,700'
          rel='stylesheet' type='text/css'>
    <link href="../style.css" type="text/css" rel="stylesheet">
  </head>
  <body>
    <h1>Build of unittestpp
        with <a href="../index.html">musl</a>
        toolchain</h1>
    <p>The build took 00h 04m 11s and was
    NOT successful.</p>
    <p>
    The program in this build is written in the following languages,
    according to <a
    href="http://www.dwheeler.com/sloccount/">sloccount</a>:
    </p>
    <table>
      <tr><th>SLOC</th><th>Language</th></tr>
      
      <tr><td class="loc"><code>7,160</code></td>
          <td class="lang">cpp</td></tr>
      <tr><td class="loc"><code>445</code></td>
          <td class="lang">ansic</td></tr>
      <tr><td><code>7,605</code></td>
          <td><em>total</em></td></tr>
    </table>
    <p>
      The process tree of the build process is <a
      href="unittestpp-tree.html">here</a>.
    </p>
    
    
    
    
    
    <h2>List of Errors</h2>
    <ul>
      
      <li>undefined_reference
        <ul>
          
          <li><a href="#84">CMakeFiles/TestUnitTest++.dir/tests/TestChecks.cpp.o:/tmp/unittestpp/src/unittest-cpp-1.6.1/tests/TestChecks.cpp:function __cxx_global_var_init: error: undefined reference to '__dso_handle'</a></li>
          
        </ul>
      </li>
      
    </ul>
    
    
    <h2>Log</h2>
    <p>
    To avoid scrolling, you may jump to the <a
    href="#93">last line</a> of the
    invocation of <code>makepkg</code> that was used to build this
    package.
    </p>
    
    
      <div class="block">
        <div class="info">
          <code>Removed vanilla repositories from pacman.conf and added:</code>
        </div>
        
          <div class="output">
            
            <a class="navhash" href="#1">#</a>
						
              <code id="1">[tuscan]</code><br />
						
            
            <a class="navhash" href="#2">#</a>
						
              <code id="2">Server = file:///var/cache/pacman/pkg/</code><br />
						
            
          </div>
        
      </div>
      <br />
    
      <div class="block">
        <div class="command">
          <code><span class="prompt">CMD: </span>pacman -Syy --noconfirm</code>
        </div>
        
          <div class="output">
            
            <a class="navhash" href="#3">#</a>
						
              <code id="3">:: Synchronizing package databases...</code><br />
						
            
            <a class="navhash" href="#4">#</a>
						
              <code id="4">downloading tuscan.db...</code><br />
						
            
          </div>
        
      </div>
      <br />
    
      <div class="block">
        <div class="info">
          <code>There were existing files in /sysroot, using those</code>
        </div>
        
          <div class="output">
            
            <a class="navhash" href="#5">#</a>
						
              <code id="5">/sysroot/lib</code><br />
						
            
            <a class="navhash" href="#6">#</a>
						
              <code id="6">/sysroot/share</code><br />
						
            
            <a class="navhash" href="#7">#</a>
						
              <code id="7">/sysroot/bin</code><br />
						
            
            <a class="navhash" href="#8">#</a>
						
              <code id="8">/sysroot/include</code><br />
						
            
            <a class="navhash" href="#9">#</a>
						
              <code id="9">/sysroot/libexec</code><br />
						
            
          </div>
        
      </div>
      <br />
    
      <div class="block">
        <div class="command">
          <code><span class="prompt">CMD: </span>sudo -u tuscan PATH=/sysroot/bin:/usr/local/sbin:/usr/local/bin:/usr/sbin:/usr/bin:/sbin:/bin CC=clang CXX=clang++ red makepkg --noextract --syncdeps --skipinteg --skippgpcheck --skipchecksums --noconfirm --nocolor --log --noprogressbar --nocheck</code>
        </div>
        
          <div class="output">
            
            <a class="navhash" href="#10">#</a>
						
              <code id="10">==> Making package: unittestpp 1.6.1-1 (Tue Mar  7 00:40:47 UTC 2017)</code><br />
						
            
            <a class="navhash" href="#11">#</a>
						
              <code id="11">==> Checking runtime dependencies...</code><br />
						
            
            <a class="navhash" href="#12">#</a>
						
              <code id="12">==> Checking buildtime dependencies...</code><br />
						
            
            <a class="navhash" href="#13">#</a>
						
              <code id="13">==> WARNING: Using existing $srcdir/ tree</code><br />
						
            
            <a class="navhash" href="#14">#</a>
						
              <code id="14">==> Starting build()...</code><br />
						
            
            <a class="navhash" href="#15">#</a>
						
              <code id="15">-- The C compiler identification is Clang 3.8.1</code><br />
						
            
            <a class="navhash" href="#16">#</a>
						
              <code id="16">-- The CXX compiler identification is Clang 3.8.1</code><br />
						
            
            <a class="navhash" href="#17">#</a>
						
              <code id="17">-- Check for working C compiler: /sysroot/bin/clang</code><br />
						
            
            <a class="navhash" href="#18">#</a>
						
              <code id="18">-- Check for working C compiler: /sysroot/bin/clang -- works</code><br />
						
            
            <a class="navhash" href="#19">#</a>
						
              <code id="19">-- Detecting C compiler ABI info</code><br />
						
            
            <a class="navhash" href="#20">#</a>
						
              <code id="20">-- Detecting C compiler ABI info - done</code><br />
						
            
            <a class="navhash" href="#21">#</a>
						
              <code id="21">-- Detecting C compile features</code><br />
						
            
            <a class="navhash" href="#22">#</a>
						
              <code id="22">-- Detecting C compile features - done</code><br />
						
            
            <a class="navhash" href="#23">#</a>
						
              <code id="23">-- Check for working CXX compiler: /sysroot/bin/clang++</code><br />
						
            
            <a class="navhash" href="#24">#</a>
						
              <code id="24">-- Check for working CXX compiler: /sysroot/bin/clang++ -- works</code><br />
						
            
            <a class="navhash" href="#25">#</a>
						
              <code id="25">-- Detecting CXX compiler ABI info</code><br />
						
            
            <a class="navhash" href="#26">#</a>
						
              <code id="26">-- Detecting CXX compiler ABI info - done</code><br />
						
            
            <a class="navhash" href="#27">#</a>
						
              <code id="27">-- Detecting CXX compile features</code><br />
						
            
            <a class="navhash" href="#28">#</a>
						
              <code id="28">-- Detecting CXX compile features - done</code><br />
						
            
            <a class="navhash" href="#29">#</a>
						
              <code id="29">-- Performing Test COMPILER_SUPPORTS_CXX14</code><br />
						
            
            <a class="navhash" href="#30">#</a>
						
              <code id="30">-- Performing Test COMPILER_SUPPORTS_CXX14 - Success</code><br />
						
            
            <a class="navhash" href="#31">#</a>
						
              <code id="31">-- Performing Test COMPILER_SUPPORTS_CXX11</code><br />
						
            
            <a class="navhash" href="#32">#</a>
						
              <code id="32">-- Performing Test COMPILER_SUPPORTS_CXX11 - Success</code><br />
						
            
            <a class="navhash" href="#33">#</a>
						
              <code id="33">-- Configuring done</code><br />
						
            
            <a class="navhash" href="#34">#</a>
						
              <code id="34">-- Generating done</code><br />
						
            
            <a class="navhash" href="#35">#</a>
						
              <code id="35">-- Build files have been written to: /tmp/unittestpp/src/unittest-cpp-1.6.1</code><br />
						
            
            <a class="navhash" href="#36">#</a>
						
              <code id="36">Scanning dependencies of target UnitTest++</code><br />
						
            
            <a class="navhash" href="#37">#</a>
						
              <code id="37">[  2%] Building CXX object CMakeFiles/UnitTest++.dir/UnitTest++/RequiredCheckException.cpp.o</code><br />
						
            
            <a class="navhash" href="#38">#</a>
						
              <code id="38">[  4%] Building CXX object CMakeFiles/UnitTest++.dir/UnitTest++/ReportAssert.cpp.o</code><br />
						
            
            <a class="navhash" href="#39">#</a>
						
              <code id="39">[  6%] Building CXX object CMakeFiles/UnitTest++.dir/UnitTest++/Checks.cpp.o</code><br />
						
            
            <a class="navhash" href="#40">#</a>
						
              <code id="40">[  8%] Building CXX object CMakeFiles/UnitTest++.dir/UnitTest++/CompositeTestReporter.cpp.o</code><br />
						
            
            <a class="navhash" href="#41">#</a>
						
              <code id="41">[ 11%] Building CXX object CMakeFiles/UnitTest++.dir/UnitTest++/ThrowingTestReporter.cpp.o</code><br />
						
            
            <a class="navhash" href="#42">#</a>
						
              <code id="42">[ 13%] Building CXX object CMakeFiles/UnitTest++.dir/UnitTest++/TimeConstraint.cpp.o</code><br />
						
            
            <a class="navhash" href="#43">#</a>
						
              <code id="43">[ 15%] Building CXX object CMakeFiles/UnitTest++.dir/UnitTest++/TestResults.cpp.o</code><br />
						
            
            <a class="navhash" href="#44">#</a>
						
              <code id="44">[ 17%] Building CXX object CMakeFiles/UnitTest++.dir/UnitTest++/DeferredTestResult.cpp.o</code><br />
						
            
            <a class="navhash" href="#45">#</a>
						
              <code id="45">[ 20%] Building CXX object CMakeFiles/UnitTest++.dir/UnitTest++/TestReporter.cpp.o</code><br />
						
            
            <a class="navhash" href="#46">#</a>
						
              <code id="46">[ 22%] Building CXX object CMakeFiles/UnitTest++.dir/UnitTest++/DeferredTestReporter.cpp.o</code><br />
						
            
            <a class="navhash" href="#47">#</a>
						
              <code id="47">[ 24%] Building CXX object CMakeFiles/UnitTest++.dir/UnitTest++/AssertException.cpp.o</code><br />
						
            
            <a class="navhash" href="#48">#</a>
						
              <code id="48">[ 26%] Building CXX object CMakeFiles/UnitTest++.dir/UnitTest++/TestReporterStdout.cpp.o</code><br />
						
            
            <a class="navhash" href="#49">#</a>
						
              <code id="49">[ 28%] Building CXX object CMakeFiles/UnitTest++.dir/UnitTest++/TestDetails.cpp.o</code><br />
						
            
            <a class="navhash" href="#50">#</a>
						
              <code id="50">[ 31%] Building CXX object CMakeFiles/UnitTest++.dir/UnitTest++/CurrentTest.cpp.o</code><br />
						
            
            <a class="navhash" href="#51">#</a>
						
              <code id="51">[ 33%] Building CXX object CMakeFiles/UnitTest++.dir/UnitTest++/TestList.cpp.o</code><br />
						
            
            <a class="navhash" href="#52">#</a>
						
              <code id="52">[ 35%] Building CXX object CMakeFiles/UnitTest++.dir/UnitTest++/Test.cpp.o</code><br />
						
            
            <a class="navhash" href="#53">#</a>
						
              <code id="53">[ 37%] Building CXX object CMakeFiles/UnitTest++.dir/UnitTest++/XmlTestReporter.cpp.o</code><br />
						
            
            <a class="navhash" href="#54">#</a>
						
              <code id="54">[ 40%] Building CXX object CMakeFiles/UnitTest++.dir/UnitTest++/RequiredCheckTestReporter.cpp.o</code><br />
						
            
            <a class="navhash" href="#55">#</a>
						
              <code id="55">[ 42%] Building CXX object CMakeFiles/UnitTest++.dir/UnitTest++/MemoryOutStream.cpp.o</code><br />
						
            
            <a class="navhash" href="#56">#</a>
						
              <code id="56">[ 44%] Building CXX object CMakeFiles/UnitTest++.dir/UnitTest++/TestRunner.cpp.o</code><br />
						
            
            <a class="navhash" href="#57">#</a>
						
              <code id="57">[ 46%] Building CXX object CMakeFiles/UnitTest++.dir/UnitTest++/Posix/TimeHelpers.cpp.o</code><br />
						
            
            <a class="navhash" href="#58">#</a>
						
              <code id="58">[ 48%] Building CXX object CMakeFiles/UnitTest++.dir/UnitTest++/Posix/SignalTranslator.cpp.o</code><br />
						
            
            <a class="navhash" href="#59">#</a>
						
              <code id="59">[ 51%] Linking CXX static library libUnitTest++.a</code><br />
						
            
            <a class="navhash" href="#60">#</a>
						
              <code id="60">[ 51%] Built target UnitTest++</code><br />
						
            
            <a class="navhash" href="#61">#</a>
						
              <code id="61">Scanning dependencies of target TestUnitTest++</code><br />
						
            
            <a class="navhash" href="#62">#</a>
						
              <code id="62">[ 55%] Building CXX object CMakeFiles/TestUnitTest++.dir/tests/TestTest.cpp.o</code><br />
						
            
            <a class="navhash" href="#63">#</a>
						
              <code id="63">[ 55%] Building CXX object CMakeFiles/TestUnitTest++.dir/tests/TestChecks.cpp.o</code><br />
						
            
            <a class="navhash" href="#64">#</a>
						
              <code id="64">[ 57%] Building CXX object CMakeFiles/TestUnitTest++.dir/tests/TestTimeConstraintMacro.cpp.o</code><br />
						
            
            <a class="navhash" href="#65">#</a>
						
              <code id="65">[ 60%] Building CXX object CMakeFiles/TestUnitTest++.dir/tests/TestRequireMacrosWithExceptionsOn.cpp.o</code><br />
						
            
            <a class="navhash" href="#66">#</a>
						
              <code id="66">[ 62%] Building CXX object CMakeFiles/TestUnitTest++.dir/tests/TestExceptions.cpp.o</code><br />
						
            
            <a class="navhash" href="#67">#</a>
						
              <code id="67">[ 64%] Building CXX object CMakeFiles/TestUnitTest++.dir/tests/TestAssertHandler.cpp.o</code><br />
						
            
            <a class="navhash" href="#68">#</a>
						
              <code id="68">[ 66%] Building CXX object CMakeFiles/TestUnitTest++.dir/tests/TestTestMacros.cpp.o</code><br />
						
            
            <a class="navhash" href="#69">#</a>
						
              <code id="69">[ 68%] Building CXX object CMakeFiles/TestUnitTest++.dir/tests/TestXmlTestReporter.cpp.o</code><br />
						
            
            <a class="navhash" href="#70">#</a>
						
              <code id="70">[ 71%] Building CXX object CMakeFiles/TestUnitTest++.dir/tests/TestUnitTestPP.cpp.o</code><br />
						
            
            <a class="navhash" href="#71">#</a>
						
              <code id="71">[ 73%] Building CXX object CMakeFiles/TestUnitTest++.dir/tests/TestCurrentTest.cpp.o</code><br />
						
            
            <a class="navhash" href="#72">#</a>
						
              <code id="72">[ 75%] Building CXX object CMakeFiles/TestUnitTest++.dir/tests/Main.cpp.o</code><br />
						
            
            <a class="navhash" href="#73">#</a>
						
              <code id="73">[ 77%] Building CXX object CMakeFiles/TestUnitTest++.dir/tests/TestCompositeTestReporter.cpp.o</code><br />
						
            
            <a class="navhash" href="#74">#</a>
						
              <code id="74">[ 80%] Building CXX object CMakeFiles/TestUnitTest++.dir/tests/TestDeferredTestReporter.cpp.o</code><br />
						
            
            <a class="navhash" href="#75">#</a>
						
              <code id="75">[ 82%] Building CXX object CMakeFiles/TestUnitTest++.dir/tests/TestTestRunner.cpp.o</code><br />
						
            
            <a class="navhash" href="#76">#</a>
						
              <code id="76">[ 84%] Building CXX object CMakeFiles/TestUnitTest++.dir/tests/TestTestResults.cpp.o</code><br />
						
            
            <a class="navhash" href="#77">#</a>
						
              <code id="77">[ 86%] Building CXX object CMakeFiles/TestUnitTest++.dir/tests/TestTestList.cpp.o</code><br />
						
            
            <a class="navhash" href="#78">#</a>
						
              <code id="78">[ 88%] Building CXX object CMakeFiles/TestUnitTest++.dir/tests/TestTimeConstraint.cpp.o</code><br />
						
            
            <a class="navhash" href="#79">#</a>
						
              <code id="79">[ 91%] Building CXX object CMakeFiles/TestUnitTest++.dir/tests/TestMemoryOutStream.cpp.o</code><br />
						
            
            <a class="navhash" href="#80">#</a>
						
              <code id="80">[ 93%] Building CXX object CMakeFiles/TestUnitTest++.dir/tests/TestRequireMacrosWithExceptionsOff.cpp.o</code><br />
						
            
            <a class="navhash" href="#81">#</a>
						
              <code id="81">[ 95%] Building CXX object CMakeFiles/TestUnitTest++.dir/tests/TestTestSuite.cpp.o</code><br />
						
            
            <a class="navhash" href="#82">#</a>
						
              <code id="82">[ 97%] Building CXX object CMakeFiles/TestUnitTest++.dir/tests/TestCheckMacros.cpp.o</code><br />
						
            
            <a class="navhash" href="#83">#</a>
						
              <code id="83">[100%] Linking CXX executable TestUnitTest++</code><br />
						
            
            <a class="navhash" href="#84">#</a>
						<span class="error">
              <code id="84">CMakeFiles/TestUnitTest++.dir/tests/TestChecks.cpp.o:/tmp/unittestpp/src/unittest-cpp-1.6.1/tests/TestChecks.cpp:function __cxx_global_var_init: error: undefined reference to '__dso_handle'</code><br />
						</span>
            
            <a class="navhash" href="#85">#</a>
						
              <code id="85">CMakeFiles/TestUnitTest++.dir/tests/TestChecks.cpp.o:/tmp/unittestpp/src/unittest-cpp-1.6.1/tests/TestChecks.cpp:function __cxx_global_var_init.2: error: undefined reference to '__dso_handle'</code><br />
						
            
            <a class="navhash" href="#86">#</a>
						
              <code id="86">CMakeFiles/TestUnitTest++.dir/tests/TestChecks.cpp.o:/tmp/unittestpp/src/unittest-cpp-1.6.1/tests/TestChecks.cpp:function __cxx_global_var_init.4: error: undefined reference to '__dso_handle'</code><br />
						
            
            <a class="navhash" href="#87">#</a>
						
              <code id="87">CMakeFiles/TestUnitTest++.dir/tests/TestChecks.cpp.o:/tmp/unittestpp/src/unittest-cpp-1.6.1/tests/TestChecks.cpp:function __cxx_global_var_init.6: error: undefined reference to '__dso_handle'</code><br />
						
            
            <a class="navhash" href="#88">#</a>
						
              <code id="88">clang-3.8: error: linker command failed with exit code 1 (use -v to see invocation)</code><br />
						
            
            <a class="navhash" href="#89">#</a>
						
              <code id="89">make[2]: *** [CMakeFiles/TestUnitTest++.dir/build.make:616: TestUnitTest++] Error 1</code><br />
						
            
            <a class="navhash" href="#90">#</a>
						
              <code id="90">make[1]: *** [CMakeFiles/Makefile2:105: CMakeFiles/TestUnitTest++.dir/all] Error 2</code><br />
						
            
            <a class="navhash" href="#91">#</a>
						
              <code id="91">make: *** [Makefile:128: all] Error 2</code><br />
						
            
            <a class="navhash" href="#92">#</a>
						
              <code id="92">==> ERROR: A failure occurred in build().</code><br />
						
            
            <a class="navhash" href="#93">#</a>
						
              <code id="93">    Aborting...</code><br />
						
            
          </div>
        
      </div>
      <br />
    
      <div class="block">
        <div class="info">
          <code>Printing Cmake output</code>
        </div>
        
      </div>
      <br />
    
      <div class="block">
        <div class="command">
          <code><span class="prompt">CMD: </span>Cmake output '/tmp/unittestpp/src/unittest-cpp-1.6.1/CMakeFiles/CMakeOutput.log'</code>
        </div>
        
          <div class="output">
            
            <a class="navhash" href="#94">#</a>
						
              <code id="94">The system is: Linux - 4.4.52-1-lts - x86_64</code><br />
						
            
            <a class="navhash" href="#95">#</a>
						
              <code id="95">Compiling the C compiler identification source file "CMakeCCompilerId.c" succeeded.</code><br />
						
            
            <a class="navhash" href="#96">#</a>
						
              <code id="96">Compiler: /sysroot/bin/clang</code><br />
						
            
            <a class="navhash" href="#97">#</a>
						
              <code id="97">Build flags:</code><br />
						
            
            <a class="navhash" href="#98">#</a>
						
              <code id="98">Id flags:</code><br />
						
            
            <a class="navhash" href="#99">#</a>
						
              <code id="99"></code><br />
						
            
            <a class="navhash" href="#100">#</a>
						
              <code id="100">The output was:</code><br />
						
            
            <a class="navhash" href="#101">#</a>
						
              <code id="101">0</code><br />
						
            
            <a class="navhash" href="#102">#</a>
						
              <code id="102"></code><br />
						
            
            <a class="navhash" href="#103">#</a>
						
              <code id="103"></code><br />
						
            
            <a class="navhash" href="#104">#</a>
						
              <code id="104">Compilation of the C compiler identification source "CMakeCCompilerId.c" produced "a.out"</code><br />
						
            
            <a class="navhash" href="#105">#</a>
						
              <code id="105"></code><br />
						
            
            <a class="navhash" href="#106">#</a>
						
              <code id="106">The C compiler identification is Clang, found in "/tmp/unittestpp/src/unittest-cpp-1.6.1/CMakeFiles/3.5.2/CompilerIdC/a.out"</code><br />
						
            
            <a class="navhash" href="#107">#</a>
						
              <code id="107"></code><br />
						
            
            <a class="navhash" href="#108">#</a>
						
              <code id="108">Compiling the CXX compiler identification source file "CMakeCXXCompilerId.cpp" succeeded.</code><br />
						
            
            <a class="navhash" href="#109">#</a>
						
              <code id="109">Compiler: /sysroot/bin/clang++</code><br />
						
            
            <a class="navhash" href="#110">#</a>
						
              <code id="110">Build flags:</code><br />
						
            
            <a class="navhash" href="#111">#</a>
						
              <code id="111">Id flags:</code><br />
						
            
            <a class="navhash" href="#112">#</a>
						
              <code id="112"></code><br />
						
            
            <a class="navhash" href="#113">#</a>
						
              <code id="113">The output was:</code><br />
						
            
            <a class="navhash" href="#114">#</a>
						
              <code id="114">0</code><br />
						
            
            <a class="navhash" href="#115">#</a>
						
              <code id="115"></code><br />
						
            
            <a class="navhash" href="#116">#</a>
						
              <code id="116"></code><br />
						
            
            <a class="navhash" href="#117">#</a>
						
              <code id="117">Compilation of the CXX compiler identification source "CMakeCXXCompilerId.cpp" produced "a.out"</code><br />
						
            
            <a class="navhash" href="#118">#</a>
						
              <code id="118"></code><br />
						
            
            <a class="navhash" href="#119">#</a>
						
              <code id="119">The CXX compiler identification is Clang, found in "/tmp/unittestpp/src/unittest-cpp-1.6.1/CMakeFiles/3.5.2/CompilerIdCXX/a.out"</code><br />
						
            
            <a class="navhash" href="#120">#</a>
						
              <code id="120"></code><br />
						
            
            <a class="navhash" href="#121">#</a>
						
              <code id="121">Determining if the C compiler works passed with the following output:</code><br />
						
            
            <a class="navhash" href="#122">#</a>
						
              <code id="122">Change Dir: /tmp/unittestpp/src/unittest-cpp-1.6.1/CMakeFiles/CMakeTmp</code><br />
						
            
            <a class="navhash" href="#123">#</a>
						
              <code id="123"></code><br />
						
            
            <a class="navhash" href="#124">#</a>
						
              <code id="124">Run Build Command:"/usr/sbin/make" "cmTC_1f7fc/fast"</code><br />
						
            
            <a class="navhash" href="#125">#</a>
						
              <code id="125">/usr/sbin/make -f CMakeFiles/cmTC_1f7fc.dir/build.make CMakeFiles/cmTC_1f7fc.dir/build</code><br />
						
            
            <a class="navhash" href="#126">#</a>
						
              <code id="126">make[1]: Entering directory '/tmp/unittestpp/src/unittest-cpp-1.6.1/CMakeFiles/CMakeTmp'</code><br />
						
            
            <a class="navhash" href="#127">#</a>
						
              <code id="127">Building C object CMakeFiles/cmTC_1f7fc.dir/testCCompiler.c.o</code><br />
						
            
            <a class="navhash" href="#128">#</a>
						
              <code id="128">/sysroot/bin/clang     -o CMakeFiles/cmTC_1f7fc.dir/testCCompiler.c.o   -c /tmp/unittestpp/src/unittest-cpp-1.6.1/CMakeFiles/CMakeTmp/testCCompiler.c</code><br />
						
            
            <a class="navhash" href="#129">#</a>
						
              <code id="129">Linking C executable cmTC_1f7fc</code><br />
						
            
            <a class="navhash" href="#130">#</a>
						
              <code id="130">/usr/bin/cmake -E cmake_link_script CMakeFiles/cmTC_1f7fc.dir/link.txt --verbose=1</code><br />
						
            
            <a class="navhash" href="#131">#</a>
						
              <code id="131">/sysroot/bin/clang       CMakeFiles/cmTC_1f7fc.dir/testCCompiler.c.o  -o cmTC_1f7fc -rdynamic</code><br />
						
            
            <a class="navhash" href="#132">#</a>
						
              <code id="132">make[1]: Leaving directory '/tmp/unittestpp/src/unittest-cpp-1.6.1/CMakeFiles/CMakeTmp'</code><br />
						
            
            <a class="navhash" href="#133">#</a>
						
              <code id="133"></code><br />
						
            
            <a class="navhash" href="#134">#</a>
						
              <code id="134"></code><br />
						
            
            <a class="navhash" href="#135">#</a>
						
              <code id="135">Detecting C compiler ABI info compiled with the following output:</code><br />
						
            
            <a class="navhash" href="#136">#</a>
						
              <code id="136">Change Dir: /tmp/unittestpp/src/unittest-cpp-1.6.1/CMakeFiles/CMakeTmp</code><br />
						
            
            <a class="navhash" href="#137">#</a>
						
              <code id="137"></code><br />
						
            
            <a class="navhash" href="#138">#</a>
						
              <code id="138">Run Build Command:"/usr/sbin/make" "cmTC_b5064/fast"</code><br />
						
            
            <a class="navhash" href="#139">#</a>
						
              <code id="139">/usr/sbin/make -f CMakeFiles/cmTC_b5064.dir/build.make CMakeFiles/cmTC_b5064.dir/build</code><br />
						
            
            <a class="navhash" href="#140">#</a>
						
              <code id="140">make[1]: Entering directory '/tmp/unittestpp/src/unittest-cpp-1.6.1/CMakeFiles/CMakeTmp'</code><br />
						
            
            <a class="navhash" href="#141">#</a>
						
              <code id="141">Building C object CMakeFiles/cmTC_b5064.dir/CMakeCCompilerABI.c.o</code><br />
						
            
            <a class="navhash" href="#142">#</a>
						
              <code id="142">/sysroot/bin/clang     -o CMakeFiles/cmTC_b5064.dir/CMakeCCompilerABI.c.o   -c /usr/share/cmake-3.5/Modules/CMakeCCompilerABI.c</code><br />
						
            
            <a class="navhash" href="#143">#</a>
						
              <code id="143">Linking C executable cmTC_b5064</code><br />
						
            
            <a class="navhash" href="#144">#</a>
						
              <code id="144">/usr/bin/cmake -E cmake_link_script CMakeFiles/cmTC_b5064.dir/link.txt --verbose=1</code><br />
						
            
            <a class="navhash" href="#145">#</a>
						
              <code id="145">/sysroot/bin/clang      -v CMakeFiles/cmTC_b5064.dir/CMakeCCompilerABI.c.o  -o cmTC_b5064 -rdynamic</code><br />
						
            
            <a class="navhash" href="#146">#</a>
						
              <code id="146">clang version 3.8.1</code><br />
						
            
            <a class="navhash" href="#147">#</a>
						
              <code id="147">Target: x86_64-unknown-linux-gnu</code><br />
						
            
            <a class="navhash" href="#148">#</a>
						
              <code id="148">Thread model: posix</code><br />
						
            
            <a class="navhash" href="#149">#</a>
						
              <code id="149">InstalledDir: /sysroot/bin</code><br />
						
            
            <a class="navhash" href="#150">#</a>
						
              <code id="150">"/sysroot/bin/ld" --sysroot=/sysroot -export-dynamic --eh-frame-hdr -m elf_x86_64 -dynamic-linker /lib64/ld-linux-x86-64.so.2 -o cmTC_b5064 /sysroot/bin/../lib/crt1.o /sysroot/bin/../lib/crti.o /sysroot/bin/../lib/clang/3.8.1/crtbegin.o -L/sysroot/bin/../lib -L/sysroot/lib CMakeFiles/cmTC_b5064.dir/CMakeCCompilerABI.c.o /sysroot/bin/../lib/clang/3.8.1/lib/linux/libclang_rt.builtins-x86_64.a -lc /sysroot/bin/../lib/clang/3.8.1/lib/linux/libclang_rt.builtins-x86_64.a /sysroot/bin/../lib/clang/3.8.1/crtend.o /sysroot/bin/../lib/crtn.o</code><br />
						
            
            <a class="navhash" href="#151">#</a>
						
              <code id="151">make[1]: Leaving directory '/tmp/unittestpp/src/unittest-cpp-1.6.1/CMakeFiles/CMakeTmp'</code><br />
						
            
            <a class="navhash" href="#152">#</a>
						
              <code id="152"></code><br />
						
            
            <a class="navhash" href="#153">#</a>
						
              <code id="153"></code><br />
						
            
            <a class="navhash" href="#154">#</a>
						
              <code id="154">Parsed C implicit link information from above output:</code><br />
						
            
            <a class="navhash" href="#155">#</a>
						
              <code id="155">link line regex: [^( *|.*[/\])(ld|([^/\]+-)?ld|collect2)[^/\]*( |$)]</code><br />
						
            
            <a class="navhash" href="#156">#</a>
						
              <code id="156">ignore line: [Change Dir: /tmp/unittestpp/src/unittest-cpp-1.6.1/CMakeFiles/CMakeTmp]</code><br />
						
            
            <a class="navhash" href="#157">#</a>
						
              <code id="157">ignore line: []</code><br />
						
            
            <a class="navhash" href="#158">#</a>
						
              <code id="158">ignore line: [Run Build Command:"/usr/sbin/make" "cmTC_b5064/fast"]</code><br />
						
            
            <a class="navhash" href="#159">#</a>
						
              <code id="159">ignore line: [/usr/sbin/make -f CMakeFiles/cmTC_b5064.dir/build.make CMakeFiles/cmTC_b5064.dir/build]</code><br />
						
            
            <a class="navhash" href="#160">#</a>
						
              <code id="160">ignore line: [make[1]: Entering directory '/tmp/unittestpp/src/unittest-cpp-1.6.1/CMakeFiles/CMakeTmp']</code><br />
						
            
            <a class="navhash" href="#161">#</a>
						
              <code id="161">ignore line: [Building C object CMakeFiles/cmTC_b5064.dir/CMakeCCompilerABI.c.o]</code><br />
						
            
            <a class="navhash" href="#162">#</a>
						
              <code id="162">ignore line: [/sysroot/bin/clang     -o CMakeFiles/cmTC_b5064.dir/CMakeCCompilerABI.c.o   -c /usr/share/cmake-3.5/Modules/CMakeCCompilerABI.c]</code><br />
						
            
            <a class="navhash" href="#163">#</a>
						
              <code id="163">ignore line: [Linking C executable cmTC_b5064]</code><br />
						
            
            <a class="navhash" href="#164">#</a>
						
              <code id="164">ignore line: [/usr/bin/cmake -E cmake_link_script CMakeFiles/cmTC_b5064.dir/link.txt --verbose=1]</code><br />
						
            
            <a class="navhash" href="#165">#</a>
						
              <code id="165">ignore line: [/sysroot/bin/clang      -v CMakeFiles/cmTC_b5064.dir/CMakeCCompilerABI.c.o  -o cmTC_b5064 -rdynamic  ]</code><br />
						
            
            <a class="navhash" href="#166">#</a>
						
              <code id="166">ignore line: [clang version 3.8.1 ]</code><br />
						
            
            <a class="navhash" href="#167">#</a>
						
              <code id="167">ignore line: [Target: x86_64-unknown-linux-gnu]</code><br />
						
            
            <a class="navhash" href="#168">#</a>
						
              <code id="168">ignore line: [Thread model: posix]</code><br />
						
            
            <a class="navhash" href="#169">#</a>
						
              <code id="169">ignore line: [InstalledDir: /sysroot/bin]</code><br />
						
            
            <a class="navhash" href="#170">#</a>
						
              <code id="170">link line: [ "/sysroot/bin/ld" --sysroot=/sysroot -export-dynamic --eh-frame-hdr -m elf_x86_64 -dynamic-linker /lib64/ld-linux-x86-64.so.2 -o cmTC_b5064 /sysroot/bin/../lib/crt1.o /sysroot/bin/../lib/crti.o /sysroot/bin/../lib/clang/3.8.1/crtbegin.o -L/sysroot/bin/../lib -L/sysroot/lib CMakeFiles/cmTC_b5064.dir/CMakeCCompilerABI.c.o /sysroot/bin/../lib/clang/3.8.1/lib/linux/libclang_rt.builtins-x86_64.a -lc /sysroot/bin/../lib/clang/3.8.1/lib/linux/libclang_rt.builtins-x86_64.a /sysroot/bin/../lib/clang/3.8.1/crtend.o /sysroot/bin/../lib/crtn.o]</code><br />
						
            
            <a class="navhash" href="#171">#</a>
						
              <code id="171">arg [/sysroot/bin/ld] ==> ignore</code><br />
						
            
            <a class="navhash" href="#172">#</a>
						
              <code id="172">arg [--sysroot=/sysroot] ==> ignore</code><br />
						
            
            <a class="navhash" href="#173">#</a>
						
              <code id="173">arg [-export-dynamic] ==> ignore</code><br />
						
            
            <a class="navhash" href="#174">#</a>
						
              <code id="174">arg [--eh-frame-hdr] ==> ignore</code><br />
						
            
            <a class="navhash" href="#175">#</a>
						
              <code id="175">arg [-m] ==> ignore</code><br />
						
            
            <a class="navhash" href="#176">#</a>
						
              <code id="176">arg [elf_x86_64] ==> ignore</code><br />
						
            
            <a class="navhash" href="#177">#</a>
						
              <code id="177">arg [-dynamic-linker] ==> ignore</code><br />
						
            
            <a class="navhash" href="#178">#</a>
						
              <code id="178">arg [/lib64/ld-linux-x86-64.so.2] ==> ignore</code><br />
						
            
            <a class="navhash" href="#179">#</a>
						
              <code id="179">arg [-o] ==> ignore</code><br />
						
            
            <a class="navhash" href="#180">#</a>
						
              <code id="180">arg [cmTC_b5064] ==> ignore</code><br />
						
            
            <a class="navhash" href="#181">#</a>
						
              <code id="181">arg [/sysroot/bin/../lib/crt1.o] ==> ignore</code><br />
						
            
            <a class="navhash" href="#182">#</a>
						
              <code id="182">arg [/sysroot/bin/../lib/crti.o] ==> ignore</code><br />
						
            
            <a class="navhash" href="#183">#</a>
						
              <code id="183">arg [/sysroot/bin/../lib/clang/3.8.1/crtbegin.o] ==> ignore</code><br />
						
            
            <a class="navhash" href="#184">#</a>
						
              <code id="184">arg [-L/sysroot/bin/../lib] ==> dir [/sysroot/bin/../lib]</code><br />
						
            
            <a class="navhash" href="#185">#</a>
						
              <code id="185">arg [-L/sysroot/lib] ==> dir [/sysroot/lib]</code><br />
						
            
            <a class="navhash" href="#186">#</a>
						
              <code id="186">arg [CMakeFiles/cmTC_b5064.dir/CMakeCCompilerABI.c.o] ==> ignore</code><br />
						
            
            <a class="navhash" href="#187">#</a>
						
              <code id="187">arg [/sysroot/bin/../lib/clang/3.8.1/lib/linux/libclang_rt.builtins-x86_64.a] ==> lib [/sysroot/bin/../lib/clang/3.8.1/lib/linux/libclang_rt.builtins-x86_64.a]</code><br />
						
            
            <a class="navhash" href="#188">#</a>
						
              <code id="188">arg [-lc] ==> lib [c]</code><br />
						
            
            <a class="navhash" href="#189">#</a>
						
              <code id="189">arg [/sysroot/bin/../lib/clang/3.8.1/lib/linux/libclang_rt.builtins-x86_64.a] ==> lib [/sysroot/bin/../lib/clang/3.8.1/lib/linux/libclang_rt.builtins-x86_64.a]</code><br />
						
            
            <a class="navhash" href="#190">#</a>
						
              <code id="190">arg [/sysroot/bin/../lib/clang/3.8.1/crtend.o] ==> ignore</code><br />
						
            
            <a class="navhash" href="#191">#</a>
						
              <code id="191">arg [/sysroot/bin/../lib/crtn.o] ==> ignore</code><br />
						
            
            <a class="navhash" href="#192">#</a>
						
              <code id="192">collapse lib [/sysroot/bin/../lib/clang/3.8.1/lib/linux/libclang_rt.builtins-x86_64.a] ==> [/sysroot/lib/clang/3.8.1/lib/linux/libclang_rt.builtins-x86_64.a]</code><br />
						
            
            <a class="navhash" href="#193">#</a>
						
              <code id="193">collapse lib [/sysroot/bin/../lib/clang/3.8.1/lib/linux/libclang_rt.builtins-x86_64.a] ==> [/sysroot/lib/clang/3.8.1/lib/linux/libclang_rt.builtins-x86_64.a]</code><br />
						
            
            <a class="navhash" href="#194">#</a>
						
              <code id="194">collapse library dir [/sysroot/bin/../lib] ==> [/sysroot/lib]</code><br />
						
            
            <a class="navhash" href="#195">#</a>
						
              <code id="195">collapse library dir [/sysroot/lib] ==> [/sysroot/lib]</code><br />
						
            
            <a class="navhash" href="#196">#</a>
						
              <code id="196">implicit libs: [/sysroot/lib/clang/3.8.1/lib/linux/libclang_rt.builtins-x86_64.a;c;/sysroot/lib/clang/3.8.1/lib/linux/libclang_rt.builtins-x86_64.a]</code><br />
						
            
            <a class="navhash" href="#197">#</a>
						
              <code id="197">implicit dirs: [/sysroot/lib]</code><br />
						
            
            <a class="navhash" href="#198">#</a>
						
              <code id="198">implicit fwks: []</code><br />
						
            
            <a class="navhash" href="#199">#</a>
						
              <code id="199"></code><br />
						
            
            <a class="navhash" href="#200">#</a>
						
              <code id="200"></code><br />
						
            
            <a class="navhash" href="#201">#</a>
						
              <code id="201"></code><br />
						
            
            <a class="navhash" href="#202">#</a>
						
              <code id="202"></code><br />
						
            
            <a class="navhash" href="#203">#</a>
						
              <code id="203">Detecting C [-std=c11] compiler features compiled with the following output:</code><br />
						
            
            <a class="navhash" href="#204">#</a>
						
              <code id="204">Change Dir: /tmp/unittestpp/src/unittest-cpp-1.6.1/CMakeFiles/CMakeTmp</code><br />
						
            
            <a class="navhash" href="#205">#</a>
						
              <code id="205"></code><br />
						
            
            <a class="navhash" href="#206">#</a>
						
              <code id="206">Run Build Command:"/usr/sbin/make" "cmTC_39e00/fast"</code><br />
						
            
            <a class="navhash" href="#207">#</a>
						
              <code id="207">/usr/sbin/make -f CMakeFiles/cmTC_39e00.dir/build.make CMakeFiles/cmTC_39e00.dir/build</code><br />
						
            
            <a class="navhash" href="#208">#</a>
						
              <code id="208">make[1]: Entering directory '/tmp/unittestpp/src/unittest-cpp-1.6.1/CMakeFiles/CMakeTmp'</code><br />
						
            
            <a class="navhash" href="#209">#</a>
						
              <code id="209">Building C object CMakeFiles/cmTC_39e00.dir/feature_tests.c.o</code><br />
						
            
            <a class="navhash" href="#210">#</a>
						
              <code id="210">/sysroot/bin/clang    -std=c11 -o CMakeFiles/cmTC_39e00.dir/feature_tests.c.o   -c /tmp/unittestpp/src/unittest-cpp-1.6.1/CMakeFiles/feature_tests.c</code><br />
						
            
            <a class="navhash" href="#211">#</a>
						
              <code id="211">Linking C executable cmTC_39e00</code><br />
						
            
            <a class="navhash" href="#212">#</a>
						
              <code id="212">/usr/bin/cmake -E cmake_link_script CMakeFiles/cmTC_39e00.dir/link.txt --verbose=1</code><br />
						
            
            <a class="navhash" href="#213">#</a>
						
              <code id="213">/sysroot/bin/clang       CMakeFiles/cmTC_39e00.dir/feature_tests.c.o  -o cmTC_39e00 -rdynamic</code><br />
						
            
            <a class="navhash" href="#214">#</a>
						
              <code id="214">make[1]: Leaving directory '/tmp/unittestpp/src/unittest-cpp-1.6.1/CMakeFiles/CMakeTmp'</code><br />
						
            
            <a class="navhash" href="#215">#</a>
						
              <code id="215"></code><br />
						
            
            <a class="navhash" href="#216">#</a>
						
              <code id="216"></code><br />
						
            
            <a class="navhash" href="#217">#</a>
						
              <code id="217">Feature record: C_FEATURE:1c_function_prototypes</code><br />
						
            
            <a class="navhash" href="#218">#</a>
						
              <code id="218">Feature record: C_FEATURE:1c_restrict</code><br />
						
            
            <a class="navhash" href="#219">#</a>
						
              <code id="219">Feature record: C_FEATURE:1c_static_assert</code><br />
						
            
            <a class="navhash" href="#220">#</a>
						
              <code id="220">Feature record: C_FEATURE:1c_variadic_macros</code><br />
						
            
            <a class="navhash" href="#221">#</a>
						
              <code id="221"></code><br />
						
            
            <a class="navhash" href="#222">#</a>
						
              <code id="222"></code><br />
						
            
            <a class="navhash" href="#223">#</a>
						
              <code id="223">Detecting C [-std=c99] compiler features compiled with the following output:</code><br />
						
            
            <a class="navhash" href="#224">#</a>
						
              <code id="224">Change Dir: /tmp/unittestpp/src/unittest-cpp-1.6.1/CMakeFiles/CMakeTmp</code><br />
						
            
            <a class="navhash" href="#225">#</a>
						
              <code id="225"></code><br />
						
            
            <a class="navhash" href="#226">#</a>
						
              <code id="226">Run Build Command:"/usr/sbin/make" "cmTC_833a1/fast"</code><br />
						
            
            <a class="navhash" href="#227">#</a>
						
              <code id="227">/usr/sbin/make -f CMakeFiles/cmTC_833a1.dir/build.make CMakeFiles/cmTC_833a1.dir/build</code><br />
						
            
            <a class="navhash" href="#228">#</a>
						
              <code id="228">make[1]: Entering directory '/tmp/unittestpp/src/unittest-cpp-1.6.1/CMakeFiles/CMakeTmp'</code><br />
						
            
            <a class="navhash" href="#229">#</a>
						
              <code id="229">Building C object CMakeFiles/cmTC_833a1.dir/feature_tests.c.o</code><br />
						
            
            <a class="navhash" href="#230">#</a>
						
              <code id="230">/sysroot/bin/clang    -std=c99 -o CMakeFiles/cmTC_833a1.dir/feature_tests.c.o   -c /tmp/unittestpp/src/unittest-cpp-1.6.1/CMakeFiles/feature_tests.c</code><br />
						
            
            <a class="navhash" href="#231">#</a>
						
              <code id="231">Linking C executable cmTC_833a1</code><br />
						
            
            <a class="navhash" href="#232">#</a>
						
              <code id="232">/usr/bin/cmake -E cmake_link_script CMakeFiles/cmTC_833a1.dir/link.txt --verbose=1</code><br />
						
            
            <a class="navhash" href="#233">#</a>
						
              <code id="233">/sysroot/bin/clang       CMakeFiles/cmTC_833a1.dir/feature_tests.c.o  -o cmTC_833a1 -rdynamic</code><br />
						
            
            <a class="navhash" href="#234">#</a>
						
              <code id="234">make[1]: Leaving directory '/tmp/unittestpp/src/unittest-cpp-1.6.1/CMakeFiles/CMakeTmp'</code><br />
						
            
            <a class="navhash" href="#235">#</a>
						
              <code id="235"></code><br />
						
            
            <a class="navhash" href="#236">#</a>
						
              <code id="236"></code><br />
						
            
            <a class="navhash" href="#237">#</a>
						
              <code id="237">Feature record: C_FEATURE:1c_function_prototypes</code><br />
						
            
            <a class="navhash" href="#238">#</a>
						
              <code id="238">Feature record: C_FEATURE:1c_restrict</code><br />
						
            
            <a class="navhash" href="#239">#</a>
						
              <code id="239">Feature record: C_FEATURE:0c_static_assert</code><br />
						
            
            <a class="navhash" href="#240">#</a>
						
              <code id="240">Feature record: C_FEATURE:1c_variadic_macros</code><br />
						
            
            <a class="navhash" href="#241">#</a>
						
              <code id="241"></code><br />
						
            
            <a class="navhash" href="#242">#</a>
						
              <code id="242"></code><br />
						
            
            <a class="navhash" href="#243">#</a>
						
              <code id="243">Detecting C [-std=c90] compiler features compiled with the following output:</code><br />
						
            
            <a class="navhash" href="#244">#</a>
						
              <code id="244">Change Dir: /tmp/unittestpp/src/unittest-cpp-1.6.1/CMakeFiles/CMakeTmp</code><br />
						
            
            <a class="navhash" href="#245">#</a>
						
              <code id="245"></code><br />
						
            
            <a class="navhash" href="#246">#</a>
						
              <code id="246">Run Build Command:"/usr/sbin/make" "cmTC_188b7/fast"</code><br />
						
            
            <a class="navhash" href="#247">#</a>
						
              <code id="247">/usr/sbin/make -f CMakeFiles/cmTC_188b7.dir/build.make CMakeFiles/cmTC_188b7.dir/build</code><br />
						
            
            <a class="navhash" href="#248">#</a>
						
              <code id="248">make[1]: Entering directory '/tmp/unittestpp/src/unittest-cpp-1.6.1/CMakeFiles/CMakeTmp'</code><br />
						
            
            <a class="navhash" href="#249">#</a>
						
              <code id="249">Building C object CMakeFiles/cmTC_188b7.dir/feature_tests.c.o</code><br />
						
            
            <a class="navhash" href="#250">#</a>
						
              <code id="250">/sysroot/bin/clang    -std=c90 -o CMakeFiles/cmTC_188b7.dir/feature_tests.c.o   -c /tmp/unittestpp/src/unittest-cpp-1.6.1/CMakeFiles/feature_tests.c</code><br />
						
            
            <a class="navhash" href="#251">#</a>
						
              <code id="251">Linking C executable cmTC_188b7</code><br />
						
            
            <a class="navhash" href="#252">#</a>
						
              <code id="252">/usr/bin/cmake -E cmake_link_script CMakeFiles/cmTC_188b7.dir/link.txt --verbose=1</code><br />
						
            
            <a class="navhash" href="#253">#</a>
						
              <code id="253">/sysroot/bin/clang       CMakeFiles/cmTC_188b7.dir/feature_tests.c.o  -o cmTC_188b7 -rdynamic</code><br />
						
            
            <a class="navhash" href="#254">#</a>
						
              <code id="254">make[1]: Leaving directory '/tmp/unittestpp/src/unittest-cpp-1.6.1/CMakeFiles/CMakeTmp'</code><br />
						
            
            <a class="navhash" href="#255">#</a>
						
              <code id="255"></code><br />
						
            
            <a class="navhash" href="#256">#</a>
						
              <code id="256"></code><br />
						
            
            <a class="navhash" href="#257">#</a>
						
              <code id="257">Feature record: C_FEATURE:1c_function_prototypes</code><br />
						
            
            <a class="navhash" href="#258">#</a>
						
              <code id="258">Feature record: C_FEATURE:0c_restrict</code><br />
						
            
            <a class="navhash" href="#259">#</a>
						
              <code id="259">Feature record: C_FEATURE:0c_static_assert</code><br />
						
            
            <a class="navhash" href="#260">#</a>
						
              <code id="260">Feature record: C_FEATURE:0c_variadic_macros</code><br />
						
            
            <a class="navhash" href="#261">#</a>
						
              <code id="261">Determining if the CXX compiler works passed with the following output:</code><br />
						
            
            <a class="navhash" href="#262">#</a>
						
              <code id="262">Change Dir: /tmp/unittestpp/src/unittest-cpp-1.6.1/CMakeFiles/CMakeTmp</code><br />
						
            
            <a class="navhash" href="#263">#</a>
						
              <code id="263"></code><br />
						
            
            <a class="navhash" href="#264">#</a>
						
              <code id="264">Run Build Command:"/usr/sbin/make" "cmTC_d9ce6/fast"</code><br />
						
            
            <a class="navhash" href="#265">#</a>
						
              <code id="265">/usr/sbin/make -f CMakeFiles/cmTC_d9ce6.dir/build.make CMakeFiles/cmTC_d9ce6.dir/build</code><br />
						
            
            <a class="navhash" href="#266">#</a>
						
              <code id="266">make[1]: Entering directory '/tmp/unittestpp/src/unittest-cpp-1.6.1/CMakeFiles/CMakeTmp'</code><br />
						
            
            <a class="navhash" href="#267">#</a>
						
              <code id="267">Building CXX object CMakeFiles/cmTC_d9ce6.dir/testCXXCompiler.cxx.o</code><br />
						
            
            <a class="navhash" href="#268">#</a>
						
              <code id="268">/sysroot/bin/clang++      -o CMakeFiles/cmTC_d9ce6.dir/testCXXCompiler.cxx.o -c /tmp/unittestpp/src/unittest-cpp-1.6.1/CMakeFiles/CMakeTmp/testCXXCompiler.cxx</code><br />
						
            
            <a class="navhash" href="#269">#</a>
						
              <code id="269">Linking CXX executable cmTC_d9ce6</code><br />
						
            
            <a class="navhash" href="#270">#</a>
						
              <code id="270">/usr/bin/cmake -E cmake_link_script CMakeFiles/cmTC_d9ce6.dir/link.txt --verbose=1</code><br />
						
            
            <a class="navhash" href="#271">#</a>
						
              <code id="271">/sysroot/bin/clang++        CMakeFiles/cmTC_d9ce6.dir/testCXXCompiler.cxx.o  -o cmTC_d9ce6 -rdynamic</code><br />
						
            
            <a class="navhash" href="#272">#</a>
						
              <code id="272">make[1]: Leaving directory '/tmp/unittestpp/src/unittest-cpp-1.6.1/CMakeFiles/CMakeTmp'</code><br />
						
            
            <a class="navhash" href="#273">#</a>
						
              <code id="273"></code><br />
						
            
            <a class="navhash" href="#274">#</a>
						
              <code id="274"></code><br />
						
            
            <a class="navhash" href="#275">#</a>
						
              <code id="275">Detecting CXX compiler ABI info compiled with the following output:</code><br />
						
            
            <a class="navhash" href="#276">#</a>
						
              <code id="276">Change Dir: /tmp/unittestpp/src/unittest-cpp-1.6.1/CMakeFiles/CMakeTmp</code><br />
						
            
            <a class="navhash" href="#277">#</a>
						
              <code id="277"></code><br />
						
            
            <a class="navhash" href="#278">#</a>
						
              <code id="278">Run Build Command:"/usr/sbin/make" "cmTC_a2b67/fast"</code><br />
						
            
            <a class="navhash" href="#279">#</a>
						
              <code id="279">/usr/sbin/make -f CMakeFiles/cmTC_a2b67.dir/build.make CMakeFiles/cmTC_a2b67.dir/build</code><br />
						
            
            <a class="navhash" href="#280">#</a>
						
              <code id="280">make[1]: Entering directory '/tmp/unittestpp/src/unittest-cpp-1.6.1/CMakeFiles/CMakeTmp'</code><br />
						
            
            <a class="navhash" href="#281">#</a>
						
              <code id="281">Building CXX object CMakeFiles/cmTC_a2b67.dir/CMakeCXXCompilerABI.cpp.o</code><br />
						
            
            <a class="navhash" href="#282">#</a>
						
              <code id="282">/sysroot/bin/clang++      -o CMakeFiles/cmTC_a2b67.dir/CMakeCXXCompilerABI.cpp.o -c /usr/share/cmake-3.5/Modules/CMakeCXXCompilerABI.cpp</code><br />
						
            
            <a class="navhash" href="#283">#</a>
						
              <code id="283">Linking CXX executable cmTC_a2b67</code><br />
						
            
            <a class="navhash" href="#284">#</a>
						
              <code id="284">/usr/bin/cmake -E cmake_link_script CMakeFiles/cmTC_a2b67.dir/link.txt --verbose=1</code><br />
						
            
            <a class="navhash" href="#285">#</a>
						
              <code id="285">/sysroot/bin/clang++       -v CMakeFiles/cmTC_a2b67.dir/CMakeCXXCompilerABI.cpp.o  -o cmTC_a2b67 -rdynamic</code><br />
						
            
            <a class="navhash" href="#286">#</a>
						
              <code id="286">clang version 3.8.1</code><br />
						
            
            <a class="navhash" href="#287">#</a>
						
              <code id="287">Target: x86_64-unknown-linux-gnu</code><br />
						
            
            <a class="navhash" href="#288">#</a>
						
              <code id="288">Thread model: posix</code><br />
						
            
            <a class="navhash" href="#289">#</a>
						
              <code id="289">InstalledDir: /sysroot/bin</code><br />
						
            
            <a class="navhash" href="#290">#</a>
						
              <code id="290">"/sysroot/bin/ld" --sysroot=/sysroot -export-dynamic --eh-frame-hdr -m elf_x86_64 -dynamic-linker /lib64/ld-linux-x86-64.so.2 -o cmTC_a2b67 /sysroot/bin/../lib/crt1.o /sysroot/bin/../lib/crti.o /sysroot/bin/../lib/clang/3.8.1/crtbegin.o -L/sysroot/bin/../lib -L/sysroot/lib CMakeFiles/cmTC_a2b67.dir/CMakeCXXCompilerABI.cpp.o -lc++ -lc++abi -lunwind -lm /sysroot/bin/../lib/clang/3.8.1/lib/linux/libclang_rt.builtins-x86_64.a -lc /sysroot/bin/../lib/clang/3.8.1/lib/linux/libclang_rt.builtins-x86_64.a /sysroot/bin/../lib/clang/3.8.1/crtend.o /sysroot/bin/../lib/crtn.o</code><br />
						
            
            <a class="navhash" href="#291">#</a>
						
              <code id="291">make[1]: Leaving directory '/tmp/unittestpp/src/unittest-cpp-1.6.1/CMakeFiles/CMakeTmp'</code><br />
						
            
            <a class="navhash" href="#292">#</a>
						
              <code id="292"></code><br />
						
            
            <a class="navhash" href="#293">#</a>
						
              <code id="293"></code><br />
						
            
            <a class="navhash" href="#294">#</a>
						
              <code id="294">Parsed CXX implicit link information from above output:</code><br />
						
            
            <a class="navhash" href="#295">#</a>
						
              <code id="295">link line regex: [^( *|.*[/\])(ld|([^/\]+-)?ld|collect2)[^/\]*( |$)]</code><br />
						
            
            <a class="navhash" href="#296">#</a>
						
              <code id="296">ignore line: [Change Dir: /tmp/unittestpp/src/unittest-cpp-1.6.1/CMakeFiles/CMakeTmp]</code><br />
						
            
            <a class="navhash" href="#297">#</a>
						
              <code id="297">ignore line: []</code><br />
						
            
            <a class="navhash" href="#298">#</a>
						
              <code id="298">ignore line: [Run Build Command:"/usr/sbin/make" "cmTC_a2b67/fast"]</code><br />
						
            
            <a class="navhash" href="#299">#</a>
						
              <code id="299">ignore line: [/usr/sbin/make -f CMakeFiles/cmTC_a2b67.dir/build.make CMakeFiles/cmTC_a2b67.dir/build]</code><br />
						
            
            <a class="navhash" href="#300">#</a>
						
              <code id="300">ignore line: [make[1]: Entering directory '/tmp/unittestpp/src/unittest-cpp-1.6.1/CMakeFiles/CMakeTmp']</code><br />
						
            
            <a class="navhash" href="#301">#</a>
						
              <code id="301">ignore line: [Building CXX object CMakeFiles/cmTC_a2b67.dir/CMakeCXXCompilerABI.cpp.o]</code><br />
						
            
            <a class="navhash" href="#302">#</a>
						
              <code id="302">ignore line: [/sysroot/bin/clang++      -o CMakeFiles/cmTC_a2b67.dir/CMakeCXXCompilerABI.cpp.o -c /usr/share/cmake-3.5/Modules/CMakeCXXCompilerABI.cpp]</code><br />
						
            
            <a class="navhash" href="#303">#</a>
						
              <code id="303">ignore line: [Linking CXX executable cmTC_a2b67]</code><br />
						
            
            <a class="navhash" href="#304">#</a>
						
              <code id="304">ignore line: [/usr/bin/cmake -E cmake_link_script CMakeFiles/cmTC_a2b67.dir/link.txt --verbose=1]</code><br />
						
            
            <a class="navhash" href="#305">#</a>
						
              <code id="305">ignore line: [/sysroot/bin/clang++       -v CMakeFiles/cmTC_a2b67.dir/CMakeCXXCompilerABI.cpp.o  -o cmTC_a2b67 -rdynamic  ]</code><br />
						
            
            <a class="navhash" href="#306">#</a>
						
              <code id="306">ignore line: [clang version 3.8.1 ]</code><br />
						
            
            <a class="navhash" href="#307">#</a>
						
              <code id="307">ignore line: [Target: x86_64-unknown-linux-gnu]</code><br />
						
            
            <a class="navhash" href="#308">#</a>
						
              <code id="308">ignore line: [Thread model: posix]</code><br />
						
            
            <a class="navhash" href="#309">#</a>
						
              <code id="309">ignore line: [InstalledDir: /sysroot/bin]</code><br />
						
            
            <a class="navhash" href="#310">#</a>
						
              <code id="310">link line: [ "/sysroot/bin/ld" --sysroot=/sysroot -export-dynamic --eh-frame-hdr -m elf_x86_64 -dynamic-linker /lib64/ld-linux-x86-64.so.2 -o cmTC_a2b67 /sysroot/bin/../lib/crt1.o /sysroot/bin/../lib/crti.o /sysroot/bin/../lib/clang/3.8.1/crtbegin.o -L/sysroot/bin/../lib -L/sysroot/lib CMakeFiles/cmTC_a2b67.dir/CMakeCXXCompilerABI.cpp.o -lc++ -lc++abi -lunwind -lm /sysroot/bin/../lib/clang/3.8.1/lib/linux/libclang_rt.builtins-x86_64.a -lc /sysroot/bin/../lib/clang/3.8.1/lib/linux/libclang_rt.builtins-x86_64.a /sysroot/bin/../lib/clang/3.8.1/crtend.o /sysroot/bin/../lib/crtn.o]</code><br />
						
            
            <a class="navhash" href="#311">#</a>
						
              <code id="311">arg [/sysroot/bin/ld] ==> ignore</code><br />
						
            
            <a class="navhash" href="#312">#</a>
						
              <code id="312">arg [--sysroot=/sysroot] ==> ignore</code><br />
						
            
            <a class="navhash" href="#313">#</a>
						
              <code id="313">arg [-export-dynamic] ==> ignore</code><br />
						
            
            <a class="navhash" href="#314">#</a>
						
              <code id="314">arg [--eh-frame-hdr] ==> ignore</code><br />
						
            
            <a class="navhash" href="#315">#</a>
						
              <code id="315">arg [-m] ==> ignore</code><br />
						
            
            <a class="navhash" href="#316">#</a>
						
              <code id="316">arg [elf_x86_64] ==> ignore</code><br />
						
            
            <a class="navhash" href="#317">#</a>
						
              <code id="317">arg [-dynamic-linker] ==> ignore</code><br />
						
            
            <a class="navhash" href="#318">#</a>
						
              <code id="318">arg [/lib64/ld-linux-x86-64.so.2] ==> ignore</code><br />
						
            
            <a class="navhash" href="#319">#</a>
						
              <code id="319">arg [-o] ==> ignore</code><br />
						
            
            <a class="navhash" href="#320">#</a>
						
              <code id="320">arg [cmTC_a2b67] ==> ignore</code><br />
						
            
            <a class="navhash" href="#321">#</a>
						
              <code id="321">arg [/sysroot/bin/../lib/crt1.o] ==> ignore</code><br />
						
            
            <a class="navhash" href="#322">#</a>
						
              <code id="322">arg [/sysroot/bin/../lib/crti.o] ==> ignore</code><br />
						
            
            <a class="navhash" href="#323">#</a>
						
              <code id="323">arg [/sysroot/bin/../lib/clang/3.8.1/crtbegin.o] ==> ignore</code><br />
						
            
            <a class="navhash" href="#324">#</a>
						
              <code id="324">arg [-L/sysroot/bin/../lib] ==> dir [/sysroot/bin/../lib]</code><br />
						
            
            <a class="navhash" href="#325">#</a>
						
              <code id="325">arg [-L/sysroot/lib] ==> dir [/sysroot/lib]</code><br />
						
            
            <a class="navhash" href="#326">#</a>
						
              <code id="326">arg [CMakeFiles/cmTC_a2b67.dir/CMakeCXXCompilerABI.cpp.o] ==> ignore</code><br />
						
            
            <a class="navhash" href="#327">#</a>
						
              <code id="327">arg [-lc++] ==> lib [c++]</code><br />
						
            
            <a class="navhash" href="#328">#</a>
						
              <code id="328">arg [-lc++abi] ==> lib [c++abi]</code><br />
						
            
            <a class="navhash" href="#329">#</a>
						
              <code id="329">arg [-lunwind] ==> lib [unwind]</code><br />
						
            
            <a class="navhash" href="#330">#</a>
						
              <code id="330">arg [-lm] ==> lib [m]</code><br />
						
            
            <a class="navhash" href="#331">#</a>
						
              <code id="331">arg [/sysroot/bin/../lib/clang/3.8.1/lib/linux/libclang_rt.builtins-x86_64.a] ==> lib [/sysroot/bin/../lib/clang/3.8.1/lib/linux/libclang_rt.builtins-x86_64.a]</code><br />
						
            
            <a class="navhash" href="#332">#</a>
						
              <code id="332">arg [-lc] ==> lib [c]</code><br />
						
            
            <a class="navhash" href="#333">#</a>
						
              <code id="333">arg [/sysroot/bin/../lib/clang/3.8.1/lib/linux/libclang_rt.builtins-x86_64.a] ==> lib [/sysroot/bin/../lib/clang/3.8.1/lib/linux/libclang_rt.builtins-x86_64.a]</code><br />
						
            
            <a class="navhash" href="#334">#</a>
						
              <code id="334">arg [/sysroot/bin/../lib/clang/3.8.1/crtend.o] ==> ignore</code><br />
						
            
            <a class="navhash" href="#335">#</a>
						
              <code id="335">arg [/sysroot/bin/../lib/crtn.o] ==> ignore</code><br />
						
            
            <a class="navhash" href="#336">#</a>
						
              <code id="336">collapse lib [/sysroot/bin/../lib/clang/3.8.1/lib/linux/libclang_rt.builtins-x86_64.a] ==> [/sysroot/lib/clang/3.8.1/lib/linux/libclang_rt.builtins-x86_64.a]</code><br />
						
            
            <a class="navhash" href="#337">#</a>
						
              <code id="337">collapse lib [/sysroot/bin/../lib/clang/3.8.1/lib/linux/libclang_rt.builtins-x86_64.a] ==> [/sysroot/lib/clang/3.8.1/lib/linux/libclang_rt.builtins-x86_64.a]</code><br />
						
            
            <a class="navhash" href="#338">#</a>
						
              <code id="338">collapse library dir [/sysroot/bin/../lib] ==> [/sysroot/lib]</code><br />
						
            
            <a class="navhash" href="#339">#</a>
						
              <code id="339">collapse library dir [/sysroot/lib] ==> [/sysroot/lib]</code><br />
						
            
            <a class="navhash" href="#340">#</a>
						
              <code id="340">implicit libs: [c++;c++abi;unwind;m;/sysroot/lib/clang/3.8.1/lib/linux/libclang_rt.builtins-x86_64.a;c;/sysroot/lib/clang/3.8.1/lib/linux/libclang_rt.builtins-x86_64.a]</code><br />
						
            
            <a class="navhash" href="#341">#</a>
						
              <code id="341">implicit dirs: [/sysroot/lib]</code><br />
						
            
            <a class="navhash" href="#342">#</a>
						
              <code id="342">implicit fwks: []</code><br />
						
            
            <a class="navhash" href="#343">#</a>
						
              <code id="343"></code><br />
						
            
            <a class="navhash" href="#344">#</a>
						
              <code id="344"></code><br />
						
            
            <a class="navhash" href="#345">#</a>
						
              <code id="345"></code><br />
						
            
            <a class="navhash" href="#346">#</a>
						
              <code id="346"></code><br />
						
            
            <a class="navhash" href="#347">#</a>
						
              <code id="347">Detecting CXX [-std=c++14] compiler features compiled with the following output:</code><br />
						
            
            <a class="navhash" href="#348">#</a>
						
              <code id="348">Change Dir: /tmp/unittestpp/src/unittest-cpp-1.6.1/CMakeFiles/CMakeTmp</code><br />
						
            
            <a class="navhash" href="#349">#</a>
						
              <code id="349"></code><br />
						
            
            <a class="navhash" href="#350">#</a>
						
              <code id="350">Run Build Command:"/usr/sbin/make" "cmTC_8d6c5/fast"</code><br />
						
            
            <a class="navhash" href="#351">#</a>
						
              <code id="351">/usr/sbin/make -f CMakeFiles/cmTC_8d6c5.dir/build.make CMakeFiles/cmTC_8d6c5.dir/build</code><br />
						
            
            <a class="navhash" href="#352">#</a>
						
              <code id="352">make[1]: Entering directory '/tmp/unittestpp/src/unittest-cpp-1.6.1/CMakeFiles/CMakeTmp'</code><br />
						
            
            <a class="navhash" href="#353">#</a>
						
              <code id="353">Building CXX object CMakeFiles/cmTC_8d6c5.dir/feature_tests.cxx.o</code><br />
						
            
            <a class="navhash" href="#354">#</a>
						
              <code id="354">/sysroot/bin/clang++     -std=c++14 -o CMakeFiles/cmTC_8d6c5.dir/feature_tests.cxx.o -c /tmp/unittestpp/src/unittest-cpp-1.6.1/CMakeFiles/feature_tests.cxx</code><br />
						
            
            <a class="navhash" href="#355">#</a>
						
              <code id="355">Linking CXX executable cmTC_8d6c5</code><br />
						
            
            <a class="navhash" href="#356">#</a>
						
              <code id="356">/usr/bin/cmake -E cmake_link_script CMakeFiles/cmTC_8d6c5.dir/link.txt --verbose=1</code><br />
						
            
            <a class="navhash" href="#357">#</a>
						
              <code id="357">/sysroot/bin/clang++        CMakeFiles/cmTC_8d6c5.dir/feature_tests.cxx.o  -o cmTC_8d6c5 -rdynamic</code><br />
						
            
            <a class="navhash" href="#358">#</a>
						
              <code id="358">make[1]: Leaving directory '/tmp/unittestpp/src/unittest-cpp-1.6.1/CMakeFiles/CMakeTmp'</code><br />
						
            
            <a class="navhash" href="#359">#</a>
						
              <code id="359"></code><br />
						
            
            <a class="navhash" href="#360">#</a>
						
              <code id="360"></code><br />
						
            
            <a class="navhash" href="#361">#</a>
						
              <code id="361">Feature record: CXX_FEATURE:1cxx_aggregate_default_initializers</code><br />
						
            
            <a class="navhash" href="#362">#</a>
						
              <code id="362">Feature record: CXX_FEATURE:1cxx_alias_templates</code><br />
						
            
            <a class="navhash" href="#363">#</a>
						
              <code id="363">Feature record: CXX_FEATURE:1cxx_alignas</code><br />
						
            
            <a class="navhash" href="#364">#</a>
						
              <code id="364">Feature record: CXX_FEATURE:1cxx_alignof</code><br />
						
            
            <a class="navhash" href="#365">#</a>
						
              <code id="365">Feature record: CXX_FEATURE:1cxx_attributes</code><br />
						
            
            <a class="navhash" href="#366">#</a>
						
              <code id="366">Feature record: CXX_FEATURE:1cxx_attribute_deprecated</code><br />
						
            
            <a class="navhash" href="#367">#</a>
						
              <code id="367">Feature record: CXX_FEATURE:1cxx_auto_type</code><br />
						
            
            <a class="navhash" href="#368">#</a>
						
              <code id="368">Feature record: CXX_FEATURE:1cxx_binary_literals</code><br />
						
            
            <a class="navhash" href="#369">#</a>
						
              <code id="369">Feature record: CXX_FEATURE:1cxx_constexpr</code><br />
						
            
            <a class="navhash" href="#370">#</a>
						
              <code id="370">Feature record: CXX_FEATURE:1cxx_contextual_conversions</code><br />
						
            
            <a class="navhash" href="#371">#</a>
						
              <code id="371">Feature record: CXX_FEATURE:1cxx_decltype</code><br />
						
            
            <a class="navhash" href="#372">#</a>
						
              <code id="372">Feature record: CXX_FEATURE:1cxx_decltype_auto</code><br />
						
            
            <a class="navhash" href="#373">#</a>
						
              <code id="373">Feature record: CXX_FEATURE:1cxx_decltype_incomplete_return_types</code><br />
						
            
            <a class="navhash" href="#374">#</a>
						
              <code id="374">Feature record: CXX_FEATURE:1cxx_default_function_template_args</code><br />
						
            
            <a class="navhash" href="#375">#</a>
						
              <code id="375">Feature record: CXX_FEATURE:1cxx_defaulted_functions</code><br />
						
            
            <a class="navhash" href="#376">#</a>
						
              <code id="376">Feature record: CXX_FEATURE:1cxx_defaulted_move_initializers</code><br />
						
            
            <a class="navhash" href="#377">#</a>
						
              <code id="377">Feature record: CXX_FEATURE:1cxx_delegating_constructors</code><br />
						
            
            <a class="navhash" href="#378">#</a>
						
              <code id="378">Feature record: CXX_FEATURE:1cxx_deleted_functions</code><br />
						
            
            <a class="navhash" href="#379">#</a>
						
              <code id="379">Feature record: CXX_FEATURE:1cxx_digit_separators</code><br />
						
            
            <a class="navhash" href="#380">#</a>
						
              <code id="380">Feature record: CXX_FEATURE:1cxx_enum_forward_declarations</code><br />
						
            
            <a class="navhash" href="#381">#</a>
						
              <code id="381">Feature record: CXX_FEATURE:1cxx_explicit_conversions</code><br />
						
            
            <a class="navhash" href="#382">#</a>
						
              <code id="382">Feature record: CXX_FEATURE:1cxx_extended_friend_declarations</code><br />
						
            
            <a class="navhash" href="#383">#</a>
						
              <code id="383">Feature record: CXX_FEATURE:1cxx_extern_templates</code><br />
						
            
            <a class="navhash" href="#384">#</a>
						
              <code id="384">Feature record: CXX_FEATURE:1cxx_final</code><br />
						
            
            <a class="navhash" href="#385">#</a>
						
              <code id="385">Feature record: CXX_FEATURE:1cxx_func_identifier</code><br />
						
            
            <a class="navhash" href="#386">#</a>
						
              <code id="386">Feature record: CXX_FEATURE:1cxx_generalized_initializers</code><br />
						
            
            <a class="navhash" href="#387">#</a>
						
              <code id="387">Feature record: CXX_FEATURE:1cxx_generic_lambdas</code><br />
						
            
            <a class="navhash" href="#388">#</a>
						
              <code id="388">Feature record: CXX_FEATURE:1cxx_inheriting_constructors</code><br />
						
            
            <a class="navhash" href="#389">#</a>
						
              <code id="389">Feature record: CXX_FEATURE:1cxx_inline_namespaces</code><br />
						
            
            <a class="navhash" href="#390">#</a>
						
              <code id="390">Feature record: CXX_FEATURE:1cxx_lambdas</code><br />
						
            
            <a class="navhash" href="#391">#</a>
						
              <code id="391">Feature record: CXX_FEATURE:1cxx_lambda_init_captures</code><br />
						
            
            <a class="navhash" href="#392">#</a>
						
              <code id="392">Feature record: CXX_FEATURE:1cxx_local_type_template_args</code><br />
						
            
            <a class="navhash" href="#393">#</a>
						
              <code id="393">Feature record: CXX_FEATURE:1cxx_long_long_type</code><br />
						
            
            <a class="navhash" href="#394">#</a>
						
              <code id="394">Feature record: CXX_FEATURE:1cxx_noexcept</code><br />
						
            
            <a class="navhash" href="#395">#</a>
						
              <code id="395">Feature record: CXX_FEATURE:1cxx_nonstatic_member_init</code><br />
						
            
            <a class="navhash" href="#396">#</a>
						
              <code id="396">Feature record: CXX_FEATURE:1cxx_nullptr</code><br />
						
            
            <a class="navhash" href="#397">#</a>
						
              <code id="397">Feature record: CXX_FEATURE:1cxx_override</code><br />
						
            
            <a class="navhash" href="#398">#</a>
						
              <code id="398">Feature record: CXX_FEATURE:1cxx_range_for</code><br />
						
            
            <a class="navhash" href="#399">#</a>
						
              <code id="399">Feature record: CXX_FEATURE:1cxx_raw_string_literals</code><br />
						
            
            <a class="navhash" href="#400">#</a>
						
              <code id="400">Feature record: CXX_FEATURE:1cxx_reference_qualified_functions</code><br />
						
            
            <a class="navhash" href="#401">#</a>
						
              <code id="401">Feature record: CXX_FEATURE:1cxx_relaxed_constexpr</code><br />
						
            
            <a class="navhash" href="#402">#</a>
						
              <code id="402">Feature record: CXX_FEATURE:1cxx_return_type_deduction</code><br />
						
            
            <a class="navhash" href="#403">#</a>
						
              <code id="403">Feature record: CXX_FEATURE:1cxx_right_angle_brackets</code><br />
						
            
            <a class="navhash" href="#404">#</a>
						
              <code id="404">Feature record: CXX_FEATURE:1cxx_rvalue_references</code><br />
						
            
            <a class="navhash" href="#405">#</a>
						
              <code id="405">Feature record: CXX_FEATURE:1cxx_sizeof_member</code><br />
						
            
            <a class="navhash" href="#406">#</a>
						
              <code id="406">Feature record: CXX_FEATURE:1cxx_static_assert</code><br />
						
            
            <a class="navhash" href="#407">#</a>
						
              <code id="407">Feature record: CXX_FEATURE:1cxx_strong_enums</code><br />
						
            
            <a class="navhash" href="#408">#</a>
						
              <code id="408">Feature record: CXX_FEATURE:1cxx_template_template_parameters</code><br />
						
            
            <a class="navhash" href="#409">#</a>
						
              <code id="409">Feature record: CXX_FEATURE:1cxx_thread_local</code><br />
						
            
            <a class="navhash" href="#410">#</a>
						
              <code id="410">Feature record: CXX_FEATURE:1cxx_trailing_return_types</code><br />
						
            
            <a class="navhash" href="#411">#</a>
						
              <code id="411">Feature record: CXX_FEATURE:1cxx_unicode_literals</code><br />
						
            
            <a class="navhash" href="#412">#</a>
						
              <code id="412">Feature record: CXX_FEATURE:1cxx_uniform_initialization</code><br />
						
            
            <a class="navhash" href="#413">#</a>
						
              <code id="413">Feature record: CXX_FEATURE:1cxx_unrestricted_unions</code><br />
						
            
            <a class="navhash" href="#414">#</a>
						
              <code id="414">Feature record: CXX_FEATURE:1cxx_user_literals</code><br />
						
            
            <a class="navhash" href="#415">#</a>
						
              <code id="415">Feature record: CXX_FEATURE:1cxx_variable_templates</code><br />
						
            
            <a class="navhash" href="#416">#</a>
						
              <code id="416">Feature record: CXX_FEATURE:1cxx_variadic_macros</code><br />
						
            
            <a class="navhash" href="#417">#</a>
						
              <code id="417">Feature record: CXX_FEATURE:1cxx_variadic_templates</code><br />
						
            
            <a class="navhash" href="#418">#</a>
						
              <code id="418"></code><br />
						
            
            <a class="navhash" href="#419">#</a>
						
              <code id="419"></code><br />
						
            
            <a class="navhash" href="#420">#</a>
						
              <code id="420">Detecting CXX [-std=c++11] compiler features compiled with the following output:</code><br />
						
            
            <a class="navhash" href="#421">#</a>
						
              <code id="421">Change Dir: /tmp/unittestpp/src/unittest-cpp-1.6.1/CMakeFiles/CMakeTmp</code><br />
						
            
            <a class="navhash" href="#422">#</a>
						
              <code id="422"></code><br />
						
            
            <a class="navhash" href="#423">#</a>
						
              <code id="423">Run Build Command:"/usr/sbin/make" "cmTC_92bc2/fast"</code><br />
						
            
            <a class="navhash" href="#424">#</a>
						
              <code id="424">/usr/sbin/make -f CMakeFiles/cmTC_92bc2.dir/build.make CMakeFiles/cmTC_92bc2.dir/build</code><br />
						
            
            <a class="navhash" href="#425">#</a>
						
              <code id="425">make[1]: Entering directory '/tmp/unittestpp/src/unittest-cpp-1.6.1/CMakeFiles/CMakeTmp'</code><br />
						
            
            <a class="navhash" href="#426">#</a>
						
              <code id="426">Building CXX object CMakeFiles/cmTC_92bc2.dir/feature_tests.cxx.o</code><br />
						
            
            <a class="navhash" href="#427">#</a>
						
              <code id="427">/sysroot/bin/clang++     -std=c++11 -o CMakeFiles/cmTC_92bc2.dir/feature_tests.cxx.o -c /tmp/unittestpp/src/unittest-cpp-1.6.1/CMakeFiles/feature_tests.cxx</code><br />
						
            
            <a class="navhash" href="#428">#</a>
						
              <code id="428">Linking CXX executable cmTC_92bc2</code><br />
						
            
            <a class="navhash" href="#429">#</a>
						
              <code id="429">/usr/bin/cmake -E cmake_link_script CMakeFiles/cmTC_92bc2.dir/link.txt --verbose=1</code><br />
						
            
            <a class="navhash" href="#430">#</a>
						
              <code id="430">/sysroot/bin/clang++        CMakeFiles/cmTC_92bc2.dir/feature_tests.cxx.o  -o cmTC_92bc2 -rdynamic</code><br />
						
            
            <a class="navhash" href="#431">#</a>
						
              <code id="431">make[1]: Leaving directory '/tmp/unittestpp/src/unittest-cpp-1.6.1/CMakeFiles/CMakeTmp'</code><br />
						
            
            <a class="navhash" href="#432">#</a>
						
              <code id="432"></code><br />
						
            
            <a class="navhash" href="#433">#</a>
						
              <code id="433"></code><br />
						
            
            <a class="navhash" href="#434">#</a>
						
              <code id="434">Feature record: CXX_FEATURE:0cxx_aggregate_default_initializers</code><br />
						
            
            <a class="navhash" href="#435">#</a>
						
              <code id="435">Feature record: CXX_FEATURE:1cxx_alias_templates</code><br />
						
            
            <a class="navhash" href="#436">#</a>
						
              <code id="436">Feature record: CXX_FEATURE:1cxx_alignas</code><br />
						
            
            <a class="navhash" href="#437">#</a>
						
              <code id="437">Feature record: CXX_FEATURE:1cxx_alignof</code><br />
						
            
            <a class="navhash" href="#438">#</a>
						
              <code id="438">Feature record: CXX_FEATURE:1cxx_attributes</code><br />
						
            
            <a class="navhash" href="#439">#</a>
						
              <code id="439">Feature record: CXX_FEATURE:0cxx_attribute_deprecated</code><br />
						
            
            <a class="navhash" href="#440">#</a>
						
              <code id="440">Feature record: CXX_FEATURE:1cxx_auto_type</code><br />
						
            
            <a class="navhash" href="#441">#</a>
						
              <code id="441">Feature record: CXX_FEATURE:0cxx_binary_literals</code><br />
						
            
            <a class="navhash" href="#442">#</a>
						
              <code id="442">Feature record: CXX_FEATURE:1cxx_constexpr</code><br />
						
            
            <a class="navhash" href="#443">#</a>
						
              <code id="443">Feature record: CXX_FEATURE:0cxx_contextual_conversions</code><br />
						
            
            <a class="navhash" href="#444">#</a>
						
              <code id="444">Feature record: CXX_FEATURE:1cxx_decltype</code><br />
						
            
            <a class="navhash" href="#445">#</a>
						
              <code id="445">Feature record: CXX_FEATURE:0cxx_decltype_auto</code><br />
						
            
            <a class="navhash" href="#446">#</a>
						
              <code id="446">Feature record: CXX_FEATURE:1cxx_decltype_incomplete_return_types</code><br />
						
            
            <a class="navhash" href="#447">#</a>
						
              <code id="447">Feature record: CXX_FEATURE:1cxx_default_function_template_args</code><br />
						
            
            <a class="navhash" href="#448">#</a>
						
              <code id="448">Feature record: CXX_FEATURE:1cxx_defaulted_functions</code><br />
						
            
            <a class="navhash" href="#449">#</a>
						
              <code id="449">Feature record: CXX_FEATURE:1cxx_defaulted_move_initializers</code><br />
						
            
            <a class="navhash" href="#450">#</a>
						
              <code id="450">Feature record: CXX_FEATURE:1cxx_delegating_constructors</code><br />
						
            
            <a class="navhash" href="#451">#</a>
						
              <code id="451">Feature record: CXX_FEATURE:1cxx_deleted_functions</code><br />
						
            
            <a class="navhash" href="#452">#</a>
						
              <code id="452">Feature record: CXX_FEATURE:0cxx_digit_separators</code><br />
						
            
            <a class="navhash" href="#453">#</a>
						
              <code id="453">Feature record: CXX_FEATURE:1cxx_enum_forward_declarations</code><br />
						
            
            <a class="navhash" href="#454">#</a>
						
              <code id="454">Feature record: CXX_FEATURE:1cxx_explicit_conversions</code><br />
						
            
            <a class="navhash" href="#455">#</a>
						
              <code id="455">Feature record: CXX_FEATURE:1cxx_extended_friend_declarations</code><br />
						
            
            <a class="navhash" href="#456">#</a>
						
              <code id="456">Feature record: CXX_FEATURE:1cxx_extern_templates</code><br />
						
            
            <a class="navhash" href="#457">#</a>
						
              <code id="457">Feature record: CXX_FEATURE:1cxx_final</code><br />
						
            
            <a class="navhash" href="#458">#</a>
						
              <code id="458">Feature record: CXX_FEATURE:1cxx_func_identifier</code><br />
						
            
            <a class="navhash" href="#459">#</a>
						
              <code id="459">Feature record: CXX_FEATURE:1cxx_generalized_initializers</code><br />
						
            
            <a class="navhash" href="#460">#</a>
						
              <code id="460">Feature record: CXX_FEATURE:0cxx_generic_lambdas</code><br />
						
            
            <a class="navhash" href="#461">#</a>
						
              <code id="461">Feature record: CXX_FEATURE:1cxx_inheriting_constructors</code><br />
						
            
            <a class="navhash" href="#462">#</a>
						
              <code id="462">Feature record: CXX_FEATURE:1cxx_inline_namespaces</code><br />
						
            
            <a class="navhash" href="#463">#</a>
						
              <code id="463">Feature record: CXX_FEATURE:1cxx_lambdas</code><br />
						
            
            <a class="navhash" href="#464">#</a>
						
              <code id="464">Feature record: CXX_FEATURE:0cxx_lambda_init_captures</code><br />
						
            
            <a class="navhash" href="#465">#</a>
						
              <code id="465">Feature record: CXX_FEATURE:1cxx_local_type_template_args</code><br />
						
            
            <a class="navhash" href="#466">#</a>
						
              <code id="466">Feature record: CXX_FEATURE:1cxx_long_long_type</code><br />
						
            
            <a class="navhash" href="#467">#</a>
						
              <code id="467">Feature record: CXX_FEATURE:1cxx_noexcept</code><br />
						
            
            <a class="navhash" href="#468">#</a>
						
              <code id="468">Feature record: CXX_FEATURE:1cxx_nonstatic_member_init</code><br />
						
            
            <a class="navhash" href="#469">#</a>
						
              <code id="469">Feature record: CXX_FEATURE:1cxx_nullptr</code><br />
						
            
            <a class="navhash" href="#470">#</a>
						
              <code id="470">Feature record: CXX_FEATURE:1cxx_override</code><br />
						
            
            <a class="navhash" href="#471">#</a>
						
              <code id="471">Feature record: CXX_FEATURE:1cxx_range_for</code><br />
						
            
            <a class="navhash" href="#472">#</a>
						
              <code id="472">Feature record: CXX_FEATURE:1cxx_raw_string_literals</code><br />
						
            
            <a class="navhash" href="#473">#</a>
						
              <code id="473">Feature record: CXX_FEATURE:1cxx_reference_qualified_functions</code><br />
						
            
            <a class="navhash" href="#474">#</a>
						
              <code id="474">Feature record: CXX_FEATURE:0cxx_relaxed_constexpr</code><br />
						
            
            <a class="navhash" href="#475">#</a>
						
              <code id="475">Feature record: CXX_FEATURE:0cxx_return_type_deduction</code><br />
						
            
            <a class="navhash" href="#476">#</a>
						
              <code id="476">Feature record: CXX_FEATURE:1cxx_right_angle_brackets</code><br />
						
            
            <a class="navhash" href="#477">#</a>
						
              <code id="477">Feature record: CXX_FEATURE:1cxx_rvalue_references</code><br />
						
            
            <a class="navhash" href="#478">#</a>
						
              <code id="478">Feature record: CXX_FEATURE:1cxx_sizeof_member</code><br />
						
            
            <a class="navhash" href="#479">#</a>
						
              <code id="479">Feature record: CXX_FEATURE:1cxx_static_assert</code><br />
						
            
            <a class="navhash" href="#480">#</a>
						
              <code id="480">Feature record: CXX_FEATURE:1cxx_strong_enums</code><br />
						
            
            <a class="navhash" href="#481">#</a>
						
              <code id="481">Feature record: CXX_FEATURE:1cxx_template_template_parameters</code><br />
						
            
            <a class="navhash" href="#482">#</a>
						
              <code id="482">Feature record: CXX_FEATURE:1cxx_thread_local</code><br />
						
            
            <a class="navhash" href="#483">#</a>
						
              <code id="483">Feature record: CXX_FEATURE:1cxx_trailing_return_types</code><br />
						
            
            <a class="navhash" href="#484">#</a>
						
              <code id="484">Feature record: CXX_FEATURE:1cxx_unicode_literals</code><br />
						
            
            <a class="navhash" href="#485">#</a>
						
              <code id="485">Feature record: CXX_FEATURE:1cxx_uniform_initialization</code><br />
						
            
            <a class="navhash" href="#486">#</a>
						
              <code id="486">Feature record: CXX_FEATURE:1cxx_unrestricted_unions</code><br />
						
            
            <a class="navhash" href="#487">#</a>
						
              <code id="487">Feature record: CXX_FEATURE:1cxx_user_literals</code><br />
						
            
            <a class="navhash" href="#488">#</a>
						
              <code id="488">Feature record: CXX_FEATURE:0cxx_variable_templates</code><br />
						
            
            <a class="navhash" href="#489">#</a>
						
              <code id="489">Feature record: CXX_FEATURE:1cxx_variadic_macros</code><br />
						
            
            <a class="navhash" href="#490">#</a>
						
              <code id="490">Feature record: CXX_FEATURE:1cxx_variadic_templates</code><br />
						
            
            <a class="navhash" href="#491">#</a>
						
              <code id="491"></code><br />
						
            
            <a class="navhash" href="#492">#</a>
						
              <code id="492"></code><br />
						
            
            <a class="navhash" href="#493">#</a>
						
              <code id="493">Detecting CXX [-std=c++98] compiler features compiled with the following output:</code><br />
						
            
            <a class="navhash" href="#494">#</a>
						
              <code id="494">Change Dir: /tmp/unittestpp/src/unittest-cpp-1.6.1/CMakeFiles/CMakeTmp</code><br />
						
            
            <a class="navhash" href="#495">#</a>
						
              <code id="495"></code><br />
						
            
            <a class="navhash" href="#496">#</a>
						
              <code id="496">Run Build Command:"/usr/sbin/make" "cmTC_f71d4/fast"</code><br />
						
            
            <a class="navhash" href="#497">#</a>
						
              <code id="497">/usr/sbin/make -f CMakeFiles/cmTC_f71d4.dir/build.make CMakeFiles/cmTC_f71d4.dir/build</code><br />
						
            
            <a class="navhash" href="#498">#</a>
						
              <code id="498">make[1]: Entering directory '/tmp/unittestpp/src/unittest-cpp-1.6.1/CMakeFiles/CMakeTmp'</code><br />
						
            
            <a class="navhash" href="#499">#</a>
						
              <code id="499">Building CXX object CMakeFiles/cmTC_f71d4.dir/feature_tests.cxx.o</code><br />
						
            
            <a class="navhash" href="#500">#</a>
						
              <code id="500">/sysroot/bin/clang++     -std=c++98 -o CMakeFiles/cmTC_f71d4.dir/feature_tests.cxx.o -c /tmp/unittestpp/src/unittest-cpp-1.6.1/CMakeFiles/feature_tests.cxx</code><br />
						
            
            <a class="navhash" href="#501">#</a>
						
              <code id="501">Linking CXX executable cmTC_f71d4</code><br />
						
            
            <a class="navhash" href="#502">#</a>
						
              <code id="502">/usr/bin/cmake -E cmake_link_script CMakeFiles/cmTC_f71d4.dir/link.txt --verbose=1</code><br />
						
            
            <a class="navhash" href="#503">#</a>
						
              <code id="503">/sysroot/bin/clang++        CMakeFiles/cmTC_f71d4.dir/feature_tests.cxx.o  -o cmTC_f71d4 -rdynamic</code><br />
						
            
            <a class="navhash" href="#504">#</a>
						
              <code id="504">make[1]: Leaving directory '/tmp/unittestpp/src/unittest-cpp-1.6.1/CMakeFiles/CMakeTmp'</code><br />
						
            
            <a class="navhash" href="#505">#</a>
						
              <code id="505"></code><br />
						
            
            <a class="navhash" href="#506">#</a>
						
              <code id="506"></code><br />
						
            
            <a class="navhash" href="#507">#</a>
						
              <code id="507">Feature record: CXX_FEATURE:0cxx_aggregate_default_initializers</code><br />
						
            
            <a class="navhash" href="#508">#</a>
						
              <code id="508">Feature record: CXX_FEATURE:0cxx_alias_templates</code><br />
						
            
            <a class="navhash" href="#509">#</a>
						
              <code id="509">Feature record: CXX_FEATURE:0cxx_alignas</code><br />
						
            
            <a class="navhash" href="#510">#</a>
						
              <code id="510">Feature record: CXX_FEATURE:0cxx_alignof</code><br />
						
            
            <a class="navhash" href="#511">#</a>
						
              <code id="511">Feature record: CXX_FEATURE:0cxx_attributes</code><br />
						
            
            <a class="navhash" href="#512">#</a>
						
              <code id="512">Feature record: CXX_FEATURE:0cxx_attribute_deprecated</code><br />
						
            
            <a class="navhash" href="#513">#</a>
						
              <code id="513">Feature record: CXX_FEATURE:0cxx_auto_type</code><br />
						
            
            <a class="navhash" href="#514">#</a>
						
              <code id="514">Feature record: CXX_FEATURE:0cxx_binary_literals</code><br />
						
            
            <a class="navhash" href="#515">#</a>
						
              <code id="515">Feature record: CXX_FEATURE:0cxx_constexpr</code><br />
						
            
            <a class="navhash" href="#516">#</a>
						
              <code id="516">Feature record: CXX_FEATURE:0cxx_contextual_conversions</code><br />
						
            
            <a class="navhash" href="#517">#</a>
						
              <code id="517">Feature record: CXX_FEATURE:0cxx_decltype</code><br />
						
            
            <a class="navhash" href="#518">#</a>
						
              <code id="518">Feature record: CXX_FEATURE:0cxx_decltype_auto</code><br />
						
            
            <a class="navhash" href="#519">#</a>
						
              <code id="519">Feature record: CXX_FEATURE:0cxx_decltype_incomplete_return_types</code><br />
						
            
            <a class="navhash" href="#520">#</a>
						
              <code id="520">Feature record: CXX_FEATURE:0cxx_default_function_template_args</code><br />
						
            
            <a class="navhash" href="#521">#</a>
						
              <code id="521">Feature record: CXX_FEATURE:0cxx_defaulted_functions</code><br />
						
            
            <a class="navhash" href="#522">#</a>
						
              <code id="522">Feature record: CXX_FEATURE:0cxx_defaulted_move_initializers</code><br />
						
            
            <a class="navhash" href="#523">#</a>
						
              <code id="523">Feature record: CXX_FEATURE:0cxx_delegating_constructors</code><br />
						
            
            <a class="navhash" href="#524">#</a>
						
              <code id="524">Feature record: CXX_FEATURE:0cxx_deleted_functions</code><br />
						
            
            <a class="navhash" href="#525">#</a>
						
              <code id="525">Feature record: CXX_FEATURE:0cxx_digit_separators</code><br />
						
            
            <a class="navhash" href="#526">#</a>
						
              <code id="526">Feature record: CXX_FEATURE:0cxx_enum_forward_declarations</code><br />
						
            
            <a class="navhash" href="#527">#</a>
						
              <code id="527">Feature record: CXX_FEATURE:0cxx_explicit_conversions</code><br />
						
            
            <a class="navhash" href="#528">#</a>
						
              <code id="528">Feature record: CXX_FEATURE:0cxx_extended_friend_declarations</code><br />
						
            
            <a class="navhash" href="#529">#</a>
						
              <code id="529">Feature record: CXX_FEATURE:0cxx_extern_templates</code><br />
						
            
            <a class="navhash" href="#530">#</a>
						
              <code id="530">Feature record: CXX_FEATURE:0cxx_final</code><br />
						
            
            <a class="navhash" href="#531">#</a>
						
              <code id="531">Feature record: CXX_FEATURE:0cxx_func_identifier</code><br />
						
            
            <a class="navhash" href="#532">#</a>
						
              <code id="532">Feature record: CXX_FEATURE:0cxx_generalized_initializers</code><br />
						
            
            <a class="navhash" href="#533">#</a>
						
              <code id="533">Feature record: CXX_FEATURE:0cxx_generic_lambdas</code><br />
						
            
            <a class="navhash" href="#534">#</a>
						
              <code id="534">Feature record: CXX_FEATURE:0cxx_inheriting_constructors</code><br />
						
            
            <a class="navhash" href="#535">#</a>
						
              <code id="535">Feature record: CXX_FEATURE:0cxx_inline_namespaces</code><br />
						
            
            <a class="navhash" href="#536">#</a>
						
              <code id="536">Feature record: CXX_FEATURE:0cxx_lambdas</code><br />
						
            
            <a class="navhash" href="#537">#</a>
						
              <code id="537">Feature record: CXX_FEATURE:0cxx_lambda_init_captures</code><br />
						
            
            <a class="navhash" href="#538">#</a>
						
              <code id="538">Feature record: CXX_FEATURE:0cxx_local_type_template_args</code><br />
						
            
            <a class="navhash" href="#539">#</a>
						
              <code id="539">Feature record: CXX_FEATURE:0cxx_long_long_type</code><br />
						
            
            <a class="navhash" href="#540">#</a>
						
              <code id="540">Feature record: CXX_FEATURE:0cxx_noexcept</code><br />
						
            
            <a class="navhash" href="#541">#</a>
						
              <code id="541">Feature record: CXX_FEATURE:0cxx_nonstatic_member_init</code><br />
						
            
            <a class="navhash" href="#542">#</a>
						
              <code id="542">Feature record: CXX_FEATURE:0cxx_nullptr</code><br />
						
            
            <a class="navhash" href="#543">#</a>
						
              <code id="543">Feature record: CXX_FEATURE:0cxx_override</code><br />
						
            
            <a class="navhash" href="#544">#</a>
						
              <code id="544">Feature record: CXX_FEATURE:0cxx_range_for</code><br />
						
            
            <a class="navhash" href="#545">#</a>
						
              <code id="545">Feature record: CXX_FEATURE:0cxx_raw_string_literals</code><br />
						
            
            <a class="navhash" href="#546">#</a>
						
              <code id="546">Feature record: CXX_FEATURE:0cxx_reference_qualified_functions</code><br />
						
            
            <a class="navhash" href="#547">#</a>
						
              <code id="547">Feature record: CXX_FEATURE:0cxx_relaxed_constexpr</code><br />
						
            
            <a class="navhash" href="#548">#</a>
						
              <code id="548">Feature record: CXX_FEATURE:0cxx_return_type_deduction</code><br />
						
            
            <a class="navhash" href="#549">#</a>
						
              <code id="549">Feature record: CXX_FEATURE:0cxx_right_angle_brackets</code><br />
						
            
            <a class="navhash" href="#550">#</a>
						
              <code id="550">Feature record: CXX_FEATURE:0cxx_rvalue_references</code><br />
						
            
            <a class="navhash" href="#551">#</a>
						
              <code id="551">Feature record: CXX_FEATURE:0cxx_sizeof_member</code><br />
						
            
            <a class="navhash" href="#552">#</a>
						
              <code id="552">Feature record: CXX_FEATURE:0cxx_static_assert</code><br />
						
            
            <a class="navhash" href="#553">#</a>
						
              <code id="553">Feature record: CXX_FEATURE:0cxx_strong_enums</code><br />
						
            
            <a class="navhash" href="#554">#</a>
						
              <code id="554">Feature record: CXX_FEATURE:1cxx_template_template_parameters</code><br />
						
            
            <a class="navhash" href="#555">#</a>
						
              <code id="555">Feature record: CXX_FEATURE:0cxx_thread_local</code><br />
						
            
            <a class="navhash" href="#556">#</a>
						
              <code id="556">Feature record: CXX_FEATURE:0cxx_trailing_return_types</code><br />
						
            
            <a class="navhash" href="#557">#</a>
						
              <code id="557">Feature record: CXX_FEATURE:0cxx_unicode_literals</code><br />
						
            
            <a class="navhash" href="#558">#</a>
						
              <code id="558">Feature record: CXX_FEATURE:0cxx_uniform_initialization</code><br />
						
            
            <a class="navhash" href="#559">#</a>
						
              <code id="559">Feature record: CXX_FEATURE:0cxx_unrestricted_unions</code><br />
						
            
            <a class="navhash" href="#560">#</a>
						
              <code id="560">Feature record: CXX_FEATURE:0cxx_user_literals</code><br />
						
            
            <a class="navhash" href="#561">#</a>
						
              <code id="561">Feature record: CXX_FEATURE:0cxx_variable_templates</code><br />
						
            
            <a class="navhash" href="#562">#</a>
						
              <code id="562">Feature record: CXX_FEATURE:0cxx_variadic_macros</code><br />
						
            
            <a class="navhash" href="#563">#</a>
						
              <code id="563">Feature record: CXX_FEATURE:0cxx_variadic_templates</code><br />
						
            
            <a class="navhash" href="#564">#</a>
						
              <code id="564">Performing C++ SOURCE FILE Test COMPILER_SUPPORTS_CXX14 succeeded with the following output:</code><br />
						
            
            <a class="navhash" href="#565">#</a>
						
              <code id="565">Change Dir: /tmp/unittestpp/src/unittest-cpp-1.6.1/CMakeFiles/CMakeTmp</code><br />
						
            
            <a class="navhash" href="#566">#</a>
						
              <code id="566"></code><br />
						
            
            <a class="navhash" href="#567">#</a>
						
              <code id="567">Run Build Command:"/usr/sbin/make" "cmTC_d2bef/fast"</code><br />
						
            
            <a class="navhash" href="#568">#</a>
						
              <code id="568">/usr/sbin/make -f CMakeFiles/cmTC_d2bef.dir/build.make CMakeFiles/cmTC_d2bef.dir/build</code><br />
						
            
            <a class="navhash" href="#569">#</a>
						
              <code id="569">make[1]: Entering directory '/tmp/unittestpp/src/unittest-cpp-1.6.1/CMakeFiles/CMakeTmp'</code><br />
						
            
            <a class="navhash" href="#570">#</a>
						
              <code id="570">Building CXX object CMakeFiles/cmTC_d2bef.dir/src.cxx.o</code><br />
						
            
            <a class="navhash" href="#571">#</a>
						
              <code id="571">/sysroot/bin/clang++     -DCOMPILER_SUPPORTS_CXX14   -std=c++14 -o CMakeFiles/cmTC_d2bef.dir/src.cxx.o -c /tmp/unittestpp/src/unittest-cpp-1.6.1/CMakeFiles/CMakeTmp/src.cxx</code><br />
						
            
            <a class="navhash" href="#572">#</a>
						
              <code id="572">Linking CXX executable cmTC_d2bef</code><br />
						
            
            <a class="navhash" href="#573">#</a>
						
              <code id="573">/usr/bin/cmake -E cmake_link_script CMakeFiles/cmTC_d2bef.dir/link.txt --verbose=1</code><br />
						
            
            <a class="navhash" href="#574">#</a>
						
              <code id="574">/sysroot/bin/clang++    -DCOMPILER_SUPPORTS_CXX14    CMakeFiles/cmTC_d2bef.dir/src.cxx.o  -o cmTC_d2bef -rdynamic</code><br />
						
            
            <a class="navhash" href="#575">#</a>
						
              <code id="575">make[1]: Leaving directory '/tmp/unittestpp/src/unittest-cpp-1.6.1/CMakeFiles/CMakeTmp'</code><br />
						
            
            <a class="navhash" href="#576">#</a>
						
              <code id="576"></code><br />
						
            
            <a class="navhash" href="#577">#</a>
						
              <code id="577">Source file was:</code><br />
						
            
            <a class="navhash" href="#578">#</a>
						
              <code id="578">int main() { return 0; }</code><br />
						
            
            <a class="navhash" href="#579">#</a>
						
              <code id="579">Performing C++ SOURCE FILE Test COMPILER_SUPPORTS_CXX11 succeeded with the following output:</code><br />
						
            
            <a class="navhash" href="#580">#</a>
						
              <code id="580">Change Dir: /tmp/unittestpp/src/unittest-cpp-1.6.1/CMakeFiles/CMakeTmp</code><br />
						
            
            <a class="navhash" href="#581">#</a>
						
              <code id="581"></code><br />
						
            
            <a class="navhash" href="#582">#</a>
						
              <code id="582">Run Build Command:"/usr/sbin/make" "cmTC_27110/fast"</code><br />
						
            
            <a class="navhash" href="#583">#</a>
						
              <code id="583">/usr/sbin/make -f CMakeFiles/cmTC_27110.dir/build.make CMakeFiles/cmTC_27110.dir/build</code><br />
						
            
            <a class="navhash" href="#584">#</a>
						
              <code id="584">make[1]: Entering directory '/tmp/unittestpp/src/unittest-cpp-1.6.1/CMakeFiles/CMakeTmp'</code><br />
						
            
            <a class="navhash" href="#585">#</a>
						
              <code id="585">Building CXX object CMakeFiles/cmTC_27110.dir/src.cxx.o</code><br />
						
            
            <a class="navhash" href="#586">#</a>
						
              <code id="586">/sysroot/bin/clang++     -DCOMPILER_SUPPORTS_CXX11   -std=c++11 -o CMakeFiles/cmTC_27110.dir/src.cxx.o -c /tmp/unittestpp/src/unittest-cpp-1.6.1/CMakeFiles/CMakeTmp/src.cxx</code><br />
						
            
            <a class="navhash" href="#587">#</a>
						
              <code id="587">Linking CXX executable cmTC_27110</code><br />
						
            
            <a class="navhash" href="#588">#</a>
						
              <code id="588">/usr/bin/cmake -E cmake_link_script CMakeFiles/cmTC_27110.dir/link.txt --verbose=1</code><br />
						
            
            <a class="navhash" href="#589">#</a>
						
              <code id="589">/sysroot/bin/clang++    -DCOMPILER_SUPPORTS_CXX11    CMakeFiles/cmTC_27110.dir/src.cxx.o  -o cmTC_27110 -rdynamic</code><br />
						
            
            <a class="navhash" href="#590">#</a>
						
              <code id="590">make[1]: Leaving directory '/tmp/unittestpp/src/unittest-cpp-1.6.1/CMakeFiles/CMakeTmp'</code><br />
						
            
            <a class="navhash" href="#591">#</a>
						
              <code id="591"></code><br />
						
            
            <a class="navhash" href="#592">#</a>
						
              <code id="592">Source file was:</code><br />
						
            
            <a class="navhash" href="#593">#</a>
						
              <code id="593">int main() { return 0; }</code><br />
						
            
          </div>
        
      </div>
      <br />
    
  </body>
</html>