<!DOCTYPE html>
<html>
<!-- Jinja template for reports of individual builds

  Copyright 2016 Kareem Khazem. All Rights Reserved.
  Licensed under the Apache License, Version 2.0 (the "License");
  you may not use this file except in compliance with the License.
  You may obtain a copy of the License at

 		 http://www.apache.org/licenses/LICENSE-2.0

  Unless required by applicable law or agreed to in writing, software
  distributed under the License is distributed on an "AS IS" BASIS,
  WITHOUT WARRANTIES OR CONDITIONS OF ANY KIND, either express or
  implied.
  See the License for the specific language governing permissions and
  limitations under the License.
-->
  <head>
    <meta charset="UTF-8">
    <title>musl/ustr</title>
    <link href='https://fonts.googleapis.com/css?family=Roboto:400,900'
          rel='stylesheet' type='text/css'>
    <link
    href='https://fonts.googleapis.com/css?family=Source+Code+Pro:400,700'
          rel='stylesheet' type='text/css'>
    <link href="../style.css" type="text/css" rel="stylesheet">
  </head>
  <body>
    <h1>Build of ustr
        with <a href="../index.html">musl</a>
        toolchain</h1>
    <p>The build took 00h 00m 59s and was
    NOT successful.</p>
    <p>
    The program in this build is written in the following languages,
    according to <a
    href="http://www.dwheeler.com/sloccount/">sloccount</a>:
    </p>
    <table>
      <tr><th>SLOC</th><th>Language</th></tr>
      
      <tr><td class="loc"><code>19,289</code></td>
          <td class="lang">ansic</td></tr>
      <tr><td class="loc"><code>1,162</code></td>
          <td class="lang">sh</td></tr>
      <tr><td class="loc"><code>875</code></td>
          <td class="lang">makefile</td></tr>
      <tr><td class="loc"><code>778</code></td>
          <td class="lang">perl</td></tr>
      <tr><td><code>22,104</code></td>
          <td><em>total</em></td></tr>
    </table>
    <p>
      The process tree of the build process is <a
      href="ustr-tree.html">here</a>.
    </p>
    
    
    
    
    
    <h2>List of Errors</h2>
    <ul>
      
      <li>load_so
        <ul>
          
          <li><a href="#20">./autoconf_64b: error while loading shared libraries: /usr/lib/libc.so: invalid ELF header</a></li>
          
          <li><a href="#21">./autoconf_64b: error while loading shared libraries: /usr/lib/libc.so: invalid ELF header</a></li>
          
          <li><a href="#22">./autoconf_64b: error while loading shared libraries: /usr/lib/libc.so: invalid ELF header</a></li>
          
          <li><a href="#23">./autoconf_vsnprintf: error while loading shared libraries: /usr/lib/libc.so: invalid ELF header</a></li>
          
          <li><a href="#24">./autoconf_vsnprintf: error while loading shared libraries: /usr/lib/libc.so: invalid ELF header</a></li>
          
          <li><a href="#25">./autoconf_vsnprintf: error while loading shared libraries: /usr/lib/libc.so: invalid ELF header</a></li>
          
        </ul>
      </li>
      
    </ul>
    
    
    <h2>Log</h2>
    <p>
    To avoid scrolling, you may jump to the <a
    href="#239">last line</a> of the
    invocation of <code>makepkg</code> that was used to build this
    package.
    </p>
    
    
      <div class="block">
        <div class="info">
          <code>Removed vanilla repositories from pacman.conf and added:</code>
        </div>
        
          <div class="output">
            
            <a class="navhash" href="#1">#</a>
						
              <code id="1">[tuscan]</code><br />
						
            
            <a class="navhash" href="#2">#</a>
						
              <code id="2">Server = file:///var/cache/pacman/pkg/</code><br />
						
            
          </div>
        
      </div>
      <br />
    
      <div class="block">
        <div class="command">
          <code><span class="prompt">CMD: </span>pacman -Syy --noconfirm</code>
        </div>
        
          <div class="output">
            
            <a class="navhash" href="#3">#</a>
						
              <code id="3">:: Synchronizing package databases...</code><br />
						
            
            <a class="navhash" href="#4">#</a>
						
              <code id="4">downloading tuscan.db...</code><br />
						
            
          </div>
        
      </div>
      <br />
    
      <div class="block">
        <div class="info">
          <code>There were existing files in /sysroot, using those</code>
        </div>
        
          <div class="output">
            
            <a class="navhash" href="#5">#</a>
						
              <code id="5">/sysroot/lib</code><br />
						
            
            <a class="navhash" href="#6">#</a>
						
              <code id="6">/sysroot/share</code><br />
						
            
            <a class="navhash" href="#7">#</a>
						
              <code id="7">/sysroot/bin</code><br />
						
            
            <a class="navhash" href="#8">#</a>
						
              <code id="8">/sysroot/include</code><br />
						
            
            <a class="navhash" href="#9">#</a>
						
              <code id="9">/sysroot/libexec</code><br />
						
            
          </div>
        
      </div>
      <br />
    
      <div class="block">
        <div class="command">
          <code><span class="prompt">CMD: </span>sudo -u tuscan PATH=/sysroot/bin:/usr/local/sbin:/usr/local/bin:/usr/sbin:/usr/bin:/sbin:/bin CC=clang CXX=clang++ red makepkg --noextract --syncdeps --skipinteg --skippgpcheck --skipchecksums --noconfirm --nocolor --log --noprogressbar --nocheck</code>
        </div>
        
          <div class="output">
            
            <a class="navhash" href="#10">#</a>
						
              <code id="10">==> Making package: ustr 1.0.4-4 (Wed Apr  5 00:45:53 UTC 2017)</code><br />
						
            
            <a class="navhash" href="#11">#</a>
						
              <code id="11">==> Checking runtime dependencies...</code><br />
						
            
            <a class="navhash" href="#12">#</a>
						
              <code id="12">==> Checking buildtime dependencies...</code><br />
						
            
            <a class="navhash" href="#13">#</a>
						
              <code id="13">==> WARNING: Using existing $srcdir/ tree</code><br />
						
            
            <a class="navhash" href="#14">#</a>
						
              <code id="14">==> Starting build()...</code><br />
						
            
            <a class="navhash" href="#15">#</a>
						
              <code id="15">Compiling: auto configuration test: 64bit</code><br />
						
            
            <a class="navhash" href="#16">#</a>
						
              <code id="16">Compiling: auto configuration test: vsnprintf</code><br />
						
            
            <a class="navhash" href="#17">#</a>
						
              <code id="17">Creating ustr-import</code><br />
						
            
            <a class="navhash" href="#18">#</a>
						
              <code id="18">Creating ustr-conf.h</code><br />
						
            
            <a class="navhash" href="#19">#</a>
						
              <code id="19">Creating ustr-conf-debug.h</code><br />
						
            
            <a class="navhash" href="#20">#</a>
						<span class="error">
              <code id="20">./autoconf_64b: error while loading shared libraries: /usr/lib/libc.so: invalid ELF header</code><br />
						</span>
            
            <a class="navhash" href="#21">#</a>
						<span class="error">
              <code id="21">./autoconf_64b: error while loading shared libraries: /usr/lib/libc.so: invalid ELF header</code><br />
						</span>
            
            <a class="navhash" href="#22">#</a>
						<span class="error">
              <code id="22">./autoconf_64b: error while loading shared libraries: /usr/lib/libc.so: invalid ELF header</code><br />
						</span>
            
            <a class="navhash" href="#23">#</a>
						<span class="error">
              <code id="23">./autoconf_vsnprintf: error while loading shared libraries: /usr/lib/libc.so: invalid ELF header</code><br />
						</span>
            
            <a class="navhash" href="#24">#</a>
						<span class="error">
              <code id="24">./autoconf_vsnprintf: error while loading shared libraries: /usr/lib/libc.so: invalid ELF header</code><br />
						</span>
            
            <a class="navhash" href="#25">#</a>
						<span class="error">
              <code id="25">./autoconf_vsnprintf: error while loading shared libraries: /usr/lib/libc.so: invalid ELF header</code><br />
						</span>
            
            <a class="navhash" href="#26">#</a>
						
              <code id="26">Compiling for A DBG lib: ustr-b-dbg-code.c</code><br />
						
            
            <a class="navhash" href="#27">#</a>
						
              <code id="27">Compiling for A DBG lib: ustr-cmp-dbg-code.c</code><br />
						
            
            <a class="navhash" href="#28">#</a>
						
              <code id="28">Compiling for A DBG lib: ustr-fmt-dbg-code.c</code><br />
						
            
            <a class="navhash" href="#29">#</a>
						
              <code id="29">Compiling for A DBG lib: ustr-io-dbg-code.c</code><br />
						
            
            <a class="navhash" href="#30">#</a>
						
              <code id="30">In file included from ustr-io-dbg-code.c:11:</code><br />
						
            
            <a class="navhash" href="#31">#</a>
						
              <code id="31">./ustr-main.h:204:34: error: expected value in expression</code><br />
						
            
            <a class="navhash" href="#32">#</a>
						
              <code id="32">#if USTR_CONF_HAVE_64bit_SIZE_MAX</code><br />
						
            
            <a class="navhash" href="#33">#</a>
						
              <code id="33">                                 ^</code><br />
						
            
            <a class="navhash" href="#34">#</a>
						
              <code id="34">./ustr-main.hIn file included from :327ustr-cmp-dbg-code.c::3411::</code><br />
						
            
            <a class="navhash" href="#35">#</a>
						
              <code id="35"> ./ustr-main.herror:: 204expected value in expression:</code><br />
						
            
            <a class="navhash" href="#36">#</a>
						
              <code id="36">34: error: expected value in expression</code><br />
						
            
            <a class="navhash" href="#37">#</a>
						
              <code id="37">#if USTR_CONF_HAVE_64bit_SIZE_MAX</code><br />
						
            
            <a class="navhash" href="#38">#</a>
						
              <code id="38">                                 ^</code><br />
						
            
            <a class="navhash" href="#39">#</a>
						
              <code id="39">#if USTR_CONF_HAVE_64bit_SIZE_MAX</code><br />
						
            
            <a class="navhash" href="#40">#</a>
						
              <code id="40">                                 ^</code><br />
						
            
            <a class="navhash" href="#41">#</a>
						
              <code id="41">./ustr-main.h:327:34: error: expected value in expression</code><br />
						
            
            <a class="navhash" href="#42">#</a>
						
              <code id="42">#if USTR_CONF_HAVE_64bit_SIZE_MAX</code><br />
						
            
            <a class="navhash" href="#43">#</a>
						
              <code id="43">                                 ^</code><br />
						
            
            <a class="navhash" href="#44">#</a>
						
              <code id="44">In file included from ustr-fmt-dbg-code.c:11:</code><br />
						
            
            <a class="navhash" href="#45">#</a>
						
              <code id="45">./ustr-main.h:204:34: error: expected value in expression</code><br />
						
            
            <a class="navhash" href="#46">#</a>
						
              <code id="46">#if USTR_CONF_HAVE_64bit_SIZE_MAX</code><br />
						
            
            <a class="navhash" href="#47">#</a>
						
              <code id="47">                                 ^</code><br />
						
            
            <a class="navhash" href="#48">#</a>
						
              <code id="48">./ustr-main.h:327:34: error: expected value in expression</code><br />
						
            
            <a class="navhash" href="#49">#</a>
						
              <code id="49">#if USTR_CONF_HAVE_64bit_SIZE_MAX</code><br />
						
            
            <a class="navhash" href="#50">#</a>
						
              <code id="50">                                 ^</code><br />
						
            
            <a class="navhash" href="#51">#</a>
						
              <code id="51">./ustr-main.h:865:34: error: expected value in expression</code><br />
						
            
            <a class="navhash" href="#52">#</a>
						
              <code id="52">#if USTR_CONF_HAVE_64bit_SIZE_MAX</code><br />
						
            
            <a class="navhash" href="#53">#</a>
						
              <code id="53">                                 ^</code><br />
						
            
            <a class="navhash" href="#54">#</a>
						
              <code id="54">./ustr-main.h:865:34: error: expected value in expression</code><br />
						
            
            <a class="navhash" href="#55">#</a>
						
              <code id="55">#if USTR_CONF_HAVE_64bit_SIZE_MAX</code><br />
						
            
            <a class="navhash" href="#56">#</a>
						
              <code id="56">                                 ^</code><br />
						
            
            <a class="navhash" href="#57">#</a>
						
              <code id="57">./ustr-main.h:865:34: error: expected value in expression</code><br />
						
            
            <a class="navhash" href="#58">#</a>
						
              <code id="58">#if USTR_CONF_HAVE_64bit_SIZE_MAX</code><br />
						
            
            <a class="navhash" href="#59">#</a>
						
              <code id="59">                                 ^</code><br />
						
            
            <a class="navhash" href="#60">#</a>
						
              <code id="60">In file included from ustr-io-dbg-code.c:20:</code><br />
						
            
            <a class="navhash" href="#61">#</a>
						
              <code id="61">In file included from ./ustr-io.h:71:</code><br />
						
            
            <a class="navhash" href="#62">#</a>
						
              <code id="62">./ustr-io-code.h:14:15: warning: nonnull parameter 'ps1' will evaluate to 'true' on first encounter [-Wpointer-bool-conversion]</code><br />
						
            
            <a class="navhash" href="#63">#</a>
						
              <code id="63">  USTR_ASSERT(ps1 && ustrp__assert_valid(!!p, *ps1) && fp);</code><br />
						
            
            <a class="navhash" href="#64">#</a>
						
              <code id="64">              ^~~ ~~</code><br />
						
            
            <a class="navhash" href="#65">#</a>
						
              <code id="65">./ustr-main.h:52:40: note: expanded from macro 'USTR_ASSERT'</code><br />
						
            
            <a class="navhash" href="#66">#</a>
						
              <code id="66">#  define USTR_ASSERT(x)        assert(x)</code><br />
						
            
            <a class="navhash" href="#67">#</a>
						
              <code id="67">                                       ^</code><br />
						
            
            <a class="navhash" href="#68">#</a>
						
              <code id="68">/sysroot/include/assert.h:8:28: note: expanded from macro 'assert'</code><br />
						
            
            <a class="navhash" href="#69">#</a>
						
              <code id="69">#define assert(x) ((void)((x) || (__assert_fail(#x, __FILE__, __LINE__, __func__),0)))</code><br />
						
            
            <a class="navhash" href="#70">#</a>
						
              <code id="70">                           ^</code><br />
						
            
            <a class="navhash" href="#71">#</a>
						
              <code id="71">In file included from ustr-io-dbg-code.c:20:</code><br />
						
            
            <a class="navhash" href="#72">#</a>
						
              <code id="72">In file included from ./ustr-io.h:71:</code><br />
						
            
            <a class="navhash" href="#73">#</a>
						
              <code id="73">./ustr-io-code.h:14:56: warning: nonnull parameter 'fp' will evaluate to 'true' on first encounter [-Wpointer-bool-conversion]</code><br />
						
            
            <a class="navhash" href="#74">#</a>
						
              <code id="74">  USTR_ASSERT(ps1 && ustrp__assert_valid(!!p, *ps1) && fp);</code><br />
						
            
            <a class="navhash" href="#75">#</a>
						
              <code id="75">                                                    ~~ ^~</code><br />
						
            
            <a class="navhash" href="#76">#</a>
						
              <code id="76">./ustr-main.h:52:40: note: expanded from macro 'USTR_ASSERT'</code><br />
						
            
            <a class="navhash" href="#77">#</a>
						
              <code id="77">#  define USTR_ASSERT(x)        assert(x)</code><br />
						
            
            <a class="navhash" href="#78">#</a>
						
              <code id="78">                                       ^</code><br />
						
            
            <a class="navhash" href="#79">#</a>
						
              <code id="79">/sysroot/include/assert.h:8:28: note: expanded from macro 'assert'</code><br />
						
            
            <a class="navhash" href="#80">#</a>
						
              <code id="80">#define assert(x) ((void)((x) || (__assert_fail(#x, __FILE__, __LINE__, __func__),0)))</code><br />
						
            
            <a class="navhash" href="#81">#</a>
						
              <code id="81">                           ^</code><br />
						
            
            <a class="navhash" href="#82">#</a>
						
              <code id="82">In file included from ustr-cmp-dbg-code.c:20:</code><br />
						
            
            <a class="navhash" href="#83">#</a>
						
              <code id="83">./ustr-cmp.h:164:40: warning: nonnull parameter 'buf' will evaluate to 'true' on first encounter [-Wpointer-bool-conversion]</code><br />
						
            
            <a class="navhash" href="#84">#</a>
						
              <code id="84">  USTR_ASSERT(ustr_assert_valid(s1) && buf);</code><br />
						
            
            <a class="navhash" href="#85">#</a>
						
              <code id="85">                                    ~~ ^~~</code><br />
						
            
            <a class="navhash" href="#86">#</a>
						
              <code id="86">./ustr-main.h:52:40: note: expanded from macro 'USTR_ASSERT'</code><br />
						
            
            <a class="navhash" href="#87">#</a>
						
              <code id="87">#  define USTR_ASSERT(x)        assert(x)</code><br />
						
            
            <a class="navhash" href="#88">#</a>
						
              <code id="88">                                       ^</code><br />
						
            
            <a class="navhash" href="#89">#</a>
						
              <code id="89">/sysroot/include/assert.h:8:28: note: expanded from macro 'assert'</code><br />
						
            
            <a class="navhash" href="#90">#</a>
						
              <code id="90">#define assert(x) ((void)((x) || (__assert_fail(#x, __FILE__, __LINE__, __func__),0)))</code><br />
						
            
            <a class="navhash" href="#91">#</a>
						
              <code id="91">                           ^</code><br />
						
            
            <a class="navhash" href="#92">#</a>
						
              <code id="92">In file included from ustr-io-dbg-code.c:20:</code><br />
						
            
            <a class="navhash" href="#93">#</a>
						
              <code id="93">In file included from ./ustr-io.h:71:</code><br />
						
            
            <a class="navhash" href="#94">#</a>
						
              <code id="94">./ustr-io-code.h:126:15: warning: nonnull parameter 'ps1' will evaluate to 'true' on first encounter [-Wpointer-bool-conversion]</code><br />
						
            
            <a class="navhash" href="#95">#</a>
						
              <code id="95">  USTR_ASSERT(ps1 && ustrp__assert_valid(!!p, *ps1) && fp);</code><br />
						
            
            <a class="navhash" href="#96">#</a>
						
              <code id="96">              ^~~ ~~</code><br />
						
            
            <a class="navhash" href="#97">#</a>
						
              <code id="97">./ustr-main.h:52:40: note: expanded from macro 'USTR_ASSERT'</code><br />
						
            
            <a class="navhash" href="#98">#</a>
						
              <code id="98">#  define USTR_ASSERT(x)        assert(x)</code><br />
						
            
            <a class="navhash" href="#99">#</a>
						
              <code id="99">                                       ^</code><br />
						
            
            <a class="navhash" href="#100">#</a>
						
              <code id="100">/sysroot/include/assert.h:8:28: note: expanded from macro 'assert'</code><br />
						
            
            <a class="navhash" href="#101">#</a>
						
              <code id="101">In file included from ustr-cmp-dbg-code.c#define assert(x) ((void)((x) || (__assert_fail(#x, __FILE__, __LINE__, __func__),0))):</code><br />
						
            
            <a class="navhash" href="#102">#</a>
						
              <code id="102">20                           ^:</code><br />
						
            
            <a class="navhash" href="#103">#</a>
						
              <code id="103"></code><br />
						
            
            <a class="navhash" href="#104">#</a>
						
              <code id="104">./ustr-cmp.h:179:40: warningIn file included from : ustr-io-dbg-code.cnonnull parameter 'buf' will evaluate to 'true' on first encounter [-Wpointer-bool-conversion]:</code><br />
						
            
            <a class="navhash" href="#105">#</a>
						
              <code id="105">20:</code><br />
						
            
            <a class="navhash" href="#106">#</a>
						
              <code id="106">In file included from ./ustr-io.h:71:</code><br />
						
            
            <a class="navhash" href="#107">#</a>
						
              <code id="107">./ustr-io-code.h:126:56: warning: nonnull parameter 'fp' will evaluate to 'true' on first encounter [-Wpointer-bool-conversion]</code><br />
						
            
            <a class="navhash" href="#108">#</a>
						
              <code id="108">  USTR_ASSERT(ustr_assert_valid(s1) && buf);</code><br />
						
            
            <a class="navhash" href="#109">#</a>
						
              <code id="109">                                    ~~ ^~~</code><br />
						
            
            <a class="navhash" href="#110">#</a>
						
              <code id="110">./ustr-main.h  USTR_ASSERT(ps1 && ustrp__assert_valid(!!p, *ps1) && fp);</code><br />
						
            
            <a class="navhash" href="#111">#</a>
						
              <code id="111">:                                                    ~~ ^~52</code><br />
						
            
            <a class="navhash" href="#112">#</a>
						
              <code id="112">:40: note: ./ustr-main.hexpanded from macro 'USTR_ASSERT':</code><br />
						
            
            <a class="navhash" href="#113">#</a>
						
              <code id="113">52:40: note: expanded from macro 'USTR_ASSERT'</code><br />
						
            
            <a class="navhash" href="#114">#</a>
						
              <code id="114">#  define USTR_ASSERT(x)        assert(x)</code><br />
						
            
            <a class="navhash" href="#115">#</a>
						
              <code id="115">                                       ^</code><br />
						
            
            <a class="navhash" href="#116">#</a>
						
              <code id="116">#  define USTR_ASSERT(x)        assert(x)</code><br />
						
            
            <a class="navhash" href="#117">#</a>
						
              <code id="117">                                       ^</code><br />
						
            
            <a class="navhash" href="#118">#</a>
						
              <code id="118">/sysroot/include/assert.h:/sysroot/include/assert.h8::828::28 :note : noteexpanded from macro 'assert': </code><br />
						
            
            <a class="navhash" href="#119">#</a>
						
              <code id="119">expanded from macro 'assert'</code><br />
						
            
            <a class="navhash" href="#120">#</a>
						
              <code id="120">#define assert(x) ((void)((x) || (__assert_fail(#x, __FILE__, __LINE__, __func__),0)))</code><br />
						
            
            <a class="navhash" href="#121">#</a>
						
              <code id="121">#define assert(x) ((void)((x) || (__assert_fail(#x, __FILE__, __LINE__, __func__),0)))                           ^</code><br />
						
            
            <a class="navhash" href="#122">#</a>
						
              <code id="122"></code><br />
						
            
            <a class="navhash" href="#123">#</a>
						
              <code id="123">                           ^</code><br />
						
            
            <a class="navhash" href="#124">#</a>
						
              <code id="124">In file included from ustr-fmt-dbg-code.c:20:</code><br />
						
            
            <a class="navhash" href="#125">#</a>
						
              <code id="125">In file included from ./ustr-fmt.h:96:</code><br />
						
            
            <a class="navhash" href="#126">#</a>
						
              <code id="126">./ustr-fmt-internal.h:28:39: error: expected value in expression</code><br />
						
            
            <a class="navhash" href="#127">#</a>
						
              <code id="127"># if USTR_CONF_HAVE_RETARDED_VSNPRINTF</code><br />
						
            
            <a class="navhash" href="#128">#</a>
						
              <code id="128">                                      ^</code><br />
						
            
            <a class="navhash" href="#129">#</a>
						
              <code id="129">In file included from ustr-cmp-dbg-code.c:20:</code><br />
						
            
            <a class="navhash" href="#130">#</a>
						
              <code id="130">./ustr-cmp.h:192:40: warning: nonnull parameter 'buf' will evaluate to 'true' on first encounter [-Wpointer-bool-conversion]</code><br />
						
            
            <a class="navhash" href="#131">#</a>
						
              <code id="131">  USTR_ASSERT(ustr_assert_valid(s1) && buf);</code><br />
						
            
            <a class="navhash" href="#132">#</a>
						
              <code id="132">                                    ~~ ^~~</code><br />
						
            
            <a class="navhash" href="#133">#</a>
						
              <code id="133">./ustr-main.h:52:40: note: expanded from macro 'USTR_ASSERT'</code><br />
						
            
            <a class="navhash" href="#134">#</a>
						
              <code id="134">In file included from ustr-fmt-dbg-code.c:20:</code><br />
						
            
            <a class="navhash" href="#135">#</a>
						
              <code id="135">In file included from ./ustr-fmt.h:#  define USTR_ASSERT(x)        assert(x)100</code><br />
						
            
            <a class="navhash" href="#136">#</a>
						
              <code id="136">:</code><br />
						
            
            <a class="navhash" href="#137">#</a>
						
              <code id="137">                                       ^./ustr-fmt-code.h</code><br />
						
            
            <a class="navhash" href="#138">#</a>
						
              <code id="138">:9:39: /sysroot/include/assert.herror:: 8expected value in expression:</code><br />
						
            
            <a class="navhash" href="#139">#</a>
						
              <code id="139">28: note: expanded from macro 'assert'</code><br />
						
            
            <a class="navhash" href="#140">#</a>
						
              <code id="140"># if USTR_CONF_HAVE_RETARDED_VSNPRINTF</code><br />
						
            
            <a class="navhash" href="#141">#</a>
						
              <code id="141">                                      ^</code><br />
						
            
            <a class="navhash" href="#142">#</a>
						
              <code id="142">#define assert(x) ((void)((x) || (__assert_fail(#x, __FILE__, __LINE__, __func__),0)))</code><br />
						
            
            <a class="navhash" href="#143">#</a>
						
              <code id="143">                           ^</code><br />
						
            
            <a class="navhash" href="#144">#</a>
						
              <code id="144">./ustr-fmt-code.h:65:15: warning: nonnull parameter 'ps1' will evaluate to 'true' on first encounter [-Wpointer-bool-conversion]</code><br />
						
            
            <a class="navhash" href="#145">#</a>
						
              <code id="145">  USTR_ASSERT(ps1 && ustrp__assert_valid(!!p, *ps1));</code><br />
						
            
            <a class="navhash" href="#146">#</a>
						
              <code id="146">              ^~~ ~~</code><br />
						
            
            <a class="navhash" href="#147">#</a>
						
              <code id="147">./ustr-main.h:52:40: noteIn file included from : expanded from macro 'USTR_ASSERT'ustr-io-dbg-code.c</code><br />
						
            
            <a class="navhash" href="#148">#</a>
						
              <code id="148">:20:</code><br />
						
            
            <a class="navhash" href="#149">#</a>
						
              <code id="149">In file included from ./ustr-io.h:71:</code><br />
						
            
            <a class="navhash" href="#150">#</a>
						
              <code id="150">./ustr-io-code.h:187:15: warning#  define USTR_ASSERT(x)        assert(x): </code><br />
						
            
            <a class="navhash" href="#151">#</a>
						
              <code id="151">nonnull parameter 'ps1' will evaluate to 'true' on first encounter [-Wpointer-bool-conversion]                                       ^</code><br />
						
            
            <a class="navhash" href="#152">#</a>
						
              <code id="152"></code><br />
						
            
            <a class="navhash" href="#153">#</a>
						
              <code id="153">/sysroot/include/assert.h:8:28: note: expanded from macro 'assert'</code><br />
						
            
            <a class="navhash" href="#154">#</a>
						
              <code id="154">  USTR_ASSERT(ps1 && ustrp__assert_valid(!!p, *ps1) && fp);</code><br />
						
            
            <a class="navhash" href="#155">#</a>
						
              <code id="155">              ^~~ ~~</code><br />
						
            
            <a class="navhash" href="#156">#</a>
						
              <code id="156">In file included from ustr-cmp-dbg-code.c:20:</code><br />
						
            
            <a class="navhash" href="#157">#</a>
						
              <code id="157">./ustr-main.hIn file included from :./ustr-cmp.h52::20740:</code><br />
						
            
            <a class="navhash" href="#158">#</a>
						
              <code id="158">:#define assert(x) ((void)((x) || (__assert_fail(#x, __FILE__, __LINE__, __func__),0)))./ustr-cmp-code.h </code><br />
						
            
            <a class="navhash" href="#159">#</a>
						
              <code id="159">note:                           ^: 15</code><br />
						
            
            <a class="navhash" href="#160">#</a>
						
              <code id="160">expanded from macro 'USTR_ASSERT':</code><br />
						
            
            <a class="navhash" href="#161">#</a>
						
              <code id="161">40: warning: nonnull parameter 'buf' will evaluate to 'true' on first encounter [-Wpointer-bool-conversion]</code><br />
						
            
            <a class="navhash" href="#162">#</a>
						
              <code id="162">#  define USTR_ASSERT(x)        assert(x)</code><br />
						
            
            <a class="navhash" href="#163">#</a>
						
              <code id="163">                                       ^</code><br />
						
            
            <a class="navhash" href="#164">#</a>
						
              <code id="164">/sysroot/include/assert.h:  USTR_ASSERT(ustr_assert_valid(s1) && buf);8</code><br />
						
            
            <a class="navhash" href="#165">#</a>
						
              <code id="165">:                                    ~~ ^~~28</code><br />
						
            
            <a class="navhash" href="#166">#</a>
						
              <code id="166">: note: expanded from macro 'assert'</code><br />
						
            
            <a class="navhash" href="#167">#</a>
						
              <code id="167">./ustr-main.h:52:40: note: expanded from macro 'USTR_ASSERT'</code><br />
						
            
            <a class="navhash" href="#168">#</a>
						
              <code id="168">#define assert(x) ((void)((x) || (__assert_fail(#x, __FILE__, __LINE__, __func__),0)))</code><br />
						
            
            <a class="navhash" href="#169">#</a>
						
              <code id="169">                           ^</code><br />
						
            
            <a class="navhash" href="#170">#</a>
						
              <code id="170">#  define USTR_ASSERT(x)        assert(x)</code><br />
						
            
            <a class="navhash" href="#171">#</a>
						
              <code id="171">                                       ^</code><br />
						
            
            <a class="navhash" href="#172">#</a>
						
              <code id="172">In file included from /sysroot/include/assert.hustr-io-dbg-code.c::820::</code><br />
						
            
            <a class="navhash" href="#173">#</a>
						
              <code id="173">28In file included from :./ustr-io.h :note71: :</code><br />
						
            
            <a class="navhash" href="#174">#</a>
						
              <code id="174">expanded from macro 'assert'./ustr-io-code.h</code><br />
						
            
            <a class="navhash" href="#175">#</a>
						
              <code id="175">:187:56: warning: nonnull parameter 'fp' will evaluate to 'true' on first encounter [-Wpointer-bool-conversion]</code><br />
						
            
            <a class="navhash" href="#176">#</a>
						
              <code id="176">#define assert(x) ((void)((x) || (__assert_fail(#x, __FILE__, __LINE__, __func__),0)))  USTR_ASSERT(ps1 && ustrp__assert_valid(!!p, *ps1) && fp);</code><br />
						
            
            <a class="navhash" href="#177">#</a>
						
              <code id="177"></code><br />
						
            
            <a class="navhash" href="#178">#</a>
						
              <code id="178">                                                    ~~ ^~                           ^</code><br />
						
            
            <a class="navhash" href="#179">#</a>
						
              <code id="179"></code><br />
						
            
            <a class="navhash" href="#180">#</a>
						
              <code id="180">./ustr-main.h:52:40: note: expanded from macro 'USTR_ASSERT'</code><br />
						
            
            <a class="navhash" href="#181">#</a>
						
              <code id="181">#  define USTR_ASSERT(x)        assert(x)</code><br />
						
            
            <a class="navhash" href="#182">#</a>
						
              <code id="182">                                       ^</code><br />
						
            
            <a class="navhash" href="#183">#</a>
						
              <code id="183">/sysroot/include/assert.h:8:28: note: expanded from macro 'assert'</code><br />
						
            
            <a class="navhash" href="#184">#</a>
						
              <code id="184">#define assert(x) ((void)((x) || (__assert_fail(#x, __FILE__, __LINE__, __func__),0)))</code><br />
						
            
            <a class="navhash" href="#185">#</a>
						
              <code id="185">                           ^</code><br />
						
            
            <a class="navhash" href="#186">#</a>
						
              <code id="186">In file included from ustr-cmp-dbg-code.c:20:</code><br />
						
            
            <a class="navhash" href="#187">#</a>
						
              <code id="187">In file included from ./ustr-cmp.h:207:</code><br />
						
            
            <a class="navhash" href="#188">#</a>
						
              <code id="188">./ustr-cmp-code.h:85:40: warning: nonnull parameter 'buf' will evaluate to 'true' on first encounter [-Wpointer-bool-conversion]</code><br />
						
            
            <a class="navhash" href="#189">#</a>
						
              <code id="189">  USTR_ASSERT(ustr_assert_valid(s1) && buf);</code><br />
						
            
            <a class="navhash" href="#190">#</a>
						
              <code id="190">                                    ~~ ^~~</code><br />
						
            
            <a class="navhash" href="#191">#</a>
						
              <code id="191">./ustr-main.h:52:40: note: expanded from macro 'USTR_ASSERT'</code><br />
						
            
            <a class="navhash" href="#192">#</a>
						
              <code id="192">#  define USTR_ASSERT(x)        assert(x)</code><br />
						
            
            <a class="navhash" href="#193">#</a>
						
              <code id="193">                                       ^</code><br />
						
            
            <a class="navhash" href="#194">#</a>
						
              <code id="194">/sysroot/include/assert.h:8:28: note: expanded from macro 'assert'</code><br />
						
            
            <a class="navhash" href="#195">#</a>
						
              <code id="195">#define assert(x) ((void)((x) || (__assert_fail(#x, __FILE__, __LINE__, __func__),0)))</code><br />
						
            
            <a class="navhash" href="#196">#</a>
						
              <code id="196">                           ^</code><br />
						
            
            <a class="navhash" href="#197">#</a>
						
              <code id="197">In file included from ustr-cmp-dbg-code.c:20:</code><br />
						
            
            <a class="navhash" href="#198">#</a>
						
              <code id="198">In file included from ./ustr-cmp.h:6207 warning:</code><br />
						
            
            <a class="navhash" href="#199">#</a>
						
              <code id="199">s./ustr-cmp-code.h and :3125 error:s40 generated.</code><br />
						
            
            <a class="navhash" href="#200">#</a>
						
              <code id="200">: warning: nonnull parameter 'buf' will evaluate to 'true' on first encounter [-Wpointer-bool-conversion]</code><br />
						
            
            <a class="navhash" href="#201">#</a>
						
              <code id="201">  USTR_ASSERT(ustr_assert_valid(s1) && buf);</code><br />
						
            
            <a class="navhash" href="#202">#</a>
						
              <code id="202">                                    ~~ ^~~</code><br />
						
            
            <a class="navhash" href="#203">#</a>
						
              <code id="203">./ustr-main.h:52:40: note: expanded from macro 'USTR_ASSERT'</code><br />
						
            
            <a class="navhash" href="#204">#</a>
						
              <code id="204">#  define USTR_ASSERT(x)        assert(x)</code><br />
						
            
            <a class="navhash" href="#205">#</a>
						
              <code id="205">                                       ^</code><br />
						
            
            <a class="navhash" href="#206">#</a>
						
              <code id="206">/sysroot/include/assert.h:8:28: note: expanded from macro 'assert'</code><br />
						
            
            <a class="navhash" href="#207">#</a>
						
              <code id="207">#define assert(x) ((void)((x) || (__assert_fail(#x, __FILE__, __LINE__, __func__),0)))</code><br />
						
            
            <a class="navhash" href="#208">#</a>
						
              <code id="208">                           ^</code><br />
						
            
            <a class="navhash" href="#209">#</a>
						
              <code id="209">In file included from ustr-cmp-dbg-code.c:20:</code><br />
						
            
            <a class="navhash" href="#210">#</a>
						
              <code id="210">In file included from ./ustr-cmp.h:207:</code><br />
						
            
            <a class="navhash" href="#211">#</a>
						
              <code id="211">./ustr-cmp-code.h:139:40: warning: nonnull parameter 'buf' will evaluate to 'true' on first encounter [-Wpointer-bool-conversion]</code><br />
						
            
            <a class="navhash" href="#212">#</a>
						
              <code id="212">  USTR_ASSERT(ustr_assert_valid(s1) && buf);</code><br />
						
            
            <a class="navhash" href="#213">#</a>
						
              <code id="213">                                    ~~ ^~~</code><br />
						
            
            <a class="navhash" href="#214">#</a>
						
              <code id="214">./ustr-main.h:52:40: note: expanded from macro 'USTR_ASSERT'</code><br />
						
            
            <a class="navhash" href="#215">#</a>
						
              <code id="215">#  define USTR_ASSERT(x)        assert(x)</code><br />
						
            
            <a class="navhash" href="#216">#</a>
						
              <code id="216">                                       ^</code><br />
						
            
            <a class="navhash" href="#217">#</a>
						
              <code id="217">/sysroot/include/assert.h:8:28: note: expanded from macro 'assert'</code><br />
						
            
            <a class="navhash" href="#218">#</a>
						
              <code id="218">#define assert(x) ((void)((x) || (__assert_fail(#x, __FILE__, __LINE__, __func__),0)))</code><br />
						
            
            <a class="navhash" href="#219">#</a>
						
              <code id="219">                           ^</code><br />
						
            
            <a class="navhash" href="#220">#</a>
						
              <code id="220">1 warning and 5 errors generated.</code><br />
						
            
            <a class="navhash" href="#221">#</a>
						
              <code id="221">make: *** [Makefile:521: ustr-io-code-a-dbg.o] Error 1</code><br />
						
            
            <a class="navhash" href="#222">#</a>
						
              <code id="222">make: *** Waiting for unfinished jobs....</code><br />
						
            
            <a class="navhash" href="#223">#</a>
						
              <code id="223">make: *** [Makefile:521: ustr-fmt-code-a-dbg.o] Error 1</code><br />
						
            
            <a class="navhash" href="#224">#</a>
						
              <code id="224">7 warnings and 3 errors generated.</code><br />
						
            
            <a class="navhash" href="#225">#</a>
						
              <code id="225">make: *** [Makefile:521: ustr-cmp-code-a-dbg.o] Error 1</code><br />
						
            
            <a class="navhash" href="#226">#</a>
						
              <code id="226">In file included from ustr-b-dbg-code.c:11:</code><br />
						
            
            <a class="navhash" href="#227">#</a>
						
              <code id="227">./ustr-main.h:204:34: error: expected value in expression</code><br />
						
            
            <a class="navhash" href="#228">#</a>
						
              <code id="228">#if USTR_CONF_HAVE_64bit_SIZE_MAX</code><br />
						
            
            <a class="navhash" href="#229">#</a>
						
              <code id="229">                                 ^</code><br />
						
            
            <a class="navhash" href="#230">#</a>
						
              <code id="230">./ustr-main.h:327:34: error: expected value in expression</code><br />
						
            
            <a class="navhash" href="#231">#</a>
						
              <code id="231">#if USTR_CONF_HAVE_64bit_SIZE_MAX</code><br />
						
            
            <a class="navhash" href="#232">#</a>
						
              <code id="232">                                 ^</code><br />
						
            
            <a class="navhash" href="#233">#</a>
						
              <code id="233">./ustr-main.h:865:34: error: expected value in expression</code><br />
						
            
            <a class="navhash" href="#234">#</a>
						
              <code id="234">#if USTR_CONF_HAVE_64bit_SIZE_MAX</code><br />
						
            
            <a class="navhash" href="#235">#</a>
						
              <code id="235">                                 ^</code><br />
						
            
            <a class="navhash" href="#236">#</a>
						
              <code id="236">3 errors generated.</code><br />
						
            
            <a class="navhash" href="#237">#</a>
						
              <code id="237">make: *** [Makefile:521: ustr-b-code-a-dbg.o] Error 1</code><br />
						
            
            <a class="navhash" href="#238">#</a>
						
              <code id="238">==> ERROR: A failure occurred in build().</code><br />
						
            
            <a class="navhash" href="#239">#</a>
						
              <code id="239">    Aborting...</code><br />
						
            
          </div>
        
      </div>
      <br />
    
  </body>
</html>